INFO - [result dir] results/voyager_train_4o_mini
INFO - [ckpt dir] results/voyager_train_4o_mini/ckpt
INFO - DB skill doc count: 0

INFO - vectordb qa_cache_questions_vectordb doc count: 0

INFO - [train iter]: 0/100 

INFO - LM call n parse attempt 1 / 3

INFO - [Task id] 0 [prompt] 
You are a helpful assistant that asks questions to help me decide the next immediate task to do for Python programming.
My ultimate goal is to solve as many diverse problems as possible and become the best programmer in the world.

I will give you the following information:
Completed tasks so far: ...
Failed tasks that are too hard: ...

You must follow the following criteria:
1) You should ask at least 5 questions (but no more than 10 questions) to help me decide the next immediate task to do. Each question should be followed by the concept that the question is about.
2) Your question should be specific to a concept in Python programming.
  Bad example (the question is too general):
    Question: What is the best way to program in Python?
    Concept: unknown
  Good example:
    Question: How do you reverse a list?
    Concept: list
3) Your questions should be self-contained and not require any context.

Respond in JSON, and follow the keys and expected format of the values strictly.


Response format:
The output should be formatted as a JSON instance that conforms to the JSON schema below.

As an example, for the schema {"properties": {"foo": {"title": "Foo", "description": "a list of strings", "type": "array", "items": {"type": "string"}}}, "required": ["foo"]}
the object {"foo": ["bar", "baz"]} is a well-formatted instance of the schema. The object {"properties": {"foo": ["bar", "baz"]}} is not well-formatted.

Here is the output schema:
```
{"$defs": {"QuestionConcept": {"properties": {"question": {"description": "A question related to Python programming, to help me brainstorm the next immediate task to do", "title": "Question", "type": "string"}, "concept": {"description": "The Python programming concept associated with the question above", "title": "Concept", "type": "string"}}, "required": ["question", "concept"], "title": "QuestionConcept", "type": "object"}}, "properties": {"reasoning": {"description": "Reason out, step-by-step, why you picked these questions and concepts", "title": "Reasoning", "type": "string"}, "question_concept_list": {"description": "list of questions and their associated concepts", "items": {"$ref": "#/$defs/QuestionConcept"}, "title": "Question Concept List", "type": "array"}}, "required": ["reasoning", "question_concept_list"]}
```


INFO - [Task id] 0 [prompt] Completed tasks so far (do not give me these tasks again!): None

Failed tasks that are too hard: None


INFO - [Task id] 0 [generation text] 
INFO - {
    "reasoning": "Since you have not completed any tasks yet, I will focus on fundamental concepts that are essential for building a strong foundation in Python programming. The questions cover basic data structures, control flow, functions, and file handling, which are crucial for any programming task.",
    "question_concept_list": [
        {
            "question": "How do you create a list in Python?",
            "concept": "list"
        },
        {
            "question": "What is the syntax for a for loop in Python?",
            "concept": "control flow"
        },
        {
            "question": "How do you define a function in Python?",
            "concept": "functions"
        },
        {
            "question": "What is the difference between a list and a tuple in Python?",
            "concept": "data structures"
        },
        {
            "question": "How do you read from a file in Python?",
            "concept": "file handling"
        }
    ]
}
INFO - {
    "reasoning": "Since you have not completed any tasks yet, I will focus on fundamental concepts that are essential for building a strong foundation in Python programming. The questions cover basic data structures, control flow, functions, and file handling, which are crucial for any programming task.",
    "question_concept_list": [
        {
            "question": "How do you create a list in Python?",
            "concept": "list"
        },
        {
            "question": "What is the syntax for a for loop in Python?",
            "concept": "control flow"
        },
        {
            "question": "How do you define a function in Python?",
            "concept": "functions"
        },
        {
            "question": "What is the difference between a list and a tuple in Python?",
            "concept": "data structures"
        },
        {
            "question": "How do you read from a file in Python?",
            "concept": "file handling"
        }
    ]
}
INFO - LM call n parse attempt 1 / 3

INFO - [Task id] 0 [prompt] 
You are a helpful assistant that answer my question about Python programming.

I will give you the following information:
Question: ...

You will answer the question based on the context (only if available and helpful) and your own knowledge of Python programming.
1) Start your answer with "Answer: ".
2) Answer "Answer: Unknown" if you don't know the answer.

INFO - [Task id] 0 [prompt] Question: How do you create a list in Python?
INFO - [Task id] 0 [generation text] Answer: You can create a list in Python by using square brackets `[]` and separating the elements with commas. For example:

```python
my_list = [1, 2, 3, 4, 5]
```

You can also create an empty list like this:

```python
empty_list = []
```

Additionally, you can use the `list()` constructor to create a list from an iterable:

```python
my_list = list((1, 2, 3, 4, 5))  # Creating a list from a tuple
```
INFO - LM call n parse attempt 1 / 3

INFO - [Task id] 0 [prompt] 
You are a helpful assistant that answer my question about Python programming.

I will give you the following information:
Question: ...

You will answer the question based on the context (only if available and helpful) and your own knowledge of Python programming.
1) Start your answer with "Answer: ".
2) Answer "Answer: Unknown" if you don't know the answer.

INFO - [Task id] 0 [prompt] Question: What is the syntax for a for loop in Python?
INFO - [Task id] 0 [generation text] Answer: The syntax for a for loop in Python is as follows:

```python
for variable in iterable:
    # code to execute for each item
```

Here, `variable` takes the value of each item in the `iterable` (which can be a list, tuple, string, or any other iterable object) one at a time, and the indented block of code is executed for each item.
INFO - LM call n parse attempt 1 / 3

INFO - [Task id] 0 [prompt] 
You are a helpful assistant that answer my question about Python programming.

I will give you the following information:
Question: ...

You will answer the question based on the context (only if available and helpful) and your own knowledge of Python programming.
1) Start your answer with "Answer: ".
2) Answer "Answer: Unknown" if you don't know the answer.

INFO - [Task id] 0 [prompt] Question: How do you define a function in Python?
INFO - [Task id] 0 [generation text] Answer: In Python, you define a function using the `def` keyword followed by the function name and parentheses. Inside the parentheses, you can specify parameters. The function body is indented and contains the code that will be executed when the function is called. Here is the basic syntax:

```python
def function_name(parameters):
    # function body
    # code to execute
    return value  # optional
```

For example:

```python
def greet(name):
    return f"Hello, {name}!"
```

You can call this function by using its name and passing the required arguments:

```python
print(greet("Alice"))  # Output: Hello, Alice!
```
INFO - LM call n parse attempt 1 / 3

INFO - [Task id] 0 [prompt] 
You are a helpful assistant that answer my question about Python programming.

I will give you the following information:
Question: ...

You will answer the question based on the context (only if available and helpful) and your own knowledge of Python programming.
1) Start your answer with "Answer: ".
2) Answer "Answer: Unknown" if you don't know the answer.

INFO - [Task id] 0 [prompt] Question: What is the difference between a list and a tuple in Python?
INFO - [Task id] 0 [generation text] Answer: The main differences between a list and a tuple in Python are:

1. **Mutability**: Lists are mutable, meaning you can change their content (add, remove, or modify elements) after they are created. Tuples, on the other hand, are immutable, which means once a tuple is created, you cannot change its content.

2. **Syntax**: Lists are defined using square brackets `[]`, while tuples are defined using parentheses `()`.

3. **Performance**: Tuples can be slightly more memory-efficient and faster than lists for certain operations because of their immutability.

4. **Use Cases**: Lists are generally used for collections of items that may need to be modified, while tuples are often used for fixed collections of items, such as coordinates or records, where the data should not change.

Example:
```python
# List
my_list = [1, 2, 3]
my_list.append(4)  # This is allowed

# Tuple
my_tuple = (1, 2, 3)
# my_tuple.append(4)  # This would raise an AttributeError
```

In summary, choose lists when you need a mutable sequence and tuples when you need an immutable sequence.
INFO - LM call n parse attempt 1 / 3

INFO - [Task id] 0 [prompt] 
You are a helpful assistant that answer my question about Python programming.

I will give you the following information:
Question: ...

You will answer the question based on the context (only if available and helpful) and your own knowledge of Python programming.
1) Start your answer with "Answer: ".
2) Answer "Answer: Unknown" if you don't know the answer.

INFO - [Task id] 0 [prompt] Question: How do you read from a file in Python?
INFO - [Task id] 0 [generation text] Answer: To read from a file in Python, you can use the built-in `open()` function along with methods like `read()`, `readline()`, or `readlines()`. Here’s a basic example of how to read from a file:

```python
# Open the file in read mode
with open('filename.txt', 'r') as file:
    # Read the entire content of the file
    content = file.read()
    print(content)
```

In this example, replace `'filename.txt'` with the path to your file. The `with` statement is used to ensure that the file is properly closed after its suite finishes, even if an error is raised.

You can also read the file line by line:

```python
with open('filename.txt', 'r') as file:
    for line in file:
        print(line.strip())  # strip() removes any leading/trailing whitespace
```

Or read all lines into a list:

```python
with open('filename.txt', 'r') as file:
    lines = file.readlines()
    print(lines)
```

These methods allow you to access the contents of a file in various ways depending on your needs.
INFO - LM call n parse attempt 1 / 5

INFO - [Task id] 0 [prompt] 
You are a helpful assistant that tells me the next immediate task (in the form of a function) to do for Python programming. 
My ultimate goal is to solve as many diverse problems as possible and become the best programmer in the world.

I will give you the following information:
Question 1: ...
Answer: ...
Question 2: ...
Answer: ...
Question 3: ...
Answer: ...
...
Completed tasks so far: ...
Failed tasks that are too hard: ...

You must follow the following criteria:
1) You should act as a mentor and guide me to the next task based on my current learning progress. As a rule of thumb, guide me through beginner problems, followed by interview level problems, followed by competitive programming problems. The latter 2 levels can involve concepts from data structures and algorithms.
2) Please be very specific about what skills I need to learn.
3) Do not propose multiple tasks at the same time. Do not mention anything else.
4) The next task should not be too hard since I may not have learned enough skills to complete it yet.
5) The next task should be novel and interesting. I should look for problems which I have not solved yet. I should not be doing the same thing over and over again.
6) The task should involve writing a main Python function that at most use basic libraries (try not to import too many or too advanced modules)
7) Do not give tasks that require file operations (create, read, update, delete) or an internet connection.
8) I am only allowed to write Python functions, so do not require me to write other things (e.g. objects). 
9) Requiring me to write a function that takes in an object and uses object methods is still ok, but I cannot define the objects myself. You must provide the objects as input to my function in the assert statement.

Take note of these in your response:
1) Give an expected function name for the task.
2) Give a tuple of 3 assert statements that tests the function's correctness in the "test_tuple" field. This must strictly contain single-line assert statements only; any setup code for the test must be filled in the "test_setup_code" field.
3) The function name which you gave must be called in the assert statements. 

Respond in JSON, and follow the keys and expected format of the values strictly.


Response format:
The output should be formatted as a JSON instance that conforms to the JSON schema below.

As an example, for the schema {"properties": {"foo": {"title": "Foo", "description": "a list of strings", "type": "array", "items": {"type": "string"}}}, "required": ["foo"]}
the object {"foo": ["bar", "baz"]} is a well-formatted instance of the schema. The object {"properties": {"foo": ["bar", "baz"]}} is not well-formatted.

Here is the output schema:
```
{"properties": {"reasoning": {"description": "Based on the information listed above, reason about what the next task should be.", "title": "Reasoning", "type": "string"}, "task": {"description": "The next task, which requires me to write a single function. Be sure to state the expected data structure for inputs and outputs.", "title": "Task", "type": "string"}, "gt_fn_name": {"description": "The expected name for the single function for the task", "title": "Gt Fn Name", "type": "string"}, "test_setup_code": {"description": "setup code, if required. This will be run just before the assert statements are executed.", "title": "Test Setup Code", "type": "string"}, "test_tuple": {"description": "Tuple of 3 SINGLE-LINE test cases that starts with 'assert' to test the function's correctness.Any extra required code should be written in the test_setup_code field.", "items": {"type": "string"}, "maxItems": 3, "minItems": 3, "prefixItems": [{"type": "string"}, {"type": "string"}, {"type": "string"}], "title": "Test Tuple", "type": "array"}}, "required": ["reasoning", "task", "gt_fn_name", "test_setup_code", "test_tuple"]}
```


INFO - [Task id] 0 [prompt] 
Here's an example response:
{
    "reasoning": "The student has shown proficiency in basic Python syntax and list manipulation, but struggles with problems involving more complex algorithms and data structures. This task will help them practice using sets or dictionaries for efficient lookups, and understand the concept of algorithmic complexity.",
    "task": "Write a Python function that takes a list of integers and returns the tuple of two numbers that sum up to zero. If no such pair exists, return None.",
    "gt_fn_name": "find_zero_sum",
    "test_setup_code": "",
    "test_tuple": [
        "assert find_zero_sum([1, 2, 3, -2, -1]) == (2, -2)",
        "assert find_zero_sum([1, 2, 3, 4, 5]) == None",
        "assert find_zero_sum([1, 4, 3, -4, -1]) == (4, -4)"
    ]
}

INFO - [Task id] 0 [prompt] Question 1: How do you create a list in Python?
Answer: You can create a list in Python by using square brackets `[]` and separating the elements with commas. For example:

```python
my_list = [1, 2, 3, 4, 5]
```

You can also create an empty list like this:

```python
empty_list = []
```

Additionally, you can use the `list()` constructor to create a list from an iterable:

```python
my_list = list((1, 2, 3, 4, 5))  # Creating a list from a tuple
```

Question 2: What is the syntax for a for loop in Python?
Answer: The syntax for a for loop in Python is as follows:

```python
for variable in iterable:
    # code to execute for each item
```

Here, `variable` takes the value of each item in the `iterable` (which can be a list, tuple, string, or any other iterable object) one at a time, and the indented block of code is executed for each item.

Question 3: How do you define a function in Python?
Answer: In Python, you define a function using the `def` keyword followed by the function name and parentheses. Inside the parentheses, you can specify parameters. The function body is indented and contains the code that will be executed when the function is called. Here is the basic syntax:

```python
def function_name(parameters):
    # function body
    # code to execute
    return value  # optional
```

For example:

```python
def greet(name):
    return f"Hello, {name}!"
```

You can call this function by using its name and passing the required arguments:

```python
print(greet("Alice"))  # Output: Hello, Alice!
```

Question 4: What is the difference between a list and a tuple in Python?
Answer: The main differences between a list and a tuple in Python are:

1. **Mutability**: Lists are mutable, meaning you can change their content (add, remove, or modify elements) after they are created. Tuples, on the other hand, are immutable, which means once a tuple is created, you cannot change its content.

2. **Syntax**: Lists are defined using square brackets `[]`, while tuples are defined using parentheses `()`.

3. **Performance**: Tuples can be slightly more memory-efficient and faster than lists for certain operations because of their immutability.

4. **Use Cases**: Lists are generally used for collections of items that may need to be modified, while tuples are often used for fixed collections of items, such as coordinates or records, where the data should not change.

Example:
```python
# List
my_list = [1, 2, 3]
my_list.append(4)  # This is allowed

# Tuple
my_tuple = (1, 2, 3)
# my_tuple.append(4)  # This would raise an AttributeError
```

In summary, choose lists when you need a mutable sequence and tuples when you need an immutable sequence.

Question 5: How do you read from a file in Python?
Answer: To read from a file in Python, you can use the built-in `open()` function along with methods like `read()`, `readline()`, or `readlines()`. Here’s a basic example of how to read from a file:

```python
# Open the file in read mode
with open('filename.txt', 'r') as file:
    # Read the entire content of the file
    content = file.read()
    print(content)
```

In this example, replace `'filename.txt'` with the path to your file. The `with` statement is used to ensure that the file is properly closed after its suite finishes, even if an error is raised.

You can also read the file line by line:

```python
with open('filename.txt', 'r') as file:
    for line in file:
        print(line.strip())  # strip() removes any leading/trailing whitespace
```

Or read all lines into a list:

```python
with open('filename.txt', 'r') as file:
    lines = file.readlines()
    print(lines)
```

These methods allow you to access the contents of a file in various ways depending on your needs.

Completed tasks so far (do not give me these tasks again!): None

Failed tasks that are too hard: None


INFO - [Task id] 0 [generation text] 
INFO - {
    "reasoning": "The student has demonstrated a good understanding of basic Python concepts such as lists, loops, and function definitions. The next task should involve a simple problem that requires them to manipulate lists, which will help reinforce their understanding of these concepts. A task that involves finding unique elements in a list will introduce them to set operations, which is a useful skill in programming.",
    "task": "Write a Python function that takes a list of integers and returns a list of unique integers from that list.",
    "gt_fn_name": "unique_integers",
    "test_setup_code": "",
    "test_tuple": [
        "assert unique_integers([1, 2, 2, 3, 4]) == [1, 2, 3, 4]",
        "assert unique_integers([1, 1, 1, 1]) == [1]",
        "assert unique_integers([]) == []"
    ]
}
INFO - {
    "reasoning": "The student has demonstrated a good understanding of basic Python concepts such as lists, loops, and function definitions. The next task should involve a simple problem that requires them to manipulate lists, which will help reinforce their understanding of these concepts. A task that involves finding unique elements in a list will introduce them to set operations, which is a useful skill in programming.",
    "task": "Write a Python function that takes a list of integers and returns a list of unique integers from that list.",
    "gt_fn_name": "unique_integers",
    "test_setup_code": "",
    "test_tuple": [
        "assert unique_integers([1, 2, 2, 3, 4]) == [1, 2, 3, 4]",
        "assert unique_integers([1, 1, 1, 1]) == [1]",
        "assert unique_integers([]) == []"
    ]
}
INFO - The task prompt is Write a Python function that takes a list of integers and returns a list of unique integers from that list.
You must strictly follow the function name: unique_integers

INFO - LM call n parse attempt 1 / 3

INFO - [Task id] 0 [prompt] 
You are a helpful assistant that answer my question about Python programming.

I will give you the following information:
Question: ...

You will answer the question based on the context (only if available and helpful) and your own knowledge of Python programming.
1) Start your answer with "Answer: ".
2) Answer "Answer: Unknown" if you don't know the answer.

INFO - [Task id] 0 [prompt] Question: Explain at a conceptual level, how to accomplish the below task in Python programming?
Write a Python function that takes a list of integers and returns a list of unique integers from that list.
INFO - [Task id] 0 [generation text] Answer: To accomplish the task of writing a Python function that takes a list of integers and returns a list of unique integers, you can follow these conceptual steps:

1. **Define the Function**: Start by defining a function that accepts a list of integers as an argument.

2. **Use a Set for Uniqueness**: Utilize a set to store the integers. Sets automatically handle duplicates, meaning that when you add elements to a set, only unique elements are retained.

3. **Convert Back to List**: After adding all integers from the input list to the set, convert the set back to a list to return the result in the desired format.

4. **Return the Result**: Finally, return the list of unique integers.

Here’s a simple outline of how the function might look in code:

```python
def unique_integers(int_list):
    unique_set = set(int_list)  # Step 2: Create a set from the list
    return list(unique_set)      # Step 3: Convert the set back to a list
```

This function will take care of removing duplicates and returning only the unique integers from the input list.
INFO - Attempting task_id 0
INFO - [35m Rollout attempt 1/4[0m
INFO - LM call n parse attempt 1 / 3

INFO - [Task id] 0 [prompt] You are a helpful assistant that writes python code to solve a task specified by me.

Here are some useful functions written earlier which you can reuse or reference.

None





At each round of conversation, I will give you
[Environment feedback] (after executing code) ...
[Code from the last round] ...
[Task] ...
[Context] ...
[Critique] ...

You should then respond to me with
Explain (if applicable): Are there any steps missing in your plan? Why does the code not complete the task? What does the chat log and execution error imply?
Plan: How to complete the task step by step. 
Code:
    1) Reuse or reference the above useful programs if necessary.
    2) Your function will be reused for building more complex functions. Therefore, you should make it generic and reusable. 
    3) Functions in the "Code from the last round" section will not be saved or executed. Do not reuse functions listed there.
    4) Anything defined outside a function will be ignored, define all your variables inside your functions.
    5) Do not write infinite loops.
    6) If the task specifies a function name to be used, follow it strictly (be case sensitive!). Else, name your function in a meaningful way (can infer the task from the name).
    7) Your code should only contain elements that solve the task, so DO NOT write any assert statements / tests
    8) The context in the [Context] tag serves as a casual tip (which can be wrong) to help you on the task, but your priority is to follow instructions in the [Task] tag.

You should only respond in the format as described below:
RESPONSE FORMAT:

Explain: ...
Plan:
1) ...
2) ...
3) ...
...
Code:
```python
# helper functions (only if needed, try to avoid them)
...
# main function after the helper functions
def yourMainFunctionName(args):
  # ...

```


INFO - [Task id] 0 [prompt] [Environment feedback]
None

[Code from the last round]
No code in the first round

[Task]
Write a Python function that takes a list of integers and returns a list of unique integers from that list.
You must strictly follow the function name: unique_integers

[Context]
Rough plan to accomplish the task (can be wrong): 
Answer: To accomplish the task of writing a Python function that takes a list of integers and returns a list of unique integers, you can follow these conceptual steps:

1. **Define the Function**: Start by defining a function that accepts a list of integers as an argument.

2. **Use a Set for Uniqueness**: Utilize a set to store the integers. Sets automatically handle duplicates, meaning that when you add elements to a set, only unique elements are retained.

3. **Convert Back to List**: After adding all integers from the input list to the set, convert the set back to a list to return the result in the desired format.

4. **Return the Result**: Finally, return the list of unique integers.

Here’s a simple outline of how the function might look in code:

```python
def unique_integers(int_list):
    unique_set = set(int_list)  # Step 2: Create a set from the list
    return list(unique_set)      # Step 3: Convert the set back to a list
```

This function will take care of removing duplicates and returning only the unique integers from the input list.


[Critique]
None


INFO - [Task id] 0 [generation text] Explain: The rough plan provided is correct and outlines the necessary steps to achieve the task of returning unique integers from a list. The use of a set to filter out duplicates is an efficient approach, and converting the set back to a list is the right way to return the result in the required format.

Plan:
1) Define the function `unique_integers` that takes a list of integers as an argument.
2) Create a set from the input list to automatically filter out duplicate integers.
3) Convert the set back to a list to prepare the final output.
4) Return the list of unique integers.

Code:
```python
def unique_integers(int_list):
    unique_set = set(int_list)  # Step 2: Create a set from the list
    return list(unique_set)      # Step 3: Convert the set back to a list
```
INFO - program_code:
 

def unique_integers(int_list):
    unique_set = set(int_list)
    return list(unique_set)


INFO - program_name:
 unique_integers

INFO - dependencies:
 []

INFO - raw_msg:
 Explain: The rough plan provided is correct and outlines the necessary steps to achieve the task of returning unique integers from a list. The use of a set to filter out duplicates is an efficient approach, and converting the set back to a list is the right way to return the result in the required format.

Plan:
1) Define the function `unique_integers` that takes a list of integers as an argument.
2) Create a set from the input list to automatically filter out duplicate integers.
3) Convert the set back to a list to prepare the final output.
4) Return the list of unique integers.

Code:
```python
def unique_integers(int_list):
    unique_set = set(int_list)  # Step 2: Create a set from the list
    return list(unique_set)      # Step 3: Convert the set back to a list
```

INFO - no_parent:
 True

INFO - full code to be executed: 
 

def unique_integers(int_list):
    unique_set = set(int_list)
    return list(unique_set)


INFO - obs: Tests passed:
assert unique_integers([1, 2, 2, 3, 4]) == [1, 2, 3, 4]
assert unique_integers([1, 1, 1, 1]) == [1]
assert unique_integers([]) == []

Tests failed:
None
reward: True
done: None
info: {'individual_results': (True, True, True)}
INFO - LM call n parse attempt 1 / 5

INFO - [Task id] 0 [prompt] 
You are a Python programming assistant that assesses my progress of Python programming and provides useful guidance.

I will give you the following information:

[Task]: The objective I need to accomplish.
[Context]: The context of the task. Serves as a casual tip (which can be wrong) to help me on the task, but my priority is to follow instructions in the Task tag.
[function impl]: My function implementation that is intended to complete the task
[unit test results]: The results after executing my function implementation on the unit tests

Your first goal is to use these info to evaluate if I have met the task requirements, and explain why. 
It is possible that the unit test results all pass, but the code does not accomplish the task (eg by failing to accomplish the task in scenarios not covered by the unit tests)
It is also possible that the unit tests are wrong in the first place, though the code accomplishes the task and fails the unit test.

If I have not met the task requirements, write a few sentences to explain why the function implementation is wrong as indicated by the tests. 
You will need this as guidance when you try again later.
Only provide the few sentence description in your answer, not the implementation. 
Suggest how the function implementation can be changed, NOT the test cases (assert statements)

You should only respond in JSON format as described below:
The output should be formatted as a JSON instance that conforms to the JSON schema below.

As an example, for the schema {"properties": {"foo": {"title": "Foo", "description": "a list of strings", "type": "array", "items": {"type": "string"}}}, "required": ["foo"]}
the object {"foo": ["bar", "baz"]} is a well-formatted instance of the schema. The object {"properties": {"foo": ["bar", "baz"]}} is not well-formatted.

Here is the output schema:
```
{"description": "Represents the critique of a task attempt, including reasoning, success status, and suggestions for improvement.\n\nAttributes:\n    reasoning (str): Explanation of why the task was succeeded or failed.\n    success (bool): Indicates whether the task requirements were met.\n    critique (str): Suggestions or critique to help improve future task attempts.", "properties": {"reasoning": {"description": "reason why I have succeeded or failed at the task", "title": "Reasoning", "type": "string"}, "success": {"description": "evaluate if I have met the task requirements", "title": "Success", "type": "boolean"}, "critique": {"description": "critique to help me improve", "title": "Critique", "type": "string"}}, "required": ["reasoning", "success", "critique"]}
```

INFO - [Task id] 0 [prompt] 
Here are some examples:

Example 1:
[function impl]:
```python
def longest_subarray_with_sum_limit(nums: List[int], target: int) -> List[int]:
    n = len(nums)
    left, right = 0, 0
    max_length = 0
    current_sum = 0
    result = []
    while right < n:
        current_sum += nums[right]
        while current_sum > target:
            current_sum -= nums[left]
            left += 1
        if right - left + 1 >= max_length:
            max_length = right - left + 1
            result = nums[left:right+1]
        right += 1
    return result
```
[unit test results]:
Tests passing:
assert longest_subarray_with_sum_limit([1, 2, 3, 4, 5], 8) == [1, 2, 3]
assert longest_subarray_with_sum_limit([1, 2, 3, 4, 5], 15) == [1, 2, 3, 4, 5]
assert longest_subarray_with_sum_limit([1, -1, 2, -2, 3, -3], 2) == [1, -1, 2, -2, 3]
assert longest_subarray_with_sum_limit([], 10) == []
assert longest_subarray_with_sum_limit([], 0) == []
assert longest_subarray_with_sum_limit([], -5) == []  
Tests failing:
assert longest_subarray_with_sum_limit([5, 6, 7, 8, 9], 4) == [] # output: [5]

RESPONSE:
{
    "reasoning": "The implementation failed the test case where no subarray fulfills the condition",
    "success": false,
    "critique": "The issue in the implementation is due to the use of >= instead of > in the condition to update the result. Because of this, it returns a subarray even when the sum is greater than the target, as it still updates the result when the current subarray length is equal to the previous longest subarray length. To overcome this error, we should change the condition to only update the result when the current subarray length is strictly greater than the previous longest subarray length. This can be done by replacing >= with > in the condition."
}


Example 2:
[function impl]:
```python
def longest_subarray_with_sum_limit(nums: List[int], target: int) -> List[int]:
    n = len(nums)
    left, right = 0, 0
    max_length = 0
    current_sum = 0
    result = []
    while current_sum + nums[right] <= target:
        current_sum += nums[right]
        right += 1
    while right < n:
        current_sum += nums[right]
        while current_sum > target:
            current_sum -= nums[left]
            left += 1
        if right - left + 1 > max_length:
            max_length = right - left + 1
            result = nums[left:right+1]
        right += 1
    return result
```
[unit test results]:
Tests passing:
assert longest_subarray_with_sum_limit([], 10) == []
assert longest_subarray_with_sum_limit([], 0) == []
assert longest_subarray_with_sum_limit([], -5) == []
Tests failing:
assert longest_subarray_with_sum_limit([1, 2, 3, 4, 5], 8) == [1, 2, 3] # output: list index out of range
assert longest_subarray_with_sum_limit([1, 2, 3, 4, 5], 15) == [1, 2, 3, 4, 5] # output: list index out of range
assert longest_subarray_with_sum_limit([5, 6, 7, 8, 9], 4) == [] # output: list index out of range
assert longest_subarray_with_sum_limit([1, -1, 2, -2, 3, -3], 2) == [1, -1, 2, -2, 3] # output: list index out of range

RESPONSE:
{
    "reason": "The implementation failed 4 out of the 7 test cases due to an IndexError.",
    "success": false,
    "critique": "The issue stems from the while loop while current_sum + nums[right] <= target:, which directly accesses nums[right] without checking if right is within the bounds of the list. This results in a runtime error when right goes beyond the list length. To overcome this error, we need to add a bounds check for the right variable in the mentioned while loop. We can modify the loop condition to while right < len(nums) and current_sum + nums[right] <= target:. This change will ensure that we only access elements within the bounds of the list, thus avoiding the IndexError."
}


END OF EXAMPLES

INFO - [Task id] 0 [prompt] [Task]:
Write a Python function that takes a list of integers and returns a list of unique integers from that list.
[Context]: 
 Rough plan to accomplish the task (can be wrong): 
Answer: To accomplish the task of writing a Python function that takes a list of integers and returns a list of unique integers, you can follow these conceptual steps:

1. **Define the Function**: Start by defining a function that accepts a list of integers as an argument.

2. **Use a Set for Uniqueness**: Utilize a set to store the integers. Sets automatically handle duplicates, meaning that when you add elements to a set, only unique elements are retained.

3. **Convert Back to List**: After adding all integers from the input list to the set, convert the set back to a list to return the result in the desired format.

4. **Return the Result**: Finally, return the list of unique integers.

Here’s a simple outline of how the function might look in code:

```python
def unique_integers(int_list):
    unique_set = set(int_list)  # Step 2: Create a set from the list
    return list(unique_set)      # Step 3: Convert the set back to a list
```

This function will take care of removing duplicates and returning only the unique integers from the input list.


[function impl]:


def unique_integers(int_list):
    unique_set = set(int_list)
    return list(unique_set)

[unit test results]:
Tests passed:
assert unique_integers([1, 2, 2, 3, 4]) == [1, 2, 3, 4]
assert unique_integers([1, 1, 1, 1]) == [1]
assert unique_integers([]) == []

Tests failed:
None

INFO - [Task id] 0 [generation text] 
INFO - {
    "reasoning": "The implementation successfully meets the task requirements by correctly returning a list of unique integers from the input list. All unit tests passed without any failures, indicating that the function behaves as expected in the provided scenarios.",
    "success": true,
    "critique": "Great job! Your implementation is correct and passes all the tests. You can further enhance your function by ensuring that the order of unique integers in the output list matches the order of their first appearance in the input list, if that is a requirement."
}
INFO - {
    "reasoning": "The implementation successfully meets the task requirements by correctly returning a list of unique integers from the input list. All unit tests passed without any failures, indicating that the function behaves as expected in the provided scenarios.",
    "success": true,
    "critique": "Great job! Your implementation is correct and passes all the tests. You can further enhance your function by ensuring that the order of unique integers in the output list matches the order of their first appearance in the input list, if that is a requirement."
}
INFO - [task_id]: 0 [Result]: True
INFO - LM call n parse attempt 1 / 3

INFO - [Task id] 0 [prompt] 
You are a helpful assistant that writes a description of the given function written in the Python programming language.

1) Do not mention the function name.
2) Do not mention anything about helper functions.
3) There might be some helper functions before the main function, but you only need to describe the main function.
4) Try to summarize the function in no more than 6 sentences.
5) Your response should be a single line of text.

INFO - [Task id] 0 [prompt] 

def unique_integers(int_list):
    unique_set = set(int_list)
    return list(unique_set)


The main function is `unique_integers`.
INFO - [Task id] 0 [generation text] This function takes a list of integers as input and converts it into a set to eliminate any duplicate values. It then returns a new list containing only the unique integers from the original list. The use of a set ensures that each integer appears only once in the output. The order of the integers in the resulting list may not match their original order due to the properties of sets. This function is useful for filtering out duplicates from a collection of integers. Overall, it provides a simple way to obtain a list of unique integers from a given list.
INFO - Num Completed Tasks: 1, Num Failed Tasks: 0
