INFO - DB skill doc count: 17

INFO - [train iter]: 19/100 

INFO - LM call n parse attempt 1 / 3

INFO - [Task id] 19 [prompt] 
You are a helpful assistant that asks questions to help me decide the next immediate task to do for Python programming.
My ultimate goal is to solve as many diverse problems as possible and become the best programmer in the world.

I will give you the following information:
Completed tasks so far: ...
Failed tasks that are too hard: ...

You must follow the following criteria:
1) You should ask at least 5 questions (but no more than 10 questions) to help me decide the next immediate task to do. Each question should be followed by the concept that the question is about.
2) Your question should be specific to a concept in Python programming.
  Bad example (the question is too general):
    Question: What is the best way to program in Python?
    Concept: unknown
  Good example:
    Question: How do you reverse a list?
    Concept: list
3) Your questions should be self-contained and not require any context.

Respond in JSON, and follow the keys and expected format of the values strictly.


Response format:
The output should be formatted as a JSON instance that conforms to the JSON schema below.

As an example, for the schema {"properties": {"foo": {"title": "Foo", "description": "a list of strings", "type": "array", "items": {"type": "string"}}}, "required": ["foo"]}
the object {"foo": ["bar", "baz"]} is a well-formatted instance of the schema. The object {"properties": {"foo": ["bar", "baz"]}} is not well-formatted.

Here is the output schema:
```
{"$defs": {"QuestionConcept": {"properties": {"question": {"description": "A question related to Python programming, to help me brainstorm the next immediate task to do", "title": "Question", "type": "string"}, "concept": {"description": "The Python programming concept associated with the question above", "title": "Concept", "type": "string"}}, "required": ["question", "concept"], "title": "QuestionConcept", "type": "object"}}, "properties": {"reasoning": {"description": "Reason out, step-by-step, why you picked these questions and concepts", "title": "Reasoning", "type": "string"}, "question_concept_list": {"description": "list of questions and their associated concepts", "items": {"$ref": "#/$defs/QuestionConcept"}, "title": "Question Concept List", "type": "array"}}, "required": ["reasoning", "question_concept_list"]}
```


INFO - [Task id] 19 [prompt] Completed tasks so far (do not give me these tasks again!): 
	Write a Python function that takes a list of integers and returns a list of unique integers from that list.
	Write a Python function that takes a list of integers and returns a dictionary with the integers as keys and their counts as values.
	Write a Python function that takes two lists of integers and returns a list of integers that are present in both lists (the intersection).
	Write a Python function that takes a list of integers and returns a list of integers that are unique (appear only once) in the list.
	Write a Python function that takes a list of integers and returns a list of integers that are duplicates (appear more than once) in the list.
	Write a Python function that takes a list of integers and returns the second largest integer in the list. If the list has fewer than two unique integers, return None.
	Write a Python function that takes a list of integers and returns a new list containing only the even integers from the original list.
	Write a Python function that takes a list of integers and returns a list of integers that are greater than a given threshold value.
	Write a Python function that takes a string and returns the number of vowels in that string.
	Write a Python function that takes a string and returns a set of unique characters in that string.
	Write a Python function that takes a string and returns True if it is a palindrome (reads the same forwards and backwards), and False otherwise.
	Write a Python function that takes a string and returns a new string containing only the digits from the original string.
	Write a Python function that takes a list of strings and returns a new list containing only the strings that have a length greater than a specified threshold.
	Write a Python function that takes a list of strings and returns a new list of those strings sorted by their length in descending order.
	Write a Python function that takes a list of strings and returns a new list containing the lengths of each string in the original list.
	Write a Python function that takes a string and returns a new string with all the vowels removed.
	Write a Python function that takes a string and returns the number of distinct characters in that string.

Failed tasks that are too hard: 
	Write a Python function that takes a dictionary and returns a new dictionary with the keys and values swapped. If there are duplicate values, keep only one of the keys.
	Write a Python function that takes a dictionary and returns a new dictionary containing only the items where the value is greater than a specified threshold.


INFO - [Task id] 19 [generation text] 
INFO - {
    "reasoning": "I selected these questions to cover a variety of Python programming concepts that you haven't tackled yet. The questions focus on different data structures and functionalities, such as dictionaries, sets, and file handling, which will help you expand your skills and knowledge in Python. Additionally, they include both basic and slightly more advanced tasks to challenge you without being overwhelming.",
    "question_concept_list": [
        {
            "question": "How do you create a dictionary from two lists, one for keys and one for values?",
            "concept": "dictionary"
        },
        {
            "question": "How can you merge two dictionaries in Python?",
            "concept": "dictionary"
        },
        {
            "question": "What is the method to remove duplicates from a list while preserving the order?",
            "concept": "list"
        },
        {
            "question": "How do you read a file and return its contents as a list of lines?",
            "concept": "file handling"
        },
        {
            "question": "How can you sort a dictionary by its values in descending order?",
            "concept": "dictionary"
        }
    ]
}
INFO - {
    "reasoning": "I selected these questions to cover a variety of Python programming concepts that you haven't tackled yet. The questions focus on different data structures and functionalities, such as dictionaries, sets, and file handling, which will help you expand your skills and knowledge in Python. Additionally, they include both basic and slightly more advanced tasks to challenge you without being overwhelming.",
    "question_concept_list": [
        {
            "question": "How do you create a dictionary from two lists, one for keys and one for values?",
            "concept": "dictionary"
        },
        {
            "question": "How can you merge two dictionaries in Python?",
            "concept": "dictionary"
        },
        {
            "question": "What is the method to remove duplicates from a list while preserving the order?",
            "concept": "list"
        },
        {
            "question": "How do you read a file and return its contents as a list of lines?",
            "concept": "file handling"
        },
        {
            "question": "How can you sort a dictionary by its values in descending order?",
            "concept": "dictionary"
        }
    ]
}
INFO - LM call n parse attempt 1 / 3

INFO - [Task id] 19 [prompt] 
You are a helpful assistant that answer my question about Python programming.

I will give you the following information:
Question: ...

You will answer the question based on the context (only if available and helpful) and your own knowledge of Python programming.
1) Start your answer with "Answer: ".
2) Answer "Answer: Unknown" if you don't know the answer.

INFO - [Task id] 19 [prompt] Question: How do you read a file and return its contents as a list of lines?
INFO - [Task id] 19 [generation text] Answer: You can read a file and return its contents as a list of lines in Python using the following code:

```python
def read_file_as_lines(file_path):
    with open(file_path, 'r') as file:
        lines = file.readlines()
    return lines
```

In this code:
- The `open()` function is used to open the file in read mode (`'r'`).
- The `readlines()` method reads all the lines in the file and returns them as a list.
- The `with` statement ensures that the file is properly closed after its suite finishes, even if an error is raised.
INFO - LM call n parse attempt 1 / 3

INFO - [Task id] 19 [prompt] 
You are a helpful assistant that answer my question about Python programming.

I will give you the following information:
Question: ...

You will answer the question based on the context (only if available and helpful) and your own knowledge of Python programming.
1) Start your answer with "Answer: ".
2) Answer "Answer: Unknown" if you don't know the answer.

INFO - [Task id] 19 [prompt] Question: How can you sort a dictionary by its values in descending order?
INFO - [Task id] 19 [generation text] Answer: You can sort a dictionary by its values in descending order using the `sorted()` function along with a lambda function. Here’s an example:

```python
my_dict = {'a': 3, 'b': 1, 'c': 2}

# Sort the dictionary by values in descending order
sorted_dict = dict(sorted(my_dict.items(), key=lambda item: item[1], reverse=True))

print(sorted_dict)
```

In this example, `my_dict.items()` returns a view of the dictionary's items, `key=lambda item: item[1]` specifies that the sorting should be based on the values, and `reverse=True` sorts the values in descending order. The result is then converted back to a dictionary.
INFO - LM call n parse attempt 1 / 5

INFO - [Task id] 19 [prompt] 
You are a helpful assistant that tells me the next immediate task (in the form of a function) to do for Python programming. 
My ultimate goal is to solve as many diverse problems as possible and become the best programmer in the world.

I will give you the following information:
Question 1: ...
Answer: ...
Question 2: ...
Answer: ...
Question 3: ...
Answer: ...
...
Completed tasks so far: ...
Failed tasks that are too hard: ...

You must follow the following criteria:
1) You should act as a mentor and guide me to the next task based on my current learning progress. As a rule of thumb, guide me through beginner problems, followed by interview level problems, followed by competitive programming problems. The latter 2 levels can involve concepts from data structures and algorithms.
2) Please be very specific about what skills I need to learn.
3) Do not propose multiple tasks at the same time. Do not mention anything else.
4) The next task should not be too hard since I may not have learned enough skills to complete it yet.
5) The next task should be novel and interesting. I should look for problems which I have not solved yet. I should not be doing the same thing over and over again.
6) The task should involve writing a main Python function that at most use basic libraries (try not to import too many or too advanced modules)
7) Do not give tasks that require file operations (create, read, update, delete) or an internet connection.
8) I am only allowed to write Python functions, so do not require me to write other things (e.g. objects). 
9) Requiring me to write a function that takes in an object and uses object methods is still ok, but I cannot define the objects myself. You must provide the objects as input to my function in the assert statement.

Take note of these in your response:
1) Give an expected function name for the task.
2) Give a tuple of 3 assert statements that tests the function's correctness in the "test_tuple" field. This must strictly contain single-line assert statements only; any setup code for the test must be filled in the "test_setup_code" field.
3) The function name which you gave must be called in the assert statements. 

Respond in JSON, and follow the keys and expected format of the values strictly.


Response format:
The output should be formatted as a JSON instance that conforms to the JSON schema below.

As an example, for the schema {"properties": {"foo": {"title": "Foo", "description": "a list of strings", "type": "array", "items": {"type": "string"}}}, "required": ["foo"]}
the object {"foo": ["bar", "baz"]} is a well-formatted instance of the schema. The object {"properties": {"foo": ["bar", "baz"]}} is not well-formatted.

Here is the output schema:
```
{"properties": {"reasoning": {"description": "Based on the information listed above, reason about what the next task should be.", "title": "Reasoning", "type": "string"}, "task": {"description": "The next task, which requires me to write a single function. Be sure to state the expected data structure for inputs and outputs.", "title": "Task", "type": "string"}, "gt_fn_name": {"description": "The expected name for the single function for the task", "title": "Gt Fn Name", "type": "string"}, "test_setup_code": {"description": "setup code, if required. This will be run just before the assert statements are executed.", "title": "Test Setup Code", "type": "string"}, "test_tuple": {"description": "Tuple of 3 SINGLE-LINE test cases that starts with 'assert' to test the function's correctness.Any extra required code should be written in the test_setup_code field.", "items": {"type": "string"}, "maxItems": 3, "minItems": 3, "prefixItems": [{"type": "string"}, {"type": "string"}, {"type": "string"}], "title": "Test Tuple", "type": "array"}}, "required": ["reasoning", "task", "gt_fn_name", "test_setup_code", "test_tuple"]}
```


INFO - [Task id] 19 [prompt] 
Here's an example response:
{
    "reasoning": "The student has shown proficiency in basic Python syntax and list manipulation, but struggles with problems involving more complex algorithms and data structures. This task will help them practice using sets or dictionaries for efficient lookups, and understand the concept of algorithmic complexity.",
    "task": "Write a Python function that takes a list of integers and returns the tuple of two numbers that sum up to zero. If no such pair exists, return None.",
    "gt_fn_name": "find_zero_sum",
    "test_setup_code": "",
    "test_tuple": [
        "assert find_zero_sum([1, 2, 3, -2, -1]) == (2, -2)",
        "assert find_zero_sum([1, 2, 3, 4, 5]) == None",
        "assert find_zero_sum([1, 4, 3, -4, -1]) == (4, -4)"
    ]
}

INFO - [Task id] 19 [prompt] Question 1: How do you create a dictionary from two lists, one for keys and one for values?
Answer: You can create a dictionary from two lists in Python using the `zip()` function along with the `dict()` constructor. Here’s an example:

```python
keys = ['a', 'b', 'c']
values = [1, 2, 3]

# Create a dictionary using zip and dict
my_dict = dict(zip(keys, values))

print(my_dict)
```

This will output:

```
{'a': 1, 'b': 2, 'c': 3}
```

In this example, `zip(keys, values)` pairs each key with its corresponding value, and `dict()` converts those pairs into a dictionary.

Question 2: What is the best way to merge two dictionaries in Python?
Answer: The best way to merge two dictionaries in Python depends on the version of Python you are using. 

In Python 3.9 and later, you can use the `|` operator to merge dictionaries:

```python
dict1 = {'a': 1, 'b': 2}
dict2 = {'b': 3, 'c': 4}
merged_dict = dict1 | dict2
```

In Python 3.5 and later, you can use the `**` unpacking operator:

```python
dict1 = {'a': 1, 'b': 2}
dict2 = {'b': 3, 'c': 4}
merged_dict = {**dict1, **dict2}
```

In earlier versions of Python, you can use the `update()` method:

```python
dict1 = {'a': 1, 'b': 2}
dict2 = {'b': 3, 'c': 4}
dict1.update(dict2)
merged_dict = dict1  # dict1 is now updated
```

Choose the method that best fits your needs and the version of Python you are using.

Question 3: How do you remove duplicates from a list while preserving the order of elements?
Answer: You can remove duplicates from a list while preserving the order of elements by using a combination of a loop and a set to track seen elements. Here’s a simple way to do it:

```python
def remove_duplicates(input_list):
    seen = set()
    result = []
    for item in input_list:
        if item not in seen:
            seen.add(item)
            result.append(item)
    return result

# Example usage
my_list = [1, 2, 2, 3, 4, 4, 5]
unique_list = remove_duplicates(my_list)
print(unique_list)  # Output: [1, 2, 3, 4, 5]
```

This function iterates through the original list, adds each item to a set if it hasn't been seen before, and appends it to the result list, thus preserving the order of the first occurrences.

Question 4: How do you read a file and return its contents as a list of lines?
Answer: You can read a file and return its contents as a list of lines in Python using the following code:

```python
def read_file_as_lines(file_path):
    with open(file_path, 'r') as file:
        lines = file.readlines()
    return lines
```

In this code:
- The `open()` function is used to open the file in read mode (`'r'`).
- The `readlines()` method reads all the lines in the file and returns them as a list.
- The `with` statement ensures that the file is properly closed after its suite finishes, even if an error is raised.

Question 5: How can you sort a dictionary by its values in descending order?
Answer: You can sort a dictionary by its values in descending order using the `sorted()` function along with a lambda function. Here’s an example:

```python
my_dict = {'a': 3, 'b': 1, 'c': 2}

# Sort the dictionary by values in descending order
sorted_dict = dict(sorted(my_dict.items(), key=lambda item: item[1], reverse=True))

print(sorted_dict)
```

In this example, `my_dict.items()` returns a view of the dictionary's items, `key=lambda item: item[1]` specifies that the sorting should be based on the values, and `reverse=True` sorts the values in descending order. The result is then converted back to a dictionary.

Completed tasks so far (do not give me these tasks again!): 
	Write a Python function that takes a list of integers and returns a list of unique integers from that list.
	Write a Python function that takes a list of integers and returns a dictionary with the integers as keys and their counts as values.
	Write a Python function that takes two lists of integers and returns a list of integers that are present in both lists (the intersection).
	Write a Python function that takes a list of integers and returns a list of integers that are unique (appear only once) in the list.
	Write a Python function that takes a list of integers and returns a list of integers that are duplicates (appear more than once) in the list.
	Write a Python function that takes a list of integers and returns the second largest integer in the list. If the list has fewer than two unique integers, return None.
	Write a Python function that takes a list of integers and returns a new list containing only the even integers from the original list.
	Write a Python function that takes a list of integers and returns a list of integers that are greater than a given threshold value.
	Write a Python function that takes a string and returns the number of vowels in that string.
	Write a Python function that takes a string and returns a set of unique characters in that string.
	Write a Python function that takes a string and returns True if it is a palindrome (reads the same forwards and backwards), and False otherwise.
	Write a Python function that takes a string and returns a new string containing only the digits from the original string.
	Write a Python function that takes a list of strings and returns a new list containing only the strings that have a length greater than a specified threshold.
	Write a Python function that takes a list of strings and returns a new list of those strings sorted by their length in descending order.
	Write a Python function that takes a list of strings and returns a new list containing the lengths of each string in the original list.
	Write a Python function that takes a string and returns a new string with all the vowels removed.
	Write a Python function that takes a string and returns the number of distinct characters in that string.

Failed tasks that are too hard: 
	Write a Python function that takes a dictionary and returns a new dictionary with the keys and values swapped. If there are duplicate values, keep only one of the keys.
	Write a Python function that takes a dictionary and returns a new dictionary containing only the items where the value is greater than a specified threshold.


INFO - [Task id] 19 [generation text] 
INFO - {
    "reasoning": "The student has demonstrated a good understanding of basic Python functions and data structures. The next task will involve working with dictionaries, specifically merging them, which is a fundamental skill in Python programming. This task will help reinforce their understanding of dictionary operations and prepare them for more complex data manipulation tasks.",
    "task": "Write a Python function that takes two dictionaries and merges them. If there are duplicate keys, the values from the second dictionary should overwrite those from the first.",
    "gt_fn_name": "merge_dictionaries",
    "test_setup_code": "",
    "test_tuple": [
        "assert merge_dictionaries({'a': 1, 'b': 2}, {'b': 3, 'c': 4}) == {'a': 1, 'b': 3, 'c': 4}",
        "assert merge_dictionaries({'x': 5}, {'y': 6}) == {'x': 5, 'y': 6}",
        "assert merge_dictionaries({}, {'a': 1}) == {'a': 1}"
    ]
}
INFO - {
    "reasoning": "The student has demonstrated a good understanding of basic Python functions and data structures. The next task will involve working with dictionaries, specifically merging them, which is a fundamental skill in Python programming. This task will help reinforce their understanding of dictionary operations and prepare them for more complex data manipulation tasks.",
    "task": "Write a Python function that takes two dictionaries and merges them. If there are duplicate keys, the values from the second dictionary should overwrite those from the first.",
    "gt_fn_name": "merge_dictionaries",
    "test_setup_code": "",
    "test_tuple": [
        "assert merge_dictionaries({'a': 1, 'b': 2}, {'b': 3, 'c': 4}) == {'a': 1, 'b': 3, 'c': 4}",
        "assert merge_dictionaries({'x': 5}, {'y': 6}) == {'x': 5, 'y': 6}",
        "assert merge_dictionaries({}, {'a': 1}) == {'a': 1}"
    ]
}
INFO - The task prompt is Write a Python function that takes two dictionaries and merges them. If there are duplicate keys, the values from the second dictionary should overwrite those from the first.
You must strictly follow the function name: merge_dictionaries

INFO - LM call n parse attempt 1 / 3

INFO - [Task id] 19 [prompt] 
You are a helpful assistant that answer my question about Python programming.

I will give you the following information:
Question: ...

You will answer the question based on the context (only if available and helpful) and your own knowledge of Python programming.
1) Start your answer with "Answer: ".
2) Answer "Answer: Unknown" if you don't know the answer.

INFO - [Task id] 19 [prompt] Question: Explain at a conceptual level, how to accomplish the below task in Python programming?
Write a Python function that takes two dictionaries and merges them. If there are duplicate keys, the values from the second dictionary should overwrite those from the first.
INFO - [Task id] 19 [generation text] Answer: To accomplish the task of merging two dictionaries in Python, you can follow these conceptual steps:

1. **Define a Function**: Start by defining a function that takes two dictionaries as parameters.

2. **Merge the Dictionaries**: Use the dictionary unpacking feature available in Python (from version 3.5 onwards) to merge the dictionaries. When unpacking, if there are duplicate keys, the values from the second dictionary will overwrite those from the first.

3. **Return the Merged Dictionary**: Finally, return the newly merged dictionary.

Here is a conceptual outline of the function:

```python
def merge_dicts(dict1, dict2):
    merged_dict = {**dict1, **dict2}  # Merges dict1 and dict2
    return merged_dict
```

In this example, `dict1` is unpacked first, followed by `dict2`. If there are any overlapping keys, the values from `dict2` will take precedence, effectively overwriting those from `dict1`. 

This approach is efficient and leverages Python's built-in capabilities for handling dictionaries.
INFO - Attempting task_id 19
INFO - [35m Rollout attempt 1/4[0m
INFO - [33m Retrieving 5 entries for db: skill 
 [0m
INFO - [33m find_intersection, count_distinct_characters, find_duplicates, find_second_largest, count_occurrences[0m
INFO - LM call n parse attempt 1 / 3

INFO - [Task id] 19 [prompt] You are a helpful assistant that writes python code to solve a task specified by me.

Here are some useful functions written earlier which you can reuse or reference.


[Entry]:


    def find_intersection(list1, list2):
        set1 = set(list1)
        intersection_set = set()
        for item in list2:
            if (item in set1):
                intersection_set.add(item)
        return list(intersection_set)

[/Entry]

[Entry]:


    def count_distinct_characters(s):
        distinct_characters = set(s)
        return len(distinct_characters)

[/Entry]

[Entry]:


    def find_duplicates(int_list):
        counts = {}
        duplicates = []
        for num in int_list:
            if (num in counts):
                counts[num] += 1
            else:
                counts[num] = 1
        for (num, count) in counts.items():
            if (count > 1):
                duplicates.append(num)
        return duplicates

[/Entry]

[Entry]:


    def find_second_largest(numbers):
        unique_numbers = set(numbers)
        if (len(unique_numbers) < 2):
            return None
        sorted_numbers = sorted(unique_numbers, reverse=True)
        return sorted_numbers[1]

[/Entry]

[Entry]:


    def count_occurrences(int_list):
        counts = {}
        for num in int_list:
            if (num in counts):
                counts[num] += 1
            else:
                counts[num] = 1
        return counts

[/Entry]






At each round of conversation, I will give you
[Environment feedback] (after executing code) ...
[Code from the last round] ...
[Task] ...
[Context] ...
[Critique] ...

You should then respond to me with
Explain (if applicable): Are there any steps missing in your plan? Why does the code not complete the task? What does the chat log and execution error imply?
Plan: How to complete the task step by step. 
Code:
    1) Reuse or reference the above useful programs if necessary.
    2) Your function will be reused for building more complex functions. Therefore, you should make it generic and reusable. 
    3) Functions in the "Code from the last round" section will not be saved or executed. Do not reuse functions listed there.
    4) Anything defined outside a function will be ignored, define all your variables inside your functions.
    5) Do not write infinite loops.
    6) If the task specifies a function name to be used, follow it strictly (be case sensitive!). Else, name your function in a meaningful way (can infer the task from the name).
    7) Your code should only contain elements that solve the task, so DO NOT write any assert statements / tests
    8) The context in the [Context] tag serves as a casual tip (which can be wrong) to help you on the task, but your priority is to follow instructions in the [Task] tag.

You should only respond in the format as described below:
RESPONSE FORMAT:

Explain: ...
Plan:
1) ...
2) ...
3) ...
...
Code:
```python
# helper functions (only if needed, try to avoid them)
...
# main function after the helper functions
def yourMainFunctionName(args):
  # ...

```


INFO - [Task id] 19 [prompt] [Environment feedback]
None

[Code from the last round]
No code in the first round

[Task]
Write a Python function that takes two dictionaries and merges them. If there are duplicate keys, the values from the second dictionary should overwrite those from the first.
You must strictly follow the function name: merge_dictionaries

[Context]
Rough plan to accomplish the task (can be wrong): 
Answer: To accomplish the task of merging two dictionaries in Python, you can follow these conceptual steps:

1. **Define a Function**: Start by defining a function that takes two dictionaries as parameters.

2. **Merge the Dictionaries**: Use the dictionary unpacking feature available in Python (from version 3.5 onwards) to merge the dictionaries. When unpacking, if there are duplicate keys, the values from the second dictionary will overwrite those from the first.

3. **Return the Merged Dictionary**: Finally, return the newly merged dictionary.

Here is a conceptual outline of the function:

```python
def merge_dicts(dict1, dict2):
    merged_dict = {**dict1, **dict2}  # Merges dict1 and dict2
    return merged_dict
```

In this example, `dict1` is unpacked first, followed by `dict2`. If there are any overlapping keys, the values from `dict2` will take precedence, effectively overwriting those from `dict1`. 

This approach is efficient and leverages Python's built-in capabilities for handling dictionaries.


[Critique]
None


INFO - [Task id] 19 [generation text] Explain: The rough plan provided in the context is correct and outlines the necessary steps to merge two dictionaries while ensuring that values from the second dictionary overwrite those from the first in case of duplicate keys. The example code also demonstrates the correct use of dictionary unpacking to achieve this.

Plan:
1) Define the function `merge_dictionaries` that takes two dictionaries as parameters.
2) Use dictionary unpacking to merge the two dictionaries, ensuring that values from the second dictionary overwrite those from the first in case of duplicate keys.
3) Return the merged dictionary.

Code:
```python
def merge_dictionaries(dict1, dict2):
    merged_dict = {**dict1, **dict2}  # Merges dict1 and dict2
    return merged_dict
```
INFO - program_code:
 

def merge_dictionaries(dict1, dict2):
    merged_dict = {**dict1, **dict2}
    return merged_dict


INFO - program_name:
 merge_dictionaries

INFO - dependencies:
 []

INFO - raw_msg:
 Explain: The rough plan provided in the context is correct and outlines the necessary steps to merge two dictionaries while ensuring that values from the second dictionary overwrite those from the first in case of duplicate keys. The example code also demonstrates the correct use of dictionary unpacking to achieve this.

Plan:
1) Define the function `merge_dictionaries` that takes two dictionaries as parameters.
2) Use dictionary unpacking to merge the two dictionaries, ensuring that values from the second dictionary overwrite those from the first in case of duplicate keys.
3) Return the merged dictionary.

Code:
```python
def merge_dictionaries(dict1, dict2):
    merged_dict = {**dict1, **dict2}  # Merges dict1 and dict2
    return merged_dict
```

INFO - no_parent:
 True

INFO - full code to be executed: 
 

def merge_dictionaries(dict1, dict2):
    merged_dict = {**dict1, **dict2}
    return merged_dict


INFO - obs: Tests passed:
assert merge_dictionaries({'a': 1, 'b': 2}, {'b': 3, 'c': 4}) == {'a': 1, 'b': 3, 'c': 4}
assert merge_dictionaries({'x': 5}, {'y': 6}) == {'x': 5, 'y': 6}
assert merge_dictionaries({}, {'a': 1}) == {'a': 1}

Tests failed:
None
reward: True
done: None
info: {'individual_results': (True, True, True)}
INFO - LM call n parse attempt 1 / 5

INFO - [Task id] 19 [prompt] 
You are a Python programming assistant that assesses my progress of Python programming and provides useful guidance.

I will give you the following information:

[Task]: The objective I need to accomplish.
[Context]: The context of the task. Serves as a casual tip (which can be wrong) to help me on the task, but my priority is to follow instructions in the Task tag.
[function impl]: My function implementation that is intended to complete the task
[unit test results]: The results after executing my function implementation on the unit tests

Your first goal is to use these info to evaluate if I have met the task requirements, and explain why. 
It is possible that the unit test results all pass, but the code does not accomplish the task (eg by failing to accomplish the task in scenarios not covered by the unit tests)
It is also possible that the unit tests are wrong in the first place, though the code accomplishes the task and fails the unit test.

If I have not met the task requirements, write a few sentences to explain why the function implementation is wrong as indicated by the tests. 
You will need this as guidance when you try again later.
Only provide the few sentence description in your answer, not the implementation. 
Suggest how the function implementation can be changed, NOT the test cases (assert statements)

You should only respond in JSON format as described below:
The output should be formatted as a JSON instance that conforms to the JSON schema below.

As an example, for the schema {"properties": {"foo": {"title": "Foo", "description": "a list of strings", "type": "array", "items": {"type": "string"}}}, "required": ["foo"]}
the object {"foo": ["bar", "baz"]} is a well-formatted instance of the schema. The object {"properties": {"foo": ["bar", "baz"]}} is not well-formatted.

Here is the output schema:
```
{"description": "Represents the critique of a task attempt, including reasoning, success status, and suggestions for improvement.\n\nAttributes:\n    reasoning (str): Explanation of why the task was succeeded or failed.\n    success (bool): Indicates whether the task requirements were met.\n    critique (str): Suggestions or critique to help improve future task attempts.", "properties": {"reasoning": {"description": "reason why I have succeeded or failed at the task", "title": "Reasoning", "type": "string"}, "success": {"description": "evaluate if I have met the task requirements", "title": "Success", "type": "boolean"}, "critique": {"description": "critique to help me improve", "title": "Critique", "type": "string"}}, "required": ["reasoning", "success", "critique"]}
```

INFO - [Task id] 19 [prompt] 
Here are some examples:

Example 1:
[function impl]:
```python
def longest_subarray_with_sum_limit(nums: List[int], target: int) -> List[int]:
    n = len(nums)
    left, right = 0, 0
    max_length = 0
    current_sum = 0
    result = []
    while right < n:
        current_sum += nums[right]
        while current_sum > target:
            current_sum -= nums[left]
            left += 1
        if right - left + 1 >= max_length:
            max_length = right - left + 1
            result = nums[left:right+1]
        right += 1
    return result
```
[unit test results]:
Tests passing:
assert longest_subarray_with_sum_limit([1, 2, 3, 4, 5], 8) == [1, 2, 3]
assert longest_subarray_with_sum_limit([1, 2, 3, 4, 5], 15) == [1, 2, 3, 4, 5]
assert longest_subarray_with_sum_limit([1, -1, 2, -2, 3, -3], 2) == [1, -1, 2, -2, 3]
assert longest_subarray_with_sum_limit([], 10) == []
assert longest_subarray_with_sum_limit([], 0) == []
assert longest_subarray_with_sum_limit([], -5) == []  
Tests failing:
assert longest_subarray_with_sum_limit([5, 6, 7, 8, 9], 4) == [] # output: [5]

RESPONSE:
{
    "reasoning": "The implementation failed the test case where no subarray fulfills the condition",
    "success": false,
    "critique": "The issue in the implementation is due to the use of >= instead of > in the condition to update the result. Because of this, it returns a subarray even when the sum is greater than the target, as it still updates the result when the current subarray length is equal to the previous longest subarray length. To overcome this error, we should change the condition to only update the result when the current subarray length is strictly greater than the previous longest subarray length. This can be done by replacing >= with > in the condition."
}


Example 2:
[function impl]:
```python
def longest_subarray_with_sum_limit(nums: List[int], target: int) -> List[int]:
    n = len(nums)
    left, right = 0, 0
    max_length = 0
    current_sum = 0
    result = []
    while current_sum + nums[right] <= target:
        current_sum += nums[right]
        right += 1
    while right < n:
        current_sum += nums[right]
        while current_sum > target:
            current_sum -= nums[left]
            left += 1
        if right - left + 1 > max_length:
            max_length = right - left + 1
            result = nums[left:right+1]
        right += 1
    return result
```
[unit test results]:
Tests passing:
assert longest_subarray_with_sum_limit([], 10) == []
assert longest_subarray_with_sum_limit([], 0) == []
assert longest_subarray_with_sum_limit([], -5) == []
Tests failing:
assert longest_subarray_with_sum_limit([1, 2, 3, 4, 5], 8) == [1, 2, 3] # output: list index out of range
assert longest_subarray_with_sum_limit([1, 2, 3, 4, 5], 15) == [1, 2, 3, 4, 5] # output: list index out of range
assert longest_subarray_with_sum_limit([5, 6, 7, 8, 9], 4) == [] # output: list index out of range
assert longest_subarray_with_sum_limit([1, -1, 2, -2, 3, -3], 2) == [1, -1, 2, -2, 3] # output: list index out of range

RESPONSE:
{
    "reason": "The implementation failed 4 out of the 7 test cases due to an IndexError.",
    "success": false,
    "critique": "The issue stems from the while loop while current_sum + nums[right] <= target:, which directly accesses nums[right] without checking if right is within the bounds of the list. This results in a runtime error when right goes beyond the list length. To overcome this error, we need to add a bounds check for the right variable in the mentioned while loop. We can modify the loop condition to while right < len(nums) and current_sum + nums[right] <= target:. This change will ensure that we only access elements within the bounds of the list, thus avoiding the IndexError."
}


END OF EXAMPLES

INFO - [Task id] 19 [prompt] [Task]:
Write a Python function that takes two dictionaries and merges them. If there are duplicate keys, the values from the second dictionary should overwrite those from the first.
[Context]: 
 Rough plan to accomplish the task (can be wrong): 
Answer: To accomplish the task of merging two dictionaries in Python, you can follow these conceptual steps:

1. **Define a Function**: Start by defining a function that takes two dictionaries as parameters.

2. **Merge the Dictionaries**: Use the dictionary unpacking feature available in Python (from version 3.5 onwards) to merge the dictionaries. When unpacking, if there are duplicate keys, the values from the second dictionary will overwrite those from the first.

3. **Return the Merged Dictionary**: Finally, return the newly merged dictionary.

Here is a conceptual outline of the function:

```python
def merge_dicts(dict1, dict2):
    merged_dict = {**dict1, **dict2}  # Merges dict1 and dict2
    return merged_dict
```

In this example, `dict1` is unpacked first, followed by `dict2`. If there are any overlapping keys, the values from `dict2` will take precedence, effectively overwriting those from `dict1`. 

This approach is efficient and leverages Python's built-in capabilities for handling dictionaries.


[function impl]:


def merge_dictionaries(dict1, dict2):
    merged_dict = {**dict1, **dict2}
    return merged_dict

[unit test results]:
Tests passed:
assert merge_dictionaries({'a': 1, 'b': 2}, {'b': 3, 'c': 4}) == {'a': 1, 'b': 3, 'c': 4}
assert merge_dictionaries({'x': 5}, {'y': 6}) == {'x': 5, 'y': 6}
assert merge_dictionaries({}, {'a': 1}) == {'a': 1}

Tests failed:
None

INFO - [Task id] 19 [generation text] 
INFO - {
    "reasoning": "The implementation successfully merges two dictionaries, correctly overwriting values from the first dictionary with those from the second in cases of duplicate keys. All unit tests passed without any failures, indicating that the function meets the task requirements.",
    "success": true,
    "critique": "Great job! Your implementation is correct and efficient. You might consider adding type hints to your function signature for better clarity, like this: `def merge_dictionaries(dict1: dict, dict2: dict) -> dict:`."
}
INFO - {
    "reasoning": "The implementation successfully merges two dictionaries, correctly overwriting values from the first dictionary with those from the second in cases of duplicate keys. All unit tests passed without any failures, indicating that the function meets the task requirements.",
    "success": true,
    "critique": "Great job! Your implementation is correct and efficient. You might consider adding type hints to your function signature for better clarity, like this: `def merge_dictionaries(dict1: dict, dict2: dict) -> dict:`."
}
INFO - [task_id]: 19 [Result]: True
INFO - LM call n parse attempt 1 / 3

INFO - [Task id] 19 [prompt] 
You are a helpful assistant that writes a description of the given function written in the Python programming language.

1) Do not mention the function name.
2) Do not mention anything about helper functions.
3) There might be some helper functions before the main function, but you only need to describe the main function.
4) Try to summarize the function in no more than 6 sentences.
5) Your response should be a single line of text.

INFO - [Task id] 19 [prompt] 

def merge_dictionaries(dict1, dict2):
    merged_dict = {**dict1, **dict2}
    return merged_dict


The main function is `merge_dictionaries`.
INFO - [Task id] 19 [generation text] This function takes two dictionaries as input and merges them into a single dictionary. It combines the key-value pairs from both dictionaries, with values from the second dictionary overwriting those from the first in case of key collisions. The resulting merged dictionary is then returned. This approach allows for a straightforward and efficient way to combine data from multiple sources. The function utilizes dictionary unpacking to achieve the merge. Overall, it provides a simple solution for dictionary combination in Python.
INFO - Num Completed Tasks: 18, Num Failed Tasks: 2
