INFO - DB skill doc count: 79

INFO - [train iter]: 94/100 

INFO - LM call n parse attempt 1 / 3

INFO - [Task id] 94 [prompt] 
You are a helpful assistant that asks questions to help me decide the next immediate task to do for Python programming.
My ultimate goal is to solve as many diverse problems as possible and become the best programmer in the world.

I will give you the following information:
Completed tasks so far: ...
Failed tasks that are too hard: ...

You must follow the following criteria:
1) You should ask at least 5 questions (but no more than 10 questions) to help me decide the next immediate task to do. Each question should be followed by the concept that the question is about.
2) Your question should be specific to a concept in Python programming.
  Bad example (the question is too general):
    Question: What is the best way to program in Python?
    Concept: unknown
  Good example:
    Question: How do you reverse a list?
    Concept: list
3) Your questions should be self-contained and not require any context.

Respond in JSON, and follow the keys and expected format of the values strictly.


Response format:
The output should be formatted as a JSON instance that conforms to the JSON schema below.

As an example, for the schema {"properties": {"foo": {"title": "Foo", "description": "a list of strings", "type": "array", "items": {"type": "string"}}}, "required": ["foo"]}
the object {"foo": ["bar", "baz"]} is a well-formatted instance of the schema. The object {"properties": {"foo": ["bar", "baz"]}} is not well-formatted.

Here is the output schema:
```
{"$defs": {"QuestionConcept": {"properties": {"question": {"description": "A question related to Python programming, to help me brainstorm the next immediate task to do", "title": "Question", "type": "string"}, "concept": {"description": "The Python programming concept associated with the question above", "title": "Concept", "type": "string"}}, "required": ["question", "concept"], "title": "QuestionConcept", "type": "object"}}, "properties": {"reasoning": {"description": "Reason out, step-by-step, why you picked these questions and concepts", "title": "Reasoning", "type": "string"}, "question_concept_list": {"description": "list of questions and their associated concepts", "items": {"$ref": "#/$defs/QuestionConcept"}, "title": "Question Concept List", "type": "array"}}, "required": ["reasoning", "question_concept_list"]}
```


INFO - [Task id] 94 [prompt] Completed tasks so far (do not give me these tasks again!): 
	Write a Python function that takes a list of integers and returns a new list with the squares of all the numbers. The function should not modify the original list.
	Write a Python function that takes a list of integers and returns a new list containing only the unique elements from the original list. The order of elements in the returned list does not matter.
	Write a Python function that takes a list of integers and returns a set containing all the elements that appear more than once in the list.
	Write a Python function that calculates the factorial of a given non-negative integer. The factorial of a non-negative integer n is the product of all positive integers less than or equal to n. It is denoted by n!.
	Write a Python function that takes a string and returns True if the string is a palindrome, and False otherwise. The function should be case-insensitive and ignore all non-alphanumeric characters.
	Write a Python function that takes a dictionary and a key, and returns the value associated with the key. If the key does not exist in the dictionary, the function should return 'Key not found.'
	Write a Python function that takes a list of integers and returns the first recurring character. If there is no recurring character, return None.
	Write a Python function that takes a list of integers and returns a new list with the integers sorted in ascending order using the bubble sort algorithm.
	Write a Python function that takes a string and returns the first non-repeating character in it. If all characters repeat or the string is empty, return None.
	Write a Python function that simulates a producer-consumer scenario using a queue. The function should take a list of integers as input, where each integer represents an item produced. The function should process (consume) each item by simply printing it and then return the number of items consumed. Use a simple list to simulate the queue behavior.
	Write a Python function that takes an integer n and returns the nth Fibonacci number. The Fibonacci sequence is a series of numbers where each number is the sum of the two preceding ones, usually starting with 0 and 1. The function should use recursion to calculate the result.
	Write a Python function that takes a string and returns the length of the longest substring without repeating characters.
	Write a Python function that takes a list of strings and returns a new list with the strings sorted based on the number of vowels they contain. The sort should be in descending order, and in case of a tie, the strings should be sorted alphabetically.
	Write a Python function that takes a string and returns the character that appears the most frequently in the string. If there is a tie, return the character that appears first in the string. If the string is empty, return None.
	Write a Python function that takes a string representing a mathematical expression consisting of non-negative integers and the plus sign (+) and returns the result of the expression. The function should assume that the input is always a valid expression and that there are no spaces between numbers and operators.
	Write a Python function that takes an integer n and returns the sum of all integers from 1 to n using recursion.
	Write a Python function that takes a list of integers and returns a new list with the integers sorted in ascending order using the selection sort algorithm.
	Write a Python function that takes a string containing only '(', ')', '{', '}', '[' and ']', and determines if the input string is valid. A string is considered valid if brackets are closed in the correct order. For example, "()" and "()[]{}" are valid, but "(]" and "([)]" are not.
	Write a Python function that simulates a basic queue system. The function should take a list of integers representing people's ticket numbers and return the ticket number of the person who will be served last. Use the deque from the collections module to implement the queue.
	Write a Python function that takes two lists of integers and returns a list containing the elements that are common to both lists without duplicates. The order of the elements in the returned list does not matter.
	Write a Python function that takes a list of integers and returns the kth largest element in the list. The function should use a min-heap to efficiently find the kth largest element.
	Write a Python function that takes a list of integers and returns the length of the longest increasing subsequence in the list. The function should not modify the original list.
	Write a Python function that takes a string containing only '(', ')', '[', ']', '{', and '}', and determines if the input string is balanced. A string is balanced if all types of brackets are properly closed and nested. The function should return True if the string is balanced, and False otherwise.
	Write a Python function that takes a list of integers and a target integer. The function should return the index of the target integer in the list if it exists, or -1 if the target is not present.
	Write a Python function that takes a non-negative integer n and returns the nth number in the 'look-and-say' sequence. The 'look-and-say' sequence starts with '1' and each subsequent term is derived by describing the previous term. For example, the term after '1' is '11' (one 1), after '11' is '21' (two 1s), after '21' is '1211' (one 2, then one 1), and so on.
	Write a Python function that takes a list of integers and returns the number of distinct pairs of elements that have a difference of 2. The function should handle negative numbers as well.
	Write a Python function that takes a string and returns a dictionary where the keys are characters and the values are the number of times each character appears in the string.
	Write a Python function that takes a list of strings and returns a new list with the strings sorted in descending order based on their length. If two strings have the same length, they should be sorted alphabetically in ascending order.
	Write a Python function that takes a list of integers and returns a new list with the integers sorted in ascending order using the merge sort algorithm. The function should not modify the original list.
	Write a Python function that takes a list of integers and returns the sum of the two largest numbers in the list. The function should handle lists with at least two integers and should not modify the original list.
	Write a Python function that takes a list of integers and returns the first duplicate number for which the second occurrence has the minimal index. If there are no duplicates, return -1.
	Write a Python function that takes a list of integers and returns the product of all the elements in the list except for the current index. For each index, you should find the product of all the integers except the integer at that index, without using division. The function should return a new list with the products.
	Write a Python function that takes a list of integers and returns the most frequent integer in the list. If there is a tie, return the smallest integer among the most frequent ones. If the list is empty, return None.
	Write a Python function that takes a list of integers and returns a new list with the integers sorted in ascending order using the insertion sort algorithm. The function should not modify the original list.
	Write a Python function that takes a string containing only '(', ')', '[', ']', '{', and '}', and determines if the input string has balanced parentheses, brackets, and braces. A string is balanced if all types of brackets are correctly closed and nested. The function should return True if the string is balanced, and False otherwise.
	Write a Python function that takes a list of integers and returns a new list with each integer replaced by the greatest integer to the right of that integer in the original list. For the last element, replace it with -1. The function should not modify the original list.
	Write a Python function that takes a list of integers and returns the sum of the unique numbers in that list. For example, if the input list is [1, 2, 2, 3, 4, 4], the function should return 1 + 3 = 4.
	Write a Python function that takes a string and returns a dictionary where the keys are characters and the values are the number of times each character appears in the string. The function should ignore case and consider only alphabetic characters.
	Write a Python function that takes a list of integers and returns the index of the peak element. A peak element is an element that is greater than its neighbors. For the purposes of this problem, we'll consider the first and last elements to be peak elements if they are greater than their one neighbor. If there are multiple peak elements, return the index of any one of them.
	Write a Python function that takes a list of integers and returns the smallest positive integer (greater than 0) that does not occur in the list.
	Write a Python function that takes a list of integers and returns the smallest positive integer (greater than 0) that does not occur in the list. The function should handle lists with both positive and negative integers.
	Write a Python function that takes a list of integers and returns a dictionary where the keys are the integers and the values are the counts of how often each integer appears in the list.
	Write a Python function that takes a list of integers and returns the list of integers in reverse order. The function should not use the built-in reverse() method or [::-1] slicing. Instead, it should manually swap elements in the list.
	Write a Python function that takes two lists of integers and returns a new list containing the symmetric difference of the two lists. The symmetric difference should contain elements that are in either of the lists but not in both. The order of elements in the returned list does not matter.
	Write a Python function that takes a string and returns the number of vowels in that string. The function should be case-insensitive.
	Write a Python function that takes two strings and returns True if one string is an anagram of the other, and False otherwise. An anagram is a word or phrase formed by rearranging the letters of a different word or phrase, typically using all the original letters exactly once.
	Write a Python function that takes a string and returns True if the string is a valid IPv4 address, and False otherwise. A valid IPv4 address consists of four octets separated by dots, where each octet is a number from 0 to 255 inclusive.
	Write a Python function that takes an integer n and returns the nth prime number. The function should use a simple algorithm to find prime numbers, such as the Sieve of Eratosthenes or trial division.
	Write a Python function that takes a list of integers and returns a new list with each element being the sum of itself and all previous elements in the original list. For example, given the list [1, 2, 3, 4], the function should return [1, 3, 6, 10].
	Write a Python function that takes a list of integers and returns the number of elements that are divisible by a given divisor. The function should take two arguments: a list of integers and a non-zero divisor. The output should be an integer representing the count of divisible elements.
	Write a Python function that takes a sorted list of integers and a target integer. The function should return the index of the first occurrence of the target in the list using a binary search algorithm. If the target is not found, return -1.
	Write a Python function that takes a list of integers and returns a dictionary where each key is a unique integer from the list and the corresponding value is the number of times that integer appears in the list.
	Write a Python function that takes two lists of integers and returns a new list containing the intersection of the two lists. The intersection should contain elements that are common to both lists without duplicates. The order of the elements in the returned list does not matter.
	Write a Python function that takes an integer n and returns the nth number in the 'look-and-say' sequence. The 'look-and-say' sequence starts with '1' and each subsequent term is derived by describing the previous term. For example, the term after '1' is '11' (one 1), after '11' is '21' (two 1s), after '21' is '1211' (one 2, then one 1), and so on. The function should handle n being a positive integer greater than 0.
	Write a Python function that takes a list of integers and returns a new list containing only the elements that are prime numbers. The function should not modify the original list.
	Write a Python function that takes a list of integers and returns the sum of the two smallest numbers in the list. The function should handle lists with at least two integers and should not modify the original list.
	Write a Python function that takes a list of integers and returns a new list with each element incremented by 1. The function should not modify the original list.
	Write a Python function that performs a breadth-first search (BFS) on a graph represented as an adjacency list. The function should take two arguments: the graph as a dictionary where keys are nodes and values are lists of adjacent nodes, and the starting node. The function should return a list of nodes in the order they are visited during the BFS traversal.
	Write a Python function that takes a string and returns True if all the characters in the string are unique, and False otherwise. The function should not use any additional data structures like sets or dictionaries.
	Write a Python function that takes a sorted list of integers and a target sum. The function should return a tuple of two integers from the list that add up to the target sum. If no such pair exists, return None. This task will utilize the two-pointer technique.
	Write a Python function that performs a depth-first search (DFS) on a graph represented as an adjacency list. The function should take two arguments: the graph as a dictionary where keys are nodes and values are lists of adjacent nodes, and the starting node. The function should return a list of nodes in the order they are visited during the DFS traversal.
	Write a Python function that takes a list of integers and returns the list of integers sorted in ascending order using the quicksort algorithm. The function should not modify the original list.
	Write a Python function that takes an integer `n` and returns the minimum number of squares whose sum equals `n`. This is a classic dynamic programming problem where you need to find the least number of perfect square numbers which sum to `n`. For example, given `n = 12`, the answer should be `3` because `12 = 4 + 4 + 4`.
	Write a Python function that takes a string and returns the length of the longest substring without repeating characters. The function should use the sliding window technique to efficiently solve the problem.
	Write a Python function that takes an integer `n` and returns the minimum number of steps to reduce it to zero. In one step, you can either decrement `n` by 1 or, if `n` is even, divide `n` by 2. The function should use dynamic programming to efficiently solve the problem.
	Write a Python function that takes an integer n and returns the sum of all integers from 1 to n using recursion. The function should handle positive integers greater than 0.
	Write a Python function that takes a list of integers and returns the majority element if it exists. The majority element is the element that appears more than n/2 times in the list, where n is the size of the list. If no majority element exists, the function should return None.
	Write a Python function that takes a list of integers and an integer k, and returns the kth smallest element in the list using a min-heap. If k is larger than the number of elements in the list, return None.
	Write a Python function that takes a list of strings and returns a new list with each string reversed. The function should handle an empty list and should not modify the original list.
	Write a Python function that takes a string representing a mathematical expression consisting of non-negative integers, the minus sign (-), and the plus sign (+), and returns the result of the expression. The function should assume that the input is always a valid expression and that there are no spaces between numbers and operators.
	Write a Python function that takes a graph represented as a dictionary where keys are node labels and values are lists of tuples representing adjacent nodes and their respective distances, along with a start node label. The function should return a dictionary with the shortest distance from the start node to each other node in the graph using Dijkstra's algorithm. If a node is unreachable from the start node, it should not be included in the returned dictionary.
	Write a Python function that takes an integer `n` and returns the number of unique ways you can climb a staircase with `n` steps, given that you can take either 1 or 2 steps at a time. This is a variation of the Fibonacci sequence and can be solved using dynamic programming.
	Write a Python function that takes a graph represented as an adjacency matrix and returns a list of nodes in the order they are visited using the Breadth-First Search (BFS) algorithm. The function should start the BFS from the first node (index 0).
	Write a Python function that takes an integer `n` and returns the number of unique ways you can climb a staircase with `n` steps, given that you can take either 1 or 2 steps at a time. This is a classic dynamic programming problem that can be solved using memoization or bottom-up approach.
	Write a Python function that takes the head node of a singly linked list and returns the middle node. If the list has an even number of nodes, return the second of the two middle nodes. The function should not use any extra space, and it should complete in a single pass through the list.
	Write a Python function that takes two lists of integers and returns a set containing the symmetric difference of the two lists. The symmetric difference should contain elements that are in either of the lists but not in both. The order of elements in the returned set does not matter.
	Write a Python function that takes an integer `n` and returns the number of unique ways you can climb a staircase with `n` steps, given that you can take either 1, 2, or 3 steps at a time. Use memoization to optimize the recursive solution.
	Write a Python function that takes a list of integers and returns the element that appears the most frequently in the list. If there is a tie, return the smallest integer among the most frequent ones. If the list is empty, return None.
	Write a Python function that takes a graph represented as a dictionary where keys are node labels and values are lists of adjacent nodes, and returns a list of nodes in the order they are visited using the Depth-First Search (DFS) algorithm. The function should start the DFS from the first node provided in the dictionary.

Failed tasks that are too hard: 
	Write a Python function that takes a list of integers and returns the largest product that can be obtained by multiplying any two numbers from the list.
	Write a Python function that takes a sorted list of integers and an integer target value, and returns a tuple of two numbers from the list that add up to the target value. If no such pair exists, return None.
	Write a Python function that takes a list of strings representing a postfix expression (each element being a number or an operator) and returns the result of the expression. The function should handle the four basic arithmetic operations: addition, subtraction, multiplication, and division.
	Write a Python function that takes a list of integers and returns the length of the longest consecutive elements sequence. The sequence must be composed of consecutive integers, regardless of their order in the original list.
	Write a Python function that takes a string and returns a dictionary where each key is a unique word in the string and the corresponding value is the number of times that word appears in the string. The function should ignore case and punctuation.
	Write a Python function that takes a list of integers and returns a new list containing the difference between each adjacent pair of numbers. The output list should have one less element than the input list.
	Write a Python function that takes a list of integers and returns the maximum product of two distinct elements in the list. The function should handle lists with at least two integers.
	Write a Python function that takes a list of integers and returns the number of elements in the list that are greater than the sum of all previous elements in the list. For example, in the list [1, 2, 4, 1, 6], the elements 4 and 6 are greater than the sum of all previous elements (1+2 and 1+2+4+1, respectively).
	Write a Python function that takes a list of integers and returns the longest subarray where the difference between the maximum and minimum elements in the subarray is at most 1. The function should return the length of this subarray.
	Write a Python function that takes a string and returns the longest palindrome that can be formed by rearranging its letters. If it is not possible to form any palindrome, return an empty string.
	Write a Python function that takes a string and returns the length of the longest substring with at most two distinct characters. For example, given the string 'aabacbebebe', the longest substring with at most two distinct characters is 'cbebebe', so the function should return 7.
	Write a Python function that takes a list of integers and returns the length of the longest subarray where the sum of the elements is equal to zero. If no such subarray exists, return 0.
	Write a Python function that takes an array of non-negative integers representing the amount of time it takes to complete a task and an integer k representing the number of workers. The function should assign tasks to workers such that the time to complete all tasks is minimized assuming each worker can only work on one task at a time. The function should return the minimum time required to complete all tasks.
	Write a Python function that takes the root node of a binary tree and returns True if it is a valid binary search tree (BST), and False otherwise. A valid BST is one where for every node, the values of all the nodes in its left subtree are less than its value, and the values of all the nodes in its right subtree are greater than its value.


INFO - [Task id] 94 [generation text] 
INFO - {
    "reasoning": "I selected these questions to cover a variety of Python programming concepts that have not been tackled yet. The questions focus on different data structures, algorithms, and problem-solving techniques, which will help in building a well-rounded skill set. The concepts include sorting algorithms, string manipulation, data structures like lists and dictionaries, and algorithmic techniques such as recursion and dynamic programming.",
    "question_concept_list": [
        {
            "question": "How do you implement the quicksort algorithm in Python?",
            "concept": "sorting algorithm"
        },
        {
            "question": "What is the best way to find the longest palindrome in a string using Python?",
            "concept": "string manipulation"
        },
        {
            "question": "How can you use dynamic programming to solve the problem of finding the minimum number of squares that sum to a given integer?",
            "concept": "dynamic programming"
        },
        {
            "question": "How do you find the longest substring with at most two distinct characters in a string?",
            "concept": "string manipulation"
        },
        {
            "question": "What is the approach to determine if a binary tree is a valid binary search tree (BST) in Python?",
            "concept": "binary tree"
        }
    ]
}
INFO - {
    "reasoning": "I selected these questions to cover a variety of Python programming concepts that have not been tackled yet. The questions focus on different data structures, algorithms, and problem-solving techniques, which will help in building a well-rounded skill set. The concepts include sorting algorithms, string manipulation, data structures like lists and dictionaries, and algorithmic techniques such as recursion and dynamic programming.",
    "question_concept_list": [
        {
            "question": "How do you implement the quicksort algorithm in Python?",
            "concept": "sorting algorithm"
        },
        {
            "question": "What is the best way to find the longest palindrome in a string using Python?",
            "concept": "string manipulation"
        },
        {
            "question": "How can you use dynamic programming to solve the problem of finding the minimum number of squares that sum to a given integer?",
            "concept": "dynamic programming"
        },
        {
            "question": "How do you find the longest substring with at most two distinct characters in a string?",
            "concept": "string manipulation"
        },
        {
            "question": "What is the approach to determine if a binary tree is a valid binary search tree (BST) in Python?",
            "concept": "binary tree"
        }
    ]
}
INFO - LM call n parse attempt 1 / 3

INFO - [Task id] 94 [prompt] 
You are a helpful assistant that answer my question about Python programming.

I will give you the following information:
Question: ...

You will answer the question based on the context (only if available and helpful) and your own knowledge of Python programming.
1) Start your answer with "Answer: ".
2) Answer "Answer: Unknown" if you don't know the answer.

INFO - [Task id] 94 [prompt] Question: What is the best way to find the longest palindrome in a string using Python?
INFO - [Task id] 94 [generation text] Answer: One of the best ways to find the longest palindrome in a string using Python is to use a technique called "expand around center." This method checks for palindromes by expanding around each character (and each pair of characters) in the string. Here’s a sample implementation:

```python
def longest_palindrome(s: str) -> str:
    if not s:
        return ""

    start, end = 0, 0

    for i in range(len(s)):
        len1 = expand_around_center(s, i, i)    # Odd length palindromes
        len2 = expand_around_center(s, i, i + 1)  # Even length palindromes
        max_len = max(len1, len2)

        if max_len > end - start:
            start = i - (max_len - 1) // 2
            end = i + max_len // 2

    return s[start:end + 1]

def expand_around_center(s: str, left: int, right: int) -> int:
    while left >= 0 and right < len(s) and s[left] == s[right]:
        left -= 1
        right += 1
    return right - left - 1

# Example usage
input_string = "babad"
print(longest_palindrome(input_string))  # Output: "bab" or "aba"
```

This code defines a function `longest_palindrome` that finds the longest palindromic substring in the given string `s`. The helper function `expand_around_center` checks for palindromes by expanding outwards from the center. This approach is efficient and runs in O(n^2) time complexity, which is suitable for most practical cases.
INFO - LM call n parse attempt 1 / 3

INFO - [Task id] 94 [prompt] 
You are a helpful assistant that answer my question about Python programming.

I will give you the following information:
Question: ...

You will answer the question based on the context (only if available and helpful) and your own knowledge of Python programming.
1) Start your answer with "Answer: ".
2) Answer "Answer: Unknown" if you don't know the answer.

INFO - [Task id] 94 [prompt] Question: How can you use dynamic programming to solve the problem of finding the minimum number of squares that sum to a given integer?
INFO - [Task id] 94 [generation text] Answer: To solve the problem of finding the minimum number of perfect squares that sum to a given integer using dynamic programming, you can follow these steps:

1. **Define the Problem**: Let `n` be the given integer. We want to find the minimum number of perfect squares that sum up to `n`.

2. **Dynamic Programming Array**: Create an array `dp` where `dp[i]` will store the minimum number of perfect squares that sum to `i`. The size of this array will be `n + 1` (to include 0 to n).

3. **Base Case**: Initialize `dp[0] = 0` because zero can be represented by zero squares.

4. **Fill the DP Array**: For each integer `i` from 1 to `n`, calculate `dp[i]` as follows:
   - Initialize `dp[i]` to a large number (infinity).
   - For each perfect square `j*j` (where `j*j <= i`), update `dp[i]` using the formula:
     ```
     dp[i] = min(dp[i], dp[i - j*j] + 1)
     ```
   This means that if you can form `i - j*j` with a certain number of squares, then you can form `i` by adding one more square `j*j`.

5. **Result**: After filling the array, `dp[n]` will contain the minimum number of perfect squares that sum to `n`.

Here is a sample implementation in Python:

```python
def min_squares(n):
    # Create a DP array initialized to infinity
    dp = [float('inf')] * (n + 1)
    dp[0] = 0  # Base case

    # Fill the DP array
    for i in range(1, n + 1):
        j = 1
        while j * j <= i:
            dp[i] = min(dp[i], dp[i - j * j] + 1)
            j += 1

    return dp[n]

# Example usage
n = 12
print(min_squares(n))  # Output: 3 (4 + 4 + 4)
```

This code will efficiently compute the minimum number of perfect squares that sum to the given integer `n` using dynamic programming.
INFO - LM call n parse attempt 1 / 3

INFO - [Task id] 94 [prompt] 
You are a helpful assistant that answer my question about Python programming.

I will give you the following information:
Question: ...

You will answer the question based on the context (only if available and helpful) and your own knowledge of Python programming.
1) Start your answer with "Answer: ".
2) Answer "Answer: Unknown" if you don't know the answer.

INFO - [Task id] 94 [prompt] Question: What is the approach to determine if a binary tree is a valid binary search tree (BST) in Python?
INFO - [Task id] 94 [generation text] Answer: To determine if a binary tree is a valid binary search tree (BST) in Python, you can use a recursive approach that checks whether each node's value falls within a valid range defined by its ancestors. The key properties of a BST are that for any given node, all values in its left subtree must be less than the node's value, and all values in its right subtree must be greater than the node's value.

Here’s a common approach using a helper function that takes the current node and the valid range for its value:

```python
class TreeNode:
    def __init__(self, val=0, left=None, right=None):
        self.val = val
        self.left = left
        self.right = right

def is_valid_bst(root: TreeNode) -> bool:
    def validate(node, low=float('-inf'), high=float('inf')):
        if not node:
            return True
        if not (low < node.val < high):
            return False
        return (validate(node.left, low, node.val) and
                validate(node.right, node.val, high))
    
    return validate(root)
```

In this code:
- The `validate` function checks if the current node's value is within the specified range (`low` and `high`).
- It recursively checks the left subtree with an updated upper bound (`node.val`) and the right subtree with an updated lower bound (`node.val`).
- If all nodes satisfy the BST properties, the function returns `True`; otherwise, it returns `False`.
INFO - LM call n parse attempt 1 / 5

INFO - [Task id] 94 [prompt] 
You are a helpful assistant that tells me the next immediate task (in the form of a function) to do for Python programming. 
My ultimate goal is to solve as many diverse problems as possible and become the best programmer in the world.

I will give you the following information:
Question 1: ...
Answer: ...
Question 2: ...
Answer: ...
Question 3: ...
Answer: ...
...
Completed tasks so far: ...
Failed tasks that are too hard: ...

You must follow the following criteria:
1) You should act as a mentor and guide me to the next task based on my current learning progress. As a rule of thumb, guide me through beginner problems, followed by interview level problems, followed by competitive programming problems. The latter 2 levels can involve concepts from data structures and algorithms.
2) Please be very specific about what skills I need to learn.
3) Do not propose multiple tasks at the same time. Do not mention anything else.
4) The next task should not be too hard since I may not have learned enough skills to complete it yet.
5) The next task should be novel and interesting. I should look for problems which I have not solved yet. I should not be doing the same thing over and over again.
6) The task should involve writing a main Python function that at most use basic libraries (try not to import too many or too advanced modules)
7) Do not give tasks that require file operations (create, read, update, delete) or an internet connection.
8) I am only allowed to write Python functions, so do not require me to write other things (e.g. objects). 
9) Requiring me to write a function that takes in an object and uses object methods is still ok, but I cannot define the objects myself. You must provide the objects as input to my function in the assert statement.

Take note of these in your response:
1) Give an expected function name for the task.
2) Give a tuple of 3 assert statements that tests the function's correctness in the "test_tuple" field. This must strictly contain single-line assert statements only; any setup code for the test must be filled in the "test_setup_code" field.
3) The function name which you gave must be called in the assert statements. 

Respond in JSON, and follow the keys and expected format of the values strictly.


Response format:
The output should be formatted as a JSON instance that conforms to the JSON schema below.

As an example, for the schema {"properties": {"foo": {"title": "Foo", "description": "a list of strings", "type": "array", "items": {"type": "string"}}}, "required": ["foo"]}
the object {"foo": ["bar", "baz"]} is a well-formatted instance of the schema. The object {"properties": {"foo": ["bar", "baz"]}} is not well-formatted.

Here is the output schema:
```
{"properties": {"reasoning": {"description": "Based on the information listed above, reason about what the next task should be.", "title": "Reasoning", "type": "string"}, "task": {"description": "The next task, which requires me to write a single function. Be sure to state the expected data structure for inputs and outputs.", "title": "Task", "type": "string"}, "gt_fn_name": {"description": "The expected name for the single function for the task", "title": "Gt Fn Name", "type": "string"}, "test_setup_code": {"description": "setup code, if required. This will be run just before the assert statements are executed.", "title": "Test Setup Code", "type": "string"}, "test_tuple": {"description": "Tuple of 3 SINGLE-LINE test cases that starts with 'assert' to test the function's correctness.Any extra required code should be written in the test_setup_code field.", "items": {"type": "string"}, "maxItems": 3, "minItems": 3, "prefixItems": [{"type": "string"}, {"type": "string"}, {"type": "string"}], "title": "Test Tuple", "type": "array"}}, "required": ["reasoning", "task", "gt_fn_name", "test_setup_code", "test_tuple"]}
```


INFO - [Task id] 94 [prompt] 
Here's an example response:
{
    "reasoning": "The student has shown proficiency in basic Python syntax and list manipulation, but struggles with problems involving more complex algorithms and data structures. This task will help them practice using sets or dictionaries for efficient lookups, and understand the concept of algorithmic complexity.",
    "task": "Write a Python function that takes a list of integers and returns the tuple of two numbers that sum up to zero. If no such pair exists, return None.",
    "gt_fn_name": "find_zero_sum",
    "test_setup_code": "",
    "test_tuple": [
        "assert find_zero_sum([1, 2, 3, -2, -1]) == (2, -2)",
        "assert find_zero_sum([1, 2, 3, 4, 5]) == None",
        "assert find_zero_sum([1, 4, 3, -4, -1]) == (4, -4)"
    ]
}

INFO - [Task id] 94 [prompt] Question 1: How do you implement the quicksort algorithm in Python?
Answer: Here is a simple implementation of the quicksort algorithm in Python:

```python
def quicksort(arr):
    if len(arr) <= 1:
        return arr
    else:
        pivot = arr[len(arr) // 2]  # Choose the middle element as the pivot
        left = [x for x in arr if x < pivot]  # Elements less than the pivot
        middle = [x for x in arr if x == pivot]  # Elements equal to the pivot
        right = [x for x in arr if x > pivot]  # Elements greater than the pivot
        return quicksort(left) + middle + quicksort(right)  # Recursively sort and combine

# Example usage:
arr = [3, 6, 8, 10, 1, 2, 1]
sorted_arr = quicksort(arr)
print(sorted_arr)  # Output: [1, 1, 2, 3, 6, 8, 10]
```

This implementation uses a recursive approach to sort the array. The pivot is chosen as the middle element, and the array is partitioned into three lists: those less than the pivot, those equal to the pivot, and those greater than the pivot. The function then recursively sorts the left and right partitions and combines them with the middle list.

Question 2: What is the best way to find the longest palindrome in a string using Python?
Answer: One of the best ways to find the longest palindrome in a string using Python is to use a technique called "expand around center." This method checks for palindromes by expanding around each character (and each pair of characters) in the string. Here’s a sample implementation:

```python
def longest_palindrome(s: str) -> str:
    if not s:
        return ""

    start, end = 0, 0

    for i in range(len(s)):
        len1 = expand_around_center(s, i, i)    # Odd length palindromes
        len2 = expand_around_center(s, i, i + 1)  # Even length palindromes
        max_len = max(len1, len2)

        if max_len > end - start:
            start = i - (max_len - 1) // 2
            end = i + max_len // 2

    return s[start:end + 1]

def expand_around_center(s: str, left: int, right: int) -> int:
    while left >= 0 and right < len(s) and s[left] == s[right]:
        left -= 1
        right += 1
    return right - left - 1

# Example usage
input_string = "babad"
print(longest_palindrome(input_string))  # Output: "bab" or "aba"
```

This code defines a function `longest_palindrome` that finds the longest palindromic substring in the given string `s`. The helper function `expand_around_center` checks for palindromes by expanding outwards from the center. This approach is efficient and runs in O(n^2) time complexity, which is suitable for most practical cases.

Question 3: How can you use dynamic programming to solve the problem of finding the minimum number of squares that sum to a given integer?
Answer: To solve the problem of finding the minimum number of perfect squares that sum to a given integer using dynamic programming, you can follow these steps:

1. **Define the Problem**: Let `n` be the given integer. We want to find the minimum number of perfect squares that sum up to `n`.

2. **Dynamic Programming Array**: Create an array `dp` where `dp[i]` will store the minimum number of perfect squares that sum to `i`. The size of this array will be `n + 1` (to include 0 to n).

3. **Base Case**: Initialize `dp[0] = 0` because zero can be represented by zero squares.

4. **Fill the DP Array**: For each integer `i` from 1 to `n`, calculate `dp[i]` as follows:
   - Initialize `dp[i]` to a large number (infinity).
   - For each perfect square `j*j` (where `j*j <= i`), update `dp[i]` using the formula:
     ```
     dp[i] = min(dp[i], dp[i - j*j] + 1)
     ```
   This means that if you can form `i - j*j` with a certain number of squares, then you can form `i` by adding one more square `j*j`.

5. **Result**: After filling the array, `dp[n]` will contain the minimum number of perfect squares that sum to `n`.

Here is a sample implementation in Python:

```python
def min_squares(n):
    # Create a DP array initialized to infinity
    dp = [float('inf')] * (n + 1)
    dp[0] = 0  # Base case

    # Fill the DP array
    for i in range(1, n + 1):
        j = 1
        while j * j <= i:
            dp[i] = min(dp[i], dp[i - j * j] + 1)
            j += 1

    return dp[n]

# Example usage
n = 12
print(min_squares(n))  # Output: 3 (4 + 4 + 4)
```

This code will efficiently compute the minimum number of perfect squares that sum to the given integer `n` using dynamic programming.

Question 4: How do you find the longest substring with at most two distinct characters in a string?
Answer: To find the longest substring with at most two distinct characters in a string, you can use the sliding window technique. Here’s a step-by-step approach:

1. Initialize two pointers (left and right) to represent the current window of characters.
2. Use a dictionary to count the occurrences of characters in the current window.
3. Expand the right pointer to include more characters until you have more than two distinct characters.
4. When you have more than two distinct characters, move the left pointer to reduce the window size until you are back to two distinct characters.
5. Keep track of the maximum length of valid substrings found during this process.

Here’s a sample implementation in Python:

```python
def longest_substring_two_distinct(s: str) -> int:
    left = 0
    right = 0
    char_count = {}
    max_length = 0

    while right < len(s):
        char_count[s[right]] = char_count.get(s[right], 0) + 1
        
        while len(char_count) > 2:
            char_count[s[left]] -= 1
            if char_count[s[left]] == 0:
                del char_count[s[left]]
            left += 1
        
        max_length = max(max_length, right - left + 1)
        right += 1

    return max_length

# Example usage:
s = "eceba"
print(longest_substring_two_distinct(s))  # Output: 3 ("ece" or "ceba")
```

This code will return the length of the longest substring that contains at most two distinct characters.

Question 5: What is the approach to determine if a binary tree is a valid binary search tree (BST) in Python?
Answer: To determine if a binary tree is a valid binary search tree (BST) in Python, you can use a recursive approach that checks whether each node's value falls within a valid range defined by its ancestors. The key properties of a BST are that for any given node, all values in its left subtree must be less than the node's value, and all values in its right subtree must be greater than the node's value.

Here’s a common approach using a helper function that takes the current node and the valid range for its value:

```python
class TreeNode:
    def __init__(self, val=0, left=None, right=None):
        self.val = val
        self.left = left
        self.right = right

def is_valid_bst(root: TreeNode) -> bool:
    def validate(node, low=float('-inf'), high=float('inf')):
        if not node:
            return True
        if not (low < node.val < high):
            return False
        return (validate(node.left, low, node.val) and
                validate(node.right, node.val, high))
    
    return validate(root)
```

In this code:
- The `validate` function checks if the current node's value is within the specified range (`low` and `high`).
- It recursively checks the left subtree with an updated upper bound (`node.val`) and the right subtree with an updated lower bound (`node.val`).
- If all nodes satisfy the BST properties, the function returns `True`; otherwise, it returns `False`.

Completed tasks so far (do not give me these tasks again!): 
	Write a Python function that takes a list of integers and returns a new list with the squares of all the numbers. The function should not modify the original list.
	Write a Python function that takes a list of integers and returns a new list containing only the unique elements from the original list. The order of elements in the returned list does not matter.
	Write a Python function that takes a list of integers and returns a set containing all the elements that appear more than once in the list.
	Write a Python function that calculates the factorial of a given non-negative integer. The factorial of a non-negative integer n is the product of all positive integers less than or equal to n. It is denoted by n!.
	Write a Python function that takes a string and returns True if the string is a palindrome, and False otherwise. The function should be case-insensitive and ignore all non-alphanumeric characters.
	Write a Python function that takes a dictionary and a key, and returns the value associated with the key. If the key does not exist in the dictionary, the function should return 'Key not found.'
	Write a Python function that takes a list of integers and returns the first recurring character. If there is no recurring character, return None.
	Write a Python function that takes a list of integers and returns a new list with the integers sorted in ascending order using the bubble sort algorithm.
	Write a Python function that takes a string and returns the first non-repeating character in it. If all characters repeat or the string is empty, return None.
	Write a Python function that simulates a producer-consumer scenario using a queue. The function should take a list of integers as input, where each integer represents an item produced. The function should process (consume) each item by simply printing it and then return the number of items consumed. Use a simple list to simulate the queue behavior.
	Write a Python function that takes an integer n and returns the nth Fibonacci number. The Fibonacci sequence is a series of numbers where each number is the sum of the two preceding ones, usually starting with 0 and 1. The function should use recursion to calculate the result.
	Write a Python function that takes a string and returns the length of the longest substring without repeating characters.
	Write a Python function that takes a list of strings and returns a new list with the strings sorted based on the number of vowels they contain. The sort should be in descending order, and in case of a tie, the strings should be sorted alphabetically.
	Write a Python function that takes a string and returns the character that appears the most frequently in the string. If there is a tie, return the character that appears first in the string. If the string is empty, return None.
	Write a Python function that takes a string representing a mathematical expression consisting of non-negative integers and the plus sign (+) and returns the result of the expression. The function should assume that the input is always a valid expression and that there are no spaces between numbers and operators.
	Write a Python function that takes an integer n and returns the sum of all integers from 1 to n using recursion.
	Write a Python function that takes a list of integers and returns a new list with the integers sorted in ascending order using the selection sort algorithm.
	Write a Python function that takes a string containing only '(', ')', '{', '}', '[' and ']', and determines if the input string is valid. A string is considered valid if brackets are closed in the correct order. For example, "()" and "()[]{}" are valid, but "(]" and "([)]" are not.
	Write a Python function that simulates a basic queue system. The function should take a list of integers representing people's ticket numbers and return the ticket number of the person who will be served last. Use the deque from the collections module to implement the queue.
	Write a Python function that takes two lists of integers and returns a list containing the elements that are common to both lists without duplicates. The order of the elements in the returned list does not matter.
	Write a Python function that takes a list of integers and returns the kth largest element in the list. The function should use a min-heap to efficiently find the kth largest element.
	Write a Python function that takes a list of integers and returns the length of the longest increasing subsequence in the list. The function should not modify the original list.
	Write a Python function that takes a string containing only '(', ')', '[', ']', '{', and '}', and determines if the input string is balanced. A string is balanced if all types of brackets are properly closed and nested. The function should return True if the string is balanced, and False otherwise.
	Write a Python function that takes a list of integers and a target integer. The function should return the index of the target integer in the list if it exists, or -1 if the target is not present.
	Write a Python function that takes a non-negative integer n and returns the nth number in the 'look-and-say' sequence. The 'look-and-say' sequence starts with '1' and each subsequent term is derived by describing the previous term. For example, the term after '1' is '11' (one 1), after '11' is '21' (two 1s), after '21' is '1211' (one 2, then one 1), and so on.
	Write a Python function that takes a list of integers and returns the number of distinct pairs of elements that have a difference of 2. The function should handle negative numbers as well.
	Write a Python function that takes a string and returns a dictionary where the keys are characters and the values are the number of times each character appears in the string.
	Write a Python function that takes a list of strings and returns a new list with the strings sorted in descending order based on their length. If two strings have the same length, they should be sorted alphabetically in ascending order.
	Write a Python function that takes a list of integers and returns a new list with the integers sorted in ascending order using the merge sort algorithm. The function should not modify the original list.
	Write a Python function that takes a list of integers and returns the sum of the two largest numbers in the list. The function should handle lists with at least two integers and should not modify the original list.
	Write a Python function that takes a list of integers and returns the first duplicate number for which the second occurrence has the minimal index. If there are no duplicates, return -1.
	Write a Python function that takes a list of integers and returns the product of all the elements in the list except for the current index. For each index, you should find the product of all the integers except the integer at that index, without using division. The function should return a new list with the products.
	Write a Python function that takes a list of integers and returns the most frequent integer in the list. If there is a tie, return the smallest integer among the most frequent ones. If the list is empty, return None.
	Write a Python function that takes a list of integers and returns a new list with the integers sorted in ascending order using the insertion sort algorithm. The function should not modify the original list.
	Write a Python function that takes a string containing only '(', ')', '[', ']', '{', and '}', and determines if the input string has balanced parentheses, brackets, and braces. A string is balanced if all types of brackets are correctly closed and nested. The function should return True if the string is balanced, and False otherwise.
	Write a Python function that takes a list of integers and returns a new list with each integer replaced by the greatest integer to the right of that integer in the original list. For the last element, replace it with -1. The function should not modify the original list.
	Write a Python function that takes a list of integers and returns the sum of the unique numbers in that list. For example, if the input list is [1, 2, 2, 3, 4, 4], the function should return 1 + 3 = 4.
	Write a Python function that takes a string and returns a dictionary where the keys are characters and the values are the number of times each character appears in the string. The function should ignore case and consider only alphabetic characters.
	Write a Python function that takes a list of integers and returns the index of the peak element. A peak element is an element that is greater than its neighbors. For the purposes of this problem, we'll consider the first and last elements to be peak elements if they are greater than their one neighbor. If there are multiple peak elements, return the index of any one of them.
	Write a Python function that takes a list of integers and returns the smallest positive integer (greater than 0) that does not occur in the list.
	Write a Python function that takes a list of integers and returns the smallest positive integer (greater than 0) that does not occur in the list. The function should handle lists with both positive and negative integers.
	Write a Python function that takes a list of integers and returns a dictionary where the keys are the integers and the values are the counts of how often each integer appears in the list.
	Write a Python function that takes a list of integers and returns the list of integers in reverse order. The function should not use the built-in reverse() method or [::-1] slicing. Instead, it should manually swap elements in the list.
	Write a Python function that takes two lists of integers and returns a new list containing the symmetric difference of the two lists. The symmetric difference should contain elements that are in either of the lists but not in both. The order of elements in the returned list does not matter.
	Write a Python function that takes a string and returns the number of vowels in that string. The function should be case-insensitive.
	Write a Python function that takes two strings and returns True if one string is an anagram of the other, and False otherwise. An anagram is a word or phrase formed by rearranging the letters of a different word or phrase, typically using all the original letters exactly once.
	Write a Python function that takes a string and returns True if the string is a valid IPv4 address, and False otherwise. A valid IPv4 address consists of four octets separated by dots, where each octet is a number from 0 to 255 inclusive.
	Write a Python function that takes an integer n and returns the nth prime number. The function should use a simple algorithm to find prime numbers, such as the Sieve of Eratosthenes or trial division.
	Write a Python function that takes a list of integers and returns a new list with each element being the sum of itself and all previous elements in the original list. For example, given the list [1, 2, 3, 4], the function should return [1, 3, 6, 10].
	Write a Python function that takes a list of integers and returns the number of elements that are divisible by a given divisor. The function should take two arguments: a list of integers and a non-zero divisor. The output should be an integer representing the count of divisible elements.
	Write a Python function that takes a sorted list of integers and a target integer. The function should return the index of the first occurrence of the target in the list using a binary search algorithm. If the target is not found, return -1.
	Write a Python function that takes a list of integers and returns a dictionary where each key is a unique integer from the list and the corresponding value is the number of times that integer appears in the list.
	Write a Python function that takes two lists of integers and returns a new list containing the intersection of the two lists. The intersection should contain elements that are common to both lists without duplicates. The order of the elements in the returned list does not matter.
	Write a Python function that takes an integer n and returns the nth number in the 'look-and-say' sequence. The 'look-and-say' sequence starts with '1' and each subsequent term is derived by describing the previous term. For example, the term after '1' is '11' (one 1), after '11' is '21' (two 1s), after '21' is '1211' (one 2, then one 1), and so on. The function should handle n being a positive integer greater than 0.
	Write a Python function that takes a list of integers and returns a new list containing only the elements that are prime numbers. The function should not modify the original list.
	Write a Python function that takes a list of integers and returns the sum of the two smallest numbers in the list. The function should handle lists with at least two integers and should not modify the original list.
	Write a Python function that takes a list of integers and returns a new list with each element incremented by 1. The function should not modify the original list.
	Write a Python function that performs a breadth-first search (BFS) on a graph represented as an adjacency list. The function should take two arguments: the graph as a dictionary where keys are nodes and values are lists of adjacent nodes, and the starting node. The function should return a list of nodes in the order they are visited during the BFS traversal.
	Write a Python function that takes a string and returns True if all the characters in the string are unique, and False otherwise. The function should not use any additional data structures like sets or dictionaries.
	Write a Python function that takes a sorted list of integers and a target sum. The function should return a tuple of two integers from the list that add up to the target sum. If no such pair exists, return None. This task will utilize the two-pointer technique.
	Write a Python function that performs a depth-first search (DFS) on a graph represented as an adjacency list. The function should take two arguments: the graph as a dictionary where keys are nodes and values are lists of adjacent nodes, and the starting node. The function should return a list of nodes in the order they are visited during the DFS traversal.
	Write a Python function that takes a list of integers and returns the list of integers sorted in ascending order using the quicksort algorithm. The function should not modify the original list.
	Write a Python function that takes an integer `n` and returns the minimum number of squares whose sum equals `n`. This is a classic dynamic programming problem where you need to find the least number of perfect square numbers which sum to `n`. For example, given `n = 12`, the answer should be `3` because `12 = 4 + 4 + 4`.
	Write a Python function that takes a string and returns the length of the longest substring without repeating characters. The function should use the sliding window technique to efficiently solve the problem.
	Write a Python function that takes an integer `n` and returns the minimum number of steps to reduce it to zero. In one step, you can either decrement `n` by 1 or, if `n` is even, divide `n` by 2. The function should use dynamic programming to efficiently solve the problem.
	Write a Python function that takes an integer n and returns the sum of all integers from 1 to n using recursion. The function should handle positive integers greater than 0.
	Write a Python function that takes a list of integers and returns the majority element if it exists. The majority element is the element that appears more than n/2 times in the list, where n is the size of the list. If no majority element exists, the function should return None.
	Write a Python function that takes a list of integers and an integer k, and returns the kth smallest element in the list using a min-heap. If k is larger than the number of elements in the list, return None.
	Write a Python function that takes a list of strings and returns a new list with each string reversed. The function should handle an empty list and should not modify the original list.
	Write a Python function that takes a string representing a mathematical expression consisting of non-negative integers, the minus sign (-), and the plus sign (+), and returns the result of the expression. The function should assume that the input is always a valid expression and that there are no spaces between numbers and operators.
	Write a Python function that takes a graph represented as a dictionary where keys are node labels and values are lists of tuples representing adjacent nodes and their respective distances, along with a start node label. The function should return a dictionary with the shortest distance from the start node to each other node in the graph using Dijkstra's algorithm. If a node is unreachable from the start node, it should not be included in the returned dictionary.
	Write a Python function that takes an integer `n` and returns the number of unique ways you can climb a staircase with `n` steps, given that you can take either 1 or 2 steps at a time. This is a variation of the Fibonacci sequence and can be solved using dynamic programming.
	Write a Python function that takes a graph represented as an adjacency matrix and returns a list of nodes in the order they are visited using the Breadth-First Search (BFS) algorithm. The function should start the BFS from the first node (index 0).
	Write a Python function that takes an integer `n` and returns the number of unique ways you can climb a staircase with `n` steps, given that you can take either 1 or 2 steps at a time. This is a classic dynamic programming problem that can be solved using memoization or bottom-up approach.
	Write a Python function that takes the head node of a singly linked list and returns the middle node. If the list has an even number of nodes, return the second of the two middle nodes. The function should not use any extra space, and it should complete in a single pass through the list.
	Write a Python function that takes two lists of integers and returns a set containing the symmetric difference of the two lists. The symmetric difference should contain elements that are in either of the lists but not in both. The order of elements in the returned set does not matter.
	Write a Python function that takes an integer `n` and returns the number of unique ways you can climb a staircase with `n` steps, given that you can take either 1, 2, or 3 steps at a time. Use memoization to optimize the recursive solution.
	Write a Python function that takes a list of integers and returns the element that appears the most frequently in the list. If there is a tie, return the smallest integer among the most frequent ones. If the list is empty, return None.
	Write a Python function that takes a graph represented as a dictionary where keys are node labels and values are lists of adjacent nodes, and returns a list of nodes in the order they are visited using the Depth-First Search (DFS) algorithm. The function should start the DFS from the first node provided in the dictionary.

Failed tasks that are too hard: 
	Write a Python function that takes a list of integers and returns the largest product that can be obtained by multiplying any two numbers from the list.
	Write a Python function that takes a sorted list of integers and an integer target value, and returns a tuple of two numbers from the list that add up to the target value. If no such pair exists, return None.
	Write a Python function that takes a list of strings representing a postfix expression (each element being a number or an operator) and returns the result of the expression. The function should handle the four basic arithmetic operations: addition, subtraction, multiplication, and division.
	Write a Python function that takes a list of integers and returns the length of the longest consecutive elements sequence. The sequence must be composed of consecutive integers, regardless of their order in the original list.
	Write a Python function that takes a string and returns a dictionary where each key is a unique word in the string and the corresponding value is the number of times that word appears in the string. The function should ignore case and punctuation.
	Write a Python function that takes a list of integers and returns a new list containing the difference between each adjacent pair of numbers. The output list should have one less element than the input list.
	Write a Python function that takes a list of integers and returns the maximum product of two distinct elements in the list. The function should handle lists with at least two integers.
	Write a Python function that takes a list of integers and returns the number of elements in the list that are greater than the sum of all previous elements in the list. For example, in the list [1, 2, 4, 1, 6], the elements 4 and 6 are greater than the sum of all previous elements (1+2 and 1+2+4+1, respectively).
	Write a Python function that takes a list of integers and returns the longest subarray where the difference between the maximum and minimum elements in the subarray is at most 1. The function should return the length of this subarray.
	Write a Python function that takes a string and returns the longest palindrome that can be formed by rearranging its letters. If it is not possible to form any palindrome, return an empty string.
	Write a Python function that takes a string and returns the length of the longest substring with at most two distinct characters. For example, given the string 'aabacbebebe', the longest substring with at most two distinct characters is 'cbebebe', so the function should return 7.
	Write a Python function that takes a list of integers and returns the length of the longest subarray where the sum of the elements is equal to zero. If no such subarray exists, return 0.
	Write a Python function that takes an array of non-negative integers representing the amount of time it takes to complete a task and an integer k representing the number of workers. The function should assign tasks to workers such that the time to complete all tasks is minimized assuming each worker can only work on one task at a time. The function should return the minimum time required to complete all tasks.
	Write a Python function that takes the root node of a binary tree and returns True if it is a valid binary search tree (BST), and False otherwise. A valid BST is one where for every node, the values of all the nodes in its left subtree are less than its value, and the values of all the nodes in its right subtree are greater than its value.


INFO - [Task id] 94 [generation text] 
INFO - {
    "reasoning": "The student has successfully implemented various algorithms and solved problems involving data structures such as lists, dictionaries, and graphs. They have also worked with strings, recursion, and dynamic programming. The next task should introduce a new algorithmic concept that builds upon their existing knowledge. A suitable challenge would be to implement a function that checks if a given string is a valid IPv6 address, which involves string manipulation and understanding of hexadecimal representation.",
    "task": "Write a Python function that takes a string and returns True if the string is a valid IPv6 address, and False otherwise. A valid IPv6 address consists of eight groups of four hexadecimal digits, each group representing 16 bits. The groups are separated by colons (:). A string should only be considered a valid IPv6 address if it meets these criteria.",
    "gt_fn_name": "is_valid_ipv6",
    "test_setup_code": "",
    "test_tuple": [
        "assert is_valid_ipv6('2001:0db8:85a3:0000:0000:8a2e:0370:7334') == True",
        "assert is_valid_ipv6('2001:db8:85a3:0:0:8A2E:0370:7334') == True",
        "assert is_valid_ipv6('2001:0db8:85a3::8a2e:0370:7334') == False"
    ]
}
INFO - {
    "reasoning": "The student has successfully implemented various algorithms and solved problems involving data structures such as lists, dictionaries, and graphs. They have also worked with strings, recursion, and dynamic programming. The next task should introduce a new algorithmic concept that builds upon their existing knowledge. A suitable challenge would be to implement a function that checks if a given string is a valid IPv6 address, which involves string manipulation and understanding of hexadecimal representation.",
    "task": "Write a Python function that takes a string and returns True if the string is a valid IPv6 address, and False otherwise. A valid IPv6 address consists of eight groups of four hexadecimal digits, each group representing 16 bits. The groups are separated by colons (:). A string should only be considered a valid IPv6 address if it meets these criteria.",
    "gt_fn_name": "is_valid_ipv6",
    "test_setup_code": "",
    "test_tuple": [
        "assert is_valid_ipv6('2001:0db8:85a3:0000:0000:8a2e:0370:7334') == True",
        "assert is_valid_ipv6('2001:db8:85a3:0:0:8A2E:0370:7334') == True",
        "assert is_valid_ipv6('2001:0db8:85a3::8a2e:0370:7334') == False"
    ]
}
INFO - The task prompt is Write a Python function that takes a string and returns True if the string is a valid IPv6 address, and False otherwise. A valid IPv6 address consists of eight groups of four hexadecimal digits, each group representing 16 bits. The groups are separated by colons (:). A string should only be consi...

INFO - LM call n parse attempt 1 / 3

INFO - [Task id] 94 [prompt] 
You are a helpful assistant that answer my question about Python programming.

I will give you the following information:
Question: ...

You will answer the question based on the context (only if available and helpful) and your own knowledge of Python programming.
1) Start your answer with "Answer: ".
2) Answer "Answer: Unknown" if you don't know the answer.

INFO - [Task id] 94 [prompt] Question: Explain at a conceptual level, how to accomplish the below task in Python programming?
Write a Python function that takes a string and returns True if the string is a valid IPv6 address, and False otherwise. A valid IPv6 address consists of eight groups of four hexadecimal digits, each group representing 16 bits. The groups are separated by colons (:). A string should only be considered a valid IPv6 address if it meets these criteria.
INFO - [Task id] 94 [generation text] Answer: To accomplish the task of validating an IPv6 address in Python, you can follow these conceptual steps:

1. **Input Handling**: Define a function that takes a single string argument, which is the potential IPv6 address.

2. **Basic Structure Check**: First, check if the string contains exactly 7 colons (:) since a valid IPv6 address has 8 groups separated by colons. This can be done by counting the occurrences of colons in the string.

3. **Splitting the Address**: Use the `split` method to divide the string into groups based on the colons. This will give you a list of the groups.

4. **Group Validation**: Iterate through each group in the list:
   - Ensure that each group contains exactly 4 hexadecimal digits. You can check this by verifying the length of each group.
   - Check that each character in the group is a valid hexadecimal character (0-9, a-f, A-F). This can be done using a regular expression or by checking each character individually.

5. **Final Validation**: If all groups pass the checks, return `True`. If any group fails, return `False`.

6. **Edge Cases**: Consider handling edge cases, such as empty strings or strings that do not conform to the expected format.

Here is a conceptual outline of the function:

```python
def is_valid_ipv6(ip):
    # Step 1: Check for the correct number of colons
    if ip.count(':') != 7:
        return False
    
    # Step 2: Split the string into groups
    groups = ip.split(':')
    
    # Step 3: Validate each group
    for group in groups:
        if len(group) != 4 or not all(c in '0123456789abcdefABCDEF' for c in group):
            return False
    
    # Step 4: If all checks pass, return True
    return True
```

This function provides a basic structure for validating an IPv6 address based on the criteria you specified.
INFO - Attempting task_id 94
INFO - [35m Rollout attempt 1/4[0m
INFO - [33m Retrieving 5 entries for db: skill 
 [0m
INFO - [33m is_valid_ip, is_palindrome, is_valid_parentheses, is_balanced_v2, has_unique_chars[0m
INFO - LM call n parse attempt 1 / 3

INFO - [Task id] 94 [prompt] You are a helpful assistant that writes python code to solve a task specified by me.

Here are some useful functions written earlier which you can reuse or reference.


[Entry]:


    def is_valid_ip(ip_str):
        octets = ip_str.split('.')
        if (len(octets) != 4):
            return False
        for octet in octets:
            if ((not octet.isdigit()) or (not (0 <= int(octet) <= 255))):
                return False
            if ((len(octet) > 1) and (octet[0] == '0')):
                return False
        return True

[/Entry]

[Entry]:


    def is_palindrome(s):
        normalized_str = s.lower()
        filtered_str = ''.join((char for char in normalized_str if char.isalnum()))
        return (filtered_str == filtered_str[::(- 1)])

[/Entry]

[Entry]:


    def is_valid_parentheses(s: str) -> bool:
        bracket_map = {')': '(', '}': '{', ']': '['}
        stack = []
        for char in s:
            if (char in bracket_map.values()):
                stack.append(char)
            elif (char in bracket_map):
                if ((not stack) or (stack[(- 1)] != bracket_map[char])):
                    return False
                stack.pop()
        return (not stack)

[/Entry]

[Entry]:


    def is_balanced_v2(s: str) -> bool:
        stack = []
        bracket_map = {')': '(', ']': '[', '}': '{'}
        for char in s:
            if (char in bracket_map.values()):
                stack.append(char)
            elif (char in bracket_map):
                if ((not stack) or (stack[(- 1)] != bracket_map[char])):
                    return False
                stack.pop()
        return (not stack)

[/Entry]

[Entry]:


    def has_unique_chars(s):
        for i in range(len(s)):
            for j in range((i + 1), len(s)):
                if (s[i] == s[j]):
                    return False
        return True

[/Entry]






At each round of conversation, I will give you
[Environment feedback] (after executing code) ...
[Code from the last round] ...
[Task] ...
[Context] ...
[Critique] ...

You should then respond to me with
Explain (if applicable): Are there any steps missing in your plan? Why does the code not complete the task? What does the chat log and execution error imply?
Plan: How to complete the task step by step. 
Code:
    1) Reuse or reference the above useful programs if necessary.
    2) Your function will be reused for building more complex functions. Therefore, you should make it generic and reusable. 
    3) Functions in the "Code from the last round" section will not be saved or executed. Do not reuse functions listed there.
    4) Anything defined outside a function will be ignored, define all your variables inside your functions.
    5) Do not write infinite loops.
    6) If the task specifies a function name to be used, follow it strictly (be case sensitive!). Else, name your function in a meaningful way (can infer the task from the name).
    7) Your code should only contain elements that solve the task, so DO NOT write any assert statements / tests
    8) The context in the [Context] tag serves as a casual tip (which can be wrong) to help you on the task, but your priority is to follow instructions in the [Task] tag.

You should only respond in the format as described below:
RESPONSE FORMAT:

Explain: ...
Plan:
1) ...
2) ...
3) ...
...
Code:
```python
# helper functions (only if needed, try to avoid them)
...
# main function after the helper functions
def yourMainFunctionName(args):
  # ...

```


INFO - [Task id] 94 [prompt] [Environment feedback]
None

[Code from the last round]
No code in the first round

[Task]
Write a Python function that takes a string and returns True if the string is a valid IPv6 address, and False otherwise. A valid IPv6 address consists of eight groups of four hexadecimal digits, each group representing 16 bits. The groups are separated by colons (:). A string should only be considered a valid IPv6 address if it meets these criteria.
You must strictly follow the function name: is_valid_ipv6

[Context]
Rough plan to accomplish the task (can be wrong): 
Answer: To accomplish the task of validating an IPv6 address in Python, you can follow these conceptual steps:

1. **Input Handling**: Define a function that takes a single string argument, which is the potential IPv6 address.

2. **Basic Structure Check**: First, check if the string contains exactly 7 colons (:) since a valid IPv6 address has 8 groups separated by colons. This can be done by counting the occurrences of colons in the string.

3. **Splitting the Address**: Use the `split` method to divide the string into groups based on the colons. This will give you a list of the groups.

4. **Group Validation**: Iterate through each group in the list:
   - Ensure that each group contains exactly 4 hexadecimal digits. You can check this by verifying the length of each group.
   - Check that each character in the group is a valid hexadecimal character (0-9, a-f, A-F). This can be done using a regular expression or by checking each character individually.

5. **Final Validation**: If all groups pass the checks, return `True`. If any group fails, return `False`.

6. **Edge Cases**: Consider handling edge cases, such as empty strings or strings that do not conform to the expected format.

Here is a conceptual outline of the function:

```python
def is_valid_ipv6(ip):
    # Step 1: Check for the correct number of colons
    if ip.count(':') != 7:
        return False
    
    # Step 2: Split the string into groups
    groups = ip.split(':')
    
    # Step 3: Validate each group
    for group in groups:
        if len(group) != 4 or not all(c in '0123456789abcdefABCDEF' for c in group):
            return False
    
    # Step 4: If all checks pass, return True
    return True
```

This function provides a basic structure for validating an IPv6 address based on the criteria you specified.


[Critique]
None


INFO - [Task id] 94 [generation text] Explain: The context provided a rough plan that is mostly correct. However, it is important to note that each group in an IPv6 address can have fewer than 4 hexadecimal digits; it doesn't need to have exactly 4. The groups can have 1 to 4 hexadecimal digits. Also, the context's plan does not account for the shorthand notation where one sequence of zero groups can be replaced with a double colon (::), but this is not required for the task as it specifies that the address consists of eight groups of four hexadecimal digits.

Plan:
1) Define the function `is_valid_ipv6` that takes a single string argument.
2) Check if the string contains exactly 7 colons to ensure there are 8 groups.
3) Split the string into groups based on the colons.
4) Iterate through each group and check if each group has 1 to 4 hexadecimal digits.
5) For each group, check if each character is a valid hexadecimal character (0-9, a-f, A-F).
6) If all groups pass the checks, return `True`. Otherwise, return `False`.

Code:
```python
def is_valid_ipv6(ip):
    # Check for the correct number of colons
    if ip.count(':') != 7:
        return False
    
    # Split the string into groups
    groups = ip.split(':')
    
    # Validate each group
    for group in groups:
        # Check if the group length is between 1 and 4 and if all characters are valid hexadecimal digits
        if not (1 <= len(group) <= 4) or not all(c in '0123456789abcdefABCDEF' for c in group):
            return False
    
    # If all checks pass, return True
    return True
```
INFO - program_code:
 

def is_valid_ipv6(ip):
    if (ip.count(':') != 7):
        return False
    groups = ip.split(':')
    for group in groups:
        if ((not (1 <= len(group) <= 4)) or (not all(((c in '0123456789abcdefABCDEF') for c in group)))):
            return False
    return True


INFO - program_name:
 is_valid_ipv6

INFO - dependencies:
 []

INFO - raw_msg:
 Explain: The context provided a rough plan that is mostly correct. However, it is important to note that each group in an IPv6 address can have fewer than 4 hexadecimal digits; it doesn't need to have exactly 4. The groups can have 1 to 4 hexadecimal digits. Also, the context's plan does not account for the shorthand notation where one sequence of zero groups can be replaced with a double colon (::), but this is not required for the task as it specifies that the address consists of eight groups of four hexadecimal digits.

Plan:
1) Define the function `is_valid_ipv6` that takes a single string argument.
2) Check if the string contains exactly 7 colons to ensure there are 8 groups.
3) Split the string into groups based on the colons.
4) Iterate through each group and check if each group has 1 to 4 hexadecimal digits.
5) For each group, check if each character is a valid hexadecimal character (0-9, a-f, A-F).
6) If all groups pass the checks, return `True`. Otherwise, return `False`.

Code:
```python
def is_valid_ipv6(ip):
    # Check for the correct number of colons
    if ip.count(':') != 7:
        return False
    
    # Split the string into groups
    groups = ip.split(':')
    
    # Validate each group
    for group in groups:
        # Check if the group length is between 1 and 4 and if all characters are valid hexadecimal digits
        if not (1 <= len(group) <= 4) or not all(c in '0123456789abcdefABCDEF' for c in group):
            return False
    
    # If all checks pass, return True
    return True
```

INFO - no_parent:
 True

INFO - full code to be executed: 
 

def is_valid_ipv6(ip):
    if (ip.count(':') != 7):
        return False
    groups = ip.split(':')
    for group in groups:
        if ((not (1 <= len(group) <= 4)) or (not all(((c in '0123456789abcdefABCDEF') for c in group)))):
            return False
    return True


INFO - obs: Tests passed:
assert is_valid_ipv6('2001:0db8:85a3:0000:0000:8a2e:0370:7334') == True
assert is_valid_ipv6('2001:db8:85a3:0:0:8A2E:0370:7334') == True
assert is_valid_ipv6('2001:0db8:85a3::8a2e:0370:7334') == False

Tests failed:
None
reward: True
done: None
info: {'individual_results': (True, True, True)}
INFO - LM call n parse attempt 1 / 5

INFO - [Task id] 94 [prompt] 
You are a Python programming assistant that assesses my progress of Python programming and provides useful guidance.

I will give you the following information:

[Task]: The objective I need to accomplish.
[Context]: The context of the task. Serves as a casual tip (which can be wrong) to help me on the task, but my priority is to follow instructions in the Task tag.
[function impl]: My function implementation that is intended to complete the task
[unit test results]: The results after executing my function implementation on the unit tests

Your first goal is to use these info to evaluate if I have met the task requirements, and explain why. 
It is possible that the unit test results all pass, but the code does not accomplish the task (eg by failing to accomplish the task in scenarios not covered by the unit tests)
It is also possible that the unit tests are wrong in the first place, though the code accomplishes the task and fails the unit test.

If I have not met the task requirements, write a few sentences to explain why the function implementation is wrong as indicated by the tests. 
You will need this as guidance when you try again later.
Only provide the few sentence description in your answer, not the implementation. 
Suggest how the function implementation can be changed, NOT the test cases (assert statements)

You should only respond in JSON format as described below:
The output should be formatted as a JSON instance that conforms to the JSON schema below.

As an example, for the schema {"properties": {"foo": {"title": "Foo", "description": "a list of strings", "type": "array", "items": {"type": "string"}}}, "required": ["foo"]}
the object {"foo": ["bar", "baz"]} is a well-formatted instance of the schema. The object {"properties": {"foo": ["bar", "baz"]}} is not well-formatted.

Here is the output schema:
```
{"description": "Represents the critique of a task attempt, including reasoning, success status, and suggestions for improvement.\n\nAttributes:\n    reasoning (str): Explanation of why the task was succeeded or failed.\n    success (bool): Indicates whether the task requirements were met.\n    critique (str): Suggestions or critique to help improve future task attempts.", "properties": {"reasoning": {"description": "reason why I have succeeded or failed at the task", "title": "Reasoning", "type": "string"}, "success": {"description": "evaluate if I have met the task requirements", "title": "Success", "type": "boolean"}, "critique": {"description": "critique to help me improve", "title": "Critique", "type": "string"}}, "required": ["reasoning", "success", "critique"]}
```

INFO - [Task id] 94 [prompt] 
Here are some examples:

Example 1:
[function impl]:
```python
def longest_subarray_with_sum_limit(nums: List[int], target: int) -> List[int]:
    n = len(nums)
    left, right = 0, 0
    max_length = 0
    current_sum = 0
    result = []
    while right < n:
        current_sum += nums[right]
        while current_sum > target:
            current_sum -= nums[left]
            left += 1
        if right - left + 1 >= max_length:
            max_length = right - left + 1
            result = nums[left:right+1]
        right += 1
    return result
```
[unit test results]:
Tests passing:
assert longest_subarray_with_sum_limit([1, 2, 3, 4, 5], 8) == [1, 2, 3]
assert longest_subarray_with_sum_limit([1, 2, 3, 4, 5], 15) == [1, 2, 3, 4, 5]
assert longest_subarray_with_sum_limit([1, -1, 2, -2, 3, -3], 2) == [1, -1, 2, -2, 3]
assert longest_subarray_with_sum_limit([], 10) == []
assert longest_subarray_with_sum_limit([], 0) == []
assert longest_subarray_with_sum_limit([], -5) == []  
Tests failing:
assert longest_subarray_with_sum_limit([5, 6, 7, 8, 9], 4) == [] # output: [5]

RESPONSE:
{
    "reasoning": "The implementation failed the test case where no subarray fulfills the condition",
    "success": false,
    "critique": "The issue in the implementation is due to the use of >= instead of > in the condition to update the result. Because of this, it returns a subarray even when the sum is greater than the target, as it still updates the result when the current subarray length is equal to the previous longest subarray length. To overcome this error, we should change the condition to only update the result when the current subarray length is strictly greater than the previous longest subarray length. This can be done by replacing >= with > in the condition."
}


Example 2:
[function impl]:
```python
def longest_subarray_with_sum_limit(nums: List[int], target: int) -> List[int]:
    n = len(nums)
    left, right = 0, 0
    max_length = 0
    current_sum = 0
    result = []
    while current_sum + nums[right] <= target:
        current_sum += nums[right]
        right += 1
    while right < n:
        current_sum += nums[right]
        while current_sum > target:
            current_sum -= nums[left]
            left += 1
        if right - left + 1 > max_length:
            max_length = right - left + 1
            result = nums[left:right+1]
        right += 1
    return result
```
[unit test results]:
Tests passing:
assert longest_subarray_with_sum_limit([], 10) == []
assert longest_subarray_with_sum_limit([], 0) == []
assert longest_subarray_with_sum_limit([], -5) == []
Tests failing:
assert longest_subarray_with_sum_limit([1, 2, 3, 4, 5], 8) == [1, 2, 3] # output: list index out of range
assert longest_subarray_with_sum_limit([1, 2, 3, 4, 5], 15) == [1, 2, 3, 4, 5] # output: list index out of range
assert longest_subarray_with_sum_limit([5, 6, 7, 8, 9], 4) == [] # output: list index out of range
assert longest_subarray_with_sum_limit([1, -1, 2, -2, 3, -3], 2) == [1, -1, 2, -2, 3] # output: list index out of range

RESPONSE:
{
    "reason": "The implementation failed 4 out of the 7 test cases due to an IndexError.",
    "success": false,
    "critique": "The issue stems from the while loop while current_sum + nums[right] <= target:, which directly accesses nums[right] without checking if right is within the bounds of the list. This results in a runtime error when right goes beyond the list length. To overcome this error, we need to add a bounds check for the right variable in the mentioned while loop. We can modify the loop condition to while right < len(nums) and current_sum + nums[right] <= target:. This change will ensure that we only access elements within the bounds of the list, thus avoiding the IndexError."
}


END OF EXAMPLES

INFO - [Task id] 94 [prompt] [Task]:
Write a Python function that takes a string and returns True if the string is a valid IPv6 address, and False otherwise. A valid IPv6 address consists of eight groups of four hexadecimal digits, each group representing 16 bits. The groups are separated by colons (:). A string should only be considered a valid IPv6 address if it meets these criteria.
[Context]: 
 Rough plan to accomplish the task (can be wrong): 
Answer: To accomplish the task of validating an IPv6 address in Python, you can follow these conceptual steps:

1. **Input Handling**: Define a function that takes a single string argument, which is the potential IPv6 address.

2. **Basic Structure Check**: First, check if the string contains exactly 7 colons (:) since a valid IPv6 address has 8 groups separated by colons. This can be done by counting the occurrences of colons in the string.

3. **Splitting the Address**: Use the `split` method to divide the string into groups based on the colons. This will give you a list of the groups.

4. **Group Validation**: Iterate through each group in the list:
   - Ensure that each group contains exactly 4 hexadecimal digits. You can check this by verifying the length of each group.
   - Check that each character in the group is a valid hexadecimal character (0-9, a-f, A-F). This can be done using a regular expression or by checking each character individually.

5. **Final Validation**: If all groups pass the checks, return `True`. If any group fails, return `False`.

6. **Edge Cases**: Consider handling edge cases, such as empty strings or strings that do not conform to the expected format.

Here is a conceptual outline of the function:

```python
def is_valid_ipv6(ip):
    # Step 1: Check for the correct number of colons
    if ip.count(':') != 7:
        return False
    
    # Step 2: Split the string into groups
    groups = ip.split(':')
    
    # Step 3: Validate each group
    for group in groups:
        if len(group) != 4 or not all(c in '0123456789abcdefABCDEF' for c in group):
            return False
    
    # Step 4: If all checks pass, return True
    return True
```

This function provides a basic structure for validating an IPv6 address based on the criteria you specified.


[function impl]:


def is_valid_ipv6(ip):
    if (ip.count(':') != 7):
        return False
    groups = ip.split(':')
    for group in groups:
        if ((not (1 <= len(group) <= 4)) or (not all(((c in '0123456789abcdefABCDEF') for c in group)))):
            return False
    return True

[unit test results]:
Tests passed:
assert is_valid_ipv6('2001:0db8:85a3:0000:0000:8a2e:0370:7334') == True
assert is_valid_ipv6('2001:db8:85a3:0:0:8A2E:0370:7334') == True
assert is_valid_ipv6('2001:0db8:85a3::8a2e:0370:7334') == False

Tests failed:
None

INFO - [Task id] 94 [generation text] 
INFO - {
    "reasoning": "The function implementation correctly checks for the number of colons and the validity of each group. It also correctly handles groups with fewer than 4 hexadecimal digits, which is allowed in IPv6 addresses.",
    "success": true,
    "critique": "The function implementation meets the task requirements. However, the context provided a slightly incorrect plan by stating that each group must contain exactly 4 hexadecimal digits, while in reality, groups can have fewer than 4 digits. The implementation correctly allows for groups with 1 to 4 hexadecimal digits."
}
INFO - {
    "reasoning": "The function implementation correctly checks for the number of colons and the validity of each group. It also correctly handles groups with fewer than 4 hexadecimal digits, which is allowed in IPv6 addresses.",
    "success": true,
    "critique": "The function implementation meets the task requirements. However, the context provided a slightly incorrect plan by stating that each group must contain exactly 4 hexadecimal digits, while in reality, groups can have fewer than 4 digits. The implementation correctly allows for groups with 1 to 4 hexadecimal digits."
}
INFO - [task_id]: 94 [Result]: True
INFO - LM call n parse attempt 1 / 3

INFO - [Task id] 94 [prompt] 
You are a helpful assistant that writes a description of the given function written in the Python programming language.

1) Do not mention the function name.
2) Do not mention anything about helper functions.
3) There might be some helper functions before the main function, but you only need to describe the main function.
4) Try to summarize the function in no more than 6 sentences.
5) Your response should be a single line of text.

INFO - [Task id] 94 [prompt] 

def is_valid_ipv6(ip):
    if (ip.count(':') != 7):
        return False
    groups = ip.split(':')
    for group in groups:
        if ((not (1 <= len(group) <= 4)) or (not all(((c in '0123456789abcdefABCDEF') for c in group)))):
            return False
    return True


The main function is `is_valid_ipv6`.
INFO - [Task id] 94 [generation text] This function checks whether a given string is a valid IPv6 address. It first verifies that the address contains exactly seven colons, indicating the correct number of groups. Then, it splits the address into its constituent groups and checks each group for length and valid hexadecimal characters. Each group must be between 1 and 4 characters long and can only contain digits or letters from 'a' to 'f' (case insensitive). If any group fails these checks, the function returns False; otherwise, it returns True, indicating a valid IPv6 address.
INFO - Num Completed Tasks: 80, Num Failed Tasks: 14
