INFO - DB skill doc count: 15

INFO - [train iter]: 17/100 

INFO - LM call n parse attempt 1 / 3

INFO - [Task id] 17 [prompt] 
You are a helpful assistant that asks questions to help me decide the next immediate task to do for Python programming.
My ultimate goal is to solve as many diverse problems as possible and become the best programmer in the world.

I will give you the following information:
Completed tasks so far: ...
Failed tasks that are too hard: ...

You must follow the following criteria:
1) You should ask at least 5 questions (but no more than 10 questions) to help me decide the next immediate task to do. Each question should be followed by the concept that the question is about.
2) Your question should be specific to a concept in Python programming.
  Bad example (the question is too general):
    Question: What is the best way to program in Python?
    Concept: unknown
  Good example:
    Question: How do you reverse a list?
    Concept: list
3) Your questions should be self-contained and not require any context.

Respond in JSON, and follow the keys and expected format of the values strictly.


Response format:
The output should be formatted as a JSON instance that conforms to the JSON schema below.

As an example, for the schema {"properties": {"foo": {"title": "Foo", "description": "a list of strings", "type": "array", "items": {"type": "string"}}}, "required": ["foo"]}
the object {"foo": ["bar", "baz"]} is a well-formatted instance of the schema. The object {"properties": {"foo": ["bar", "baz"]}} is not well-formatted.

Here is the output schema:
```
{"$defs": {"QuestionConcept": {"properties": {"question": {"description": "A question related to Python programming, to help me brainstorm the next immediate task to do", "title": "Question", "type": "string"}, "concept": {"description": "The Python programming concept associated with the question above", "title": "Concept", "type": "string"}}, "required": ["question", "concept"], "title": "QuestionConcept", "type": "object"}}, "properties": {"reasoning": {"description": "Reason out, step-by-step, why you picked these questions and concepts", "title": "Reasoning", "type": "string"}, "question_concept_list": {"description": "list of questions and their associated concepts", "items": {"$ref": "#/$defs/QuestionConcept"}, "title": "Question Concept List", "type": "array"}}, "required": ["reasoning", "question_concept_list"]}
```


INFO - [Task id] 17 [prompt] Completed tasks so far (do not give me these tasks again!): 
	Write a Python function that takes a list of integers and returns a new list with the squares of all the numbers. The function should not modify the original list.
	Write a Python function that takes a list of integers and returns a new list containing only the unique elements from the original list. The order of elements in the returned list does not matter.
	Write a Python function that takes a list of integers and returns a set containing all the elements that appear more than once in the list.
	Write a Python function that calculates the factorial of a given non-negative integer. The factorial of a non-negative integer n is the product of all positive integers less than or equal to n. It is denoted by n!.
	Write a Python function that takes a string and returns True if the string is a palindrome, and False otherwise. The function should be case-insensitive and ignore all non-alphanumeric characters.
	Write a Python function that takes a dictionary and a key, and returns the value associated with the key. If the key does not exist in the dictionary, the function should return 'Key not found.'
	Write a Python function that takes a list of integers and returns the first recurring character. If there is no recurring character, return None.
	Write a Python function that takes a list of integers and returns a new list with the integers sorted in ascending order using the bubble sort algorithm.
	Write a Python function that takes a string and returns the first non-repeating character in it. If all characters repeat or the string is empty, return None.
	Write a Python function that simulates a producer-consumer scenario using a queue. The function should take a list of integers as input, where each integer represents an item produced. The function should process (consume) each item by simply printing it and then return the number of items consumed. Use a simple list to simulate the queue behavior.
	Write a Python function that takes an integer n and returns the nth Fibonacci number. The Fibonacci sequence is a series of numbers where each number is the sum of the two preceding ones, usually starting with 0 and 1. The function should use recursion to calculate the result.
	Write a Python function that takes a string and returns the length of the longest substring without repeating characters.
	Write a Python function that takes a list of strings and returns a new list with the strings sorted based on the number of vowels they contain. The sort should be in descending order, and in case of a tie, the strings should be sorted alphabetically.
	Write a Python function that takes a string and returns the character that appears the most frequently in the string. If there is a tie, return the character that appears first in the string. If the string is empty, return None.
	Write a Python function that takes a string representing a mathematical expression consisting of non-negative integers and the plus sign (+) and returns the result of the expression. The function should assume that the input is always a valid expression and that there are no spaces between numbers and operators.

Failed tasks that are too hard: 
	Write a Python function that takes a list of integers and returns the largest product that can be obtained by multiplying any two numbers from the list.
	Write a Python function that takes a sorted list of integers and an integer target value, and returns a tuple of two numbers from the list that add up to the target value. If no such pair exists, return None.


INFO - [Task id] 17 [generation text] 
INFO - {
    "reasoning": "I selected these questions to cover a variety of Python programming concepts that you haven't tackled yet. The questions focus on different data structures, algorithms, and problem-solving techniques, which will help you expand your skills and knowledge in Python. Each question is designed to challenge you in a specific area, such as string manipulation, recursion, or working with data structures like sets and dictionaries.",
    "question_concept_list": [
        {
            "question": "How do you implement a binary search algorithm in Python?",
            "concept": "algorithm"
        },
        {
            "question": "What is the difference between a list and a tuple in Python, and when would you use each?",
            "concept": "data structures"
        },
        {
            "question": "How can you merge two dictionaries in Python?",
            "concept": "dictionary"
        },
        {
            "question": "What is a lambda function in Python, and how do you use it?",
            "concept": "functions"
        },
        {
            "question": "How do you handle exceptions in Python using try and except?",
            "concept": "error handling"
        }
    ]
}
INFO - {
    "reasoning": "I selected these questions to cover a variety of Python programming concepts that you haven't tackled yet. The questions focus on different data structures, algorithms, and problem-solving techniques, which will help you expand your skills and knowledge in Python. Each question is designed to challenge you in a specific area, such as string manipulation, recursion, or working with data structures like sets and dictionaries.",
    "question_concept_list": [
        {
            "question": "How do you implement a binary search algorithm in Python?",
            "concept": "algorithm"
        },
        {
            "question": "What is the difference between a list and a tuple in Python, and when would you use each?",
            "concept": "data structures"
        },
        {
            "question": "How can you merge two dictionaries in Python?",
            "concept": "dictionary"
        },
        {
            "question": "What is a lambda function in Python, and how do you use it?",
            "concept": "functions"
        },
        {
            "question": "How do you handle exceptions in Python using try and except?",
            "concept": "error handling"
        }
    ]
}
INFO - LM call n parse attempt 1 / 3

INFO - [Task id] 17 [prompt] 
You are a helpful assistant that answer my question about Python programming.

I will give you the following information:
Question: ...

You will answer the question based on the context (only if available and helpful) and your own knowledge of Python programming.
1) Start your answer with "Answer: ".
2) Answer "Answer: Unknown" if you don't know the answer.

INFO - [Task id] 17 [prompt] Question: What is the difference between a list and a tuple in Python, and when would you use each?
INFO - [Task id] 17 [generation text] Answer: The main differences between a list and a tuple in Python are:

1. **Mutability**: 
   - Lists are mutable, meaning you can change their content (add, remove, or modify elements) after they are created.
   - Tuples are immutable, meaning once they are created, their content cannot be changed.

2. **Syntax**: 
   - Lists are defined using square brackets, e.g., `my_list = [1, 2, 3]`.
   - Tuples are defined using parentheses, e.g., `my_tuple = (1, 2, 3)`.

3. **Performance**: 
   - Tuples can be slightly more memory-efficient and faster than lists due to their immutability, which allows for optimizations.

4. **Use Cases**:
   - Use a list when you need a collection of items that may change over time, such as a list of user inputs or a collection of items that you will modify.
   - Use a tuple when you need a fixed collection of items that should not change, such as coordinates (x, y) or a set of constants.

In summary, choose lists for mutable collections and tuples for immutable collections.
INFO - LM call n parse attempt 1 / 5

INFO - [Task id] 17 [prompt] 
You are a helpful assistant that tells me the next immediate task (in the form of a function) to do for Python programming. 
My ultimate goal is to solve as many diverse problems as possible and become the best programmer in the world.

I will give you the following information:
Question 1: ...
Answer: ...
Question 2: ...
Answer: ...
Question 3: ...
Answer: ...
...
Completed tasks so far: ...
Failed tasks that are too hard: ...

You must follow the following criteria:
1) You should act as a mentor and guide me to the next task based on my current learning progress. As a rule of thumb, guide me through beginner problems, followed by interview level problems, followed by competitive programming problems. The latter 2 levels can involve concepts from data structures and algorithms.
2) Please be very specific about what skills I need to learn.
3) Do not propose multiple tasks at the same time. Do not mention anything else.
4) The next task should not be too hard since I may not have learned enough skills to complete it yet.
5) The next task should be novel and interesting. I should look for problems which I have not solved yet. I should not be doing the same thing over and over again.
6) The task should involve writing a main Python function that at most use basic libraries (try not to import too many or too advanced modules)
7) Do not give tasks that require file operations (create, read, update, delete) or an internet connection.
8) I am only allowed to write Python functions, so do not require me to write other things (e.g. objects). 
9) Requiring me to write a function that takes in an object and uses object methods is still ok, but I cannot define the objects myself. You must provide the objects as input to my function in the assert statement.

Take note of these in your response:
1) Give an expected function name for the task.
2) Give a tuple of 3 assert statements that tests the function's correctness in the "test_tuple" field. This must strictly contain single-line assert statements only; any setup code for the test must be filled in the "test_setup_code" field.
3) The function name which you gave must be called in the assert statements. 

Respond in JSON, and follow the keys and expected format of the values strictly.


Response format:
The output should be formatted as a JSON instance that conforms to the JSON schema below.

As an example, for the schema {"properties": {"foo": {"title": "Foo", "description": "a list of strings", "type": "array", "items": {"type": "string"}}}, "required": ["foo"]}
the object {"foo": ["bar", "baz"]} is a well-formatted instance of the schema. The object {"properties": {"foo": ["bar", "baz"]}} is not well-formatted.

Here is the output schema:
```
{"properties": {"reasoning": {"description": "Based on the information listed above, reason about what the next task should be.", "title": "Reasoning", "type": "string"}, "task": {"description": "The next task, which requires me to write a single function. Be sure to state the expected data structure for inputs and outputs.", "title": "Task", "type": "string"}, "gt_fn_name": {"description": "The expected name for the single function for the task", "title": "Gt Fn Name", "type": "string"}, "test_setup_code": {"description": "setup code, if required. This will be run just before the assert statements are executed.", "title": "Test Setup Code", "type": "string"}, "test_tuple": {"description": "Tuple of 3 SINGLE-LINE test cases that starts with 'assert' to test the function's correctness.Any extra required code should be written in the test_setup_code field.", "items": {"type": "string"}, "maxItems": 3, "minItems": 3, "prefixItems": [{"type": "string"}, {"type": "string"}, {"type": "string"}], "title": "Test Tuple", "type": "array"}}, "required": ["reasoning", "task", "gt_fn_name", "test_setup_code", "test_tuple"]}
```


INFO - [Task id] 17 [prompt] 
Here's an example response:
{
    "reasoning": "The student has shown proficiency in basic Python syntax and list manipulation, but struggles with problems involving more complex algorithms and data structures. This task will help them practice using sets or dictionaries for efficient lookups, and understand the concept of algorithmic complexity.",
    "task": "Write a Python function that takes a list of integers and returns the tuple of two numbers that sum up to zero. If no such pair exists, return None.",
    "gt_fn_name": "find_zero_sum",
    "test_setup_code": "",
    "test_tuple": [
        "assert find_zero_sum([1, 2, 3, -2, -1]) == (2, -2)",
        "assert find_zero_sum([1, 2, 3, 4, 5]) == None",
        "assert find_zero_sum([1, 4, 3, -4, -1]) == (4, -4)"
    ]
}

INFO - [Task id] 17 [prompt] Question 1: How do you implement a binary search algorithm in Python?
Answer: To implement a binary search algorithm in Python, you can use either an iterative or a recursive approach. Below are examples of both methods.

### Iterative Approach

```python
def binary_search_iterative(arr, target):
    left, right = 0, len(arr) - 1
    
    while left <= right:
        mid = left + (right - left) // 2  # To avoid overflow
        
        if arr[mid] == target:
            return mid  # Target found
        elif arr[mid] < target:
            left = mid + 1  # Search in the right half
        else:
            right = mid - 1  # Search in the left half
            
    return -1  # Target not found
```

### Recursive Approach

```python
def binary_search_recursive(arr, target, left, right):
    if left > right:
        return -1  # Target not found
    
    mid = left + (right - left) // 2  # To avoid overflow
    
    if arr[mid] == target:
        return mid  # Target found
    elif arr[mid] < target:
        return binary_search_recursive(arr, target, mid + 1, right)  # Search in the right half
    else:
        return binary_search_recursive(arr, target, left, mid - 1)  # Search in the left half

# To use the recursive function, call it like this:
# result = binary_search_recursive(arr, target, 0, len(arr) - 1)
```

### Usage Example

```python
arr = [1, 2, 3, 4, 5, 6, 7, 8, 9]
target = 5

# Using iterative approach
result_iterative = binary_search_iterative(arr, target)
print("Iterative result:", result_iterative)

# Using recursive approach
result_recursive = binary_search_recursive(arr, target, 0, len(arr) - 1)
print("Recursive result:", result_recursive)
```

Make sure the array is sorted before performing a binary search, as the algorithm assumes a sorted input.

Question 2: What is the difference between a list and a tuple in Python, and when would you use each?
Answer: The main differences between a list and a tuple in Python are:

1. **Mutability**: 
   - Lists are mutable, meaning you can change their content (add, remove, or modify elements) after they are created.
   - Tuples are immutable, meaning once they are created, their content cannot be changed.

2. **Syntax**: 
   - Lists are defined using square brackets, e.g., `my_list = [1, 2, 3]`.
   - Tuples are defined using parentheses, e.g., `my_tuple = (1, 2, 3)`.

3. **Performance**: 
   - Tuples can be slightly more memory-efficient and faster than lists due to their immutability, which allows for optimizations.

4. **Use Cases**:
   - Use a list when you need a collection of items that may change over time, such as a list of user inputs or a collection of items that you will modify.
   - Use a tuple when you need a fixed collection of items that should not change, such as coordinates (x, y) or a set of constants.

In summary, choose lists for mutable collections and tuples for immutable collections.

Question 3: How do you merge two dictionaries in Python?
Answer: You can merge two dictionaries in Python using several methods. Here are a few common ways:

1. **Using the `update()` method**:
   ```python
   dict1 = {'a': 1, 'b': 2}
   dict2 = {'b': 3, 'c': 4}
   dict1.update(dict2)
   # dict1 is now {'a': 1, 'b': 3, 'c': 4}
   ```

2. **Using the `**` unpacking operator (Python 3.5+)**:
   ```python
   dict1 = {'a': 1, 'b': 2}
   dict2 = {'b': 3, 'c': 4}
   merged_dict = {**dict1, **dict2}
   # merged_dict is {'a': 1, 'b': 3, 'c': 4}
   ```

3. **Using the `|` operator (Python 3.9+)**:
   ```python
   dict1 = {'a': 1, 'b': 2}
   dict2 = {'b': 3, 'c': 4}
   merged_dict = dict1 | dict2
   # merged_dict is {'a': 1, 'b': 3, 'c': 4}
   ```

4. **Using dictionary comprehension**:
   ```python
   dict1 = {'a': 1, 'b': 2}
   dict2 = {'b': 3, 'c': 4}
   merged_dict = {k: v for d in (dict1, dict2) for k, v in d.items()}
   # merged_dict is {'a': 1, 'b': 3, 'c': 4}
   ```

Choose the method that best fits your needs based on the version of Python you are using and your specific requirements.

Question 4: What is a lambda function and how do you use it in Python?
Answer: A lambda function in Python is a small anonymous function defined using the `lambda` keyword. It can take any number of arguments but can only have one expression. The expression is evaluated and returned when the lambda function is called.

The syntax for a lambda function is:
```python
lambda arguments: expression
```

You can use lambda functions in various contexts, such as when you need a simple function for a short period of time, often as an argument to higher-order functions like `map()`, `filter()`, and `sorted()`.

Here are a few examples of how to use lambda functions:

1. **Basic usage**:
   ```python
   add = lambda x, y: x + y
   print(add(2, 3))  # Output: 5
   ```

2. **Using with `map()`**:
   ```python
   numbers = [1, 2, 3, 4]
   squared = list(map(lambda x: x ** 2, numbers))
   print(squared)  # Output: [1, 4, 9, 16]
   ```

3. **Using with `filter()`**:
   ```python
   numbers = [1, 2, 3, 4, 5]
   even_numbers = list(filter(lambda x: x % 2 == 0, numbers))
   print(even_numbers)  # Output: [2, 4]
   ```

4. **Using with `sorted()`**:
   ```python
   points = [(1, 2), (3, 1), (5, 0)]
   sorted_points = sorted(points, key=lambda point: point[1])
   print(sorted_points)  # Output: [(5, 0), (3, 1), (1, 2)]
   ```

Lambda functions are useful for creating quick, throwaway functions without the need to formally define them using `def`. However, for more complex functions, it's generally better to use the `def` keyword for clarity and maintainability.

Question 5: How can you handle exceptions in Python using try and except?
Answer: In Python, you can handle exceptions using the `try` and `except` blocks. The code that might raise an exception is placed inside the `try` block, and the code that handles the exception is placed inside the `except` block. Here’s a basic example:

```python
try:
    # Code that may raise an exception
    result = 10 / 0  # This will raise a ZeroDivisionError
except ZeroDivisionError:
    # Code that runs if a ZeroDivisionError occurs
    print("You cannot divide by zero!")
except Exception as e:
    # Code that runs for any other exception
    print(f"An error occurred: {e}")
else:
    # Code that runs if no exception occurs
    print(f"The result is {result}")
finally:
    # Code that runs no matter what (optional)
    print("Execution completed.")
```

In this example:
- The `try` block contains code that may raise an exception.
- The `except` block catches specific exceptions (like `ZeroDivisionError`) and handles them.
- The `else` block runs if no exceptions were raised in the `try` block.
- The `finally` block runs regardless of whether an exception occurred or not, which is useful for cleanup actions.

Completed tasks so far (do not give me these tasks again!): 
	Write a Python function that takes a list of integers and returns a new list with the squares of all the numbers. The function should not modify the original list.
	Write a Python function that takes a list of integers and returns a new list containing only the unique elements from the original list. The order of elements in the returned list does not matter.
	Write a Python function that takes a list of integers and returns a set containing all the elements that appear more than once in the list.
	Write a Python function that calculates the factorial of a given non-negative integer. The factorial of a non-negative integer n is the product of all positive integers less than or equal to n. It is denoted by n!.
	Write a Python function that takes a string and returns True if the string is a palindrome, and False otherwise. The function should be case-insensitive and ignore all non-alphanumeric characters.
	Write a Python function that takes a dictionary and a key, and returns the value associated with the key. If the key does not exist in the dictionary, the function should return 'Key not found.'
	Write a Python function that takes a list of integers and returns the first recurring character. If there is no recurring character, return None.
	Write a Python function that takes a list of integers and returns a new list with the integers sorted in ascending order using the bubble sort algorithm.
	Write a Python function that takes a string and returns the first non-repeating character in it. If all characters repeat or the string is empty, return None.
	Write a Python function that simulates a producer-consumer scenario using a queue. The function should take a list of integers as input, where each integer represents an item produced. The function should process (consume) each item by simply printing it and then return the number of items consumed. Use a simple list to simulate the queue behavior.
	Write a Python function that takes an integer n and returns the nth Fibonacci number. The Fibonacci sequence is a series of numbers where each number is the sum of the two preceding ones, usually starting with 0 and 1. The function should use recursion to calculate the result.
	Write a Python function that takes a string and returns the length of the longest substring without repeating characters.
	Write a Python function that takes a list of strings and returns a new list with the strings sorted based on the number of vowels they contain. The sort should be in descending order, and in case of a tie, the strings should be sorted alphabetically.
	Write a Python function that takes a string and returns the character that appears the most frequently in the string. If there is a tie, return the character that appears first in the string. If the string is empty, return None.
	Write a Python function that takes a string representing a mathematical expression consisting of non-negative integers and the plus sign (+) and returns the result of the expression. The function should assume that the input is always a valid expression and that there are no spaces between numbers and operators.

Failed tasks that are too hard: 
	Write a Python function that takes a list of integers and returns the largest product that can be obtained by multiplying any two numbers from the list.
	Write a Python function that takes a sorted list of integers and an integer target value, and returns a tuple of two numbers from the list that add up to the target value. If no such pair exists, return None.


INFO - [Task id] 17 [generation text] 
INFO - {
    "reasoning": "The student has successfully implemented basic algorithms and data structures, and has also handled exceptions and lambda functions. The next task should introduce the concept of recursion, which is a fundamental technique in programming. The task should be novel and not too complex, allowing the student to practice writing a recursive function.",
    "task": "Write a Python function that takes an integer n and returns the sum of all integers from 1 to n using recursion.",
    "gt_fn_name": "recursive_sum",
    "test_setup_code": "",
    "test_tuple": [
        "assert recursive_sum(5) == 15",
        "assert recursive_sum(1) == 1",
        "assert recursive_sum(10) == 55"
    ]
}
INFO - {
    "reasoning": "The student has successfully implemented basic algorithms and data structures, and has also handled exceptions and lambda functions. The next task should introduce the concept of recursion, which is a fundamental technique in programming. The task should be novel and not too complex, allowing the student to practice writing a recursive function.",
    "task": "Write a Python function that takes an integer n and returns the sum of all integers from 1 to n using recursion.",
    "gt_fn_name": "recursive_sum",
    "test_setup_code": "",
    "test_tuple": [
        "assert recursive_sum(5) == 15",
        "assert recursive_sum(1) == 1",
        "assert recursive_sum(10) == 55"
    ]
}
INFO - The task prompt is Write a Python function that takes an integer n and returns the sum of all integers from 1 to n using recursion.
You must strictly follow the function name: recursive_sum

INFO - LM call n parse attempt 1 / 3

INFO - [Task id] 17 [prompt] 
You are a helpful assistant that answer my question about Python programming.

I will give you the following information:
Question: ...

You will answer the question based on the context (only if available and helpful) and your own knowledge of Python programming.
1) Start your answer with "Answer: ".
2) Answer "Answer: Unknown" if you don't know the answer.

INFO - [Task id] 17 [prompt] Question: Explain at a conceptual level, how to accomplish the below task in Python programming?
Write a Python function that takes an integer n and returns the sum of all integers from 1 to n using recursion.
INFO - [Task id] 17 [generation text] Answer: To accomplish the task of writing a Python function that calculates the sum of all integers from 1 to n using recursion, you can follow these conceptual steps:

1. **Define the Base Case**: In recursion, it's important to have a base case that stops the recursion. For this problem, the base case can be when `n` is 1. In this case, the sum of integers from 1 to 1 is simply 1.

2. **Define the Recursive Case**: For values of `n` greater than 1, the function should return the sum of `n` and the result of the function called with `n-1`. This means that the function will keep calling itself with decreasing values of `n` until it reaches the base case.

3. **Implement the Function**: You can implement the function using the defined base and recursive cases.

Here is a conceptual outline of the function:

```python
def sum_recursive(n):
    if n == 1:  # Base case
        return 1
    else:  # Recursive case
        return n + sum_recursive(n - 1)
```

In this function:
- If `n` is 1, it returns 1.
- If `n` is greater than 1, it returns `n` plus the sum of integers from 1 to `n-1`, which is calculated by calling `sum_recursive(n - 1)`.

This approach effectively breaks down the problem into smaller subproblems until it reaches the simplest case.
INFO - Attempting task_id 17
INFO - [35m Rollout attempt 1/4[0m
INFO - [33m Retrieving 5 entries for db: skill 
 [0m
INFO - [33m calculate_factorial, fibonacci, first_recurring_character, calculate_expression, simulate_producer_consumer[0m
INFO - LM call n parse attempt 1 / 3

INFO - [Task id] 17 [prompt] You are a helpful assistant that writes python code to solve a task specified by me.

Here are some useful functions written earlier which you can reuse or reference.


[Entry]:


    def calculate_factorial(n):
        if (n < 0):
            raise ValueError('Factorial is not defined for negative numbers.')
        if (n == 0):
            return 1
        result = 1
        for i in range(1, (n + 1)):
            result *= i
        return result

[/Entry]

[Entry]:


    def fibonacci(n):
        if (n == 0):
            return 0
        elif (n == 1):
            return 1
        else:
            return (fibonacci((n - 1)) + fibonacci((n - 2)))

[/Entry]

[Entry]:


    def first_recurring_character(int_list):
        seen = set()
        for num in int_list:
            if (num in seen):
                return num
            seen.add(num)
        return None

[/Entry]

[Entry]:


    def calculate_expression(expression):
        numbers = expression.split('+')
        integers = map(int, numbers)
        return sum(integers)

[/Entry]

[Entry]:


    def simulate_producer_consumer(items):
        queue = []
        consumed_count = 0
        for item in items:
            queue.append(item)
        while queue:
            item = queue.pop(0)
            print(item)
            consumed_count += 1
        return consumed_count

[/Entry]






At each round of conversation, I will give you
[Environment feedback] (after executing code) ...
[Code from the last round] ...
[Task] ...
[Context] ...
[Critique] ...

You should then respond to me with
Explain (if applicable): Are there any steps missing in your plan? Why does the code not complete the task? What does the chat log and execution error imply?
Plan: How to complete the task step by step. 
Code:
    1) Reuse or reference the above useful programs if necessary.
    2) Your function will be reused for building more complex functions. Therefore, you should make it generic and reusable. 
    3) Functions in the "Code from the last round" section will not be saved or executed. Do not reuse functions listed there.
    4) Anything defined outside a function will be ignored, define all your variables inside your functions.
    5) Do not write infinite loops.
    6) If the task specifies a function name to be used, follow it strictly (be case sensitive!). Else, name your function in a meaningful way (can infer the task from the name).
    7) Your code should only contain elements that solve the task, so DO NOT write any assert statements / tests
    8) The context in the [Context] tag serves as a casual tip (which can be wrong) to help you on the task, but your priority is to follow instructions in the [Task] tag.

You should only respond in the format as described below:
RESPONSE FORMAT:

Explain: ...
Plan:
1) ...
2) ...
3) ...
...
Code:
```python
# helper functions (only if needed, try to avoid them)
...
# main function after the helper functions
def yourMainFunctionName(args):
  # ...

```


INFO - [Task id] 17 [prompt] [Environment feedback]
None

[Code from the last round]
No code in the first round

[Task]
Write a Python function that takes an integer n and returns the sum of all integers from 1 to n using recursion.
You must strictly follow the function name: recursive_sum

[Context]
Rough plan to accomplish the task (can be wrong): 
Answer: To accomplish the task of writing a Python function that calculates the sum of all integers from 1 to n using recursion, you can follow these conceptual steps:

1. **Define the Base Case**: In recursion, it's important to have a base case that stops the recursion. For this problem, the base case can be when `n` is 1. In this case, the sum of integers from 1 to 1 is simply 1.

2. **Define the Recursive Case**: For values of `n` greater than 1, the function should return the sum of `n` and the result of the function called with `n-1`. This means that the function will keep calling itself with decreasing values of `n` until it reaches the base case.

3. **Implement the Function**: You can implement the function using the defined base and recursive cases.

Here is a conceptual outline of the function:

```python
def sum_recursive(n):
    if n == 1:  # Base case
        return 1
    else:  # Recursive case
        return n + sum_recursive(n - 1)
```

In this function:
- If `n` is 1, it returns 1.
- If `n` is greater than 1, it returns `n` plus the sum of integers from 1 to `n-1`, which is calculated by calling `sum_recursive(n - 1)`.

This approach effectively breaks down the problem into smaller subproblems until it reaches the simplest case.


[Critique]
None


INFO - [Task id] 17 [generation text] Explain: The context provided a rough plan that is correct for implementing the recursive function to calculate the sum of all integers from 1 to n. The base case will be when n is 0, and the recursive case will involve calling the function with n-1 and adding n to the result.

Plan:
1) Define the function `recursive_sum` with one parameter, `n`.
2) Implement the base case: if `n` is 0, return 0 (since the sum of numbers from 1 to 0 is 0).
3) Implement the recursive case: if `n` is greater than 0, return `n` plus the result of `recursive_sum(n - 1)`.

Code:
```python
def recursive_sum(n):
    if n == 0:  # Base case
        return 0
    else:  # Recursive case
        return n + recursive_sum(n - 1)
```
INFO - program_code:
 

def recursive_sum(n):
    if (n == 0):
        return 0
    else:
        return (n + recursive_sum((n - 1)))


INFO - program_name:
 recursive_sum

INFO - dependencies:
 []

INFO - raw_msg:
 Explain: The context provided a rough plan that is correct for implementing the recursive function to calculate the sum of all integers from 1 to n. The base case will be when n is 0, and the recursive case will involve calling the function with n-1 and adding n to the result.

Plan:
1) Define the function `recursive_sum` with one parameter, `n`.
2) Implement the base case: if `n` is 0, return 0 (since the sum of numbers from 1 to 0 is 0).
3) Implement the recursive case: if `n` is greater than 0, return `n` plus the result of `recursive_sum(n - 1)`.

Code:
```python
def recursive_sum(n):
    if n == 0:  # Base case
        return 0
    else:  # Recursive case
        return n + recursive_sum(n - 1)
```

INFO - no_parent:
 True

INFO - full code to be executed: 
 

def recursive_sum(n):
    if (n == 0):
        return 0
    else:
        return (n + recursive_sum((n - 1)))


INFO - obs: Tests passed:
assert recursive_sum(5) == 15
assert recursive_sum(1) == 1
assert recursive_sum(10) == 55

Tests failed:
None
reward: True
done: None
info: {'individual_results': (True, True, True)}
INFO - LM call n parse attempt 1 / 5

INFO - [Task id] 17 [prompt] 
You are a Python programming assistant that assesses my progress of Python programming and provides useful guidance.

I will give you the following information:

[Task]: The objective I need to accomplish.
[Context]: The context of the task. Serves as a casual tip (which can be wrong) to help me on the task, but my priority is to follow instructions in the Task tag.
[function impl]: My function implementation that is intended to complete the task
[unit test results]: The results after executing my function implementation on the unit tests

Your first goal is to use these info to evaluate if I have met the task requirements, and explain why. 
It is possible that the unit test results all pass, but the code does not accomplish the task (eg by failing to accomplish the task in scenarios not covered by the unit tests)
It is also possible that the unit tests are wrong in the first place, though the code accomplishes the task and fails the unit test.

If I have not met the task requirements, write a few sentences to explain why the function implementation is wrong as indicated by the tests. 
You will need this as guidance when you try again later.
Only provide the few sentence description in your answer, not the implementation. 
Suggest how the function implementation can be changed, NOT the test cases (assert statements)

You should only respond in JSON format as described below:
The output should be formatted as a JSON instance that conforms to the JSON schema below.

As an example, for the schema {"properties": {"foo": {"title": "Foo", "description": "a list of strings", "type": "array", "items": {"type": "string"}}}, "required": ["foo"]}
the object {"foo": ["bar", "baz"]} is a well-formatted instance of the schema. The object {"properties": {"foo": ["bar", "baz"]}} is not well-formatted.

Here is the output schema:
```
{"description": "Represents the critique of a task attempt, including reasoning, success status, and suggestions for improvement.\n\nAttributes:\n    reasoning (str): Explanation of why the task was succeeded or failed.\n    success (bool): Indicates whether the task requirements were met.\n    critique (str): Suggestions or critique to help improve future task attempts.", "properties": {"reasoning": {"description": "reason why I have succeeded or failed at the task", "title": "Reasoning", "type": "string"}, "success": {"description": "evaluate if I have met the task requirements", "title": "Success", "type": "boolean"}, "critique": {"description": "critique to help me improve", "title": "Critique", "type": "string"}}, "required": ["reasoning", "success", "critique"]}
```

INFO - [Task id] 17 [prompt] 
Here are some examples:

Example 1:
[function impl]:
```python
def longest_subarray_with_sum_limit(nums: List[int], target: int) -> List[int]:
    n = len(nums)
    left, right = 0, 0
    max_length = 0
    current_sum = 0
    result = []
    while right < n:
        current_sum += nums[right]
        while current_sum > target:
            current_sum -= nums[left]
            left += 1
        if right - left + 1 >= max_length:
            max_length = right - left + 1
            result = nums[left:right+1]
        right += 1
    return result
```
[unit test results]:
Tests passing:
assert longest_subarray_with_sum_limit([1, 2, 3, 4, 5], 8) == [1, 2, 3]
assert longest_subarray_with_sum_limit([1, 2, 3, 4, 5], 15) == [1, 2, 3, 4, 5]
assert longest_subarray_with_sum_limit([1, -1, 2, -2, 3, -3], 2) == [1, -1, 2, -2, 3]
assert longest_subarray_with_sum_limit([], 10) == []
assert longest_subarray_with_sum_limit([], 0) == []
assert longest_subarray_with_sum_limit([], -5) == []  
Tests failing:
assert longest_subarray_with_sum_limit([5, 6, 7, 8, 9], 4) == [] # output: [5]

RESPONSE:
{
    "reasoning": "The implementation failed the test case where no subarray fulfills the condition",
    "success": false,
    "critique": "The issue in the implementation is due to the use of >= instead of > in the condition to update the result. Because of this, it returns a subarray even when the sum is greater than the target, as it still updates the result when the current subarray length is equal to the previous longest subarray length. To overcome this error, we should change the condition to only update the result when the current subarray length is strictly greater than the previous longest subarray length. This can be done by replacing >= with > in the condition."
}


Example 2:
[function impl]:
```python
def longest_subarray_with_sum_limit(nums: List[int], target: int) -> List[int]:
    n = len(nums)
    left, right = 0, 0
    max_length = 0
    current_sum = 0
    result = []
    while current_sum + nums[right] <= target:
        current_sum += nums[right]
        right += 1
    while right < n:
        current_sum += nums[right]
        while current_sum > target:
            current_sum -= nums[left]
            left += 1
        if right - left + 1 > max_length:
            max_length = right - left + 1
            result = nums[left:right+1]
        right += 1
    return result
```
[unit test results]:
Tests passing:
assert longest_subarray_with_sum_limit([], 10) == []
assert longest_subarray_with_sum_limit([], 0) == []
assert longest_subarray_with_sum_limit([], -5) == []
Tests failing:
assert longest_subarray_with_sum_limit([1, 2, 3, 4, 5], 8) == [1, 2, 3] # output: list index out of range
assert longest_subarray_with_sum_limit([1, 2, 3, 4, 5], 15) == [1, 2, 3, 4, 5] # output: list index out of range
assert longest_subarray_with_sum_limit([5, 6, 7, 8, 9], 4) == [] # output: list index out of range
assert longest_subarray_with_sum_limit([1, -1, 2, -2, 3, -3], 2) == [1, -1, 2, -2, 3] # output: list index out of range

RESPONSE:
{
    "reason": "The implementation failed 4 out of the 7 test cases due to an IndexError.",
    "success": false,
    "critique": "The issue stems from the while loop while current_sum + nums[right] <= target:, which directly accesses nums[right] without checking if right is within the bounds of the list. This results in a runtime error when right goes beyond the list length. To overcome this error, we need to add a bounds check for the right variable in the mentioned while loop. We can modify the loop condition to while right < len(nums) and current_sum + nums[right] <= target:. This change will ensure that we only access elements within the bounds of the list, thus avoiding the IndexError."
}


END OF EXAMPLES

INFO - [Task id] 17 [prompt] [Task]:
Write a Python function that takes an integer n and returns the sum of all integers from 1 to n using recursion.
[Context]: 
 Rough plan to accomplish the task (can be wrong): 
Answer: To accomplish the task of writing a Python function that calculates the sum of all integers from 1 to n using recursion, you can follow these conceptual steps:

1. **Define the Base Case**: In recursion, it's important to have a base case that stops the recursion. For this problem, the base case can be when `n` is 1. In this case, the sum of integers from 1 to 1 is simply 1.

2. **Define the Recursive Case**: For values of `n` greater than 1, the function should return the sum of `n` and the result of the function called with `n-1`. This means that the function will keep calling itself with decreasing values of `n` until it reaches the base case.

3. **Implement the Function**: You can implement the function using the defined base and recursive cases.

Here is a conceptual outline of the function:

```python
def sum_recursive(n):
    if n == 1:  # Base case
        return 1
    else:  # Recursive case
        return n + sum_recursive(n - 1)
```

In this function:
- If `n` is 1, it returns 1.
- If `n` is greater than 1, it returns `n` plus the sum of integers from 1 to `n-1`, which is calculated by calling `sum_recursive(n - 1)`.

This approach effectively breaks down the problem into smaller subproblems until it reaches the simplest case.


[function impl]:


def recursive_sum(n):
    if (n == 0):
        return 0
    else:
        return (n + recursive_sum((n - 1)))

[unit test results]:
Tests passed:
assert recursive_sum(5) == 15
assert recursive_sum(1) == 1
assert recursive_sum(10) == 55

Tests failed:
None

INFO - [Task id] 17 [generation text] 
INFO - {
    "reasoning": "The implementation correctly calculates the sum of all integers from 1 to n using recursion and passes all the provided unit tests.",
    "success": true,
    "critique": "The function implementation meets the task requirements. However, the base case can be set to when n is 1 instead of 0 for this specific task, as the sum of integers from 1 to 1 is 1. This is more aligned with the typical mathematical definition of the sum of the first n natural numbers. The current implementation is still correct, but adjusting the base case to n == 1 would be a minor improvement to better match the task description."
}
INFO - {
    "reasoning": "The implementation correctly calculates the sum of all integers from 1 to n using recursion and passes all the provided unit tests.",
    "success": true,
    "critique": "The function implementation meets the task requirements. However, the base case can be set to when n is 1 instead of 0 for this specific task, as the sum of integers from 1 to 1 is 1. This is more aligned with the typical mathematical definition of the sum of the first n natural numbers. The current implementation is still correct, but adjusting the base case to n == 1 would be a minor improvement to better match the task description."
}
INFO - [task_id]: 17 [Result]: True
INFO - LM call n parse attempt 1 / 3

INFO - [Task id] 17 [prompt] 
You are a helpful assistant that writes a description of the given function written in the Python programming language.

1) Do not mention the function name.
2) Do not mention anything about helper functions.
3) There might be some helper functions before the main function, but you only need to describe the main function.
4) Try to summarize the function in no more than 6 sentences.
5) Your response should be a single line of text.

INFO - [Task id] 17 [prompt] 

def recursive_sum(n):
    if (n == 0):
        return 0
    else:
        return (n + recursive_sum((n - 1)))


The main function is `recursive_sum`.
INFO - [Task id] 17 [generation text] This function calculates the sum of all integers from 1 to a given non-negative integer n using recursion. It checks if n is zero, in which case it returns 0, indicating the base case of the recursion. If n is not zero, it adds n to the result of the function called with n decremented by 1. This process continues until n reaches zero, at which point the accumulated sum is returned. The function effectively computes the sum by breaking the problem down into smaller subproblems. It demonstrates a classic example of using recursion to solve a mathematical summation problem.
INFO - Num Completed Tasks: 16, Num Failed Tasks: 2
