INFO - DB skill doc count: 20

INFO - [train iter]: 22/100 

INFO - LM call n parse attempt 1 / 3

INFO - [Task id] 22 [prompt] 
You are a helpful assistant that asks questions to help me decide the next immediate task to do for Python programming.
My ultimate goal is to solve as many diverse problems as possible and become the best programmer in the world.

I will give you the following information:
Completed tasks so far: ...
Failed tasks that are too hard: ...

You must follow the following criteria:
1) You should ask at least 5 questions (but no more than 10 questions) to help me decide the next immediate task to do. Each question should be followed by the concept that the question is about.
2) Your question should be specific to a concept in Python programming.
  Bad example (the question is too general):
    Question: What is the best way to program in Python?
    Concept: unknown
  Good example:
    Question: How do you reverse a list?
    Concept: list
3) Your questions should be self-contained and not require any context.

Respond in JSON, and follow the keys and expected format of the values strictly.


Response format:
The output should be formatted as a JSON instance that conforms to the JSON schema below.

As an example, for the schema {"properties": {"foo": {"title": "Foo", "description": "a list of strings", "type": "array", "items": {"type": "string"}}}, "required": ["foo"]}
the object {"foo": ["bar", "baz"]} is a well-formatted instance of the schema. The object {"properties": {"foo": ["bar", "baz"]}} is not well-formatted.

Here is the output schema:
```
{"$defs": {"QuestionConcept": {"properties": {"question": {"description": "A question related to Python programming, to help me brainstorm the next immediate task to do", "title": "Question", "type": "string"}, "concept": {"description": "The Python programming concept associated with the question above", "title": "Concept", "type": "string"}}, "required": ["question", "concept"], "title": "QuestionConcept", "type": "object"}}, "properties": {"reasoning": {"description": "Reason out, step-by-step, why you picked these questions and concepts", "title": "Reasoning", "type": "string"}, "question_concept_list": {"description": "list of questions and their associated concepts", "items": {"$ref": "#/$defs/QuestionConcept"}, "title": "Question Concept List", "type": "array"}}, "required": ["reasoning", "question_concept_list"]}
```


INFO - [Task id] 22 [prompt] Completed tasks so far (do not give me these tasks again!): 
	Write a Python function that takes a list of integers and returns a list of unique integers from that list.
	Write a Python function that takes a list of integers and returns a dictionary with the integers as keys and their counts as values.
	Write a Python function that takes two lists of integers and returns a list of integers that are present in both lists (the intersection).
	Write a Python function that takes a list of integers and returns a list of integers that are unique (appear only once) in the list.
	Write a Python function that takes a list of integers and returns a list of integers that are duplicates (appear more than once) in the list.
	Write a Python function that takes a list of integers and returns the second largest integer in the list. If the list has fewer than two unique integers, return None.
	Write a Python function that takes a list of integers and returns a new list containing only the even integers from the original list.
	Write a Python function that takes a list of integers and returns a list of integers that are greater than a given threshold value.
	Write a Python function that takes a string and returns the number of vowels in that string.
	Write a Python function that takes a string and returns a set of unique characters in that string.
	Write a Python function that takes a string and returns True if it is a palindrome (reads the same forwards and backwards), and False otherwise.
	Write a Python function that takes a string and returns a new string containing only the digits from the original string.
	Write a Python function that takes a list of strings and returns a new list containing only the strings that have a length greater than a specified threshold.
	Write a Python function that takes a list of strings and returns a new list of those strings sorted by their length in descending order.
	Write a Python function that takes a list of strings and returns a new list containing the lengths of each string in the original list.
	Write a Python function that takes a string and returns a new string with all the vowels removed.
	Write a Python function that takes a string and returns the number of distinct characters in that string.
	Write a Python function that takes two dictionaries and merges them. If there are duplicate keys, the values from the second dictionary should overwrite those from the first.
	Write a Python function that takes a string and returns a new string where each character is repeated twice.
	Write a Python function that takes a list of integers and returns a list of integers that are present in the list but not in a given set of excluded integers.

Failed tasks that are too hard: 
	Write a Python function that takes a dictionary and returns a new dictionary with the keys and values swapped. If there are duplicate values, keep only one of the keys.
	Write a Python function that takes a dictionary and returns a new dictionary containing only the items where the value is greater than a specified threshold.


INFO - [Task id] 22 [generation text] 
INFO - {
    "reasoning": "I selected these questions to cover a variety of Python programming concepts, including data structures like lists and dictionaries, string manipulation, and algorithmic thinking. Each question targets a different aspect of Python programming, allowing for a diverse set of tasks to enhance problem-solving skills.",
    "question_concept_list": [
        {
            "question": "How do you sort a list of integers in ascending order?",
            "concept": "list sorting"
        },
        {
            "question": "How can you find the maximum value in a list of integers?",
            "concept": "list"
        },
        {
            "question": "What is the best way to check if a string contains only digits?",
            "concept": "string validation"
        },
        {
            "question": "How do you create a function that takes a variable number of arguments?",
            "concept": "function arguments"
        },
        {
            "question": "How can you read a file and count the number of lines in it?",
            "concept": "file handling"
        }
    ]
}
INFO - {
    "reasoning": "I selected these questions to cover a variety of Python programming concepts, including data structures like lists and dictionaries, string manipulation, and algorithmic thinking. Each question targets a different aspect of Python programming, allowing for a diverse set of tasks to enhance problem-solving skills.",
    "question_concept_list": [
        {
            "question": "How do you sort a list of integers in ascending order?",
            "concept": "list sorting"
        },
        {
            "question": "How can you find the maximum value in a list of integers?",
            "concept": "list"
        },
        {
            "question": "What is the best way to check if a string contains only digits?",
            "concept": "string validation"
        },
        {
            "question": "How do you create a function that takes a variable number of arguments?",
            "concept": "function arguments"
        },
        {
            "question": "How can you read a file and count the number of lines in it?",
            "concept": "file handling"
        }
    ]
}
INFO - LM call n parse attempt 1 / 3

INFO - [Task id] 22 [prompt] 
You are a helpful assistant that answer my question about Python programming.

I will give you the following information:
Question: ...

You will answer the question based on the context (only if available and helpful) and your own knowledge of Python programming.
1) Start your answer with "Answer: ".
2) Answer "Answer: Unknown" if you don't know the answer.

INFO - [Task id] 22 [prompt] Question: How do you create a function that takes a variable number of arguments?
INFO - [Task id] 22 [generation text] Answer: In Python, you can create a function that takes a variable number of arguments using the `*args` syntax for positional arguments and `**kwargs` for keyword arguments. 

Here's how you can do it:

1. **Using `*args`**: This allows you to pass a variable number of positional arguments to the function. Inside the function, `args` will be a tuple containing all the passed arguments.

   ```python
   def my_function(*args):
       for arg in args:
           print(arg)

   my_function(1, 2, 3)  # Output: 1, 2, 3
   ```

2. **Using `**kwargs`**: This allows you to pass a variable number of keyword arguments to the function. Inside the function, `kwargs` will be a dictionary containing all the passed keyword arguments.

   ```python
   def my_function(**kwargs):
       for key, value in kwargs.items():
           print(f"{key}: {value}")

   my_function(a=1, b=2, c=3)  # Output: a: 1, b: 2, c: 3
   ```

You can also combine both `*args` and `**kwargs` in a single function:

```python
def my_function(*args, **kwargs):
    print("Positional arguments:", args)
    print("Keyword arguments:", kwargs)

my_function(1, 2, a=3, b=4)
# Output:
# Positional arguments: (1, 2)
# Keyword arguments: {'a': 3, 'b': 4}
```

This way, you can create flexible functions that can handle varying numbers of arguments.
INFO - LM call n parse attempt 1 / 3

INFO - [Task id] 22 [prompt] 
You are a helpful assistant that answer my question about Python programming.

I will give you the following information:
Question: ...

You will answer the question based on the context (only if available and helpful) and your own knowledge of Python programming.
1) Start your answer with "Answer: ".
2) Answer "Answer: Unknown" if you don't know the answer.

INFO - [Task id] 22 [prompt] Question: How can you read a file and count the number of lines in it?
INFO - [Task id] 22 [generation text] Answer: You can read a file and count the number of lines in it using the following Python code:

```python
def count_lines_in_file(file_path):
    with open(file_path, 'r') as file:
        line_count = sum(1 for line in file)
    return line_count

# Example usage
file_path = 'example.txt'
number_of_lines = count_lines_in_file(file_path)
print(f'The number of lines in the file is: {number_of_lines}')
```

In this code, we open the file in read mode, iterate through each line, and use a generator expression to count the lines efficiently. The `sum(1 for line in file)` counts each line as it is read.
INFO - LM call n parse attempt 1 / 5

INFO - [Task id] 22 [prompt] 
You are a helpful assistant that tells me the next immediate task (in the form of a function) to do for Python programming. 
My ultimate goal is to solve as many diverse problems as possible and become the best programmer in the world.

I will give you the following information:
Question 1: ...
Answer: ...
Question 2: ...
Answer: ...
Question 3: ...
Answer: ...
...
Completed tasks so far: ...
Failed tasks that are too hard: ...

You must follow the following criteria:
1) You should act as a mentor and guide me to the next task based on my current learning progress. As a rule of thumb, guide me through beginner problems, followed by interview level problems, followed by competitive programming problems. The latter 2 levels can involve concepts from data structures and algorithms.
2) Please be very specific about what skills I need to learn.
3) Do not propose multiple tasks at the same time. Do not mention anything else.
4) The next task should not be too hard since I may not have learned enough skills to complete it yet.
5) The next task should be novel and interesting. I should look for problems which I have not solved yet. I should not be doing the same thing over and over again.
6) The task should involve writing a main Python function that at most use basic libraries (try not to import too many or too advanced modules)
7) Do not give tasks that require file operations (create, read, update, delete) or an internet connection.
8) I am only allowed to write Python functions, so do not require me to write other things (e.g. objects). 
9) Requiring me to write a function that takes in an object and uses object methods is still ok, but I cannot define the objects myself. You must provide the objects as input to my function in the assert statement.

Take note of these in your response:
1) Give an expected function name for the task.
2) Give a tuple of 3 assert statements that tests the function's correctness in the "test_tuple" field. This must strictly contain single-line assert statements only; any setup code for the test must be filled in the "test_setup_code" field.
3) The function name which you gave must be called in the assert statements. 

Respond in JSON, and follow the keys and expected format of the values strictly.


Response format:
The output should be formatted as a JSON instance that conforms to the JSON schema below.

As an example, for the schema {"properties": {"foo": {"title": "Foo", "description": "a list of strings", "type": "array", "items": {"type": "string"}}}, "required": ["foo"]}
the object {"foo": ["bar", "baz"]} is a well-formatted instance of the schema. The object {"properties": {"foo": ["bar", "baz"]}} is not well-formatted.

Here is the output schema:
```
{"properties": {"reasoning": {"description": "Based on the information listed above, reason about what the next task should be.", "title": "Reasoning", "type": "string"}, "task": {"description": "The next task, which requires me to write a single function. Be sure to state the expected data structure for inputs and outputs.", "title": "Task", "type": "string"}, "gt_fn_name": {"description": "The expected name for the single function for the task", "title": "Gt Fn Name", "type": "string"}, "test_setup_code": {"description": "setup code, if required. This will be run just before the assert statements are executed.", "title": "Test Setup Code", "type": "string"}, "test_tuple": {"description": "Tuple of 3 SINGLE-LINE test cases that starts with 'assert' to test the function's correctness.Any extra required code should be written in the test_setup_code field.", "items": {"type": "string"}, "maxItems": 3, "minItems": 3, "prefixItems": [{"type": "string"}, {"type": "string"}, {"type": "string"}], "title": "Test Tuple", "type": "array"}}, "required": ["reasoning", "task", "gt_fn_name", "test_setup_code", "test_tuple"]}
```


INFO - [Task id] 22 [prompt] 
Here's an example response:
{
    "reasoning": "The student has shown proficiency in basic Python syntax and list manipulation, but struggles with problems involving more complex algorithms and data structures. This task will help them practice using sets or dictionaries for efficient lookups, and understand the concept of algorithmic complexity.",
    "task": "Write a Python function that takes a list of integers and returns the tuple of two numbers that sum up to zero. If no such pair exists, return None.",
    "gt_fn_name": "find_zero_sum",
    "test_setup_code": "",
    "test_tuple": [
        "assert find_zero_sum([1, 2, 3, -2, -1]) == (2, -2)",
        "assert find_zero_sum([1, 2, 3, 4, 5]) == None",
        "assert find_zero_sum([1, 4, 3, -4, -1]) == (4, -4)"
    ]
}

INFO - [Task id] 22 [prompt] Question 1: How do you sort a list of integers in ascending order?
Answer: You can sort a list of integers in ascending order in Python using the `sort()` method or the `sorted()` function. 

Here are examples of both methods:

1. Using the `sort()` method (this sorts the list in place):
```python
numbers = [5, 2, 9, 1, 5, 6]
numbers.sort()
print(numbers)  # Output: [1, 2, 5, 5, 6, 9]
```

2. Using the `sorted()` function (this returns a new sorted list):
```python
numbers = [5, 2, 9, 1, 5, 6]
sorted_numbers = sorted(numbers)
print(sorted_numbers)  # Output: [1, 2, 5, 5, 6, 9]
```

Both methods will sort the list in ascending order by default.

Question 2: How do you find the maximum value in a list of integers?
Answer: You can find the maximum value in a list of integers in Python using the built-in `max()` function. Here is an example:

```python
numbers = [3, 5, 1, 8, 2]
maximum_value = max(numbers)
print(maximum_value)  # Output: 8
```

Alternatively, you can also find the maximum value using a loop:

```python
numbers = [3, 5, 1, 8, 2]
maximum_value = numbers[0]  # Assume the first number is the maximum

for number in numbers:
    if number > maximum_value:
        maximum_value = number

print(maximum_value)  # Output: 8
```

Question 3: How do you check if a string contains only digits?
Answer: You can check if a string contains only digits in Python by using the `isdigit()` method. Here’s an example:

```python
my_string = "12345"
if my_string.isdigit():
    print("The string contains only digits.")
else:
    print("The string contains non-digit characters.")
```

The `isdigit()` method returns `True` if all characters in the string are digits and there is at least one character, otherwise it returns `False`.

Question 4: How do you create a function that takes a variable number of arguments?
Answer: In Python, you can create a function that takes a variable number of arguments using the `*args` syntax for positional arguments and `**kwargs` for keyword arguments. 

Here's how you can do it:

1. **Using `*args`**: This allows you to pass a variable number of positional arguments to the function. Inside the function, `args` will be a tuple containing all the passed arguments.

   ```python
   def my_function(*args):
       for arg in args:
           print(arg)

   my_function(1, 2, 3)  # Output: 1, 2, 3
   ```

2. **Using `**kwargs`**: This allows you to pass a variable number of keyword arguments to the function. Inside the function, `kwargs` will be a dictionary containing all the passed keyword arguments.

   ```python
   def my_function(**kwargs):
       for key, value in kwargs.items():
           print(f"{key}: {value}")

   my_function(a=1, b=2, c=3)  # Output: a: 1, b: 2, c: 3
   ```

You can also combine both `*args` and `**kwargs` in a single function:

```python
def my_function(*args, **kwargs):
    print("Positional arguments:", args)
    print("Keyword arguments:", kwargs)

my_function(1, 2, a=3, b=4)
# Output:
# Positional arguments: (1, 2)
# Keyword arguments: {'a': 3, 'b': 4}
```

This way, you can create flexible functions that can handle varying numbers of arguments.

Question 5: How can you read a file and count the number of lines in it?
Answer: You can read a file and count the number of lines in it using the following Python code:

```python
def count_lines_in_file(file_path):
    with open(file_path, 'r') as file:
        line_count = sum(1 for line in file)
    return line_count

# Example usage
file_path = 'example.txt'
number_of_lines = count_lines_in_file(file_path)
print(f'The number of lines in the file is: {number_of_lines}')
```

In this code, we open the file in read mode, iterate through each line, and use a generator expression to count the lines efficiently. The `sum(1 for line in file)` counts each line as it is read.

Completed tasks so far (do not give me these tasks again!): 
	Write a Python function that takes a list of integers and returns a list of unique integers from that list.
	Write a Python function that takes a list of integers and returns a dictionary with the integers as keys and their counts as values.
	Write a Python function that takes two lists of integers and returns a list of integers that are present in both lists (the intersection).
	Write a Python function that takes a list of integers and returns a list of integers that are unique (appear only once) in the list.
	Write a Python function that takes a list of integers and returns a list of integers that are duplicates (appear more than once) in the list.
	Write a Python function that takes a list of integers and returns the second largest integer in the list. If the list has fewer than two unique integers, return None.
	Write a Python function that takes a list of integers and returns a new list containing only the even integers from the original list.
	Write a Python function that takes a list of integers and returns a list of integers that are greater than a given threshold value.
	Write a Python function that takes a string and returns the number of vowels in that string.
	Write a Python function that takes a string and returns a set of unique characters in that string.
	Write a Python function that takes a string and returns True if it is a palindrome (reads the same forwards and backwards), and False otherwise.
	Write a Python function that takes a string and returns a new string containing only the digits from the original string.
	Write a Python function that takes a list of strings and returns a new list containing only the strings that have a length greater than a specified threshold.
	Write a Python function that takes a list of strings and returns a new list of those strings sorted by their length in descending order.
	Write a Python function that takes a list of strings and returns a new list containing the lengths of each string in the original list.
	Write a Python function that takes a string and returns a new string with all the vowels removed.
	Write a Python function that takes a string and returns the number of distinct characters in that string.
	Write a Python function that takes two dictionaries and merges them. If there are duplicate keys, the values from the second dictionary should overwrite those from the first.
	Write a Python function that takes a string and returns a new string where each character is repeated twice.
	Write a Python function that takes a list of integers and returns a list of integers that are present in the list but not in a given set of excluded integers.

Failed tasks that are too hard: 
	Write a Python function that takes a dictionary and returns a new dictionary with the keys and values swapped. If there are duplicate values, keep only one of the keys.
	Write a Python function that takes a dictionary and returns a new dictionary containing only the items where the value is greater than a specified threshold.


INFO - [Task id] 22 [generation text] 
INFO - {
    "reasoning": "The student has demonstrated a solid understanding of basic Python functions and data manipulation. The next task should introduce them to a slightly more complex problem that involves using loops and conditionals, while still being manageable. This task will help them practice working with lists and understanding how to filter elements based on a condition.",
    "task": "Write a Python function that takes a list of integers and returns a new list containing only the integers that are multiples of a given number.",
    "gt_fn_name": "filter_multiples",
    "test_setup_code": "",
    "test_tuple": [
        "assert filter_multiples([1, 2, 3, 4, 5, 6], 2) == [2, 4, 6]",
        "assert filter_multiples([10, 15, 20, 25, 30], 5) == [10, 15, 20, 25, 30]",
        "assert filter_multiples([1, 3, 5, 7, 9], 2) == []"
    ]
}
INFO - {
    "reasoning": "The student has demonstrated a solid understanding of basic Python functions and data manipulation. The next task should introduce them to a slightly more complex problem that involves using loops and conditionals, while still being manageable. This task will help them practice working with lists and understanding how to filter elements based on a condition.",
    "task": "Write a Python function that takes a list of integers and returns a new list containing only the integers that are multiples of a given number.",
    "gt_fn_name": "filter_multiples",
    "test_setup_code": "",
    "test_tuple": [
        "assert filter_multiples([1, 2, 3, 4, 5, 6], 2) == [2, 4, 6]",
        "assert filter_multiples([10, 15, 20, 25, 30], 5) == [10, 15, 20, 25, 30]",
        "assert filter_multiples([1, 3, 5, 7, 9], 2) == []"
    ]
}
INFO - The task prompt is Write a Python function that takes a list of integers and returns a new list containing only the integers that are multiples of a given number.
You must strictly follow the function name: filter_multiples

INFO - LM call n parse attempt 1 / 3

INFO - [Task id] 22 [prompt] 
You are a helpful assistant that answer my question about Python programming.

I will give you the following information:
Question: ...

You will answer the question based on the context (only if available and helpful) and your own knowledge of Python programming.
1) Start your answer with "Answer: ".
2) Answer "Answer: Unknown" if you don't know the answer.

INFO - [Task id] 22 [prompt] Question: Explain at a conceptual level, how to accomplish the below task in Python programming?
Write a Python function that takes a list of integers and returns a new list containing only the integers that are multiples of a given number.
INFO - [Task id] 22 [generation text] Answer: To accomplish the task of creating a Python function that filters a list of integers based on whether they are multiples of a given number, you can follow these conceptual steps:

1. **Define the Function**: Start by defining a function that takes two parameters: the list of integers and the number to check for multiples.

2. **Initialize an Empty List**: Inside the function, create an empty list that will hold the integers that are multiples of the given number.

3. **Iterate Through the List**: Use a loop to go through each integer in the provided list.

4. **Check for Multiples**: For each integer, check if it is a multiple of the given number. This can be done using the modulus operator (`%`). If `integer % number == 0`, then the integer is a multiple.

5. **Append to the New List**: If the integer is a multiple, append it to the new list.

6. **Return the New List**: After the loop has finished, return the new list containing only the multiples.

Here is a conceptual outline of what the function might look like in code:

```python
def filter_multiples(int_list, multiple_of):
    result = []  # Step 2: Initialize an empty list
    for number in int_list:  # Step 3: Iterate through the list
        if number % multiple_of == 0:  # Step 4: Check for multiples
            result.append(number)  # Step 5: Append to the new list
    return result  # Step 6: Return the new list
```

This function can then be called with a list of integers and a specific number to filter out the multiples.
INFO - Attempting task_id 22
INFO - [35m Rollout attempt 1/4[0m
INFO - [33m Retrieving 5 entries for db: skill 
 [0m
INFO - [33m filter_even_numbers, filter_excluded_numbers, find_duplicates, unique_integers, filter_greater_than[0m
INFO - LM call n parse attempt 1 / 3

INFO - [Task id] 22 [prompt] You are a helpful assistant that writes python code to solve a task specified by me.

Here are some useful functions written earlier which you can reuse or reference.


[Entry]:


    def filter_even_numbers(input_list):
        even_numbers = []
        for number in input_list:
            if ((number % 2) == 0):
                even_numbers.append(number)
        return even_numbers

[/Entry]

[Entry]:


    def filter_excluded_numbers(int_list, excluded_set):
        return [num for num in int_list if (num not in excluded_set)]

[/Entry]

[Entry]:


    def find_duplicates(int_list):
        counts = {}
        duplicates = []
        for num in int_list:
            if (num in counts):
                counts[num] += 1
            else:
                counts[num] = 1
        for (num, count) in counts.items():
            if (count > 1):
                duplicates.append(num)
        return duplicates

[/Entry]

[Entry]:


    def unique_integers(int_list):
        unique_set = set(int_list)
        return list(unique_set)

[/Entry]

[Entry]:


    def filter_greater_than(numbers, threshold):
        result = []
        for number in numbers:
            if (number > threshold):
                result.append(number)
        return result

[/Entry]






At each round of conversation, I will give you
[Environment feedback] (after executing code) ...
[Code from the last round] ...
[Task] ...
[Context] ...
[Critique] ...

You should then respond to me with
Explain (if applicable): Are there any steps missing in your plan? Why does the code not complete the task? What does the chat log and execution error imply?
Plan: How to complete the task step by step. 
Code:
    1) Reuse or reference the above useful programs if necessary.
    2) Your function will be reused for building more complex functions. Therefore, you should make it generic and reusable. 
    3) Functions in the "Code from the last round" section will not be saved or executed. Do not reuse functions listed there.
    4) Anything defined outside a function will be ignored, define all your variables inside your functions.
    5) Do not write infinite loops.
    6) If the task specifies a function name to be used, follow it strictly (be case sensitive!). Else, name your function in a meaningful way (can infer the task from the name).
    7) Your code should only contain elements that solve the task, so DO NOT write any assert statements / tests
    8) The context in the [Context] tag serves as a casual tip (which can be wrong) to help you on the task, but your priority is to follow instructions in the [Task] tag.

You should only respond in the format as described below:
RESPONSE FORMAT:

Explain: ...
Plan:
1) ...
2) ...
3) ...
...
Code:
```python
# helper functions (only if needed, try to avoid them)
...
# main function after the helper functions
def yourMainFunctionName(args):
  # ...

```


INFO - [Task id] 22 [prompt] [Environment feedback]
None

[Code from the last round]
No code in the first round

[Task]
Write a Python function that takes a list of integers and returns a new list containing only the integers that are multiples of a given number.
You must strictly follow the function name: filter_multiples

[Context]
Rough plan to accomplish the task (can be wrong): 
Answer: To accomplish the task of creating a Python function that filters a list of integers based on whether they are multiples of a given number, you can follow these conceptual steps:

1. **Define the Function**: Start by defining a function that takes two parameters: the list of integers and the number to check for multiples.

2. **Initialize an Empty List**: Inside the function, create an empty list that will hold the integers that are multiples of the given number.

3. **Iterate Through the List**: Use a loop to go through each integer in the provided list.

4. **Check for Multiples**: For each integer, check if it is a multiple of the given number. This can be done using the modulus operator (`%`). If `integer % number == 0`, then the integer is a multiple.

5. **Append to the New List**: If the integer is a multiple, append it to the new list.

6. **Return the New List**: After the loop has finished, return the new list containing only the multiples.

Here is a conceptual outline of what the function might look like in code:

```python
def filter_multiples(int_list, multiple_of):
    result = []  # Step 2: Initialize an empty list
    for number in int_list:  # Step 3: Iterate through the list
        if number % multiple_of == 0:  # Step 4: Check for multiples
            result.append(number)  # Step 5: Append to the new list
    return result  # Step 6: Return the new list
```

This function can then be called with a list of integers and a specific number to filter out the multiples.


[Critique]
None


INFO - [Task id] 22 [generation text] Explain: The provided plan is clear and outlines the necessary steps to create the function `filter_multiples`. It correctly identifies the need to define the function, initialize a list, iterate through the input list, check for multiples, and return the result. There are no missing steps in the plan.

Plan:
1) Define the function `filter_multiples` that takes two parameters: a list of integers and a number to check for multiples.
2) Initialize an empty list to store the multiples of the given number.
3) Iterate through each integer in the input list.
4) Check if the integer is a multiple of the given number using the modulus operator.
5) If it is a multiple, append it to the list of results.
6) Return the list of multiples.

Code:
```python
def filter_multiples(int_list, multiple_of):
    result = []  # Step 2: Initialize an empty list
    for number in int_list:  # Step 3: Iterate through the list
        if number % multiple_of == 0:  # Step 4: Check for multiples
            result.append(number)  # Step 5: Append to the new list
    return result  # Step 6: Return the new list
```
INFO - program_code:
 

def filter_multiples(int_list, multiple_of):
    result = []
    for number in int_list:
        if ((number % multiple_of) == 0):
            result.append(number)
    return result


INFO - program_name:
 filter_multiples

INFO - dependencies:
 []

INFO - raw_msg:
 Explain: The provided plan is clear and outlines the necessary steps to create the function `filter_multiples`. It correctly identifies the need to define the function, initialize a list, iterate through the input list, check for multiples, and return the result. There are no missing steps in the plan.

Plan:
1) Define the function `filter_multiples` that takes two parameters: a list of integers and a number to check for multiples.
2) Initialize an empty list to store the multiples of the given number.
3) Iterate through each integer in the input list.
4) Check if the integer is a multiple of the given number using the modulus operator.
5) If it is a multiple, append it to the list of results.
6) Return the list of multiples.

Code:
```python
def filter_multiples(int_list, multiple_of):
    result = []  # Step 2: Initialize an empty list
    for number in int_list:  # Step 3: Iterate through the list
        if number % multiple_of == 0:  # Step 4: Check for multiples
            result.append(number)  # Step 5: Append to the new list
    return result  # Step 6: Return the new list
```

INFO - no_parent:
 True

INFO - full code to be executed: 
 

def filter_multiples(int_list, multiple_of):
    result = []
    for number in int_list:
        if ((number % multiple_of) == 0):
            result.append(number)
    return result


INFO - obs: Tests passed:
assert filter_multiples([1, 2, 3, 4, 5, 6], 2) == [2, 4, 6]
assert filter_multiples([10, 15, 20, 25, 30], 5) == [10, 15, 20, 25, 30]
assert filter_multiples([1, 3, 5, 7, 9], 2) == []

Tests failed:
None
reward: True
done: None
info: {'individual_results': (True, True, True)}
INFO - LM call n parse attempt 1 / 5

INFO - [Task id] 22 [prompt] 
You are a Python programming assistant that assesses my progress of Python programming and provides useful guidance.

I will give you the following information:

[Task]: The objective I need to accomplish.
[Context]: The context of the task. Serves as a casual tip (which can be wrong) to help me on the task, but my priority is to follow instructions in the Task tag.
[function impl]: My function implementation that is intended to complete the task
[unit test results]: The results after executing my function implementation on the unit tests

Your first goal is to use these info to evaluate if I have met the task requirements, and explain why. 
It is possible that the unit test results all pass, but the code does not accomplish the task (eg by failing to accomplish the task in scenarios not covered by the unit tests)
It is also possible that the unit tests are wrong in the first place, though the code accomplishes the task and fails the unit test.

If I have not met the task requirements, write a few sentences to explain why the function implementation is wrong as indicated by the tests. 
You will need this as guidance when you try again later.
Only provide the few sentence description in your answer, not the implementation. 
Suggest how the function implementation can be changed, NOT the test cases (assert statements)

You should only respond in JSON format as described below:
The output should be formatted as a JSON instance that conforms to the JSON schema below.

As an example, for the schema {"properties": {"foo": {"title": "Foo", "description": "a list of strings", "type": "array", "items": {"type": "string"}}}, "required": ["foo"]}
the object {"foo": ["bar", "baz"]} is a well-formatted instance of the schema. The object {"properties": {"foo": ["bar", "baz"]}} is not well-formatted.

Here is the output schema:
```
{"description": "Represents the critique of a task attempt, including reasoning, success status, and suggestions for improvement.\n\nAttributes:\n    reasoning (str): Explanation of why the task was succeeded or failed.\n    success (bool): Indicates whether the task requirements were met.\n    critique (str): Suggestions or critique to help improve future task attempts.", "properties": {"reasoning": {"description": "reason why I have succeeded or failed at the task", "title": "Reasoning", "type": "string"}, "success": {"description": "evaluate if I have met the task requirements", "title": "Success", "type": "boolean"}, "critique": {"description": "critique to help me improve", "title": "Critique", "type": "string"}}, "required": ["reasoning", "success", "critique"]}
```

INFO - [Task id] 22 [prompt] 
Here are some examples:

Example 1:
[function impl]:
```python
def longest_subarray_with_sum_limit(nums: List[int], target: int) -> List[int]:
    n = len(nums)
    left, right = 0, 0
    max_length = 0
    current_sum = 0
    result = []
    while right < n:
        current_sum += nums[right]
        while current_sum > target:
            current_sum -= nums[left]
            left += 1
        if right - left + 1 >= max_length:
            max_length = right - left + 1
            result = nums[left:right+1]
        right += 1
    return result
```
[unit test results]:
Tests passing:
assert longest_subarray_with_sum_limit([1, 2, 3, 4, 5], 8) == [1, 2, 3]
assert longest_subarray_with_sum_limit([1, 2, 3, 4, 5], 15) == [1, 2, 3, 4, 5]
assert longest_subarray_with_sum_limit([1, -1, 2, -2, 3, -3], 2) == [1, -1, 2, -2, 3]
assert longest_subarray_with_sum_limit([], 10) == []
assert longest_subarray_with_sum_limit([], 0) == []
assert longest_subarray_with_sum_limit([], -5) == []  
Tests failing:
assert longest_subarray_with_sum_limit([5, 6, 7, 8, 9], 4) == [] # output: [5]

RESPONSE:
{
    "reasoning": "The implementation failed the test case where no subarray fulfills the condition",
    "success": false,
    "critique": "The issue in the implementation is due to the use of >= instead of > in the condition to update the result. Because of this, it returns a subarray even when the sum is greater than the target, as it still updates the result when the current subarray length is equal to the previous longest subarray length. To overcome this error, we should change the condition to only update the result when the current subarray length is strictly greater than the previous longest subarray length. This can be done by replacing >= with > in the condition."
}


Example 2:
[function impl]:
```python
def longest_subarray_with_sum_limit(nums: List[int], target: int) -> List[int]:
    n = len(nums)
    left, right = 0, 0
    max_length = 0
    current_sum = 0
    result = []
    while current_sum + nums[right] <= target:
        current_sum += nums[right]
        right += 1
    while right < n:
        current_sum += nums[right]
        while current_sum > target:
            current_sum -= nums[left]
            left += 1
        if right - left + 1 > max_length:
            max_length = right - left + 1
            result = nums[left:right+1]
        right += 1
    return result
```
[unit test results]:
Tests passing:
assert longest_subarray_with_sum_limit([], 10) == []
assert longest_subarray_with_sum_limit([], 0) == []
assert longest_subarray_with_sum_limit([], -5) == []
Tests failing:
assert longest_subarray_with_sum_limit([1, 2, 3, 4, 5], 8) == [1, 2, 3] # output: list index out of range
assert longest_subarray_with_sum_limit([1, 2, 3, 4, 5], 15) == [1, 2, 3, 4, 5] # output: list index out of range
assert longest_subarray_with_sum_limit([5, 6, 7, 8, 9], 4) == [] # output: list index out of range
assert longest_subarray_with_sum_limit([1, -1, 2, -2, 3, -3], 2) == [1, -1, 2, -2, 3] # output: list index out of range

RESPONSE:
{
    "reason": "The implementation failed 4 out of the 7 test cases due to an IndexError.",
    "success": false,
    "critique": "The issue stems from the while loop while current_sum + nums[right] <= target:, which directly accesses nums[right] without checking if right is within the bounds of the list. This results in a runtime error when right goes beyond the list length. To overcome this error, we need to add a bounds check for the right variable in the mentioned while loop. We can modify the loop condition to while right < len(nums) and current_sum + nums[right] <= target:. This change will ensure that we only access elements within the bounds of the list, thus avoiding the IndexError."
}


END OF EXAMPLES

INFO - [Task id] 22 [prompt] [Task]:
Write a Python function that takes a list of integers and returns a new list containing only the integers that are multiples of a given number.
[Context]: 
 Rough plan to accomplish the task (can be wrong): 
Answer: To accomplish the task of creating a Python function that filters a list of integers based on whether they are multiples of a given number, you can follow these conceptual steps:

1. **Define the Function**: Start by defining a function that takes two parameters: the list of integers and the number to check for multiples.

2. **Initialize an Empty List**: Inside the function, create an empty list that will hold the integers that are multiples of the given number.

3. **Iterate Through the List**: Use a loop to go through each integer in the provided list.

4. **Check for Multiples**: For each integer, check if it is a multiple of the given number. This can be done using the modulus operator (`%`). If `integer % number == 0`, then the integer is a multiple.

5. **Append to the New List**: If the integer is a multiple, append it to the new list.

6. **Return the New List**: After the loop has finished, return the new list containing only the multiples.

Here is a conceptual outline of what the function might look like in code:

```python
def filter_multiples(int_list, multiple_of):
    result = []  # Step 2: Initialize an empty list
    for number in int_list:  # Step 3: Iterate through the list
        if number % multiple_of == 0:  # Step 4: Check for multiples
            result.append(number)  # Step 5: Append to the new list
    return result  # Step 6: Return the new list
```

This function can then be called with a list of integers and a specific number to filter out the multiples.


[function impl]:


def filter_multiples(int_list, multiple_of):
    result = []
    for number in int_list:
        if ((number % multiple_of) == 0):
            result.append(number)
    return result

[unit test results]:
Tests passed:
assert filter_multiples([1, 2, 3, 4, 5, 6], 2) == [2, 4, 6]
assert filter_multiples([10, 15, 20, 25, 30], 5) == [10, 15, 20, 25, 30]
assert filter_multiples([1, 3, 5, 7, 9], 2) == []

Tests failed:
None

INFO - [Task id] 22 [generation text] 
INFO - {
    "reasoning": "The implementation successfully meets the task requirements as it correctly filters the list of integers to return only those that are multiples of the specified number. All unit tests passed without any issues, indicating that the function behaves as expected in the provided scenarios.",
    "success": true,
    "critique": "Great job! Your implementation is correct and passes all the tests. To further enhance your function, consider adding input validation to handle cases where the input list might be empty or the multiple_of parameter is zero, which could lead to a division by zero error."
}
INFO - {
    "reasoning": "The implementation successfully meets the task requirements as it correctly filters the list of integers to return only those that are multiples of the specified number. All unit tests passed without any issues, indicating that the function behaves as expected in the provided scenarios.",
    "success": true,
    "critique": "Great job! Your implementation is correct and passes all the tests. To further enhance your function, consider adding input validation to handle cases where the input list might be empty or the multiple_of parameter is zero, which could lead to a division by zero error."
}
INFO - [task_id]: 22 [Result]: True
INFO - LM call n parse attempt 1 / 3

INFO - [Task id] 22 [prompt] 
You are a helpful assistant that writes a description of the given function written in the Python programming language.

1) Do not mention the function name.
2) Do not mention anything about helper functions.
3) There might be some helper functions before the main function, but you only need to describe the main function.
4) Try to summarize the function in no more than 6 sentences.
5) Your response should be a single line of text.

INFO - [Task id] 22 [prompt] 

def filter_multiples(int_list, multiple_of):
    result = []
    for number in int_list:
        if ((number % multiple_of) == 0):
            result.append(number)
    return result


The main function is `filter_multiples`.
INFO - [Task id] 22 [generation text] This function takes a list of integers and a specified multiple as input. It iterates through the list and checks each number to see if it is divisible by the given multiple. If a number is found to be a multiple, it is added to a new result list. After checking all the numbers, the function returns the list of multiples. The output will only include those integers from the original list that meet the divisibility condition. This allows for easy filtering of numbers based on their relationship to the specified multiple.
INFO - Num Completed Tasks: 21, Num Failed Tasks: 2
