INFO - DB skill doc count: 9

INFO - [train iter]: 10/100 

INFO - LM call n parse attempt 1 / 3

INFO - [Task id] 10 [prompt] 
You are a helpful assistant that asks questions to help me decide the next immediate task to do for Python programming.
My ultimate goal is to solve as many diverse problems as possible and become the best programmer in the world.

I will give you the following information:
Completed tasks so far: ...
Failed tasks that are too hard: ...

You must follow the following criteria:
1) You should ask at least 5 questions (but no more than 10 questions) to help me decide the next immediate task to do. Each question should be followed by the concept that the question is about.
2) Your question should be specific to a concept in Python programming.
  Bad example (the question is too general):
    Question: What is the best way to program in Python?
    Concept: unknown
  Good example:
    Question: How do you reverse a list?
    Concept: list
3) Your questions should be self-contained and not require any context.

Respond in JSON, and follow the keys and expected format of the values strictly.


Response format:
The output should be formatted as a JSON instance that conforms to the JSON schema below.

As an example, for the schema {"properties": {"foo": {"title": "Foo", "description": "a list of strings", "type": "array", "items": {"type": "string"}}}, "required": ["foo"]}
the object {"foo": ["bar", "baz"]} is a well-formatted instance of the schema. The object {"properties": {"foo": ["bar", "baz"]}} is not well-formatted.

Here is the output schema:
```
{"$defs": {"QuestionConcept": {"properties": {"question": {"description": "A question related to Python programming, to help me brainstorm the next immediate task to do", "title": "Question", "type": "string"}, "concept": {"description": "The Python programming concept associated with the question above", "title": "Concept", "type": "string"}}, "required": ["question", "concept"], "title": "QuestionConcept", "type": "object"}}, "properties": {"reasoning": {"description": "Reason out, step-by-step, why you picked these questions and concepts", "title": "Reasoning", "type": "string"}, "question_concept_list": {"description": "list of questions and their associated concepts", "items": {"$ref": "#/$defs/QuestionConcept"}, "title": "Question Concept List", "type": "array"}}, "required": ["reasoning", "question_concept_list"]}
```


INFO - [Task id] 10 [prompt] Completed tasks so far (do not give me these tasks again!): 
	Write a Python function that takes a list of integers and returns a new list containing only the even numbers from the original list.
	Write a Python function that takes a list of strings and returns a dictionary where the keys are the strings and the values are the number of times each string appears in the list.
	Write a Python function that takes a list of strings and returns a dictionary where the keys are the lengths of the strings and the values are lists of strings of that length.
	Write a Python function that takes a string and returns the first non-repeating character in it. If all characters repeat, return None.
	Write a Python function that takes a list of integers and returns a list of all unique pairs (as tuples) that sum up to a given target integer. The pairs should be sorted in ascending order, and each pair should be sorted as well.
	Write a Python function that takes a string and returns the longest substring without repeating characters.
	Write a Python function that takes two lists of integers and returns a list of their common elements. The result should not contain duplicates and should be sorted in ascending order.
	Write a Python function that takes a list of integers and sorts it in ascending order using the bubble sort algorithm. The function should return the sorted list.
	Write a Python function that takes a list of integers and returns a new list with the elements in reverse order.

Failed tasks that are too hard: 
	Write a Python function that implements a queue using a list. The function should support enqueue (add an item to the end of the queue), dequeue (remove an item from the front of the queue), and is_empty (check if the queue is empty) operations. The function should return a tuple of results from these operations for testing purposes.


INFO - [Task id] 10 [generation text] 
INFO - {
    "reasoning": "I selected these questions to cover a variety of Python programming concepts that are fundamental and useful for building a strong foundation. The questions focus on data structures, algorithms, and string manipulation, which are essential skills for any programmer. Additionally, they provide opportunities to practice problem-solving and coding skills in different contexts.",
    "question_concept_list": [
        {
            "question": "How do you implement a stack using a list in Python?",
            "concept": "stack"
        },
        {
            "question": "What is the best way to merge two sorted lists into one sorted list?",
            "concept": "list manipulation"
        },
        {
            "question": "How can you find the maximum and minimum values in a list without using built-in functions?",
            "concept": "list"
        },
        {
            "question": "What is the method to check if a string is a palindrome in Python?",
            "concept": "string"
        },
        {
            "question": "How do you create a simple class in Python and instantiate objects from it?",
            "concept": "object-oriented programming"
        }
    ]
}
INFO - {
    "reasoning": "I selected these questions to cover a variety of Python programming concepts that are fundamental and useful for building a strong foundation. The questions focus on data structures, algorithms, and string manipulation, which are essential skills for any programmer. Additionally, they provide opportunities to practice problem-solving and coding skills in different contexts.",
    "question_concept_list": [
        {
            "question": "How do you implement a stack using a list in Python?",
            "concept": "stack"
        },
        {
            "question": "What is the best way to merge two sorted lists into one sorted list?",
            "concept": "list manipulation"
        },
        {
            "question": "How can you find the maximum and minimum values in a list without using built-in functions?",
            "concept": "list"
        },
        {
            "question": "What is the method to check if a string is a palindrome in Python?",
            "concept": "string"
        },
        {
            "question": "How do you create a simple class in Python and instantiate objects from it?",
            "concept": "object-oriented programming"
        }
    ]
}
INFO - LM call n parse attempt 1 / 3

INFO - [Task id] 10 [prompt] 
You are a helpful assistant that answer my question about Python programming.

I will give you the following information:
Question: ...

You will answer the question based on the context (only if available and helpful) and your own knowledge of Python programming.
1) Start your answer with "Answer: ".
2) Answer "Answer: Unknown" if you don't know the answer.

INFO - [Task id] 10 [prompt] Question: What is the method to check if a string is a palindrome in Python?
INFO - [Task id] 10 [generation text] Answer: To check if a string is a palindrome in Python, you can compare the string to its reverse. Here’s a simple method to do that:

```python
def is_palindrome(s):
    # Remove spaces and convert to lowercase for a case-insensitive comparison
    s = s.replace(" ", "").lower()
    return s == s[::-1]

# Example usage
print(is_palindrome("A man a plan a canal Panama"))  # Output: True
```

In this code, `s[::-1]` creates a reversed version of the string `s`, and the function returns `True` if the original string is the same as its reverse, indicating that it is a palindrome.
INFO - LM call n parse attempt 1 / 5

INFO - [Task id] 10 [prompt] 
You are a helpful assistant that tells me the next immediate task (in the form of a function) to do for Python programming. 
My ultimate goal is to solve as many diverse problems as possible and become the best programmer in the world.

I will give you the following information:
Question 1: ...
Answer: ...
Question 2: ...
Answer: ...
Question 3: ...
Answer: ...
...
Completed tasks so far: ...
Failed tasks that are too hard: ...

You must follow the following criteria:
1) You should act as a mentor and guide me to the next task based on my current learning progress. As a rule of thumb, guide me through beginner problems, followed by interview level problems, followed by competitive programming problems. The latter 2 levels can involve concepts from data structures and algorithms.
2) Please be very specific about what skills I need to learn.
3) Do not propose multiple tasks at the same time. Do not mention anything else.
4) The next task should not be too hard since I may not have learned enough skills to complete it yet.
5) The next task should be novel and interesting. I should look for problems which I have not solved yet. I should not be doing the same thing over and over again.
6) The task should involve writing a main Python function that at most use basic libraries (try not to import too many or too advanced modules)
7) Do not give tasks that require file operations (create, read, update, delete) or an internet connection.
8) I am only allowed to write Python functions, so do not require me to write other things (e.g. objects). 
9) Requiring me to write a function that takes in an object and uses object methods is still ok, but I cannot define the objects myself. You must provide the objects as input to my function in the assert statement.

Take note of these in your response:
1) Give an expected function name for the task.
2) Give a tuple of 3 assert statements that tests the function's correctness in the "test_tuple" field. This must strictly contain single-line assert statements only; any setup code for the test must be filled in the "test_setup_code" field.
3) The function name which you gave must be called in the assert statements. 

Respond in JSON, and follow the keys and expected format of the values strictly.


Response format:
The output should be formatted as a JSON instance that conforms to the JSON schema below.

As an example, for the schema {"properties": {"foo": {"title": "Foo", "description": "a list of strings", "type": "array", "items": {"type": "string"}}}, "required": ["foo"]}
the object {"foo": ["bar", "baz"]} is a well-formatted instance of the schema. The object {"properties": {"foo": ["bar", "baz"]}} is not well-formatted.

Here is the output schema:
```
{"properties": {"reasoning": {"description": "Based on the information listed above, reason about what the next task should be.", "title": "Reasoning", "type": "string"}, "task": {"description": "The next task, which requires me to write a single function. Be sure to state the expected data structure for inputs and outputs.", "title": "Task", "type": "string"}, "gt_fn_name": {"description": "The expected name for the single function for the task", "title": "Gt Fn Name", "type": "string"}, "test_setup_code": {"description": "setup code, if required. This will be run just before the assert statements are executed.", "title": "Test Setup Code", "type": "string"}, "test_tuple": {"description": "Tuple of 3 SINGLE-LINE test cases that starts with 'assert' to test the function's correctness.Any extra required code should be written in the test_setup_code field.", "items": {"type": "string"}, "maxItems": 3, "minItems": 3, "prefixItems": [{"type": "string"}, {"type": "string"}, {"type": "string"}], "title": "Test Tuple", "type": "array"}}, "required": ["reasoning", "task", "gt_fn_name", "test_setup_code", "test_tuple"]}
```


INFO - [Task id] 10 [prompt] 
Here's an example response:
{
    "reasoning": "The student has shown proficiency in basic Python syntax and list manipulation, but struggles with problems involving more complex algorithms and data structures. This task will help them practice using sets or dictionaries for efficient lookups, and understand the concept of algorithmic complexity.",
    "task": "Write a Python function that takes a list of integers and returns the tuple of two numbers that sum up to zero. If no such pair exists, return None.",
    "gt_fn_name": "find_zero_sum",
    "test_setup_code": "",
    "test_tuple": [
        "assert find_zero_sum([1, 2, 3, -2, -1]) == (2, -2)",
        "assert find_zero_sum([1, 2, 3, 4, 5]) == None",
        "assert find_zero_sum([1, 4, 3, -4, -1]) == (4, -4)"
    ]
}

INFO - [Task id] 10 [prompt] Question 1: How can you implement a stack using a list in Python?
Answer: You can implement a stack using a list in Python by utilizing the list's built-in methods. A stack follows the Last In First Out (LIFO) principle, which means that the last element added to the stack is the first one to be removed. Here’s a simple implementation:

```python
class Stack:
    def __init__(self):
        self.items = []

    def is_empty(self):
        return len(self.items) == 0

    def push(self, item):
        self.items.append(item)

    def pop(self):
        if not self.is_empty():
            return self.items.pop()
        else:
            raise IndexError("pop from empty stack")

    def peek(self):
        if not self.is_empty():
            return self.items[-1]
        else:
            raise IndexError("peek from empty stack")

    def size(self):
        return len(self.items)

# Example usage:
stack = Stack()
stack.push(1)
stack.push(2)
print(stack.pop())  # Output: 2
print(stack.peek()) # Output: 1
print(stack.size()) # Output: 1
```

In this implementation:
- `push(item)` adds an item to the top of the stack.
- `pop()` removes and returns the item from the top of the stack.
- `peek()` returns the item at the top of the stack without removing it.
- `is_empty()` checks if the stack is empty.
- `size()` returns the number of items in the stack.

Question 2: What is the best way to merge two sorted lists into a single sorted list?
Answer: The best way to merge two sorted lists into a single sorted list is to use a two-pointer technique. This method involves iterating through both lists simultaneously and comparing the elements at the current pointers. Here’s a simple implementation in Python:

```python
def merge_sorted_lists(list1, list2):
    merged_list = []
    i, j = 0, 0

    while i < len(list1) and j < len(list2):
        if list1[i] < list2[j]:
            merged_list.append(list1[i])
            i += 1
        else:
            merged_list.append(list2[j])
            j += 1

    # Append any remaining elements from list1
    while i < len(list1):
        merged_list.append(list1[i])
        i += 1

    # Append any remaining elements from list2
    while j < len(list2):
        merged_list.append(list2[j])
        j += 1

    return merged_list

# Example usage:
list1 = [1, 3, 5]
list2 = [2, 4, 6]
result = merge_sorted_lists(list1, list2)
print(result)  # Output: [1, 2, 3, 4, 5, 6]
```

This approach efficiently merges the two lists in O(n + m) time complexity, where n and m are the lengths of the two lists.

Question 3: How can you find the maximum and minimum values in a list without using built-in functions?
Answer: You can find the maximum and minimum values in a list without using built-in functions by iterating through the list and keeping track of the current maximum and minimum values. Here’s a simple example of how to do this:

```python
def find_max_min(numbers):
    if not numbers:  # Check if the list is empty
        return None, None

    max_value = numbers[0]
    min_value = numbers[0]

    for number in numbers:
        if number > max_value:
            max_value = number
        if number < min_value:
            min_value = number

    return max_value, min_value

# Example usage
numbers = [3, 1, 4, 1, 5, 9, 2, 6, 5]
max_value, min_value = find_max_min(numbers)
print("Maximum:", max_value)
print("Minimum:", min_value)
```

In this code, we initialize `max_value` and `min_value` with the first element of the list. We then iterate through each number in the list, updating `max_value` and `min_value` as needed. Finally, we return the maximum and minimum values found.

Question 4: What is the method to check if a string is a palindrome in Python?
Answer: To check if a string is a palindrome in Python, you can compare the string to its reverse. Here’s a simple method to do that:

```python
def is_palindrome(s):
    # Remove spaces and convert to lowercase for a case-insensitive comparison
    s = s.replace(" ", "").lower()
    return s == s[::-1]

# Example usage
print(is_palindrome("A man a plan a canal Panama"))  # Output: True
```

In this code, `s[::-1]` creates a reversed version of the string `s`, and the function returns `True` if the original string is the same as its reverse, indicating that it is a palindrome.

Question 5: How do you create a class in Python and instantiate objects from it?
Answer: To create a class in Python, you use the `class` keyword followed by the class name and a colon. Inside the class, you can define methods (functions) and attributes (variables) that belong to the class. To instantiate objects from the class, you call the class as if it were a function.

Here is a simple example:

```python
# Define a class
class Dog:
    # Constructor method to initialize attributes
    def __init__(self, name, age):
        self.name = name  # Instance variable for the dog's name
        self.age = age    # Instance variable for the dog's age

    # Method to make the dog bark
    def bark(self):
        return f"{self.name} says woof!"

# Instantiate objects from the class
dog1 = Dog("Buddy", 3)
dog2 = Dog("Max", 5)

# Accessing attributes and methods
print(dog1.name)  # Output: Buddy
print(dog2.age)   # Output: 5
print(dog1.bark())  # Output: Buddy says woof!
```

In this example, we created a `Dog` class with a constructor (`__init__`) that initializes the `name` and `age` attributes. We then created two instances of the `Dog` class, `dog1` and `dog2`, and demonstrated how to access their attributes and call their methods.

Completed tasks so far (do not give me these tasks again!): 
	Write a Python function that takes a list of integers and returns a new list containing only the even numbers from the original list.
	Write a Python function that takes a list of strings and returns a dictionary where the keys are the strings and the values are the number of times each string appears in the list.
	Write a Python function that takes a list of strings and returns a dictionary where the keys are the lengths of the strings and the values are lists of strings of that length.
	Write a Python function that takes a string and returns the first non-repeating character in it. If all characters repeat, return None.
	Write a Python function that takes a list of integers and returns a list of all unique pairs (as tuples) that sum up to a given target integer. The pairs should be sorted in ascending order, and each pair should be sorted as well.
	Write a Python function that takes a string and returns the longest substring without repeating characters.
	Write a Python function that takes two lists of integers and returns a list of their common elements. The result should not contain duplicates and should be sorted in ascending order.
	Write a Python function that takes a list of integers and sorts it in ascending order using the bubble sort algorithm. The function should return the sorted list.
	Write a Python function that takes a list of integers and returns a new list with the elements in reverse order.

Failed tasks that are too hard: 
	Write a Python function that implements a queue using a list. The function should support enqueue (add an item to the end of the queue), dequeue (remove an item from the front of the queue), and is_empty (check if the queue is empty) operations. The function should return a tuple of results from these operations for testing purposes.


INFO - [Task id] 10 [generation text] 
INFO - {
    "reasoning": "The student has successfully completed tasks involving basic list operations, string manipulations, and simple algorithms. They have also attempted a task involving data structures but found it challenging. To build on their current skills and gradually introduce them to more complex concepts, the next task should involve a simple algorithm that requires understanding of basic mathematical operations and logic. This will help them practice algorithmic thinking without overwhelming them with complex data structures.",
    "task": "Write a Python function that takes a list of integers and returns the greatest common divisor (GCD) of the numbers in the list. Use the Euclidean algorithm to find the GCD.",
    "gt_fn_name": "find_gcd_of_list",
    "test_setup_code": "",
    "test_tuple": [
        "assert find_gcd_of_list([48, 64, 16]) == 16",
        "assert find_gcd_of_list([7, 14, 21]) == 7",
        "assert find_gcd_of_list([5, 10, 15, 20]) == 5"
    ]
}
INFO - {
    "reasoning": "The student has successfully completed tasks involving basic list operations, string manipulations, and simple algorithms. They have also attempted a task involving data structures but found it challenging. To build on their current skills and gradually introduce them to more complex concepts, the next task should involve a simple algorithm that requires understanding of basic mathematical operations and logic. This will help them practice algorithmic thinking without overwhelming them with complex data structures.",
    "task": "Write a Python function that takes a list of integers and returns the greatest common divisor (GCD) of the numbers in the list. Use the Euclidean algorithm to find the GCD.",
    "gt_fn_name": "find_gcd_of_list",
    "test_setup_code": "",
    "test_tuple": [
        "assert find_gcd_of_list([48, 64, 16]) == 16",
        "assert find_gcd_of_list([7, 14, 21]) == 7",
        "assert find_gcd_of_list([5, 10, 15, 20]) == 5"
    ]
}
INFO - The task prompt is Write a Python function that takes a list of integers and returns the greatest common divisor (GCD) of the numbers in the list. Use the Euclidean algorithm to find the GCD.
You must strictly follow the function name: find_gcd_of_list

INFO - LM call n parse attempt 1 / 3

INFO - [Task id] 10 [prompt] 
You are a helpful assistant that answer my question about Python programming.

I will give you the following information:
Question: ...

You will answer the question based on the context (only if available and helpful) and your own knowledge of Python programming.
1) Start your answer with "Answer: ".
2) Answer "Answer: Unknown" if you don't know the answer.

INFO - [Task id] 10 [prompt] Question: Explain at a conceptual level, how to accomplish the below task in Python programming?
Write a Python function that takes a list of integers and returns the greatest common divisor (GCD) of the numbers in the list. Use the Euclidean algorithm to find the GCD.
INFO - [Task id] 10 [generation text] Answer: To accomplish the task of finding the greatest common divisor (GCD) of a list of integers using the Euclidean algorithm in Python, you can follow these conceptual steps:

1. **Understand the Euclidean Algorithm**: The Euclidean algorithm is a method for finding the GCD of two numbers. It is based on the principle that the GCD of two numbers also divides their difference. The algorithm can be summarized as follows:
   - If `b` is 0, then GCD(a, b) is `a`.
   - Otherwise, GCD(a, b) is the same as GCD(b, a % b), where `%` is the modulus operator.

2. **Define a Function for GCD of Two Numbers**: Create a helper function that implements the Euclidean algorithm to compute the GCD of two integers.

3. **Iterate Over the List**: To find the GCD of more than two numbers, you can iteratively apply the GCD function to the list. Start with the first number as the initial GCD and then compute the GCD of this result with the next number in the list, continuing until all numbers have been processed.

4. **Return the Result**: After processing all numbers in the list, return the final GCD value.

Here is a conceptual outline of the function:

```python
def gcd(a, b):
    while b != 0:
        a, b = b, a % b
    return a

def gcd_of_list(numbers):
    if not numbers:
        return None  # Handle empty list case
    current_gcd = numbers[0]
    for num in numbers[1:]:
        current_gcd = gcd(current_gcd, num)
    return current_gcd
```

In this outline:
- The `gcd` function implements the Euclidean algorithm.
- The `gcd_of_list` function initializes the GCD with the first number and iteratively computes the GCD with each subsequent number in the list.

This approach efficiently computes the GCD of a list of integers using the principles of the Euclidean algorithm.
INFO - Attempting task_id 10
INFO - [35m Rollout attempt 1/4[0m
INFO - [33m Retrieving 5 entries for db: skill 
 [0m
INFO - [33m bubble_sort, find_common_elements, filter_even_numbers, reverse_list, first_non_repeating_char[0m
INFO - LM call n parse attempt 1 / 3

INFO - [Task id] 10 [prompt] You are a helpful assistant that writes python code to solve a task specified by me.

Here are some useful functions written earlier which you can reuse or reference.


[Entry]:


    def bubble_sort(arr):
        n = len(arr)
        for i in range((n - 1)):
            for j in range(((n - 1) - i)):
                if (arr[j] > arr[(j + 1)]):
                    (arr[j], arr[(j + 1)]) = (arr[(j + 1)], arr[j])
        return arr

[/Entry]

[Entry]:


    def find_common_elements(list1, list2):
        set1 = set(list1)
        set2 = set(list2)
        common_set = (set1 & set2)
        result = sorted(common_set)
        return result

[/Entry]

[Entry]:


    def filter_even_numbers(input_list):
        even_numbers = []
        for number in input_list:
            if ((number % 2) == 0):
                even_numbers.append(number)
        return even_numbers

[/Entry]

[Entry]:


    def reverse_list(input_list):
        return input_list[::(- 1)]

[/Entry]

[Entry]:


    def first_non_repeating_char(s):
        char_count = {}
        for char in s:
            char_count[char] = (char_count.get(char, 0) + 1)
        for char in s:
            if (char_count[char] == 1):
                return char
        return None

[/Entry]






At each round of conversation, I will give you
[Environment feedback] (after executing code) ...
[Code from the last round] ...
[Task] ...
[Context] ...
[Critique] ...

You should then respond to me with
Explain (if applicable): Are there any steps missing in your plan? Why does the code not complete the task? What does the chat log and execution error imply?
Plan: How to complete the task step by step. 
Code:
    1) Reuse or reference the above useful programs if necessary.
    2) Your function will be reused for building more complex functions. Therefore, you should make it generic and reusable. 
    3) Functions in the "Code from the last round" section will not be saved or executed. Do not reuse functions listed there.
    4) Anything defined outside a function will be ignored, define all your variables inside your functions.
    5) Do not write infinite loops.
    6) If the task specifies a function name to be used, follow it strictly (be case sensitive!). Else, name your function in a meaningful way (can infer the task from the name).
    7) Your code should only contain elements that solve the task, so DO NOT write any assert statements / tests
    8) The context in the [Context] tag serves as a casual tip (which can be wrong) to help you on the task, but your priority is to follow instructions in the [Task] tag.

You should only respond in the format as described below:
RESPONSE FORMAT:

Explain: ...
Plan:
1) ...
2) ...
3) ...
...
Code:
```python
# helper functions (only if needed, try to avoid them)
...
# main function after the helper functions
def yourMainFunctionName(args):
  # ...

```


INFO - [Task id] 10 [prompt] [Environment feedback]
None

[Code from the last round]
No code in the first round

[Task]
Write a Python function that takes a list of integers and returns the greatest common divisor (GCD) of the numbers in the list. Use the Euclidean algorithm to find the GCD.
You must strictly follow the function name: find_gcd_of_list

[Context]
Rough plan to accomplish the task (can be wrong): 
Answer: To accomplish the task of finding the greatest common divisor (GCD) of a list of integers using the Euclidean algorithm in Python, you can follow these conceptual steps:

1. **Understand the Euclidean Algorithm**: The Euclidean algorithm is a method for finding the GCD of two numbers. It is based on the principle that the GCD of two numbers also divides their difference. The algorithm can be summarized as follows:
   - If `b` is 0, then GCD(a, b) is `a`.
   - Otherwise, GCD(a, b) is the same as GCD(b, a % b), where `%` is the modulus operator.

2. **Define a Function for GCD of Two Numbers**: Create a helper function that implements the Euclidean algorithm to compute the GCD of two integers.

3. **Iterate Over the List**: To find the GCD of more than two numbers, you can iteratively apply the GCD function to the list. Start with the first number as the initial GCD and then compute the GCD of this result with the next number in the list, continuing until all numbers have been processed.

4. **Return the Result**: After processing all numbers in the list, return the final GCD value.

Here is a conceptual outline of the function:

```python
def gcd(a, b):
    while b != 0:
        a, b = b, a % b
    return a

def gcd_of_list(numbers):
    if not numbers:
        return None  # Handle empty list case
    current_gcd = numbers[0]
    for num in numbers[1:]:
        current_gcd = gcd(current_gcd, num)
    return current_gcd
```

In this outline:
- The `gcd` function implements the Euclidean algorithm.
- The `gcd_of_list` function initializes the GCD with the first number and iteratively computes the GCD with each subsequent number in the list.

This approach efficiently computes the GCD of a list of integers using the principles of the Euclidean algorithm.


[Critique]
None


INFO - [Task id] 10 [generation text] Explain: The task is to find the greatest common divisor (GCD) of a list of integers using the Euclidean algorithm. The Euclidean algorithm is a well-known method for finding the GCD of two numbers, and it can be extended to a list of numbers by iteratively applying the GCD function to pairs of numbers in the list.

Plan:
1. Implement a helper function `gcd` that uses the Euclidean algorithm to find the GCD of two numbers.
2. Implement the main function `find_gcd_of_list` that takes a list of integers.
3. Initialize the GCD with the first number in the list.
4. Iterate over the remaining numbers in the list, updating the GCD by applying the `gcd` function to the current GCD and the next number.
5. Return the final GCD after processing all numbers in the list.

Code:
```python
def gcd(a, b):
    while b != 0:
        a, b = b, a % b
    return a

def find_gcd_of_list(numbers):
    if not numbers:
        return None  # Handle empty list case
    current_gcd = numbers[0]
    for num in numbers[1:]:
        current_gcd = gcd(current_gcd, num)
    return current_gcd
```
INFO - program_code:
 

def gcd(a, b):
    while (b != 0):
        (a, b) = (b, (a % b))
    return a




def find_gcd_of_list(numbers):
    if (not numbers):
        return None
    current_gcd = numbers[0]
    for num in numbers[1:]:
        current_gcd = gcd(current_gcd, num)
    return current_gcd


INFO - program_name:
 find_gcd_of_list

INFO - dependencies:
 []

INFO - raw_msg:
 Explain: The task is to find the greatest common divisor (GCD) of a list of integers using the Euclidean algorithm. The Euclidean algorithm is a well-known method for finding the GCD of two numbers, and it can be extended to a list of numbers by iteratively applying the GCD function to pairs of numbers in the list.

Plan:
1. Implement a helper function `gcd` that uses the Euclidean algorithm to find the GCD of two numbers.
2. Implement the main function `find_gcd_of_list` that takes a list of integers.
3. Initialize the GCD with the first number in the list.
4. Iterate over the remaining numbers in the list, updating the GCD by applying the `gcd` function to the current GCD and the next number.
5. Return the final GCD after processing all numbers in the list.

Code:
```python
def gcd(a, b):
    while b != 0:
        a, b = b, a % b
    return a

def find_gcd_of_list(numbers):
    if not numbers:
        return None  # Handle empty list case
    current_gcd = numbers[0]
    for num in numbers[1:]:
        current_gcd = gcd(current_gcd, num)
    return current_gcd
```

INFO - no_parent:
 True

INFO - full code to be executed: 
 

def gcd(a, b):
    while (b != 0):
        (a, b) = (b, (a % b))
    return a




def find_gcd_of_list(numbers):
    if (not numbers):
        return None
    current_gcd = numbers[0]
    for num in numbers[1:]:
        current_gcd = gcd(current_gcd, num)
    return current_gcd


INFO - obs: Tests passed:
assert find_gcd_of_list([48, 64, 16]) == 16
assert find_gcd_of_list([7, 14, 21]) == 7
assert find_gcd_of_list([5, 10, 15, 20]) == 5

Tests failed:
None
reward: True
done: None
info: {'individual_results': (True, True, True)}
INFO - LM call n parse attempt 1 / 5

INFO - [Task id] 10 [prompt] 
You are a Python programming assistant that assesses my progress of Python programming and provides useful guidance.

I will give you the following information:

[Task]: The objective I need to accomplish.
[Context]: The context of the task. Serves as a casual tip (which can be wrong) to help me on the task, but my priority is to follow instructions in the Task tag.
[function impl]: My function implementation that is intended to complete the task
[unit test results]: The results after executing my function implementation on the unit tests

Your first goal is to use these info to evaluate if I have met the task requirements, and explain why. 
It is possible that the unit test results all pass, but the code does not accomplish the task (eg by failing to accomplish the task in scenarios not covered by the unit tests)
It is also possible that the unit tests are wrong in the first place, though the code accomplishes the task and fails the unit test.

If I have not met the task requirements, write a few sentences to explain why the function implementation is wrong as indicated by the tests. 
You will need this as guidance when you try again later.
Only provide the few sentence description in your answer, not the implementation. 
Suggest how the function implementation can be changed, NOT the test cases (assert statements)

You should only respond in JSON format as described below:
The output should be formatted as a JSON instance that conforms to the JSON schema below.

As an example, for the schema {"properties": {"foo": {"title": "Foo", "description": "a list of strings", "type": "array", "items": {"type": "string"}}}, "required": ["foo"]}
the object {"foo": ["bar", "baz"]} is a well-formatted instance of the schema. The object {"properties": {"foo": ["bar", "baz"]}} is not well-formatted.

Here is the output schema:
```
{"description": "Represents the critique of a task attempt, including reasoning, success status, and suggestions for improvement.\n\nAttributes:\n    reasoning (str): Explanation of why the task was succeeded or failed.\n    success (bool): Indicates whether the task requirements were met.\n    critique (str): Suggestions or critique to help improve future task attempts.", "properties": {"reasoning": {"description": "reason why I have succeeded or failed at the task", "title": "Reasoning", "type": "string"}, "success": {"description": "evaluate if I have met the task requirements", "title": "Success", "type": "boolean"}, "critique": {"description": "critique to help me improve", "title": "Critique", "type": "string"}}, "required": ["reasoning", "success", "critique"]}
```

INFO - [Task id] 10 [prompt] 
Here are some examples:

Example 1:
[function impl]:
```python
def longest_subarray_with_sum_limit(nums: List[int], target: int) -> List[int]:
    n = len(nums)
    left, right = 0, 0
    max_length = 0
    current_sum = 0
    result = []
    while right < n:
        current_sum += nums[right]
        while current_sum > target:
            current_sum -= nums[left]
            left += 1
        if right - left + 1 >= max_length:
            max_length = right - left + 1
            result = nums[left:right+1]
        right += 1
    return result
```
[unit test results]:
Tests passing:
assert longest_subarray_with_sum_limit([1, 2, 3, 4, 5], 8) == [1, 2, 3]
assert longest_subarray_with_sum_limit([1, 2, 3, 4, 5], 15) == [1, 2, 3, 4, 5]
assert longest_subarray_with_sum_limit([1, -1, 2, -2, 3, -3], 2) == [1, -1, 2, -2, 3]
assert longest_subarray_with_sum_limit([], 10) == []
assert longest_subarray_with_sum_limit([], 0) == []
assert longest_subarray_with_sum_limit([], -5) == []  
Tests failing:
assert longest_subarray_with_sum_limit([5, 6, 7, 8, 9], 4) == [] # output: [5]

RESPONSE:
{
    "reasoning": "The implementation failed the test case where no subarray fulfills the condition",
    "success": false,
    "critique": "The issue in the implementation is due to the use of >= instead of > in the condition to update the result. Because of this, it returns a subarray even when the sum is greater than the target, as it still updates the result when the current subarray length is equal to the previous longest subarray length. To overcome this error, we should change the condition to only update the result when the current subarray length is strictly greater than the previous longest subarray length. This can be done by replacing >= with > in the condition."
}


Example 2:
[function impl]:
```python
def longest_subarray_with_sum_limit(nums: List[int], target: int) -> List[int]:
    n = len(nums)
    left, right = 0, 0
    max_length = 0
    current_sum = 0
    result = []
    while current_sum + nums[right] <= target:
        current_sum += nums[right]
        right += 1
    while right < n:
        current_sum += nums[right]
        while current_sum > target:
            current_sum -= nums[left]
            left += 1
        if right - left + 1 > max_length:
            max_length = right - left + 1
            result = nums[left:right+1]
        right += 1
    return result
```
[unit test results]:
Tests passing:
assert longest_subarray_with_sum_limit([], 10) == []
assert longest_subarray_with_sum_limit([], 0) == []
assert longest_subarray_with_sum_limit([], -5) == []
Tests failing:
assert longest_subarray_with_sum_limit([1, 2, 3, 4, 5], 8) == [1, 2, 3] # output: list index out of range
assert longest_subarray_with_sum_limit([1, 2, 3, 4, 5], 15) == [1, 2, 3, 4, 5] # output: list index out of range
assert longest_subarray_with_sum_limit([5, 6, 7, 8, 9], 4) == [] # output: list index out of range
assert longest_subarray_with_sum_limit([1, -1, 2, -2, 3, -3], 2) == [1, -1, 2, -2, 3] # output: list index out of range

RESPONSE:
{
    "reason": "The implementation failed 4 out of the 7 test cases due to an IndexError.",
    "success": false,
    "critique": "The issue stems from the while loop while current_sum + nums[right] <= target:, which directly accesses nums[right] without checking if right is within the bounds of the list. This results in a runtime error when right goes beyond the list length. To overcome this error, we need to add a bounds check for the right variable in the mentioned while loop. We can modify the loop condition to while right < len(nums) and current_sum + nums[right] <= target:. This change will ensure that we only access elements within the bounds of the list, thus avoiding the IndexError."
}


END OF EXAMPLES

INFO - [Task id] 10 [prompt] [Task]:
Write a Python function that takes a list of integers and returns the greatest common divisor (GCD) of the numbers in the list. Use the Euclidean algorithm to find the GCD.
[Context]: 
 Rough plan to accomplish the task (can be wrong): 
Answer: To accomplish the task of finding the greatest common divisor (GCD) of a list of integers using the Euclidean algorithm in Python, you can follow these conceptual steps:

1. **Understand the Euclidean Algorithm**: The Euclidean algorithm is a method for finding the GCD of two numbers. It is based on the principle that the GCD of two numbers also divides their difference. The algorithm can be summarized as follows:
   - If `b` is 0, then GCD(a, b) is `a`.
   - Otherwise, GCD(a, b) is the same as GCD(b, a % b), where `%` is the modulus operator.

2. **Define a Function for GCD of Two Numbers**: Create a helper function that implements the Euclidean algorithm to compute the GCD of two integers.

3. **Iterate Over the List**: To find the GCD of more than two numbers, you can iteratively apply the GCD function to the list. Start with the first number as the initial GCD and then compute the GCD of this result with the next number in the list, continuing until all numbers have been processed.

4. **Return the Result**: After processing all numbers in the list, return the final GCD value.

Here is a conceptual outline of the function:

```python
def gcd(a, b):
    while b != 0:
        a, b = b, a % b
    return a

def gcd_of_list(numbers):
    if not numbers:
        return None  # Handle empty list case
    current_gcd = numbers[0]
    for num in numbers[1:]:
        current_gcd = gcd(current_gcd, num)
    return current_gcd
```

In this outline:
- The `gcd` function implements the Euclidean algorithm.
- The `gcd_of_list` function initializes the GCD with the first number and iteratively computes the GCD with each subsequent number in the list.

This approach efficiently computes the GCD of a list of integers using the principles of the Euclidean algorithm.


[function impl]:


def gcd(a, b):
    while (b != 0):
        (a, b) = (b, (a % b))
    return a




def find_gcd_of_list(numbers):
    if (not numbers):
        return None
    current_gcd = numbers[0]
    for num in numbers[1:]:
        current_gcd = gcd(current_gcd, num)
    return current_gcd

[unit test results]:
Tests passed:
assert find_gcd_of_list([48, 64, 16]) == 16
assert find_gcd_of_list([7, 14, 21]) == 7
assert find_gcd_of_list([5, 10, 15, 20]) == 5

Tests failed:
None

INFO - [Task id] 10 [generation text] 
INFO - {
    "reasoning": "The function implementation correctly uses the Euclidean algorithm to find the GCD of two numbers and iteratively applies it to a list of numbers. The function handles the case of an empty list by returning None, which is appropriate. All provided unit tests pass, indicating that the function works correctly for the tested scenarios.",
    "success": true,
    "critique": "The implementation is correct and meets the task requirements. No changes are necessary. Consider adding more test cases to ensure robustness, such as lists with negative numbers or a single element."
}
INFO - {
    "reasoning": "The function implementation correctly uses the Euclidean algorithm to find the GCD of two numbers and iteratively applies it to a list of numbers. The function handles the case of an empty list by returning None, which is appropriate. All provided unit tests pass, indicating that the function works correctly for the tested scenarios.",
    "success": true,
    "critique": "The implementation is correct and meets the task requirements. No changes are necessary. Consider adding more test cases to ensure robustness, such as lists with negative numbers or a single element."
}
INFO - [task_id]: 10 [Result]: True
INFO - LM call n parse attempt 1 / 3

INFO - [Task id] 10 [prompt] 
You are a helpful assistant that writes a description of the given function written in the Python programming language.

1) Do not mention the function name.
2) Do not mention anything about helper functions.
3) There might be some helper functions before the main function, but you only need to describe the main function.
4) Try to summarize the function in no more than 6 sentences.
5) Your response should be a single line of text.

INFO - [Task id] 10 [prompt] 

def gcd(a, b):
    while (b != 0):
        (a, b) = (b, (a % b))
    return a




def find_gcd_of_list(numbers):
    if (not numbers):
        return None
    current_gcd = numbers[0]
    for num in numbers[1:]:
        current_gcd = gcd(current_gcd, num)
    return current_gcd


The main function is `find_gcd_of_list`.
INFO - [Task id] 10 [generation text] This function calculates the greatest common divisor (GCD) of a list of numbers by iteratively applying the GCD calculation to each element in the list, starting with the first number as the initial GCD. If the input list is empty, it returns None. It initializes the current GCD with the first number and then updates it by finding the GCD with each subsequent number in the list. Finally, it returns the computed GCD for the entire list.
INFO - Num Completed Tasks: 10, Num Failed Tasks: 1
