INFO - DB skill doc count: 28

INFO - [train iter]: 31/100 

INFO - LM call n parse attempt 1 / 3

INFO - [Task id] 31 [prompt] 
You are a helpful assistant that asks questions to help me decide the next immediate task to do for Python programming.
My ultimate goal is to solve as many diverse problems as possible and become the best programmer in the world.

I will give you the following information:
Completed tasks so far: ...
Failed tasks that are too hard: ...

You must follow the following criteria:
1) You should ask at least 5 questions (but no more than 10 questions) to help me decide the next immediate task to do. Each question should be followed by the concept that the question is about.
2) Your question should be specific to a concept in Python programming.
  Bad example (the question is too general):
    Question: What is the best way to program in Python?
    Concept: unknown
  Good example:
    Question: How do you reverse a list?
    Concept: list
3) Your questions should be self-contained and not require any context.

Respond in JSON, and follow the keys and expected format of the values strictly.


Response format:
The output should be formatted as a JSON instance that conforms to the JSON schema below.

As an example, for the schema {"properties": {"foo": {"title": "Foo", "description": "a list of strings", "type": "array", "items": {"type": "string"}}}, "required": ["foo"]}
the object {"foo": ["bar", "baz"]} is a well-formatted instance of the schema. The object {"properties": {"foo": ["bar", "baz"]}} is not well-formatted.

Here is the output schema:
```
{"$defs": {"QuestionConcept": {"properties": {"question": {"description": "A question related to Python programming, to help me brainstorm the next immediate task to do", "title": "Question", "type": "string"}, "concept": {"description": "The Python programming concept associated with the question above", "title": "Concept", "type": "string"}}, "required": ["question", "concept"], "title": "QuestionConcept", "type": "object"}}, "properties": {"reasoning": {"description": "Reason out, step-by-step, why you picked these questions and concepts", "title": "Reasoning", "type": "string"}, "question_concept_list": {"description": "list of questions and their associated concepts", "items": {"$ref": "#/$defs/QuestionConcept"}, "title": "Question Concept List", "type": "array"}}, "required": ["reasoning", "question_concept_list"]}
```


INFO - [Task id] 31 [prompt] Completed tasks so far (do not give me these tasks again!): 
	Write a Python function that takes a list of integers and returns a list of unique integers from that list.
	Write a Python function that takes a list of integers and returns a dictionary with the integers as keys and their counts as values.
	Write a Python function that takes two lists of integers and returns a list of integers that are present in both lists (the intersection).
	Write a Python function that takes a list of integers and returns a list of integers that are unique (appear only once) in the list.
	Write a Python function that takes a list of integers and returns a list of integers that are duplicates (appear more than once) in the list.
	Write a Python function that takes a list of integers and returns the second largest integer in the list. If the list has fewer than two unique integers, return None.
	Write a Python function that takes a list of integers and returns a new list containing only the even integers from the original list.
	Write a Python function that takes a list of integers and returns a list of integers that are greater than a given threshold value.
	Write a Python function that takes a string and returns the number of vowels in that string.
	Write a Python function that takes a string and returns a set of unique characters in that string.
	Write a Python function that takes a string and returns True if it is a palindrome (reads the same forwards and backwards), and False otherwise.
	Write a Python function that takes a string and returns a new string containing only the digits from the original string.
	Write a Python function that takes a list of strings and returns a new list containing only the strings that have a length greater than a specified threshold.
	Write a Python function that takes a list of strings and returns a new list of those strings sorted by their length in descending order.
	Write a Python function that takes a list of strings and returns a new list containing the lengths of each string in the original list.
	Write a Python function that takes a string and returns a new string with all the vowels removed.
	Write a Python function that takes a string and returns the number of distinct characters in that string.
	Write a Python function that takes two dictionaries and merges them. If there are duplicate keys, the values from the second dictionary should overwrite those from the first.
	Write a Python function that takes a string and returns a new string where each character is repeated twice.
	Write a Python function that takes a list of integers and returns a list of integers that are present in the list but not in a given set of excluded integers.
	Write a Python function that takes a list of integers and returns a new list containing only the integers that are multiples of a given number.
	Write a Python function that takes a tuple of integers and returns a new tuple containing only the even integers from the original tuple.
	Write a Python function that takes a string and returns a dictionary with each character as the key and the number of times it appears in the string as the value.
	Write a Python function that takes a list of integers and returns a dictionary where the keys are the integers from the list and the values are the number of times each integer appears in the list.
	Write a Python function that takes a list of strings and returns a dictionary where the keys are the strings and the values are the lengths of those strings.
	Write a Python function that takes a list of dictionaries, each representing a person with a 'name' and 'age', and returns a dictionary where the keys are the names and the values are the ages of the people.
	Write a Python function that takes a dictionary and a threshold value, and returns a new dictionary containing only the items where the value exceeds the threshold.
	Write a Python function that takes a list of tuples, where each tuple contains a key-value pair, and returns a dictionary constructed from those tuples.

Failed tasks that are too hard: 
	Write a Python function that takes a dictionary and returns a new dictionary with the keys and values swapped. If there are duplicate values, keep only one of the keys.
	Write a Python function that takes a dictionary and returns a new dictionary containing only the items where the value is greater than a specified threshold.
	Write a Python function that takes a string and returns a dictionary with each character as the key and the number of times it appears in the string as the value, but only for characters that appear more than once.


INFO - [Task id] 31 [generation text] 
INFO - {
    "reasoning": "I selected these questions to cover a variety of Python concepts that you haven't tackled yet. The questions focus on different data structures like sets, tuples, and dictionaries, as well as string manipulation and algorithmic thinking. This will help you expand your skills and tackle diverse problems.",
    "question_concept_list": [
        {
            "question": "How do you find the union of two sets in Python?",
            "concept": "set"
        },
        {
            "question": "What is the best way to sort a list of tuples based on the second element of each tuple?",
            "concept": "tuple"
        },
        {
            "question": "How can you create a list of all the unique characters in a string using a set?",
            "concept": "set"
        },
        {
            "question": "How do you implement a function that checks if two strings are anagrams of each other?",
            "concept": "string"
        },
        {
            "question": "What is the method to convert a list of strings into a single string with a specified separator?",
            "concept": "string"
        }
    ]
}
INFO - {
    "reasoning": "I selected these questions to cover a variety of Python concepts that you haven't tackled yet. The questions focus on different data structures like sets, tuples, and dictionaries, as well as string manipulation and algorithmic thinking. This will help you expand your skills and tackle diverse problems.",
    "question_concept_list": [
        {
            "question": "How do you find the union of two sets in Python?",
            "concept": "set"
        },
        {
            "question": "What is the best way to sort a list of tuples based on the second element of each tuple?",
            "concept": "tuple"
        },
        {
            "question": "How can you create a list of all the unique characters in a string using a set?",
            "concept": "set"
        },
        {
            "question": "How do you implement a function that checks if two strings are anagrams of each other?",
            "concept": "string"
        },
        {
            "question": "What is the method to convert a list of strings into a single string with a specified separator?",
            "concept": "string"
        }
    ]
}
INFO - LM call n parse attempt 1 / 3

INFO - [Task id] 31 [prompt] 
You are a helpful assistant that answer my question about Python programming.

I will give you the following information:
Question: ...

You will answer the question based on the context (only if available and helpful) and your own knowledge of Python programming.
1) Start your answer with "Answer: ".
2) Answer "Answer: Unknown" if you don't know the answer.

INFO - [Task id] 31 [prompt] Question: How do you find the union of two sets in Python?
INFO - [Task id] 31 [generation text] Answer: You can find the union of two sets in Python using the `union()` method or the `|` operator. Here’s how you can do it:

Using the `union()` method:
```python
set1 = {1, 2, 3}
set2 = {3, 4, 5}
union_set = set1.union(set2)
print(union_set)  # Output: {1, 2, 3, 4, 5}
```

Using the `|` operator:
```python
set1 = {1, 2, 3}
set2 = {3, 4, 5}
union_set = set1 | set2
print(union_set)  # Output: {1, 2, 3, 4, 5}
```

Both methods will give you the same result, which is the union of the two sets.
INFO - LM call n parse attempt 1 / 3

INFO - [Task id] 31 [prompt] 
You are a helpful assistant that answer my question about Python programming.

I will give you the following information:
Question: ...

You will answer the question based on the context (only if available and helpful) and your own knowledge of Python programming.
1) Start your answer with "Answer: ".
2) Answer "Answer: Unknown" if you don't know the answer.

INFO - [Task id] 31 [prompt] Question: What is the best way to sort a list of tuples based on the second element of each tuple?
INFO - [Task id] 31 [generation text] Answer: You can sort a list of tuples based on the second element of each tuple using the `sorted()` function along with a lambda function as the key. Here’s an example:

```python
# Sample list of tuples
tuples_list = [(1, 'banana'), (2, 'apple'), (3, 'cherry')]

# Sorting the list based on the second element of each tuple
sorted_list = sorted(tuples_list, key=lambda x: x[1])

print(sorted_list)
```

In this example, the list `tuples_list` is sorted based on the second element (the fruit names) of each tuple. The `key=lambda x: x[1]` specifies that the sorting should be done using the second element of each tuple.
INFO - LM call n parse attempt 1 / 3

INFO - [Task id] 31 [prompt] 
You are a helpful assistant that answer my question about Python programming.

I will give you the following information:
Question: ...

You will answer the question based on the context (only if available and helpful) and your own knowledge of Python programming.
1) Start your answer with "Answer: ".
2) Answer "Answer: Unknown" if you don't know the answer.

INFO - [Task id] 31 [prompt] Question: How can you create a list of all the unique characters in a string using a set?
INFO - [Task id] 31 [generation text] Answer: You can create a list of all the unique characters in a string by converting the string into a set, which automatically removes duplicates, and then converting that set back into a list. Here’s how you can do it in Python:

```python
input_string = "hello world"
unique_characters = list(set(input_string))
print(unique_characters)
```

This code will give you a list of unique characters from the `input_string`. Note that the order of characters in the resulting list may not be the same as in the original string, since sets do not maintain order. If you need to maintain the order of first appearance, you can use a list comprehension with a condition:

```python
unique_characters = []
for char in input_string:
    if char not in unique_characters:
        unique_characters.append(char)
print(unique_characters)
``` 

This will give you a list of unique characters while preserving their order of appearance in the original string.
INFO - LM call n parse attempt 1 / 3

INFO - [Task id] 31 [prompt] 
You are a helpful assistant that answer my question about Python programming.

I will give you the following information:
Question: ...

You will answer the question based on the context (only if available and helpful) and your own knowledge of Python programming.
1) Start your answer with "Answer: ".
2) Answer "Answer: Unknown" if you don't know the answer.

INFO - [Task id] 31 [prompt] Question: What is the method to convert a list of strings into a single string with a specified separator?
INFO - [Task id] 31 [generation text] Answer: You can use the `join()` method to convert a list of strings into a single string with a specified separator. For example, if you have a list of strings and you want to join them with a comma, you can do it like this:

```python
list_of_strings = ['apple', 'banana', 'cherry']
result = ', '.join(list_of_strings)
print(result)  # Output: apple, banana, cherry
```

In this example, `', '` is the separator used to join the strings in the list. You can replace it with any other string to use a different separator.
INFO - LM call n parse attempt 1 / 5

INFO - [Task id] 31 [prompt] 
You are a helpful assistant that tells me the next immediate task (in the form of a function) to do for Python programming. 
My ultimate goal is to solve as many diverse problems as possible and become the best programmer in the world.

I will give you the following information:
Question 1: ...
Answer: ...
Question 2: ...
Answer: ...
Question 3: ...
Answer: ...
...
Completed tasks so far: ...
Failed tasks that are too hard: ...

You must follow the following criteria:
1) You should act as a mentor and guide me to the next task based on my current learning progress. As a rule of thumb, guide me through beginner problems, followed by interview level problems, followed by competitive programming problems. The latter 2 levels can involve concepts from data structures and algorithms.
2) Please be very specific about what skills I need to learn.
3) Do not propose multiple tasks at the same time. Do not mention anything else.
4) The next task should not be too hard since I may not have learned enough skills to complete it yet.
5) The next task should be novel and interesting. I should look for problems which I have not solved yet. I should not be doing the same thing over and over again.
6) The task should involve writing a main Python function that at most use basic libraries (try not to import too many or too advanced modules)
7) Do not give tasks that require file operations (create, read, update, delete) or an internet connection.
8) I am only allowed to write Python functions, so do not require me to write other things (e.g. objects). 
9) Requiring me to write a function that takes in an object and uses object methods is still ok, but I cannot define the objects myself. You must provide the objects as input to my function in the assert statement.

Take note of these in your response:
1) Give an expected function name for the task.
2) Give a tuple of 3 assert statements that tests the function's correctness in the "test_tuple" field. This must strictly contain single-line assert statements only; any setup code for the test must be filled in the "test_setup_code" field.
3) The function name which you gave must be called in the assert statements. 

Respond in JSON, and follow the keys and expected format of the values strictly.


Response format:
The output should be formatted as a JSON instance that conforms to the JSON schema below.

As an example, for the schema {"properties": {"foo": {"title": "Foo", "description": "a list of strings", "type": "array", "items": {"type": "string"}}}, "required": ["foo"]}
the object {"foo": ["bar", "baz"]} is a well-formatted instance of the schema. The object {"properties": {"foo": ["bar", "baz"]}} is not well-formatted.

Here is the output schema:
```
{"properties": {"reasoning": {"description": "Based on the information listed above, reason about what the next task should be.", "title": "Reasoning", "type": "string"}, "task": {"description": "The next task, which requires me to write a single function. Be sure to state the expected data structure for inputs and outputs.", "title": "Task", "type": "string"}, "gt_fn_name": {"description": "The expected name for the single function for the task", "title": "Gt Fn Name", "type": "string"}, "test_setup_code": {"description": "setup code, if required. This will be run just before the assert statements are executed.", "title": "Test Setup Code", "type": "string"}, "test_tuple": {"description": "Tuple of 3 SINGLE-LINE test cases that starts with 'assert' to test the function's correctness.Any extra required code should be written in the test_setup_code field.", "items": {"type": "string"}, "maxItems": 3, "minItems": 3, "prefixItems": [{"type": "string"}, {"type": "string"}, {"type": "string"}], "title": "Test Tuple", "type": "array"}}, "required": ["reasoning", "task", "gt_fn_name", "test_setup_code", "test_tuple"]}
```


INFO - [Task id] 31 [prompt] 
Here's an example response:
{
    "reasoning": "The student has shown proficiency in basic Python syntax and list manipulation, but struggles with problems involving more complex algorithms and data structures. This task will help them practice using sets or dictionaries for efficient lookups, and understand the concept of algorithmic complexity.",
    "task": "Write a Python function that takes a list of integers and returns the tuple of two numbers that sum up to zero. If no such pair exists, return None.",
    "gt_fn_name": "find_zero_sum",
    "test_setup_code": "",
    "test_tuple": [
        "assert find_zero_sum([1, 2, 3, -2, -1]) == (2, -2)",
        "assert find_zero_sum([1, 2, 3, 4, 5]) == None",
        "assert find_zero_sum([1, 4, 3, -4, -1]) == (4, -4)"
    ]
}

INFO - [Task id] 31 [prompt] Question 1: How do you find the union of two sets in Python?
Answer: You can find the union of two sets in Python using the `union()` method or the `|` operator. Here’s how you can do it:

Using the `union()` method:
```python
set1 = {1, 2, 3}
set2 = {3, 4, 5}
union_set = set1.union(set2)
print(union_set)  # Output: {1, 2, 3, 4, 5}
```

Using the `|` operator:
```python
set1 = {1, 2, 3}
set2 = {3, 4, 5}
union_set = set1 | set2
print(union_set)  # Output: {1, 2, 3, 4, 5}
```

Both methods will give you the same result, which is the union of the two sets.

Question 2: What is the best way to sort a list of tuples based on the second element of each tuple?
Answer: You can sort a list of tuples based on the second element of each tuple using the `sorted()` function along with a lambda function as the key. Here’s an example:

```python
# Sample list of tuples
tuples_list = [(1, 'banana'), (2, 'apple'), (3, 'cherry')]

# Sorting the list based on the second element of each tuple
sorted_list = sorted(tuples_list, key=lambda x: x[1])

print(sorted_list)
```

In this example, the list `tuples_list` is sorted based on the second element (the fruit names) of each tuple. The `key=lambda x: x[1]` specifies that the sorting should be done using the second element of each tuple.

Question 3: How can you create a list of all the unique characters in a string using a set?
Answer: You can create a list of all the unique characters in a string by converting the string into a set, which automatically removes duplicates, and then converting that set back into a list. Here’s how you can do it in Python:

```python
input_string = "hello world"
unique_characters = list(set(input_string))
print(unique_characters)
```

This code will give you a list of unique characters from the `input_string`. Note that the order of characters in the resulting list may not be the same as in the original string, since sets do not maintain order. If you need to maintain the order of first appearance, you can use a list comprehension with a condition:

```python
unique_characters = []
for char in input_string:
    if char not in unique_characters:
        unique_characters.append(char)
print(unique_characters)
``` 

This will give you a list of unique characters while preserving their order of appearance in the original string.

Question 4: How do you implement a function that checks if two strings are anagrams of each other?
Answer: To implement a function that checks if two strings are anagrams of each other, you can follow these steps:

1. Normalize the strings by removing spaces and converting them to lowercase.
2. Sort the characters of both strings.
3. Compare the sorted versions of the strings.

Here is a sample implementation in Python:

```python
def are_anagrams(str1, str2):
    # Normalize the strings
    str1 = str1.replace(" ", "").lower()
    str2 = str2.replace(" ", "").lower()
    
    # Sort the characters and compare
    return sorted(str1) == sorted(str2)

# Example usage
print(are_anagrams("listen", "silent"))  # Output: True
print(are_anagrams("hello", "world"))    # Output: False
```

This function will return `True` if the two strings are anagrams and `False` otherwise.

Question 5: What is the method to convert a list of strings into a single string with a specified separator?
Answer: You can use the `join()` method to convert a list of strings into a single string with a specified separator. For example, if you have a list of strings and you want to join them with a comma, you can do it like this:

```python
list_of_strings = ['apple', 'banana', 'cherry']
result = ', '.join(list_of_strings)
print(result)  # Output: apple, banana, cherry
```

In this example, `', '` is the separator used to join the strings in the list. You can replace it with any other string to use a different separator.

Completed tasks so far (do not give me these tasks again!): 
	Write a Python function that takes a list of integers and returns a list of unique integers from that list.
	Write a Python function that takes a list of integers and returns a dictionary with the integers as keys and their counts as values.
	Write a Python function that takes two lists of integers and returns a list of integers that are present in both lists (the intersection).
	Write a Python function that takes a list of integers and returns a list of integers that are unique (appear only once) in the list.
	Write a Python function that takes a list of integers and returns a list of integers that are duplicates (appear more than once) in the list.
	Write a Python function that takes a list of integers and returns the second largest integer in the list. If the list has fewer than two unique integers, return None.
	Write a Python function that takes a list of integers and returns a new list containing only the even integers from the original list.
	Write a Python function that takes a list of integers and returns a list of integers that are greater than a given threshold value.
	Write a Python function that takes a string and returns the number of vowels in that string.
	Write a Python function that takes a string and returns a set of unique characters in that string.
	Write a Python function that takes a string and returns True if it is a palindrome (reads the same forwards and backwards), and False otherwise.
	Write a Python function that takes a string and returns a new string containing only the digits from the original string.
	Write a Python function that takes a list of strings and returns a new list containing only the strings that have a length greater than a specified threshold.
	Write a Python function that takes a list of strings and returns a new list of those strings sorted by their length in descending order.
	Write a Python function that takes a list of strings and returns a new list containing the lengths of each string in the original list.
	Write a Python function that takes a string and returns a new string with all the vowels removed.
	Write a Python function that takes a string and returns the number of distinct characters in that string.
	Write a Python function that takes two dictionaries and merges them. If there are duplicate keys, the values from the second dictionary should overwrite those from the first.
	Write a Python function that takes a string and returns a new string where each character is repeated twice.
	Write a Python function that takes a list of integers and returns a list of integers that are present in the list but not in a given set of excluded integers.
	Write a Python function that takes a list of integers and returns a new list containing only the integers that are multiples of a given number.
	Write a Python function that takes a tuple of integers and returns a new tuple containing only the even integers from the original tuple.
	Write a Python function that takes a string and returns a dictionary with each character as the key and the number of times it appears in the string as the value.
	Write a Python function that takes a list of integers and returns a dictionary where the keys are the integers from the list and the values are the number of times each integer appears in the list.
	Write a Python function that takes a list of strings and returns a dictionary where the keys are the strings and the values are the lengths of those strings.
	Write a Python function that takes a list of dictionaries, each representing a person with a 'name' and 'age', and returns a dictionary where the keys are the names and the values are the ages of the people.
	Write a Python function that takes a dictionary and a threshold value, and returns a new dictionary containing only the items where the value exceeds the threshold.
	Write a Python function that takes a list of tuples, where each tuple contains a key-value pair, and returns a dictionary constructed from those tuples.

Failed tasks that are too hard: 
	Write a Python function that takes a dictionary and returns a new dictionary with the keys and values swapped. If there are duplicate values, keep only one of the keys.
	Write a Python function that takes a dictionary and returns a new dictionary containing only the items where the value is greater than a specified threshold.
	Write a Python function that takes a string and returns a dictionary with each character as the key and the number of times it appears in the string as the value, but only for characters that appear more than once.


INFO - [Task id] 31 [generation text] 
INFO - {
    "reasoning": "The student has demonstrated a good understanding of basic string manipulation and data structures like lists and dictionaries. The next task will help them practice working with strings and sets, specifically focusing on finding unique characters in a string while maintaining their order of appearance. This will reinforce their skills in using loops and conditionals effectively.",
    "task": "Write a Python function that takes a string and returns a list of all the unique characters in that string, preserving their order of first appearance.",
    "gt_fn_name": "unique_characters_ordered",
    "test_setup_code": "",
    "test_tuple": [
        "assert unique_characters_ordered('hello world') == ['h', 'e', 'l', 'o', ' ', 'w', 'r', 'd']",
        "assert unique_characters_ordered('programming') == ['p', 'r', 'o', 'g', 'a', 'm', 'i', 'n']",
        "assert unique_characters_ordered('aabbcc') == ['a', 'b', 'c']"
    ]
}
INFO - {
    "reasoning": "The student has demonstrated a good understanding of basic string manipulation and data structures like lists and dictionaries. The next task will help them practice working with strings and sets, specifically focusing on finding unique characters in a string while maintaining their order of appearance. This will reinforce their skills in using loops and conditionals effectively.",
    "task": "Write a Python function that takes a string and returns a list of all the unique characters in that string, preserving their order of first appearance.",
    "gt_fn_name": "unique_characters_ordered",
    "test_setup_code": "",
    "test_tuple": [
        "assert unique_characters_ordered('hello world') == ['h', 'e', 'l', 'o', ' ', 'w', 'r', 'd']",
        "assert unique_characters_ordered('programming') == ['p', 'r', 'o', 'g', 'a', 'm', 'i', 'n']",
        "assert unique_characters_ordered('aabbcc') == ['a', 'b', 'c']"
    ]
}
INFO - The task prompt is Write a Python function that takes a string and returns a list of all the unique characters in that string, preserving their order of first appearance.
You must strictly follow the function name: unique_characters_ordered

INFO - LM call n parse attempt 1 / 3

INFO - [Task id] 31 [prompt] 
You are a helpful assistant that answer my question about Python programming.

I will give you the following information:
Question: ...

You will answer the question based on the context (only if available and helpful) and your own knowledge of Python programming.
1) Start your answer with "Answer: ".
2) Answer "Answer: Unknown" if you don't know the answer.

INFO - [Task id] 31 [prompt] Question: Explain at a conceptual level, how to accomplish the below task in Python programming?
Write a Python function that takes a string and returns a list of all the unique characters in that string, preserving their order of first appearance.
INFO - [Task id] 31 [generation text] Answer: To accomplish the task of writing a Python function that returns a list of all unique characters from a given string while preserving their order of first appearance, you can follow these conceptual steps:

1. **Initialize a Set and a List**: Create an empty set to keep track of characters that have already been encountered, and an empty list to store the unique characters in the order they appear.

2. **Iterate Through the String**: Loop through each character in the input string.

3. **Check for Uniqueness**: For each character, check if it is already in the set. If it is not, it means this character is unique (i.e., it hasn't been encountered before).

4. **Update the Set and List**: If the character is unique, add it to the set to mark it as encountered, and also append it to the list to maintain the order of first appearance.

5. **Return the List**: After the loop, return the list containing all the unique characters.

Here is a conceptual outline of the function:

```python
def unique_characters(input_string):
    seen = set()  # To track seen characters
    unique_list = []  # To store unique characters in order

    for char in input_string:
        if char not in seen:  # Check if the character is unique
            seen.add(char)  # Mark the character as seen
            unique_list.append(char)  # Add to the unique list

    return unique_list  # Return the list of unique characters
```

This function effectively captures the unique characters while preserving their order of first appearance in the input string.
INFO - Attempting task_id 31
INFO - [35m Rollout attempt 1/4[0m
INFO - [33m Retrieving 5 entries for db: skill 
 [0m
INFO - [33m unique_characters, count_distinct_characters, count_characters, sort_strings_by_length_desc, find_unique_integers[0m
INFO - LM call n parse attempt 1 / 3

INFO - [Task id] 31 [prompt] You are a helpful assistant that writes python code to solve a task specified by me.

Here are some useful functions written earlier which you can reuse or reference.


[Entry]:


    def unique_characters(input_string):
        unique_chars = set()
        for char in input_string:
            unique_chars.add(char)
        return unique_chars

[/Entry]

[Entry]:


    def count_distinct_characters(s):
        distinct_characters = set(s)
        return len(distinct_characters)

[/Entry]

[Entry]:


    def count_characters(input_string):
        char_count = {}
        for char in input_string:
            if (char in char_count):
                char_count[char] += 1
            else:
                char_count[char] = 1
        return char_count

[/Entry]

[Entry]:


    def sort_strings_by_length_desc(strings):
        return sorted(strings, key=len, reverse=True)

[/Entry]

[Entry]:


    def count_occurrences(int_list):
        counts = {}
        for num in int_list:
            if (num in counts):
                counts[num] += 1
            else:
                counts[num] = 1
        return counts




    def find_unique_integers(int_list):
        counts = count_occurrences(int_list)
        unique_integers = [num for (num, count) in counts.items() if (count == 1)]
        return unique_integers

[/Entry]






At each round of conversation, I will give you
[Environment feedback] (after executing code) ...
[Code from the last round] ...
[Task] ...
[Context] ...
[Critique] ...

You should then respond to me with
Explain (if applicable): Are there any steps missing in your plan? Why does the code not complete the task? What does the chat log and execution error imply?
Plan: How to complete the task step by step. 
Code:
    1) Reuse or reference the above useful programs if necessary.
    2) Your function will be reused for building more complex functions. Therefore, you should make it generic and reusable. 
    3) Functions in the "Code from the last round" section will not be saved or executed. Do not reuse functions listed there.
    4) Anything defined outside a function will be ignored, define all your variables inside your functions.
    5) Do not write infinite loops.
    6) If the task specifies a function name to be used, follow it strictly (be case sensitive!). Else, name your function in a meaningful way (can infer the task from the name).
    7) Your code should only contain elements that solve the task, so DO NOT write any assert statements / tests
    8) The context in the [Context] tag serves as a casual tip (which can be wrong) to help you on the task, but your priority is to follow instructions in the [Task] tag.

You should only respond in the format as described below:
RESPONSE FORMAT:

Explain: ...
Plan:
1) ...
2) ...
3) ...
...
Code:
```python
# helper functions (only if needed, try to avoid them)
...
# main function after the helper functions
def yourMainFunctionName(args):
  # ...

```


INFO - [Task id] 31 [prompt] [Environment feedback]
None

[Code from the last round]
No code in the first round

[Task]
Write a Python function that takes a string and returns a list of all the unique characters in that string, preserving their order of first appearance.
You must strictly follow the function name: unique_characters_ordered

[Context]
Rough plan to accomplish the task (can be wrong): 
Answer: To accomplish the task of writing a Python function that returns a list of all unique characters from a given string while preserving their order of first appearance, you can follow these conceptual steps:

1. **Initialize a Set and a List**: Create an empty set to keep track of characters that have already been encountered, and an empty list to store the unique characters in the order they appear.

2. **Iterate Through the String**: Loop through each character in the input string.

3. **Check for Uniqueness**: For each character, check if it is already in the set. If it is not, it means this character is unique (i.e., it hasn't been encountered before).

4. **Update the Set and List**: If the character is unique, add it to the set to mark it as encountered, and also append it to the list to maintain the order of first appearance.

5. **Return the List**: After the loop, return the list containing all the unique characters.

Here is a conceptual outline of the function:

```python
def unique_characters(input_string):
    seen = set()  # To track seen characters
    unique_list = []  # To store unique characters in order

    for char in input_string:
        if char not in seen:  # Check if the character is unique
            seen.add(char)  # Mark the character as seen
            unique_list.append(char)  # Add to the unique list

    return unique_list  # Return the list of unique characters
```

This function effectively captures the unique characters while preserving their order of first appearance in the input string.


[Critique]
None


INFO - [Task id] 31 [generation text] Explain: The rough plan provided is a good outline for the task. It correctly identifies the need to use a set to track seen characters and a list to maintain the order of unique characters. The steps are clear and logical, leading to the desired outcome.

Plan:
1) Initialize an empty set to keep track of characters that have already been encountered.
2) Initialize an empty list to store the unique characters in the order they appear.
3) Iterate through each character in the input string.
4) For each character, check if it is already in the set. If not, add it to both the set and the list.
5) After the loop, return the list of unique characters.

Code:
```python
def unique_characters_ordered(input_string):
    seen = set()  # To track seen characters
    unique_list = []  # To store unique characters in order

    for char in input_string:
        if char not in seen:  # Check if the character is unique
            seen.add(char)  # Mark the character as seen
            unique_list.append(char)  # Add to the unique list

    return unique_list  # Return the list of unique characters
```
INFO - program_code:
 

def unique_characters_ordered(input_string):
    seen = set()
    unique_list = []
    for char in input_string:
        if (char not in seen):
            seen.add(char)
            unique_list.append(char)
    return unique_list


INFO - program_name:
 unique_characters_ordered

INFO - dependencies:
 []

INFO - raw_msg:
 Explain: The rough plan provided is a good outline for the task. It correctly identifies the need to use a set to track seen characters and a list to maintain the order of unique characters. The steps are clear and logical, leading to the desired outcome.

Plan:
1) Initialize an empty set to keep track of characters that have already been encountered.
2) Initialize an empty list to store the unique characters in the order they appear.
3) Iterate through each character in the input string.
4) For each character, check if it is already in the set. If not, add it to both the set and the list.
5) After the loop, return the list of unique characters.

Code:
```python
def unique_characters_ordered(input_string):
    seen = set()  # To track seen characters
    unique_list = []  # To store unique characters in order

    for char in input_string:
        if char not in seen:  # Check if the character is unique
            seen.add(char)  # Mark the character as seen
            unique_list.append(char)  # Add to the unique list

    return unique_list  # Return the list of unique characters
```

INFO - no_parent:
 True

INFO - full code to be executed: 
 

def unique_characters_ordered(input_string):
    seen = set()
    unique_list = []
    for char in input_string:
        if (char not in seen):
            seen.add(char)
            unique_list.append(char)
    return unique_list


INFO - obs: Tests passed:
assert unique_characters_ordered('hello world') == ['h', 'e', 'l', 'o', ' ', 'w', 'r', 'd']
assert unique_characters_ordered('programming') == ['p', 'r', 'o', 'g', 'a', 'm', 'i', 'n']
assert unique_characters_ordered('aabbcc') == ['a', 'b', 'c']

Tests failed:
None
reward: True
done: None
info: {'individual_results': (True, True, True)}
INFO - LM call n parse attempt 1 / 5

INFO - [Task id] 31 [prompt] 
You are a Python programming assistant that assesses my progress of Python programming and provides useful guidance.

I will give you the following information:

[Task]: The objective I need to accomplish.
[Context]: The context of the task. Serves as a casual tip (which can be wrong) to help me on the task, but my priority is to follow instructions in the Task tag.
[function impl]: My function implementation that is intended to complete the task
[unit test results]: The results after executing my function implementation on the unit tests

Your first goal is to use these info to evaluate if I have met the task requirements, and explain why. 
It is possible that the unit test results all pass, but the code does not accomplish the task (eg by failing to accomplish the task in scenarios not covered by the unit tests)
It is also possible that the unit tests are wrong in the first place, though the code accomplishes the task and fails the unit test.

If I have not met the task requirements, write a few sentences to explain why the function implementation is wrong as indicated by the tests. 
You will need this as guidance when you try again later.
Only provide the few sentence description in your answer, not the implementation. 
Suggest how the function implementation can be changed, NOT the test cases (assert statements)

You should only respond in JSON format as described below:
The output should be formatted as a JSON instance that conforms to the JSON schema below.

As an example, for the schema {"properties": {"foo": {"title": "Foo", "description": "a list of strings", "type": "array", "items": {"type": "string"}}}, "required": ["foo"]}
the object {"foo": ["bar", "baz"]} is a well-formatted instance of the schema. The object {"properties": {"foo": ["bar", "baz"]}} is not well-formatted.

Here is the output schema:
```
{"description": "Represents the critique of a task attempt, including reasoning, success status, and suggestions for improvement.\n\nAttributes:\n    reasoning (str): Explanation of why the task was succeeded or failed.\n    success (bool): Indicates whether the task requirements were met.\n    critique (str): Suggestions or critique to help improve future task attempts.", "properties": {"reasoning": {"description": "reason why I have succeeded or failed at the task", "title": "Reasoning", "type": "string"}, "success": {"description": "evaluate if I have met the task requirements", "title": "Success", "type": "boolean"}, "critique": {"description": "critique to help me improve", "title": "Critique", "type": "string"}}, "required": ["reasoning", "success", "critique"]}
```

INFO - [Task id] 31 [prompt] 
Here are some examples:

Example 1:
[function impl]:
```python
def longest_subarray_with_sum_limit(nums: List[int], target: int) -> List[int]:
    n = len(nums)
    left, right = 0, 0
    max_length = 0
    current_sum = 0
    result = []
    while right < n:
        current_sum += nums[right]
        while current_sum > target:
            current_sum -= nums[left]
            left += 1
        if right - left + 1 >= max_length:
            max_length = right - left + 1
            result = nums[left:right+1]
        right += 1
    return result
```
[unit test results]:
Tests passing:
assert longest_subarray_with_sum_limit([1, 2, 3, 4, 5], 8) == [1, 2, 3]
assert longest_subarray_with_sum_limit([1, 2, 3, 4, 5], 15) == [1, 2, 3, 4, 5]
assert longest_subarray_with_sum_limit([1, -1, 2, -2, 3, -3], 2) == [1, -1, 2, -2, 3]
assert longest_subarray_with_sum_limit([], 10) == []
assert longest_subarray_with_sum_limit([], 0) == []
assert longest_subarray_with_sum_limit([], -5) == []  
Tests failing:
assert longest_subarray_with_sum_limit([5, 6, 7, 8, 9], 4) == [] # output: [5]

RESPONSE:
{
    "reasoning": "The implementation failed the test case where no subarray fulfills the condition",
    "success": false,
    "critique": "The issue in the implementation is due to the use of >= instead of > in the condition to update the result. Because of this, it returns a subarray even when the sum is greater than the target, as it still updates the result when the current subarray length is equal to the previous longest subarray length. To overcome this error, we should change the condition to only update the result when the current subarray length is strictly greater than the previous longest subarray length. This can be done by replacing >= with > in the condition."
}


Example 2:
[function impl]:
```python
def longest_subarray_with_sum_limit(nums: List[int], target: int) -> List[int]:
    n = len(nums)
    left, right = 0, 0
    max_length = 0
    current_sum = 0
    result = []
    while current_sum + nums[right] <= target:
        current_sum += nums[right]
        right += 1
    while right < n:
        current_sum += nums[right]
        while current_sum > target:
            current_sum -= nums[left]
            left += 1
        if right - left + 1 > max_length:
            max_length = right - left + 1
            result = nums[left:right+1]
        right += 1
    return result
```
[unit test results]:
Tests passing:
assert longest_subarray_with_sum_limit([], 10) == []
assert longest_subarray_with_sum_limit([], 0) == []
assert longest_subarray_with_sum_limit([], -5) == []
Tests failing:
assert longest_subarray_with_sum_limit([1, 2, 3, 4, 5], 8) == [1, 2, 3] # output: list index out of range
assert longest_subarray_with_sum_limit([1, 2, 3, 4, 5], 15) == [1, 2, 3, 4, 5] # output: list index out of range
assert longest_subarray_with_sum_limit([5, 6, 7, 8, 9], 4) == [] # output: list index out of range
assert longest_subarray_with_sum_limit([1, -1, 2, -2, 3, -3], 2) == [1, -1, 2, -2, 3] # output: list index out of range

RESPONSE:
{
    "reason": "The implementation failed 4 out of the 7 test cases due to an IndexError.",
    "success": false,
    "critique": "The issue stems from the while loop while current_sum + nums[right] <= target:, which directly accesses nums[right] without checking if right is within the bounds of the list. This results in a runtime error when right goes beyond the list length. To overcome this error, we need to add a bounds check for the right variable in the mentioned while loop. We can modify the loop condition to while right < len(nums) and current_sum + nums[right] <= target:. This change will ensure that we only access elements within the bounds of the list, thus avoiding the IndexError."
}


END OF EXAMPLES

INFO - [Task id] 31 [prompt] [Task]:
Write a Python function that takes a string and returns a list of all the unique characters in that string, preserving their order of first appearance.
[Context]: 
 Rough plan to accomplish the task (can be wrong): 
Answer: To accomplish the task of writing a Python function that returns a list of all unique characters from a given string while preserving their order of first appearance, you can follow these conceptual steps:

1. **Initialize a Set and a List**: Create an empty set to keep track of characters that have already been encountered, and an empty list to store the unique characters in the order they appear.

2. **Iterate Through the String**: Loop through each character in the input string.

3. **Check for Uniqueness**: For each character, check if it is already in the set. If it is not, it means this character is unique (i.e., it hasn't been encountered before).

4. **Update the Set and List**: If the character is unique, add it to the set to mark it as encountered, and also append it to the list to maintain the order of first appearance.

5. **Return the List**: After the loop, return the list containing all the unique characters.

Here is a conceptual outline of the function:

```python
def unique_characters(input_string):
    seen = set()  # To track seen characters
    unique_list = []  # To store unique characters in order

    for char in input_string:
        if char not in seen:  # Check if the character is unique
            seen.add(char)  # Mark the character as seen
            unique_list.append(char)  # Add to the unique list

    return unique_list  # Return the list of unique characters
```

This function effectively captures the unique characters while preserving their order of first appearance in the input string.


[function impl]:


def unique_characters_ordered(input_string):
    seen = set()
    unique_list = []
    for char in input_string:
        if (char not in seen):
            seen.add(char)
            unique_list.append(char)
    return unique_list

[unit test results]:
Tests passed:
assert unique_characters_ordered('hello world') == ['h', 'e', 'l', 'o', ' ', 'w', 'r', 'd']
assert unique_characters_ordered('programming') == ['p', 'r', 'o', 'g', 'a', 'm', 'i', 'n']
assert unique_characters_ordered('aabbcc') == ['a', 'b', 'c']

Tests failed:
None

INFO - [Task id] 31 [generation text] 
INFO - {
    "reasoning": "The implementation successfully meets the task requirements by correctly identifying and returning a list of unique characters from the input string while preserving their order of first appearance. All unit tests passed without any failures, indicating that the function behaves as expected in the provided scenarios.",
    "success": true,
    "critique": "Great job! Your implementation is correct and passes all the tests. You might consider adding more test cases, including edge cases like an empty string or a string with all identical characters, to further validate the robustness of your function."
}
INFO - {
    "reasoning": "The implementation successfully meets the task requirements by correctly identifying and returning a list of unique characters from the input string while preserving their order of first appearance. All unit tests passed without any failures, indicating that the function behaves as expected in the provided scenarios.",
    "success": true,
    "critique": "Great job! Your implementation is correct and passes all the tests. You might consider adding more test cases, including edge cases like an empty string or a string with all identical characters, to further validate the robustness of your function."
}
INFO - [task_id]: 31 [Result]: True
INFO - LM call n parse attempt 1 / 3

INFO - [Task id] 31 [prompt] 
You are a helpful assistant that writes a description of the given function written in the Python programming language.

1) Do not mention the function name.
2) Do not mention anything about helper functions.
3) There might be some helper functions before the main function, but you only need to describe the main function.
4) Try to summarize the function in no more than 6 sentences.
5) Your response should be a single line of text.

INFO - [Task id] 31 [prompt] 

def unique_characters_ordered(input_string):
    seen = set()
    unique_list = []
    for char in input_string:
        if (char not in seen):
            seen.add(char)
            unique_list.append(char)
    return unique_list


The main function is `unique_characters_ordered`.
INFO - [Task id] 31 [generation text] This function takes a string as input and returns a list of unique characters while preserving their original order. It uses a set to track characters that have already been encountered. As it iterates through the input string, it adds each new character to both the set and a list. If a character has already been seen, it is skipped. The final output is a list containing only the first occurrence of each character from the input string. This ensures that the order of characters is maintained as they appeared in the original string.
INFO - Num Completed Tasks: 29, Num Failed Tasks: 3
