INFO - DB skill doc count: 24

INFO - [train iter]: 26/100 

INFO - LM call n parse attempt 1 / 3

INFO - [Task id] 26 [prompt] 
You are a helpful assistant that asks questions to help me decide the next immediate task to do for Python programming.
My ultimate goal is to solve as many diverse problems as possible and become the best programmer in the world.

I will give you the following information:
Completed tasks so far: ...
Failed tasks that are too hard: ...

You must follow the following criteria:
1) You should ask at least 5 questions (but no more than 10 questions) to help me decide the next immediate task to do. Each question should be followed by the concept that the question is about.
2) Your question should be specific to a concept in Python programming.
  Bad example (the question is too general):
    Question: What is the best way to program in Python?
    Concept: unknown
  Good example:
    Question: How do you reverse a list?
    Concept: list
3) Your questions should be self-contained and not require any context.

Respond in JSON, and follow the keys and expected format of the values strictly.


Response format:
The output should be formatted as a JSON instance that conforms to the JSON schema below.

As an example, for the schema {"properties": {"foo": {"title": "Foo", "description": "a list of strings", "type": "array", "items": {"type": "string"}}}, "required": ["foo"]}
the object {"foo": ["bar", "baz"]} is a well-formatted instance of the schema. The object {"properties": {"foo": ["bar", "baz"]}} is not well-formatted.

Here is the output schema:
```
{"$defs": {"QuestionConcept": {"properties": {"question": {"description": "A question related to Python programming, to help me brainstorm the next immediate task to do", "title": "Question", "type": "string"}, "concept": {"description": "The Python programming concept associated with the question above", "title": "Concept", "type": "string"}}, "required": ["question", "concept"], "title": "QuestionConcept", "type": "object"}}, "properties": {"reasoning": {"description": "Reason out, step-by-step, why you picked these questions and concepts", "title": "Reasoning", "type": "string"}, "question_concept_list": {"description": "list of questions and their associated concepts", "items": {"$ref": "#/$defs/QuestionConcept"}, "title": "Question Concept List", "type": "array"}}, "required": ["reasoning", "question_concept_list"]}
```


INFO - [Task id] 26 [prompt] Completed tasks so far (do not give me these tasks again!): 
	Write a Python function that takes a list of integers and returns a new list containing only the even numbers from the original list.
	Write a Python function that takes a list of strings and returns a dictionary where the keys are the strings and the values are the number of times each string appears in the list.
	Write a Python function that takes a list of strings and returns a dictionary where the keys are the lengths of the strings and the values are lists of strings of that length.
	Write a Python function that takes a string and returns the first non-repeating character in it. If all characters repeat, return None.
	Write a Python function that takes a list of integers and returns a list of all unique pairs (as tuples) that sum up to a given target integer. The pairs should be sorted in ascending order, and each pair should be sorted as well.
	Write a Python function that takes a string and returns the longest substring without repeating characters.
	Write a Python function that takes two lists of integers and returns a list of their common elements. The result should not contain duplicates and should be sorted in ascending order.
	Write a Python function that takes a list of integers and sorts it in ascending order using the bubble sort algorithm. The function should return the sorted list.
	Write a Python function that takes a list of integers and returns a new list with the elements in reverse order.
	Write a Python function that takes a list of integers and returns the greatest common divisor (GCD) of the numbers in the list. Use the Euclidean algorithm to find the GCD.
	Write a Python function that takes a string and returns a new string with all the vowels removed. The function should be case-insensitive, meaning it should remove both uppercase and lowercase vowels.
	Write a Python function that takes two lists of integers and returns a list of integers that are present in both lists, without duplicates. Use set operations to achieve this.
	Write a Python function that takes a list of operations (as strings) and simulates a stack using a list. The operations can be 'push X' to push an integer X onto the stack, 'pop' to remove the top element, and 'peek' to return the top element without removing it. The function should return a list of results from the 'pop' and 'peek' operations.
	Write a Python function that takes two lists of integers and returns a list of integers that are present in either of the lists but not in both. The result should not contain duplicates and should be sorted in ascending order.
	Write a Python function that takes a list of integers and returns a dictionary where the keys are the integers and the values are the number of times each integer appears in the list. This will help practice using dictionaries for counting occurrences.
	Write a Python function that takes an integer n and returns a list of all prime numbers less than n. This will help you practice loops, conditionals, and understanding of prime numbers.
	Write a Python function that takes a string and a pattern (both strings) and returns True if the pattern is found in the string, and False otherwise. The function should perform a simple substring search.
	Write a Python function that calculates the factorial of a given non-negative integer using recursion. The function should return the factorial value.
	Write a Python function that takes a list of integers and returns the index of the first occurrence of the maximum value in the list. If the list is empty, return -1.
	Write a Python function that takes a list of integers and returns a list of the k largest elements in descending order. Use a min-heap to efficiently find the k largest elements.
	Write a Python function that takes a list of integers and returns a list of all integers that appear more than once in the list. The result should not contain duplicates and should be sorted in ascending order.
	Write a Python function that takes a list of integers and returns the list sorted in ascending order using the quicksort algorithm. This will help you practice implementing a classic sorting algorithm and understanding its recursive nature.
	Write a Python function that takes a string and returns True if the string is a palindrome (reads the same forwards and backwards), ignoring spaces, punctuation, and capitalization. Otherwise, return False.
	Write a Python function that takes a list of integers and returns a list of integers that appear only once in the original list. The result should be sorted in ascending order.

Failed tasks that are too hard: 
	Write a Python function that implements a queue using a list. The function should support enqueue (add an item to the end of the queue), dequeue (remove an item from the front of the queue), and is_empty (check if the queue is empty) operations. The function should return a tuple of results from these operations for testing purposes.
	Write a Python function that simulates a stack using a list. The function should support 'push' (add an item to the top of the stack), 'pop' (remove the item from the top of the stack), and 'peek' (return the item at the top of the stack without removing it) operations. The function should return a list of results from the 'pop' and 'peek' operations for testing purposes.


INFO - [Task id] 26 [generation text] 
INFO - {
    "reasoning": "I selected these questions to cover a variety of Python programming concepts that you haven't tackled yet. The questions focus on data structures, algorithms, and string manipulation, which are essential areas for a well-rounded programming skill set. Additionally, they include both basic and slightly more advanced tasks to challenge your understanding and help you grow as a programmer.",
    "question_concept_list": [
        {
            "question": "How do you implement a queue using a list in Python, supporting enqueue, dequeue, and is_empty operations?",
            "concept": "queue"
        },
        {
            "question": "What is the best way to implement a binary search algorithm in Python?",
            "concept": "binary search"
        },
        {
            "question": "How can you merge two sorted lists into a single sorted list in Python?",
            "concept": "sorting"
        },
        {
            "question": "What is the method to find the longest common prefix among a list of strings in Python?",
            "concept": "strings"
        },
        {
            "question": "How do you implement a simple text-based game loop in Python?",
            "concept": "game loop"
        }
    ]
}
INFO - {
    "reasoning": "I selected these questions to cover a variety of Python programming concepts that you haven't tackled yet. The questions focus on data structures, algorithms, and string manipulation, which are essential areas for a well-rounded programming skill set. Additionally, they include both basic and slightly more advanced tasks to challenge your understanding and help you grow as a programmer.",
    "question_concept_list": [
        {
            "question": "How do you implement a queue using a list in Python, supporting enqueue, dequeue, and is_empty operations?",
            "concept": "queue"
        },
        {
            "question": "What is the best way to implement a binary search algorithm in Python?",
            "concept": "binary search"
        },
        {
            "question": "How can you merge two sorted lists into a single sorted list in Python?",
            "concept": "sorting"
        },
        {
            "question": "What is the method to find the longest common prefix among a list of strings in Python?",
            "concept": "strings"
        },
        {
            "question": "How do you implement a simple text-based game loop in Python?",
            "concept": "game loop"
        }
    ]
}
INFO - LM call n parse attempt 1 / 3

INFO - [Task id] 26 [prompt] 
You are a helpful assistant that answer my question about Python programming.

I will give you the following information:
Question: ...

You will answer the question based on the context (only if available and helpful) and your own knowledge of Python programming.
1) Start your answer with "Answer: ".
2) Answer "Answer: Unknown" if you don't know the answer.

INFO - [Task id] 26 [prompt] Question: How do you implement a queue using a list in Python, supporting enqueue, dequeue, and is_empty operations?
INFO - [Task id] 26 [generation text] Answer: You can implement a queue using a list in Python by defining a class that includes methods for enqueue, dequeue, and checking if the queue is empty. Here’s a simple implementation:

```python
class Queue:
    def __init__(self):
        self.items = []

    def is_empty(self):
        return len(self.items) == 0

    def enqueue(self, item):
        self.items.append(item)

    def dequeue(self):
        if not self.is_empty():
            return self.items.pop(0)  # Remove the first item
        else:
            raise IndexError("Dequeue from an empty queue")

    def size(self):
        return len(self.items)

# Example usage:
queue = Queue()
queue.enqueue(1)
queue.enqueue(2)
print(queue.dequeue())  # Output: 1
print(queue.is_empty())  # Output: False
print(queue.size())  # Output: 1
```

In this implementation:
- `enqueue` adds an item to the end of the list.
- `dequeue` removes and returns the item from the front of the list.
- `is_empty` checks if the queue has no items.
- `size` returns the number of items in the queue. 

Note that using a list for a queue can be inefficient for large queues due to the `pop(0)` operation, which has O(n) time complexity. For better performance, consider using `collections.deque`, which is optimized for fast appends and pops from both ends.
INFO - LM call n parse attempt 1 / 3

INFO - [Task id] 26 [prompt] 
You are a helpful assistant that answer my question about Python programming.

I will give you the following information:
Question: ...

You will answer the question based on the context (only if available and helpful) and your own knowledge of Python programming.
1) Start your answer with "Answer: ".
2) Answer "Answer: Unknown" if you don't know the answer.

INFO - [Task id] 26 [prompt] Question: How can you merge two sorted lists into a single sorted list in Python?
INFO - [Task id] 26 [generation text] Answer: You can merge two sorted lists into a single sorted list in Python using the `heapq.merge()` function from the `heapq` module, or by using a simple loop to compare elements from both lists. Here are two methods to achieve this:

**Method 1: Using `heapq.merge()`**

```python
import heapq

list1 = [1, 3, 5, 7]
list2 = [2, 4, 6, 8]

merged_list = list(heapq.merge(list1, list2))
print(merged_list)  # Output: [1, 2, 3, 4, 5, 6, 7, 8]
```

**Method 2: Using a loop**

```python
def merge_sorted_lists(list1, list2):
    merged_list = []
    i, j = 0, 0

    while i < len(list1) and j < len(list2):
        if list1[i] < list2[j]:
            merged_list.append(list1[i])
            i += 1
        else:
            merged_list.append(list2[j])
            j += 1

    # Append remaining elements
    merged_list.extend(list1[i:])
    merged_list.extend(list2[j:])

    return merged_list

list1 = [1, 3, 5, 7]
list2 = [2, 4, 6, 8]

merged_list = merge_sorted_lists(list1, list2)
print(merged_list)  # Output: [1, 2, 3, 4, 5, 6, 7, 8]
```

Both methods will give you a single sorted list that combines the elements of the two input lists.
INFO - LM call n parse attempt 1 / 3

INFO - [Task id] 26 [prompt] 
You are a helpful assistant that answer my question about Python programming.

I will give you the following information:
Question: ...

You will answer the question based on the context (only if available and helpful) and your own knowledge of Python programming.
1) Start your answer with "Answer: ".
2) Answer "Answer: Unknown" if you don't know the answer.

INFO - [Task id] 26 [prompt] Question: What is the method to find the longest common prefix among a list of strings in Python?
INFO - [Task id] 26 [generation text] Answer: To find the longest common prefix among a list of strings in Python, you can use the following method:

1. Check if the list is empty. If it is, return an empty string.
2. Initialize the prefix as the first string in the list.
3. Iterate through the remaining strings and update the prefix by comparing it with each string.
4. If at any point the prefix becomes empty, you can return it immediately.

Here is a sample implementation:

```python
def longest_common_prefix(strs):
    if not strs:
        return ""
    
    prefix = strs[0]
    
    for s in strs[1:]:
        while s[:len(prefix)] != prefix and prefix:
            prefix = prefix[:-1]
    
    return prefix
```

You can call this function with a list of strings to get the longest common prefix. For example:

```python
strings = ["flower", "flow", "flight"]
print(longest_common_prefix(strings))  # Output: "fl"
```
INFO - LM call n parse attempt 1 / 3

INFO - [Task id] 26 [prompt] 
You are a helpful assistant that answer my question about Python programming.

I will give you the following information:
Question: ...

You will answer the question based on the context (only if available and helpful) and your own knowledge of Python programming.
1) Start your answer with "Answer: ".
2) Answer "Answer: Unknown" if you don't know the answer.

INFO - [Task id] 26 [prompt] Question: How do you implement a simple text-based game loop in Python?
INFO - [Task id] 26 [generation text] Answer: To implement a simple text-based game loop in Python, you can use a `while` loop that continues to run until a certain condition is met (like the player choosing to exit the game). Here’s a basic example of how you might structure such a game loop:

```python
def main():
    print("Welcome to the Text-Based Game!")
    
    while True:
        # Display the game options
        print("\nChoose an action:")
        print("1. Explore")
        print("2. Check inventory")
        print("3. Quit")
        
        # Get user input
        choice = input("Enter your choice (1-3): ")
        
        if choice == '1':
            print("You explore the surroundings...")
            # Add exploration logic here
        elif choice == '2':
            print("You check your inventory...")
            # Add inventory logic here
        elif choice == '3':
            print("Thanks for playing!")
            break  # Exit the loop
        else:
            print("Invalid choice, please try again.")

if __name__ == "__main__":
    main()
```

In this example:
- The game starts with a welcome message.
- A `while True` loop is used to keep the game running until the player decides to quit.
- The player is presented with options to explore, check their inventory, or quit the game.
- Based on the player's input, different actions are taken, and the loop continues until the player chooses to exit. 

You can expand this basic structure by adding more features, such as handling player stats, implementing a combat system, or creating different locations to explore.
INFO - LM call n parse attempt 1 / 5

INFO - [Task id] 26 [prompt] 
You are a helpful assistant that tells me the next immediate task (in the form of a function) to do for Python programming. 
My ultimate goal is to solve as many diverse problems as possible and become the best programmer in the world.

I will give you the following information:
Question 1: ...
Answer: ...
Question 2: ...
Answer: ...
Question 3: ...
Answer: ...
...
Completed tasks so far: ...
Failed tasks that are too hard: ...

You must follow the following criteria:
1) You should act as a mentor and guide me to the next task based on my current learning progress. As a rule of thumb, guide me through beginner problems, followed by interview level problems, followed by competitive programming problems. The latter 2 levels can involve concepts from data structures and algorithms.
2) Please be very specific about what skills I need to learn.
3) Do not propose multiple tasks at the same time. Do not mention anything else.
4) The next task should not be too hard since I may not have learned enough skills to complete it yet.
5) The next task should be novel and interesting. I should look for problems which I have not solved yet. I should not be doing the same thing over and over again.
6) The task should involve writing a main Python function that at most use basic libraries (try not to import too many or too advanced modules)
7) Do not give tasks that require file operations (create, read, update, delete) or an internet connection.
8) I am only allowed to write Python functions, so do not require me to write other things (e.g. objects). 
9) Requiring me to write a function that takes in an object and uses object methods is still ok, but I cannot define the objects myself. You must provide the objects as input to my function in the assert statement.

Take note of these in your response:
1) Give an expected function name for the task.
2) Give a tuple of 3 assert statements that tests the function's correctness in the "test_tuple" field. This must strictly contain single-line assert statements only; any setup code for the test must be filled in the "test_setup_code" field.
3) The function name which you gave must be called in the assert statements. 

Respond in JSON, and follow the keys and expected format of the values strictly.


Response format:
The output should be formatted as a JSON instance that conforms to the JSON schema below.

As an example, for the schema {"properties": {"foo": {"title": "Foo", "description": "a list of strings", "type": "array", "items": {"type": "string"}}}, "required": ["foo"]}
the object {"foo": ["bar", "baz"]} is a well-formatted instance of the schema. The object {"properties": {"foo": ["bar", "baz"]}} is not well-formatted.

Here is the output schema:
```
{"properties": {"reasoning": {"description": "Based on the information listed above, reason about what the next task should be.", "title": "Reasoning", "type": "string"}, "task": {"description": "The next task, which requires me to write a single function. Be sure to state the expected data structure for inputs and outputs.", "title": "Task", "type": "string"}, "gt_fn_name": {"description": "The expected name for the single function for the task", "title": "Gt Fn Name", "type": "string"}, "test_setup_code": {"description": "setup code, if required. This will be run just before the assert statements are executed.", "title": "Test Setup Code", "type": "string"}, "test_tuple": {"description": "Tuple of 3 SINGLE-LINE test cases that starts with 'assert' to test the function's correctness.Any extra required code should be written in the test_setup_code field.", "items": {"type": "string"}, "maxItems": 3, "minItems": 3, "prefixItems": [{"type": "string"}, {"type": "string"}, {"type": "string"}], "title": "Test Tuple", "type": "array"}}, "required": ["reasoning", "task", "gt_fn_name", "test_setup_code", "test_tuple"]}
```


INFO - [Task id] 26 [prompt] 
Here's an example response:
{
    "reasoning": "The student has shown proficiency in basic Python syntax and list manipulation, but struggles with problems involving more complex algorithms and data structures. This task will help them practice using sets or dictionaries for efficient lookups, and understand the concept of algorithmic complexity.",
    "task": "Write a Python function that takes a list of integers and returns the tuple of two numbers that sum up to zero. If no such pair exists, return None.",
    "gt_fn_name": "find_zero_sum",
    "test_setup_code": "",
    "test_tuple": [
        "assert find_zero_sum([1, 2, 3, -2, -1]) == (2, -2)",
        "assert find_zero_sum([1, 2, 3, 4, 5]) == None",
        "assert find_zero_sum([1, 4, 3, -4, -1]) == (4, -4)"
    ]
}

INFO - [Task id] 26 [prompt] Question 1: How do you implement a queue using a list in Python, supporting enqueue, dequeue, and is_empty operations?
Answer: You can implement a queue using a list in Python by defining a class that includes methods for enqueue, dequeue, and checking if the queue is empty. Here’s a simple implementation:

```python
class Queue:
    def __init__(self):
        self.items = []

    def is_empty(self):
        return len(self.items) == 0

    def enqueue(self, item):
        self.items.append(item)

    def dequeue(self):
        if not self.is_empty():
            return self.items.pop(0)  # Remove the first item
        else:
            raise IndexError("Dequeue from an empty queue")

    def size(self):
        return len(self.items)

# Example usage:
queue = Queue()
queue.enqueue(1)
queue.enqueue(2)
print(queue.dequeue())  # Output: 1
print(queue.is_empty())  # Output: False
print(queue.size())  # Output: 1
```

In this implementation:
- `enqueue` adds an item to the end of the list.
- `dequeue` removes and returns the item from the front of the list.
- `is_empty` checks if the queue has no items.
- `size` returns the number of items in the queue. 

Note that using a list for a queue can be inefficient for large queues due to the `pop(0)` operation, which has O(n) time complexity. For better performance, consider using `collections.deque`, which is optimized for fast appends and pops from both ends.

Question 2: How do you implement a binary search algorithm in Python?
Answer: To implement a binary search algorithm in Python, you can use either an iterative or a recursive approach. Below are examples of both methods.

### Iterative Approach

```python
def binary_search_iterative(arr, target):
    left, right = 0, len(arr) - 1
    
    while left <= right:
        mid = left + (right - left) // 2  # To prevent overflow
        
        if arr[mid] == target:
            return mid  # Target found
        elif arr[mid] < target:
            left = mid + 1  # Search in the right half
        else:
            right = mid - 1  # Search in the left half
            
    return -1  # Target not found
```

### Recursive Approach

```python
def binary_search_recursive(arr, target, left, right):
    if left > right:
        return -1  # Target not found
    
    mid = left + (right - left) // 2  # To prevent overflow
    
    if arr[mid] == target:
        return mid  # Target found
    elif arr[mid] < target:
        return binary_search_recursive(arr, target, mid + 1, right)  # Search in the right half
    else:
        return binary_search_recursive(arr, target, left, mid - 1)  # Search in the left half

# To use the recursive function, call it like this:
# result = binary_search_recursive(arr, target, 0, len(arr) - 1)
```

### Usage Example

```python
arr = [1, 2, 3, 4, 5, 6, 7, 8, 9]
target = 5

# Using iterative approach
result_iterative = binary_search_iterative(arr, target)
print("Iterative result:", result_iterative)

# Using recursive approach
result_recursive = binary_search_recursive(arr, target, 0, len(arr) - 1)
print("Recursive result:", result_recursive)
```

### Note
- The array must be sorted for binary search to work correctly.
- The function returns the index of the target if found, or -1 if the target is not in the array.

Question 3: How can you merge two sorted lists into a single sorted list in Python?
Answer: You can merge two sorted lists into a single sorted list in Python using the `heapq.merge()` function from the `heapq` module, or by using a simple loop to compare elements from both lists. Here are two methods to achieve this:

**Method 1: Using `heapq.merge()`**

```python
import heapq

list1 = [1, 3, 5, 7]
list2 = [2, 4, 6, 8]

merged_list = list(heapq.merge(list1, list2))
print(merged_list)  # Output: [1, 2, 3, 4, 5, 6, 7, 8]
```

**Method 2: Using a loop**

```python
def merge_sorted_lists(list1, list2):
    merged_list = []
    i, j = 0, 0

    while i < len(list1) and j < len(list2):
        if list1[i] < list2[j]:
            merged_list.append(list1[i])
            i += 1
        else:
            merged_list.append(list2[j])
            j += 1

    # Append remaining elements
    merged_list.extend(list1[i:])
    merged_list.extend(list2[j:])

    return merged_list

list1 = [1, 3, 5, 7]
list2 = [2, 4, 6, 8]

merged_list = merge_sorted_lists(list1, list2)
print(merged_list)  # Output: [1, 2, 3, 4, 5, 6, 7, 8]
```

Both methods will give you a single sorted list that combines the elements of the two input lists.

Question 4: What is the method to find the longest common prefix among a list of strings in Python?
Answer: To find the longest common prefix among a list of strings in Python, you can use the following method:

1. Check if the list is empty. If it is, return an empty string.
2. Initialize the prefix as the first string in the list.
3. Iterate through the remaining strings and update the prefix by comparing it with each string.
4. If at any point the prefix becomes empty, you can return it immediately.

Here is a sample implementation:

```python
def longest_common_prefix(strs):
    if not strs:
        return ""
    
    prefix = strs[0]
    
    for s in strs[1:]:
        while s[:len(prefix)] != prefix and prefix:
            prefix = prefix[:-1]
    
    return prefix
```

You can call this function with a list of strings to get the longest common prefix. For example:

```python
strings = ["flower", "flow", "flight"]
print(longest_common_prefix(strings))  # Output: "fl"
```

Question 5: How do you implement a simple text-based game loop in Python?
Answer: To implement a simple text-based game loop in Python, you can use a `while` loop that continues to run until a certain condition is met (like the player choosing to exit the game). Here’s a basic example of how you might structure such a game loop:

```python
def main():
    print("Welcome to the Text-Based Game!")
    
    while True:
        # Display the game options
        print("\nChoose an action:")
        print("1. Explore")
        print("2. Check inventory")
        print("3. Quit")
        
        # Get user input
        choice = input("Enter your choice (1-3): ")
        
        if choice == '1':
            print("You explore the surroundings...")
            # Add exploration logic here
        elif choice == '2':
            print("You check your inventory...")
            # Add inventory logic here
        elif choice == '3':
            print("Thanks for playing!")
            break  # Exit the loop
        else:
            print("Invalid choice, please try again.")

if __name__ == "__main__":
    main()
```

In this example:
- The game starts with a welcome message.
- A `while True` loop is used to keep the game running until the player decides to quit.
- The player is presented with options to explore, check their inventory, or quit the game.
- Based on the player's input, different actions are taken, and the loop continues until the player chooses to exit. 

You can expand this basic structure by adding more features, such as handling player stats, implementing a combat system, or creating different locations to explore.

Completed tasks so far (do not give me these tasks again!): 
	Write a Python function that takes a list of integers and returns a new list containing only the even numbers from the original list.
	Write a Python function that takes a list of strings and returns a dictionary where the keys are the strings and the values are the number of times each string appears in the list.
	Write a Python function that takes a list of strings and returns a dictionary where the keys are the lengths of the strings and the values are lists of strings of that length.
	Write a Python function that takes a string and returns the first non-repeating character in it. If all characters repeat, return None.
	Write a Python function that takes a list of integers and returns a list of all unique pairs (as tuples) that sum up to a given target integer. The pairs should be sorted in ascending order, and each pair should be sorted as well.
	Write a Python function that takes a string and returns the longest substring without repeating characters.
	Write a Python function that takes two lists of integers and returns a list of their common elements. The result should not contain duplicates and should be sorted in ascending order.
	Write a Python function that takes a list of integers and sorts it in ascending order using the bubble sort algorithm. The function should return the sorted list.
	Write a Python function that takes a list of integers and returns a new list with the elements in reverse order.
	Write a Python function that takes a list of integers and returns the greatest common divisor (GCD) of the numbers in the list. Use the Euclidean algorithm to find the GCD.
	Write a Python function that takes a string and returns a new string with all the vowels removed. The function should be case-insensitive, meaning it should remove both uppercase and lowercase vowels.
	Write a Python function that takes two lists of integers and returns a list of integers that are present in both lists, without duplicates. Use set operations to achieve this.
	Write a Python function that takes a list of operations (as strings) and simulates a stack using a list. The operations can be 'push X' to push an integer X onto the stack, 'pop' to remove the top element, and 'peek' to return the top element without removing it. The function should return a list of results from the 'pop' and 'peek' operations.
	Write a Python function that takes two lists of integers and returns a list of integers that are present in either of the lists but not in both. The result should not contain duplicates and should be sorted in ascending order.
	Write a Python function that takes a list of integers and returns a dictionary where the keys are the integers and the values are the number of times each integer appears in the list. This will help practice using dictionaries for counting occurrences.
	Write a Python function that takes an integer n and returns a list of all prime numbers less than n. This will help you practice loops, conditionals, and understanding of prime numbers.
	Write a Python function that takes a string and a pattern (both strings) and returns True if the pattern is found in the string, and False otherwise. The function should perform a simple substring search.
	Write a Python function that calculates the factorial of a given non-negative integer using recursion. The function should return the factorial value.
	Write a Python function that takes a list of integers and returns the index of the first occurrence of the maximum value in the list. If the list is empty, return -1.
	Write a Python function that takes a list of integers and returns a list of the k largest elements in descending order. Use a min-heap to efficiently find the k largest elements.
	Write a Python function that takes a list of integers and returns a list of all integers that appear more than once in the list. The result should not contain duplicates and should be sorted in ascending order.
	Write a Python function that takes a list of integers and returns the list sorted in ascending order using the quicksort algorithm. This will help you practice implementing a classic sorting algorithm and understanding its recursive nature.
	Write a Python function that takes a string and returns True if the string is a palindrome (reads the same forwards and backwards), ignoring spaces, punctuation, and capitalization. Otherwise, return False.
	Write a Python function that takes a list of integers and returns a list of integers that appear only once in the original list. The result should be sorted in ascending order.

Failed tasks that are too hard: 
	Write a Python function that implements a queue using a list. The function should support enqueue (add an item to the end of the queue), dequeue (remove an item from the front of the queue), and is_empty (check if the queue is empty) operations. The function should return a tuple of results from these operations for testing purposes.
	Write a Python function that simulates a stack using a list. The function should support 'push' (add an item to the top of the stack), 'pop' (remove the item from the top of the stack), and 'peek' (return the item at the top of the stack without removing it) operations. The function should return a list of results from the 'pop' and 'peek' operations for testing purposes.


INFO - [Task id] 26 [generation text] 
INFO - {
    "reasoning": "The student has successfully completed a variety of tasks involving basic Python operations, list manipulations, and some algorithmic challenges. They have also attempted tasks involving data structures like queues and stacks but found them challenging. To build on their current skills and gradually introduce them to more complex concepts, a task involving basic string manipulation and pattern matching would be appropriate. This will help them practice using loops and conditionals effectively.",
    "task": "Write a Python function that takes a string and a list of words, and returns a list of words from the list that are substrings of the given string. This will help practice string manipulation and searching techniques.",
    "gt_fn_name": "find_substrings",
    "test_setup_code": "",
    "test_tuple": [
        "assert find_substrings('hello world', ['hello', 'world', 'python']) == ['hello', 'world']",
        "assert find_substrings('abcdef', ['abc', 'def', 'gh']) == ['abc', 'def']",
        "assert find_substrings('test', ['no', 'match']) == []"
    ]
}
INFO - {
    "reasoning": "The student has successfully completed a variety of tasks involving basic Python operations, list manipulations, and some algorithmic challenges. They have also attempted tasks involving data structures like queues and stacks but found them challenging. To build on their current skills and gradually introduce them to more complex concepts, a task involving basic string manipulation and pattern matching would be appropriate. This will help them practice using loops and conditionals effectively.",
    "task": "Write a Python function that takes a string and a list of words, and returns a list of words from the list that are substrings of the given string. This will help practice string manipulation and searching techniques.",
    "gt_fn_name": "find_substrings",
    "test_setup_code": "",
    "test_tuple": [
        "assert find_substrings('hello world', ['hello', 'world', 'python']) == ['hello', 'world']",
        "assert find_substrings('abcdef', ['abc', 'def', 'gh']) == ['abc', 'def']",
        "assert find_substrings('test', ['no', 'match']) == []"
    ]
}
INFO - The task prompt is Write a Python function that takes a string and a list of words, and returns a list of words from the list that are substrings of the given string. This will help practice string manipulation and searching techniques.
You must strictly follow the function name: find_substrings

INFO - LM call n parse attempt 1 / 3

INFO - [Task id] 26 [prompt] 
You are a helpful assistant that answer my question about Python programming.

I will give you the following information:
Question: ...

You will answer the question based on the context (only if available and helpful) and your own knowledge of Python programming.
1) Start your answer with "Answer: ".
2) Answer "Answer: Unknown" if you don't know the answer.

INFO - [Task id] 26 [prompt] Question: Explain at a conceptual level, how to accomplish the below task in Python programming?
Write a Python function that takes a string and a list of words, and returns a list of words from the list that are substrings of the given string. This will help practice string manipulation and searching techniques.
INFO - [Task id] 26 [generation text] Answer: To accomplish the task of finding substrings in Python, you can follow these conceptual steps:

1. **Define the Function**: Create a function that takes two parameters: a string and a list of words.

2. **Initialize a Result List**: Inside the function, initialize an empty list that will store the words that are found to be substrings of the given string.

3. **Iterate Over the List of Words**: Use a loop to go through each word in the provided list.

4. **Check for Substring**: For each word, use the `in` operator to check if the word is a substring of the given string. The `in` operator returns `True` if the word is found within the string.

5. **Append Matches**: If a word is found to be a substring, append it to the result list.

6. **Return the Result**: After checking all the words, return the result list containing all the matching substrings.

Here is a conceptual outline of the function:

```python
def find_substrings(input_string, word_list):
    result = []  # Step 2: Initialize an empty list
    for word in word_list:  # Step 3: Iterate over the list of words
        if word in input_string:  # Step 4: Check if the word is a substring
            result.append(word)  # Step 5: Append to the result list
    return result  # Step 6: Return the result list
```

This function effectively utilizes string manipulation and searching techniques to identify and return the substrings from the provided list.
INFO - Attempting task_id 26
INFO - [35m Rollout attempt 1/4[0m
INFO - [33m Retrieving 5 entries for db: skill 
 [0m
INFO - [33m is_pattern_in_string, reverse_list, longest_unique_substring, count_string_occurrences, is_palindrome[0m
INFO - LM call n parse attempt 1 / 3

INFO - [Task id] 26 [prompt] You are a helpful assistant that writes python code to solve a task specified by me.

Here are some useful functions written earlier which you can reuse or reference.


[Entry]:


    def is_pattern_in_string(main_string, pattern):
        return (pattern in main_string)

[/Entry]

[Entry]:


    def reverse_list(input_list):
        return input_list[::(- 1)]

[/Entry]

[Entry]:


    def longest_unique_substring(s):
        char_set = set()
        max_length = 0
        start = 0
        longest_substr = ''
        for end in range(len(s)):
            while (s[end] in char_set):
                char_set.remove(s[start])
                start += 1
            char_set.add(s[end])
            if (((end - start) + 1) > max_length):
                max_length = ((end - start) + 1)
                longest_substr = s[start:(end + 1)]
        return longest_substr

[/Entry]

[Entry]:


    def count_string_occurrences(string_list):
        count_dict = {}
        for string in string_list:
            if (string in count_dict):
                count_dict[string] += 1
            else:
                count_dict[string] = 1
        return count_dict

[/Entry]

[Entry]:
    import re

    def is_palindrome(s):
        cleaned = re.sub('[^a-zA-Z0-9]', '', s).lower()
        return (cleaned == cleaned[::(- 1)])

[/Entry]






At each round of conversation, I will give you
[Environment feedback] (after executing code) ...
[Code from the last round] ...
[Task] ...
[Context] ...
[Critique] ...

You should then respond to me with
Explain (if applicable): Are there any steps missing in your plan? Why does the code not complete the task? What does the chat log and execution error imply?
Plan: How to complete the task step by step. 
Code:
    1) Reuse or reference the above useful programs if necessary.
    2) Your function will be reused for building more complex functions. Therefore, you should make it generic and reusable. 
    3) Functions in the "Code from the last round" section will not be saved or executed. Do not reuse functions listed there.
    4) Anything defined outside a function will be ignored, define all your variables inside your functions.
    5) Do not write infinite loops.
    6) If the task specifies a function name to be used, follow it strictly (be case sensitive!). Else, name your function in a meaningful way (can infer the task from the name).
    7) Your code should only contain elements that solve the task, so DO NOT write any assert statements / tests
    8) The context in the [Context] tag serves as a casual tip (which can be wrong) to help you on the task, but your priority is to follow instructions in the [Task] tag.

You should only respond in the format as described below:
RESPONSE FORMAT:

Explain: ...
Plan:
1) ...
2) ...
3) ...
...
Code:
```python
# helper functions (only if needed, try to avoid them)
...
# main function after the helper functions
def yourMainFunctionName(args):
  # ...

```


INFO - [Task id] 26 [prompt] [Environment feedback]
None

[Code from the last round]
No code in the first round

[Task]
Write a Python function that takes a string and a list of words, and returns a list of words from the list that are substrings of the given string. This will help practice string manipulation and searching techniques.
You must strictly follow the function name: find_substrings

[Context]
Rough plan to accomplish the task (can be wrong): 
Answer: To accomplish the task of finding substrings in Python, you can follow these conceptual steps:

1. **Define the Function**: Create a function that takes two parameters: a string and a list of words.

2. **Initialize a Result List**: Inside the function, initialize an empty list that will store the words that are found to be substrings of the given string.

3. **Iterate Over the List of Words**: Use a loop to go through each word in the provided list.

4. **Check for Substring**: For each word, use the `in` operator to check if the word is a substring of the given string. The `in` operator returns `True` if the word is found within the string.

5. **Append Matches**: If a word is found to be a substring, append it to the result list.

6. **Return the Result**: After checking all the words, return the result list containing all the matching substrings.

Here is a conceptual outline of the function:

```python
def find_substrings(input_string, word_list):
    result = []  # Step 2: Initialize an empty list
    for word in word_list:  # Step 3: Iterate over the list of words
        if word in input_string:  # Step 4: Check if the word is a substring
            result.append(word)  # Step 5: Append to the result list
    return result  # Step 6: Return the result list
```

This function effectively utilizes string manipulation and searching techniques to identify and return the substrings from the provided list.


[Critique]
None


INFO - [Task id] 26 [generation text] Plan:
1. Define the function `find_substrings` that takes two parameters: `input_string` and `word_list`.
2. Initialize an empty list `result` to store words that are substrings of `input_string`.
3. Iterate over each word in `word_list`.
4. Use the `in` operator to check if the current word is a substring of `input_string`.
5. If the word is a substring, append it to the `result` list.
6. After iterating through all words, return the `result` list.

Code:
```python
def find_substrings(input_string, word_list):
    result = []  # Initialize an empty list to store matching substrings
    for word in word_list:  # Iterate over each word in the list
        if word in input_string:  # Check if the word is a substring of the input string
            result.append(word)  # Append the word to the result list if it is a substring
    return result  # Return the list of substrings
```
INFO - program_code:
 

def find_substrings(input_string, word_list):
    result = []
    for word in word_list:
        if (word in input_string):
            result.append(word)
    return result


INFO - program_name:
 find_substrings

INFO - dependencies:
 []

INFO - raw_msg:
 Plan:
1. Define the function `find_substrings` that takes two parameters: `input_string` and `word_list`.
2. Initialize an empty list `result` to store words that are substrings of `input_string`.
3. Iterate over each word in `word_list`.
4. Use the `in` operator to check if the current word is a substring of `input_string`.
5. If the word is a substring, append it to the `result` list.
6. After iterating through all words, return the `result` list.

Code:
```python
def find_substrings(input_string, word_list):
    result = []  # Initialize an empty list to store matching substrings
    for word in word_list:  # Iterate over each word in the list
        if word in input_string:  # Check if the word is a substring of the input string
            result.append(word)  # Append the word to the result list if it is a substring
    return result  # Return the list of substrings
```

INFO - no_parent:
 True

INFO - full code to be executed: 
 

def find_substrings(input_string, word_list):
    result = []
    for word in word_list:
        if (word in input_string):
            result.append(word)
    return result


INFO - obs: Tests passed:
assert find_substrings('hello world', ['hello', 'world', 'python']) == ['hello', 'world']
assert find_substrings('abcdef', ['abc', 'def', 'gh']) == ['abc', 'def']
assert find_substrings('test', ['no', 'match']) == []

Tests failed:
None
reward: True
done: None
info: {'individual_results': (True, True, True)}
INFO - LM call n parse attempt 1 / 5

INFO - [Task id] 26 [prompt] 
You are a Python programming assistant that assesses my progress of Python programming and provides useful guidance.

I will give you the following information:

[Task]: The objective I need to accomplish.
[Context]: The context of the task. Serves as a casual tip (which can be wrong) to help me on the task, but my priority is to follow instructions in the Task tag.
[function impl]: My function implementation that is intended to complete the task
[unit test results]: The results after executing my function implementation on the unit tests

Your first goal is to use these info to evaluate if I have met the task requirements, and explain why. 
It is possible that the unit test results all pass, but the code does not accomplish the task (eg by failing to accomplish the task in scenarios not covered by the unit tests)
It is also possible that the unit tests are wrong in the first place, though the code accomplishes the task and fails the unit test.

If I have not met the task requirements, write a few sentences to explain why the function implementation is wrong as indicated by the tests. 
You will need this as guidance when you try again later.
Only provide the few sentence description in your answer, not the implementation. 
Suggest how the function implementation can be changed, NOT the test cases (assert statements)

You should only respond in JSON format as described below:
The output should be formatted as a JSON instance that conforms to the JSON schema below.

As an example, for the schema {"properties": {"foo": {"title": "Foo", "description": "a list of strings", "type": "array", "items": {"type": "string"}}}, "required": ["foo"]}
the object {"foo": ["bar", "baz"]} is a well-formatted instance of the schema. The object {"properties": {"foo": ["bar", "baz"]}} is not well-formatted.

Here is the output schema:
```
{"description": "Represents the critique of a task attempt, including reasoning, success status, and suggestions for improvement.\n\nAttributes:\n    reasoning (str): Explanation of why the task was succeeded or failed.\n    success (bool): Indicates whether the task requirements were met.\n    critique (str): Suggestions or critique to help improve future task attempts.", "properties": {"reasoning": {"description": "reason why I have succeeded or failed at the task", "title": "Reasoning", "type": "string"}, "success": {"description": "evaluate if I have met the task requirements", "title": "Success", "type": "boolean"}, "critique": {"description": "critique to help me improve", "title": "Critique", "type": "string"}}, "required": ["reasoning", "success", "critique"]}
```

INFO - [Task id] 26 [prompt] 
Here are some examples:

Example 1:
[function impl]:
```python
def longest_subarray_with_sum_limit(nums: List[int], target: int) -> List[int]:
    n = len(nums)
    left, right = 0, 0
    max_length = 0
    current_sum = 0
    result = []
    while right < n:
        current_sum += nums[right]
        while current_sum > target:
            current_sum -= nums[left]
            left += 1
        if right - left + 1 >= max_length:
            max_length = right - left + 1
            result = nums[left:right+1]
        right += 1
    return result
```
[unit test results]:
Tests passing:
assert longest_subarray_with_sum_limit([1, 2, 3, 4, 5], 8) == [1, 2, 3]
assert longest_subarray_with_sum_limit([1, 2, 3, 4, 5], 15) == [1, 2, 3, 4, 5]
assert longest_subarray_with_sum_limit([1, -1, 2, -2, 3, -3], 2) == [1, -1, 2, -2, 3]
assert longest_subarray_with_sum_limit([], 10) == []
assert longest_subarray_with_sum_limit([], 0) == []
assert longest_subarray_with_sum_limit([], -5) == []  
Tests failing:
assert longest_subarray_with_sum_limit([5, 6, 7, 8, 9], 4) == [] # output: [5]

RESPONSE:
{
    "reasoning": "The implementation failed the test case where no subarray fulfills the condition",
    "success": false,
    "critique": "The issue in the implementation is due to the use of >= instead of > in the condition to update the result. Because of this, it returns a subarray even when the sum is greater than the target, as it still updates the result when the current subarray length is equal to the previous longest subarray length. To overcome this error, we should change the condition to only update the result when the current subarray length is strictly greater than the previous longest subarray length. This can be done by replacing >= with > in the condition."
}


Example 2:
[function impl]:
```python
def longest_subarray_with_sum_limit(nums: List[int], target: int) -> List[int]:
    n = len(nums)
    left, right = 0, 0
    max_length = 0
    current_sum = 0
    result = []
    while current_sum + nums[right] <= target:
        current_sum += nums[right]
        right += 1
    while right < n:
        current_sum += nums[right]
        while current_sum > target:
            current_sum -= nums[left]
            left += 1
        if right - left + 1 > max_length:
            max_length = right - left + 1
            result = nums[left:right+1]
        right += 1
    return result
```
[unit test results]:
Tests passing:
assert longest_subarray_with_sum_limit([], 10) == []
assert longest_subarray_with_sum_limit([], 0) == []
assert longest_subarray_with_sum_limit([], -5) == []
Tests failing:
assert longest_subarray_with_sum_limit([1, 2, 3, 4, 5], 8) == [1, 2, 3] # output: list index out of range
assert longest_subarray_with_sum_limit([1, 2, 3, 4, 5], 15) == [1, 2, 3, 4, 5] # output: list index out of range
assert longest_subarray_with_sum_limit([5, 6, 7, 8, 9], 4) == [] # output: list index out of range
assert longest_subarray_with_sum_limit([1, -1, 2, -2, 3, -3], 2) == [1, -1, 2, -2, 3] # output: list index out of range

RESPONSE:
{
    "reason": "The implementation failed 4 out of the 7 test cases due to an IndexError.",
    "success": false,
    "critique": "The issue stems from the while loop while current_sum + nums[right] <= target:, which directly accesses nums[right] without checking if right is within the bounds of the list. This results in a runtime error when right goes beyond the list length. To overcome this error, we need to add a bounds check for the right variable in the mentioned while loop. We can modify the loop condition to while right < len(nums) and current_sum + nums[right] <= target:. This change will ensure that we only access elements within the bounds of the list, thus avoiding the IndexError."
}


END OF EXAMPLES

INFO - [Task id] 26 [prompt] [Task]:
Write a Python function that takes a string and a list of words, and returns a list of words from the list that are substrings of the given string. This will help practice string manipulation and searching techniques.
[Context]: 
 Rough plan to accomplish the task (can be wrong): 
Answer: To accomplish the task of finding substrings in Python, you can follow these conceptual steps:

1. **Define the Function**: Create a function that takes two parameters: a string and a list of words.

2. **Initialize a Result List**: Inside the function, initialize an empty list that will store the words that are found to be substrings of the given string.

3. **Iterate Over the List of Words**: Use a loop to go through each word in the provided list.

4. **Check for Substring**: For each word, use the `in` operator to check if the word is a substring of the given string. The `in` operator returns `True` if the word is found within the string.

5. **Append Matches**: If a word is found to be a substring, append it to the result list.

6. **Return the Result**: After checking all the words, return the result list containing all the matching substrings.

Here is a conceptual outline of the function:

```python
def find_substrings(input_string, word_list):
    result = []  # Step 2: Initialize an empty list
    for word in word_list:  # Step 3: Iterate over the list of words
        if word in input_string:  # Step 4: Check if the word is a substring
            result.append(word)  # Step 5: Append to the result list
    return result  # Step 6: Return the result list
```

This function effectively utilizes string manipulation and searching techniques to identify and return the substrings from the provided list.


[function impl]:


def find_substrings(input_string, word_list):
    result = []
    for word in word_list:
        if (word in input_string):
            result.append(word)
    return result

[unit test results]:
Tests passed:
assert find_substrings('hello world', ['hello', 'world', 'python']) == ['hello', 'world']
assert find_substrings('abcdef', ['abc', 'def', 'gh']) == ['abc', 'def']
assert find_substrings('test', ['no', 'match']) == []

Tests failed:
None

INFO - [Task id] 26 [generation text] 
INFO - {
    "reasoning": "The function implementation correctly follows the task requirements. It iterates over the list of words and checks if each word is a substring of the given string using the 'in' operator. The function then appends the matching words to the result list and returns it. The unit tests confirm that the function behaves as expected, as all tests pass without any failures.",
    "success": true,
    "critique": "The function implementation is correct and meets the task requirements. No changes are necessary. Continue to use this approach for similar tasks involving substring searching."
}
INFO - {
    "reasoning": "The function implementation correctly follows the task requirements. It iterates over the list of words and checks if each word is a substring of the given string using the 'in' operator. The function then appends the matching words to the result list and returns it. The unit tests confirm that the function behaves as expected, as all tests pass without any failures.",
    "success": true,
    "critique": "The function implementation is correct and meets the task requirements. No changes are necessary. Continue to use this approach for similar tasks involving substring searching."
}
INFO - [task_id]: 26 [Result]: True
INFO - LM call n parse attempt 1 / 3

INFO - [Task id] 26 [prompt] 
You are a helpful assistant that writes a description of the given function written in the Python programming language.

1) Do not mention the function name.
2) Do not mention anything about helper functions.
3) There might be some helper functions before the main function, but you only need to describe the main function.
4) Try to summarize the function in no more than 6 sentences.
5) Your response should be a single line of text.

INFO - [Task id] 26 [prompt] 

def find_substrings(input_string, word_list):
    result = []
    for word in word_list:
        if (word in input_string):
            result.append(word)
    return result


The main function is `find_substrings`.
INFO - [Task id] 26 [generation text] This function takes an input string and a list of words, then checks each word to see if it is present in the input string. If a word is found within the input string, it is added to a result list. After checking all the words, the function returns the list of found words. The function effectively filters the word list based on their presence in the input string. It is useful for identifying specific substrings from a larger text. The output is a list containing all the words that were found.
INFO - Num Completed Tasks: 25, Num Failed Tasks: 2
