INFO - DB skill doc count: 14

INFO - [train iter]: 16/100 

INFO - LM call n parse attempt 1 / 3

INFO - [Task id] 16 [prompt] 
You are a helpful assistant that asks questions to help me decide the next immediate task to do for Python programming.
My ultimate goal is to solve as many diverse problems as possible and become the best programmer in the world.

I will give you the following information:
Completed tasks so far: ...
Failed tasks that are too hard: ...

You must follow the following criteria:
1) You should ask at least 5 questions (but no more than 10 questions) to help me decide the next immediate task to do. Each question should be followed by the concept that the question is about.
2) Your question should be specific to a concept in Python programming.
  Bad example (the question is too general):
    Question: What is the best way to program in Python?
    Concept: unknown
  Good example:
    Question: How do you reverse a list?
    Concept: list
3) Your questions should be self-contained and not require any context.

Respond in JSON, and follow the keys and expected format of the values strictly.


Response format:
The output should be formatted as a JSON instance that conforms to the JSON schema below.

As an example, for the schema {"properties": {"foo": {"title": "Foo", "description": "a list of strings", "type": "array", "items": {"type": "string"}}}, "required": ["foo"]}
the object {"foo": ["bar", "baz"]} is a well-formatted instance of the schema. The object {"properties": {"foo": ["bar", "baz"]}} is not well-formatted.

Here is the output schema:
```
{"$defs": {"QuestionConcept": {"properties": {"question": {"description": "A question related to Python programming, to help me brainstorm the next immediate task to do", "title": "Question", "type": "string"}, "concept": {"description": "The Python programming concept associated with the question above", "title": "Concept", "type": "string"}}, "required": ["question", "concept"], "title": "QuestionConcept", "type": "object"}}, "properties": {"reasoning": {"description": "Reason out, step-by-step, why you picked these questions and concepts", "title": "Reasoning", "type": "string"}, "question_concept_list": {"description": "list of questions and their associated concepts", "items": {"$ref": "#/$defs/QuestionConcept"}, "title": "Question Concept List", "type": "array"}}, "required": ["reasoning", "question_concept_list"]}
```


INFO - [Task id] 16 [prompt] Completed tasks so far (do not give me these tasks again!): 
	Write a Python function that takes a list of integers and returns a new list containing only the even numbers from the original list.
	Write a Python function that takes a list of strings and returns a dictionary where the keys are the strings and the values are the number of times each string appears in the list.
	Write a Python function that takes a list of strings and returns a dictionary where the keys are the lengths of the strings and the values are lists of strings of that length.
	Write a Python function that takes a string and returns the first non-repeating character in it. If all characters repeat, return None.
	Write a Python function that takes a list of integers and returns a list of all unique pairs (as tuples) that sum up to a given target integer. The pairs should be sorted in ascending order, and each pair should be sorted as well.
	Write a Python function that takes a string and returns the longest substring without repeating characters.
	Write a Python function that takes two lists of integers and returns a list of their common elements. The result should not contain duplicates and should be sorted in ascending order.
	Write a Python function that takes a list of integers and sorts it in ascending order using the bubble sort algorithm. The function should return the sorted list.
	Write a Python function that takes a list of integers and returns a new list with the elements in reverse order.
	Write a Python function that takes a list of integers and returns the greatest common divisor (GCD) of the numbers in the list. Use the Euclidean algorithm to find the GCD.
	Write a Python function that takes a string and returns a new string with all the vowels removed. The function should be case-insensitive, meaning it should remove both uppercase and lowercase vowels.
	Write a Python function that takes two lists of integers and returns a list of integers that are present in both lists, without duplicates. Use set operations to achieve this.
	Write a Python function that takes a list of operations (as strings) and simulates a stack using a list. The operations can be 'push X' to push an integer X onto the stack, 'pop' to remove the top element, and 'peek' to return the top element without removing it. The function should return a list of results from the 'pop' and 'peek' operations.
	Write a Python function that takes two lists of integers and returns a list of integers that are present in either of the lists but not in both. The result should not contain duplicates and should be sorted in ascending order.

Failed tasks that are too hard: 
	Write a Python function that implements a queue using a list. The function should support enqueue (add an item to the end of the queue), dequeue (remove an item from the front of the queue), and is_empty (check if the queue is empty) operations. The function should return a tuple of results from these operations for testing purposes.
	Write a Python function that simulates a stack using a list. The function should support 'push' (add an item to the top of the stack), 'pop' (remove the item from the top of the stack), and 'peek' (return the item at the top of the stack without removing it) operations. The function should return a list of results from the 'pop' and 'peek' operations for testing purposes.


INFO - [Task id] 16 [generation text] 
INFO - {
    "reasoning": "I selected these questions to cover a range of Python programming concepts that are fundamental and will help in building a strong foundation. The questions focus on data structures, algorithms, and string manipulation, which are essential skills for any programmer. Additionally, they provide opportunities to practice problem-solving and coding skills in Python.",
    "question_concept_list": [
        {
            "question": "How do you implement a queue using a list in Python?",
            "concept": "queue"
        },
        {
            "question": "What is the difference between a stack and a queue in terms of operations and use cases?",
            "concept": "data structures"
        },
        {
            "question": "How can you implement a priority queue in Python?",
            "concept": "priority queue"
        },
        {
            "question": "What are the different ways to sort a list in Python?",
            "concept": "sorting algorithms"
        },
        {
            "question": "How do you handle exceptions in Python when working with data structures?",
            "concept": "exception handling"
        }
    ]
}
INFO - {
    "reasoning": "I selected these questions to cover a range of Python programming concepts that are fundamental and will help in building a strong foundation. The questions focus on data structures, algorithms, and string manipulation, which are essential skills for any programmer. Additionally, they provide opportunities to practice problem-solving and coding skills in Python.",
    "question_concept_list": [
        {
            "question": "How do you implement a queue using a list in Python?",
            "concept": "queue"
        },
        {
            "question": "What is the difference between a stack and a queue in terms of operations and use cases?",
            "concept": "data structures"
        },
        {
            "question": "How can you implement a priority queue in Python?",
            "concept": "priority queue"
        },
        {
            "question": "What are the different ways to sort a list in Python?",
            "concept": "sorting algorithms"
        },
        {
            "question": "How do you handle exceptions in Python when working with data structures?",
            "concept": "exception handling"
        }
    ]
}
INFO - LM call n parse attempt 1 / 3

INFO - [Task id] 16 [prompt] 
You are a helpful assistant that answer my question about Python programming.

I will give you the following information:
Question: ...

You will answer the question based on the context (only if available and helpful) and your own knowledge of Python programming.
1) Start your answer with "Answer: ".
2) Answer "Answer: Unknown" if you don't know the answer.

INFO - [Task id] 16 [prompt] Question: What is the difference between a stack and a queue in terms of operations and use cases?
INFO - [Task id] 16 [generation text] Answer: A stack and a queue are both abstract data types that store collections of elements, but they differ in how elements are added and removed.

1. **Operations**:
   - **Stack**: Follows the Last In, First Out (LIFO) principle. The main operations are:
     - `push`: Add an element to the top of the stack.
     - `pop`: Remove the element from the top of the stack.
     - `peek` (or `top`): View the element at the top of the stack without removing it.
   
   - **Queue**: Follows the First In, First Out (FIFO) principle. The main operations are:
     - `enqueue`: Add an element to the back of the queue.
     - `dequeue`: Remove the element from the front of the queue.
     - `front` (or `peek`): View the element at the front of the queue without removing it.

2. **Use Cases**:
   - **Stack**: Commonly used in scenarios such as:
     - Function call management (call stack).
     - Undo mechanisms in applications (like text editors).
     - Syntax parsing (e.g., checking for balanced parentheses).
   
   - **Queue**: Commonly used in scenarios such as:
     - Task scheduling (e.g., print jobs).
     - Breadth-first search (BFS) in graph algorithms.
     - Handling requests in a server (e.g., managing incoming requests).

In summary, the key difference lies in their order of processing elements: stacks process the most recently added elements first, while queues process the least recently added elements first.
INFO - LM call n parse attempt 1 / 3

INFO - [Task id] 16 [prompt] 
You are a helpful assistant that answer my question about Python programming.

I will give you the following information:
Question: ...

You will answer the question based on the context (only if available and helpful) and your own knowledge of Python programming.
1) Start your answer with "Answer: ".
2) Answer "Answer: Unknown" if you don't know the answer.

INFO - [Task id] 16 [prompt] Question: How can you implement a priority queue in Python?
INFO - [Task id] 16 [generation text] Answer: You can implement a priority queue in Python using the `heapq` module, which provides an efficient way to maintain a priority queue using a binary heap. Here's a simple example of how to use it:

```python
import heapq

class PriorityQueue:
    def __init__(self):
        self.elements = []

    def is_empty(self):
        return not self.elements

    def put(self, item, priority):
        # Use a tuple (priority, item) to ensure the queue is sorted by priority
        heapq.heappush(self.elements, (priority, item))

    def get(self):
        # Pop the item with the highest priority (lowest number)
        return heapq.heappop(self.elements)[1]

# Example usage
pq = PriorityQueue()
pq.put("task1", 2)
pq.put("task2", 1)
pq.put("task3", 3)

while not pq.is_empty():
    print(pq.get())
```

In this example, tasks are added to the priority queue with a priority value. The `get` method retrieves the item with the highest priority (the lowest number). The `heapq` module ensures that the elements are kept in order, allowing for efficient retrieval.
INFO - LM call n parse attempt 1 / 3

INFO - [Task id] 16 [prompt] 
You are a helpful assistant that answer my question about Python programming.

I will give you the following information:
Question: ...

You will answer the question based on the context (only if available and helpful) and your own knowledge of Python programming.
1) Start your answer with "Answer: ".
2) Answer "Answer: Unknown" if you don't know the answer.

INFO - [Task id] 16 [prompt] Question: What are the different ways to sort a list in Python?
INFO - [Task id] 16 [generation text] Answer: In Python, there are several ways to sort a list:

1. **Using the `sort()` method**: This method sorts the list in place and modifies the original list. It can take two optional parameters: `key` (a function to execute to decide the order) and `reverse` (a boolean value to sort in descending order).
   ```python
   my_list = [3, 1, 4, 1, 5]
   my_list.sort()  # Sorts in ascending order
   my_list.sort(reverse=True)  # Sorts in descending order
   ```

2. **Using the `sorted()` function**: This function returns a new sorted list from the elements of any iterable. It also accepts `key` and `reverse` parameters.
   ```python
   my_list = [3, 1, 4, 1, 5]
   sorted_list = sorted(my_list)  # Returns a new sorted list
   sorted_list_desc = sorted(my_list, reverse=True)  # Returns a new sorted list in descending order
   ```

3. **Using a custom sorting function**: You can define a custom function to sort based on specific criteria by using the `key` parameter in either `sort()` or `sorted()`.
   ```python
   my_list = ['apple', 'banana', 'cherry']
   my_list.sort(key=len)  # Sorts by length of the strings
   ```

4. **Using the `reverse()` method**: If you want to reverse the order of an already sorted list, you can use the `reverse()` method.
   ```python
   my_list = [1, 2, 3, 4]
   my_list.reverse()  # Reverses the list in place
   ```

These methods provide flexibility depending on whether you want to sort in place or create a new sorted list, as well as the ability to customize the sorting criteria.
INFO - LM call n parse attempt 1 / 3

INFO - [Task id] 16 [prompt] 
You are a helpful assistant that answer my question about Python programming.

I will give you the following information:
Question: ...

You will answer the question based on the context (only if available and helpful) and your own knowledge of Python programming.
1) Start your answer with "Answer: ".
2) Answer "Answer: Unknown" if you don't know the answer.

INFO - [Task id] 16 [prompt] Question: How do you handle exceptions in Python when working with data structures?
INFO - [Task id] 16 [generation text] Answer: In Python, you can handle exceptions using the `try` and `except` blocks. When working with data structures, you might encounter various exceptions, such as `IndexError`, `KeyError`, or `TypeError`. Here's a general approach to handling exceptions:

1. **Use a try block**: Place the code that may raise an exception inside a `try` block.
2. **Catch specific exceptions**: Use `except` to catch specific exceptions that you expect might occur.
3. **Handle the exception**: You can log the error, provide a default value, or take corrective action within the `except` block.
4. **Optionally use finally**: If you need to execute some code regardless of whether an exception occurred, you can use a `finally` block.

Here’s an example:

```python
data = [1, 2, 3]

try:
    # Attempt to access an index that may not exist
    value = data[5]
except IndexError:
    print("Index out of range. Please check the index.")
else:
    print(f"Value at index 5 is {value}.")
finally:
    print("Execution completed.")
```

In this example, if you try to access an index that is out of range, the `IndexError` will be caught, and a message will be printed. The `finally` block will execute regardless of whether an exception occurred.
INFO - LM call n parse attempt 1 / 5

INFO - [Task id] 16 [prompt] 
You are a helpful assistant that tells me the next immediate task (in the form of a function) to do for Python programming. 
My ultimate goal is to solve as many diverse problems as possible and become the best programmer in the world.

I will give you the following information:
Question 1: ...
Answer: ...
Question 2: ...
Answer: ...
Question 3: ...
Answer: ...
...
Completed tasks so far: ...
Failed tasks that are too hard: ...

You must follow the following criteria:
1) You should act as a mentor and guide me to the next task based on my current learning progress. As a rule of thumb, guide me through beginner problems, followed by interview level problems, followed by competitive programming problems. The latter 2 levels can involve concepts from data structures and algorithms.
2) Please be very specific about what skills I need to learn.
3) Do not propose multiple tasks at the same time. Do not mention anything else.
4) The next task should not be too hard since I may not have learned enough skills to complete it yet.
5) The next task should be novel and interesting. I should look for problems which I have not solved yet. I should not be doing the same thing over and over again.
6) The task should involve writing a main Python function that at most use basic libraries (try not to import too many or too advanced modules)
7) Do not give tasks that require file operations (create, read, update, delete) or an internet connection.
8) I am only allowed to write Python functions, so do not require me to write other things (e.g. objects). 
9) Requiring me to write a function that takes in an object and uses object methods is still ok, but I cannot define the objects myself. You must provide the objects as input to my function in the assert statement.

Take note of these in your response:
1) Give an expected function name for the task.
2) Give a tuple of 3 assert statements that tests the function's correctness in the "test_tuple" field. This must strictly contain single-line assert statements only; any setup code for the test must be filled in the "test_setup_code" field.
3) The function name which you gave must be called in the assert statements. 

Respond in JSON, and follow the keys and expected format of the values strictly.


Response format:
The output should be formatted as a JSON instance that conforms to the JSON schema below.

As an example, for the schema {"properties": {"foo": {"title": "Foo", "description": "a list of strings", "type": "array", "items": {"type": "string"}}}, "required": ["foo"]}
the object {"foo": ["bar", "baz"]} is a well-formatted instance of the schema. The object {"properties": {"foo": ["bar", "baz"]}} is not well-formatted.

Here is the output schema:
```
{"properties": {"reasoning": {"description": "Based on the information listed above, reason about what the next task should be.", "title": "Reasoning", "type": "string"}, "task": {"description": "The next task, which requires me to write a single function. Be sure to state the expected data structure for inputs and outputs.", "title": "Task", "type": "string"}, "gt_fn_name": {"description": "The expected name for the single function for the task", "title": "Gt Fn Name", "type": "string"}, "test_setup_code": {"description": "setup code, if required. This will be run just before the assert statements are executed.", "title": "Test Setup Code", "type": "string"}, "test_tuple": {"description": "Tuple of 3 SINGLE-LINE test cases that starts with 'assert' to test the function's correctness.Any extra required code should be written in the test_setup_code field.", "items": {"type": "string"}, "maxItems": 3, "minItems": 3, "prefixItems": [{"type": "string"}, {"type": "string"}, {"type": "string"}], "title": "Test Tuple", "type": "array"}}, "required": ["reasoning", "task", "gt_fn_name", "test_setup_code", "test_tuple"]}
```


INFO - [Task id] 16 [prompt] 
Here's an example response:
{
    "reasoning": "The student has shown proficiency in basic Python syntax and list manipulation, but struggles with problems involving more complex algorithms and data structures. This task will help them practice using sets or dictionaries for efficient lookups, and understand the concept of algorithmic complexity.",
    "task": "Write a Python function that takes a list of integers and returns the tuple of two numbers that sum up to zero. If no such pair exists, return None.",
    "gt_fn_name": "find_zero_sum",
    "test_setup_code": "",
    "test_tuple": [
        "assert find_zero_sum([1, 2, 3, -2, -1]) == (2, -2)",
        "assert find_zero_sum([1, 2, 3, 4, 5]) == None",
        "assert find_zero_sum([1, 4, 3, -4, -1]) == (4, -4)"
    ]
}

INFO - [Task id] 16 [prompt] Question 1: How do you implement a queue using a list in Python?
Answer: You can implement a queue using a list in Python by utilizing the `append()` method to add elements to the end of the list and the `pop(0)` method to remove elements from the front of the list. Here is a simple example:

```python
class Queue:
    def __init__(self):
        self.queue = []

    def enqueue(self, item):
        self.queue.append(item)

    def dequeue(self):
        if not self.is_empty():
            return self.queue.pop(0)
        else:
            raise IndexError("dequeue from an empty queue")

    def is_empty(self):
        return len(self.queue) == 0

    def size(self):
        return len(self.queue)

# Example usage:
q = Queue()
q.enqueue(1)
q.enqueue(2)
q.enqueue(3)
print(q.dequeue())  # Output: 1
print(q.size())     # Output: 2
```

In this implementation:
- `enqueue` adds an item to the end of the queue.
- `dequeue` removes and returns the item from the front of the queue.
- `is_empty` checks if the queue is empty.
- `size` returns the number of items in the queue. 

Keep in mind that using a list for a queue can be inefficient for large queues because `pop(0)` has a time complexity of O(n). For better performance, consider using `collections.deque`, which is optimized for fast appends and pops from both ends.

Question 2: What is the difference between a stack and a queue in terms of operations and use cases?
Answer: A stack and a queue are both abstract data types that store collections of elements, but they differ in how elements are added and removed.

1. **Operations**:
   - **Stack**: Follows the Last In, First Out (LIFO) principle. The main operations are:
     - `push`: Add an element to the top of the stack.
     - `pop`: Remove the element from the top of the stack.
     - `peek` (or `top`): View the element at the top of the stack without removing it.
   
   - **Queue**: Follows the First In, First Out (FIFO) principle. The main operations are:
     - `enqueue`: Add an element to the back of the queue.
     - `dequeue`: Remove the element from the front of the queue.
     - `front` (or `peek`): View the element at the front of the queue without removing it.

2. **Use Cases**:
   - **Stack**: Commonly used in scenarios such as:
     - Function call management (call stack).
     - Undo mechanisms in applications (like text editors).
     - Syntax parsing (e.g., checking for balanced parentheses).
   
   - **Queue**: Commonly used in scenarios such as:
     - Task scheduling (e.g., print jobs).
     - Breadth-first search (BFS) in graph algorithms.
     - Handling requests in a server (e.g., managing incoming requests).

In summary, the key difference lies in their order of processing elements: stacks process the most recently added elements first, while queues process the least recently added elements first.

Question 3: How can you implement a priority queue in Python?
Answer: You can implement a priority queue in Python using the `heapq` module, which provides an efficient way to maintain a priority queue using a binary heap. Here's a simple example of how to use it:

```python
import heapq

class PriorityQueue:
    def __init__(self):
        self.elements = []

    def is_empty(self):
        return not self.elements

    def put(self, item, priority):
        # Use a tuple (priority, item) to ensure the queue is sorted by priority
        heapq.heappush(self.elements, (priority, item))

    def get(self):
        # Pop the item with the highest priority (lowest number)
        return heapq.heappop(self.elements)[1]

# Example usage
pq = PriorityQueue()
pq.put("task1", 2)
pq.put("task2", 1)
pq.put("task3", 3)

while not pq.is_empty():
    print(pq.get())
```

In this example, tasks are added to the priority queue with a priority value. The `get` method retrieves the item with the highest priority (the lowest number). The `heapq` module ensures that the elements are kept in order, allowing for efficient retrieval.

Question 4: What are the different ways to sort a list in Python?
Answer: In Python, there are several ways to sort a list:

1. **Using the `sort()` method**: This method sorts the list in place and modifies the original list. It can take two optional parameters: `key` (a function to execute to decide the order) and `reverse` (a boolean value to sort in descending order).
   ```python
   my_list = [3, 1, 4, 1, 5]
   my_list.sort()  # Sorts in ascending order
   my_list.sort(reverse=True)  # Sorts in descending order
   ```

2. **Using the `sorted()` function**: This function returns a new sorted list from the elements of any iterable. It also accepts `key` and `reverse` parameters.
   ```python
   my_list = [3, 1, 4, 1, 5]
   sorted_list = sorted(my_list)  # Returns a new sorted list
   sorted_list_desc = sorted(my_list, reverse=True)  # Returns a new sorted list in descending order
   ```

3. **Using a custom sorting function**: You can define a custom function to sort based on specific criteria by using the `key` parameter in either `sort()` or `sorted()`.
   ```python
   my_list = ['apple', 'banana', 'cherry']
   my_list.sort(key=len)  # Sorts by length of the strings
   ```

4. **Using the `reverse()` method**: If you want to reverse the order of an already sorted list, you can use the `reverse()` method.
   ```python
   my_list = [1, 2, 3, 4]
   my_list.reverse()  # Reverses the list in place
   ```

These methods provide flexibility depending on whether you want to sort in place or create a new sorted list, as well as the ability to customize the sorting criteria.

Question 5: How do you handle exceptions in Python when working with data structures?
Answer: In Python, you can handle exceptions using the `try` and `except` blocks. When working with data structures, you might encounter various exceptions, such as `IndexError`, `KeyError`, or `TypeError`. Here's a general approach to handling exceptions:

1. **Use a try block**: Place the code that may raise an exception inside a `try` block.
2. **Catch specific exceptions**: Use `except` to catch specific exceptions that you expect might occur.
3. **Handle the exception**: You can log the error, provide a default value, or take corrective action within the `except` block.
4. **Optionally use finally**: If you need to execute some code regardless of whether an exception occurred, you can use a `finally` block.

Here’s an example:

```python
data = [1, 2, 3]

try:
    # Attempt to access an index that may not exist
    value = data[5]
except IndexError:
    print("Index out of range. Please check the index.")
else:
    print(f"Value at index 5 is {value}.")
finally:
    print("Execution completed.")
```

In this example, if you try to access an index that is out of range, the `IndexError` will be caught, and a message will be printed. The `finally` block will execute regardless of whether an exception occurred.

Completed tasks so far (do not give me these tasks again!): 
	Write a Python function that takes a list of integers and returns a new list containing only the even numbers from the original list.
	Write a Python function that takes a list of strings and returns a dictionary where the keys are the strings and the values are the number of times each string appears in the list.
	Write a Python function that takes a list of strings and returns a dictionary where the keys are the lengths of the strings and the values are lists of strings of that length.
	Write a Python function that takes a string and returns the first non-repeating character in it. If all characters repeat, return None.
	Write a Python function that takes a list of integers and returns a list of all unique pairs (as tuples) that sum up to a given target integer. The pairs should be sorted in ascending order, and each pair should be sorted as well.
	Write a Python function that takes a string and returns the longest substring without repeating characters.
	Write a Python function that takes two lists of integers and returns a list of their common elements. The result should not contain duplicates and should be sorted in ascending order.
	Write a Python function that takes a list of integers and sorts it in ascending order using the bubble sort algorithm. The function should return the sorted list.
	Write a Python function that takes a list of integers and returns a new list with the elements in reverse order.
	Write a Python function that takes a list of integers and returns the greatest common divisor (GCD) of the numbers in the list. Use the Euclidean algorithm to find the GCD.
	Write a Python function that takes a string and returns a new string with all the vowels removed. The function should be case-insensitive, meaning it should remove both uppercase and lowercase vowels.
	Write a Python function that takes two lists of integers and returns a list of integers that are present in both lists, without duplicates. Use set operations to achieve this.
	Write a Python function that takes a list of operations (as strings) and simulates a stack using a list. The operations can be 'push X' to push an integer X onto the stack, 'pop' to remove the top element, and 'peek' to return the top element without removing it. The function should return a list of results from the 'pop' and 'peek' operations.
	Write a Python function that takes two lists of integers and returns a list of integers that are present in either of the lists but not in both. The result should not contain duplicates and should be sorted in ascending order.

Failed tasks that are too hard: 
	Write a Python function that implements a queue using a list. The function should support enqueue (add an item to the end of the queue), dequeue (remove an item from the front of the queue), and is_empty (check if the queue is empty) operations. The function should return a tuple of results from these operations for testing purposes.
	Write a Python function that simulates a stack using a list. The function should support 'push' (add an item to the top of the stack), 'pop' (remove the item from the top of the stack), and 'peek' (return the item at the top of the stack without removing it) operations. The function should return a list of results from the 'pop' and 'peek' operations for testing purposes.


INFO - [Task id] 16 [generation text] 
INFO - {
    "reasoning": "The student has demonstrated a good understanding of basic data structures and algorithms, including lists, dictionaries, and basic sorting techniques. They have also worked with stacks and queues conceptually but struggled with implementing them. To build on this foundation and introduce a new concept, the next task should involve a simple algorithmic problem that requires understanding of basic data structures without being too complex. A good next step is to work on a problem that involves using a dictionary for efficient lookups, which is a common technique in algorithmic problems.",
    "task": "Write a Python function that takes a list of integers and returns a dictionary where the keys are the integers and the values are the number of times each integer appears in the list. This will help practice using dictionaries for counting occurrences.",
    "gt_fn_name": "count_integers",
    "test_setup_code": "",
    "test_tuple": [
        "assert count_integers([1, 2, 2, 3, 3, 3]) == {1: 1, 2: 2, 3: 3}",
        "assert count_integers([4, 4, 4, 4]) == {4: 4}",
        "assert count_integers([1, 2, 3, 4, 5]) == {1: 1, 2: 1, 3: 1, 4: 1, 5: 1}"
    ]
}
INFO - {
    "reasoning": "The student has demonstrated a good understanding of basic data structures and algorithms, including lists, dictionaries, and basic sorting techniques. They have also worked with stacks and queues conceptually but struggled with implementing them. To build on this foundation and introduce a new concept, the next task should involve a simple algorithmic problem that requires understanding of basic data structures without being too complex. A good next step is to work on a problem that involves using a dictionary for efficient lookups, which is a common technique in algorithmic problems.",
    "task": "Write a Python function that takes a list of integers and returns a dictionary where the keys are the integers and the values are the number of times each integer appears in the list. This will help practice using dictionaries for counting occurrences.",
    "gt_fn_name": "count_integers",
    "test_setup_code": "",
    "test_tuple": [
        "assert count_integers([1, 2, 2, 3, 3, 3]) == {1: 1, 2: 2, 3: 3}",
        "assert count_integers([4, 4, 4, 4]) == {4: 4}",
        "assert count_integers([1, 2, 3, 4, 5]) == {1: 1, 2: 1, 3: 1, 4: 1, 5: 1}"
    ]
}
INFO - The task prompt is Write a Python function that takes a list of integers and returns a dictionary where the keys are the integers and the values are the number of times each integer appears in the list. This will help practice using dictionaries for counting occurrences.
You must strictly follow the function name: ...

INFO - LM call n parse attempt 1 / 3

INFO - [Task id] 16 [prompt] 
You are a helpful assistant that answer my question about Python programming.

I will give you the following information:
Question: ...

You will answer the question based on the context (only if available and helpful) and your own knowledge of Python programming.
1) Start your answer with "Answer: ".
2) Answer "Answer: Unknown" if you don't know the answer.

INFO - [Task id] 16 [prompt] Question: Explain at a conceptual level, how to accomplish the below task in Python programming?
Write a Python function that takes a list of integers and returns a dictionary where the keys are the integers and the values are the number of times each integer appears in the list. This will help practice using dictionaries for counting occurrences.
INFO - [Task id] 16 [generation text] Answer: To accomplish the task of counting the occurrences of integers in a list and returning a dictionary, you can follow these conceptual steps:

1. **Define a Function**: Start by defining a function that takes a list of integers as an argument.

2. **Initialize a Dictionary**: Create an empty dictionary that will hold the integers as keys and their counts as values.

3. **Iterate Through the List**: Use a loop to go through each integer in the list.

4. **Count Occurrences**: For each integer, check if it is already a key in the dictionary:
   - If it is, increment its value (the count) by 1.
   - If it is not, add it to the dictionary with a value of 1.

5. **Return the Dictionary**: After processing all integers in the list, return the dictionary containing the counts.

Here is a simple example of how the function might look in Python:

```python
def count_occurrences(int_list):
    count_dict = {}
    for num in int_list:
        if num in count_dict:
            count_dict[num] += 1
        else:
            count_dict[num] = 1
    return count_dict
```

In this example, `count_occurrences` takes a list of integers, counts how many times each integer appears, and returns a dictionary with the results.
INFO - Attempting task_id 16
INFO - [35m Rollout attempt 1/4[0m
INFO - [33m Retrieving 5 entries for db: skill 
 [0m
INFO - [33m count_string_occurrences, first_non_repeating_char, group_strings_by_length, find_pairs_with_sum, find_gcd_of_list[0m
INFO - LM call n parse attempt 1 / 3

INFO - [Task id] 16 [prompt] You are a helpful assistant that writes python code to solve a task specified by me.

Here are some useful functions written earlier which you can reuse or reference.


[Entry]:


    def count_string_occurrences(string_list):
        count_dict = {}
        for string in string_list:
            if (string in count_dict):
                count_dict[string] += 1
            else:
                count_dict[string] = 1
        return count_dict

[/Entry]

[Entry]:


    def first_non_repeating_char(s):
        char_count = {}
        for char in s:
            char_count[char] = (char_count.get(char, 0) + 1)
        for char in s:
            if (char_count[char] == 1):
                return char
        return None

[/Entry]

[Entry]:


    def group_strings_by_length(strings):
        length_dict = {}
        for string in strings:
            length = len(string)
            if (length in length_dict):
                length_dict[length].append(string)
            else:
                length_dict[length] = [string]
        return length_dict

[/Entry]

[Entry]:
    from collections import Counter

    def find_pairs_with_sum(nums, target):
        from collections import Counter
        num_count = Counter(nums)
        unique_pairs = set()
        for num in nums:
            complement = (target - num)
            if (complement in num_count):
                if ((num == complement) and (num_count[num] < 2)):
                    continue
                pair = (min(num, complement), max(num, complement))
                unique_pairs.add(pair)
        return sorted(list(unique_pairs))

[/Entry]

[Entry]:


    def gcd(a, b):
        while (b != 0):
            (a, b) = (b, (a % b))
        return a




    def find_gcd_of_list(numbers):
        if (not numbers):
            return None
        current_gcd = numbers[0]
        for num in numbers[1:]:
            current_gcd = gcd(current_gcd, num)
        return current_gcd

[/Entry]






At each round of conversation, I will give you
[Environment feedback] (after executing code) ...
[Code from the last round] ...
[Task] ...
[Context] ...
[Critique] ...

You should then respond to me with
Explain (if applicable): Are there any steps missing in your plan? Why does the code not complete the task? What does the chat log and execution error imply?
Plan: How to complete the task step by step. 
Code:
    1) Reuse or reference the above useful programs if necessary.
    2) Your function will be reused for building more complex functions. Therefore, you should make it generic and reusable. 
    3) Functions in the "Code from the last round" section will not be saved or executed. Do not reuse functions listed there.
    4) Anything defined outside a function will be ignored, define all your variables inside your functions.
    5) Do not write infinite loops.
    6) If the task specifies a function name to be used, follow it strictly (be case sensitive!). Else, name your function in a meaningful way (can infer the task from the name).
    7) Your code should only contain elements that solve the task, so DO NOT write any assert statements / tests
    8) The context in the [Context] tag serves as a casual tip (which can be wrong) to help you on the task, but your priority is to follow instructions in the [Task] tag.

You should only respond in the format as described below:
RESPONSE FORMAT:

Explain: ...
Plan:
1) ...
2) ...
3) ...
...
Code:
```python
# helper functions (only if needed, try to avoid them)
...
# main function after the helper functions
def yourMainFunctionName(args):
  # ...

```


INFO - [Task id] 16 [prompt] [Environment feedback]
None

[Code from the last round]
No code in the first round

[Task]
Write a Python function that takes a list of integers and returns a dictionary where the keys are the integers and the values are the number of times each integer appears in the list. This will help practice using dictionaries for counting occurrences.
You must strictly follow the function name: count_integers

[Context]
Rough plan to accomplish the task (can be wrong): 
Answer: To accomplish the task of counting the occurrences of integers in a list and returning a dictionary, you can follow these conceptual steps:

1. **Define a Function**: Start by defining a function that takes a list of integers as an argument.

2. **Initialize a Dictionary**: Create an empty dictionary that will hold the integers as keys and their counts as values.

3. **Iterate Through the List**: Use a loop to go through each integer in the list.

4. **Count Occurrences**: For each integer, check if it is already a key in the dictionary:
   - If it is, increment its value (the count) by 1.
   - If it is not, add it to the dictionary with a value of 1.

5. **Return the Dictionary**: After processing all integers in the list, return the dictionary containing the counts.

Here is a simple example of how the function might look in Python:

```python
def count_occurrences(int_list):
    count_dict = {}
    for num in int_list:
        if num in count_dict:
            count_dict[num] += 1
        else:
            count_dict[num] = 1
    return count_dict
```

In this example, `count_occurrences` takes a list of integers, counts how many times each integer appears, and returns a dictionary with the results.


[Critique]
None


INFO - [Task id] 16 [generation text] Plan:
1. Define a function named `count_integers` that takes a list of integers as its argument.
2. Initialize an empty dictionary to store the integers as keys and their counts as values.
3. Iterate through each integer in the list.
4. For each integer, check if it is already a key in the dictionary:
   - If it is, increment its value by 1.
   - If it is not, add it to the dictionary with a value of 1.
5. Return the dictionary containing the counts of each integer.

Code:
```python
def count_integers(int_list):
    count_dict = {}
    for num in int_list:
        if num in count_dict:
            count_dict[num] += 1
        else:
            count_dict[num] = 1
    return count_dict
```
INFO - program_code:
 

def count_integers(int_list):
    count_dict = {}
    for num in int_list:
        if (num in count_dict):
            count_dict[num] += 1
        else:
            count_dict[num] = 1
    return count_dict


INFO - program_name:
 count_integers

INFO - dependencies:
 []

INFO - raw_msg:
 Plan:
1. Define a function named `count_integers` that takes a list of integers as its argument.
2. Initialize an empty dictionary to store the integers as keys and their counts as values.
3. Iterate through each integer in the list.
4. For each integer, check if it is already a key in the dictionary:
   - If it is, increment its value by 1.
   - If it is not, add it to the dictionary with a value of 1.
5. Return the dictionary containing the counts of each integer.

Code:
```python
def count_integers(int_list):
    count_dict = {}
    for num in int_list:
        if num in count_dict:
            count_dict[num] += 1
        else:
            count_dict[num] = 1
    return count_dict
```

INFO - no_parent:
 True

INFO - full code to be executed: 
 

def count_integers(int_list):
    count_dict = {}
    for num in int_list:
        if (num in count_dict):
            count_dict[num] += 1
        else:
            count_dict[num] = 1
    return count_dict


INFO - obs: Tests passed:
assert count_integers([1, 2, 2, 3, 3, 3]) == {1: 1, 2: 2, 3: 3}
assert count_integers([4, 4, 4, 4]) == {4: 4}
assert count_integers([1, 2, 3, 4, 5]) == {1: 1, 2: 1, 3: 1, 4: 1, 5: 1}

Tests failed:
None
reward: True
done: None
info: {'individual_results': (True, True, True)}
INFO - LM call n parse attempt 1 / 5

INFO - [Task id] 16 [prompt] 
You are a Python programming assistant that assesses my progress of Python programming and provides useful guidance.

I will give you the following information:

[Task]: The objective I need to accomplish.
[Context]: The context of the task. Serves as a casual tip (which can be wrong) to help me on the task, but my priority is to follow instructions in the Task tag.
[function impl]: My function implementation that is intended to complete the task
[unit test results]: The results after executing my function implementation on the unit tests

Your first goal is to use these info to evaluate if I have met the task requirements, and explain why. 
It is possible that the unit test results all pass, but the code does not accomplish the task (eg by failing to accomplish the task in scenarios not covered by the unit tests)
It is also possible that the unit tests are wrong in the first place, though the code accomplishes the task and fails the unit test.

If I have not met the task requirements, write a few sentences to explain why the function implementation is wrong as indicated by the tests. 
You will need this as guidance when you try again later.
Only provide the few sentence description in your answer, not the implementation. 
Suggest how the function implementation can be changed, NOT the test cases (assert statements)

You should only respond in JSON format as described below:
The output should be formatted as a JSON instance that conforms to the JSON schema below.

As an example, for the schema {"properties": {"foo": {"title": "Foo", "description": "a list of strings", "type": "array", "items": {"type": "string"}}}, "required": ["foo"]}
the object {"foo": ["bar", "baz"]} is a well-formatted instance of the schema. The object {"properties": {"foo": ["bar", "baz"]}} is not well-formatted.

Here is the output schema:
```
{"description": "Represents the critique of a task attempt, including reasoning, success status, and suggestions for improvement.\n\nAttributes:\n    reasoning (str): Explanation of why the task was succeeded or failed.\n    success (bool): Indicates whether the task requirements were met.\n    critique (str): Suggestions or critique to help improve future task attempts.", "properties": {"reasoning": {"description": "reason why I have succeeded or failed at the task", "title": "Reasoning", "type": "string"}, "success": {"description": "evaluate if I have met the task requirements", "title": "Success", "type": "boolean"}, "critique": {"description": "critique to help me improve", "title": "Critique", "type": "string"}}, "required": ["reasoning", "success", "critique"]}
```

INFO - [Task id] 16 [prompt] 
Here are some examples:

Example 1:
[function impl]:
```python
def longest_subarray_with_sum_limit(nums: List[int], target: int) -> List[int]:
    n = len(nums)
    left, right = 0, 0
    max_length = 0
    current_sum = 0
    result = []
    while right < n:
        current_sum += nums[right]
        while current_sum > target:
            current_sum -= nums[left]
            left += 1
        if right - left + 1 >= max_length:
            max_length = right - left + 1
            result = nums[left:right+1]
        right += 1
    return result
```
[unit test results]:
Tests passing:
assert longest_subarray_with_sum_limit([1, 2, 3, 4, 5], 8) == [1, 2, 3]
assert longest_subarray_with_sum_limit([1, 2, 3, 4, 5], 15) == [1, 2, 3, 4, 5]
assert longest_subarray_with_sum_limit([1, -1, 2, -2, 3, -3], 2) == [1, -1, 2, -2, 3]
assert longest_subarray_with_sum_limit([], 10) == []
assert longest_subarray_with_sum_limit([], 0) == []
assert longest_subarray_with_sum_limit([], -5) == []  
Tests failing:
assert longest_subarray_with_sum_limit([5, 6, 7, 8, 9], 4) == [] # output: [5]

RESPONSE:
{
    "reasoning": "The implementation failed the test case where no subarray fulfills the condition",
    "success": false,
    "critique": "The issue in the implementation is due to the use of >= instead of > in the condition to update the result. Because of this, it returns a subarray even when the sum is greater than the target, as it still updates the result when the current subarray length is equal to the previous longest subarray length. To overcome this error, we should change the condition to only update the result when the current subarray length is strictly greater than the previous longest subarray length. This can be done by replacing >= with > in the condition."
}


Example 2:
[function impl]:
```python
def longest_subarray_with_sum_limit(nums: List[int], target: int) -> List[int]:
    n = len(nums)
    left, right = 0, 0
    max_length = 0
    current_sum = 0
    result = []
    while current_sum + nums[right] <= target:
        current_sum += nums[right]
        right += 1
    while right < n:
        current_sum += nums[right]
        while current_sum > target:
            current_sum -= nums[left]
            left += 1
        if right - left + 1 > max_length:
            max_length = right - left + 1
            result = nums[left:right+1]
        right += 1
    return result
```
[unit test results]:
Tests passing:
assert longest_subarray_with_sum_limit([], 10) == []
assert longest_subarray_with_sum_limit([], 0) == []
assert longest_subarray_with_sum_limit([], -5) == []
Tests failing:
assert longest_subarray_with_sum_limit([1, 2, 3, 4, 5], 8) == [1, 2, 3] # output: list index out of range
assert longest_subarray_with_sum_limit([1, 2, 3, 4, 5], 15) == [1, 2, 3, 4, 5] # output: list index out of range
assert longest_subarray_with_sum_limit([5, 6, 7, 8, 9], 4) == [] # output: list index out of range
assert longest_subarray_with_sum_limit([1, -1, 2, -2, 3, -3], 2) == [1, -1, 2, -2, 3] # output: list index out of range

RESPONSE:
{
    "reason": "The implementation failed 4 out of the 7 test cases due to an IndexError.",
    "success": false,
    "critique": "The issue stems from the while loop while current_sum + nums[right] <= target:, which directly accesses nums[right] without checking if right is within the bounds of the list. This results in a runtime error when right goes beyond the list length. To overcome this error, we need to add a bounds check for the right variable in the mentioned while loop. We can modify the loop condition to while right < len(nums) and current_sum + nums[right] <= target:. This change will ensure that we only access elements within the bounds of the list, thus avoiding the IndexError."
}


END OF EXAMPLES

INFO - [Task id] 16 [prompt] [Task]:
Write a Python function that takes a list of integers and returns a dictionary where the keys are the integers and the values are the number of times each integer appears in the list. This will help practice using dictionaries for counting occurrences.
[Context]: 
 Rough plan to accomplish the task (can be wrong): 
Answer: To accomplish the task of counting the occurrences of integers in a list and returning a dictionary, you can follow these conceptual steps:

1. **Define a Function**: Start by defining a function that takes a list of integers as an argument.

2. **Initialize a Dictionary**: Create an empty dictionary that will hold the integers as keys and their counts as values.

3. **Iterate Through the List**: Use a loop to go through each integer in the list.

4. **Count Occurrences**: For each integer, check if it is already a key in the dictionary:
   - If it is, increment its value (the count) by 1.
   - If it is not, add it to the dictionary with a value of 1.

5. **Return the Dictionary**: After processing all integers in the list, return the dictionary containing the counts.

Here is a simple example of how the function might look in Python:

```python
def count_occurrences(int_list):
    count_dict = {}
    for num in int_list:
        if num in count_dict:
            count_dict[num] += 1
        else:
            count_dict[num] = 1
    return count_dict
```

In this example, `count_occurrences` takes a list of integers, counts how many times each integer appears, and returns a dictionary with the results.


[function impl]:


def count_integers(int_list):
    count_dict = {}
    for num in int_list:
        if (num in count_dict):
            count_dict[num] += 1
        else:
            count_dict[num] = 1
    return count_dict

[unit test results]:
Tests passed:
assert count_integers([1, 2, 2, 3, 3, 3]) == {1: 1, 2: 2, 3: 3}
assert count_integers([4, 4, 4, 4]) == {4: 4}
assert count_integers([1, 2, 3, 4, 5]) == {1: 1, 2: 1, 3: 1, 4: 1, 5: 1}

Tests failed:
None

INFO - [Task id] 16 [generation text] 
INFO - {
    "reasoning": "The function implementation correctly iterates over the list of integers and counts the occurrences of each integer using a dictionary. The logic to check if an integer is already a key in the dictionary and update its count is correctly implemented. The unit tests provided cover various scenarios, including lists with repeated integers, lists with unique integers, and lists with a single repeated integer. All tests pass, indicating that the function meets the task requirements.",
    "success": true,
    "critique": "The function implementation is correct and meets the task requirements. No changes are necessary. The function is efficient and correctly uses a dictionary to count occurrences of integers in the list."
}
INFO - {
    "reasoning": "The function implementation correctly iterates over the list of integers and counts the occurrences of each integer using a dictionary. The logic to check if an integer is already a key in the dictionary and update its count is correctly implemented. The unit tests provided cover various scenarios, including lists with repeated integers, lists with unique integers, and lists with a single repeated integer. All tests pass, indicating that the function meets the task requirements.",
    "success": true,
    "critique": "The function implementation is correct and meets the task requirements. No changes are necessary. The function is efficient and correctly uses a dictionary to count occurrences of integers in the list."
}
INFO - [task_id]: 16 [Result]: True
INFO - LM call n parse attempt 1 / 3

INFO - [Task id] 16 [prompt] 
You are a helpful assistant that writes a description of the given function written in the Python programming language.

1) Do not mention the function name.
2) Do not mention anything about helper functions.
3) There might be some helper functions before the main function, but you only need to describe the main function.
4) Try to summarize the function in no more than 6 sentences.
5) Your response should be a single line of text.

INFO - [Task id] 16 [prompt] 

def count_integers(int_list):
    count_dict = {}
    for num in int_list:
        if (num in count_dict):
            count_dict[num] += 1
        else:
            count_dict[num] = 1
    return count_dict


The main function is `count_integers`.
INFO - [Task id] 16 [generation text] This function takes a list of integers as input and counts the occurrences of each integer in the list. It initializes an empty dictionary to store the counts. As it iterates through the list, it updates the count for each integer, either by incrementing the existing count or initializing it to one if the integer is encountered for the first time. Finally, it returns the dictionary containing the integers and their corresponding counts. This allows for a quick overview of how many times each integer appears in the input list. The function effectively provides a frequency distribution of the integers.
INFO - Num Completed Tasks: 15, Num Failed Tasks: 2
