INFO - DB skill doc count: 24

INFO - [train iter]: 28/100 

INFO - LM call n parse attempt 1 / 3

INFO - [Task id] 28 [prompt] 
You are a helpful assistant that asks questions to help me decide the next immediate task to do for Python programming.
My ultimate goal is to solve as many diverse problems as possible and become the best programmer in the world.

I will give you the following information:
Completed tasks so far: ...
Failed tasks that are too hard: ...

You must follow the following criteria:
1) You should ask at least 5 questions (but no more than 10 questions) to help me decide the next immediate task to do. Each question should be followed by the concept that the question is about.
2) Your question should be specific to a concept in Python programming.
  Bad example (the question is too general):
    Question: What is the best way to program in Python?
    Concept: unknown
  Good example:
    Question: How do you reverse a list?
    Concept: list
3) Your questions should be self-contained and not require any context.

Respond in JSON, and follow the keys and expected format of the values strictly.


Response format:
The output should be formatted as a JSON instance that conforms to the JSON schema below.

As an example, for the schema {"properties": {"foo": {"title": "Foo", "description": "a list of strings", "type": "array", "items": {"type": "string"}}}, "required": ["foo"]}
the object {"foo": ["bar", "baz"]} is a well-formatted instance of the schema. The object {"properties": {"foo": ["bar", "baz"]}} is not well-formatted.

Here is the output schema:
```
{"$defs": {"QuestionConcept": {"properties": {"question": {"description": "A question related to Python programming, to help me brainstorm the next immediate task to do", "title": "Question", "type": "string"}, "concept": {"description": "The Python programming concept associated with the question above", "title": "Concept", "type": "string"}}, "required": ["question", "concept"], "title": "QuestionConcept", "type": "object"}}, "properties": {"reasoning": {"description": "Reason out, step-by-step, why you picked these questions and concepts", "title": "Reasoning", "type": "string"}, "question_concept_list": {"description": "list of questions and their associated concepts", "items": {"$ref": "#/$defs/QuestionConcept"}, "title": "Question Concept List", "type": "array"}}, "required": ["reasoning", "question_concept_list"]}
```


INFO - [Task id] 28 [prompt] Completed tasks so far (do not give me these tasks again!): 
	Write a Python function that takes a list of integers and returns a new list with the squares of all the numbers. The function should not modify the original list.
	Write a Python function that takes a list of integers and returns a new list containing only the unique elements from the original list. The order of elements in the returned list does not matter.
	Write a Python function that takes a list of integers and returns a set containing all the elements that appear more than once in the list.
	Write a Python function that calculates the factorial of a given non-negative integer. The factorial of a non-negative integer n is the product of all positive integers less than or equal to n. It is denoted by n!.
	Write a Python function that takes a string and returns True if the string is a palindrome, and False otherwise. The function should be case-insensitive and ignore all non-alphanumeric characters.
	Write a Python function that takes a dictionary and a key, and returns the value associated with the key. If the key does not exist in the dictionary, the function should return 'Key not found.'
	Write a Python function that takes a list of integers and returns the first recurring character. If there is no recurring character, return None.
	Write a Python function that takes a list of integers and returns a new list with the integers sorted in ascending order using the bubble sort algorithm.
	Write a Python function that takes a string and returns the first non-repeating character in it. If all characters repeat or the string is empty, return None.
	Write a Python function that simulates a producer-consumer scenario using a queue. The function should take a list of integers as input, where each integer represents an item produced. The function should process (consume) each item by simply printing it and then return the number of items consumed. Use a simple list to simulate the queue behavior.
	Write a Python function that takes an integer n and returns the nth Fibonacci number. The Fibonacci sequence is a series of numbers where each number is the sum of the two preceding ones, usually starting with 0 and 1. The function should use recursion to calculate the result.
	Write a Python function that takes a string and returns the length of the longest substring without repeating characters.
	Write a Python function that takes a list of strings and returns a new list with the strings sorted based on the number of vowels they contain. The sort should be in descending order, and in case of a tie, the strings should be sorted alphabetically.
	Write a Python function that takes a string and returns the character that appears the most frequently in the string. If there is a tie, return the character that appears first in the string. If the string is empty, return None.
	Write a Python function that takes a string representing a mathematical expression consisting of non-negative integers and the plus sign (+) and returns the result of the expression. The function should assume that the input is always a valid expression and that there are no spaces between numbers and operators.
	Write a Python function that takes an integer n and returns the sum of all integers from 1 to n using recursion.
	Write a Python function that takes a list of integers and returns a new list with the integers sorted in ascending order using the selection sort algorithm.
	Write a Python function that takes a string containing only '(', ')', '{', '}', '[' and ']', and determines if the input string is valid. A string is considered valid if brackets are closed in the correct order. For example, "()" and "()[]{}" are valid, but "(]" and "([)]" are not.
	Write a Python function that simulates a basic queue system. The function should take a list of integers representing people's ticket numbers and return the ticket number of the person who will be served last. Use the deque from the collections module to implement the queue.
	Write a Python function that takes two lists of integers and returns a list containing the elements that are common to both lists without duplicates. The order of the elements in the returned list does not matter.
	Write a Python function that takes a list of integers and returns the kth largest element in the list. The function should use a min-heap to efficiently find the kth largest element.
	Write a Python function that takes a list of integers and returns the length of the longest increasing subsequence in the list. The function should not modify the original list.
	Write a Python function that takes a string containing only '(', ')', '[', ']', '{', and '}', and determines if the input string is balanced. A string is balanced if all types of brackets are properly closed and nested. The function should return True if the string is balanced, and False otherwise.
	Write a Python function that takes a list of integers and a target integer. The function should return the index of the target integer in the list if it exists, or -1 if the target is not present.

Failed tasks that are too hard: 
	Write a Python function that takes a list of integers and returns the largest product that can be obtained by multiplying any two numbers from the list.
	Write a Python function that takes a sorted list of integers and an integer target value, and returns a tuple of two numbers from the list that add up to the target value. If no such pair exists, return None.
	Write a Python function that takes a list of strings representing a postfix expression (each element being a number or an operator) and returns the result of the expression. The function should handle the four basic arithmetic operations: addition, subtraction, multiplication, and division.
	Write a Python function that takes a list of integers and returns the length of the longest consecutive elements sequence. The sequence must be composed of consecutive integers, regardless of their order in the original list.


INFO - [Task id] 28 [generation text] 
INFO - {
    "reasoning": "I selected these questions to cover a variety of Python programming concepts that you haven't tackled yet. The questions focus on different data structures, algorithms, and problem-solving techniques, which will help you diversify your skills and knowledge in Python. Each question is designed to challenge you in a different way, whether it's through recursion, data manipulation, or algorithmic thinking.",
    "question_concept_list": [
        {
            "question": "How do you find the largest product of two numbers in a list?",
            "concept": "list manipulation"
        },
        {
            "question": "How can you implement a binary search algorithm to find a target value in a sorted list?",
            "concept": "search algorithms"
        },
        {
            "question": "What is the best way to evaluate a postfix expression using a stack?",
            "concept": "stack"
        },
        {
            "question": "How do you find the longest consecutive sequence in a list of integers?",
            "concept": "list manipulation"
        },
        {
            "question": "How can you implement a depth-first search (DFS) algorithm on a graph represented as an adjacency list?",
            "concept": "graph algorithms"
        }
    ]
}
INFO - {
    "reasoning": "I selected these questions to cover a variety of Python programming concepts that you haven't tackled yet. The questions focus on different data structures, algorithms, and problem-solving techniques, which will help you diversify your skills and knowledge in Python. Each question is designed to challenge you in a different way, whether it's through recursion, data manipulation, or algorithmic thinking.",
    "question_concept_list": [
        {
            "question": "How do you find the largest product of two numbers in a list?",
            "concept": "list manipulation"
        },
        {
            "question": "How can you implement a binary search algorithm to find a target value in a sorted list?",
            "concept": "search algorithms"
        },
        {
            "question": "What is the best way to evaluate a postfix expression using a stack?",
            "concept": "stack"
        },
        {
            "question": "How do you find the longest consecutive sequence in a list of integers?",
            "concept": "list manipulation"
        },
        {
            "question": "How can you implement a depth-first search (DFS) algorithm on a graph represented as an adjacency list?",
            "concept": "graph algorithms"
        }
    ]
}
INFO - LM call n parse attempt 1 / 3

INFO - [Task id] 28 [prompt] 
You are a helpful assistant that answer my question about Python programming.

I will give you the following information:
Question: ...

You will answer the question based on the context (only if available and helpful) and your own knowledge of Python programming.
1) Start your answer with "Answer: ".
2) Answer "Answer: Unknown" if you don't know the answer.

INFO - [Task id] 28 [prompt] Question: What is the best way to evaluate a postfix expression using a stack?
INFO - [Task id] 28 [generation text] Answer: The best way to evaluate a postfix expression using a stack involves the following steps:

1. **Initialize an empty stack**: This stack will be used to store operands.

2. **Read the postfix expression from left to right**: Process each token (operand or operator) in the expression.

3. **Process each token**:
   - If the token is an operand (number), push it onto the stack.
   - If the token is an operator (like +, -, *, /), pop the required number of operands from the stack (usually two for binary operators), perform the operation, and push the result back onto the stack.

4. **Final result**: After processing all tokens, the final result of the expression will be the only value left in the stack.

Here is a simple implementation in Python:

```python
def evaluate_postfix(expression):
    stack = []
    
    for token in expression.split():
        if token.isdigit():  # Check if the token is an operand
            stack.append(int(token))
        else:  # The token is an operator
            operand2 = stack.pop()  # Pop the top two operands
            operand1 = stack.pop()
            if token == '+':
                result = operand1 + operand2
            elif token == '-':
                result = operand1 - operand2
            elif token == '*':
                result = operand1 * operand2
            elif token == '/':
                result = operand1 / operand2
            stack.append(result)  # Push the result back onto the stack
    
    return stack.pop()  # The final result

# Example usage
postfix_expression = "3 4 + 2 * 7 /"
result = evaluate_postfix(postfix_expression)
print(result)  # Output: 2.0
```

In this example, the postfix expression "3 4 + 2 * 7 /" is evaluated step by step using a stack, and the final result is printed.
INFO - LM call n parse attempt 1 / 3

INFO - [Task id] 28 [prompt] 
You are a helpful assistant that answer my question about Python programming.

I will give you the following information:
Question: ...

You will answer the question based on the context (only if available and helpful) and your own knowledge of Python programming.
1) Start your answer with "Answer: ".
2) Answer "Answer: Unknown" if you don't know the answer.

INFO - [Task id] 28 [prompt] Question: How do you find the longest consecutive sequence in a list of integers?
INFO - [Task id] 28 [generation text] Answer: To find the longest consecutive sequence in a list of integers, you can use a set to store the integers for O(1) average time complexity lookups. Here’s a step-by-step approach:

1. Convert the list of integers into a set to eliminate duplicates and allow for fast lookups.
2. Iterate through each number in the set.
3. For each number, check if it is the start of a sequence (i.e., if the number just before it is not in the set).
4. If it is the start of a sequence, count how long the sequence goes by checking for consecutive numbers in the set.
5. Keep track of the maximum length of any sequence found.

Here’s a sample implementation in Python:

```python
def longest_consecutive(nums):
    if not nums:
        return 0

    num_set = set(nums)
    longest_streak = 0

    for num in num_set:
        # Check if it's the start of a sequence
        if num - 1 not in num_set:
            current_num = num
            current_streak = 1

            # Count the length of the sequence
            while current_num + 1 in num_set:
                current_num += 1
                current_streak += 1

            longest_streak = max(longest_streak, current_streak)

    return longest_streak

# Example usage:
nums = [100, 4, 200, 1, 3, 2]
print(longest_consecutive(nums))  # Output: 4 (the sequence is 1, 2, 3, 4)
```

This code will return the length of the longest consecutive sequence in the list of integers.
INFO - LM call n parse attempt 1 / 3

INFO - [Task id] 28 [prompt] 
You are a helpful assistant that answer my question about Python programming.

I will give you the following information:
Question: ...

You will answer the question based on the context (only if available and helpful) and your own knowledge of Python programming.
1) Start your answer with "Answer: ".
2) Answer "Answer: Unknown" if you don't know the answer.

INFO - [Task id] 28 [prompt] Question: How can you implement a depth-first search (DFS) algorithm on a graph represented as an adjacency list?
INFO - [Task id] 28 [generation text] Answer: To implement a depth-first search (DFS) algorithm on a graph represented as an adjacency list, you can use either a recursive approach or an iterative approach using a stack. Below is an example of both methods in Python.

### Graph Representation
First, let's represent the graph as an adjacency list using a dictionary:

```python
graph = {
    'A': ['B', 'C'],
    'B': ['D', 'E'],
    'C': ['F'],
    'D': [],
    'E': ['F'],
    'F': []
}
```

### Recursive DFS Implementation
Here is how you can implement DFS recursively:

```python
def dfs_recursive(node, visited):
    if node not in visited:
        print(node)  # Process the node (e.g., print it)
        visited.add(node)  # Mark the node as visited
        for neighbor in graph[node]:  # Visit all the neighbors
            dfs_recursive(neighbor, visited)

# Usage
visited = set()
dfs_recursive('A', visited)
```

### Iterative DFS Implementation
Here is how you can implement DFS iteratively using a stack:

```python
def dfs_iterative(start):
    visited = set()  # To keep track of visited nodes
    stack = [start]  # Initialize the stack with the starting node

    while stack:
        node = stack.pop()  # Get the last node added to the stack
        if node not in visited:
            print(node)  # Process the node (e.g., print it)
            visited.add(node)  # Mark the node as visited
            # Add all unvisited neighbors to the stack
            stack.extend(neighbor for neighbor in graph[node] if neighbor not in visited)

# Usage
dfs_iterative('A')
```

### Explanation
- In both implementations, we maintain a set called `visited` to keep track of the nodes that have already been visited to avoid cycles.
- In the recursive version, we call the function recursively for each unvisited neighbor.
- In the iterative version, we use a stack to keep track of the nodes to visit next, popping from the stack to process nodes.

You can choose either method based on your preference or the specific requirements of your application.
INFO - LM call n parse attempt 1 / 5

INFO - [Task id] 28 [prompt] 
You are a helpful assistant that tells me the next immediate task (in the form of a function) to do for Python programming. 
My ultimate goal is to solve as many diverse problems as possible and become the best programmer in the world.

I will give you the following information:
Question 1: ...
Answer: ...
Question 2: ...
Answer: ...
Question 3: ...
Answer: ...
...
Completed tasks so far: ...
Failed tasks that are too hard: ...

You must follow the following criteria:
1) You should act as a mentor and guide me to the next task based on my current learning progress. As a rule of thumb, guide me through beginner problems, followed by interview level problems, followed by competitive programming problems. The latter 2 levels can involve concepts from data structures and algorithms.
2) Please be very specific about what skills I need to learn.
3) Do not propose multiple tasks at the same time. Do not mention anything else.
4) The next task should not be too hard since I may not have learned enough skills to complete it yet.
5) The next task should be novel and interesting. I should look for problems which I have not solved yet. I should not be doing the same thing over and over again.
6) The task should involve writing a main Python function that at most use basic libraries (try not to import too many or too advanced modules)
7) Do not give tasks that require file operations (create, read, update, delete) or an internet connection.
8) I am only allowed to write Python functions, so do not require me to write other things (e.g. objects). 
9) Requiring me to write a function that takes in an object and uses object methods is still ok, but I cannot define the objects myself. You must provide the objects as input to my function in the assert statement.

Take note of these in your response:
1) Give an expected function name for the task.
2) Give a tuple of 3 assert statements that tests the function's correctness in the "test_tuple" field. This must strictly contain single-line assert statements only; any setup code for the test must be filled in the "test_setup_code" field.
3) The function name which you gave must be called in the assert statements. 

Respond in JSON, and follow the keys and expected format of the values strictly.


Response format:
The output should be formatted as a JSON instance that conforms to the JSON schema below.

As an example, for the schema {"properties": {"foo": {"title": "Foo", "description": "a list of strings", "type": "array", "items": {"type": "string"}}}, "required": ["foo"]}
the object {"foo": ["bar", "baz"]} is a well-formatted instance of the schema. The object {"properties": {"foo": ["bar", "baz"]}} is not well-formatted.

Here is the output schema:
```
{"properties": {"reasoning": {"description": "Based on the information listed above, reason about what the next task should be.", "title": "Reasoning", "type": "string"}, "task": {"description": "The next task, which requires me to write a single function. Be sure to state the expected data structure for inputs and outputs.", "title": "Task", "type": "string"}, "gt_fn_name": {"description": "The expected name for the single function for the task", "title": "Gt Fn Name", "type": "string"}, "test_setup_code": {"description": "setup code, if required. This will be run just before the assert statements are executed.", "title": "Test Setup Code", "type": "string"}, "test_tuple": {"description": "Tuple of 3 SINGLE-LINE test cases that starts with 'assert' to test the function's correctness.Any extra required code should be written in the test_setup_code field.", "items": {"type": "string"}, "maxItems": 3, "minItems": 3, "prefixItems": [{"type": "string"}, {"type": "string"}, {"type": "string"}], "title": "Test Tuple", "type": "array"}}, "required": ["reasoning", "task", "gt_fn_name", "test_setup_code", "test_tuple"]}
```


INFO - [Task id] 28 [prompt] 
Here's an example response:
{
    "reasoning": "The student has shown proficiency in basic Python syntax and list manipulation, but struggles with problems involving more complex algorithms and data structures. This task will help them practice using sets or dictionaries for efficient lookups, and understand the concept of algorithmic complexity.",
    "task": "Write a Python function that takes a list of integers and returns the tuple of two numbers that sum up to zero. If no such pair exists, return None.",
    "gt_fn_name": "find_zero_sum",
    "test_setup_code": "",
    "test_tuple": [
        "assert find_zero_sum([1, 2, 3, -2, -1]) == (2, -2)",
        "assert find_zero_sum([1, 2, 3, 4, 5]) == None",
        "assert find_zero_sum([1, 4, 3, -4, -1]) == (4, -4)"
    ]
}

INFO - [Task id] 28 [prompt] Question 1: How do you find the largest product of two numbers in a list?
Answer: To find the largest product of two numbers in a list, you can follow these steps:

1. Sort the list in descending order.
2. The largest product will be the maximum of the product of the two largest numbers or the product of the two smallest numbers (in case there are negative numbers).

Here is a sample implementation in Python:

```python
def largest_product(numbers):
    if len(numbers) < 2:
        raise ValueError("List must contain at least two numbers.")
    
    # Sort the list
    numbers.sort()
    
    # Calculate the product of the two largest and two smallest numbers
    product1 = numbers[-1] * numbers[-2]  # Product of the two largest
    product2 = numbers[0] * numbers[1]    # Product of the two smallest
    
    # Return the maximum product
    return max(product1, product2)

# Example usage
numbers = [1, 10, -5, 1, -100]
print(largest_product(numbers))  # Output: 1000
```

This function first checks if there are at least two numbers in the list, sorts the list, and then calculates the products of the two largest and two smallest numbers to find the largest product.

Question 2: How can you implement a binary search algorithm to find a target value in a sorted list?
Answer: To implement a binary search algorithm in Python, you can follow these steps:

1. Define a function that takes a sorted list and the target value as parameters.
2. Initialize two pointers, `left` and `right`, to represent the bounds of the search area.
3. Use a loop to repeatedly narrow down the search area:
   - Calculate the middle index.
   - Compare the middle element with the target value.
   - If the middle element is equal to the target, return the index.
   - If the middle element is less than the target, move the `left` pointer to `mid + 1`.
   - If the middle element is greater than the target, move the `right` pointer to `mid - 1`.
4. If the target is not found, return an indication (like -1).

Here is a sample implementation:

```python
def binary_search(sorted_list, target):
    left, right = 0, len(sorted_list) - 1
    
    while left <= right:
        mid = (left + right) // 2  # Find the middle index
        mid_value = sorted_list[mid]
        
        if mid_value == target:
            return mid  # Target found
        elif mid_value < target:
            left = mid + 1  # Search in the right half
        else:
            right = mid - 1  # Search in the left half
            
    return -1  # Target not found
```

You can use this function by passing a sorted list and the target value you want to find. For example:

```python
sorted_list = [1, 2, 3, 4, 5, 6, 7, 8, 9]
target = 5
index = binary_search(sorted_list, target)
print(index)  # Output: 4
```

This will return the index of the target value if found, or -1 if it is not in the list.

Question 3: What is the best way to evaluate a postfix expression using a stack?
Answer: The best way to evaluate a postfix expression using a stack involves the following steps:

1. **Initialize an empty stack**: This stack will be used to store operands.

2. **Read the postfix expression from left to right**: Process each token (operand or operator) in the expression.

3. **Process each token**:
   - If the token is an operand (number), push it onto the stack.
   - If the token is an operator (like +, -, *, /), pop the required number of operands from the stack (usually two for binary operators), perform the operation, and push the result back onto the stack.

4. **Final result**: After processing all tokens, the final result of the expression will be the only value left in the stack.

Here is a simple implementation in Python:

```python
def evaluate_postfix(expression):
    stack = []
    
    for token in expression.split():
        if token.isdigit():  # Check if the token is an operand
            stack.append(int(token))
        else:  # The token is an operator
            operand2 = stack.pop()  # Pop the top two operands
            operand1 = stack.pop()
            if token == '+':
                result = operand1 + operand2
            elif token == '-':
                result = operand1 - operand2
            elif token == '*':
                result = operand1 * operand2
            elif token == '/':
                result = operand1 / operand2
            stack.append(result)  # Push the result back onto the stack
    
    return stack.pop()  # The final result

# Example usage
postfix_expression = "3 4 + 2 * 7 /"
result = evaluate_postfix(postfix_expression)
print(result)  # Output: 2.0
```

In this example, the postfix expression "3 4 + 2 * 7 /" is evaluated step by step using a stack, and the final result is printed.

Question 4: How do you find the longest consecutive sequence in a list of integers?
Answer: To find the longest consecutive sequence in a list of integers, you can use a set to store the integers for O(1) average time complexity lookups. Here’s a step-by-step approach:

1. Convert the list of integers into a set to eliminate duplicates and allow for fast lookups.
2. Iterate through each number in the set.
3. For each number, check if it is the start of a sequence (i.e., if the number just before it is not in the set).
4. If it is the start of a sequence, count how long the sequence goes by checking for consecutive numbers in the set.
5. Keep track of the maximum length of any sequence found.

Here’s a sample implementation in Python:

```python
def longest_consecutive(nums):
    if not nums:
        return 0

    num_set = set(nums)
    longest_streak = 0

    for num in num_set:
        # Check if it's the start of a sequence
        if num - 1 not in num_set:
            current_num = num
            current_streak = 1

            # Count the length of the sequence
            while current_num + 1 in num_set:
                current_num += 1
                current_streak += 1

            longest_streak = max(longest_streak, current_streak)

    return longest_streak

# Example usage:
nums = [100, 4, 200, 1, 3, 2]
print(longest_consecutive(nums))  # Output: 4 (the sequence is 1, 2, 3, 4)
```

This code will return the length of the longest consecutive sequence in the list of integers.

Question 5: How can you implement a depth-first search (DFS) algorithm on a graph represented as an adjacency list?
Answer: To implement a depth-first search (DFS) algorithm on a graph represented as an adjacency list, you can use either a recursive approach or an iterative approach using a stack. Below is an example of both methods in Python.

### Graph Representation
First, let's represent the graph as an adjacency list using a dictionary:

```python
graph = {
    'A': ['B', 'C'],
    'B': ['D', 'E'],
    'C': ['F'],
    'D': [],
    'E': ['F'],
    'F': []
}
```

### Recursive DFS Implementation
Here is how you can implement DFS recursively:

```python
def dfs_recursive(node, visited):
    if node not in visited:
        print(node)  # Process the node (e.g., print it)
        visited.add(node)  # Mark the node as visited
        for neighbor in graph[node]:  # Visit all the neighbors
            dfs_recursive(neighbor, visited)

# Usage
visited = set()
dfs_recursive('A', visited)
```

### Iterative DFS Implementation
Here is how you can implement DFS iteratively using a stack:

```python
def dfs_iterative(start):
    visited = set()  # To keep track of visited nodes
    stack = [start]  # Initialize the stack with the starting node

    while stack:
        node = stack.pop()  # Get the last node added to the stack
        if node not in visited:
            print(node)  # Process the node (e.g., print it)
            visited.add(node)  # Mark the node as visited
            # Add all unvisited neighbors to the stack
            stack.extend(neighbor for neighbor in graph[node] if neighbor not in visited)

# Usage
dfs_iterative('A')
```

### Explanation
- In both implementations, we maintain a set called `visited` to keep track of the nodes that have already been visited to avoid cycles.
- In the recursive version, we call the function recursively for each unvisited neighbor.
- In the iterative version, we use a stack to keep track of the nodes to visit next, popping from the stack to process nodes.

You can choose either method based on your preference or the specific requirements of your application.

Completed tasks so far (do not give me these tasks again!): 
	Write a Python function that takes a list of integers and returns a new list with the squares of all the numbers. The function should not modify the original list.
	Write a Python function that takes a list of integers and returns a new list containing only the unique elements from the original list. The order of elements in the returned list does not matter.
	Write a Python function that takes a list of integers and returns a set containing all the elements that appear more than once in the list.
	Write a Python function that calculates the factorial of a given non-negative integer. The factorial of a non-negative integer n is the product of all positive integers less than or equal to n. It is denoted by n!.
	Write a Python function that takes a string and returns True if the string is a palindrome, and False otherwise. The function should be case-insensitive and ignore all non-alphanumeric characters.
	Write a Python function that takes a dictionary and a key, and returns the value associated with the key. If the key does not exist in the dictionary, the function should return 'Key not found.'
	Write a Python function that takes a list of integers and returns the first recurring character. If there is no recurring character, return None.
	Write a Python function that takes a list of integers and returns a new list with the integers sorted in ascending order using the bubble sort algorithm.
	Write a Python function that takes a string and returns the first non-repeating character in it. If all characters repeat or the string is empty, return None.
	Write a Python function that simulates a producer-consumer scenario using a queue. The function should take a list of integers as input, where each integer represents an item produced. The function should process (consume) each item by simply printing it and then return the number of items consumed. Use a simple list to simulate the queue behavior.
	Write a Python function that takes an integer n and returns the nth Fibonacci number. The Fibonacci sequence is a series of numbers where each number is the sum of the two preceding ones, usually starting with 0 and 1. The function should use recursion to calculate the result.
	Write a Python function that takes a string and returns the length of the longest substring without repeating characters.
	Write a Python function that takes a list of strings and returns a new list with the strings sorted based on the number of vowels they contain. The sort should be in descending order, and in case of a tie, the strings should be sorted alphabetically.
	Write a Python function that takes a string and returns the character that appears the most frequently in the string. If there is a tie, return the character that appears first in the string. If the string is empty, return None.
	Write a Python function that takes a string representing a mathematical expression consisting of non-negative integers and the plus sign (+) and returns the result of the expression. The function should assume that the input is always a valid expression and that there are no spaces between numbers and operators.
	Write a Python function that takes an integer n and returns the sum of all integers from 1 to n using recursion.
	Write a Python function that takes a list of integers and returns a new list with the integers sorted in ascending order using the selection sort algorithm.
	Write a Python function that takes a string containing only '(', ')', '{', '}', '[' and ']', and determines if the input string is valid. A string is considered valid if brackets are closed in the correct order. For example, "()" and "()[]{}" are valid, but "(]" and "([)]" are not.
	Write a Python function that simulates a basic queue system. The function should take a list of integers representing people's ticket numbers and return the ticket number of the person who will be served last. Use the deque from the collections module to implement the queue.
	Write a Python function that takes two lists of integers and returns a list containing the elements that are common to both lists without duplicates. The order of the elements in the returned list does not matter.
	Write a Python function that takes a list of integers and returns the kth largest element in the list. The function should use a min-heap to efficiently find the kth largest element.
	Write a Python function that takes a list of integers and returns the length of the longest increasing subsequence in the list. The function should not modify the original list.
	Write a Python function that takes a string containing only '(', ')', '[', ']', '{', and '}', and determines if the input string is balanced. A string is balanced if all types of brackets are properly closed and nested. The function should return True if the string is balanced, and False otherwise.
	Write a Python function that takes a list of integers and a target integer. The function should return the index of the target integer in the list if it exists, or -1 if the target is not present.

Failed tasks that are too hard: 
	Write a Python function that takes a list of integers and returns the largest product that can be obtained by multiplying any two numbers from the list.
	Write a Python function that takes a sorted list of integers and an integer target value, and returns a tuple of two numbers from the list that add up to the target value. If no such pair exists, return None.
	Write a Python function that takes a list of strings representing a postfix expression (each element being a number or an operator) and returns the result of the expression. The function should handle the four basic arithmetic operations: addition, subtraction, multiplication, and division.
	Write a Python function that takes a list of integers and returns the length of the longest consecutive elements sequence. The sequence must be composed of consecutive integers, regardless of their order in the original list.


INFO - [Task id] 28 [generation text] 
INFO - {
    "reasoning": "The student has successfully completed tasks involving basic data structures like lists, sets, and dictionaries, as well as algorithms like sorting and searching. They have also worked with recursion and basic queue operations. However, they struggled with more complex problems involving optimization and evaluation of expressions. The next task should reinforce their understanding of sets and dictionaries, and introduce them to the concept of caching for optimization, without being too complex.",
    "task": "Write a Python function that takes a non-negative integer n and returns the nth number in the 'look-and-say' sequence. The 'look-and-say' sequence starts with '1' and each subsequent term is derived by describing the previous term. For example, the term after '1' is '11' (one 1), after '11' is '21' (two 1s), after '21' is '1211' (one 2, then one 1), and so on.",
    "gt_fn_name": "look_and_say",
    "test_setup_code": "",
    "test_tuple": [
        "assert look_and_say(1) == '1'",
        "assert look_and_say(4) == '1211'",
        "assert look_and_say(5) == '111221'"
    ]
}
INFO - {
    "reasoning": "The student has successfully completed tasks involving basic data structures like lists, sets, and dictionaries, as well as algorithms like sorting and searching. They have also worked with recursion and basic queue operations. However, they struggled with more complex problems involving optimization and evaluation of expressions. The next task should reinforce their understanding of sets and dictionaries, and introduce them to the concept of caching for optimization, without being too complex.",
    "task": "Write a Python function that takes a non-negative integer n and returns the nth number in the 'look-and-say' sequence. The 'look-and-say' sequence starts with '1' and each subsequent term is derived by describing the previous term. For example, the term after '1' is '11' (one 1), after '11' is '21' (two 1s), after '21' is '1211' (one 2, then one 1), and so on.",
    "gt_fn_name": "look_and_say",
    "test_setup_code": "",
    "test_tuple": [
        "assert look_and_say(1) == '1'",
        "assert look_and_say(4) == '1211'",
        "assert look_and_say(5) == '111221'"
    ]
}
INFO - The task prompt is Write a Python function that takes a non-negative integer n and returns the nth number in the 'look-and-say' sequence. The 'look-and-say' sequence starts with '1' and each subsequent term is derived by describing the previous term. For example, the term after '1' is '11' (one 1), after '11' is '2...

INFO - LM call n parse attempt 1 / 3

INFO - [Task id] 28 [prompt] 
You are a helpful assistant that answer my question about Python programming.

I will give you the following information:
Question: ...

You will answer the question based on the context (only if available and helpful) and your own knowledge of Python programming.
1) Start your answer with "Answer: ".
2) Answer "Answer: Unknown" if you don't know the answer.

INFO - [Task id] 28 [prompt] Question: Explain at a conceptual level, how to accomplish the below task in Python programming?
Write a Python function that takes a non-negative integer n and returns the nth number in the 'look-and-say' sequence. The 'look-and-say' sequence starts with '1' and each subsequent term is derived by describing the previous term. For example, the term after '1' is '11' (one 1), after '11' is '21' (two 1s), after '21' is '1211' (one 2, then one 1), and so on.
INFO - [Task id] 28 [generation text] Answer: To accomplish the task of generating the nth number in the 'look-and-say' sequence in Python, you can follow these conceptual steps:

1. **Understand the Sequence**: The 'look-and-say' sequence starts with the string "1". Each subsequent term is generated by reading the previous term and counting consecutive digits. For example:
   - From "1", you see one '1' → "11"
   - From "11", you see two '1's → "21"
   - From "21", you see one '2' and one '1' → "1211"

2. **Define the Function**: Create a function that takes a non-negative integer `n` as an argument.

3. **Base Case**: If `n` is 0, return "1" since the 0th term is defined as "1".

4. **Iterative Generation**: Use a loop to generate terms from 1 up to `n`. For each term:
   - Initialize an empty string to build the next term.
   - Use a counter to keep track of the current digit and its count.
   - Iterate through the characters of the current term, counting consecutive digits and appending the count and the digit to the new term string.

5. **Return the Result**: After generating the nth term, return it.

Here is a conceptual outline of the function:

```python
def look_and_say(n):
    if n == 0:
        return "1"
    
    current_term = "1"
    
    for _ in range(n):
        next_term = ""
        count = 1
        
        for j in range(1, len(current_term)):
            if current_term[j] == current_term[j - 1]:
                count += 1
            else:
                next_term += str(count) + current_term[j - 1]
                count = 1
        
        # Handle the last group
        next_term += str(count) + current_term[-1]
        
        current_term = next_term
    
    return current_term
```

This function will generate the nth term of the 'look-and-say' sequence by iteratively building each term based on the previous one.
INFO - Attempting task_id 28
INFO - [35m Rollout attempt 1/4[0m
INFO - [33m Retrieving 5 entries for db: skill 
 [0m
INFO - [33m fibonacci, calculate_factorial, recursive_sum, first_recurring_character, first_non_repeating_character[0m
INFO - LM call n parse attempt 1 / 3

INFO - [Task id] 28 [prompt] You are a helpful assistant that writes python code to solve a task specified by me.

Here are some useful functions written earlier which you can reuse or reference.


[Entry]:


    def fibonacci(n):
        if (n == 0):
            return 0
        elif (n == 1):
            return 1
        else:
            return (fibonacci((n - 1)) + fibonacci((n - 2)))

[/Entry]

[Entry]:


    def calculate_factorial(n):
        if (n < 0):
            raise ValueError('Factorial is not defined for negative numbers.')
        if (n == 0):
            return 1
        result = 1
        for i in range(1, (n + 1)):
            result *= i
        return result

[/Entry]

[Entry]:


    def recursive_sum(n):
        if (n == 0):
            return 0
        else:
            return (n + recursive_sum((n - 1)))

[/Entry]

[Entry]:


    def first_recurring_character(int_list):
        seen = set()
        for num in int_list:
            if (num in seen):
                return num
            seen.add(num)
        return None

[/Entry]

[Entry]:


    def first_non_repeating_character(s):
        char_count = {}
        for char in s:
            if (char in char_count):
                char_count[char] += 1
            else:
                char_count[char] = 1
        for char in s:
            if (char_count[char] == 1):
                return char
        return None

[/Entry]






At each round of conversation, I will give you
[Environment feedback] (after executing code) ...
[Code from the last round] ...
[Task] ...
[Context] ...
[Critique] ...

You should then respond to me with
Explain (if applicable): Are there any steps missing in your plan? Why does the code not complete the task? What does the chat log and execution error imply?
Plan: How to complete the task step by step. 
Code:
    1) Reuse or reference the above useful programs if necessary.
    2) Your function will be reused for building more complex functions. Therefore, you should make it generic and reusable. 
    3) Functions in the "Code from the last round" section will not be saved or executed. Do not reuse functions listed there.
    4) Anything defined outside a function will be ignored, define all your variables inside your functions.
    5) Do not write infinite loops.
    6) If the task specifies a function name to be used, follow it strictly (be case sensitive!). Else, name your function in a meaningful way (can infer the task from the name).
    7) Your code should only contain elements that solve the task, so DO NOT write any assert statements / tests
    8) The context in the [Context] tag serves as a casual tip (which can be wrong) to help you on the task, but your priority is to follow instructions in the [Task] tag.

You should only respond in the format as described below:
RESPONSE FORMAT:

Explain: ...
Plan:
1) ...
2) ...
3) ...
...
Code:
```python
# helper functions (only if needed, try to avoid them)
...
# main function after the helper functions
def yourMainFunctionName(args):
  # ...

```


INFO - [Task id] 28 [prompt] [Environment feedback]
None

[Code from the last round]
No code in the first round

[Task]
Write a Python function that takes a non-negative integer n and returns the nth number in the 'look-and-say' sequence. The 'look-and-say' sequence starts with '1' and each subsequent term is derived by describing the previous term. For example, the term after '1' is '11' (one 1), after '11' is '21' (two 1s), after '21' is '1211' (one 2, then one 1), and so on.
You must strictly follow the function name: look_and_say

[Context]
Rough plan to accomplish the task (can be wrong): 
Answer: To accomplish the task of generating the nth number in the 'look-and-say' sequence in Python, you can follow these conceptual steps:

1. **Understand the Sequence**: The 'look-and-say' sequence starts with the string "1". Each subsequent term is generated by reading the previous term and counting consecutive digits. For example:
   - From "1", you see one '1' → "11"
   - From "11", you see two '1's → "21"
   - From "21", you see one '2' and one '1' → "1211"

2. **Define the Function**: Create a function that takes a non-negative integer `n` as an argument.

3. **Base Case**: If `n` is 0, return "1" since the 0th term is defined as "1".

4. **Iterative Generation**: Use a loop to generate terms from 1 up to `n`. For each term:
   - Initialize an empty string to build the next term.
   - Use a counter to keep track of the current digit and its count.
   - Iterate through the characters of the current term, counting consecutive digits and appending the count and the digit to the new term string.

5. **Return the Result**: After generating the nth term, return it.

Here is a conceptual outline of the function:

```python
def look_and_say(n):
    if n == 0:
        return "1"
    
    current_term = "1"
    
    for _ in range(n):
        next_term = ""
        count = 1
        
        for j in range(1, len(current_term)):
            if current_term[j] == current_term[j - 1]:
                count += 1
            else:
                next_term += str(count) + current_term[j - 1]
                count = 1
        
        # Handle the last group
        next_term += str(count) + current_term[-1]
        
        current_term = next_term
    
    return current_term
```

This function will generate the nth term of the 'look-and-say' sequence by iteratively building each term based on the previous one.


[Critique]
None


INFO - [Task id] 28 [generation text] Plan:
1) Define the function `look_and_say` that takes a non-negative integer `n` as an argument.
2) If `n` is 0, return "1" since the 0th term is defined as "1".
3) Initialize the current term as "1".
4) Use a loop to generate terms from 1 up to `n`. For each term:
   - Initialize an empty string to build the next term.
   - Use a counter to keep track of the current digit and its count.
   - Iterate through the characters of the current term, counting consecutive digits and appending the count and the digit to the new term string.
5) After generating the nth term, return it.

Code:
```python
def look_and_say(n):
    if n == 0:
        return "1"
    
    current_term = "1"
    
    for _ in range(1, n):  # Start from 1 because we already have the first term
        next_term = ""
        count = 1
        for j in range(1, len(current_term)):
            if current_term[j] == current_term[j - 1]:
                count += 1
            else:
                next_term += str(count) + current_term[j - 1]
                count = 1
        next_term += str(count) + current_term[-1]  # Handle the last group
        current_term = next_term
    
    return current_term
```
INFO - program_code:
 

def look_and_say(n):
    if (n == 0):
        return '1'
    current_term = '1'
    for _ in range(1, n):
        next_term = ''
        count = 1
        for j in range(1, len(current_term)):
            if (current_term[j] == current_term[(j - 1)]):
                count += 1
            else:
                next_term += (str(count) + current_term[(j - 1)])
                count = 1
        next_term += (str(count) + current_term[(- 1)])
        current_term = next_term
    return current_term


INFO - program_name:
 look_and_say

INFO - dependencies:
 []

INFO - raw_msg:
 Plan:
1) Define the function `look_and_say` that takes a non-negative integer `n` as an argument.
2) If `n` is 0, return "1" since the 0th term is defined as "1".
3) Initialize the current term as "1".
4) Use a loop to generate terms from 1 up to `n`. For each term:
   - Initialize an empty string to build the next term.
   - Use a counter to keep track of the current digit and its count.
   - Iterate through the characters of the current term, counting consecutive digits and appending the count and the digit to the new term string.
5) After generating the nth term, return it.

Code:
```python
def look_and_say(n):
    if n == 0:
        return "1"
    
    current_term = "1"
    
    for _ in range(1, n):  # Start from 1 because we already have the first term
        next_term = ""
        count = 1
        for j in range(1, len(current_term)):
            if current_term[j] == current_term[j - 1]:
                count += 1
            else:
                next_term += str(count) + current_term[j - 1]
                count = 1
        next_term += str(count) + current_term[-1]  # Handle the last group
        current_term = next_term
    
    return current_term
```

INFO - no_parent:
 True

INFO - full code to be executed: 
 

def look_and_say(n):
    if (n == 0):
        return '1'
    current_term = '1'
    for _ in range(1, n):
        next_term = ''
        count = 1
        for j in range(1, len(current_term)):
            if (current_term[j] == current_term[(j - 1)]):
                count += 1
            else:
                next_term += (str(count) + current_term[(j - 1)])
                count = 1
        next_term += (str(count) + current_term[(- 1)])
        current_term = next_term
    return current_term


INFO - obs: Tests passed:
assert look_and_say(1) == '1'
assert look_and_say(4) == '1211'
assert look_and_say(5) == '111221'

Tests failed:
None
reward: True
done: None
info: {'individual_results': (True, True, True)}
INFO - LM call n parse attempt 1 / 5

INFO - [Task id] 28 [prompt] 
You are a Python programming assistant that assesses my progress of Python programming and provides useful guidance.

I will give you the following information:

[Task]: The objective I need to accomplish.
[Context]: The context of the task. Serves as a casual tip (which can be wrong) to help me on the task, but my priority is to follow instructions in the Task tag.
[function impl]: My function implementation that is intended to complete the task
[unit test results]: The results after executing my function implementation on the unit tests

Your first goal is to use these info to evaluate if I have met the task requirements, and explain why. 
It is possible that the unit test results all pass, but the code does not accomplish the task (eg by failing to accomplish the task in scenarios not covered by the unit tests)
It is also possible that the unit tests are wrong in the first place, though the code accomplishes the task and fails the unit test.

If I have not met the task requirements, write a few sentences to explain why the function implementation is wrong as indicated by the tests. 
You will need this as guidance when you try again later.
Only provide the few sentence description in your answer, not the implementation. 
Suggest how the function implementation can be changed, NOT the test cases (assert statements)

You should only respond in JSON format as described below:
The output should be formatted as a JSON instance that conforms to the JSON schema below.

As an example, for the schema {"properties": {"foo": {"title": "Foo", "description": "a list of strings", "type": "array", "items": {"type": "string"}}}, "required": ["foo"]}
the object {"foo": ["bar", "baz"]} is a well-formatted instance of the schema. The object {"properties": {"foo": ["bar", "baz"]}} is not well-formatted.

Here is the output schema:
```
{"description": "Represents the critique of a task attempt, including reasoning, success status, and suggestions for improvement.\n\nAttributes:\n    reasoning (str): Explanation of why the task was succeeded or failed.\n    success (bool): Indicates whether the task requirements were met.\n    critique (str): Suggestions or critique to help improve future task attempts.", "properties": {"reasoning": {"description": "reason why I have succeeded or failed at the task", "title": "Reasoning", "type": "string"}, "success": {"description": "evaluate if I have met the task requirements", "title": "Success", "type": "boolean"}, "critique": {"description": "critique to help me improve", "title": "Critique", "type": "string"}}, "required": ["reasoning", "success", "critique"]}
```

INFO - [Task id] 28 [prompt] 
Here are some examples:

Example 1:
[function impl]:
```python
def longest_subarray_with_sum_limit(nums: List[int], target: int) -> List[int]:
    n = len(nums)
    left, right = 0, 0
    max_length = 0
    current_sum = 0
    result = []
    while right < n:
        current_sum += nums[right]
        while current_sum > target:
            current_sum -= nums[left]
            left += 1
        if right - left + 1 >= max_length:
            max_length = right - left + 1
            result = nums[left:right+1]
        right += 1
    return result
```
[unit test results]:
Tests passing:
assert longest_subarray_with_sum_limit([1, 2, 3, 4, 5], 8) == [1, 2, 3]
assert longest_subarray_with_sum_limit([1, 2, 3, 4, 5], 15) == [1, 2, 3, 4, 5]
assert longest_subarray_with_sum_limit([1, -1, 2, -2, 3, -3], 2) == [1, -1, 2, -2, 3]
assert longest_subarray_with_sum_limit([], 10) == []
assert longest_subarray_with_sum_limit([], 0) == []
assert longest_subarray_with_sum_limit([], -5) == []  
Tests failing:
assert longest_subarray_with_sum_limit([5, 6, 7, 8, 9], 4) == [] # output: [5]

RESPONSE:
{
    "reasoning": "The implementation failed the test case where no subarray fulfills the condition",
    "success": false,
    "critique": "The issue in the implementation is due to the use of >= instead of > in the condition to update the result. Because of this, it returns a subarray even when the sum is greater than the target, as it still updates the result when the current subarray length is equal to the previous longest subarray length. To overcome this error, we should change the condition to only update the result when the current subarray length is strictly greater than the previous longest subarray length. This can be done by replacing >= with > in the condition."
}


Example 2:
[function impl]:
```python
def longest_subarray_with_sum_limit(nums: List[int], target: int) -> List[int]:
    n = len(nums)
    left, right = 0, 0
    max_length = 0
    current_sum = 0
    result = []
    while current_sum + nums[right] <= target:
        current_sum += nums[right]
        right += 1
    while right < n:
        current_sum += nums[right]
        while current_sum > target:
            current_sum -= nums[left]
            left += 1
        if right - left + 1 > max_length:
            max_length = right - left + 1
            result = nums[left:right+1]
        right += 1
    return result
```
[unit test results]:
Tests passing:
assert longest_subarray_with_sum_limit([], 10) == []
assert longest_subarray_with_sum_limit([], 0) == []
assert longest_subarray_with_sum_limit([], -5) == []
Tests failing:
assert longest_subarray_with_sum_limit([1, 2, 3, 4, 5], 8) == [1, 2, 3] # output: list index out of range
assert longest_subarray_with_sum_limit([1, 2, 3, 4, 5], 15) == [1, 2, 3, 4, 5] # output: list index out of range
assert longest_subarray_with_sum_limit([5, 6, 7, 8, 9], 4) == [] # output: list index out of range
assert longest_subarray_with_sum_limit([1, -1, 2, -2, 3, -3], 2) == [1, -1, 2, -2, 3] # output: list index out of range

RESPONSE:
{
    "reason": "The implementation failed 4 out of the 7 test cases due to an IndexError.",
    "success": false,
    "critique": "The issue stems from the while loop while current_sum + nums[right] <= target:, which directly accesses nums[right] without checking if right is within the bounds of the list. This results in a runtime error when right goes beyond the list length. To overcome this error, we need to add a bounds check for the right variable in the mentioned while loop. We can modify the loop condition to while right < len(nums) and current_sum + nums[right] <= target:. This change will ensure that we only access elements within the bounds of the list, thus avoiding the IndexError."
}


END OF EXAMPLES

INFO - [Task id] 28 [prompt] [Task]:
Write a Python function that takes a non-negative integer n and returns the nth number in the 'look-and-say' sequence. The 'look-and-say' sequence starts with '1' and each subsequent term is derived by describing the previous term. For example, the term after '1' is '11' (one 1), after '11' is '21' (two 1s), after '21' is '1211' (one 2, then one 1), and so on.
[Context]: 
 Rough plan to accomplish the task (can be wrong): 
Answer: To accomplish the task of generating the nth number in the 'look-and-say' sequence in Python, you can follow these conceptual steps:

1. **Understand the Sequence**: The 'look-and-say' sequence starts with the string "1". Each subsequent term is generated by reading the previous term and counting consecutive digits. For example:
   - From "1", you see one '1' → "11"
   - From "11", you see two '1's → "21"
   - From "21", you see one '2' and one '1' → "1211"

2. **Define the Function**: Create a function that takes a non-negative integer `n` as an argument.

3. **Base Case**: If `n` is 0, return "1" since the 0th term is defined as "1".

4. **Iterative Generation**: Use a loop to generate terms from 1 up to `n`. For each term:
   - Initialize an empty string to build the next term.
   - Use a counter to keep track of the current digit and its count.
   - Iterate through the characters of the current term, counting consecutive digits and appending the count and the digit to the new term string.

5. **Return the Result**: After generating the nth term, return it.

Here is a conceptual outline of the function:

```python
def look_and_say(n):
    if n == 0:
        return "1"
    
    current_term = "1"
    
    for _ in range(n):
        next_term = ""
        count = 1
        
        for j in range(1, len(current_term)):
            if current_term[j] == current_term[j - 1]:
                count += 1
            else:
                next_term += str(count) + current_term[j - 1]
                count = 1
        
        # Handle the last group
        next_term += str(count) + current_term[-1]
        
        current_term = next_term
    
    return current_term
```

This function will generate the nth term of the 'look-and-say' sequence by iteratively building each term based on the previous one.


[function impl]:


def look_and_say(n):
    if (n == 0):
        return '1'
    current_term = '1'
    for _ in range(1, n):
        next_term = ''
        count = 1
        for j in range(1, len(current_term)):
            if (current_term[j] == current_term[(j - 1)]):
                count += 1
            else:
                next_term += (str(count) + current_term[(j - 1)])
                count = 1
        next_term += (str(count) + current_term[(- 1)])
        current_term = next_term
    return current_term

[unit test results]:
Tests passed:
assert look_and_say(1) == '1'
assert look_and_say(4) == '1211'
assert look_and_say(5) == '111221'

Tests failed:
None

INFO - [Task id] 28 [generation text] 
INFO - {
    "reasoning": "The function implementation passed all provided unit tests, which suggests that it correctly generates the 'look-and-say' sequence for the tested values of n.",
    "success": true,
    "critique": "While the function passes the provided tests, it's important to ensure that it handles larger values of n efficiently. If performance issues arise for larger n, consider optimizing the string concatenation process, as it can be costly in Python. Additionally, adding more test cases, especially for edge cases such as n=0 and very large values of n, would help ensure the robustness of the function."
}
INFO - {
    "reasoning": "The function implementation passed all provided unit tests, which suggests that it correctly generates the 'look-and-say' sequence for the tested values of n.",
    "success": true,
    "critique": "While the function passes the provided tests, it's important to ensure that it handles larger values of n efficiently. If performance issues arise for larger n, consider optimizing the string concatenation process, as it can be costly in Python. Additionally, adding more test cases, especially for edge cases such as n=0 and very large values of n, would help ensure the robustness of the function."
}
INFO - [task_id]: 28 [Result]: True
INFO - LM call n parse attempt 1 / 3

INFO - [Task id] 28 [prompt] 
You are a helpful assistant that writes a description of the given function written in the Python programming language.

1) Do not mention the function name.
2) Do not mention anything about helper functions.
3) There might be some helper functions before the main function, but you only need to describe the main function.
4) Try to summarize the function in no more than 6 sentences.
5) Your response should be a single line of text.

INFO - [Task id] 28 [prompt] 

def look_and_say(n):
    if (n == 0):
        return '1'
    current_term = '1'
    for _ in range(1, n):
        next_term = ''
        count = 1
        for j in range(1, len(current_term)):
            if (current_term[j] == current_term[(j - 1)]):
                count += 1
            else:
                next_term += (str(count) + current_term[(j - 1)])
                count = 1
        next_term += (str(count) + current_term[(- 1)])
        current_term = next_term
    return current_term


The main function is `look_and_say`.
INFO - [Task id] 28 [generation text] This function generates the nth term of the "look-and-say" sequence, starting from the first term, which is '1'. It iteratively constructs each subsequent term by counting consecutive digits in the current term and describing them as a count followed by the digit. If the input is zero, it returns '1' immediately. For each term, it initializes a count and builds the next term by checking each digit against the previous one. The process continues until the desired term is reached, and the final term is returned as a string. The function effectively transforms the sequence based on the counts of digits in each term.
INFO - Num Completed Tasks: 25, Num Failed Tasks: 4
