INFO - DB skill doc count: 5

INFO - [train iter]: 5/100 

INFO - LM call n parse attempt 1 / 3

INFO - [Task id] 5 [prompt] 
You are a helpful assistant that asks questions to help me decide the next immediate task to do for Python programming.
My ultimate goal is to solve as many diverse problems as possible and become the best programmer in the world.

I will give you the following information:
Completed tasks so far: ...
Failed tasks that are too hard: ...

You must follow the following criteria:
1) You should ask at least 5 questions (but no more than 10 questions) to help me decide the next immediate task to do. Each question should be followed by the concept that the question is about.
2) Your question should be specific to a concept in Python programming.
  Bad example (the question is too general):
    Question: What is the best way to program in Python?
    Concept: unknown
  Good example:
    Question: How do you reverse a list?
    Concept: list
3) Your questions should be self-contained and not require any context.

Respond in JSON, and follow the keys and expected format of the values strictly.


Response format:
The output should be formatted as a JSON instance that conforms to the JSON schema below.

As an example, for the schema {"properties": {"foo": {"title": "Foo", "description": "a list of strings", "type": "array", "items": {"type": "string"}}}, "required": ["foo"]}
the object {"foo": ["bar", "baz"]} is a well-formatted instance of the schema. The object {"properties": {"foo": ["bar", "baz"]}} is not well-formatted.

Here is the output schema:
```
{"$defs": {"QuestionConcept": {"properties": {"question": {"description": "A question related to Python programming, to help me brainstorm the next immediate task to do", "title": "Question", "type": "string"}, "concept": {"description": "The Python programming concept associated with the question above", "title": "Concept", "type": "string"}}, "required": ["question", "concept"], "title": "QuestionConcept", "type": "object"}}, "properties": {"reasoning": {"description": "Reason out, step-by-step, why you picked these questions and concepts", "title": "Reasoning", "type": "string"}, "question_concept_list": {"description": "list of questions and their associated concepts", "items": {"$ref": "#/$defs/QuestionConcept"}, "title": "Question Concept List", "type": "array"}}, "required": ["reasoning", "question_concept_list"]}
```


INFO - [Task id] 5 [prompt] Completed tasks so far (do not give me these tasks again!): 
	Write a Python function that takes a list of integers and returns a new list with the squares of all the numbers. The function should not modify the original list.
	Write a Python function that takes a list of integers and returns a new list containing only the unique elements from the original list. The order of elements in the returned list does not matter.
	Write a Python function that takes a list of integers and returns a set containing all the elements that appear more than once in the list.
	Write a Python function that calculates the factorial of a given non-negative integer. The factorial of a non-negative integer n is the product of all positive integers less than or equal to n. It is denoted by n!.
	Write a Python function that takes a string and returns True if the string is a palindrome, and False otherwise. The function should be case-insensitive and ignore all non-alphanumeric characters.

Failed tasks that are too hard: None


INFO - [Task id] 5 [generation text] 
INFO - {
    "reasoning": "I selected these questions to cover a variety of Python concepts that will help in building a well-rounded skill set. The questions focus on different data structures, algorithms, and string manipulation, which are fundamental in Python programming. This will help in solving diverse problems and improving programming skills.",
    "question_concept_list": [
        {
            "question": "How do you merge two dictionaries in Python?",
            "concept": "dictionary"
        },
        {
            "question": "What is the difference between a list and a tuple in Python?",
            "concept": "data structures"
        },
        {
            "question": "How can you read and write files in Python?",
            "concept": "file handling"
        },
        {
            "question": "What are list comprehensions and how do you use them?",
            "concept": "list comprehension"
        },
        {
            "question": "How do you handle exceptions in Python?",
            "concept": "exception handling"
        }
    ]
}
INFO - {
    "reasoning": "I selected these questions to cover a variety of Python concepts that will help in building a well-rounded skill set. The questions focus on different data structures, algorithms, and string manipulation, which are fundamental in Python programming. This will help in solving diverse problems and improving programming skills.",
    "question_concept_list": [
        {
            "question": "How do you merge two dictionaries in Python?",
            "concept": "dictionary"
        },
        {
            "question": "What is the difference between a list and a tuple in Python?",
            "concept": "data structures"
        },
        {
            "question": "How can you read and write files in Python?",
            "concept": "file handling"
        },
        {
            "question": "What are list comprehensions and how do you use them?",
            "concept": "list comprehension"
        },
        {
            "question": "How do you handle exceptions in Python?",
            "concept": "exception handling"
        }
    ]
}
INFO - LM call n parse attempt 1 / 5

INFO - [Task id] 5 [prompt] 
You are a helpful assistant that tells me the next immediate task (in the form of a function) to do for Python programming. 
My ultimate goal is to solve as many diverse problems as possible and become the best programmer in the world.

I will give you the following information:
Question 1: ...
Answer: ...
Question 2: ...
Answer: ...
Question 3: ...
Answer: ...
...
Completed tasks so far: ...
Failed tasks that are too hard: ...

You must follow the following criteria:
1) You should act as a mentor and guide me to the next task based on my current learning progress. As a rule of thumb, guide me through beginner problems, followed by interview level problems, followed by competitive programming problems. The latter 2 levels can involve concepts from data structures and algorithms.
2) Please be very specific about what skills I need to learn.
3) Do not propose multiple tasks at the same time. Do not mention anything else.
4) The next task should not be too hard since I may not have learned enough skills to complete it yet.
5) The next task should be novel and interesting. I should look for problems which I have not solved yet. I should not be doing the same thing over and over again.
6) The task should involve writing a main Python function that at most use basic libraries (try not to import too many or too advanced modules)
7) Do not give tasks that require file operations (create, read, update, delete) or an internet connection.
8) I am only allowed to write Python functions, so do not require me to write other things (e.g. objects). 
9) Requiring me to write a function that takes in an object and uses object methods is still ok, but I cannot define the objects myself. You must provide the objects as input to my function in the assert statement.

Take note of these in your response:
1) Give an expected function name for the task.
2) Give a tuple of 3 assert statements that tests the function's correctness in the "test_tuple" field. This must strictly contain single-line assert statements only; any setup code for the test must be filled in the "test_setup_code" field.
3) The function name which you gave must be called in the assert statements. 

Respond in JSON, and follow the keys and expected format of the values strictly.


Response format:
The output should be formatted as a JSON instance that conforms to the JSON schema below.

As an example, for the schema {"properties": {"foo": {"title": "Foo", "description": "a list of strings", "type": "array", "items": {"type": "string"}}}, "required": ["foo"]}
the object {"foo": ["bar", "baz"]} is a well-formatted instance of the schema. The object {"properties": {"foo": ["bar", "baz"]}} is not well-formatted.

Here is the output schema:
```
{"properties": {"reasoning": {"description": "Based on the information listed above, reason about what the next task should be.", "title": "Reasoning", "type": "string"}, "task": {"description": "The next task, which requires me to write a single function. Be sure to state the expected data structure for inputs and outputs.", "title": "Task", "type": "string"}, "gt_fn_name": {"description": "The expected name for the single function for the task", "title": "Gt Fn Name", "type": "string"}, "test_setup_code": {"description": "setup code, if required. This will be run just before the assert statements are executed.", "title": "Test Setup Code", "type": "string"}, "test_tuple": {"description": "Tuple of 3 SINGLE-LINE test cases that starts with 'assert' to test the function's correctness.Any extra required code should be written in the test_setup_code field.", "items": {"type": "string"}, "maxItems": 3, "minItems": 3, "prefixItems": [{"type": "string"}, {"type": "string"}, {"type": "string"}], "title": "Test Tuple", "type": "array"}}, "required": ["reasoning", "task", "gt_fn_name", "test_setup_code", "test_tuple"]}
```


INFO - [Task id] 5 [prompt] 
Here's an example response:
{
    "reasoning": "The student has shown proficiency in basic Python syntax and list manipulation, but struggles with problems involving more complex algorithms and data structures. This task will help them practice using sets or dictionaries for efficient lookups, and understand the concept of algorithmic complexity.",
    "task": "Write a Python function that takes a list of integers and returns the tuple of two numbers that sum up to zero. If no such pair exists, return None.",
    "gt_fn_name": "find_zero_sum",
    "test_setup_code": "",
    "test_tuple": [
        "assert find_zero_sum([1, 2, 3, -2, -1]) == (2, -2)",
        "assert find_zero_sum([1, 2, 3, 4, 5]) == None",
        "assert find_zero_sum([1, 4, 3, -4, -1]) == (4, -4)"
    ]
}

INFO - [Task id] 5 [prompt] Question 1: How do you merge two dictionaries in Python?
Answer: You can merge two dictionaries in Python using several methods. Here are a few common ways:

1. **Using the `update()` method**:
   ```python
   dict1 = {'a': 1, 'b': 2}
   dict2 = {'b': 3, 'c': 4}
   dict1.update(dict2)
   # dict1 is now {'a': 1, 'b': 3, 'c': 4}
   ```

2. **Using the `**` unpacking operator (Python 3.5+)**:
   ```python
   dict1 = {'a': 1, 'b': 2}
   dict2 = {'b': 3, 'c': 4}
   merged_dict = {**dict1, **dict2}
   # merged_dict is {'a': 1, 'b': 3, 'c': 4}
   ```

3. **Using the `|` operator (Python 3.9+)**:
   ```python
   dict1 = {'a': 1, 'b': 2}
   dict2 = {'b': 3, 'c': 4}
   merged_dict = dict1 | dict2
   # merged_dict is {'a': 1, 'b': 3, 'c': 4}
   ```

4. **Using dictionary comprehension**:
   ```python
   dict1 = {'a': 1, 'b': 2}
   dict2 = {'b': 3, 'c': 4}
   merged_dict = {k: v for d in (dict1, dict2) for k, v in d.items()}
   # merged_dict is {'a': 1, 'b': 3, 'c': 4}
   ```

Choose the method that best fits your needs based on the version of Python you are using and your specific requirements.

Question 2: What is the difference between a list and a tuple in Python?
Answer: The main differences between a list and a tuple in Python are:

1. **Mutability**: Lists are mutable, meaning you can change their content (add, remove, or modify elements) after they are created. Tuples, on the other hand, are immutable, which means once a tuple is created, you cannot change its content.

2. **Syntax**: Lists are defined using square brackets `[]`, while tuples are defined using parentheses `()`.

3. **Performance**: Tuples can be slightly more memory-efficient and faster than lists for certain operations because of their immutability.

4. **Use Cases**: Lists are generally used for collections of items that may need to be modified, while tuples are often used for fixed collections of items, such as coordinates or records.

Example:
```python
# List
my_list = [1, 2, 3]
my_list.append(4)  # This is allowed

# Tuple
my_tuple = (1, 2, 3)
# my_tuple.append(4)  # This would raise an AttributeError
```

In summary, use lists when you need a mutable sequence and tuples when you need an immutable sequence.

Question 3: How do you read and write files in Python?
Answer: In Python, you can read and write files using built-in functions. Here’s a basic overview of how to do both:

### Reading Files
To read a file, you can use the `open()` function along with the `read()`, `readline()`, or `readlines()` methods. Here’s an example:

```python
# Reading the entire file
with open('example.txt', 'r') as file:
    content = file.read()
    print(content)

# Reading line by line
with open('example.txt', 'r') as file:
    for line in file:
        print(line.strip())  # strip() removes the newline character

# Reading all lines into a list
with open('example.txt', 'r') as file:
    lines = file.readlines()
    print(lines)
```

### Writing Files
To write to a file, you can also use the `open()` function, but with the mode set to `'w'` (write) or `'a'` (append). Here’s how you can do it:

```python
# Writing to a file (overwrites existing content)
with open('example.txt', 'w') as file:
    file.write("Hello, World!\n")
    file.write("This is a new line.\n")

# Appending to a file
with open('example.txt', 'a') as file:
    file.write("This line will be added to the end of the file.\n")
```

### Important Notes
- Always use the `with` statement when opening files. This ensures that the file is properly closed after its suite finishes, even if an error is raised.
- The mode `'r'` is for reading, `'w'` is for writing (which truncates the file), and `'a'` is for appending.
- You can also open files in binary mode by adding `'b'` to the mode (e.g., `'rb'` or `'wb'`).

This should give you a good starting point for reading and writing files in Python!

Question 4: What are list comprehensions and how do you use them?
Answer: List comprehensions are a concise way to create lists in Python. They provide a syntactic shortcut for generating lists based on existing lists or other iterable objects. The basic syntax of a list comprehension is:

```python
[expression for item in iterable if condition]
```

- `expression` is the value to be included in the new list.
- `item` is the variable that takes the value of each element in the iterable.
- `iterable` is any Python iterable (like a list, tuple, or string).
- `condition` is an optional filter that determines whether the `expression` should be included in the new list.

Here are a few examples of how to use list comprehensions:

1. **Creating a list of squares:**
   ```python
   squares = [x**2 for x in range(10)]
   # squares will be [0, 1, 4, 9, 16, 25, 36, 49, 64, 81]
   ```

2. **Filtering even numbers:**
   ```python
   even_numbers = [x for x in range(20) if x % 2 == 0]
   # even_numbers will be [0, 2, 4, 6, 8, 10, 12, 14, 16, 18]
   ```

3. **Converting strings to uppercase:**
   ```python
   words = ['hello', 'world', 'python']
   uppercase_words = [word.upper() for word in words]
   # uppercase_words will be ['HELLO', 'WORLD', 'PYTHON']
   ```

List comprehensions can make your code more readable and concise, especially when dealing with simple transformations and filtering of lists.

Question 5: How do you handle exceptions in Python?
Answer: In Python, exceptions are handled using the `try` and `except` blocks. You can place the code that may raise an exception inside the `try` block, and then handle the exception in the `except` block. Here’s a basic example:

```python
try:
    # Code that may raise an exception
    result = 10 / 0
except ZeroDivisionError:
    # Code to handle the exception
    print("You cannot divide by zero!")
```

You can also catch multiple exceptions, use the `else` block for code that should run if no exceptions occur, and the `finally` block for code that should run regardless of whether an exception occurred or not:

```python
try:
    # Code that may raise an exception
    result = 10 / 2
except ZeroDivisionError:
    print("You cannot divide by zero!")
except TypeError:
    print("Invalid type!")
else:
    print("Result is:", result)
finally:
    print("This will always execute.")
```

This structure allows for robust error handling in your Python programs.

Completed tasks so far (do not give me these tasks again!): 
	Write a Python function that takes a list of integers and returns a new list with the squares of all the numbers. The function should not modify the original list.
	Write a Python function that takes a list of integers and returns a new list containing only the unique elements from the original list. The order of elements in the returned list does not matter.
	Write a Python function that takes a list of integers and returns a set containing all the elements that appear more than once in the list.
	Write a Python function that calculates the factorial of a given non-negative integer. The factorial of a non-negative integer n is the product of all positive integers less than or equal to n. It is denoted by n!.
	Write a Python function that takes a string and returns True if the string is a palindrome, and False otherwise. The function should be case-insensitive and ignore all non-alphanumeric characters.

Failed tasks that are too hard: None


INFO - [Task id] 5 [generation text] 
INFO - {
    "reasoning": "The student has demonstrated understanding of basic Python concepts, including list manipulations, set operations, and simple mathematical computations. To further their skills, the next task should involve a common data structure, such as a dictionary, and require them to apply their knowledge of exception handling. This will help them understand key-value pair storage and improve their ability to write robust code.",
    "task": "Write a Python function that takes a dictionary and a key, and returns the value associated with the key. If the key does not exist in the dictionary, the function should return 'Key not found.'",
    "gt_fn_name": "get_dict_value",
    "test_setup_code": "",
    "test_tuple": [
        "assert get_dict_value({'a': 1, 'b': 2, 'c': 3}, 'b') == 2",
        "assert get_dict_value({'x': 24, 'y': 25}, 'z') == 'Key not found.'",
        "assert get_dict_value({1: 'one', 2: 'two', 3: 'three'}, 3) == 'three'"
    ]
}
INFO - {
    "reasoning": "The student has demonstrated understanding of basic Python concepts, including list manipulations, set operations, and simple mathematical computations. To further their skills, the next task should involve a common data structure, such as a dictionary, and require them to apply their knowledge of exception handling. This will help them understand key-value pair storage and improve their ability to write robust code.",
    "task": "Write a Python function that takes a dictionary and a key, and returns the value associated with the key. If the key does not exist in the dictionary, the function should return 'Key not found.'",
    "gt_fn_name": "get_dict_value",
    "test_setup_code": "",
    "test_tuple": [
        "assert get_dict_value({'a': 1, 'b': 2, 'c': 3}, 'b') == 2",
        "assert get_dict_value({'x': 24, 'y': 25}, 'z') == 'Key not found.'",
        "assert get_dict_value({1: 'one', 2: 'two', 3: 'three'}, 3) == 'three'"
    ]
}
INFO - The task prompt is Write a Python function that takes a dictionary and a key, and returns the value associated with the key. If the key does not exist in the dictionary, the function should return 'Key not found.'
You must strictly follow the function name: get_dict_value

INFO - LM call n parse attempt 1 / 3

INFO - [Task id] 5 [prompt] 
You are a helpful assistant that answer my question about Python programming.

I will give you the following information:
Question: ...

You will answer the question based on the context (only if available and helpful) and your own knowledge of Python programming.
1) Start your answer with "Answer: ".
2) Answer "Answer: Unknown" if you don't know the answer.

INFO - [Task id] 5 [prompt] Question: Explain at a conceptual level, how to accomplish the below task in Python programming?
Write a Python function that takes a dictionary and a key, and returns the value associated with the key. If the key does not exist in the dictionary, the function should return 'Key not found.'
INFO - [Task id] 5 [generation text] Answer: To accomplish the task of creating a Python function that retrieves a value from a dictionary based on a given key, you can follow these conceptual steps:

1. **Define the Function**: Start by defining a function that takes two parameters: the dictionary and the key.

2. **Check for Key Existence**: Use an `if` statement to check if the key exists in the dictionary. You can do this using the `in` keyword.

3. **Return the Value or a Message**: If the key exists, return the corresponding value from the dictionary. If the key does not exist, return the string 'Key not found.'

Here is a conceptual outline of the function:

```python
def get_value_from_dict(my_dict, key):
    if key in my_dict:
        return my_dict[key]  # Return the value associated with the key
    else:
        return 'Key not found.'  # Return a message if the key does not exist
```

This function effectively checks for the presence of the key and handles both scenarios (key found and key not found) appropriately.
INFO - Attempting task_id 5
INFO - [35m Rollout attempt 1/4[0m
INFO - [33m Retrieving 5 entries for db: skill 
 [0m
INFO - [33m is_palindrome, calculate_factorial, find_duplicates, unique_elements, square_list[0m
INFO - LM call n parse attempt 1 / 3

INFO - [Task id] 5 [prompt] You are a helpful assistant that writes python code to solve a task specified by me.

Here are some useful functions written earlier which you can reuse or reference.


[Entry]:


    def is_palindrome(s):
        normalized_str = s.lower()
        filtered_str = ''.join((char for char in normalized_str if char.isalnum()))
        return (filtered_str == filtered_str[::(- 1)])

[/Entry]

[Entry]:


    def calculate_factorial(n):
        if (n < 0):
            raise ValueError('Factorial is not defined for negative numbers.')
        if (n == 0):
            return 1
        result = 1
        for i in range(1, (n + 1)):
            result *= i
        return result

[/Entry]

[Entry]:
    from collections import Counter

    def find_duplicates(int_list):
        counts = Counter(int_list)
        duplicates = {num for (num, count) in counts.items() if (count > 1)}
        return duplicates

[/Entry]

[Entry]:


    def unique_elements(input_list):
        unique_set = set(input_list)
        unique_list = list(unique_set)
        return unique_list

[/Entry]

[Entry]:


    def square_list(input_list):
        squared_list = []
        for number in input_list:
            squared_list.append((number * number))
        return squared_list

[/Entry]






At each round of conversation, I will give you
[Environment feedback] (after executing code) ...
[Code from the last round] ...
[Task] ...
[Context] ...
[Critique] ...

You should then respond to me with
Explain (if applicable): Are there any steps missing in your plan? Why does the code not complete the task? What does the chat log and execution error imply?
Plan: How to complete the task step by step. 
Code:
    1) Reuse or reference the above useful programs if necessary.
    2) Your function will be reused for building more complex functions. Therefore, you should make it generic and reusable. 
    3) Functions in the "Code from the last round" section will not be saved or executed. Do not reuse functions listed there.
    4) Anything defined outside a function will be ignored, define all your variables inside your functions.
    5) Do not write infinite loops.
    6) If the task specifies a function name to be used, follow it strictly (be case sensitive!). Else, name your function in a meaningful way (can infer the task from the name).
    7) Your code should only contain elements that solve the task, so DO NOT write any assert statements / tests
    8) The context in the [Context] tag serves as a casual tip (which can be wrong) to help you on the task, but your priority is to follow instructions in the [Task] tag.

You should only respond in the format as described below:
RESPONSE FORMAT:

Explain: ...
Plan:
1) ...
2) ...
3) ...
...
Code:
```python
# helper functions (only if needed, try to avoid them)
...
# main function after the helper functions
def yourMainFunctionName(args):
  # ...

```


INFO - [Task id] 5 [prompt] [Environment feedback]
None

[Code from the last round]
No code in the first round

[Task]
Write a Python function that takes a dictionary and a key, and returns the value associated with the key. If the key does not exist in the dictionary, the function should return 'Key not found.'
You must strictly follow the function name: get_dict_value

[Context]
Rough plan to accomplish the task (can be wrong): 
Answer: To accomplish the task of creating a Python function that retrieves a value from a dictionary based on a given key, you can follow these conceptual steps:

1. **Define the Function**: Start by defining a function that takes two parameters: the dictionary and the key.

2. **Check for Key Existence**: Use an `if` statement to check if the key exists in the dictionary. You can do this using the `in` keyword.

3. **Return the Value or a Message**: If the key exists, return the corresponding value from the dictionary. If the key does not exist, return the string 'Key not found.'

Here is a conceptual outline of the function:

```python
def get_value_from_dict(my_dict, key):
    if key in my_dict:
        return my_dict[key]  # Return the value associated with the key
    else:
        return 'Key not found.'  # Return a message if the key does not exist
```

This function effectively checks for the presence of the key and handles both scenarios (key found and key not found) appropriately.


[Critique]
None


INFO - [Task id] 5 [generation text] Plan:
1) Define the function `get_dict_value` with two parameters: `dictionary` and `key`.
2) Check if the `key` exists in the `dictionary` using the `in` keyword.
3) If the `key` exists, return the value associated with the `key`.
4) If the `key` does not exist, return the string 'Key not found.'.

Code:
```python
def get_dict_value(dictionary, key):
    # Check if the key exists in the dictionary
    if key in dictionary:
        # Return the value associated with the key
        return dictionary[key]
    else:
        # Return 'Key not found.' if the key does not exist
        return 'Key not found.'
```
INFO - program_code:
 

def get_dict_value(dictionary, key):
    if (key in dictionary):
        return dictionary[key]
    else:
        return 'Key not found.'


INFO - program_name:
 get_dict_value

INFO - dependencies:
 []

INFO - raw_msg:
 Plan:
1) Define the function `get_dict_value` with two parameters: `dictionary` and `key`.
2) Check if the `key` exists in the `dictionary` using the `in` keyword.
3) If the `key` exists, return the value associated with the `key`.
4) If the `key` does not exist, return the string 'Key not found.'.

Code:
```python
def get_dict_value(dictionary, key):
    # Check if the key exists in the dictionary
    if key in dictionary:
        # Return the value associated with the key
        return dictionary[key]
    else:
        # Return 'Key not found.' if the key does not exist
        return 'Key not found.'
```

INFO - no_parent:
 True

INFO - full code to be executed: 
 

def get_dict_value(dictionary, key):
    if (key in dictionary):
        return dictionary[key]
    else:
        return 'Key not found.'


INFO - obs: Tests passed:
assert get_dict_value({'a': 1, 'b': 2, 'c': 3}, 'b') == 2
assert get_dict_value({'x': 24, 'y': 25}, 'z') == 'Key not found.'
assert get_dict_value({1: 'one', 2: 'two', 3: 'three'}, 3) == 'three'

Tests failed:
None
reward: True
done: None
info: {'individual_results': (True, True, True)}
INFO - LM call n parse attempt 1 / 5

INFO - [Task id] 5 [prompt] 
You are a Python programming assistant that assesses my progress of Python programming and provides useful guidance.

I will give you the following information:

[Task]: The objective I need to accomplish.
[Context]: The context of the task. Serves as a casual tip (which can be wrong) to help me on the task, but my priority is to follow instructions in the Task tag.
[function impl]: My function implementation that is intended to complete the task
[unit test results]: The results after executing my function implementation on the unit tests

Your first goal is to use these info to evaluate if I have met the task requirements, and explain why. 
It is possible that the unit test results all pass, but the code does not accomplish the task (eg by failing to accomplish the task in scenarios not covered by the unit tests)
It is also possible that the unit tests are wrong in the first place, though the code accomplishes the task and fails the unit test.

If I have not met the task requirements, write a few sentences to explain why the function implementation is wrong as indicated by the tests. 
You will need this as guidance when you try again later.
Only provide the few sentence description in your answer, not the implementation. 
Suggest how the function implementation can be changed, NOT the test cases (assert statements)

You should only respond in JSON format as described below:
The output should be formatted as a JSON instance that conforms to the JSON schema below.

As an example, for the schema {"properties": {"foo": {"title": "Foo", "description": "a list of strings", "type": "array", "items": {"type": "string"}}}, "required": ["foo"]}
the object {"foo": ["bar", "baz"]} is a well-formatted instance of the schema. The object {"properties": {"foo": ["bar", "baz"]}} is not well-formatted.

Here is the output schema:
```
{"description": "Represents the critique of a task attempt, including reasoning, success status, and suggestions for improvement.\n\nAttributes:\n    reasoning (str): Explanation of why the task was succeeded or failed.\n    success (bool): Indicates whether the task requirements were met.\n    critique (str): Suggestions or critique to help improve future task attempts.", "properties": {"reasoning": {"description": "reason why I have succeeded or failed at the task", "title": "Reasoning", "type": "string"}, "success": {"description": "evaluate if I have met the task requirements", "title": "Success", "type": "boolean"}, "critique": {"description": "critique to help me improve", "title": "Critique", "type": "string"}}, "required": ["reasoning", "success", "critique"]}
```

INFO - [Task id] 5 [prompt] 
Here are some examples:

Example 1:
[function impl]:
```python
def longest_subarray_with_sum_limit(nums: List[int], target: int) -> List[int]:
    n = len(nums)
    left, right = 0, 0
    max_length = 0
    current_sum = 0
    result = []
    while right < n:
        current_sum += nums[right]
        while current_sum > target:
            current_sum -= nums[left]
            left += 1
        if right - left + 1 >= max_length:
            max_length = right - left + 1
            result = nums[left:right+1]
        right += 1
    return result
```
[unit test results]:
Tests passing:
assert longest_subarray_with_sum_limit([1, 2, 3, 4, 5], 8) == [1, 2, 3]
assert longest_subarray_with_sum_limit([1, 2, 3, 4, 5], 15) == [1, 2, 3, 4, 5]
assert longest_subarray_with_sum_limit([1, -1, 2, -2, 3, -3], 2) == [1, -1, 2, -2, 3]
assert longest_subarray_with_sum_limit([], 10) == []
assert longest_subarray_with_sum_limit([], 0) == []
assert longest_subarray_with_sum_limit([], -5) == []  
Tests failing:
assert longest_subarray_with_sum_limit([5, 6, 7, 8, 9], 4) == [] # output: [5]

RESPONSE:
{
    "reasoning": "The implementation failed the test case where no subarray fulfills the condition",
    "success": false,
    "critique": "The issue in the implementation is due to the use of >= instead of > in the condition to update the result. Because of this, it returns a subarray even when the sum is greater than the target, as it still updates the result when the current subarray length is equal to the previous longest subarray length. To overcome this error, we should change the condition to only update the result when the current subarray length is strictly greater than the previous longest subarray length. This can be done by replacing >= with > in the condition."
}


Example 2:
[function impl]:
```python
def longest_subarray_with_sum_limit(nums: List[int], target: int) -> List[int]:
    n = len(nums)
    left, right = 0, 0
    max_length = 0
    current_sum = 0
    result = []
    while current_sum + nums[right] <= target:
        current_sum += nums[right]
        right += 1
    while right < n:
        current_sum += nums[right]
        while current_sum > target:
            current_sum -= nums[left]
            left += 1
        if right - left + 1 > max_length:
            max_length = right - left + 1
            result = nums[left:right+1]
        right += 1
    return result
```
[unit test results]:
Tests passing:
assert longest_subarray_with_sum_limit([], 10) == []
assert longest_subarray_with_sum_limit([], 0) == []
assert longest_subarray_with_sum_limit([], -5) == []
Tests failing:
assert longest_subarray_with_sum_limit([1, 2, 3, 4, 5], 8) == [1, 2, 3] # output: list index out of range
assert longest_subarray_with_sum_limit([1, 2, 3, 4, 5], 15) == [1, 2, 3, 4, 5] # output: list index out of range
assert longest_subarray_with_sum_limit([5, 6, 7, 8, 9], 4) == [] # output: list index out of range
assert longest_subarray_with_sum_limit([1, -1, 2, -2, 3, -3], 2) == [1, -1, 2, -2, 3] # output: list index out of range

RESPONSE:
{
    "reason": "The implementation failed 4 out of the 7 test cases due to an IndexError.",
    "success": false,
    "critique": "The issue stems from the while loop while current_sum + nums[right] <= target:, which directly accesses nums[right] without checking if right is within the bounds of the list. This results in a runtime error when right goes beyond the list length. To overcome this error, we need to add a bounds check for the right variable in the mentioned while loop. We can modify the loop condition to while right < len(nums) and current_sum + nums[right] <= target:. This change will ensure that we only access elements within the bounds of the list, thus avoiding the IndexError."
}


END OF EXAMPLES

INFO - [Task id] 5 [prompt] [Task]:
Write a Python function that takes a dictionary and a key, and returns the value associated with the key. If the key does not exist in the dictionary, the function should return 'Key not found.'
[Context]: 
 Rough plan to accomplish the task (can be wrong): 
Answer: To accomplish the task of creating a Python function that retrieves a value from a dictionary based on a given key, you can follow these conceptual steps:

1. **Define the Function**: Start by defining a function that takes two parameters: the dictionary and the key.

2. **Check for Key Existence**: Use an `if` statement to check if the key exists in the dictionary. You can do this using the `in` keyword.

3. **Return the Value or a Message**: If the key exists, return the corresponding value from the dictionary. If the key does not exist, return the string 'Key not found.'

Here is a conceptual outline of the function:

```python
def get_value_from_dict(my_dict, key):
    if key in my_dict:
        return my_dict[key]  # Return the value associated with the key
    else:
        return 'Key not found.'  # Return a message if the key does not exist
```

This function effectively checks for the presence of the key and handles both scenarios (key found and key not found) appropriately.


[function impl]:


def get_dict_value(dictionary, key):
    if (key in dictionary):
        return dictionary[key]
    else:
        return 'Key not found.'

[unit test results]:
Tests passed:
assert get_dict_value({'a': 1, 'b': 2, 'c': 3}, 'b') == 2
assert get_dict_value({'x': 24, 'y': 25}, 'z') == 'Key not found.'
assert get_dict_value({1: 'one', 2: 'two', 3: 'three'}, 3) == 'three'

Tests failed:
None

INFO - [Task id] 5 [generation text] 
INFO - {
    "reasoning": "The function implementation passed all the provided unit tests, which cover both scenarios where the key is present and where the key is absent in the dictionary.",
    "success": true,
    "critique": "The function correctly implements the task requirements. No changes are necessary as it handles both the presence and absence of the key as specified in the task. However, it's important to ensure that the function is tested with a variety of dictionaries and keys to confirm its robustness."
}
INFO - {
    "reasoning": "The function implementation passed all the provided unit tests, which cover both scenarios where the key is present and where the key is absent in the dictionary.",
    "success": true,
    "critique": "The function correctly implements the task requirements. No changes are necessary as it handles both the presence and absence of the key as specified in the task. However, it's important to ensure that the function is tested with a variety of dictionaries and keys to confirm its robustness."
}
INFO - [task_id]: 5 [Result]: True
INFO - LM call n parse attempt 1 / 3

INFO - [Task id] 5 [prompt] 
You are a helpful assistant that writes a description of the given function written in the Python programming language.

1) Do not mention the function name.
2) Do not mention anything about helper functions.
3) There might be some helper functions before the main function, but you only need to describe the main function.
4) Try to summarize the function in no more than 6 sentences.
5) Your response should be a single line of text.

INFO - [Task id] 5 [prompt] 

def get_dict_value(dictionary, key):
    if (key in dictionary):
        return dictionary[key]
    else:
        return 'Key not found.'


The main function is `get_dict_value`.
INFO - [Task id] 5 [generation text] This function retrieves the value associated with a specified key from a given dictionary. If the key exists in the dictionary, it returns the corresponding value. If the key is not found, it returns a message indicating that the key is not present. The function effectively handles both scenarios of key existence. It provides a straightforward way to access dictionary values while also managing potential errors. Overall, it enhances the usability of dictionary lookups in Python.
INFO - Num Completed Tasks: 6, Num Failed Tasks: 0
