INFO - DB skill doc count: 61

INFO - [train iter]: 78/100 

INFO - LM call n parse attempt 1 / 3

INFO - [Task id] 78 [prompt] 
You are a helpful assistant that asks questions to help me decide the next immediate task to do for Python programming.
My ultimate goal is to solve as many diverse problems as possible and become the best programmer in the world.

I will give you the following information:
Completed tasks so far: ...
Failed tasks that are too hard: ...

You must follow the following criteria:
1) You should ask at least 5 questions (but no more than 10 questions) to help me decide the next immediate task to do. Each question should be followed by the concept that the question is about.
2) Your question should be specific to a concept in Python programming.
  Bad example (the question is too general):
    Question: What is the best way to program in Python?
    Concept: unknown
  Good example:
    Question: How do you reverse a list?
    Concept: list
3) Your questions should be self-contained and not require any context.

Respond in JSON, and follow the keys and expected format of the values strictly.


Response format:
The output should be formatted as a JSON instance that conforms to the JSON schema below.

As an example, for the schema {"properties": {"foo": {"title": "Foo", "description": "a list of strings", "type": "array", "items": {"type": "string"}}}, "required": ["foo"]}
the object {"foo": ["bar", "baz"]} is a well-formatted instance of the schema. The object {"properties": {"foo": ["bar", "baz"]}} is not well-formatted.

Here is the output schema:
```
{"$defs": {"QuestionConcept": {"properties": {"question": {"description": "A question related to Python programming, to help me brainstorm the next immediate task to do", "title": "Question", "type": "string"}, "concept": {"description": "The Python programming concept associated with the question above", "title": "Concept", "type": "string"}}, "required": ["question", "concept"], "title": "QuestionConcept", "type": "object"}}, "properties": {"reasoning": {"description": "Reason out, step-by-step, why you picked these questions and concepts", "title": "Reasoning", "type": "string"}, "question_concept_list": {"description": "list of questions and their associated concepts", "items": {"$ref": "#/$defs/QuestionConcept"}, "title": "Question Concept List", "type": "array"}}, "required": ["reasoning", "question_concept_list"]}
```


INFO - [Task id] 78 [prompt] Completed tasks so far (do not give me these tasks again!): 
	Write a Python function that takes a list of integers and returns a list of unique integers from that list.
	Write a Python function that takes a list of integers and returns a dictionary with the integers as keys and their counts as values.
	Write a Python function that takes two lists of integers and returns a list of integers that are present in both lists (the intersection).
	Write a Python function that takes a list of integers and returns a list of integers that are unique (appear only once) in the list.
	Write a Python function that takes a list of integers and returns a list of integers that are duplicates (appear more than once) in the list.
	Write a Python function that takes a list of integers and returns the second largest integer in the list. If the list has fewer than two unique integers, return None.
	Write a Python function that takes a list of integers and returns a new list containing only the even integers from the original list.
	Write a Python function that takes a list of integers and returns a list of integers that are greater than a given threshold value.
	Write a Python function that takes a string and returns the number of vowels in that string.
	Write a Python function that takes a string and returns a set of unique characters in that string.
	Write a Python function that takes a string and returns True if it is a palindrome (reads the same forwards and backwards), and False otherwise.
	Write a Python function that takes a string and returns a new string containing only the digits from the original string.
	Write a Python function that takes a list of strings and returns a new list containing only the strings that have a length greater than a specified threshold.
	Write a Python function that takes a list of strings and returns a new list of those strings sorted by their length in descending order.
	Write a Python function that takes a list of strings and returns a new list containing the lengths of each string in the original list.
	Write a Python function that takes a string and returns a new string with all the vowels removed.
	Write a Python function that takes a string and returns the number of distinct characters in that string.
	Write a Python function that takes two dictionaries and merges them. If there are duplicate keys, the values from the second dictionary should overwrite those from the first.
	Write a Python function that takes a string and returns a new string where each character is repeated twice.
	Write a Python function that takes a list of integers and returns a list of integers that are present in the list but not in a given set of excluded integers.
	Write a Python function that takes a list of integers and returns a new list containing only the integers that are multiples of a given number.
	Write a Python function that takes a tuple of integers and returns a new tuple containing only the even integers from the original tuple.
	Write a Python function that takes a string and returns a dictionary with each character as the key and the number of times it appears in the string as the value.
	Write a Python function that takes a list of integers and returns a dictionary where the keys are the integers from the list and the values are the number of times each integer appears in the list.
	Write a Python function that takes a list of strings and returns a dictionary where the keys are the strings and the values are the lengths of those strings.
	Write a Python function that takes a list of dictionaries, each representing a person with a 'name' and 'age', and returns a dictionary where the keys are the names and the values are the ages of the people.
	Write a Python function that takes a dictionary and a threshold value, and returns a new dictionary containing only the items where the value exceeds the threshold.
	Write a Python function that takes a list of tuples, where each tuple contains a key-value pair, and returns a dictionary constructed from those tuples.
	Write a Python function that takes a string and returns a list of all the unique characters in that string, preserving their order of first appearance.
	Write a Python function that takes two strings and returns True if they are anagrams of each other (contain the same characters in a different order), and False otherwise.
	Write a Python function that takes a list of integers and returns a set containing the squares of those integers.
	Write a Python function that takes two sets and returns their union (all unique elements from both sets).
	Write a Python function that takes a list of integers and returns a new list containing only the integers that are prime numbers.
	Write a Python function that takes a list of integers and returns a list of integers that are the Fibonacci numbers present in the list.
	Write a Python function that takes a string and returns a dictionary with each character as the key and the number of times it appears in the string as the value, but only for characters that appear more than once.
	Write a Python function that takes a string and returns a new string with all the words reversed but the order of the words preserved.
	Write a Python function that takes two lists of integers and returns True if the first list is a subset of the second list, and False otherwise.
	Write a Python function that takes a list of integers and returns a dictionary where the keys are the integers from the list and the values are the squares of those integers.
	Write a Python function that takes a list of integers and returns a list of integers that are not present in a given list of excluded integers.
	Write a Python function that takes a list of integers and returns a list of integers that are the unique elements in the list (appear only once) but sorted in ascending order.
	Write a Python function that takes a list of integers and returns a list of all possible combinations of those integers (the order of integers in combinations does not matter).
	Write a Python function that takes a string and returns a new string where each word is reversed but the order of the words is preserved.
	Write a Python function that takes a list of tuples, where each tuple contains a name and an age, and returns a dictionary where the keys are the names and the values are the ages of the people.
	Write a Python function that takes a list of integers and returns a new list containing only the integers that are odd.
	Write a Python function that takes a string and returns a new string containing only the uppercase letters from the original string.
	Write a Python function that takes a list of strings and returns the longest string in the list. If there are multiple strings of the same maximum length, return the first one encountered. If the list is empty, return None.
	Write a Python function that takes a list of integers and returns a new list containing only the integers that are less than a specified threshold value.
	Write a Python function that takes a list of integers and returns the maximum integer in the list. If the list is empty, return None.
	Write a Python function that takes a string and returns a list of all the unique characters in that string, sorted in alphabetical order.
	Write a Python function that takes a list of integers and returns a new list containing only the integers that are multiples of a specified number.
	Write a Python function that takes a string and returns a new string with all the vowels removed, while preserving the order of the remaining characters.
	Write a Python function that takes a list of integers and returns a new list containing only the prime numbers from the original list.
	Write a Python function that takes a string and returns a new string with all the digits removed.
	Write a Python function that takes a string and returns a new string where every second character is removed.
	Write a Python function that takes a string and returns a new string containing only the consonants from the original string, preserving their order.
	Write a Python function that takes a list of integers and returns a new list containing only the integers that are perfect squares.
	Write a Python function that takes a list of integers and returns a list of all possible pairs of integers from that list. Each pair should be represented as a tuple, and the order of the pairs does not matter.
	Write a Python function that takes a string and returns a new string where each word is capitalized (the first letter of each word is uppercase and the rest are lowercase).
	Write a Python function that takes a string and returns a dictionary with each character as the key and the number of times it appears in the string as the value, ignoring case.
	Write a Python function that takes a string containing parentheses and returns True if the parentheses are balanced (every opening parenthesis has a corresponding closing parenthesis), and False otherwise.
	Write a Python function that takes a list of integers and returns a set containing only the integers that are odd.

Failed tasks that are too hard: 
	Write a Python function that takes a dictionary and returns a new dictionary with the keys and values swapped. If there are duplicate values, keep only one of the keys.
	Write a Python function that takes a dictionary and returns a new dictionary containing only the items where the value is greater than a specified threshold.
	Write a Python function that takes a string and returns a new string with all the consonants removed.
	Write a Python function that takes a string and returns a dictionary with each character as the key and the number of times it appears in the string as the value, but only for characters that are vowels (a, e, i, o, u).
	Write a Python function that takes a string and returns a dictionary with each vowel as the key and the number of times it appears in the string as the value.
	Write a Python function that takes a string and returns a dictionary with each vowel as the key and the number of times it appears in the string as the value.
	Write a Python function that takes a string and returns a dictionary with each vowel as the key and the number of times it appears in the string as the value, while ignoring case.
	Write a Python function that takes a string and returns a dictionary with each vowel as the key and the number of times it appears in the string as the value, while ignoring case.
	Write a Python function that takes a string and returns a dictionary with each consonant as the key and the number of times it appears in the string as the value, while ignoring case.
	Write a Python function that takes a string and returns a dictionary with each vowel as the key and the number of times it appears in the string as the value, while ignoring case.
	Write a Python function that takes a string and returns a new string with all the consonants removed, preserving the order of the vowels and non-alphabetic characters.
	Write a Python function that takes a string and returns a dictionary with each vowel as the key and the number of times it appears in the string as the value, while ignoring case.
	Write a Python function that takes a string and returns a dictionary with each vowel as the key and the number of times it appears in the string as the value, while ignoring case.
	Write a Python function that takes a string and returns a dictionary with each vowel as the key and the number of times it appears in the string as the value, while ignoring case.
	Write a Python function that takes a string and returns a dictionary with each consonant as the key and the number of times it appears in the string as the value, while ignoring case.


INFO - [Task id] 78 [generation text] 
INFO - {
    "reasoning": "The questions selected cover a variety of Python programming concepts, including data structures (lists, dictionaries, strings, sets), algorithms (sorting, filtering, searching), and string manipulation. This diversity will help in exploring different areas of Python programming and enhance problem-solving skills.",
    "question_concept_list": [
        {
            "question": "How do you find the longest substring without repeating characters in a string?",
            "concept": "string manipulation"
        },
        {
            "question": "How can you implement a function to check if a number is a perfect number?",
            "concept": "mathematics"
        },
        {
            "question": "What is the best way to flatten a nested list in Python?",
            "concept": "list"
        },
        {
            "question": "How do you implement a binary search algorithm in Python?",
            "concept": "algorithm"
        },
        {
            "question": "How can you create a class in Python that represents a stack data structure?",
            "concept": "object-oriented programming"
        }
    ]
}
INFO - {
    "reasoning": "The questions selected cover a variety of Python programming concepts, including data structures (lists, dictionaries, strings, sets), algorithms (sorting, filtering, searching), and string manipulation. This diversity will help in exploring different areas of Python programming and enhance problem-solving skills.",
    "question_concept_list": [
        {
            "question": "How do you find the longest substring without repeating characters in a string?",
            "concept": "string manipulation"
        },
        {
            "question": "How can you implement a function to check if a number is a perfect number?",
            "concept": "mathematics"
        },
        {
            "question": "What is the best way to flatten a nested list in Python?",
            "concept": "list"
        },
        {
            "question": "How do you implement a binary search algorithm in Python?",
            "concept": "algorithm"
        },
        {
            "question": "How can you create a class in Python that represents a stack data structure?",
            "concept": "object-oriented programming"
        }
    ]
}
INFO - LM call n parse attempt 1 / 3

INFO - [Task id] 78 [prompt] 
You are a helpful assistant that answer my question about Python programming.

I will give you the following information:
Question: ...

You will answer the question based on the context (only if available and helpful) and your own knowledge of Python programming.
1) Start your answer with "Answer: ".
2) Answer "Answer: Unknown" if you don't know the answer.

INFO - [Task id] 78 [prompt] Question: How can you implement a function to check if a number is a perfect number?
INFO - [Task id] 78 [generation text] Answer: A perfect number is a positive integer that is equal to the sum of its proper divisors (excluding itself). To implement a function in Python to check if a number is a perfect number, you can follow these steps:

1. Find all the proper divisors of the number.
2. Sum the proper divisors.
3. Compare the sum to the original number.

Here is a sample implementation:

```python
def is_perfect_number(n):
    if n <= 1:
        return False
    
    # Find the proper divisors
    divisors_sum = 0
    for i in range(1, n // 2 + 1):
        if n % i == 0:
            divisors_sum += i
            
    # Check if the sum of divisors equals the number
    return divisors_sum == n

# Example usage
number = 28
if is_perfect_number(number):
    print(f"{number} is a perfect number.")
else:
    print(f"{number} is not a perfect number.")
```

In this example, the function `is_perfect_number` checks if the input number `n` is a perfect number by summing its proper divisors and comparing the sum to `n`.
INFO - LM call n parse attempt 1 / 3

INFO - [Task id] 78 [prompt] 
You are a helpful assistant that answer my question about Python programming.

I will give you the following information:
Question: ...

You will answer the question based on the context (only if available and helpful) and your own knowledge of Python programming.
1) Start your answer with "Answer: ".
2) Answer "Answer: Unknown" if you don't know the answer.

INFO - [Task id] 78 [prompt] Question: What is the best way to flatten a nested list in Python?
INFO - [Task id] 78 [generation text] Answer: One of the best ways to flatten a nested list in Python is to use a recursive function. However, if you prefer a more concise approach, you can use list comprehensions or the `itertools.chain` method. Here are a few examples:

1. **Using a recursive function**:
   ```python
   def flatten(nested_list):
       flat_list = []
       for item in nested_list:
           if isinstance(item, list):
               flat_list.extend(flatten(item))
           else:
               flat_list.append(item)
       return flat_list
   ```

2. **Using list comprehension**:
   ```python
   def flatten(nested_list):
       return [item for sublist in nested_list for item in (flatten(sublist) if isinstance(sublist, list) else [sublist])]
   ```

3. **Using `itertools.chain`**:
   ```python
   import itertools

   def flatten(nested_list):
       return list(itertools.chain.from_iterable(nested_list))
   ```

4. **Using `numpy` (if the nested list is uniform)**:
   ```python
   import numpy as np

   def flatten(nested_list):
       return np.array(nested_list).flatten().tolist()
   ```

Choose the method that best fits your needs based on the structure of your nested list and your preference for readability or performance.
INFO - LM call n parse attempt 1 / 5

INFO - [Task id] 78 [prompt] 
You are a helpful assistant that tells me the next immediate task (in the form of a function) to do for Python programming. 
My ultimate goal is to solve as many diverse problems as possible and become the best programmer in the world.

I will give you the following information:
Question 1: ...
Answer: ...
Question 2: ...
Answer: ...
Question 3: ...
Answer: ...
...
Completed tasks so far: ...
Failed tasks that are too hard: ...

You must follow the following criteria:
1) You should act as a mentor and guide me to the next task based on my current learning progress. As a rule of thumb, guide me through beginner problems, followed by interview level problems, followed by competitive programming problems. The latter 2 levels can involve concepts from data structures and algorithms.
2) Please be very specific about what skills I need to learn.
3) Do not propose multiple tasks at the same time. Do not mention anything else.
4) The next task should not be too hard since I may not have learned enough skills to complete it yet.
5) The next task should be novel and interesting. I should look for problems which I have not solved yet. I should not be doing the same thing over and over again.
6) The task should involve writing a main Python function that at most use basic libraries (try not to import too many or too advanced modules)
7) Do not give tasks that require file operations (create, read, update, delete) or an internet connection.
8) I am only allowed to write Python functions, so do not require me to write other things (e.g. objects). 
9) Requiring me to write a function that takes in an object and uses object methods is still ok, but I cannot define the objects myself. You must provide the objects as input to my function in the assert statement.

Take note of these in your response:
1) Give an expected function name for the task.
2) Give a tuple of 3 assert statements that tests the function's correctness in the "test_tuple" field. This must strictly contain single-line assert statements only; any setup code for the test must be filled in the "test_setup_code" field.
3) The function name which you gave must be called in the assert statements. 

Respond in JSON, and follow the keys and expected format of the values strictly.


Response format:
The output should be formatted as a JSON instance that conforms to the JSON schema below.

As an example, for the schema {"properties": {"foo": {"title": "Foo", "description": "a list of strings", "type": "array", "items": {"type": "string"}}}, "required": ["foo"]}
the object {"foo": ["bar", "baz"]} is a well-formatted instance of the schema. The object {"properties": {"foo": ["bar", "baz"]}} is not well-formatted.

Here is the output schema:
```
{"properties": {"reasoning": {"description": "Based on the information listed above, reason about what the next task should be.", "title": "Reasoning", "type": "string"}, "task": {"description": "The next task, which requires me to write a single function. Be sure to state the expected data structure for inputs and outputs.", "title": "Task", "type": "string"}, "gt_fn_name": {"description": "The expected name for the single function for the task", "title": "Gt Fn Name", "type": "string"}, "test_setup_code": {"description": "setup code, if required. This will be run just before the assert statements are executed.", "title": "Test Setup Code", "type": "string"}, "test_tuple": {"description": "Tuple of 3 SINGLE-LINE test cases that starts with 'assert' to test the function's correctness.Any extra required code should be written in the test_setup_code field.", "items": {"type": "string"}, "maxItems": 3, "minItems": 3, "prefixItems": [{"type": "string"}, {"type": "string"}, {"type": "string"}], "title": "Test Tuple", "type": "array"}}, "required": ["reasoning", "task", "gt_fn_name", "test_setup_code", "test_tuple"]}
```


INFO - [Task id] 78 [prompt] 
Here's an example response:
{
    "reasoning": "The student has shown proficiency in basic Python syntax and list manipulation, but struggles with problems involving more complex algorithms and data structures. This task will help them practice using sets or dictionaries for efficient lookups, and understand the concept of algorithmic complexity.",
    "task": "Write a Python function that takes a list of integers and returns the tuple of two numbers that sum up to zero. If no such pair exists, return None.",
    "gt_fn_name": "find_zero_sum",
    "test_setup_code": "",
    "test_tuple": [
        "assert find_zero_sum([1, 2, 3, -2, -1]) == (2, -2)",
        "assert find_zero_sum([1, 2, 3, 4, 5]) == None",
        "assert find_zero_sum([1, 4, 3, -4, -1]) == (4, -4)"
    ]
}

INFO - [Task id] 78 [prompt] Question 1: How do you find the longest substring without repeating characters in a string?
Answer: To find the longest substring without repeating characters in a string, you can use a sliding window approach with a hash set to keep track of the characters in the current substring. Here’s a sample implementation in Python:

```python
def longest_substring_without_repeating(s: str) -> str:
    char_set = set()
    left = 0
    longest = ""
    
    for right in range(len(s)):
        while s[right] in char_set:
            char_set.remove(s[left])
            left += 1
        char_set.add(s[right])
        if right - left + 1 > len(longest):
            longest = s[left:right + 1]
    
    return longest

# Example usage:
input_string = "abcabcbb"
result = longest_substring_without_repeating(input_string)
print(result)  # Output: "abc"
```

In this code:
- We maintain a set `char_set` to store the characters in the current substring.
- We use two pointers, `left` and `right`, to represent the current substring's bounds.
- As we iterate through the string with the `right` pointer, we check if the character is already in the set. If it is, we move the `left` pointer to the right until we can add the new character without duplicates.
- We update the longest substring whenever we find a longer valid substring.

This approach runs in O(n) time complexity, where n is the length of the string.

Question 2: How can you implement a function to check if a number is a perfect number?
Answer: A perfect number is a positive integer that is equal to the sum of its proper divisors (excluding itself). To implement a function in Python to check if a number is a perfect number, you can follow these steps:

1. Find all the proper divisors of the number.
2. Sum the proper divisors.
3. Compare the sum to the original number.

Here is a sample implementation:

```python
def is_perfect_number(n):
    if n <= 1:
        return False
    
    # Find the proper divisors
    divisors_sum = 0
    for i in range(1, n // 2 + 1):
        if n % i == 0:
            divisors_sum += i
            
    # Check if the sum of divisors equals the number
    return divisors_sum == n

# Example usage
number = 28
if is_perfect_number(number):
    print(f"{number} is a perfect number.")
else:
    print(f"{number} is not a perfect number.")
```

In this example, the function `is_perfect_number` checks if the input number `n` is a perfect number by summing its proper divisors and comparing the sum to `n`.

Question 3: What is the best way to flatten a nested list in Python?
Answer: One of the best ways to flatten a nested list in Python is to use a recursive function. However, if you prefer a more concise approach, you can use list comprehensions or the `itertools.chain` method. Here are a few examples:

1. **Using a recursive function**:
   ```python
   def flatten(nested_list):
       flat_list = []
       for item in nested_list:
           if isinstance(item, list):
               flat_list.extend(flatten(item))
           else:
               flat_list.append(item)
       return flat_list
   ```

2. **Using list comprehension**:
   ```python
   def flatten(nested_list):
       return [item for sublist in nested_list for item in (flatten(sublist) if isinstance(sublist, list) else [sublist])]
   ```

3. **Using `itertools.chain`**:
   ```python
   import itertools

   def flatten(nested_list):
       return list(itertools.chain.from_iterable(nested_list))
   ```

4. **Using `numpy` (if the nested list is uniform)**:
   ```python
   import numpy as np

   def flatten(nested_list):
       return np.array(nested_list).flatten().tolist()
   ```

Choose the method that best fits your needs based on the structure of your nested list and your preference for readability or performance.

Question 4: What is the best way to implement a binary search algorithm in Python?
Answer: The best way to implement a binary search algorithm in Python is to use a recursive or iterative approach. Below are examples of both methods.

### Iterative Approach

```python
def binary_search_iterative(arr, target):
    left, right = 0, len(arr) - 1
    
    while left <= right:
        mid = left + (right - left) // 2  # To prevent overflow
        
        if arr[mid] == target:
            return mid  # Target found
        elif arr[mid] < target:
            left = mid + 1  # Search in the right half
        else:
            right = mid - 1  # Search in the left half
            
    return -1  # Target not found
```

### Recursive Approach

```python
def binary_search_recursive(arr, target, left, right):
    if left > right:
        return -1  # Target not found
    
    mid = left + (right - left) // 2  # To prevent overflow
    
    if arr[mid] == target:
        return mid  # Target found
    elif arr[mid] < target:
        return binary_search_recursive(arr, target, mid + 1, right)  # Search in the right half
    else:
        return binary_search_recursive(arr, target, left, mid - 1)  # Search in the left half

# To use the recursive function, call it like this:
# result = binary_search_recursive(arr, target, 0, len(arr) - 1)
```

### Notes:
- Ensure that the input array is sorted before performing binary search.
- The iterative approach is generally more space-efficient than the recursive approach, as it does not use additional stack space for recursive calls.

Question 5: How can you create a class in Python that represents a stack data structure?
Answer: To create a class in Python that represents a stack data structure, you can define a class with methods to push items onto the stack, pop items off the stack, and check if the stack is empty. Here is a simple implementation:

```python
class Stack:
    def __init__(self):
        self.items = []

    def is_empty(self):
        return len(self.items) == 0

    def push(self, item):
        self.items.append(item)

    def pop(self):
        if not self.is_empty():
            return self.items.pop()
        else:
            raise IndexError("pop from empty stack")

    def peek(self):
        if not self.is_empty():
            return self.items[-1]
        else:
            raise IndexError("peek from empty stack")

    def size(self):
        return len(self.items)

# Example usage:
stack = Stack()
stack.push(1)
stack.push(2)
print(stack.pop())  # Output: 2
print(stack.peek())  # Output: 1
print(stack.size())  # Output: 1
```

In this implementation:
- The `__init__` method initializes an empty list to hold the stack items.
- The `is_empty` method checks if the stack is empty.
- The `push` method adds an item to the top of the stack.
- The `pop` method removes and returns the top item from the stack, raising an error if the stack is empty.
- The `peek` method returns the top item without removing it, also raising an error if the stack is empty.
- The `size` method returns the number of items in the stack.

Completed tasks so far (do not give me these tasks again!): 
	Write a Python function that takes a list of integers and returns a list of unique integers from that list.
	Write a Python function that takes a list of integers and returns a dictionary with the integers as keys and their counts as values.
	Write a Python function that takes two lists of integers and returns a list of integers that are present in both lists (the intersection).
	Write a Python function that takes a list of integers and returns a list of integers that are unique (appear only once) in the list.
	Write a Python function that takes a list of integers and returns a list of integers that are duplicates (appear more than once) in the list.
	Write a Python function that takes a list of integers and returns the second largest integer in the list. If the list has fewer than two unique integers, return None.
	Write a Python function that takes a list of integers and returns a new list containing only the even integers from the original list.
	Write a Python function that takes a list of integers and returns a list of integers that are greater than a given threshold value.
	Write a Python function that takes a string and returns the number of vowels in that string.
	Write a Python function that takes a string and returns a set of unique characters in that string.
	Write a Python function that takes a string and returns True if it is a palindrome (reads the same forwards and backwards), and False otherwise.
	Write a Python function that takes a string and returns a new string containing only the digits from the original string.
	Write a Python function that takes a list of strings and returns a new list containing only the strings that have a length greater than a specified threshold.
	Write a Python function that takes a list of strings and returns a new list of those strings sorted by their length in descending order.
	Write a Python function that takes a list of strings and returns a new list containing the lengths of each string in the original list.
	Write a Python function that takes a string and returns a new string with all the vowels removed.
	Write a Python function that takes a string and returns the number of distinct characters in that string.
	Write a Python function that takes two dictionaries and merges them. If there are duplicate keys, the values from the second dictionary should overwrite those from the first.
	Write a Python function that takes a string and returns a new string where each character is repeated twice.
	Write a Python function that takes a list of integers and returns a list of integers that are present in the list but not in a given set of excluded integers.
	Write a Python function that takes a list of integers and returns a new list containing only the integers that are multiples of a given number.
	Write a Python function that takes a tuple of integers and returns a new tuple containing only the even integers from the original tuple.
	Write a Python function that takes a string and returns a dictionary with each character as the key and the number of times it appears in the string as the value.
	Write a Python function that takes a list of integers and returns a dictionary where the keys are the integers from the list and the values are the number of times each integer appears in the list.
	Write a Python function that takes a list of strings and returns a dictionary where the keys are the strings and the values are the lengths of those strings.
	Write a Python function that takes a list of dictionaries, each representing a person with a 'name' and 'age', and returns a dictionary where the keys are the names and the values are the ages of the people.
	Write a Python function that takes a dictionary and a threshold value, and returns a new dictionary containing only the items where the value exceeds the threshold.
	Write a Python function that takes a list of tuples, where each tuple contains a key-value pair, and returns a dictionary constructed from those tuples.
	Write a Python function that takes a string and returns a list of all the unique characters in that string, preserving their order of first appearance.
	Write a Python function that takes two strings and returns True if they are anagrams of each other (contain the same characters in a different order), and False otherwise.
	Write a Python function that takes a list of integers and returns a set containing the squares of those integers.
	Write a Python function that takes two sets and returns their union (all unique elements from both sets).
	Write a Python function that takes a list of integers and returns a new list containing only the integers that are prime numbers.
	Write a Python function that takes a list of integers and returns a list of integers that are the Fibonacci numbers present in the list.
	Write a Python function that takes a string and returns a dictionary with each character as the key and the number of times it appears in the string as the value, but only for characters that appear more than once.
	Write a Python function that takes a string and returns a new string with all the words reversed but the order of the words preserved.
	Write a Python function that takes two lists of integers and returns True if the first list is a subset of the second list, and False otherwise.
	Write a Python function that takes a list of integers and returns a dictionary where the keys are the integers from the list and the values are the squares of those integers.
	Write a Python function that takes a list of integers and returns a list of integers that are not present in a given list of excluded integers.
	Write a Python function that takes a list of integers and returns a list of integers that are the unique elements in the list (appear only once) but sorted in ascending order.
	Write a Python function that takes a list of integers and returns a list of all possible combinations of those integers (the order of integers in combinations does not matter).
	Write a Python function that takes a string and returns a new string where each word is reversed but the order of the words is preserved.
	Write a Python function that takes a list of tuples, where each tuple contains a name and an age, and returns a dictionary where the keys are the names and the values are the ages of the people.
	Write a Python function that takes a list of integers and returns a new list containing only the integers that are odd.
	Write a Python function that takes a string and returns a new string containing only the uppercase letters from the original string.
	Write a Python function that takes a list of strings and returns the longest string in the list. If there are multiple strings of the same maximum length, return the first one encountered. If the list is empty, return None.
	Write a Python function that takes a list of integers and returns a new list containing only the integers that are less than a specified threshold value.
	Write a Python function that takes a list of integers and returns the maximum integer in the list. If the list is empty, return None.
	Write a Python function that takes a string and returns a list of all the unique characters in that string, sorted in alphabetical order.
	Write a Python function that takes a list of integers and returns a new list containing only the integers that are multiples of a specified number.
	Write a Python function that takes a string and returns a new string with all the vowels removed, while preserving the order of the remaining characters.
	Write a Python function that takes a list of integers and returns a new list containing only the prime numbers from the original list.
	Write a Python function that takes a string and returns a new string with all the digits removed.
	Write a Python function that takes a string and returns a new string where every second character is removed.
	Write a Python function that takes a string and returns a new string containing only the consonants from the original string, preserving their order.
	Write a Python function that takes a list of integers and returns a new list containing only the integers that are perfect squares.
	Write a Python function that takes a list of integers and returns a list of all possible pairs of integers from that list. Each pair should be represented as a tuple, and the order of the pairs does not matter.
	Write a Python function that takes a string and returns a new string where each word is capitalized (the first letter of each word is uppercase and the rest are lowercase).
	Write a Python function that takes a string and returns a dictionary with each character as the key and the number of times it appears in the string as the value, ignoring case.
	Write a Python function that takes a string containing parentheses and returns True if the parentheses are balanced (every opening parenthesis has a corresponding closing parenthesis), and False otherwise.
	Write a Python function that takes a list of integers and returns a set containing only the integers that are odd.

Failed tasks that are too hard: 
	Write a Python function that takes a dictionary and returns a new dictionary with the keys and values swapped. If there are duplicate values, keep only one of the keys.
	Write a Python function that takes a dictionary and returns a new dictionary containing only the items where the value is greater than a specified threshold.
	Write a Python function that takes a string and returns a new string with all the consonants removed.
	Write a Python function that takes a string and returns a dictionary with each character as the key and the number of times it appears in the string as the value, but only for characters that are vowels (a, e, i, o, u).
	Write a Python function that takes a string and returns a dictionary with each vowel as the key and the number of times it appears in the string as the value.
	Write a Python function that takes a string and returns a dictionary with each vowel as the key and the number of times it appears in the string as the value.
	Write a Python function that takes a string and returns a dictionary with each vowel as the key and the number of times it appears in the string as the value, while ignoring case.
	Write a Python function that takes a string and returns a dictionary with each vowel as the key and the number of times it appears in the string as the value, while ignoring case.
	Write a Python function that takes a string and returns a dictionary with each consonant as the key and the number of times it appears in the string as the value, while ignoring case.
	Write a Python function that takes a string and returns a dictionary with each vowel as the key and the number of times it appears in the string as the value, while ignoring case.
	Write a Python function that takes a string and returns a new string with all the consonants removed, preserving the order of the vowels and non-alphabetic characters.
	Write a Python function that takes a string and returns a dictionary with each vowel as the key and the number of times it appears in the string as the value, while ignoring case.
	Write a Python function that takes a string and returns a dictionary with each vowel as the key and the number of times it appears in the string as the value, while ignoring case.
	Write a Python function that takes a string and returns a dictionary with each vowel as the key and the number of times it appears in the string as the value, while ignoring case.
	Write a Python function that takes a string and returns a dictionary with each consonant as the key and the number of times it appears in the string as the value, while ignoring case.


INFO - [Task id] 78 [generation text] 
INFO - {
    "reasoning": "The student has demonstrated a good understanding of basic Python functions and data structures. The next task should involve a slightly more complex problem that requires the use of lists and sets, but remains manageable. This task will help them practice their skills in manipulating lists and understanding the concept of subsets, which is a fundamental aspect of programming.",
    "task": "Write a Python function that takes a list of integers and returns a new list containing only the integers that are not present in a given set of excluded integers.",
    "gt_fn_name": "exclude_integers",
    "test_setup_code": "excluded_set = {2, 4, 6}",
    "test_tuple": [
        "assert exclude_integers([1, 2, 3, 4, 5, 6], excluded_set) == [1, 3, 5]",
        "assert exclude_integers([10, 20, 30, 40], excluded_set) == [10, 20, 30, 40]",
        "assert exclude_integers([2, 4, 6], excluded_set) == []"
    ]
}
INFO - {
    "reasoning": "The student has demonstrated a good understanding of basic Python functions and data structures. The next task should involve a slightly more complex problem that requires the use of lists and sets, but remains manageable. This task will help them practice their skills in manipulating lists and understanding the concept of subsets, which is a fundamental aspect of programming.",
    "task": "Write a Python function that takes a list of integers and returns a new list containing only the integers that are not present in a given set of excluded integers.",
    "gt_fn_name": "exclude_integers",
    "test_setup_code": "excluded_set = {2, 4, 6}",
    "test_tuple": [
        "assert exclude_integers([1, 2, 3, 4, 5, 6], excluded_set) == [1, 3, 5]",
        "assert exclude_integers([10, 20, 30, 40], excluded_set) == [10, 20, 30, 40]",
        "assert exclude_integers([2, 4, 6], excluded_set) == []"
    ]
}
INFO - The task prompt is Write a Python function that takes a list of integers and returns a new list containing only the integers that are not present in a given set of excluded integers.
You must strictly follow the function name: exclude_integers

INFO - LM call n parse attempt 1 / 3

INFO - [Task id] 78 [prompt] 
You are a helpful assistant that answer my question about Python programming.

I will give you the following information:
Question: ...

You will answer the question based on the context (only if available and helpful) and your own knowledge of Python programming.
1) Start your answer with "Answer: ".
2) Answer "Answer: Unknown" if you don't know the answer.

INFO - [Task id] 78 [prompt] Question: Explain at a conceptual level, how to accomplish the below task in Python programming?
Write a Python function that takes a list of integers and returns a new list containing only the integers that are not present in a given set of excluded integers.
INFO - [Task id] 78 [generation text] Answer: To accomplish the task of filtering a list of integers based on a set of excluded integers in Python, you can follow these conceptual steps:

1. **Define the Function**: Start by defining a function that takes two parameters: the list of integers and the set of excluded integers.

2. **Iterate Through the List**: Use a loop or a list comprehension to iterate through each integer in the provided list.

3. **Check for Exclusion**: For each integer, check if it is not present in the set of excluded integers. This can be efficiently done using the `not in` operator, as checking membership in a set is generally faster than in a list.

4. **Build the New List**: If an integer is not in the excluded set, add it to a new list.

5. **Return the New List**: Finally, return the new list that contains only the integers that are not excluded.

Here is a simple example of how this could be implemented in code:

```python
def filter_excluded_integers(int_list, excluded_set):
    return [num for num in int_list if num not in excluded_set]
```

In this example, `filter_excluded_integers` takes a list of integers (`int_list`) and a set of excluded integers (`excluded_set`), and returns a new list containing only those integers that are not in the excluded set.
INFO - Attempting task_id 78
INFO - [35m Rollout attempt 1/4[0m
INFO - [33m Retrieving 5 entries for db: skill 
 [0m
INFO - [33m filter_excluded_numbers, filter_excluded_integers, filter_less_than_threshold, filter_odd_integers, filter_prime_numbers[0m
INFO - LM call n parse attempt 1 / 3

INFO - [Task id] 78 [prompt] You are a helpful assistant that writes python code to solve a task specified by me.

Here are some useful functions written earlier which you can reuse or reference.


[Entry]:


    def filter_excluded_numbers(int_list, excluded_set):
        return [num for num in int_list if (num not in excluded_set)]

[/Entry]

[Entry]:


    def filter_excluded_integers(integers, excluded):
        excluded_set = set(excluded)
        return [num for num in integers if (num not in excluded_set)]

[/Entry]

[Entry]:


    def filter_less_than_threshold(int_list, threshold):
        return [num for num in int_list if (num < threshold)]

[/Entry]

[Entry]:


    def filter_odd_integers(input_list):
        odd_integers = []
        for number in input_list:
            if ((number % 2) != 0):
                odd_integers.append(number)
        return odd_integers

[/Entry]

[Entry]:


    def filter_prime_numbers(int_list):

        def is_prime(n):
            if (n < 2):
                return False
            for i in range(2, (int((n ** 0.5)) + 1)):
                if ((n % i) == 0):
                    return False
            return True
        primes = []
        for number in int_list:
            if is_prime(number):
                primes.append(number)
        return primes

[/Entry]






At each round of conversation, I will give you
[Environment feedback] (after executing code) ...
[Code from the last round] ...
[Task] ...
[Context] ...
[Critique] ...

You should then respond to me with
Explain (if applicable): Are there any steps missing in your plan? Why does the code not complete the task? What does the chat log and execution error imply?
Plan: How to complete the task step by step. 
Code:
    1) Reuse or reference the above useful programs if necessary.
    2) Your function will be reused for building more complex functions. Therefore, you should make it generic and reusable. 
    3) Functions in the "Code from the last round" section will not be saved or executed. Do not reuse functions listed there.
    4) Anything defined outside a function will be ignored, define all your variables inside your functions.
    5) Do not write infinite loops.
    6) If the task specifies a function name to be used, follow it strictly (be case sensitive!). Else, name your function in a meaningful way (can infer the task from the name).
    7) Your code should only contain elements that solve the task, so DO NOT write any assert statements / tests
    8) The context in the [Context] tag serves as a casual tip (which can be wrong) to help you on the task, but your priority is to follow instructions in the [Task] tag.

You should only respond in the format as described below:
RESPONSE FORMAT:

Explain: ...
Plan:
1) ...
2) ...
3) ...
...
Code:
```python
# helper functions (only if needed, try to avoid them)
...
# main function after the helper functions
def yourMainFunctionName(args):
  # ...

```


INFO - [Task id] 78 [prompt] [Environment feedback]
None

[Code from the last round]
No code in the first round

[Task]
Write a Python function that takes a list of integers and returns a new list containing only the integers that are not present in a given set of excluded integers.
You must strictly follow the function name: exclude_integers

[Context]
Rough plan to accomplish the task (can be wrong): 
Answer: To accomplish the task of filtering a list of integers based on a set of excluded integers in Python, you can follow these conceptual steps:

1. **Define the Function**: Start by defining a function that takes two parameters: the list of integers and the set of excluded integers.

2. **Iterate Through the List**: Use a loop or a list comprehension to iterate through each integer in the provided list.

3. **Check for Exclusion**: For each integer, check if it is not present in the set of excluded integers. This can be efficiently done using the `not in` operator, as checking membership in a set is generally faster than in a list.

4. **Build the New List**: If an integer is not in the excluded set, add it to a new list.

5. **Return the New List**: Finally, return the new list that contains only the integers that are not excluded.

Here is a simple example of how this could be implemented in code:

```python
def filter_excluded_integers(int_list, excluded_set):
    return [num for num in int_list if num not in excluded_set]
```

In this example, `filter_excluded_integers` takes a list of integers (`int_list`) and a set of excluded integers (`excluded_set`), and returns a new list containing only those integers that are not in the excluded set.


[Critique]
None


INFO - [Task id] 78 [generation text] Explain: The rough plan provided in the context is mostly correct and outlines the necessary steps to accomplish the task. However, it does not explicitly mention the use of the helper function `filter_excluded_numbers` or `filter_excluded_integers`, which can be reused to simplify the implementation. The task requires the function to be named `exclude_integers`, which is also noted.

Plan:
1) Define the function `exclude_integers` that takes two parameters: a list of integers and a set of excluded integers.
2) Use the existing helper function `filter_excluded_numbers` to filter out the excluded integers from the list.
3) Return the filtered list.

Code:
```python
# helper functions (only if needed, try to avoid them)
def filter_excluded_numbers(int_list, excluded_set):
    return [num for num in int_list if (num not in excluded_set)]

# main function after the helper functions
def exclude_integers(int_list, excluded_set):
    return filter_excluded_numbers(int_list, excluded_set)
```
INFO - program_code:
 

def filter_excluded_numbers(int_list, excluded_set):
    return [num for num in int_list if (num not in excluded_set)]




def exclude_integers(int_list, excluded_set):
    return filter_excluded_numbers(int_list, excluded_set)


INFO - program_name:
 exclude_integers

INFO - dependencies:
 []

INFO - raw_msg:
 Explain: The rough plan provided in the context is mostly correct and outlines the necessary steps to accomplish the task. However, it does not explicitly mention the use of the helper function `filter_excluded_numbers` or `filter_excluded_integers`, which can be reused to simplify the implementation. The task requires the function to be named `exclude_integers`, which is also noted.

Plan:
1) Define the function `exclude_integers` that takes two parameters: a list of integers and a set of excluded integers.
2) Use the existing helper function `filter_excluded_numbers` to filter out the excluded integers from the list.
3) Return the filtered list.

Code:
```python
# helper functions (only if needed, try to avoid them)
def filter_excluded_numbers(int_list, excluded_set):
    return [num for num in int_list if (num not in excluded_set)]

# main function after the helper functions
def exclude_integers(int_list, excluded_set):
    return filter_excluded_numbers(int_list, excluded_set)
```

INFO - no_parent:
 True

INFO - full code to be executed: 
 

def filter_excluded_numbers(int_list, excluded_set):
    return [num for num in int_list if (num not in excluded_set)]




def exclude_integers(int_list, excluded_set):
    return filter_excluded_numbers(int_list, excluded_set)


INFO - obs: Tests passed:
assert exclude_integers([1, 2, 3, 4, 5, 6], excluded_set) == [1, 3, 5]
assert exclude_integers([10, 20, 30, 40], excluded_set) == [10, 20, 30, 40]
assert exclude_integers([2, 4, 6], excluded_set) == []

Tests failed:
None
reward: True
done: None
info: {'individual_results': (True, True, True)}
INFO - LM call n parse attempt 1 / 5

INFO - [Task id] 78 [prompt] 
You are a Python programming assistant that assesses my progress of Python programming and provides useful guidance.

I will give you the following information:

[Task]: The objective I need to accomplish.
[Context]: The context of the task. Serves as a casual tip (which can be wrong) to help me on the task, but my priority is to follow instructions in the Task tag.
[function impl]: My function implementation that is intended to complete the task
[unit test results]: The results after executing my function implementation on the unit tests

Your first goal is to use these info to evaluate if I have met the task requirements, and explain why. 
It is possible that the unit test results all pass, but the code does not accomplish the task (eg by failing to accomplish the task in scenarios not covered by the unit tests)
It is also possible that the unit tests are wrong in the first place, though the code accomplishes the task and fails the unit test.

If I have not met the task requirements, write a few sentences to explain why the function implementation is wrong as indicated by the tests. 
You will need this as guidance when you try again later.
Only provide the few sentence description in your answer, not the implementation. 
Suggest how the function implementation can be changed, NOT the test cases (assert statements)

You should only respond in JSON format as described below:
The output should be formatted as a JSON instance that conforms to the JSON schema below.

As an example, for the schema {"properties": {"foo": {"title": "Foo", "description": "a list of strings", "type": "array", "items": {"type": "string"}}}, "required": ["foo"]}
the object {"foo": ["bar", "baz"]} is a well-formatted instance of the schema. The object {"properties": {"foo": ["bar", "baz"]}} is not well-formatted.

Here is the output schema:
```
{"description": "Represents the critique of a task attempt, including reasoning, success status, and suggestions for improvement.\n\nAttributes:\n    reasoning (str): Explanation of why the task was succeeded or failed.\n    success (bool): Indicates whether the task requirements were met.\n    critique (str): Suggestions or critique to help improve future task attempts.", "properties": {"reasoning": {"description": "reason why I have succeeded or failed at the task", "title": "Reasoning", "type": "string"}, "success": {"description": "evaluate if I have met the task requirements", "title": "Success", "type": "boolean"}, "critique": {"description": "critique to help me improve", "title": "Critique", "type": "string"}}, "required": ["reasoning", "success", "critique"]}
```

INFO - [Task id] 78 [prompt] 
Here are some examples:

Example 1:
[function impl]:
```python
def longest_subarray_with_sum_limit(nums: List[int], target: int) -> List[int]:
    n = len(nums)
    left, right = 0, 0
    max_length = 0
    current_sum = 0
    result = []
    while right < n:
        current_sum += nums[right]
        while current_sum > target:
            current_sum -= nums[left]
            left += 1
        if right - left + 1 >= max_length:
            max_length = right - left + 1
            result = nums[left:right+1]
        right += 1
    return result
```
[unit test results]:
Tests passing:
assert longest_subarray_with_sum_limit([1, 2, 3, 4, 5], 8) == [1, 2, 3]
assert longest_subarray_with_sum_limit([1, 2, 3, 4, 5], 15) == [1, 2, 3, 4, 5]
assert longest_subarray_with_sum_limit([1, -1, 2, -2, 3, -3], 2) == [1, -1, 2, -2, 3]
assert longest_subarray_with_sum_limit([], 10) == []
assert longest_subarray_with_sum_limit([], 0) == []
assert longest_subarray_with_sum_limit([], -5) == []  
Tests failing:
assert longest_subarray_with_sum_limit([5, 6, 7, 8, 9], 4) == [] # output: [5]

RESPONSE:
{
    "reasoning": "The implementation failed the test case where no subarray fulfills the condition",
    "success": false,
    "critique": "The issue in the implementation is due to the use of >= instead of > in the condition to update the result. Because of this, it returns a subarray even when the sum is greater than the target, as it still updates the result when the current subarray length is equal to the previous longest subarray length. To overcome this error, we should change the condition to only update the result when the current subarray length is strictly greater than the previous longest subarray length. This can be done by replacing >= with > in the condition."
}


Example 2:
[function impl]:
```python
def longest_subarray_with_sum_limit(nums: List[int], target: int) -> List[int]:
    n = len(nums)
    left, right = 0, 0
    max_length = 0
    current_sum = 0
    result = []
    while current_sum + nums[right] <= target:
        current_sum += nums[right]
        right += 1
    while right < n:
        current_sum += nums[right]
        while current_sum > target:
            current_sum -= nums[left]
            left += 1
        if right - left + 1 > max_length:
            max_length = right - left + 1
            result = nums[left:right+1]
        right += 1
    return result
```
[unit test results]:
Tests passing:
assert longest_subarray_with_sum_limit([], 10) == []
assert longest_subarray_with_sum_limit([], 0) == []
assert longest_subarray_with_sum_limit([], -5) == []
Tests failing:
assert longest_subarray_with_sum_limit([1, 2, 3, 4, 5], 8) == [1, 2, 3] # output: list index out of range
assert longest_subarray_with_sum_limit([1, 2, 3, 4, 5], 15) == [1, 2, 3, 4, 5] # output: list index out of range
assert longest_subarray_with_sum_limit([5, 6, 7, 8, 9], 4) == [] # output: list index out of range
assert longest_subarray_with_sum_limit([1, -1, 2, -2, 3, -3], 2) == [1, -1, 2, -2, 3] # output: list index out of range

RESPONSE:
{
    "reason": "The implementation failed 4 out of the 7 test cases due to an IndexError.",
    "success": false,
    "critique": "The issue stems from the while loop while current_sum + nums[right] <= target:, which directly accesses nums[right] without checking if right is within the bounds of the list. This results in a runtime error when right goes beyond the list length. To overcome this error, we need to add a bounds check for the right variable in the mentioned while loop. We can modify the loop condition to while right < len(nums) and current_sum + nums[right] <= target:. This change will ensure that we only access elements within the bounds of the list, thus avoiding the IndexError."
}


END OF EXAMPLES

INFO - [Task id] 78 [prompt] [Task]:
Write a Python function that takes a list of integers and returns a new list containing only the integers that are not present in a given set of excluded integers.
[Context]: 
 Rough plan to accomplish the task (can be wrong): 
Answer: To accomplish the task of filtering a list of integers based on a set of excluded integers in Python, you can follow these conceptual steps:

1. **Define the Function**: Start by defining a function that takes two parameters: the list of integers and the set of excluded integers.

2. **Iterate Through the List**: Use a loop or a list comprehension to iterate through each integer in the provided list.

3. **Check for Exclusion**: For each integer, check if it is not present in the set of excluded integers. This can be efficiently done using the `not in` operator, as checking membership in a set is generally faster than in a list.

4. **Build the New List**: If an integer is not in the excluded set, add it to a new list.

5. **Return the New List**: Finally, return the new list that contains only the integers that are not excluded.

Here is a simple example of how this could be implemented in code:

```python
def filter_excluded_integers(int_list, excluded_set):
    return [num for num in int_list if num not in excluded_set]
```

In this example, `filter_excluded_integers` takes a list of integers (`int_list`) and a set of excluded integers (`excluded_set`), and returns a new list containing only those integers that are not in the excluded set.


[function impl]:


def filter_excluded_numbers(int_list, excluded_set):
    return [num for num in int_list if (num not in excluded_set)]




def exclude_integers(int_list, excluded_set):
    return filter_excluded_numbers(int_list, excluded_set)

[unit test results]:
Tests passed:
assert exclude_integers([1, 2, 3, 4, 5, 6], excluded_set) == [1, 3, 5]
assert exclude_integers([10, 20, 30, 40], excluded_set) == [10, 20, 30, 40]
assert exclude_integers([2, 4, 6], excluded_set) == []

Tests failed:
None

INFO - [Task id] 78 [generation text] 
INFO - {
    "reasoning": "The implementation successfully meets the task requirements as all unit tests passed without any failures. The function correctly filters out the integers that are present in the excluded set, returning the expected results for all test cases.",
    "success": true,
    "critique": "Great job! Your implementation is correct and efficient. You might consider adding type hints to your function parameters for better readability and maintainability."
}
INFO - {
    "reasoning": "The implementation successfully meets the task requirements as all unit tests passed without any failures. The function correctly filters out the integers that are present in the excluded set, returning the expected results for all test cases.",
    "success": true,
    "critique": "Great job! Your implementation is correct and efficient. You might consider adding type hints to your function parameters for better readability and maintainability."
}
INFO - [task_id]: 78 [Result]: True
INFO - LM call n parse attempt 1 / 3

INFO - [Task id] 78 [prompt] 
You are a helpful assistant that writes a description of the given function written in the Python programming language.

1) Do not mention the function name.
2) Do not mention anything about helper functions.
3) There might be some helper functions before the main function, but you only need to describe the main function.
4) Try to summarize the function in no more than 6 sentences.
5) Your response should be a single line of text.

INFO - [Task id] 78 [prompt] 

def filter_excluded_numbers(int_list, excluded_set):
    return [num for num in int_list if (num not in excluded_set)]




def exclude_integers(int_list, excluded_set):
    return filter_excluded_numbers(int_list, excluded_set)


The main function is `exclude_integers`.
INFO - [Task id] 78 [generation text] This function takes a list of integers and a set of excluded integers as input. It filters the list to remove any integers that are present in the excluded set. The result is a new list containing only the integers that are not excluded. The function effectively allows for the customization of which integers to keep based on the provided exclusion criteria. It returns the filtered list, maintaining the order of the original integers. This is useful for scenarios where specific values need to be omitted from a collection.
INFO - Num Completed Tasks: 62, Num Failed Tasks: 15
