INFO - DB skill doc count: 39

INFO - [train iter]: 42/100 

INFO - LM call n parse attempt 1 / 3

INFO - [Task id] 42 [prompt] 
You are a helpful assistant that asks questions to help me decide the next immediate task to do for Python programming.
My ultimate goal is to solve as many diverse problems as possible and become the best programmer in the world.

I will give you the following information:
Completed tasks so far: ...
Failed tasks that are too hard: ...

You must follow the following criteria:
1) You should ask at least 5 questions (but no more than 10 questions) to help me decide the next immediate task to do. Each question should be followed by the concept that the question is about.
2) Your question should be specific to a concept in Python programming.
  Bad example (the question is too general):
    Question: What is the best way to program in Python?
    Concept: unknown
  Good example:
    Question: How do you reverse a list?
    Concept: list
3) Your questions should be self-contained and not require any context.

Respond in JSON, and follow the keys and expected format of the values strictly.


Response format:
The output should be formatted as a JSON instance that conforms to the JSON schema below.

As an example, for the schema {"properties": {"foo": {"title": "Foo", "description": "a list of strings", "type": "array", "items": {"type": "string"}}}, "required": ["foo"]}
the object {"foo": ["bar", "baz"]} is a well-formatted instance of the schema. The object {"properties": {"foo": ["bar", "baz"]}} is not well-formatted.

Here is the output schema:
```
{"$defs": {"QuestionConcept": {"properties": {"question": {"description": "A question related to Python programming, to help me brainstorm the next immediate task to do", "title": "Question", "type": "string"}, "concept": {"description": "The Python programming concept associated with the question above", "title": "Concept", "type": "string"}}, "required": ["question", "concept"], "title": "QuestionConcept", "type": "object"}}, "properties": {"reasoning": {"description": "Reason out, step-by-step, why you picked these questions and concepts", "title": "Reasoning", "type": "string"}, "question_concept_list": {"description": "list of questions and their associated concepts", "items": {"$ref": "#/$defs/QuestionConcept"}, "title": "Question Concept List", "type": "array"}}, "required": ["reasoning", "question_concept_list"]}
```


INFO - [Task id] 42 [prompt] Completed tasks so far (do not give me these tasks again!): 
	Write a Python function that takes a list of integers and returns a list of unique integers from that list.
	Write a Python function that takes a list of integers and returns a dictionary with the integers as keys and their counts as values.
	Write a Python function that takes two lists of integers and returns a list of integers that are present in both lists (the intersection).
	Write a Python function that takes a list of integers and returns a list of integers that are unique (appear only once) in the list.
	Write a Python function that takes a list of integers and returns a list of integers that are duplicates (appear more than once) in the list.
	Write a Python function that takes a list of integers and returns the second largest integer in the list. If the list has fewer than two unique integers, return None.
	Write a Python function that takes a list of integers and returns a new list containing only the even integers from the original list.
	Write a Python function that takes a list of integers and returns a list of integers that are greater than a given threshold value.
	Write a Python function that takes a string and returns the number of vowels in that string.
	Write a Python function that takes a string and returns a set of unique characters in that string.
	Write a Python function that takes a string and returns True if it is a palindrome (reads the same forwards and backwards), and False otherwise.
	Write a Python function that takes a string and returns a new string containing only the digits from the original string.
	Write a Python function that takes a list of strings and returns a new list containing only the strings that have a length greater than a specified threshold.
	Write a Python function that takes a list of strings and returns a new list of those strings sorted by their length in descending order.
	Write a Python function that takes a list of strings and returns a new list containing the lengths of each string in the original list.
	Write a Python function that takes a string and returns a new string with all the vowels removed.
	Write a Python function that takes a string and returns the number of distinct characters in that string.
	Write a Python function that takes two dictionaries and merges them. If there are duplicate keys, the values from the second dictionary should overwrite those from the first.
	Write a Python function that takes a string and returns a new string where each character is repeated twice.
	Write a Python function that takes a list of integers and returns a list of integers that are present in the list but not in a given set of excluded integers.
	Write a Python function that takes a list of integers and returns a new list containing only the integers that are multiples of a given number.
	Write a Python function that takes a tuple of integers and returns a new tuple containing only the even integers from the original tuple.
	Write a Python function that takes a string and returns a dictionary with each character as the key and the number of times it appears in the string as the value.
	Write a Python function that takes a list of integers and returns a dictionary where the keys are the integers from the list and the values are the number of times each integer appears in the list.
	Write a Python function that takes a list of strings and returns a dictionary where the keys are the strings and the values are the lengths of those strings.
	Write a Python function that takes a list of dictionaries, each representing a person with a 'name' and 'age', and returns a dictionary where the keys are the names and the values are the ages of the people.
	Write a Python function that takes a dictionary and a threshold value, and returns a new dictionary containing only the items where the value exceeds the threshold.
	Write a Python function that takes a list of tuples, where each tuple contains a key-value pair, and returns a dictionary constructed from those tuples.
	Write a Python function that takes a string and returns a list of all the unique characters in that string, preserving their order of first appearance.
	Write a Python function that takes two strings and returns True if they are anagrams of each other (contain the same characters in a different order), and False otherwise.
	Write a Python function that takes a list of integers and returns a set containing the squares of those integers.
	Write a Python function that takes two sets and returns their union (all unique elements from both sets).
	Write a Python function that takes a list of integers and returns a new list containing only the integers that are prime numbers.
	Write a Python function that takes a list of integers and returns a list of integers that are the Fibonacci numbers present in the list.
	Write a Python function that takes a string and returns a dictionary with each character as the key and the number of times it appears in the string as the value, but only for characters that appear more than once.
	Write a Python function that takes a string and returns a new string with all the words reversed but the order of the words preserved.
	Write a Python function that takes two lists of integers and returns True if the first list is a subset of the second list, and False otherwise.
	Write a Python function that takes a list of integers and returns a dictionary where the keys are the integers from the list and the values are the squares of those integers.
	Write a Python function that takes a list of integers and returns a list of integers that are not present in a given list of excluded integers.

Failed tasks that are too hard: 
	Write a Python function that takes a dictionary and returns a new dictionary with the keys and values swapped. If there are duplicate values, keep only one of the keys.
	Write a Python function that takes a dictionary and returns a new dictionary containing only the items where the value is greater than a specified threshold.


INFO - [Task id] 42 [generation text] 
INFO - {
    "reasoning": "I selected these questions to cover a variety of Python concepts that you haven't tackled yet, including file handling, object-oriented programming, and error handling. This will help you diversify your skills and tackle different types of problems.",
    "question_concept_list": [
        {
            "question": "How do you read a file and return its contents as a string in Python?",
            "concept": "file handling"
        },
        {
            "question": "What is the purpose of the __init__ method in a Python class?",
            "concept": "object-oriented programming"
        },
        {
            "question": "How can you handle exceptions in Python using try and except?",
            "concept": "error handling"
        },
        {
            "question": "What is a lambda function and how do you use it in Python?",
            "concept": "functional programming"
        },
        {
            "question": "How do you create a generator function in Python?",
            "concept": "generators"
        }
    ]
}
INFO - {
    "reasoning": "I selected these questions to cover a variety of Python concepts that you haven't tackled yet, including file handling, object-oriented programming, and error handling. This will help you diversify your skills and tackle different types of problems.",
    "question_concept_list": [
        {
            "question": "How do you read a file and return its contents as a string in Python?",
            "concept": "file handling"
        },
        {
            "question": "What is the purpose of the __init__ method in a Python class?",
            "concept": "object-oriented programming"
        },
        {
            "question": "How can you handle exceptions in Python using try and except?",
            "concept": "error handling"
        },
        {
            "question": "What is a lambda function and how do you use it in Python?",
            "concept": "functional programming"
        },
        {
            "question": "How do you create a generator function in Python?",
            "concept": "generators"
        }
    ]
}
INFO - LM call n parse attempt 1 / 3

INFO - [Task id] 42 [prompt] 
You are a helpful assistant that answer my question about Python programming.

I will give you the following information:
Question: ...

You will answer the question based on the context (only if available and helpful) and your own knowledge of Python programming.
1) Start your answer with "Answer: ".
2) Answer "Answer: Unknown" if you don't know the answer.

INFO - [Task id] 42 [prompt] Question: How do you create a generator function in Python?
INFO - [Task id] 42 [generation text] Answer: To create a generator function in Python, you define a function using the `def` keyword and use the `yield` statement to produce a value. When the function is called, it returns a generator object without executing the function body. Each time the generator's `__next__()` method is called (or when you iterate over it), the function runs until it hits a `yield` statement, which returns the yielded value and pauses the function's state. The next time `__next__()` is called, the function resumes execution right after the last `yield`.

Here is an example of a simple generator function:

```python
def count_up_to(n):
    count = 1
    while count <= n:
        yield count
        count += 1

# Using the generator
for number in count_up_to(5):
    print(number)
```

In this example, `count_up_to` is a generator function that yields numbers from 1 to `n`. When you iterate over it, it produces the numbers one at a time.
INFO - LM call n parse attempt 1 / 5

INFO - [Task id] 42 [prompt] 
You are a helpful assistant that tells me the next immediate task (in the form of a function) to do for Python programming. 
My ultimate goal is to solve as many diverse problems as possible and become the best programmer in the world.

I will give you the following information:
Question 1: ...
Answer: ...
Question 2: ...
Answer: ...
Question 3: ...
Answer: ...
...
Completed tasks so far: ...
Failed tasks that are too hard: ...

You must follow the following criteria:
1) You should act as a mentor and guide me to the next task based on my current learning progress. As a rule of thumb, guide me through beginner problems, followed by interview level problems, followed by competitive programming problems. The latter 2 levels can involve concepts from data structures and algorithms.
2) Please be very specific about what skills I need to learn.
3) Do not propose multiple tasks at the same time. Do not mention anything else.
4) The next task should not be too hard since I may not have learned enough skills to complete it yet.
5) The next task should be novel and interesting. I should look for problems which I have not solved yet. I should not be doing the same thing over and over again.
6) The task should involve writing a main Python function that at most use basic libraries (try not to import too many or too advanced modules)
7) Do not give tasks that require file operations (create, read, update, delete) or an internet connection.
8) I am only allowed to write Python functions, so do not require me to write other things (e.g. objects). 
9) Requiring me to write a function that takes in an object and uses object methods is still ok, but I cannot define the objects myself. You must provide the objects as input to my function in the assert statement.

Take note of these in your response:
1) Give an expected function name for the task.
2) Give a tuple of 3 assert statements that tests the function's correctness in the "test_tuple" field. This must strictly contain single-line assert statements only; any setup code for the test must be filled in the "test_setup_code" field.
3) The function name which you gave must be called in the assert statements. 

Respond in JSON, and follow the keys and expected format of the values strictly.


Response format:
The output should be formatted as a JSON instance that conforms to the JSON schema below.

As an example, for the schema {"properties": {"foo": {"title": "Foo", "description": "a list of strings", "type": "array", "items": {"type": "string"}}}, "required": ["foo"]}
the object {"foo": ["bar", "baz"]} is a well-formatted instance of the schema. The object {"properties": {"foo": ["bar", "baz"]}} is not well-formatted.

Here is the output schema:
```
{"properties": {"reasoning": {"description": "Based on the information listed above, reason about what the next task should be.", "title": "Reasoning", "type": "string"}, "task": {"description": "The next task, which requires me to write a single function. Be sure to state the expected data structure for inputs and outputs.", "title": "Task", "type": "string"}, "gt_fn_name": {"description": "The expected name for the single function for the task", "title": "Gt Fn Name", "type": "string"}, "test_setup_code": {"description": "setup code, if required. This will be run just before the assert statements are executed.", "title": "Test Setup Code", "type": "string"}, "test_tuple": {"description": "Tuple of 3 SINGLE-LINE test cases that starts with 'assert' to test the function's correctness.Any extra required code should be written in the test_setup_code field.", "items": {"type": "string"}, "maxItems": 3, "minItems": 3, "prefixItems": [{"type": "string"}, {"type": "string"}, {"type": "string"}], "title": "Test Tuple", "type": "array"}}, "required": ["reasoning", "task", "gt_fn_name", "test_setup_code", "test_tuple"]}
```


INFO - [Task id] 42 [prompt] 
Here's an example response:
{
    "reasoning": "The student has shown proficiency in basic Python syntax and list manipulation, but struggles with problems involving more complex algorithms and data structures. This task will help them practice using sets or dictionaries for efficient lookups, and understand the concept of algorithmic complexity.",
    "task": "Write a Python function that takes a list of integers and returns the tuple of two numbers that sum up to zero. If no such pair exists, return None.",
    "gt_fn_name": "find_zero_sum",
    "test_setup_code": "",
    "test_tuple": [
        "assert find_zero_sum([1, 2, 3, -2, -1]) == (2, -2)",
        "assert find_zero_sum([1, 2, 3, 4, 5]) == None",
        "assert find_zero_sum([1, 4, 3, -4, -1]) == (4, -4)"
    ]
}

INFO - [Task id] 42 [prompt] Question 1: How do you read a file in Python and return its contents as a string?
Answer: To read a file in Python and return its contents as a string, you can use the built-in `open()` function along with the `read()` method. Here’s a simple example:

```python
def read_file_as_string(file_path):
    with open(file_path, 'r') as file:
        contents = file.read()
    return contents
```

In this code:
- `open(file_path, 'r')` opens the file in read mode.
- The `with` statement ensures that the file is properly closed after its suite finishes.
- `file.read()` reads the entire contents of the file as a string.

You can call this function with the path to your file to get its contents.

Question 2: What is the purpose of the __init__ method in a Python class?
Answer: The `__init__` method in a Python class is a special method known as the constructor. Its primary purpose is to initialize the attributes of a new object when it is created. This method is automatically called when an instance of the class is instantiated. You can define parameters in the `__init__` method to set initial values for the object's attributes. For example:

```python
class MyClass:
    def __init__(self, value):
        self.attribute = value

# Creating an instance of MyClass
obj = MyClass(10)
print(obj.attribute)  # Output: 10
```

In this example, the `__init__` method initializes the `attribute` of the `MyClass` instance with the value passed during instantiation.

Question 3: How do you handle exceptions in Python using try and except blocks?
Answer: In Python, you can handle exceptions using `try` and `except` blocks. The basic structure involves placing the code that may raise an exception inside the `try` block, and then specifying how to handle the exception in the `except` block. Here’s a simple example:

```python
try:
    # Code that may raise an exception
    result = 10 / 0  # This will raise a ZeroDivisionError
except ZeroDivisionError:
    # Code to handle the exception
    print("You cannot divide by zero!")
```

In this example, if the code in the `try` block raises a `ZeroDivisionError`, the program will jump to the `except` block and execute the code there, printing a message instead of crashing.

You can also catch multiple exceptions or use a general exception handler:

```python
try:
    # Some code that may raise an exception
    value = int(input("Enter a number: "))
    result = 10 / value
except ZeroDivisionError:
    print("You cannot divide by zero!")
except ValueError:
    print("That's not a valid number!")
except Exception as e:
    print(f"An unexpected error occurred: {e}")
```

In this case, the program can handle different types of exceptions separately, and it also includes a general exception handler that catches any other unexpected exceptions.

Question 4: What is a lambda function and how do you use it in Python?
Answer: A lambda function in Python is a small anonymous function defined using the `lambda` keyword. It can take any number of arguments but can only have one expression. The expression is evaluated and returned when the lambda function is called.

The syntax for a lambda function is:
```python
lambda arguments: expression
```

You can use lambda functions in various contexts, such as when you need a simple function for a short period of time, often as an argument to higher-order functions like `map()`, `filter()`, and `sorted()`.

Here are a few examples of how to use lambda functions:

1. **Basic usage**:
   ```python
   add = lambda x, y: x + y
   print(add(2, 3))  # Output: 5
   ```

2. **Using with `map()`**:
   ```python
   numbers = [1, 2, 3, 4]
   squared = list(map(lambda x: x ** 2, numbers))
   print(squared)  # Output: [1, 4, 9, 16]
   ```

3. **Using with `filter()`**:
   ```python
   numbers = [1, 2, 3, 4, 5]
   even_numbers = list(filter(lambda x: x % 2 == 0, numbers))
   print(even_numbers)  # Output: [2, 4]
   ```

4. **Using with `sorted()`**:
   ```python
   points = [(1, 2), (3, 1), (5, 0)]
   sorted_points = sorted(points, key=lambda point: point[1])
   print(sorted_points)  # Output: [(5, 0), (3, 1), (1, 2)]
   ```

Lambda functions are useful for creating quick, throwaway functions without the need to formally define them using `def`. However, for more complex functions, it's generally better to use the `def` keyword for clarity and maintainability.

Question 5: How do you create a generator function in Python?
Answer: To create a generator function in Python, you define a function using the `def` keyword and use the `yield` statement to produce a value. When the function is called, it returns a generator object without executing the function body. Each time the generator's `__next__()` method is called (or when you iterate over it), the function runs until it hits a `yield` statement, which returns the yielded value and pauses the function's state. The next time `__next__()` is called, the function resumes execution right after the last `yield`.

Here is an example of a simple generator function:

```python
def count_up_to(n):
    count = 1
    while count <= n:
        yield count
        count += 1

# Using the generator
for number in count_up_to(5):
    print(number)
```

In this example, `count_up_to` is a generator function that yields numbers from 1 to `n`. When you iterate over it, it produces the numbers one at a time.

Completed tasks so far (do not give me these tasks again!): 
	Write a Python function that takes a list of integers and returns a list of unique integers from that list.
	Write a Python function that takes a list of integers and returns a dictionary with the integers as keys and their counts as values.
	Write a Python function that takes two lists of integers and returns a list of integers that are present in both lists (the intersection).
	Write a Python function that takes a list of integers and returns a list of integers that are unique (appear only once) in the list.
	Write a Python function that takes a list of integers and returns a list of integers that are duplicates (appear more than once) in the list.
	Write a Python function that takes a list of integers and returns the second largest integer in the list. If the list has fewer than two unique integers, return None.
	Write a Python function that takes a list of integers and returns a new list containing only the even integers from the original list.
	Write a Python function that takes a list of integers and returns a list of integers that are greater than a given threshold value.
	Write a Python function that takes a string and returns the number of vowels in that string.
	Write a Python function that takes a string and returns a set of unique characters in that string.
	Write a Python function that takes a string and returns True if it is a palindrome (reads the same forwards and backwards), and False otherwise.
	Write a Python function that takes a string and returns a new string containing only the digits from the original string.
	Write a Python function that takes a list of strings and returns a new list containing only the strings that have a length greater than a specified threshold.
	Write a Python function that takes a list of strings and returns a new list of those strings sorted by their length in descending order.
	Write a Python function that takes a list of strings and returns a new list containing the lengths of each string in the original list.
	Write a Python function that takes a string and returns a new string with all the vowels removed.
	Write a Python function that takes a string and returns the number of distinct characters in that string.
	Write a Python function that takes two dictionaries and merges them. If there are duplicate keys, the values from the second dictionary should overwrite those from the first.
	Write a Python function that takes a string and returns a new string where each character is repeated twice.
	Write a Python function that takes a list of integers and returns a list of integers that are present in the list but not in a given set of excluded integers.
	Write a Python function that takes a list of integers and returns a new list containing only the integers that are multiples of a given number.
	Write a Python function that takes a tuple of integers and returns a new tuple containing only the even integers from the original tuple.
	Write a Python function that takes a string and returns a dictionary with each character as the key and the number of times it appears in the string as the value.
	Write a Python function that takes a list of integers and returns a dictionary where the keys are the integers from the list and the values are the number of times each integer appears in the list.
	Write a Python function that takes a list of strings and returns a dictionary where the keys are the strings and the values are the lengths of those strings.
	Write a Python function that takes a list of dictionaries, each representing a person with a 'name' and 'age', and returns a dictionary where the keys are the names and the values are the ages of the people.
	Write a Python function that takes a dictionary and a threshold value, and returns a new dictionary containing only the items where the value exceeds the threshold.
	Write a Python function that takes a list of tuples, where each tuple contains a key-value pair, and returns a dictionary constructed from those tuples.
	Write a Python function that takes a string and returns a list of all the unique characters in that string, preserving their order of first appearance.
	Write a Python function that takes two strings and returns True if they are anagrams of each other (contain the same characters in a different order), and False otherwise.
	Write a Python function that takes a list of integers and returns a set containing the squares of those integers.
	Write a Python function that takes two sets and returns their union (all unique elements from both sets).
	Write a Python function that takes a list of integers and returns a new list containing only the integers that are prime numbers.
	Write a Python function that takes a list of integers and returns a list of integers that are the Fibonacci numbers present in the list.
	Write a Python function that takes a string and returns a dictionary with each character as the key and the number of times it appears in the string as the value, but only for characters that appear more than once.
	Write a Python function that takes a string and returns a new string with all the words reversed but the order of the words preserved.
	Write a Python function that takes two lists of integers and returns True if the first list is a subset of the second list, and False otherwise.
	Write a Python function that takes a list of integers and returns a dictionary where the keys are the integers from the list and the values are the squares of those integers.
	Write a Python function that takes a list of integers and returns a list of integers that are not present in a given list of excluded integers.

Failed tasks that are too hard: 
	Write a Python function that takes a dictionary and returns a new dictionary with the keys and values swapped. If there are duplicate values, keep only one of the keys.
	Write a Python function that takes a dictionary and returns a new dictionary containing only the items where the value is greater than a specified threshold.


INFO - [Task id] 42 [generation text] 
INFO - {
    "reasoning": "The student has demonstrated a solid understanding of basic Python functions and data structures. The next task should involve a slightly more complex problem that requires the use of sets or lists to solve a common algorithmic challenge. This will help them practice their skills in a new context without being too difficult.",
    "task": "Write a Python function that takes a list of integers and returns a list of integers that are the unique elements in the list (appear only once) but sorted in ascending order.",
    "gt_fn_name": "unique_sorted",
    "test_setup_code": "",
    "test_tuple": [
        "assert unique_sorted([1, 2, 2, 3, 4, 4, 5]) == [1, 3, 5]",
        "assert unique_sorted([5, 5, 5, 5]) == []",
        "assert unique_sorted([3, 1, 2, 2, 4, 3, 5]) == [1, 4, 5]"
    ]
}
INFO - {
    "reasoning": "The student has demonstrated a solid understanding of basic Python functions and data structures. The next task should involve a slightly more complex problem that requires the use of sets or lists to solve a common algorithmic challenge. This will help them practice their skills in a new context without being too difficult.",
    "task": "Write a Python function that takes a list of integers and returns a list of integers that are the unique elements in the list (appear only once) but sorted in ascending order.",
    "gt_fn_name": "unique_sorted",
    "test_setup_code": "",
    "test_tuple": [
        "assert unique_sorted([1, 2, 2, 3, 4, 4, 5]) == [1, 3, 5]",
        "assert unique_sorted([5, 5, 5, 5]) == []",
        "assert unique_sorted([3, 1, 2, 2, 4, 3, 5]) == [1, 4, 5]"
    ]
}
INFO - The task prompt is Write a Python function that takes a list of integers and returns a list of integers that are the unique elements in the list (appear only once) but sorted in ascending order.
You must strictly follow the function name: unique_sorted

INFO - LM call n parse attempt 1 / 3

INFO - [Task id] 42 [prompt] 
You are a helpful assistant that answer my question about Python programming.

I will give you the following information:
Question: ...

You will answer the question based on the context (only if available and helpful) and your own knowledge of Python programming.
1) Start your answer with "Answer: ".
2) Answer "Answer: Unknown" if you don't know the answer.

INFO - [Task id] 42 [prompt] Question: Explain at a conceptual level, how to accomplish the below task in Python programming?
Write a Python function that takes a list of integers and returns a list of integers that are the unique elements in the list (appear only once) but sorted in ascending order.
INFO - [Task id] 42 [generation text] Answer: To accomplish the task of finding unique elements in a list of integers and returning them in sorted order, you can follow these conceptual steps:

1. **Count Occurrences**: Use a data structure to count how many times each integer appears in the list. A common choice for this is the `collections.Counter` class, which creates a dictionary-like object where keys are the list elements and values are their counts.

2. **Filter Unique Elements**: Iterate through the counted elements and select only those that have a count of one, indicating they are unique.

3. **Sort the Unique Elements**: Once you have the list of unique elements, sort them in ascending order. You can use the built-in `sorted()` function for this purpose.

4. **Return the Result**: Finally, return the sorted list of unique elements.

Here is a conceptual outline of the function:

```python
from collections import Counter

def unique_sorted_elements(input_list):
    # Step 1: Count occurrences
    counts = Counter(input_list)
    
    # Step 2: Filter unique elements
    unique_elements = [num for num, count in counts.items() if count == 1]
    
    # Step 3: Sort the unique elements
    sorted_unique_elements = sorted(unique_elements)
    
    # Step 4: Return the result
    return sorted_unique_elements
```

This function will take a list of integers, find the unique ones, sort them, and return the sorted list.
INFO - Attempting task_id 42
INFO - [35m Rollout attempt 1/4[0m
INFO - [33m Retrieving 5 entries for db: skill 
 [0m
INFO - [33m find_unique_integers, unique_integers, find_second_largest, find_duplicates, count_occurrences_v2[0m
INFO - LM call n parse attempt 1 / 3

INFO - [Task id] 42 [prompt] You are a helpful assistant that writes python code to solve a task specified by me.

Here are some useful functions written earlier which you can reuse or reference.


[Entry]:


    def count_occurrences(int_list):
        counts = {}
        for num in int_list:
            if (num in counts):
                counts[num] += 1
            else:
                counts[num] = 1
        return counts




    def find_unique_integers(int_list):
        counts = count_occurrences(int_list)
        unique_integers = [num for (num, count) in counts.items() if (count == 1)]
        return unique_integers

[/Entry]

[Entry]:


    def unique_integers(int_list):
        unique_set = set(int_list)
        return list(unique_set)

[/Entry]

[Entry]:


    def find_second_largest(numbers):
        unique_numbers = set(numbers)
        if (len(unique_numbers) < 2):
            return None
        sorted_numbers = sorted(unique_numbers, reverse=True)
        return sorted_numbers[1]

[/Entry]

[Entry]:


    def find_duplicates(int_list):
        counts = {}
        duplicates = []
        for num in int_list:
            if (num in counts):
                counts[num] += 1
            else:
                counts[num] = 1
        for (num, count) in counts.items():
            if (count > 1):
                duplicates.append(num)
        return duplicates

[/Entry]

[Entry]:


    def count_occurrences_v2(int_list):
        counts = {}
        for num in int_list:
            if (num in counts):
                counts[num] += 1
            else:
                counts[num] = 1
        return counts

[/Entry]






At each round of conversation, I will give you
[Environment feedback] (after executing code) ...
[Code from the last round] ...
[Task] ...
[Context] ...
[Critique] ...

You should then respond to me with
Explain (if applicable): Are there any steps missing in your plan? Why does the code not complete the task? What does the chat log and execution error imply?
Plan: How to complete the task step by step. 
Code:
    1) Reuse or reference the above useful programs if necessary.
    2) Your function will be reused for building more complex functions. Therefore, you should make it generic and reusable. 
    3) Functions in the "Code from the last round" section will not be saved or executed. Do not reuse functions listed there.
    4) Anything defined outside a function will be ignored, define all your variables inside your functions.
    5) Do not write infinite loops.
    6) If the task specifies a function name to be used, follow it strictly (be case sensitive!). Else, name your function in a meaningful way (can infer the task from the name).
    7) Your code should only contain elements that solve the task, so DO NOT write any assert statements / tests
    8) The context in the [Context] tag serves as a casual tip (which can be wrong) to help you on the task, but your priority is to follow instructions in the [Task] tag.

You should only respond in the format as described below:
RESPONSE FORMAT:

Explain: ...
Plan:
1) ...
2) ...
3) ...
...
Code:
```python
# helper functions (only if needed, try to avoid them)
...
# main function after the helper functions
def yourMainFunctionName(args):
  # ...

```


INFO - [Task id] 42 [prompt] [Environment feedback]
None

[Code from the last round]
No code in the first round

[Task]
Write a Python function that takes a list of integers and returns a list of integers that are the unique elements in the list (appear only once) but sorted in ascending order.
You must strictly follow the function name: unique_sorted

[Context]
Rough plan to accomplish the task (can be wrong): 
Answer: To accomplish the task of finding unique elements in a list of integers and returning them in sorted order, you can follow these conceptual steps:

1. **Count Occurrences**: Use a data structure to count how many times each integer appears in the list. A common choice for this is the `collections.Counter` class, which creates a dictionary-like object where keys are the list elements and values are their counts.

2. **Filter Unique Elements**: Iterate through the counted elements and select only those that have a count of one, indicating they are unique.

3. **Sort the Unique Elements**: Once you have the list of unique elements, sort them in ascending order. You can use the built-in `sorted()` function for this purpose.

4. **Return the Result**: Finally, return the sorted list of unique elements.

Here is a conceptual outline of the function:

```python
from collections import Counter

def unique_sorted_elements(input_list):
    # Step 1: Count occurrences
    counts = Counter(input_list)
    
    # Step 2: Filter unique elements
    unique_elements = [num for num, count in counts.items() if count == 1]
    
    # Step 3: Sort the unique elements
    sorted_unique_elements = sorted(unique_elements)
    
    # Step 4: Return the result
    return sorted_unique_elements
```

This function will take a list of integers, find the unique ones, sort them, and return the sorted list.


[Critique]
None


INFO - [Task id] 42 [generation text] Explain: The rough plan provided in the context is mostly correct and outlines the necessary steps to achieve the task. However, it suggests using `collections.Counter`, which is not necessary since we already have a function `count_occurrences` that can be reused to count the occurrences of integers in the list. Additionally, the function name in the plan does not match the required function name `unique_sorted`.

Plan:
1) Use the `count_occurrences` function to count the occurrences of each integer in the input list.
2) Filter the integers to find those that appear only once (unique integers).
3) Sort the list of unique integers in ascending order.
4) Return the sorted list of unique integers.

Code:
```python
def unique_sorted(int_list):
    counts = count_occurrences(int_list)
    unique_integers = [num for num, count in counts.items() if count == 1]
    sorted_unique_integers = sorted(unique_integers)
    return sorted_unique_integers
```
INFO - program_code:
 

def unique_sorted(int_list):
    counts = count_occurrences(int_list)
    unique_integers = [num for (num, count) in counts.items() if (count == 1)]
    sorted_unique_integers = sorted(unique_integers)
    return sorted_unique_integers


INFO - program_name:
 unique_sorted

INFO - dependencies:
 ['count_occurrences']

INFO - raw_msg:
 Explain: The rough plan provided in the context is mostly correct and outlines the necessary steps to achieve the task. However, it suggests using `collections.Counter`, which is not necessary since we already have a function `count_occurrences` that can be reused to count the occurrences of integers in the list. Additionally, the function name in the plan does not match the required function name `unique_sorted`.

Plan:
1) Use the `count_occurrences` function to count the occurrences of each integer in the input list.
2) Filter the integers to find those that appear only once (unique integers).
3) Sort the list of unique integers in ascending order.
4) Return the sorted list of unique integers.

Code:
```python
def unique_sorted(int_list):
    counts = count_occurrences(int_list)
    unique_integers = [num for num, count in counts.items() if count == 1]
    sorted_unique_integers = sorted(unique_integers)
    return sorted_unique_integers
```

INFO - no_parent:
 True

INFO - full code to be executed: 
 

def count_occurrences(int_list):
    counts = {}
    for num in int_list:
        if (num in counts):
            counts[num] += 1
        else:
            counts[num] = 1
    return counts




def unique_sorted(int_list):
    counts = count_occurrences(int_list)
    unique_integers = [num for (num, count) in counts.items() if (count == 1)]
    sorted_unique_integers = sorted(unique_integers)
    return sorted_unique_integers


INFO - obs: Tests passed:
assert unique_sorted([1, 2, 2, 3, 4, 4, 5]) == [1, 3, 5]
assert unique_sorted([5, 5, 5, 5]) == []
assert unique_sorted([3, 1, 2, 2, 4, 3, 5]) == [1, 4, 5]

Tests failed:
None
reward: True
done: None
info: {'individual_results': (True, True, True)}
INFO - LM call n parse attempt 1 / 5

INFO - [Task id] 42 [prompt] 
You are a Python programming assistant that assesses my progress of Python programming and provides useful guidance.

I will give you the following information:

[Task]: The objective I need to accomplish.
[Context]: The context of the task. Serves as a casual tip (which can be wrong) to help me on the task, but my priority is to follow instructions in the Task tag.
[function impl]: My function implementation that is intended to complete the task
[unit test results]: The results after executing my function implementation on the unit tests

Your first goal is to use these info to evaluate if I have met the task requirements, and explain why. 
It is possible that the unit test results all pass, but the code does not accomplish the task (eg by failing to accomplish the task in scenarios not covered by the unit tests)
It is also possible that the unit tests are wrong in the first place, though the code accomplishes the task and fails the unit test.

If I have not met the task requirements, write a few sentences to explain why the function implementation is wrong as indicated by the tests. 
You will need this as guidance when you try again later.
Only provide the few sentence description in your answer, not the implementation. 
Suggest how the function implementation can be changed, NOT the test cases (assert statements)

You should only respond in JSON format as described below:
The output should be formatted as a JSON instance that conforms to the JSON schema below.

As an example, for the schema {"properties": {"foo": {"title": "Foo", "description": "a list of strings", "type": "array", "items": {"type": "string"}}}, "required": ["foo"]}
the object {"foo": ["bar", "baz"]} is a well-formatted instance of the schema. The object {"properties": {"foo": ["bar", "baz"]}} is not well-formatted.

Here is the output schema:
```
{"description": "Represents the critique of a task attempt, including reasoning, success status, and suggestions for improvement.\n\nAttributes:\n    reasoning (str): Explanation of why the task was succeeded or failed.\n    success (bool): Indicates whether the task requirements were met.\n    critique (str): Suggestions or critique to help improve future task attempts.", "properties": {"reasoning": {"description": "reason why I have succeeded or failed at the task", "title": "Reasoning", "type": "string"}, "success": {"description": "evaluate if I have met the task requirements", "title": "Success", "type": "boolean"}, "critique": {"description": "critique to help me improve", "title": "Critique", "type": "string"}}, "required": ["reasoning", "success", "critique"]}
```

INFO - [Task id] 42 [prompt] 
Here are some examples:

Example 1:
[function impl]:
```python
def longest_subarray_with_sum_limit(nums: List[int], target: int) -> List[int]:
    n = len(nums)
    left, right = 0, 0
    max_length = 0
    current_sum = 0
    result = []
    while right < n:
        current_sum += nums[right]
        while current_sum > target:
            current_sum -= nums[left]
            left += 1
        if right - left + 1 >= max_length:
            max_length = right - left + 1
            result = nums[left:right+1]
        right += 1
    return result
```
[unit test results]:
Tests passing:
assert longest_subarray_with_sum_limit([1, 2, 3, 4, 5], 8) == [1, 2, 3]
assert longest_subarray_with_sum_limit([1, 2, 3, 4, 5], 15) == [1, 2, 3, 4, 5]
assert longest_subarray_with_sum_limit([1, -1, 2, -2, 3, -3], 2) == [1, -1, 2, -2, 3]
assert longest_subarray_with_sum_limit([], 10) == []
assert longest_subarray_with_sum_limit([], 0) == []
assert longest_subarray_with_sum_limit([], -5) == []  
Tests failing:
assert longest_subarray_with_sum_limit([5, 6, 7, 8, 9], 4) == [] # output: [5]

RESPONSE:
{
    "reasoning": "The implementation failed the test case where no subarray fulfills the condition",
    "success": false,
    "critique": "The issue in the implementation is due to the use of >= instead of > in the condition to update the result. Because of this, it returns a subarray even when the sum is greater than the target, as it still updates the result when the current subarray length is equal to the previous longest subarray length. To overcome this error, we should change the condition to only update the result when the current subarray length is strictly greater than the previous longest subarray length. This can be done by replacing >= with > in the condition."
}


Example 2:
[function impl]:
```python
def longest_subarray_with_sum_limit(nums: List[int], target: int) -> List[int]:
    n = len(nums)
    left, right = 0, 0
    max_length = 0
    current_sum = 0
    result = []
    while current_sum + nums[right] <= target:
        current_sum += nums[right]
        right += 1
    while right < n:
        current_sum += nums[right]
        while current_sum > target:
            current_sum -= nums[left]
            left += 1
        if right - left + 1 > max_length:
            max_length = right - left + 1
            result = nums[left:right+1]
        right += 1
    return result
```
[unit test results]:
Tests passing:
assert longest_subarray_with_sum_limit([], 10) == []
assert longest_subarray_with_sum_limit([], 0) == []
assert longest_subarray_with_sum_limit([], -5) == []
Tests failing:
assert longest_subarray_with_sum_limit([1, 2, 3, 4, 5], 8) == [1, 2, 3] # output: list index out of range
assert longest_subarray_with_sum_limit([1, 2, 3, 4, 5], 15) == [1, 2, 3, 4, 5] # output: list index out of range
assert longest_subarray_with_sum_limit([5, 6, 7, 8, 9], 4) == [] # output: list index out of range
assert longest_subarray_with_sum_limit([1, -1, 2, -2, 3, -3], 2) == [1, -1, 2, -2, 3] # output: list index out of range

RESPONSE:
{
    "reason": "The implementation failed 4 out of the 7 test cases due to an IndexError.",
    "success": false,
    "critique": "The issue stems from the while loop while current_sum + nums[right] <= target:, which directly accesses nums[right] without checking if right is within the bounds of the list. This results in a runtime error when right goes beyond the list length. To overcome this error, we need to add a bounds check for the right variable in the mentioned while loop. We can modify the loop condition to while right < len(nums) and current_sum + nums[right] <= target:. This change will ensure that we only access elements within the bounds of the list, thus avoiding the IndexError."
}


END OF EXAMPLES

INFO - [Task id] 42 [prompt] [Task]:
Write a Python function that takes a list of integers and returns a list of integers that are the unique elements in the list (appear only once) but sorted in ascending order.
[Context]: 
 Rough plan to accomplish the task (can be wrong): 
Answer: To accomplish the task of finding unique elements in a list of integers and returning them in sorted order, you can follow these conceptual steps:

1. **Count Occurrences**: Use a data structure to count how many times each integer appears in the list. A common choice for this is the `collections.Counter` class, which creates a dictionary-like object where keys are the list elements and values are their counts.

2. **Filter Unique Elements**: Iterate through the counted elements and select only those that have a count of one, indicating they are unique.

3. **Sort the Unique Elements**: Once you have the list of unique elements, sort them in ascending order. You can use the built-in `sorted()` function for this purpose.

4. **Return the Result**: Finally, return the sorted list of unique elements.

Here is a conceptual outline of the function:

```python
from collections import Counter

def unique_sorted_elements(input_list):
    # Step 1: Count occurrences
    counts = Counter(input_list)
    
    # Step 2: Filter unique elements
    unique_elements = [num for num, count in counts.items() if count == 1]
    
    # Step 3: Sort the unique elements
    sorted_unique_elements = sorted(unique_elements)
    
    # Step 4: Return the result
    return sorted_unique_elements
```

This function will take a list of integers, find the unique ones, sort them, and return the sorted list.


[function impl]:


def unique_sorted(int_list):
    counts = count_occurrences(int_list)
    unique_integers = [num for (num, count) in counts.items() if (count == 1)]
    sorted_unique_integers = sorted(unique_integers)
    return sorted_unique_integers

[unit test results]:
Tests passed:
assert unique_sorted([1, 2, 2, 3, 4, 4, 5]) == [1, 3, 5]
assert unique_sorted([5, 5, 5, 5]) == []
assert unique_sorted([3, 1, 2, 2, 4, 3, 5]) == [1, 4, 5]

Tests failed:
None

INFO - [Task id] 42 [generation text] 
INFO - {
    "reasoning": "The implementation successfully meets the task requirements as all unit tests passed without any errors.",
    "success": true,
    "critique": "Great job! Your implementation correctly identifies unique elements and returns them in sorted order. Keep up the good work!"
}
INFO - {
    "reasoning": "The implementation successfully meets the task requirements as all unit tests passed without any errors.",
    "success": true,
    "critique": "Great job! Your implementation correctly identifies unique elements and returns them in sorted order. Keep up the good work!"
}
INFO - [task_id]: 42 [Result]: True
INFO - LM call n parse attempt 1 / 3

INFO - [Task id] 42 [prompt] 
You are a helpful assistant that writes a description of the given function written in the Python programming language.

1) Do not mention the function name.
2) Do not mention anything about helper functions.
3) There might be some helper functions before the main function, but you only need to describe the main function.
4) Try to summarize the function in no more than 6 sentences.
5) Your response should be a single line of text.

INFO - [Task id] 42 [prompt] 

def unique_sorted(int_list):
    counts = count_occurrences(int_list)
    unique_integers = [num for (num, count) in counts.items() if (count == 1)]
    sorted_unique_integers = sorted(unique_integers)
    return sorted_unique_integers


The main function is `unique_sorted`.
INFO - [Task id] 42 [generation text] This function takes a list of integers as input and identifies the unique integers that appear only once in the list. It first counts the occurrences of each integer and then filters out those that occur more than once. The remaining unique integers are then sorted in ascending order. Finally, the function returns this sorted list of unique integers.
INFO - Num Completed Tasks: 40, Num Failed Tasks: 2
