INFO - DB skill doc count: 36

INFO - [train iter]: 39/100 

INFO - LM call n parse attempt 1 / 3

INFO - [Task id] 39 [prompt] 
You are a helpful assistant that asks questions to help me decide the next immediate task to do for Python programming.
My ultimate goal is to solve as many diverse problems as possible and become the best programmer in the world.

I will give you the following information:
Completed tasks so far: ...
Failed tasks that are too hard: ...

You must follow the following criteria:
1) You should ask at least 5 questions (but no more than 10 questions) to help me decide the next immediate task to do. Each question should be followed by the concept that the question is about.
2) Your question should be specific to a concept in Python programming.
  Bad example (the question is too general):
    Question: What is the best way to program in Python?
    Concept: unknown
  Good example:
    Question: How do you reverse a list?
    Concept: list
3) Your questions should be self-contained and not require any context.

Respond in JSON, and follow the keys and expected format of the values strictly.


Response format:
The output should be formatted as a JSON instance that conforms to the JSON schema below.

As an example, for the schema {"properties": {"foo": {"title": "Foo", "description": "a list of strings", "type": "array", "items": {"type": "string"}}}, "required": ["foo"]}
the object {"foo": ["bar", "baz"]} is a well-formatted instance of the schema. The object {"properties": {"foo": ["bar", "baz"]}} is not well-formatted.

Here is the output schema:
```
{"$defs": {"QuestionConcept": {"properties": {"question": {"description": "A question related to Python programming, to help me brainstorm the next immediate task to do", "title": "Question", "type": "string"}, "concept": {"description": "The Python programming concept associated with the question above", "title": "Concept", "type": "string"}}, "required": ["question", "concept"], "title": "QuestionConcept", "type": "object"}}, "properties": {"reasoning": {"description": "Reason out, step-by-step, why you picked these questions and concepts", "title": "Reasoning", "type": "string"}, "question_concept_list": {"description": "list of questions and their associated concepts", "items": {"$ref": "#/$defs/QuestionConcept"}, "title": "Question Concept List", "type": "array"}}, "required": ["reasoning", "question_concept_list"]}
```


INFO - [Task id] 39 [prompt] Completed tasks so far (do not give me these tasks again!): 
	Write a Python function that takes a list of integers and returns a new list containing only the even numbers from the original list.
	Write a Python function that takes a list of strings and returns a dictionary where the keys are the strings and the values are the number of times each string appears in the list.
	Write a Python function that takes a list of strings and returns a dictionary where the keys are the lengths of the strings and the values are lists of strings of that length.
	Write a Python function that takes a string and returns the first non-repeating character in it. If all characters repeat, return None.
	Write a Python function that takes a list of integers and returns a list of all unique pairs (as tuples) that sum up to a given target integer. The pairs should be sorted in ascending order, and each pair should be sorted as well.
	Write a Python function that takes a string and returns the longest substring without repeating characters.
	Write a Python function that takes two lists of integers and returns a list of their common elements. The result should not contain duplicates and should be sorted in ascending order.
	Write a Python function that takes a list of integers and sorts it in ascending order using the bubble sort algorithm. The function should return the sorted list.
	Write a Python function that takes a list of integers and returns a new list with the elements in reverse order.
	Write a Python function that takes a list of integers and returns the greatest common divisor (GCD) of the numbers in the list. Use the Euclidean algorithm to find the GCD.
	Write a Python function that takes a string and returns a new string with all the vowels removed. The function should be case-insensitive, meaning it should remove both uppercase and lowercase vowels.
	Write a Python function that takes two lists of integers and returns a list of integers that are present in both lists, without duplicates. Use set operations to achieve this.
	Write a Python function that takes a list of operations (as strings) and simulates a stack using a list. The operations can be 'push X' to push an integer X onto the stack, 'pop' to remove the top element, and 'peek' to return the top element without removing it. The function should return a list of results from the 'pop' and 'peek' operations.
	Write a Python function that takes two lists of integers and returns a list of integers that are present in either of the lists but not in both. The result should not contain duplicates and should be sorted in ascending order.
	Write a Python function that takes a list of integers and returns a dictionary where the keys are the integers and the values are the number of times each integer appears in the list. This will help practice using dictionaries for counting occurrences.
	Write a Python function that takes an integer n and returns a list of all prime numbers less than n. This will help you practice loops, conditionals, and understanding of prime numbers.
	Write a Python function that takes a string and a pattern (both strings) and returns True if the pattern is found in the string, and False otherwise. The function should perform a simple substring search.
	Write a Python function that calculates the factorial of a given non-negative integer using recursion. The function should return the factorial value.
	Write a Python function that takes a list of integers and returns the index of the first occurrence of the maximum value in the list. If the list is empty, return -1.
	Write a Python function that takes a list of integers and returns a list of the k largest elements in descending order. Use a min-heap to efficiently find the k largest elements.
	Write a Python function that takes a list of integers and returns a list of all integers that appear more than once in the list. The result should not contain duplicates and should be sorted in ascending order.
	Write a Python function that takes a list of integers and returns the list sorted in ascending order using the quicksort algorithm. This will help you practice implementing a classic sorting algorithm and understanding its recursive nature.
	Write a Python function that takes a string and returns True if the string is a palindrome (reads the same forwards and backwards), ignoring spaces, punctuation, and capitalization. Otherwise, return False.
	Write a Python function that takes a list of integers and returns a list of integers that appear only once in the original list. The result should be sorted in ascending order.
	Write a Python function that takes a string and a list of words, and returns a list of words from the list that are substrings of the given string. This will help practice string manipulation and searching techniques.
	Write a Python function that takes a list of integers and returns a list of integers that appear more than once in the list. The result should not contain duplicates and should be sorted in ascending order.
	Write a Python function that takes a list of integers and returns a list of integers that are duplicates in the original list. The result should not contain duplicates and should be sorted in ascending order. Use a set to efficiently find duplicates.
	Write a Python function that takes a string containing only the characters '(', ')', '{', '}', '[' and ']', and returns True if the input string is valid. An input string is valid if: 1. Open brackets must be closed by the same type of brackets. 2. Open brackets must be closed in the correct order. The function should return False otherwise.
	Write a Python function that takes a list of strings representing a postfix expression (Reverse Polish Notation) and returns the evaluated result as an integer. The function should use a stack to evaluate the expression.
	Write a Python function that takes a list of integers and returns the second largest unique integer in the list. If there is no such integer, return None. This task will help you practice using sets for unique elements and sorting techniques.
	Write a Python function that takes a list of integers and returns a dictionary where the keys are the integers and the values are lists of indices where each integer appears in the list. This will help practice using dictionaries to store lists and track multiple occurrences of elements.
	Write a Python function that takes a string and returns the first unique character in it. Use a dictionary to count the occurrences of each character. If there is no unique character, return None.
	Write a Python function that takes a binary tree (represented as a nested list) and returns the sum of all its nodes. The binary tree is represented as a list where the first element is the root value, the second element is the left subtree, and the third element is the right subtree. If a subtree is empty, it is represented as an empty list.
	Write a Python function that performs a breadth-first search (BFS) on a graph represented as an adjacency list. The function should take the graph and a starting node as inputs and return a list of nodes in the order they are visited.
	Write a Python function that takes a string and a pattern (both strings) and returns the starting index of the first occurrence of the pattern in the string. If the pattern is not found, return -1. This will help practice string manipulation and searching techniques.
	Write a Python function that takes a list of integers and returns the sum of all even numbers in the list. This task will help practice iterating through lists and applying conditional logic.

Failed tasks that are too hard: 
	Write a Python function that implements a queue using a list. The function should support enqueue (add an item to the end of the queue), dequeue (remove an item from the front of the queue), and is_empty (check if the queue is empty) operations. The function should return a tuple of results from these operations for testing purposes.
	Write a Python function that simulates a stack using a list. The function should support 'push' (add an item to the top of the stack), 'pop' (remove the item from the top of the stack), and 'peek' (return the item at the top of the stack without removing it) operations. The function should return a list of results from the 'pop' and 'peek' operations for testing purposes.
	Write a Python function that takes a list of integers and returns the maximum product of any two integers in the list. This will help practice iterating through lists and understanding pairwise comparisons.


INFO - [Task id] 39 [generation text] 
INFO - {
    "reasoning": "I selected these questions to cover a variety of Python programming concepts that have not been tackled yet. The questions focus on data structures, algorithms, and string manipulation, which are essential for a well-rounded understanding of Python. Additionally, they include both basic and slightly more advanced tasks to challenge your skills without being overwhelming.",
    "question_concept_list": [
        {
            "question": "How do you implement a queue using a list in Python?",
            "concept": "queue"
        },
        {
            "question": "What is the best way to find the maximum product of any two integers in a list?",
            "concept": "list"
        },
        {
            "question": "How can you implement a stack using a list in Python?",
            "concept": "stack"
        },
        {
            "question": "How do you perform a binary search on a sorted list?",
            "concept": "searching"
        },
        {
            "question": "What is the algorithm to find the longest common subsequence between two strings?",
            "concept": "dynamic programming"
        }
    ]
}
INFO - {
    "reasoning": "I selected these questions to cover a variety of Python programming concepts that have not been tackled yet. The questions focus on data structures, algorithms, and string manipulation, which are essential for a well-rounded understanding of Python. Additionally, they include both basic and slightly more advanced tasks to challenge your skills without being overwhelming.",
    "question_concept_list": [
        {
            "question": "How do you implement a queue using a list in Python?",
            "concept": "queue"
        },
        {
            "question": "What is the best way to find the maximum product of any two integers in a list?",
            "concept": "list"
        },
        {
            "question": "How can you implement a stack using a list in Python?",
            "concept": "stack"
        },
        {
            "question": "How do you perform a binary search on a sorted list?",
            "concept": "searching"
        },
        {
            "question": "What is the algorithm to find the longest common subsequence between two strings?",
            "concept": "dynamic programming"
        }
    ]
}
INFO - LM call n parse attempt 1 / 3

INFO - [Task id] 39 [prompt] 
You are a helpful assistant that answer my question about Python programming.

I will give you the following information:
Question: ...

You will answer the question based on the context (only if available and helpful) and your own knowledge of Python programming.
1) Start your answer with "Answer: ".
2) Answer "Answer: Unknown" if you don't know the answer.

INFO - [Task id] 39 [prompt] Question: How do you perform a binary search on a sorted list?
INFO - [Task id] 39 [generation text] Answer: To perform a binary search on a sorted list in Python, you can use the following steps:

1. Initialize two pointers, `low` and `high`, to the start and end of the list, respectively.
2. While `low` is less than or equal to `high`, calculate the middle index `mid` as the average of `low` and `high`.
3. Compare the middle element with the target value:
   - If the middle element is equal to the target, return the index `mid`.
   - If the middle element is less than the target, move the `low` pointer to `mid + 1`.
   - If the middle element is greater than the target, move the `high` pointer to `mid - 1`.
4. If the target is not found, return an indication that the target is not in the list (e.g., return -1).

Here is a sample implementation in Python:

```python
def binary_search(sorted_list, target):
    low = 0
    high = len(sorted_list) - 1

    while low <= high:
        mid = (low + high) // 2
        if sorted_list[mid] == target:
            return mid
        elif sorted_list[mid] < target:
            low = mid + 1
        else:
            high = mid - 1

    return -1  # Target not found
```

You can call this function with a sorted list and the target value you want to search for.
INFO - LM call n parse attempt 1 / 5

INFO - [Task id] 39 [prompt] 
You are a helpful assistant that tells me the next immediate task (in the form of a function) to do for Python programming. 
My ultimate goal is to solve as many diverse problems as possible and become the best programmer in the world.

I will give you the following information:
Question 1: ...
Answer: ...
Question 2: ...
Answer: ...
Question 3: ...
Answer: ...
...
Completed tasks so far: ...
Failed tasks that are too hard: ...

You must follow the following criteria:
1) You should act as a mentor and guide me to the next task based on my current learning progress. As a rule of thumb, guide me through beginner problems, followed by interview level problems, followed by competitive programming problems. The latter 2 levels can involve concepts from data structures and algorithms.
2) Please be very specific about what skills I need to learn.
3) Do not propose multiple tasks at the same time. Do not mention anything else.
4) The next task should not be too hard since I may not have learned enough skills to complete it yet.
5) The next task should be novel and interesting. I should look for problems which I have not solved yet. I should not be doing the same thing over and over again.
6) The task should involve writing a main Python function that at most use basic libraries (try not to import too many or too advanced modules)
7) Do not give tasks that require file operations (create, read, update, delete) or an internet connection.
8) I am only allowed to write Python functions, so do not require me to write other things (e.g. objects). 
9) Requiring me to write a function that takes in an object and uses object methods is still ok, but I cannot define the objects myself. You must provide the objects as input to my function in the assert statement.

Take note of these in your response:
1) Give an expected function name for the task.
2) Give a tuple of 3 assert statements that tests the function's correctness in the "test_tuple" field. This must strictly contain single-line assert statements only; any setup code for the test must be filled in the "test_setup_code" field.
3) The function name which you gave must be called in the assert statements. 

Respond in JSON, and follow the keys and expected format of the values strictly.


Response format:
The output should be formatted as a JSON instance that conforms to the JSON schema below.

As an example, for the schema {"properties": {"foo": {"title": "Foo", "description": "a list of strings", "type": "array", "items": {"type": "string"}}}, "required": ["foo"]}
the object {"foo": ["bar", "baz"]} is a well-formatted instance of the schema. The object {"properties": {"foo": ["bar", "baz"]}} is not well-formatted.

Here is the output schema:
```
{"properties": {"reasoning": {"description": "Based on the information listed above, reason about what the next task should be.", "title": "Reasoning", "type": "string"}, "task": {"description": "The next task, which requires me to write a single function. Be sure to state the expected data structure for inputs and outputs.", "title": "Task", "type": "string"}, "gt_fn_name": {"description": "The expected name for the single function for the task", "title": "Gt Fn Name", "type": "string"}, "test_setup_code": {"description": "setup code, if required. This will be run just before the assert statements are executed.", "title": "Test Setup Code", "type": "string"}, "test_tuple": {"description": "Tuple of 3 SINGLE-LINE test cases that starts with 'assert' to test the function's correctness.Any extra required code should be written in the test_setup_code field.", "items": {"type": "string"}, "maxItems": 3, "minItems": 3, "prefixItems": [{"type": "string"}, {"type": "string"}, {"type": "string"}], "title": "Test Tuple", "type": "array"}}, "required": ["reasoning", "task", "gt_fn_name", "test_setup_code", "test_tuple"]}
```


INFO - [Task id] 39 [prompt] 
Here's an example response:
{
    "reasoning": "The student has shown proficiency in basic Python syntax and list manipulation, but struggles with problems involving more complex algorithms and data structures. This task will help them practice using sets or dictionaries for efficient lookups, and understand the concept of algorithmic complexity.",
    "task": "Write a Python function that takes a list of integers and returns the tuple of two numbers that sum up to zero. If no such pair exists, return None.",
    "gt_fn_name": "find_zero_sum",
    "test_setup_code": "",
    "test_tuple": [
        "assert find_zero_sum([1, 2, 3, -2, -1]) == (2, -2)",
        "assert find_zero_sum([1, 2, 3, 4, 5]) == None",
        "assert find_zero_sum([1, 4, 3, -4, -1]) == (4, -4)"
    ]
}

INFO - [Task id] 39 [prompt] Question 1: How do you implement a queue using a list in Python?
Answer: You can implement a queue using a list in Python by utilizing the `append()` method to add elements to the end of the list and the `pop(0)` method to remove elements from the front of the list. Here is a simple example:

```python
class Queue:
    def __init__(self):
        self.queue = []

    def enqueue(self, item):
        self.queue.append(item)

    def dequeue(self):
        if not self.is_empty():
            return self.queue.pop(0)
        else:
            raise IndexError("dequeue from an empty queue")

    def is_empty(self):
        return len(self.queue) == 0

    def size(self):
        return len(self.queue)

# Example usage:
q = Queue()
q.enqueue(1)
q.enqueue(2)
q.enqueue(3)
print(q.dequeue())  # Output: 1
print(q.size())     # Output: 2
```

In this implementation:
- `enqueue` adds an item to the end of the queue.
- `dequeue` removes and returns the item from the front of the queue.
- `is_empty` checks if the queue is empty.
- `size` returns the number of items in the queue. 

Keep in mind that using a list for a queue can be inefficient for large queues because `pop(0)` has a time complexity of O(n). For better performance, consider using `collections.deque`, which is optimized for fast appends and pops from both ends.

Question 2: What is the best way to find the maximum product of any two integers in a list?
Answer: The best way to find the maximum product of any two integers in a list is to first identify the two largest integers in the list. You can do this efficiently in a single pass through the list. Here’s a simple approach:

1. Initialize two variables, `max1` and `max2`, to hold the largest and second largest integers, respectively.
2. Iterate through the list, updating `max1` and `max2` as you find larger integers.
3. The maximum product will be the product of `max1` and `max2`.

Here’s a sample implementation in Python:

```python
def max_product(nums):
    if len(nums) < 2:
        raise ValueError("At least two numbers are required")
    
    max1 = max2 = float('-inf')
    
    for num in nums:
        if num > max1:
            max2 = max1
            max1 = num
        elif num > max2:
            max2 = num
            
    return max1 * max2

# Example usage:
numbers = [3, 5, 1, 2, 4]
result = max_product(numbers)
print(result)  # Output: 20 (5 * 4)
```

This method runs in O(n) time complexity, making it efficient for large lists.

Question 3: How can you implement a stack using a list in Python?
Answer: You can implement a stack using a list in Python by utilizing the list's built-in methods. A stack follows the Last In First Out (LIFO) principle, which means that the last element added to the stack is the first one to be removed. Here’s a simple implementation:

```python
class Stack:
    def __init__(self):
        self.items = []

    def is_empty(self):
        return len(self.items) == 0

    def push(self, item):
        self.items.append(item)

    def pop(self):
        if not self.is_empty():
            return self.items.pop()
        else:
            raise IndexError("pop from empty stack")

    def peek(self):
        if not self.is_empty():
            return self.items[-1]
        else:
            raise IndexError("peek from empty stack")

    def size(self):
        return len(self.items)

# Example usage:
stack = Stack()
stack.push(1)
stack.push(2)
print(stack.pop())  # Output: 2
print(stack.peek()) # Output: 1
print(stack.size()) # Output: 1
```

In this implementation:
- `push(item)` adds an item to the top of the stack.
- `pop()` removes and returns the item from the top of the stack.
- `peek()` returns the item at the top of the stack without removing it.
- `is_empty()` checks if the stack is empty.
- `size()` returns the number of items in the stack.

Question 4: How do you perform a binary search on a sorted list?
Answer: To perform a binary search on a sorted list in Python, you can use the following steps:

1. Initialize two pointers, `low` and `high`, to the start and end of the list, respectively.
2. While `low` is less than or equal to `high`, calculate the middle index `mid` as the average of `low` and `high`.
3. Compare the middle element with the target value:
   - If the middle element is equal to the target, return the index `mid`.
   - If the middle element is less than the target, move the `low` pointer to `mid + 1`.
   - If the middle element is greater than the target, move the `high` pointer to `mid - 1`.
4. If the target is not found, return an indication that the target is not in the list (e.g., return -1).

Here is a sample implementation in Python:

```python
def binary_search(sorted_list, target):
    low = 0
    high = len(sorted_list) - 1

    while low <= high:
        mid = (low + high) // 2
        if sorted_list[mid] == target:
            return mid
        elif sorted_list[mid] < target:
            low = mid + 1
        else:
            high = mid - 1

    return -1  # Target not found
```

You can call this function with a sorted list and the target value you want to search for.

Question 5: What is the algorithm to find the longest common subsequence between two strings?
Answer: The algorithm to find the longest common subsequence (LCS) between two strings typically uses dynamic programming. Here’s a step-by-step outline of the algorithm:

1. **Define the Problem**: Given two strings, `X` of length `m` and `Y` of length `n`, the goal is to find the length of the longest subsequence present in both strings.

2. **Create a 2D Array**: Create a 2D array `L` of size `(m+1) x (n+1)`, where `L[i][j]` will hold the length of the LCS of `X[0...i-1]` and `Y[0...j-1]`.

3. **Initialize the Array**: Initialize the first row and first column of the array to 0, since the LCS of any string with an empty string is 0.

4. **Fill the Array**: Use nested loops to fill the array:
   - If `X[i-1] == Y[j-1]`, then `L[i][j] = L[i-1][j-1] + 1`.
   - Otherwise, `L[i][j] = max(L[i-1][j], L[i][j-1])`.

5. **Construct the LCS**: After filling the array, the length of the LCS will be found in `L[m][n]`. To construct the LCS string, backtrack from `L[m][n]`:
   - If `X[i-1] == Y[j-1]`, include that character in the LCS and move diagonally up-left in the array.
   - If not, move in the direction of the larger value (either up or left).

6. **Return the Result**: The length of the LCS and the LCS string can be returned.

Here is a simple implementation in Python:

```python
def longest_common_subsequence(X, Y):
    m = len(X)
    n = len(Y)
    L = [[0] * (n + 1) for _ in range(m + 1)]

    # Fill the L array
    for i in range(1, m + 1):
        for j in range(1, n + 1):
            if X[i - 1] == Y[j - 1]:
                L[i][j] = L[i - 1][j - 1] + 1
            else:
                L[i][j] = max(L[i - 1][j], L[i][j - 1])

    # Length of LCS
    lcs_length = L[m][n]

    # Backtrack to find the LCS string
    lcs = []
    i, j = m, n
    while i > 0 and j > 0:
        if X[i - 1] == Y[j - 1]:
            lcs.append(X[i - 1])
            i -= 1
            j -= 1
        elif L[i - 1][j] > L[i][j - 1]:
            i -= 1
        else:
            j -= 1

    lcs.reverse()  # The LCS is constructed in reverse order
    return lcs_length, ''.join(lcs)

# Example usage
X = "AGGTAB"
Y = "GXTXAYB"
length, lcs_string = longest_common_subsequence(X, Y)
print(f"Length of LCS: {length}, LCS: {lcs_string}")
```

This code will compute the length of the longest common subsequence and also return the subsequence itself.

Completed tasks so far (do not give me these tasks again!): 
	Write a Python function that takes a list of integers and returns a new list containing only the even numbers from the original list.
	Write a Python function that takes a list of strings and returns a dictionary where the keys are the strings and the values are the number of times each string appears in the list.
	Write a Python function that takes a list of strings and returns a dictionary where the keys are the lengths of the strings and the values are lists of strings of that length.
	Write a Python function that takes a string and returns the first non-repeating character in it. If all characters repeat, return None.
	Write a Python function that takes a list of integers and returns a list of all unique pairs (as tuples) that sum up to a given target integer. The pairs should be sorted in ascending order, and each pair should be sorted as well.
	Write a Python function that takes a string and returns the longest substring without repeating characters.
	Write a Python function that takes two lists of integers and returns a list of their common elements. The result should not contain duplicates and should be sorted in ascending order.
	Write a Python function that takes a list of integers and sorts it in ascending order using the bubble sort algorithm. The function should return the sorted list.
	Write a Python function that takes a list of integers and returns a new list with the elements in reverse order.
	Write a Python function that takes a list of integers and returns the greatest common divisor (GCD) of the numbers in the list. Use the Euclidean algorithm to find the GCD.
	Write a Python function that takes a string and returns a new string with all the vowels removed. The function should be case-insensitive, meaning it should remove both uppercase and lowercase vowels.
	Write a Python function that takes two lists of integers and returns a list of integers that are present in both lists, without duplicates. Use set operations to achieve this.
	Write a Python function that takes a list of operations (as strings) and simulates a stack using a list. The operations can be 'push X' to push an integer X onto the stack, 'pop' to remove the top element, and 'peek' to return the top element without removing it. The function should return a list of results from the 'pop' and 'peek' operations.
	Write a Python function that takes two lists of integers and returns a list of integers that are present in either of the lists but not in both. The result should not contain duplicates and should be sorted in ascending order.
	Write a Python function that takes a list of integers and returns a dictionary where the keys are the integers and the values are the number of times each integer appears in the list. This will help practice using dictionaries for counting occurrences.
	Write a Python function that takes an integer n and returns a list of all prime numbers less than n. This will help you practice loops, conditionals, and understanding of prime numbers.
	Write a Python function that takes a string and a pattern (both strings) and returns True if the pattern is found in the string, and False otherwise. The function should perform a simple substring search.
	Write a Python function that calculates the factorial of a given non-negative integer using recursion. The function should return the factorial value.
	Write a Python function that takes a list of integers and returns the index of the first occurrence of the maximum value in the list. If the list is empty, return -1.
	Write a Python function that takes a list of integers and returns a list of the k largest elements in descending order. Use a min-heap to efficiently find the k largest elements.
	Write a Python function that takes a list of integers and returns a list of all integers that appear more than once in the list. The result should not contain duplicates and should be sorted in ascending order.
	Write a Python function that takes a list of integers and returns the list sorted in ascending order using the quicksort algorithm. This will help you practice implementing a classic sorting algorithm and understanding its recursive nature.
	Write a Python function that takes a string and returns True if the string is a palindrome (reads the same forwards and backwards), ignoring spaces, punctuation, and capitalization. Otherwise, return False.
	Write a Python function that takes a list of integers and returns a list of integers that appear only once in the original list. The result should be sorted in ascending order.
	Write a Python function that takes a string and a list of words, and returns a list of words from the list that are substrings of the given string. This will help practice string manipulation and searching techniques.
	Write a Python function that takes a list of integers and returns a list of integers that appear more than once in the list. The result should not contain duplicates and should be sorted in ascending order.
	Write a Python function that takes a list of integers and returns a list of integers that are duplicates in the original list. The result should not contain duplicates and should be sorted in ascending order. Use a set to efficiently find duplicates.
	Write a Python function that takes a string containing only the characters '(', ')', '{', '}', '[' and ']', and returns True if the input string is valid. An input string is valid if: 1. Open brackets must be closed by the same type of brackets. 2. Open brackets must be closed in the correct order. The function should return False otherwise.
	Write a Python function that takes a list of strings representing a postfix expression (Reverse Polish Notation) and returns the evaluated result as an integer. The function should use a stack to evaluate the expression.
	Write a Python function that takes a list of integers and returns the second largest unique integer in the list. If there is no such integer, return None. This task will help you practice using sets for unique elements and sorting techniques.
	Write a Python function that takes a list of integers and returns a dictionary where the keys are the integers and the values are lists of indices where each integer appears in the list. This will help practice using dictionaries to store lists and track multiple occurrences of elements.
	Write a Python function that takes a string and returns the first unique character in it. Use a dictionary to count the occurrences of each character. If there is no unique character, return None.
	Write a Python function that takes a binary tree (represented as a nested list) and returns the sum of all its nodes. The binary tree is represented as a list where the first element is the root value, the second element is the left subtree, and the third element is the right subtree. If a subtree is empty, it is represented as an empty list.
	Write a Python function that performs a breadth-first search (BFS) on a graph represented as an adjacency list. The function should take the graph and a starting node as inputs and return a list of nodes in the order they are visited.
	Write a Python function that takes a string and a pattern (both strings) and returns the starting index of the first occurrence of the pattern in the string. If the pattern is not found, return -1. This will help practice string manipulation and searching techniques.
	Write a Python function that takes a list of integers and returns the sum of all even numbers in the list. This task will help practice iterating through lists and applying conditional logic.

Failed tasks that are too hard: 
	Write a Python function that implements a queue using a list. The function should support enqueue (add an item to the end of the queue), dequeue (remove an item from the front of the queue), and is_empty (check if the queue is empty) operations. The function should return a tuple of results from these operations for testing purposes.
	Write a Python function that simulates a stack using a list. The function should support 'push' (add an item to the top of the stack), 'pop' (remove the item from the top of the stack), and 'peek' (return the item at the top of the stack without removing it) operations. The function should return a list of results from the 'pop' and 'peek' operations for testing purposes.
	Write a Python function that takes a list of integers and returns the maximum product of any two integers in the list. This will help practice iterating through lists and understanding pairwise comparisons.


INFO - [Task id] 39 [generation text] 
INFO - {
    "reasoning": "The student has demonstrated proficiency in basic data structures and algorithms, including stacks, queues, and searching techniques. They have also tackled problems involving lists, strings, and dictionaries. To continue building on these skills, a task involving a simple algorithmic problem that requires understanding of number properties and iteration would be beneficial. This will help reinforce their understanding of loops and conditionals, as well as introduce them to mathematical problem-solving in programming.",
    "task": "Write a Python function that takes an integer n and returns a list of all perfect squares less than n. A perfect square is an integer that is the square of an integer. This task will help practice loops, conditionals, and understanding of number properties.",
    "gt_fn_name": "find_perfect_squares",
    "test_setup_code": "",
    "test_tuple": [
        "assert find_perfect_squares(10) == [1, 4, 9]",
        "assert find_perfect_squares(20) == [1, 4, 9, 16]",
        "assert find_perfect_squares(1) == []"
    ]
}
INFO - {
    "reasoning": "The student has demonstrated proficiency in basic data structures and algorithms, including stacks, queues, and searching techniques. They have also tackled problems involving lists, strings, and dictionaries. To continue building on these skills, a task involving a simple algorithmic problem that requires understanding of number properties and iteration would be beneficial. This will help reinforce their understanding of loops and conditionals, as well as introduce them to mathematical problem-solving in programming.",
    "task": "Write a Python function that takes an integer n and returns a list of all perfect squares less than n. A perfect square is an integer that is the square of an integer. This task will help practice loops, conditionals, and understanding of number properties.",
    "gt_fn_name": "find_perfect_squares",
    "test_setup_code": "",
    "test_tuple": [
        "assert find_perfect_squares(10) == [1, 4, 9]",
        "assert find_perfect_squares(20) == [1, 4, 9, 16]",
        "assert find_perfect_squares(1) == []"
    ]
}
INFO - The task prompt is Write a Python function that takes an integer n and returns a list of all perfect squares less than n. A perfect square is an integer that is the square of an integer. This task will help practice loops, conditionals, and understanding of number properties.
You must strictly follow the function n...

INFO - LM call n parse attempt 1 / 3

INFO - [Task id] 39 [prompt] 
You are a helpful assistant that answer my question about Python programming.

I will give you the following information:
Question: ...

You will answer the question based on the context (only if available and helpful) and your own knowledge of Python programming.
1) Start your answer with "Answer: ".
2) Answer "Answer: Unknown" if you don't know the answer.

INFO - [Task id] 39 [prompt] Question: Explain at a conceptual level, how to accomplish the below task in Python programming?
Write a Python function that takes an integer n and returns a list of all perfect squares less than n. A perfect square is an integer that is the square of an integer. This task will help practice loops, conditionals, and understanding of number properties.
INFO - [Task id] 39 [generation text] Answer: To accomplish the task of writing a Python function that returns a list of all perfect squares less than a given integer `n`, you can follow these conceptual steps:

1. **Define the Function**: Start by defining a function that takes an integer `n` as an argument.

2. **Initialize an Empty List**: Create an empty list to store the perfect squares.

3. **Use a Loop**: Use a loop to iterate through integers starting from 0. For each integer, calculate its square.

4. **Check the Condition**: Inside the loop, check if the square of the current integer is less than `n`. If it is, append it to the list of perfect squares.

5. **Stop the Loop**: Continue the loop until the square of the current integer is no longer less than `n`.

6. **Return the List**: After the loop, return the list of perfect squares.

Here is a conceptual outline of the function:

```python
def perfect_squares(n):
    squares = []  # Step 2: Initialize an empty list
    i = 0  # Start with the first integer
    while True:  # Step 3: Use a loop
        square = i * i  # Calculate the square
        if square < n:  # Step 4: Check the condition
            squares.append(square)  # Append to the list
        else:
            break  # Step 5: Stop the loop if the condition is not met
        i += 1  # Move to the next integer
    return squares  # Step 6: Return the list
```

This function effectively collects all perfect squares less than `n` by iterating through integers, calculating their squares, and checking if they meet the specified condition.
INFO - Attempting task_id 39
INFO - [35m Rollout attempt 1/4[0m
INFO - [33m Retrieving 5 entries for db: skill 
 [0m
INFO - [33m find_primes_less_than, find_gcd_of_list, filter_even_numbers, reverse_list, recursive_factorial[0m
INFO - LM call n parse attempt 1 / 3

INFO - [Task id] 39 [prompt] You are a helpful assistant that writes python code to solve a task specified by me.

Here are some useful functions written earlier which you can reuse or reference.


[Entry]:


    def find_primes_less_than(n):
        primes = []
        for num in range(2, n):
            is_prime = True
            for i in range(2, (int((num ** 0.5)) + 1)):
                if ((num % i) == 0):
                    is_prime = False
                    break
            if is_prime:
                primes.append(num)
        return primes

[/Entry]

[Entry]:


    def gcd(a, b):
        while (b != 0):
            (a, b) = (b, (a % b))
        return a




    def find_gcd_of_list(numbers):
        if (not numbers):
            return None
        current_gcd = numbers[0]
        for num in numbers[1:]:
            current_gcd = gcd(current_gcd, num)
        return current_gcd

[/Entry]

[Entry]:


    def filter_even_numbers(input_list):
        even_numbers = []
        for number in input_list:
            if ((number % 2) == 0):
                even_numbers.append(number)
        return even_numbers

[/Entry]

[Entry]:


    def reverse_list(input_list):
        return input_list[::(- 1)]

[/Entry]

[Entry]:


    def recursive_factorial(n):
        if (n == 0):
            return 1
        else:
            return (n * recursive_factorial((n - 1)))

[/Entry]






At each round of conversation, I will give you
[Environment feedback] (after executing code) ...
[Code from the last round] ...
[Task] ...
[Context] ...
[Critique] ...

You should then respond to me with
Explain (if applicable): Are there any steps missing in your plan? Why does the code not complete the task? What does the chat log and execution error imply?
Plan: How to complete the task step by step. 
Code:
    1) Reuse or reference the above useful programs if necessary.
    2) Your function will be reused for building more complex functions. Therefore, you should make it generic and reusable. 
    3) Functions in the "Code from the last round" section will not be saved or executed. Do not reuse functions listed there.
    4) Anything defined outside a function will be ignored, define all your variables inside your functions.
    5) Do not write infinite loops.
    6) If the task specifies a function name to be used, follow it strictly (be case sensitive!). Else, name your function in a meaningful way (can infer the task from the name).
    7) Your code should only contain elements that solve the task, so DO NOT write any assert statements / tests
    8) The context in the [Context] tag serves as a casual tip (which can be wrong) to help you on the task, but your priority is to follow instructions in the [Task] tag.

You should only respond in the format as described below:
RESPONSE FORMAT:

Explain: ...
Plan:
1) ...
2) ...
3) ...
...
Code:
```python
# helper functions (only if needed, try to avoid them)
...
# main function after the helper functions
def yourMainFunctionName(args):
  # ...

```


INFO - [Task id] 39 [prompt] [Environment feedback]
None

[Code from the last round]
No code in the first round

[Task]
Write a Python function that takes an integer n and returns a list of all perfect squares less than n. A perfect square is an integer that is the square of an integer. This task will help practice loops, conditionals, and understanding of number properties.
You must strictly follow the function name: find_perfect_squares

[Context]
Rough plan to accomplish the task (can be wrong): 
Answer: To accomplish the task of writing a Python function that returns a list of all perfect squares less than a given integer `n`, you can follow these conceptual steps:

1. **Define the Function**: Start by defining a function that takes an integer `n` as an argument.

2. **Initialize an Empty List**: Create an empty list to store the perfect squares.

3. **Use a Loop**: Use a loop to iterate through integers starting from 0. For each integer, calculate its square.

4. **Check the Condition**: Inside the loop, check if the square of the current integer is less than `n`. If it is, append it to the list of perfect squares.

5. **Stop the Loop**: Continue the loop until the square of the current integer is no longer less than `n`.

6. **Return the List**: After the loop, return the list of perfect squares.

Here is a conceptual outline of the function:

```python
def perfect_squares(n):
    squares = []  # Step 2: Initialize an empty list
    i = 0  # Start with the first integer
    while True:  # Step 3: Use a loop
        square = i * i  # Calculate the square
        if square < n:  # Step 4: Check the condition
            squares.append(square)  # Append to the list
        else:
            break  # Step 5: Stop the loop if the condition is not met
        i += 1  # Move to the next integer
    return squares  # Step 6: Return the list
```

This function effectively collects all perfect squares less than `n` by iterating through integers, calculating their squares, and checking if they meet the specified condition.


[Critique]
None


INFO - [Task id] 39 [generation text] Plan:
1. Define a function named `find_perfect_squares` that takes an integer `n` as an argument.
2. Initialize an empty list called `squares` to store the perfect squares.
3. Use a loop to iterate through integers starting from 0. For each integer, calculate its square.
4. Check if the square of the current integer is less than `n`. If it is, append it to the `squares` list.
5. Stop the loop when the square of the current integer is no longer less than `n`.
6. Return the `squares` list after the loop completes.

Code:
```python
def find_perfect_squares(n):
    squares = []  # Initialize an empty list to store perfect squares
    i = 0  # Start with the first integer
    while True:
        square = i * i  # Calculate the square of the current integer
        if square < n:  # Check if the square is less than n
            squares.append(square)  # Append the square to the list
        else:
            break  # Stop the loop if the square is not less than n
        i += 1  # Move to the next integer
    return squares  # Return the list of perfect squares
```
INFO - program_code:
 

def find_perfect_squares(n):
    squares = []
    i = 0
    while True:
        square = (i * i)
        if (square < n):
            squares.append(square)
        else:
            break
        i += 1
    return squares


INFO - program_name:
 find_perfect_squares

INFO - dependencies:
 []

INFO - raw_msg:
 Plan:
1. Define a function named `find_perfect_squares` that takes an integer `n` as an argument.
2. Initialize an empty list called `squares` to store the perfect squares.
3. Use a loop to iterate through integers starting from 0. For each integer, calculate its square.
4. Check if the square of the current integer is less than `n`. If it is, append it to the `squares` list.
5. Stop the loop when the square of the current integer is no longer less than `n`.
6. Return the `squares` list after the loop completes.

Code:
```python
def find_perfect_squares(n):
    squares = []  # Initialize an empty list to store perfect squares
    i = 0  # Start with the first integer
    while True:
        square = i * i  # Calculate the square of the current integer
        if square < n:  # Check if the square is less than n
            squares.append(square)  # Append the square to the list
        else:
            break  # Stop the loop if the square is not less than n
        i += 1  # Move to the next integer
    return squares  # Return the list of perfect squares
```

INFO - no_parent:
 True

INFO - full code to be executed: 
 

def find_perfect_squares(n):
    squares = []
    i = 0
    while True:
        square = (i * i)
        if (square < n):
            squares.append(square)
        else:
            break
        i += 1
    return squares


INFO - obs: Tests passed:
None

Tests failed:
assert find_perfect_squares(10) == [1, 4, 9] # output: [0, 1, 4, 9]
assert find_perfect_squares(20) == [1, 4, 9, 16] # output: [0, 1, 4, 9, 16]
assert find_perfect_squares(1) == [] # output: [0]
reward: False
done: None
info: {'individual_results': (False, False, False)}
INFO - LM call n parse attempt 1 / 5

INFO - [Task id] 39 [prompt] 
You are a Python programming assistant that assesses my progress of Python programming and provides useful guidance.

I will give you the following information:

[Task]: The objective I need to accomplish.
[Context]: The context of the task. Serves as a casual tip (which can be wrong) to help me on the task, but my priority is to follow instructions in the Task tag.
[function impl]: My function implementation that is intended to complete the task
[unit test results]: The results after executing my function implementation on the unit tests

Your first goal is to use these info to evaluate if I have met the task requirements, and explain why. 
It is possible that the unit test results all pass, but the code does not accomplish the task (eg by failing to accomplish the task in scenarios not covered by the unit tests)
It is also possible that the unit tests are wrong in the first place, though the code accomplishes the task and fails the unit test.

If I have not met the task requirements, write a few sentences to explain why the function implementation is wrong as indicated by the tests. 
You will need this as guidance when you try again later.
Only provide the few sentence description in your answer, not the implementation. 
Suggest how the function implementation can be changed, NOT the test cases (assert statements)

You should only respond in JSON format as described below:
The output should be formatted as a JSON instance that conforms to the JSON schema below.

As an example, for the schema {"properties": {"foo": {"title": "Foo", "description": "a list of strings", "type": "array", "items": {"type": "string"}}}, "required": ["foo"]}
the object {"foo": ["bar", "baz"]} is a well-formatted instance of the schema. The object {"properties": {"foo": ["bar", "baz"]}} is not well-formatted.

Here is the output schema:
```
{"description": "Represents the critique of a task attempt, including reasoning, success status, and suggestions for improvement.\n\nAttributes:\n    reasoning (str): Explanation of why the task was succeeded or failed.\n    success (bool): Indicates whether the task requirements were met.\n    critique (str): Suggestions or critique to help improve future task attempts.", "properties": {"reasoning": {"description": "reason why I have succeeded or failed at the task", "title": "Reasoning", "type": "string"}, "success": {"description": "evaluate if I have met the task requirements", "title": "Success", "type": "boolean"}, "critique": {"description": "critique to help me improve", "title": "Critique", "type": "string"}}, "required": ["reasoning", "success", "critique"]}
```

INFO - [Task id] 39 [prompt] 
Here are some examples:

Example 1:
[function impl]:
```python
def longest_subarray_with_sum_limit(nums: List[int], target: int) -> List[int]:
    n = len(nums)
    left, right = 0, 0
    max_length = 0
    current_sum = 0
    result = []
    while right < n:
        current_sum += nums[right]
        while current_sum > target:
            current_sum -= nums[left]
            left += 1
        if right - left + 1 >= max_length:
            max_length = right - left + 1
            result = nums[left:right+1]
        right += 1
    return result
```
[unit test results]:
Tests passing:
assert longest_subarray_with_sum_limit([1, 2, 3, 4, 5], 8) == [1, 2, 3]
assert longest_subarray_with_sum_limit([1, 2, 3, 4, 5], 15) == [1, 2, 3, 4, 5]
assert longest_subarray_with_sum_limit([1, -1, 2, -2, 3, -3], 2) == [1, -1, 2, -2, 3]
assert longest_subarray_with_sum_limit([], 10) == []
assert longest_subarray_with_sum_limit([], 0) == []
assert longest_subarray_with_sum_limit([], -5) == []  
Tests failing:
assert longest_subarray_with_sum_limit([5, 6, 7, 8, 9], 4) == [] # output: [5]

RESPONSE:
{
    "reasoning": "The implementation failed the test case where no subarray fulfills the condition",
    "success": false,
    "critique": "The issue in the implementation is due to the use of >= instead of > in the condition to update the result. Because of this, it returns a subarray even when the sum is greater than the target, as it still updates the result when the current subarray length is equal to the previous longest subarray length. To overcome this error, we should change the condition to only update the result when the current subarray length is strictly greater than the previous longest subarray length. This can be done by replacing >= with > in the condition."
}


Example 2:
[function impl]:
```python
def longest_subarray_with_sum_limit(nums: List[int], target: int) -> List[int]:
    n = len(nums)
    left, right = 0, 0
    max_length = 0
    current_sum = 0
    result = []
    while current_sum + nums[right] <= target:
        current_sum += nums[right]
        right += 1
    while right < n:
        current_sum += nums[right]
        while current_sum > target:
            current_sum -= nums[left]
            left += 1
        if right - left + 1 > max_length:
            max_length = right - left + 1
            result = nums[left:right+1]
        right += 1
    return result
```
[unit test results]:
Tests passing:
assert longest_subarray_with_sum_limit([], 10) == []
assert longest_subarray_with_sum_limit([], 0) == []
assert longest_subarray_with_sum_limit([], -5) == []
Tests failing:
assert longest_subarray_with_sum_limit([1, 2, 3, 4, 5], 8) == [1, 2, 3] # output: list index out of range
assert longest_subarray_with_sum_limit([1, 2, 3, 4, 5], 15) == [1, 2, 3, 4, 5] # output: list index out of range
assert longest_subarray_with_sum_limit([5, 6, 7, 8, 9], 4) == [] # output: list index out of range
assert longest_subarray_with_sum_limit([1, -1, 2, -2, 3, -3], 2) == [1, -1, 2, -2, 3] # output: list index out of range

RESPONSE:
{
    "reason": "The implementation failed 4 out of the 7 test cases due to an IndexError.",
    "success": false,
    "critique": "The issue stems from the while loop while current_sum + nums[right] <= target:, which directly accesses nums[right] without checking if right is within the bounds of the list. This results in a runtime error when right goes beyond the list length. To overcome this error, we need to add a bounds check for the right variable in the mentioned while loop. We can modify the loop condition to while right < len(nums) and current_sum + nums[right] <= target:. This change will ensure that we only access elements within the bounds of the list, thus avoiding the IndexError."
}


END OF EXAMPLES

INFO - [Task id] 39 [prompt] [Task]:
Write a Python function that takes an integer n and returns a list of all perfect squares less than n. A perfect square is an integer that is the square of an integer. This task will help practice loops, conditionals, and understanding of number properties.
[Context]: 
 Rough plan to accomplish the task (can be wrong): 
Answer: To accomplish the task of writing a Python function that returns a list of all perfect squares less than a given integer `n`, you can follow these conceptual steps:

1. **Define the Function**: Start by defining a function that takes an integer `n` as an argument.

2. **Initialize an Empty List**: Create an empty list to store the perfect squares.

3. **Use a Loop**: Use a loop to iterate through integers starting from 0. For each integer, calculate its square.

4. **Check the Condition**: Inside the loop, check if the square of the current integer is less than `n`. If it is, append it to the list of perfect squares.

5. **Stop the Loop**: Continue the loop until the square of the current integer is no longer less than `n`.

6. **Return the List**: After the loop, return the list of perfect squares.

Here is a conceptual outline of the function:

```python
def perfect_squares(n):
    squares = []  # Step 2: Initialize an empty list
    i = 0  # Start with the first integer
    while True:  # Step 3: Use a loop
        square = i * i  # Calculate the square
        if square < n:  # Step 4: Check the condition
            squares.append(square)  # Append to the list
        else:
            break  # Step 5: Stop the loop if the condition is not met
        i += 1  # Move to the next integer
    return squares  # Step 6: Return the list
```

This function effectively collects all perfect squares less than `n` by iterating through integers, calculating their squares, and checking if they meet the specified condition.


[function impl]:


def find_perfect_squares(n):
    squares = []
    i = 0
    while True:
        square = (i * i)
        if (square < n):
            squares.append(square)
        else:
            break
        i += 1
    return squares

[unit test results]:
Tests passed:
None

Tests failed:
assert find_perfect_squares(10) == [1, 4, 9] # output: [0, 1, 4, 9]
assert find_perfect_squares(20) == [1, 4, 9, 16] # output: [0, 1, 4, 9, 16]
assert find_perfect_squares(1) == [] # output: [0]

INFO - [Task id] 39 [generation text] 
INFO - {
    "reasoning": "The function implementation is incorrect because it includes 0 as a perfect square in the output list. The task requires perfect squares less than n, and 0 is not typically considered a perfect square in this context. The test cases expect the list to start from 1, not 0. This is why the test cases are failing.",
    "success": false,
    "critique": "To fix the implementation, start the loop with i = 1 instead of i = 0. This will ensure that 0 is not included in the list of perfect squares, aligning the output with the expected results of the test cases."
}
INFO - {
    "reasoning": "The function implementation is incorrect because it includes 0 as a perfect square in the output list. The task requires perfect squares less than n, and 0 is not typically considered a perfect square in this context. The test cases expect the list to start from 1, not 0. This is why the test cases are failing.",
    "success": false,
    "critique": "To fix the implementation, start the loop with i = 1 instead of i = 0. This will ensure that 0 is not included in the list of perfect squares, aligning the output with the expected results of the test cases."
}
INFO - [35m Rollout attempt 2/4[0m
INFO - [33m Retrieving 5 entries for db: skill 
 [0m
INFO - [33m find_primes_less_than, filter_even_numbers, find_gcd_of_list, reverse_list, recursive_factorial[0m
INFO - LM call n parse attempt 1 / 3

INFO - [Task id] 39 [prompt] You are a helpful assistant that writes python code to solve a task specified by me.

Here are some useful functions written earlier which you can reuse or reference.


[Entry]:


    def find_primes_less_than(n):
        primes = []
        for num in range(2, n):
            is_prime = True
            for i in range(2, (int((num ** 0.5)) + 1)):
                if ((num % i) == 0):
                    is_prime = False
                    break
            if is_prime:
                primes.append(num)
        return primes

[/Entry]

[Entry]:


    def filter_even_numbers(input_list):
        even_numbers = []
        for number in input_list:
            if ((number % 2) == 0):
                even_numbers.append(number)
        return even_numbers

[/Entry]

[Entry]:


    def gcd(a, b):
        while (b != 0):
            (a, b) = (b, (a % b))
        return a




    def find_gcd_of_list(numbers):
        if (not numbers):
            return None
        current_gcd = numbers[0]
        for num in numbers[1:]:
            current_gcd = gcd(current_gcd, num)
        return current_gcd

[/Entry]

[Entry]:


    def reverse_list(input_list):
        return input_list[::(- 1)]

[/Entry]

[Entry]:


    def recursive_factorial(n):
        if (n == 0):
            return 1
        else:
            return (n * recursive_factorial((n - 1)))

[/Entry]






At each round of conversation, I will give you
[Environment feedback] (after executing code) ...
[Code from the last round] ...
[Task] ...
[Context] ...
[Critique] ...

You should then respond to me with
Explain (if applicable): Are there any steps missing in your plan? Why does the code not complete the task? What does the chat log and execution error imply?
Plan: How to complete the task step by step. 
Code:
    1) Reuse or reference the above useful programs if necessary.
    2) Your function will be reused for building more complex functions. Therefore, you should make it generic and reusable. 
    3) Functions in the "Code from the last round" section will not be saved or executed. Do not reuse functions listed there.
    4) Anything defined outside a function will be ignored, define all your variables inside your functions.
    5) Do not write infinite loops.
    6) If the task specifies a function name to be used, follow it strictly (be case sensitive!). Else, name your function in a meaningful way (can infer the task from the name).
    7) Your code should only contain elements that solve the task, so DO NOT write any assert statements / tests
    8) The context in the [Context] tag serves as a casual tip (which can be wrong) to help you on the task, but your priority is to follow instructions in the [Task] tag.

You should only respond in the format as described below:
RESPONSE FORMAT:

Explain: ...
Plan:
1) ...
2) ...
3) ...
...
Code:
```python
# helper functions (only if needed, try to avoid them)
...
# main function after the helper functions
def yourMainFunctionName(args):
  # ...

```


INFO - [Task id] 39 [prompt] [Environment feedback]
Tests passed:
None

Tests failed:
assert find_perfect_squares(10) == [1, 4, 9] # output: [0, 1, 4, 9]
assert find_perfect_squares(20) == [1, 4, 9, 16] # output: [0, 1, 4, 9, 16]
assert find_perfect_squares(1) == [] # output: [0]

[Code from the last round]


def find_perfect_squares(n):
    squares = []
    i = 0
    while True:
        square = (i * i)
        if (square < n):
            squares.append(square)
        else:
            break
        i += 1
    return squares


[Task]
Write a Python function that takes an integer n and returns a list of all perfect squares less than n. A perfect square is an integer that is the square of an integer. This task will help practice loops, conditionals, and understanding of number properties.
You must strictly follow the function name: find_perfect_squares

[Context]
Rough plan to accomplish the task (can be wrong): 
Answer: To accomplish the task of writing a Python function that returns a list of all perfect squares less than a given integer `n`, you can follow these conceptual steps:

1. **Define the Function**: Start by defining a function that takes an integer `n` as an argument.

2. **Initialize an Empty List**: Create an empty list to store the perfect squares.

3. **Use a Loop**: Use a loop to iterate through integers starting from 0. For each integer, calculate its square.

4. **Check the Condition**: Inside the loop, check if the square of the current integer is less than `n`. If it is, append it to the list of perfect squares.

5. **Stop the Loop**: Continue the loop until the square of the current integer is no longer less than `n`.

6. **Return the List**: After the loop, return the list of perfect squares.

Here is a conceptual outline of the function:

```python
def perfect_squares(n):
    squares = []  # Step 2: Initialize an empty list
    i = 0  # Start with the first integer
    while True:  # Step 3: Use a loop
        square = i * i  # Calculate the square
        if square < n:  # Step 4: Check the condition
            squares.append(square)  # Append to the list
        else:
            break  # Step 5: Stop the loop if the condition is not met
        i += 1  # Move to the next integer
    return squares  # Step 6: Return the list
```

This function effectively collects all perfect squares less than `n` by iterating through integers, calculating their squares, and checking if they meet the specified condition.


[Critique]
To fix the implementation, start the loop with i = 1 instead of i = 0. This will ensure that 0 is not included in the list of perfect squares, aligning the output with the expected results of the test cases.


INFO - [Task id] 39 [generation text] Explain: The issue with the current implementation is that it starts the loop with `i = 0`, which results in `0` being included in the list of perfect squares. Since `0` is not considered a perfect square in this context, we should start the loop with `i = 1` to exclude it.

Plan:
1. Define the function `find_perfect_squares` that takes an integer `n` as an argument.
2. Initialize an empty list `squares` to store the perfect squares.
3. Use a loop starting with `i = 1` to iterate through integers.
4. For each integer `i`, calculate its square.
5. Check if the square is less than `n`. If it is, append it to the list `squares`.
6. Stop the loop when the square is no longer less than `n`.
7. Return the list `squares`.

Code:
```python
def find_perfect_squares(n):
    squares = []  # Initialize an empty list
    i = 1  # Start with the first integer greater than 0
    while True:
        square = i * i  # Calculate the square
        if square < n:  # Check if the square is less than n
            squares.append(square)  # Append to the list
        else:
            break  # Stop the loop if the condition is not met
        i += 1  # Move to the next integer
    return squares  # Return the list
```
INFO - program_code:
 

def find_perfect_squares(n):
    squares = []
    i = 1
    while True:
        square = (i * i)
        if (square < n):
            squares.append(square)
        else:
            break
        i += 1
    return squares


INFO - program_name:
 find_perfect_squares

INFO - dependencies:
 []

INFO - raw_msg:
 Explain: The issue with the current implementation is that it starts the loop with `i = 0`, which results in `0` being included in the list of perfect squares. Since `0` is not considered a perfect square in this context, we should start the loop with `i = 1` to exclude it.

Plan:
1. Define the function `find_perfect_squares` that takes an integer `n` as an argument.
2. Initialize an empty list `squares` to store the perfect squares.
3. Use a loop starting with `i = 1` to iterate through integers.
4. For each integer `i`, calculate its square.
5. Check if the square is less than `n`. If it is, append it to the list `squares`.
6. Stop the loop when the square is no longer less than `n`.
7. Return the list `squares`.

Code:
```python
def find_perfect_squares(n):
    squares = []  # Initialize an empty list
    i = 1  # Start with the first integer greater than 0
    while True:
        square = i * i  # Calculate the square
        if square < n:  # Check if the square is less than n
            squares.append(square)  # Append to the list
        else:
            break  # Stop the loop if the condition is not met
        i += 1  # Move to the next integer
    return squares  # Return the list
```

INFO - no_parent:
 True

INFO - full code to be executed: 
 

def find_perfect_squares(n):
    squares = []
    i = 1
    while True:
        square = (i * i)
        if (square < n):
            squares.append(square)
        else:
            break
        i += 1
    return squares


INFO - obs: Tests passed:
assert find_perfect_squares(10) == [1, 4, 9]
assert find_perfect_squares(20) == [1, 4, 9, 16]
assert find_perfect_squares(1) == []

Tests failed:
None
reward: True
done: None
info: {'individual_results': (True, True, True)}
INFO - LM call n parse attempt 1 / 5

INFO - [Task id] 39 [prompt] 
You are a Python programming assistant that assesses my progress of Python programming and provides useful guidance.

I will give you the following information:

[Task]: The objective I need to accomplish.
[Context]: The context of the task. Serves as a casual tip (which can be wrong) to help me on the task, but my priority is to follow instructions in the Task tag.
[function impl]: My function implementation that is intended to complete the task
[unit test results]: The results after executing my function implementation on the unit tests

Your first goal is to use these info to evaluate if I have met the task requirements, and explain why. 
It is possible that the unit test results all pass, but the code does not accomplish the task (eg by failing to accomplish the task in scenarios not covered by the unit tests)
It is also possible that the unit tests are wrong in the first place, though the code accomplishes the task and fails the unit test.

If I have not met the task requirements, write a few sentences to explain why the function implementation is wrong as indicated by the tests. 
You will need this as guidance when you try again later.
Only provide the few sentence description in your answer, not the implementation. 
Suggest how the function implementation can be changed, NOT the test cases (assert statements)

You should only respond in JSON format as described below:
The output should be formatted as a JSON instance that conforms to the JSON schema below.

As an example, for the schema {"properties": {"foo": {"title": "Foo", "description": "a list of strings", "type": "array", "items": {"type": "string"}}}, "required": ["foo"]}
the object {"foo": ["bar", "baz"]} is a well-formatted instance of the schema. The object {"properties": {"foo": ["bar", "baz"]}} is not well-formatted.

Here is the output schema:
```
{"description": "Represents the critique of a task attempt, including reasoning, success status, and suggestions for improvement.\n\nAttributes:\n    reasoning (str): Explanation of why the task was succeeded or failed.\n    success (bool): Indicates whether the task requirements were met.\n    critique (str): Suggestions or critique to help improve future task attempts.", "properties": {"reasoning": {"description": "reason why I have succeeded or failed at the task", "title": "Reasoning", "type": "string"}, "success": {"description": "evaluate if I have met the task requirements", "title": "Success", "type": "boolean"}, "critique": {"description": "critique to help me improve", "title": "Critique", "type": "string"}}, "required": ["reasoning", "success", "critique"]}
```

INFO - [Task id] 39 [prompt] 
Here are some examples:

Example 1:
[function impl]:
```python
def longest_subarray_with_sum_limit(nums: List[int], target: int) -> List[int]:
    n = len(nums)
    left, right = 0, 0
    max_length = 0
    current_sum = 0
    result = []
    while right < n:
        current_sum += nums[right]
        while current_sum > target:
            current_sum -= nums[left]
            left += 1
        if right - left + 1 >= max_length:
            max_length = right - left + 1
            result = nums[left:right+1]
        right += 1
    return result
```
[unit test results]:
Tests passing:
assert longest_subarray_with_sum_limit([1, 2, 3, 4, 5], 8) == [1, 2, 3]
assert longest_subarray_with_sum_limit([1, 2, 3, 4, 5], 15) == [1, 2, 3, 4, 5]
assert longest_subarray_with_sum_limit([1, -1, 2, -2, 3, -3], 2) == [1, -1, 2, -2, 3]
assert longest_subarray_with_sum_limit([], 10) == []
assert longest_subarray_with_sum_limit([], 0) == []
assert longest_subarray_with_sum_limit([], -5) == []  
Tests failing:
assert longest_subarray_with_sum_limit([5, 6, 7, 8, 9], 4) == [] # output: [5]

RESPONSE:
{
    "reasoning": "The implementation failed the test case where no subarray fulfills the condition",
    "success": false,
    "critique": "The issue in the implementation is due to the use of >= instead of > in the condition to update the result. Because of this, it returns a subarray even when the sum is greater than the target, as it still updates the result when the current subarray length is equal to the previous longest subarray length. To overcome this error, we should change the condition to only update the result when the current subarray length is strictly greater than the previous longest subarray length. This can be done by replacing >= with > in the condition."
}


Example 2:
[function impl]:
```python
def longest_subarray_with_sum_limit(nums: List[int], target: int) -> List[int]:
    n = len(nums)
    left, right = 0, 0
    max_length = 0
    current_sum = 0
    result = []
    while current_sum + nums[right] <= target:
        current_sum += nums[right]
        right += 1
    while right < n:
        current_sum += nums[right]
        while current_sum > target:
            current_sum -= nums[left]
            left += 1
        if right - left + 1 > max_length:
            max_length = right - left + 1
            result = nums[left:right+1]
        right += 1
    return result
```
[unit test results]:
Tests passing:
assert longest_subarray_with_sum_limit([], 10) == []
assert longest_subarray_with_sum_limit([], 0) == []
assert longest_subarray_with_sum_limit([], -5) == []
Tests failing:
assert longest_subarray_with_sum_limit([1, 2, 3, 4, 5], 8) == [1, 2, 3] # output: list index out of range
assert longest_subarray_with_sum_limit([1, 2, 3, 4, 5], 15) == [1, 2, 3, 4, 5] # output: list index out of range
assert longest_subarray_with_sum_limit([5, 6, 7, 8, 9], 4) == [] # output: list index out of range
assert longest_subarray_with_sum_limit([1, -1, 2, -2, 3, -3], 2) == [1, -1, 2, -2, 3] # output: list index out of range

RESPONSE:
{
    "reason": "The implementation failed 4 out of the 7 test cases due to an IndexError.",
    "success": false,
    "critique": "The issue stems from the while loop while current_sum + nums[right] <= target:, which directly accesses nums[right] without checking if right is within the bounds of the list. This results in a runtime error when right goes beyond the list length. To overcome this error, we need to add a bounds check for the right variable in the mentioned while loop. We can modify the loop condition to while right < len(nums) and current_sum + nums[right] <= target:. This change will ensure that we only access elements within the bounds of the list, thus avoiding the IndexError."
}


END OF EXAMPLES

INFO - [Task id] 39 [prompt] [Task]:
Write a Python function that takes an integer n and returns a list of all perfect squares less than n. A perfect square is an integer that is the square of an integer. This task will help practice loops, conditionals, and understanding of number properties.
[Context]: 
 Rough plan to accomplish the task (can be wrong): 
Answer: To accomplish the task of writing a Python function that returns a list of all perfect squares less than a given integer `n`, you can follow these conceptual steps:

1. **Define the Function**: Start by defining a function that takes an integer `n` as an argument.

2. **Initialize an Empty List**: Create an empty list to store the perfect squares.

3. **Use a Loop**: Use a loop to iterate through integers starting from 0. For each integer, calculate its square.

4. **Check the Condition**: Inside the loop, check if the square of the current integer is less than `n`. If it is, append it to the list of perfect squares.

5. **Stop the Loop**: Continue the loop until the square of the current integer is no longer less than `n`.

6. **Return the List**: After the loop, return the list of perfect squares.

Here is a conceptual outline of the function:

```python
def perfect_squares(n):
    squares = []  # Step 2: Initialize an empty list
    i = 0  # Start with the first integer
    while True:  # Step 3: Use a loop
        square = i * i  # Calculate the square
        if square < n:  # Step 4: Check the condition
            squares.append(square)  # Append to the list
        else:
            break  # Step 5: Stop the loop if the condition is not met
        i += 1  # Move to the next integer
    return squares  # Step 6: Return the list
```

This function effectively collects all perfect squares less than `n` by iterating through integers, calculating their squares, and checking if they meet the specified condition.


[function impl]:


def find_perfect_squares(n):
    squares = []
    i = 1
    while True:
        square = (i * i)
        if (square < n):
            squares.append(square)
        else:
            break
        i += 1
    return squares

[unit test results]:
Tests passed:
assert find_perfect_squares(10) == [1, 4, 9]
assert find_perfect_squares(20) == [1, 4, 9, 16]
assert find_perfect_squares(1) == []

Tests failed:
None

INFO - [Task id] 39 [generation text] 
INFO - {
    "reasoning": "The function implementation correctly follows the task requirements by iterating through integers, calculating their squares, and appending them to a list if they are less than the given integer n. The loop stops when the square is no longer less than n, ensuring that only valid perfect squares are included. The unit tests confirm that the function behaves as expected for various inputs, including edge cases.",
    "success": true,
    "critique": "The function implementation is correct and meets the task requirements. No changes are necessary. The function efficiently calculates and returns all perfect squares less than the given integer n."
}
INFO - {
    "reasoning": "The function implementation correctly follows the task requirements by iterating through integers, calculating their squares, and appending them to a list if they are less than the given integer n. The loop stops when the square is no longer less than n, ensuring that only valid perfect squares are included. The unit tests confirm that the function behaves as expected for various inputs, including edge cases.",
    "success": true,
    "critique": "The function implementation is correct and meets the task requirements. No changes are necessary. The function efficiently calculates and returns all perfect squares less than the given integer n."
}
INFO - [task_id]: 39 [Result]: True
INFO - LM call n parse attempt 1 / 3

INFO - [Task id] 39 [prompt] 
You are a helpful assistant that writes a description of the given function written in the Python programming language.

1) Do not mention the function name.
2) Do not mention anything about helper functions.
3) There might be some helper functions before the main function, but you only need to describe the main function.
4) Try to summarize the function in no more than 6 sentences.
5) Your response should be a single line of text.

INFO - [Task id] 39 [prompt] 

def find_perfect_squares(n):
    squares = []
    i = 1
    while True:
        square = (i * i)
        if (square < n):
            squares.append(square)
        else:
            break
        i += 1
    return squares


The main function is `find_perfect_squares`.
INFO - [Task id] 39 [generation text] This function generates a list of perfect squares that are less than a given integer n. It initializes an empty list to store the squares and uses a loop to calculate the square of consecutive integers starting from 1. If the calculated square is less than n, it adds the square to the list; otherwise, it breaks the loop. The process continues until the square exceeds or equals n. Finally, it returns the list of perfect squares found.
INFO - Num Completed Tasks: 37, Num Failed Tasks: 3
