INFO - DB skill doc count: 21

INFO - [train iter]: 25/100 

INFO - LM call n parse attempt 1 / 3

INFO - [Task id] 25 [prompt] 
You are a helpful assistant that asks questions to help me decide the next immediate task to do for Python programming.
My ultimate goal is to solve as many diverse problems as possible and become the best programmer in the world.

I will give you the following information:
Completed tasks so far: ...
Failed tasks that are too hard: ...

You must follow the following criteria:
1) You should ask at least 5 questions (but no more than 10 questions) to help me decide the next immediate task to do. Each question should be followed by the concept that the question is about.
2) Your question should be specific to a concept in Python programming.
  Bad example (the question is too general):
    Question: What is the best way to program in Python?
    Concept: unknown
  Good example:
    Question: How do you reverse a list?
    Concept: list
3) Your questions should be self-contained and not require any context.

Respond in JSON, and follow the keys and expected format of the values strictly.


Response format:
The output should be formatted as a JSON instance that conforms to the JSON schema below.

As an example, for the schema {"properties": {"foo": {"title": "Foo", "description": "a list of strings", "type": "array", "items": {"type": "string"}}}, "required": ["foo"]}
the object {"foo": ["bar", "baz"]} is a well-formatted instance of the schema. The object {"properties": {"foo": ["bar", "baz"]}} is not well-formatted.

Here is the output schema:
```
{"$defs": {"QuestionConcept": {"properties": {"question": {"description": "A question related to Python programming, to help me brainstorm the next immediate task to do", "title": "Question", "type": "string"}, "concept": {"description": "The Python programming concept associated with the question above", "title": "Concept", "type": "string"}}, "required": ["question", "concept"], "title": "QuestionConcept", "type": "object"}}, "properties": {"reasoning": {"description": "Reason out, step-by-step, why you picked these questions and concepts", "title": "Reasoning", "type": "string"}, "question_concept_list": {"description": "list of questions and their associated concepts", "items": {"$ref": "#/$defs/QuestionConcept"}, "title": "Question Concept List", "type": "array"}}, "required": ["reasoning", "question_concept_list"]}
```


INFO - [Task id] 25 [prompt] Completed tasks so far (do not give me these tasks again!): 
	Write a Python function that takes a list of integers and returns a new list with the squares of all the numbers. The function should not modify the original list.
	Write a Python function that takes a list of integers and returns a new list containing only the unique elements from the original list. The order of elements in the returned list does not matter.
	Write a Python function that takes a list of integers and returns a set containing all the elements that appear more than once in the list.
	Write a Python function that calculates the factorial of a given non-negative integer. The factorial of a non-negative integer n is the product of all positive integers less than or equal to n. It is denoted by n!.
	Write a Python function that takes a string and returns True if the string is a palindrome, and False otherwise. The function should be case-insensitive and ignore all non-alphanumeric characters.
	Write a Python function that takes a dictionary and a key, and returns the value associated with the key. If the key does not exist in the dictionary, the function should return 'Key not found.'
	Write a Python function that takes a list of integers and returns the first recurring character. If there is no recurring character, return None.
	Write a Python function that takes a list of integers and returns a new list with the integers sorted in ascending order using the bubble sort algorithm.
	Write a Python function that takes a string and returns the first non-repeating character in it. If all characters repeat or the string is empty, return None.
	Write a Python function that simulates a producer-consumer scenario using a queue. The function should take a list of integers as input, where each integer represents an item produced. The function should process (consume) each item by simply printing it and then return the number of items consumed. Use a simple list to simulate the queue behavior.
	Write a Python function that takes an integer n and returns the nth Fibonacci number. The Fibonacci sequence is a series of numbers where each number is the sum of the two preceding ones, usually starting with 0 and 1. The function should use recursion to calculate the result.
	Write a Python function that takes a string and returns the length of the longest substring without repeating characters.
	Write a Python function that takes a list of strings and returns a new list with the strings sorted based on the number of vowels they contain. The sort should be in descending order, and in case of a tie, the strings should be sorted alphabetically.
	Write a Python function that takes a string and returns the character that appears the most frequently in the string. If there is a tie, return the character that appears first in the string. If the string is empty, return None.
	Write a Python function that takes a string representing a mathematical expression consisting of non-negative integers and the plus sign (+) and returns the result of the expression. The function should assume that the input is always a valid expression and that there are no spaces between numbers and operators.
	Write a Python function that takes an integer n and returns the sum of all integers from 1 to n using recursion.
	Write a Python function that takes a list of integers and returns a new list with the integers sorted in ascending order using the selection sort algorithm.
	Write a Python function that takes a string containing only '(', ')', '{', '}', '[' and ']', and determines if the input string is valid. A string is considered valid if brackets are closed in the correct order. For example, "()" and "()[]{}" are valid, but "(]" and "([)]" are not.
	Write a Python function that simulates a basic queue system. The function should take a list of integers representing people's ticket numbers and return the ticket number of the person who will be served last. Use the deque from the collections module to implement the queue.
	Write a Python function that takes two lists of integers and returns a list containing the elements that are common to both lists without duplicates. The order of the elements in the returned list does not matter.
	Write a Python function that takes a list of integers and returns the kth largest element in the list. The function should use a min-heap to efficiently find the kth largest element.

Failed tasks that are too hard: 
	Write a Python function that takes a list of integers and returns the largest product that can be obtained by multiplying any two numbers from the list.
	Write a Python function that takes a sorted list of integers and an integer target value, and returns a tuple of two numbers from the list that add up to the target value. If no such pair exists, return None.
	Write a Python function that takes a list of strings representing a postfix expression (each element being a number or an operator) and returns the result of the expression. The function should handle the four basic arithmetic operations: addition, subtraction, multiplication, and division.
	Write a Python function that takes a list of integers and returns the length of the longest consecutive elements sequence. The sequence must be composed of consecutive integers, regardless of their order in the original list.


INFO - [Task id] 25 [generation text] 
INFO - {
    "reasoning": "The questions selected cover a range of Python programming concepts that are fundamental and will help in building a strong foundation. They include data structures like lists and dictionaries, algorithms for sorting and searching, string manipulation, and recursion. These concepts are essential for solving diverse problems and will enhance problem-solving skills.",
    "question_concept_list": [
        {
            "question": "How do you implement a binary search algorithm in Python?",
            "concept": "searching algorithms"
        },
        {
            "question": "What is the difference between a list and a tuple in Python, and when would you use each?",
            "concept": "data structures"
        },
        {
            "question": "How can you merge two dictionaries in Python?",
            "concept": "dictionaries"
        },
        {
            "question": "What are list comprehensions and how do you use them in Python?",
            "concept": "list comprehensions"
        },
        {
            "question": "How do you handle exceptions in Python using try and except?",
            "concept": "exception handling"
        }
    ]
}
INFO - {
    "reasoning": "The questions selected cover a range of Python programming concepts that are fundamental and will help in building a strong foundation. They include data structures like lists and dictionaries, algorithms for sorting and searching, string manipulation, and recursion. These concepts are essential for solving diverse problems and will enhance problem-solving skills.",
    "question_concept_list": [
        {
            "question": "How do you implement a binary search algorithm in Python?",
            "concept": "searching algorithms"
        },
        {
            "question": "What is the difference between a list and a tuple in Python, and when would you use each?",
            "concept": "data structures"
        },
        {
            "question": "How can you merge two dictionaries in Python?",
            "concept": "dictionaries"
        },
        {
            "question": "What are list comprehensions and how do you use them in Python?",
            "concept": "list comprehensions"
        },
        {
            "question": "How do you handle exceptions in Python using try and except?",
            "concept": "exception handling"
        }
    ]
}
INFO - LM call n parse attempt 1 / 5

INFO - [Task id] 25 [prompt] 
You are a helpful assistant that tells me the next immediate task (in the form of a function) to do for Python programming. 
My ultimate goal is to solve as many diverse problems as possible and become the best programmer in the world.

I will give you the following information:
Question 1: ...
Answer: ...
Question 2: ...
Answer: ...
Question 3: ...
Answer: ...
...
Completed tasks so far: ...
Failed tasks that are too hard: ...

You must follow the following criteria:
1) You should act as a mentor and guide me to the next task based on my current learning progress. As a rule of thumb, guide me through beginner problems, followed by interview level problems, followed by competitive programming problems. The latter 2 levels can involve concepts from data structures and algorithms.
2) Please be very specific about what skills I need to learn.
3) Do not propose multiple tasks at the same time. Do not mention anything else.
4) The next task should not be too hard since I may not have learned enough skills to complete it yet.
5) The next task should be novel and interesting. I should look for problems which I have not solved yet. I should not be doing the same thing over and over again.
6) The task should involve writing a main Python function that at most use basic libraries (try not to import too many or too advanced modules)
7) Do not give tasks that require file operations (create, read, update, delete) or an internet connection.
8) I am only allowed to write Python functions, so do not require me to write other things (e.g. objects). 
9) Requiring me to write a function that takes in an object and uses object methods is still ok, but I cannot define the objects myself. You must provide the objects as input to my function in the assert statement.

Take note of these in your response:
1) Give an expected function name for the task.
2) Give a tuple of 3 assert statements that tests the function's correctness in the "test_tuple" field. This must strictly contain single-line assert statements only; any setup code for the test must be filled in the "test_setup_code" field.
3) The function name which you gave must be called in the assert statements. 

Respond in JSON, and follow the keys and expected format of the values strictly.


Response format:
The output should be formatted as a JSON instance that conforms to the JSON schema below.

As an example, for the schema {"properties": {"foo": {"title": "Foo", "description": "a list of strings", "type": "array", "items": {"type": "string"}}}, "required": ["foo"]}
the object {"foo": ["bar", "baz"]} is a well-formatted instance of the schema. The object {"properties": {"foo": ["bar", "baz"]}} is not well-formatted.

Here is the output schema:
```
{"properties": {"reasoning": {"description": "Based on the information listed above, reason about what the next task should be.", "title": "Reasoning", "type": "string"}, "task": {"description": "The next task, which requires me to write a single function. Be sure to state the expected data structure for inputs and outputs.", "title": "Task", "type": "string"}, "gt_fn_name": {"description": "The expected name for the single function for the task", "title": "Gt Fn Name", "type": "string"}, "test_setup_code": {"description": "setup code, if required. This will be run just before the assert statements are executed.", "title": "Test Setup Code", "type": "string"}, "test_tuple": {"description": "Tuple of 3 SINGLE-LINE test cases that starts with 'assert' to test the function's correctness.Any extra required code should be written in the test_setup_code field.", "items": {"type": "string"}, "maxItems": 3, "minItems": 3, "prefixItems": [{"type": "string"}, {"type": "string"}, {"type": "string"}], "title": "Test Tuple", "type": "array"}}, "required": ["reasoning", "task", "gt_fn_name", "test_setup_code", "test_tuple"]}
```


INFO - [Task id] 25 [prompt] 
Here's an example response:
{
    "reasoning": "The student has shown proficiency in basic Python syntax and list manipulation, but struggles with problems involving more complex algorithms and data structures. This task will help them practice using sets or dictionaries for efficient lookups, and understand the concept of algorithmic complexity.",
    "task": "Write a Python function that takes a list of integers and returns the tuple of two numbers that sum up to zero. If no such pair exists, return None.",
    "gt_fn_name": "find_zero_sum",
    "test_setup_code": "",
    "test_tuple": [
        "assert find_zero_sum([1, 2, 3, -2, -1]) == (2, -2)",
        "assert find_zero_sum([1, 2, 3, 4, 5]) == None",
        "assert find_zero_sum([1, 4, 3, -4, -1]) == (4, -4)"
    ]
}

INFO - [Task id] 25 [prompt] Question 1: How do you implement a binary search algorithm in Python?
Answer: To implement a binary search algorithm in Python, you can use either an iterative or a recursive approach. Below are examples of both methods.

### Iterative Approach

```python
def binary_search_iterative(arr, target):
    left, right = 0, len(arr) - 1
    
    while left <= right:
        mid = left + (right - left) // 2  # To avoid overflow
        
        if arr[mid] == target:
            return mid  # Target found
        elif arr[mid] < target:
            left = mid + 1  # Search in the right half
        else:
            right = mid - 1  # Search in the left half
            
    return -1  # Target not found
```

### Recursive Approach

```python
def binary_search_recursive(arr, target, left, right):
    if left > right:
        return -1  # Target not found
    
    mid = left + (right - left) // 2  # To avoid overflow
    
    if arr[mid] == target:
        return mid  # Target found
    elif arr[mid] < target:
        return binary_search_recursive(arr, target, mid + 1, right)  # Search in the right half
    else:
        return binary_search_recursive(arr, target, left, mid - 1)  # Search in the left half

# To use the recursive function, call it like this:
# result = binary_search_recursive(arr, target, 0, len(arr) - 1)
```

### Usage Example

```python
arr = [1, 2, 3, 4, 5, 6, 7, 8, 9]
target = 5

# Using iterative approach
result_iterative = binary_search_iterative(arr, target)
print("Iterative result:", result_iterative)

# Using recursive approach
result_recursive = binary_search_recursive(arr, target, 0, len(arr) - 1)
print("Recursive result:", result_recursive)
```

Make sure the array is sorted before performing a binary search, as the algorithm assumes a sorted input.

Question 2: What is the difference between a list and a tuple in Python, and when would you use each?
Answer: The main differences between a list and a tuple in Python are:

1. **Mutability**: 
   - Lists are mutable, meaning you can change their content (add, remove, or modify elements) after they are created.
   - Tuples are immutable, meaning once they are created, their content cannot be changed.

2. **Syntax**: 
   - Lists are defined using square brackets, e.g., `my_list = [1, 2, 3]`.
   - Tuples are defined using parentheses, e.g., `my_tuple = (1, 2, 3)`.

3. **Performance**: 
   - Tuples can be slightly more memory-efficient and faster than lists due to their immutability, which allows for optimizations.

4. **Use Cases**:
   - Use a list when you need a collection of items that may change over time, such as a list of user inputs or a collection of items that you will modify.
   - Use a tuple when you need a fixed collection of items that should not change, such as coordinates (x, y) or a set of constants.

In summary, choose lists for mutable collections and tuples for immutable collections.

Question 3: How do you merge two dictionaries in Python?
Answer: You can merge two dictionaries in Python using several methods. Here are a few common ways:

1. **Using the `update()` method**:
   ```python
   dict1 = {'a': 1, 'b': 2}
   dict2 = {'b': 3, 'c': 4}
   dict1.update(dict2)
   # dict1 is now {'a': 1, 'b': 3, 'c': 4}
   ```

2. **Using the `**` unpacking operator (Python 3.5+)**:
   ```python
   dict1 = {'a': 1, 'b': 2}
   dict2 = {'b': 3, 'c': 4}
   merged_dict = {**dict1, **dict2}
   # merged_dict is {'a': 1, 'b': 3, 'c': 4}
   ```

3. **Using the `|` operator (Python 3.9+)**:
   ```python
   dict1 = {'a': 1, 'b': 2}
   dict2 = {'b': 3, 'c': 4}
   merged_dict = dict1 | dict2
   # merged_dict is {'a': 1, 'b': 3, 'c': 4}
   ```

4. **Using dictionary comprehension**:
   ```python
   dict1 = {'a': 1, 'b': 2}
   dict2 = {'b': 3, 'c': 4}
   merged_dict = {k: v for d in (dict1, dict2) for k, v in d.items()}
   # merged_dict is {'a': 1, 'b': 3, 'c': 4}
   ```

Choose the method that best fits your needs based on the version of Python you are using and your specific requirements.

Question 4: What are list comprehensions and how do you use them?
Answer: List comprehensions are a concise way to create lists in Python. They provide a syntactic shortcut for generating lists based on existing lists or other iterable objects. The basic syntax of a list comprehension is:

```python
[expression for item in iterable if condition]
```

- `expression` is the value to be included in the new list.
- `item` is the variable that takes the value of each element in the iterable.
- `iterable` is any Python iterable (like a list, tuple, or string).
- `condition` is an optional filter that determines whether the `expression` should be included in the new list.

Here are a few examples of how to use list comprehensions:

1. **Creating a list of squares:**
   ```python
   squares = [x**2 for x in range(10)]
   # squares will be [0, 1, 4, 9, 16, 25, 36, 49, 64, 81]
   ```

2. **Filtering even numbers:**
   ```python
   even_numbers = [x for x in range(20) if x % 2 == 0]
   # even_numbers will be [0, 2, 4, 6, 8, 10, 12, 14, 16, 18]
   ```

3. **Converting strings to uppercase:**
   ```python
   words = ['hello', 'world', 'python']
   uppercase_words = [word.upper() for word in words]
   # uppercase_words will be ['HELLO', 'WORLD', 'PYTHON']
   ```

List comprehensions can make your code more readable and concise, especially when dealing with simple transformations and filtering of lists.

Question 5: How can you handle exceptions in Python using try and except?
Answer: In Python, you can handle exceptions using the `try` and `except` blocks. The code that might raise an exception is placed inside the `try` block, and the code that handles the exception is placed inside the `except` block. Here’s a basic example:

```python
try:
    # Code that may raise an exception
    result = 10 / 0  # This will raise a ZeroDivisionError
except ZeroDivisionError:
    # Code that runs if a ZeroDivisionError occurs
    print("You cannot divide by zero!")
except Exception as e:
    # Code that runs for any other exception
    print(f"An error occurred: {e}")
else:
    # Code that runs if no exception occurs
    print(f"The result is {result}")
finally:
    # Code that runs no matter what (optional)
    print("Execution completed.")
```

In this example:
- The `try` block contains code that may raise an exception.
- The `except` block catches specific exceptions (like `ZeroDivisionError`) and handles them.
- The `else` block runs if no exceptions were raised in the `try` block.
- The `finally` block runs regardless of whether an exception occurred or not, which is useful for cleanup actions.

Completed tasks so far (do not give me these tasks again!): 
	Write a Python function that takes a list of integers and returns a new list with the squares of all the numbers. The function should not modify the original list.
	Write a Python function that takes a list of integers and returns a new list containing only the unique elements from the original list. The order of elements in the returned list does not matter.
	Write a Python function that takes a list of integers and returns a set containing all the elements that appear more than once in the list.
	Write a Python function that calculates the factorial of a given non-negative integer. The factorial of a non-negative integer n is the product of all positive integers less than or equal to n. It is denoted by n!.
	Write a Python function that takes a string and returns True if the string is a palindrome, and False otherwise. The function should be case-insensitive and ignore all non-alphanumeric characters.
	Write a Python function that takes a dictionary and a key, and returns the value associated with the key. If the key does not exist in the dictionary, the function should return 'Key not found.'
	Write a Python function that takes a list of integers and returns the first recurring character. If there is no recurring character, return None.
	Write a Python function that takes a list of integers and returns a new list with the integers sorted in ascending order using the bubble sort algorithm.
	Write a Python function that takes a string and returns the first non-repeating character in it. If all characters repeat or the string is empty, return None.
	Write a Python function that simulates a producer-consumer scenario using a queue. The function should take a list of integers as input, where each integer represents an item produced. The function should process (consume) each item by simply printing it and then return the number of items consumed. Use a simple list to simulate the queue behavior.
	Write a Python function that takes an integer n and returns the nth Fibonacci number. The Fibonacci sequence is a series of numbers where each number is the sum of the two preceding ones, usually starting with 0 and 1. The function should use recursion to calculate the result.
	Write a Python function that takes a string and returns the length of the longest substring without repeating characters.
	Write a Python function that takes a list of strings and returns a new list with the strings sorted based on the number of vowels they contain. The sort should be in descending order, and in case of a tie, the strings should be sorted alphabetically.
	Write a Python function that takes a string and returns the character that appears the most frequently in the string. If there is a tie, return the character that appears first in the string. If the string is empty, return None.
	Write a Python function that takes a string representing a mathematical expression consisting of non-negative integers and the plus sign (+) and returns the result of the expression. The function should assume that the input is always a valid expression and that there are no spaces between numbers and operators.
	Write a Python function that takes an integer n and returns the sum of all integers from 1 to n using recursion.
	Write a Python function that takes a list of integers and returns a new list with the integers sorted in ascending order using the selection sort algorithm.
	Write a Python function that takes a string containing only '(', ')', '{', '}', '[' and ']', and determines if the input string is valid. A string is considered valid if brackets are closed in the correct order. For example, "()" and "()[]{}" are valid, but "(]" and "([)]" are not.
	Write a Python function that simulates a basic queue system. The function should take a list of integers representing people's ticket numbers and return the ticket number of the person who will be served last. Use the deque from the collections module to implement the queue.
	Write a Python function that takes two lists of integers and returns a list containing the elements that are common to both lists without duplicates. The order of the elements in the returned list does not matter.
	Write a Python function that takes a list of integers and returns the kth largest element in the list. The function should use a min-heap to efficiently find the kth largest element.

Failed tasks that are too hard: 
	Write a Python function that takes a list of integers and returns the largest product that can be obtained by multiplying any two numbers from the list.
	Write a Python function that takes a sorted list of integers and an integer target value, and returns a tuple of two numbers from the list that add up to the target value. If no such pair exists, return None.
	Write a Python function that takes a list of strings representing a postfix expression (each element being a number or an operator) and returns the result of the expression. The function should handle the four basic arithmetic operations: addition, subtraction, multiplication, and division.
	Write a Python function that takes a list of integers and returns the length of the longest consecutive elements sequence. The sequence must be composed of consecutive integers, regardless of their order in the original list.


INFO - [Task id] 25 [generation text] 
INFO - {
    "reasoning": "The student has successfully completed tasks involving basic data structures like lists, dictionaries, and sets, as well as algorithms like sorting and searching. They have also worked with recursion and string manipulation. However, they struggled with more complex problems involving dynamic programming and advanced data structures. The next task should reinforce their understanding of algorithms and data structures without being too complex. It should involve a common algorithmic pattern that they have not yet practiced.",
    "task": "Write a Python function that takes a list of integers and returns the length of the longest increasing subsequence in the list. The function should not modify the original list.",
    "gt_fn_name": "length_of_lis",
    "test_setup_code": "",
    "test_tuple": [
        "assert length_of_lis([10, 9, 2, 5, 3, 7, 101, 18]) == 4",
        "assert length_of_lis([0, 1, 0, 3, 2, 3]) == 4",
        "assert length_of_lis([7, 7, 7, 7, 7, 7, 7]) == 1"
    ]
}
INFO - {
    "reasoning": "The student has successfully completed tasks involving basic data structures like lists, dictionaries, and sets, as well as algorithms like sorting and searching. They have also worked with recursion and string manipulation. However, they struggled with more complex problems involving dynamic programming and advanced data structures. The next task should reinforce their understanding of algorithms and data structures without being too complex. It should involve a common algorithmic pattern that they have not yet practiced.",
    "task": "Write a Python function that takes a list of integers and returns the length of the longest increasing subsequence in the list. The function should not modify the original list.",
    "gt_fn_name": "length_of_lis",
    "test_setup_code": "",
    "test_tuple": [
        "assert length_of_lis([10, 9, 2, 5, 3, 7, 101, 18]) == 4",
        "assert length_of_lis([0, 1, 0, 3, 2, 3]) == 4",
        "assert length_of_lis([7, 7, 7, 7, 7, 7, 7]) == 1"
    ]
}
INFO - The task prompt is Write a Python function that takes a list of integers and returns the length of the longest increasing subsequence in the list. The function should not modify the original list.
You must strictly follow the function name: length_of_lis

INFO - LM call n parse attempt 1 / 3

INFO - [Task id] 25 [prompt] 
You are a helpful assistant that answer my question about Python programming.

I will give you the following information:
Question: ...

You will answer the question based on the context (only if available and helpful) and your own knowledge of Python programming.
1) Start your answer with "Answer: ".
2) Answer "Answer: Unknown" if you don't know the answer.

INFO - [Task id] 25 [prompt] Question: Explain at a conceptual level, how to accomplish the below task in Python programming?
Write a Python function that takes a list of integers and returns the length of the longest increasing subsequence in the list. The function should not modify the original list.
INFO - [Task id] 25 [generation text] Answer: To accomplish the task of finding the length of the longest increasing subsequence (LIS) in a list of integers without modifying the original list, you can follow these conceptual steps:

1. **Understanding the Problem**: The longest increasing subsequence is a subsequence of a sequence where the elements are in increasing order and are not necessarily contiguous. For example, in the list `[10, 9, 2, 5, 3, 7, 101, 18]`, the longest increasing subsequence is `[2, 3, 7, 101]`, which has a length of 4.

2. **Dynamic Programming Approach**: A common method to solve this problem is using dynamic programming. You can maintain an array (or list) where each element at index `i` represents the length of the longest increasing subsequence that ends with the element at index `i` of the original list.

3. **Initialization**: Start by initializing a list `dp` of the same length as the input list, where each element is set to 1. This is because the minimum length of the LIS that can end at any element is 1 (the element itself).

4. **Building the DP Array**: Iterate through the list with two nested loops. For each element at index `i`, check all previous elements (from index `0` to `i-1`). If a previous element is less than the current element, it means you can extend the increasing subsequence. Update the `dp[i]` value to be the maximum of its current value and `dp[j] + 1`, where `j` is the index of the previous element.

5. **Finding the Result**: After filling the `dp` array, the length of the longest increasing subsequence will be the maximum value in the `dp` array.

6. **Return the Result**: Finally, return the maximum value found in the `dp` array as the result.

Here is a conceptual outline of the function:

```python
def length_of_lis(nums):
    if not nums:
        return 0
    
    dp = [1] * len(nums)  # Step 3: Initialize the dp array
    
    for i in range(len(nums)):  # Step 4: Iterate through the list
        for j in range(i):  # Check all previous elements
            if nums[j] < nums[i]:  # If we can extend the subsequence
                dp[i] = max(dp[i], dp[j] + 1)  # Update dp[i]
    
    return max(dp)  # Step 5: Return the maximum value in dp
```

This function effectively computes the length of the longest increasing subsequence without modifying the original list.
INFO - Attempting task_id 25
INFO - [35m Rollout attempt 1/4[0m
INFO - [33m Retrieving 5 entries for db: skill 
 [0m
INFO - [33m length_of_longest_substring, first_recurring_character, recursive_sum, fibonacci, most_frequent_char[0m
INFO - LM call n parse attempt 1 / 3

INFO - [Task id] 25 [prompt] You are a helpful assistant that writes python code to solve a task specified by me.

Here are some useful functions written earlier which you can reuse or reference.


[Entry]:


    def length_of_longest_substring(s: str) -> int:
        char_set = set()
        max_length = 0
        start = 0
        for end in range(len(s)):
            while (s[end] in char_set):
                char_set.remove(s[start])
                start += 1
            char_set.add(s[end])
            max_length = max(max_length, ((end - start) + 1))
        return max_length

[/Entry]

[Entry]:


    def first_recurring_character(int_list):
        seen = set()
        for num in int_list:
            if (num in seen):
                return num
            seen.add(num)
        return None

[/Entry]

[Entry]:


    def recursive_sum(n):
        if (n == 0):
            return 0
        else:
            return (n + recursive_sum((n - 1)))

[/Entry]

[Entry]:


    def fibonacci(n):
        if (n == 0):
            return 0
        elif (n == 1):
            return 1
        else:
            return (fibonacci((n - 1)) + fibonacci((n - 2)))

[/Entry]

[Entry]:


    def most_frequent_char(s):
        if (not s):
            return None
        frequency = {}
        for char in s:
            if (char in frequency):
                frequency[char] += 1
            else:
                frequency[char] = 1
        max_char = None
        max_count = 0
        for char in s:
            if (frequency[char] > max_count):
                max_count = frequency[char]
                max_char = char
        return max_char

[/Entry]






At each round of conversation, I will give you
[Environment feedback] (after executing code) ...
[Code from the last round] ...
[Task] ...
[Context] ...
[Critique] ...

You should then respond to me with
Explain (if applicable): Are there any steps missing in your plan? Why does the code not complete the task? What does the chat log and execution error imply?
Plan: How to complete the task step by step. 
Code:
    1) Reuse or reference the above useful programs if necessary.
    2) Your function will be reused for building more complex functions. Therefore, you should make it generic and reusable. 
    3) Functions in the "Code from the last round" section will not be saved or executed. Do not reuse functions listed there.
    4) Anything defined outside a function will be ignored, define all your variables inside your functions.
    5) Do not write infinite loops.
    6) If the task specifies a function name to be used, follow it strictly (be case sensitive!). Else, name your function in a meaningful way (can infer the task from the name).
    7) Your code should only contain elements that solve the task, so DO NOT write any assert statements / tests
    8) The context in the [Context] tag serves as a casual tip (which can be wrong) to help you on the task, but your priority is to follow instructions in the [Task] tag.

You should only respond in the format as described below:
RESPONSE FORMAT:

Explain: ...
Plan:
1) ...
2) ...
3) ...
...
Code:
```python
# helper functions (only if needed, try to avoid them)
...
# main function after the helper functions
def yourMainFunctionName(args):
  # ...

```


INFO - [Task id] 25 [prompt] [Environment feedback]
None

[Code from the last round]
No code in the first round

[Task]
Write a Python function that takes a list of integers and returns the length of the longest increasing subsequence in the list. The function should not modify the original list.
You must strictly follow the function name: length_of_lis

[Context]
Rough plan to accomplish the task (can be wrong): 
Answer: To accomplish the task of finding the length of the longest increasing subsequence (LIS) in a list of integers without modifying the original list, you can follow these conceptual steps:

1. **Understanding the Problem**: The longest increasing subsequence is a subsequence of a sequence where the elements are in increasing order and are not necessarily contiguous. For example, in the list `[10, 9, 2, 5, 3, 7, 101, 18]`, the longest increasing subsequence is `[2, 3, 7, 101]`, which has a length of 4.

2. **Dynamic Programming Approach**: A common method to solve this problem is using dynamic programming. You can maintain an array (or list) where each element at index `i` represents the length of the longest increasing subsequence that ends with the element at index `i` of the original list.

3. **Initialization**: Start by initializing a list `dp` of the same length as the input list, where each element is set to 1. This is because the minimum length of the LIS that can end at any element is 1 (the element itself).

4. **Building the DP Array**: Iterate through the list with two nested loops. For each element at index `i`, check all previous elements (from index `0` to `i-1`). If a previous element is less than the current element, it means you can extend the increasing subsequence. Update the `dp[i]` value to be the maximum of its current value and `dp[j] + 1`, where `j` is the index of the previous element.

5. **Finding the Result**: After filling the `dp` array, the length of the longest increasing subsequence will be the maximum value in the `dp` array.

6. **Return the Result**: Finally, return the maximum value found in the `dp` array as the result.

Here is a conceptual outline of the function:

```python
def length_of_lis(nums):
    if not nums:
        return 0
    
    dp = [1] * len(nums)  # Step 3: Initialize the dp array
    
    for i in range(len(nums)):  # Step 4: Iterate through the list
        for j in range(i):  # Check all previous elements
            if nums[j] < nums[i]:  # If we can extend the subsequence
                dp[i] = max(dp[i], dp[j] + 1)  # Update dp[i]
    
    return max(dp)  # Step 5: Return the maximum value in dp
```

This function effectively computes the length of the longest increasing subsequence without modifying the original list.


[Critique]
None


INFO - [Task id] 25 [generation text] Plan:
1) Define the function `length_of_lis` that takes a list of integers as its argument.
2) Check if the list is empty. If it is, return 0 because an empty list has no subsequences.
3) Initialize a list `dp` with the same length as the input list, filled with 1s. Each element in `dp` will represent the length of the longest increasing subsequence ending at that index in the input list.
4) Use a nested loop to iterate through the list. For each element at index `i`, iterate through all previous elements with index `j` (from 0 to `i-1`). If the element at `j` is less than the element at `i`, update `dp[i]` to be the maximum of its current value and `dp[j] + 1`.
5) After filling the `dp` array, find the maximum value in `dp`, which represents the length of the longest increasing subsequence.
6) Return the maximum value found in the `dp` array.

Code:
```python
def length_of_lis(nums):
    if not nums:
        return 0  # Return 0 for an empty list
    
    dp = [1] * len(nums)  # Initialize the dp array with 1s
    
    for i in range(len(nums)):  # Iterate through the list
        for j in range(i):  # Check all previous elements
            if nums[j] < nums[i]:  # If we can extend the subsequence
                dp[i] = max(dp[i], dp[j] + 1)  # Update dp[i]
    
    return max(dp)  # Return the maximum value in dp
```
This function follows the dynamic programming approach to find the length of the longest increasing subsequence without modifying the original list.
INFO - program_code:
 

def length_of_lis(nums):
    if (not nums):
        return 0
    dp = ([1] * len(nums))
    for i in range(len(nums)):
        for j in range(i):
            if (nums[j] < nums[i]):
                dp[i] = max(dp[i], (dp[j] + 1))
    return max(dp)


INFO - program_name:
 length_of_lis

INFO - dependencies:
 []

INFO - raw_msg:
 Plan:
1) Define the function `length_of_lis` that takes a list of integers as its argument.
2) Check if the list is empty. If it is, return 0 because an empty list has no subsequences.
3) Initialize a list `dp` with the same length as the input list, filled with 1s. Each element in `dp` will represent the length of the longest increasing subsequence ending at that index in the input list.
4) Use a nested loop to iterate through the list. For each element at index `i`, iterate through all previous elements with index `j` (from 0 to `i-1`). If the element at `j` is less than the element at `i`, update `dp[i]` to be the maximum of its current value and `dp[j] + 1`.
5) After filling the `dp` array, find the maximum value in `dp`, which represents the length of the longest increasing subsequence.
6) Return the maximum value found in the `dp` array.

Code:
```python
def length_of_lis(nums):
    if not nums:
        return 0  # Return 0 for an empty list
    
    dp = [1] * len(nums)  # Initialize the dp array with 1s
    
    for i in range(len(nums)):  # Iterate through the list
        for j in range(i):  # Check all previous elements
            if nums[j] < nums[i]:  # If we can extend the subsequence
                dp[i] = max(dp[i], dp[j] + 1)  # Update dp[i]
    
    return max(dp)  # Return the maximum value in dp
```
This function follows the dynamic programming approach to find the length of the longest increasing subsequence without modifying the original list.

INFO - no_parent:
 True

INFO - full code to be executed: 
 

def length_of_lis(nums):
    if (not nums):
        return 0
    dp = ([1] * len(nums))
    for i in range(len(nums)):
        for j in range(i):
            if (nums[j] < nums[i]):
                dp[i] = max(dp[i], (dp[j] + 1))
    return max(dp)


INFO - obs: Tests passed:
assert length_of_lis([10, 9, 2, 5, 3, 7, 101, 18]) == 4
assert length_of_lis([0, 1, 0, 3, 2, 3]) == 4
assert length_of_lis([7, 7, 7, 7, 7, 7, 7]) == 1

Tests failed:
None
reward: True
done: None
info: {'individual_results': (True, True, True)}
INFO - LM call n parse attempt 1 / 5

INFO - [Task id] 25 [prompt] 
You are a Python programming assistant that assesses my progress of Python programming and provides useful guidance.

I will give you the following information:

[Task]: The objective I need to accomplish.
[Context]: The context of the task. Serves as a casual tip (which can be wrong) to help me on the task, but my priority is to follow instructions in the Task tag.
[function impl]: My function implementation that is intended to complete the task
[unit test results]: The results after executing my function implementation on the unit tests

Your first goal is to use these info to evaluate if I have met the task requirements, and explain why. 
It is possible that the unit test results all pass, but the code does not accomplish the task (eg by failing to accomplish the task in scenarios not covered by the unit tests)
It is also possible that the unit tests are wrong in the first place, though the code accomplishes the task and fails the unit test.

If I have not met the task requirements, write a few sentences to explain why the function implementation is wrong as indicated by the tests. 
You will need this as guidance when you try again later.
Only provide the few sentence description in your answer, not the implementation. 
Suggest how the function implementation can be changed, NOT the test cases (assert statements)

You should only respond in JSON format as described below:
The output should be formatted as a JSON instance that conforms to the JSON schema below.

As an example, for the schema {"properties": {"foo": {"title": "Foo", "description": "a list of strings", "type": "array", "items": {"type": "string"}}}, "required": ["foo"]}
the object {"foo": ["bar", "baz"]} is a well-formatted instance of the schema. The object {"properties": {"foo": ["bar", "baz"]}} is not well-formatted.

Here is the output schema:
```
{"description": "Represents the critique of a task attempt, including reasoning, success status, and suggestions for improvement.\n\nAttributes:\n    reasoning (str): Explanation of why the task was succeeded or failed.\n    success (bool): Indicates whether the task requirements were met.\n    critique (str): Suggestions or critique to help improve future task attempts.", "properties": {"reasoning": {"description": "reason why I have succeeded or failed at the task", "title": "Reasoning", "type": "string"}, "success": {"description": "evaluate if I have met the task requirements", "title": "Success", "type": "boolean"}, "critique": {"description": "critique to help me improve", "title": "Critique", "type": "string"}}, "required": ["reasoning", "success", "critique"]}
```

INFO - [Task id] 25 [prompt] 
Here are some examples:

Example 1:
[function impl]:
```python
def longest_subarray_with_sum_limit(nums: List[int], target: int) -> List[int]:
    n = len(nums)
    left, right = 0, 0
    max_length = 0
    current_sum = 0
    result = []
    while right < n:
        current_sum += nums[right]
        while current_sum > target:
            current_sum -= nums[left]
            left += 1
        if right - left + 1 >= max_length:
            max_length = right - left + 1
            result = nums[left:right+1]
        right += 1
    return result
```
[unit test results]:
Tests passing:
assert longest_subarray_with_sum_limit([1, 2, 3, 4, 5], 8) == [1, 2, 3]
assert longest_subarray_with_sum_limit([1, 2, 3, 4, 5], 15) == [1, 2, 3, 4, 5]
assert longest_subarray_with_sum_limit([1, -1, 2, -2, 3, -3], 2) == [1, -1, 2, -2, 3]
assert longest_subarray_with_sum_limit([], 10) == []
assert longest_subarray_with_sum_limit([], 0) == []
assert longest_subarray_with_sum_limit([], -5) == []  
Tests failing:
assert longest_subarray_with_sum_limit([5, 6, 7, 8, 9], 4) == [] # output: [5]

RESPONSE:
{
    "reasoning": "The implementation failed the test case where no subarray fulfills the condition",
    "success": false,
    "critique": "The issue in the implementation is due to the use of >= instead of > in the condition to update the result. Because of this, it returns a subarray even when the sum is greater than the target, as it still updates the result when the current subarray length is equal to the previous longest subarray length. To overcome this error, we should change the condition to only update the result when the current subarray length is strictly greater than the previous longest subarray length. This can be done by replacing >= with > in the condition."
}


Example 2:
[function impl]:
```python
def longest_subarray_with_sum_limit(nums: List[int], target: int) -> List[int]:
    n = len(nums)
    left, right = 0, 0
    max_length = 0
    current_sum = 0
    result = []
    while current_sum + nums[right] <= target:
        current_sum += nums[right]
        right += 1
    while right < n:
        current_sum += nums[right]
        while current_sum > target:
            current_sum -= nums[left]
            left += 1
        if right - left + 1 > max_length:
            max_length = right - left + 1
            result = nums[left:right+1]
        right += 1
    return result
```
[unit test results]:
Tests passing:
assert longest_subarray_with_sum_limit([], 10) == []
assert longest_subarray_with_sum_limit([], 0) == []
assert longest_subarray_with_sum_limit([], -5) == []
Tests failing:
assert longest_subarray_with_sum_limit([1, 2, 3, 4, 5], 8) == [1, 2, 3] # output: list index out of range
assert longest_subarray_with_sum_limit([1, 2, 3, 4, 5], 15) == [1, 2, 3, 4, 5] # output: list index out of range
assert longest_subarray_with_sum_limit([5, 6, 7, 8, 9], 4) == [] # output: list index out of range
assert longest_subarray_with_sum_limit([1, -1, 2, -2, 3, -3], 2) == [1, -1, 2, -2, 3] # output: list index out of range

RESPONSE:
{
    "reason": "The implementation failed 4 out of the 7 test cases due to an IndexError.",
    "success": false,
    "critique": "The issue stems from the while loop while current_sum + nums[right] <= target:, which directly accesses nums[right] without checking if right is within the bounds of the list. This results in a runtime error when right goes beyond the list length. To overcome this error, we need to add a bounds check for the right variable in the mentioned while loop. We can modify the loop condition to while right < len(nums) and current_sum + nums[right] <= target:. This change will ensure that we only access elements within the bounds of the list, thus avoiding the IndexError."
}


END OF EXAMPLES

INFO - [Task id] 25 [prompt] [Task]:
Write a Python function that takes a list of integers and returns the length of the longest increasing subsequence in the list. The function should not modify the original list.
[Context]: 
 Rough plan to accomplish the task (can be wrong): 
Answer: To accomplish the task of finding the length of the longest increasing subsequence (LIS) in a list of integers without modifying the original list, you can follow these conceptual steps:

1. **Understanding the Problem**: The longest increasing subsequence is a subsequence of a sequence where the elements are in increasing order and are not necessarily contiguous. For example, in the list `[10, 9, 2, 5, 3, 7, 101, 18]`, the longest increasing subsequence is `[2, 3, 7, 101]`, which has a length of 4.

2. **Dynamic Programming Approach**: A common method to solve this problem is using dynamic programming. You can maintain an array (or list) where each element at index `i` represents the length of the longest increasing subsequence that ends with the element at index `i` of the original list.

3. **Initialization**: Start by initializing a list `dp` of the same length as the input list, where each element is set to 1. This is because the minimum length of the LIS that can end at any element is 1 (the element itself).

4. **Building the DP Array**: Iterate through the list with two nested loops. For each element at index `i`, check all previous elements (from index `0` to `i-1`). If a previous element is less than the current element, it means you can extend the increasing subsequence. Update the `dp[i]` value to be the maximum of its current value and `dp[j] + 1`, where `j` is the index of the previous element.

5. **Finding the Result**: After filling the `dp` array, the length of the longest increasing subsequence will be the maximum value in the `dp` array.

6. **Return the Result**: Finally, return the maximum value found in the `dp` array as the result.

Here is a conceptual outline of the function:

```python
def length_of_lis(nums):
    if not nums:
        return 0
    
    dp = [1] * len(nums)  # Step 3: Initialize the dp array
    
    for i in range(len(nums)):  # Step 4: Iterate through the list
        for j in range(i):  # Check all previous elements
            if nums[j] < nums[i]:  # If we can extend the subsequence
                dp[i] = max(dp[i], dp[j] + 1)  # Update dp[i]
    
    return max(dp)  # Step 5: Return the maximum value in dp
```

This function effectively computes the length of the longest increasing subsequence without modifying the original list.


[function impl]:


def length_of_lis(nums):
    if (not nums):
        return 0
    dp = ([1] * len(nums))
    for i in range(len(nums)):
        for j in range(i):
            if (nums[j] < nums[i]):
                dp[i] = max(dp[i], (dp[j] + 1))
    return max(dp)

[unit test results]:
Tests passed:
assert length_of_lis([10, 9, 2, 5, 3, 7, 101, 18]) == 4
assert length_of_lis([0, 1, 0, 3, 2, 3]) == 4
assert length_of_lis([7, 7, 7, 7, 7, 7, 7]) == 1

Tests failed:
None

INFO - [Task id] 25 [generation text] 
INFO - {
    "reasoning": "The function implementation passed all provided unit tests, which cover various scenarios including a typical sequence, a sequence with both increasing and non-increasing elements, and a sequence with all elements equal. The implementation correctly follows the dynamic programming approach to find the length of the longest increasing subsequence without modifying the original list.",
    "success": true,
    "critique": "The implementation is correct and efficient. However, it is always good practice to consider edge cases that may not be covered by the unit tests. For example, testing with an empty list or a list with a single element could further validate the robustness of the function. Additionally, adding comments to the code explaining the logic can improve readability and maintainability."
}
INFO - {
    "reasoning": "The function implementation passed all provided unit tests, which cover various scenarios including a typical sequence, a sequence with both increasing and non-increasing elements, and a sequence with all elements equal. The implementation correctly follows the dynamic programming approach to find the length of the longest increasing subsequence without modifying the original list.",
    "success": true,
    "critique": "The implementation is correct and efficient. However, it is always good practice to consider edge cases that may not be covered by the unit tests. For example, testing with an empty list or a list with a single element could further validate the robustness of the function. Additionally, adding comments to the code explaining the logic can improve readability and maintainability."
}
INFO - [task_id]: 25 [Result]: True
INFO - LM call n parse attempt 1 / 3

INFO - [Task id] 25 [prompt] 
You are a helpful assistant that writes a description of the given function written in the Python programming language.

1) Do not mention the function name.
2) Do not mention anything about helper functions.
3) There might be some helper functions before the main function, but you only need to describe the main function.
4) Try to summarize the function in no more than 6 sentences.
5) Your response should be a single line of text.

INFO - [Task id] 25 [prompt] 

def length_of_lis(nums):
    if (not nums):
        return 0
    dp = ([1] * len(nums))
    for i in range(len(nums)):
        for j in range(i):
            if (nums[j] < nums[i]):
                dp[i] = max(dp[i], (dp[j] + 1))
    return max(dp)


The main function is `length_of_lis`.
INFO - [Task id] 25 [generation text] This function calculates the length of the longest increasing subsequence in a given list of numbers. It initializes a dynamic programming array to keep track of the longest subsequence lengths at each index. The function iterates through the list, comparing each element with the previous ones to update the lengths based on the increasing condition. Finally, it returns the maximum value from the dynamic programming array, which represents the length of the longest increasing subsequence. If the input list is empty, it returns 0. Overall, it efficiently determines the desired length using a nested loop approach.
INFO - Num Completed Tasks: 22, Num Failed Tasks: 4
