INFO - DB skill doc count: 8

INFO - [train iter]: 9/100 

INFO - LM call n parse attempt 1 / 3

INFO - [Task id] 9 [prompt] 
You are a helpful assistant that asks questions to help me decide the next immediate task to do for Python programming.
My ultimate goal is to solve as many diverse problems as possible and become the best programmer in the world.

I will give you the following information:
Completed tasks so far: ...
Failed tasks that are too hard: ...

You must follow the following criteria:
1) You should ask at least 5 questions (but no more than 10 questions) to help me decide the next immediate task to do. Each question should be followed by the concept that the question is about.
2) Your question should be specific to a concept in Python programming.
  Bad example (the question is too general):
    Question: What is the best way to program in Python?
    Concept: unknown
  Good example:
    Question: How do you reverse a list?
    Concept: list
3) Your questions should be self-contained and not require any context.

Respond in JSON, and follow the keys and expected format of the values strictly.


Response format:
The output should be formatted as a JSON instance that conforms to the JSON schema below.

As an example, for the schema {"properties": {"foo": {"title": "Foo", "description": "a list of strings", "type": "array", "items": {"type": "string"}}}, "required": ["foo"]}
the object {"foo": ["bar", "baz"]} is a well-formatted instance of the schema. The object {"properties": {"foo": ["bar", "baz"]}} is not well-formatted.

Here is the output schema:
```
{"$defs": {"QuestionConcept": {"properties": {"question": {"description": "A question related to Python programming, to help me brainstorm the next immediate task to do", "title": "Question", "type": "string"}, "concept": {"description": "The Python programming concept associated with the question above", "title": "Concept", "type": "string"}}, "required": ["question", "concept"], "title": "QuestionConcept", "type": "object"}}, "properties": {"reasoning": {"description": "Reason out, step-by-step, why you picked these questions and concepts", "title": "Reasoning", "type": "string"}, "question_concept_list": {"description": "list of questions and their associated concepts", "items": {"$ref": "#/$defs/QuestionConcept"}, "title": "Question Concept List", "type": "array"}}, "required": ["reasoning", "question_concept_list"]}
```


INFO - [Task id] 9 [prompt] Completed tasks so far (do not give me these tasks again!): 
	Write a Python function that takes a list of integers and returns a list of unique integers from that list.
	Write a Python function that takes a list of integers and returns a dictionary with the integers as keys and their counts as values.
	Write a Python function that takes two lists of integers and returns a list of integers that are present in both lists (the intersection).
	Write a Python function that takes a list of integers and returns a list of integers that are unique (appear only once) in the list.
	Write a Python function that takes a list of integers and returns a list of integers that are duplicates (appear more than once) in the list.
	Write a Python function that takes a list of integers and returns the second largest integer in the list. If the list has fewer than two unique integers, return None.
	Write a Python function that takes a list of integers and returns a new list containing only the even integers from the original list.
	Write a Python function that takes a list of integers and returns a list of integers that are greater than a given threshold value.

Failed tasks that are too hard: 
	Write a Python function that takes a dictionary and returns a new dictionary with the keys and values swapped. If there are duplicate values, keep only one of the keys.


INFO - [Task id] 9 [generation text] 
INFO - {
    "reasoning": "The questions selected cover a range of Python programming concepts that are fundamental for building a strong foundation. They include list manipulation, dictionary operations, and basic algorithmic thinking. Each question is designed to challenge different aspects of Python programming, ensuring a diverse set of skills is developed.",
    "question_concept_list": [
        {
            "question": "How do you sort a list of integers in ascending order?",
            "concept": "list sorting"
        },
        {
            "question": "What is the best way to merge two dictionaries in Python?",
            "concept": "dictionary"
        },
        {
            "question": "How can you find the maximum value in a list without using the built-in max function?",
            "concept": "algorithm"
        },
        {
            "question": "How do you check if a string is a palindrome in Python?",
            "concept": "string manipulation"
        },
        {
            "question": "What is the difference between a list and a tuple in Python?",
            "concept": "data structures"
        }
    ]
}
INFO - {
    "reasoning": "The questions selected cover a range of Python programming concepts that are fundamental for building a strong foundation. They include list manipulation, dictionary operations, and basic algorithmic thinking. Each question is designed to challenge different aspects of Python programming, ensuring a diverse set of skills is developed.",
    "question_concept_list": [
        {
            "question": "How do you sort a list of integers in ascending order?",
            "concept": "list sorting"
        },
        {
            "question": "What is the best way to merge two dictionaries in Python?",
            "concept": "dictionary"
        },
        {
            "question": "How can you find the maximum value in a list without using the built-in max function?",
            "concept": "algorithm"
        },
        {
            "question": "How do you check if a string is a palindrome in Python?",
            "concept": "string manipulation"
        },
        {
            "question": "What is the difference between a list and a tuple in Python?",
            "concept": "data structures"
        }
    ]
}
INFO - LM call n parse attempt 1 / 3

INFO - [Task id] 9 [prompt] 
You are a helpful assistant that answer my question about Python programming.

I will give you the following information:
Question: ...

You will answer the question based on the context (only if available and helpful) and your own knowledge of Python programming.
1) Start your answer with "Answer: ".
2) Answer "Answer: Unknown" if you don't know the answer.

INFO - [Task id] 9 [prompt] Question: How do you check if a string is a palindrome in Python?
INFO - [Task id] 9 [generation text] Answer: You can check if a string is a palindrome in Python by comparing the string to its reverse. Here’s a simple way to do it:

```python
def is_palindrome(s):
    # Remove spaces and convert to lowercase for a case-insensitive comparison
    s = s.replace(" ", "").lower()
    return s == s[::-1]

# Example usage
string = "A man a plan a canal Panama"
print(is_palindrome(string))  # Output: True
```

In this code, we define a function `is_palindrome` that takes a string `s`, removes spaces, converts it to lowercase, and then checks if it is equal to its reverse (`s[::-1]`). If they are equal, the string is a palindrome.
INFO - LM call n parse attempt 1 / 5

INFO - [Task id] 9 [prompt] 
You are a helpful assistant that tells me the next immediate task (in the form of a function) to do for Python programming. 
My ultimate goal is to solve as many diverse problems as possible and become the best programmer in the world.

I will give you the following information:
Question 1: ...
Answer: ...
Question 2: ...
Answer: ...
Question 3: ...
Answer: ...
...
Completed tasks so far: ...
Failed tasks that are too hard: ...

You must follow the following criteria:
1) You should act as a mentor and guide me to the next task based on my current learning progress. As a rule of thumb, guide me through beginner problems, followed by interview level problems, followed by competitive programming problems. The latter 2 levels can involve concepts from data structures and algorithms.
2) Please be very specific about what skills I need to learn.
3) Do not propose multiple tasks at the same time. Do not mention anything else.
4) The next task should not be too hard since I may not have learned enough skills to complete it yet.
5) The next task should be novel and interesting. I should look for problems which I have not solved yet. I should not be doing the same thing over and over again.
6) The task should involve writing a main Python function that at most use basic libraries (try not to import too many or too advanced modules)
7) Do not give tasks that require file operations (create, read, update, delete) or an internet connection.
8) I am only allowed to write Python functions, so do not require me to write other things (e.g. objects). 
9) Requiring me to write a function that takes in an object and uses object methods is still ok, but I cannot define the objects myself. You must provide the objects as input to my function in the assert statement.

Take note of these in your response:
1) Give an expected function name for the task.
2) Give a tuple of 3 assert statements that tests the function's correctness in the "test_tuple" field. This must strictly contain single-line assert statements only; any setup code for the test must be filled in the "test_setup_code" field.
3) The function name which you gave must be called in the assert statements. 

Respond in JSON, and follow the keys and expected format of the values strictly.


Response format:
The output should be formatted as a JSON instance that conforms to the JSON schema below.

As an example, for the schema {"properties": {"foo": {"title": "Foo", "description": "a list of strings", "type": "array", "items": {"type": "string"}}}, "required": ["foo"]}
the object {"foo": ["bar", "baz"]} is a well-formatted instance of the schema. The object {"properties": {"foo": ["bar", "baz"]}} is not well-formatted.

Here is the output schema:
```
{"properties": {"reasoning": {"description": "Based on the information listed above, reason about what the next task should be.", "title": "Reasoning", "type": "string"}, "task": {"description": "The next task, which requires me to write a single function. Be sure to state the expected data structure for inputs and outputs.", "title": "Task", "type": "string"}, "gt_fn_name": {"description": "The expected name for the single function for the task", "title": "Gt Fn Name", "type": "string"}, "test_setup_code": {"description": "setup code, if required. This will be run just before the assert statements are executed.", "title": "Test Setup Code", "type": "string"}, "test_tuple": {"description": "Tuple of 3 SINGLE-LINE test cases that starts with 'assert' to test the function's correctness.Any extra required code should be written in the test_setup_code field.", "items": {"type": "string"}, "maxItems": 3, "minItems": 3, "prefixItems": [{"type": "string"}, {"type": "string"}, {"type": "string"}], "title": "Test Tuple", "type": "array"}}, "required": ["reasoning", "task", "gt_fn_name", "test_setup_code", "test_tuple"]}
```


INFO - [Task id] 9 [prompt] 
Here's an example response:
{
    "reasoning": "The student has shown proficiency in basic Python syntax and list manipulation, but struggles with problems involving more complex algorithms and data structures. This task will help them practice using sets or dictionaries for efficient lookups, and understand the concept of algorithmic complexity.",
    "task": "Write a Python function that takes a list of integers and returns the tuple of two numbers that sum up to zero. If no such pair exists, return None.",
    "gt_fn_name": "find_zero_sum",
    "test_setup_code": "",
    "test_tuple": [
        "assert find_zero_sum([1, 2, 3, -2, -1]) == (2, -2)",
        "assert find_zero_sum([1, 2, 3, 4, 5]) == None",
        "assert find_zero_sum([1, 4, 3, -4, -1]) == (4, -4)"
    ]
}

INFO - [Task id] 9 [prompt] Question 1: How do you sort a list of integers in ascending order?
Answer: You can sort a list of integers in ascending order in Python using the `sort()` method or the `sorted()` function. 

Here are examples of both methods:

1. Using the `sort()` method (this sorts the list in place):
```python
numbers = [5, 2, 9, 1, 5, 6]
numbers.sort()
print(numbers)  # Output: [1, 2, 5, 5, 6, 9]
```

2. Using the `sorted()` function (this returns a new sorted list):
```python
numbers = [5, 2, 9, 1, 5, 6]
sorted_numbers = sorted(numbers)
print(sorted_numbers)  # Output: [1, 2, 5, 5, 6, 9]
```

Both methods will sort the list in ascending order by default.

Question 2: What is the best way to merge two dictionaries in Python?
Answer: The best way to merge two dictionaries in Python depends on the version of Python you are using. 

In Python 3.9 and later, you can use the `|` operator to merge dictionaries:

```python
dict1 = {'a': 1, 'b': 2}
dict2 = {'b': 3, 'c': 4}
merged_dict = dict1 | dict2
```

In Python 3.5 and later, you can use the `**` unpacking operator:

```python
dict1 = {'a': 1, 'b': 2}
dict2 = {'b': 3, 'c': 4}
merged_dict = {**dict1, **dict2}
```

In earlier versions of Python, you can use the `update()` method:

```python
dict1 = {'a': 1, 'b': 2}
dict2 = {'b': 3, 'c': 4}
dict1.update(dict2)
merged_dict = dict1  # dict1 is now updated
```

Choose the method that best fits your needs and the version of Python you are using.

Question 3: How can you find the maximum value in a list without using the built-in max function?
Answer: You can find the maximum value in a list by iterating through the list and keeping track of the largest value found so far. Here’s an example of how to do this:

```python
def find_maximum(lst):
    if not lst:  # Check if the list is empty
        return None  # or raise an exception

    max_value = lst[0]  # Assume the first element is the maximum
    for num in lst:
        if num > max_value:
            max_value = num  # Update max_value if a larger number is found
    return max_value

# Example usage:
numbers = [3, 1, 4, 1, 5, 9, 2, 6, 5]
print(find_maximum(numbers))  # Output: 9
```

This function initializes `max_value` with the first element of the list and then iterates through each element, updating `max_value` whenever it finds a larger number.

Question 4: How do you check if a string is a palindrome in Python?
Answer: You can check if a string is a palindrome in Python by comparing the string to its reverse. Here’s a simple way to do it:

```python
def is_palindrome(s):
    # Remove spaces and convert to lowercase for a case-insensitive comparison
    s = s.replace(" ", "").lower()
    return s == s[::-1]

# Example usage
string = "A man a plan a canal Panama"
print(is_palindrome(string))  # Output: True
```

In this code, we define a function `is_palindrome` that takes a string `s`, removes spaces, converts it to lowercase, and then checks if it is equal to its reverse (`s[::-1]`). If they are equal, the string is a palindrome.

Question 5: What is the difference between a list and a tuple in Python?
Answer: The main differences between a list and a tuple in Python are:

1. **Mutability**: Lists are mutable, meaning you can change their content (add, remove, or modify elements) after they are created. Tuples, on the other hand, are immutable, which means once a tuple is created, you cannot change its content.

2. **Syntax**: Lists are defined using square brackets `[]`, while tuples are defined using parentheses `()`.

3. **Performance**: Tuples can be slightly more memory-efficient and faster than lists for certain operations because of their immutability.

4. **Use Cases**: Lists are generally used for collections of items that may need to be modified, while tuples are often used for fixed collections of items, such as coordinates or records, where the data should not change.

Example:
```python
# List
my_list = [1, 2, 3]
my_list.append(4)  # This is allowed

# Tuple
my_tuple = (1, 2, 3)
# my_tuple.append(4)  # This would raise an AttributeError
```

In summary, choose lists when you need a mutable sequence and tuples when you need an immutable sequence.

Completed tasks so far (do not give me these tasks again!): 
	Write a Python function that takes a list of integers and returns a list of unique integers from that list.
	Write a Python function that takes a list of integers and returns a dictionary with the integers as keys and their counts as values.
	Write a Python function that takes two lists of integers and returns a list of integers that are present in both lists (the intersection).
	Write a Python function that takes a list of integers and returns a list of integers that are unique (appear only once) in the list.
	Write a Python function that takes a list of integers and returns a list of integers that are duplicates (appear more than once) in the list.
	Write a Python function that takes a list of integers and returns the second largest integer in the list. If the list has fewer than two unique integers, return None.
	Write a Python function that takes a list of integers and returns a new list containing only the even integers from the original list.
	Write a Python function that takes a list of integers and returns a list of integers that are greater than a given threshold value.

Failed tasks that are too hard: 
	Write a Python function that takes a dictionary and returns a new dictionary with the keys and values swapped. If there are duplicate values, keep only one of the keys.


INFO - [Task id] 9 [generation text] 
INFO - {
    "reasoning": "The student has demonstrated a good understanding of basic Python functions and data structures. The next task will help them practice working with strings and introduce them to the concept of string manipulation and checking conditions, which is essential for more complex problems.",
    "task": "Write a Python function that takes a string and returns the number of vowels in that string.",
    "gt_fn_name": "count_vowels",
    "test_setup_code": "",
    "test_tuple": [
        "assert count_vowels('hello') == 2",
        "assert count_vowels('Python programming') == 4",
        "assert count_vowels('') == 0"
    ]
}
INFO - {
    "reasoning": "The student has demonstrated a good understanding of basic Python functions and data structures. The next task will help them practice working with strings and introduce them to the concept of string manipulation and checking conditions, which is essential for more complex problems.",
    "task": "Write a Python function that takes a string and returns the number of vowels in that string.",
    "gt_fn_name": "count_vowels",
    "test_setup_code": "",
    "test_tuple": [
        "assert count_vowels('hello') == 2",
        "assert count_vowels('Python programming') == 4",
        "assert count_vowels('') == 0"
    ]
}
INFO - The task prompt is Write a Python function that takes a string and returns the number of vowels in that string.
You must strictly follow the function name: count_vowels

INFO - LM call n parse attempt 1 / 3

INFO - [Task id] 9 [prompt] 
You are a helpful assistant that answer my question about Python programming.

I will give you the following information:
Question: ...

You will answer the question based on the context (only if available and helpful) and your own knowledge of Python programming.
1) Start your answer with "Answer: ".
2) Answer "Answer: Unknown" if you don't know the answer.

INFO - [Task id] 9 [prompt] Question: Explain at a conceptual level, how to accomplish the below task in Python programming?
Write a Python function that takes a string and returns the number of vowels in that string.
INFO - [Task id] 9 [generation text] Answer: To accomplish the task of counting the number of vowels in a string using Python, you can follow these conceptual steps:

1. **Define a Function**: Start by defining a function that takes a single parameter, which will be the input string.

2. **Identify Vowels**: Create a set or a list of characters that represent the vowels. In English, the vowels are 'a', 'e', 'i', 'o', 'u' (both uppercase and lowercase).

3. **Initialize a Counter**: Set up a counter variable to keep track of the number of vowels found in the string.

4. **Iterate Through the String**: Use a loop to go through each character in the input string.

5. **Check for Vowels**: For each character, check if it is in the set or list of vowels. If it is, increment the counter.

6. **Return the Count**: After the loop has finished, return the counter value, which represents the total number of vowels in the string.

Here is a simple example of how the function might look in code:

```python
def count_vowels(input_string):
    vowels = 'aeiouAEIOU'  # Define the vowels
    count = 0  # Initialize the counter
    for char in input_string:  # Iterate through each character
        if char in vowels:  # Check if the character is a vowel
            count += 1  # Increment the counter
    return count  # Return the total count of vowels
```

This function can then be called with any string to get the number of vowels it contains.
INFO - Attempting task_id 9
INFO - [35m Rollout attempt 1/4[0m
INFO - [33m Retrieving 5 entries for db: skill 
 [0m
INFO - [33m count_occurrences, find_duplicates, find_second_largest, find_unique_integers, filter_even_numbers[0m
INFO - LM call n parse attempt 1 / 3

INFO - [Task id] 9 [prompt] You are a helpful assistant that writes python code to solve a task specified by me.

Here are some useful functions written earlier which you can reuse or reference.


[Entry]:


    def count_occurrences(int_list):
        counts = {}
        for num in int_list:
            if (num in counts):
                counts[num] += 1
            else:
                counts[num] = 1
        return counts

[/Entry]

[Entry]:


    def find_duplicates(int_list):
        counts = {}
        duplicates = []
        for num in int_list:
            if (num in counts):
                counts[num] += 1
            else:
                counts[num] = 1
        for (num, count) in counts.items():
            if (count > 1):
                duplicates.append(num)
        return duplicates

[/Entry]

[Entry]:


    def find_second_largest(numbers):
        unique_numbers = set(numbers)
        if (len(unique_numbers) < 2):
            return None
        sorted_numbers = sorted(unique_numbers, reverse=True)
        return sorted_numbers[1]

[/Entry]

[Entry]:


    def count_occurrences(int_list):
        counts = {}
        for num in int_list:
            if (num in counts):
                counts[num] += 1
            else:
                counts[num] = 1
        return counts




    def find_unique_integers(int_list):
        counts = count_occurrences(int_list)
        unique_integers = [num for (num, count) in counts.items() if (count == 1)]
        return unique_integers

[/Entry]

[Entry]:


    def filter_even_numbers(input_list):
        even_numbers = []
        for number in input_list:
            if ((number % 2) == 0):
                even_numbers.append(number)
        return even_numbers

[/Entry]






At each round of conversation, I will give you
[Environment feedback] (after executing code) ...
[Code from the last round] ...
[Task] ...
[Context] ...
[Critique] ...

You should then respond to me with
Explain (if applicable): Are there any steps missing in your plan? Why does the code not complete the task? What does the chat log and execution error imply?
Plan: How to complete the task step by step. 
Code:
    1) Reuse or reference the above useful programs if necessary.
    2) Your function will be reused for building more complex functions. Therefore, you should make it generic and reusable. 
    3) Functions in the "Code from the last round" section will not be saved or executed. Do not reuse functions listed there.
    4) Anything defined outside a function will be ignored, define all your variables inside your functions.
    5) Do not write infinite loops.
    6) If the task specifies a function name to be used, follow it strictly (be case sensitive!). Else, name your function in a meaningful way (can infer the task from the name).
    7) Your code should only contain elements that solve the task, so DO NOT write any assert statements / tests
    8) The context in the [Context] tag serves as a casual tip (which can be wrong) to help you on the task, but your priority is to follow instructions in the [Task] tag.

You should only respond in the format as described below:
RESPONSE FORMAT:

Explain: ...
Plan:
1) ...
2) ...
3) ...
...
Code:
```python
# helper functions (only if needed, try to avoid them)
...
# main function after the helper functions
def yourMainFunctionName(args):
  # ...

```


INFO - [Task id] 9 [prompt] [Environment feedback]
None

[Code from the last round]
No code in the first round

[Task]
Write a Python function that takes a string and returns the number of vowels in that string.
You must strictly follow the function name: count_vowels

[Context]
Rough plan to accomplish the task (can be wrong): 
Answer: To accomplish the task of counting the number of vowels in a string using Python, you can follow these conceptual steps:

1. **Define a Function**: Start by defining a function that takes a single parameter, which will be the input string.

2. **Identify Vowels**: Create a set or a list of characters that represent the vowels. In English, the vowels are 'a', 'e', 'i', 'o', 'u' (both uppercase and lowercase).

3. **Initialize a Counter**: Set up a counter variable to keep track of the number of vowels found in the string.

4. **Iterate Through the String**: Use a loop to go through each character in the input string.

5. **Check for Vowels**: For each character, check if it is in the set or list of vowels. If it is, increment the counter.

6. **Return the Count**: After the loop has finished, return the counter value, which represents the total number of vowels in the string.

Here is a simple example of how the function might look in code:

```python
def count_vowels(input_string):
    vowels = 'aeiouAEIOU'  # Define the vowels
    count = 0  # Initialize the counter
    for char in input_string:  # Iterate through each character
        if char in vowels:  # Check if the character is a vowel
            count += 1  # Increment the counter
    return count  # Return the total count of vowels
```

This function can then be called with any string to get the number of vowels it contains.


[Critique]
None


INFO - [Task id] 9 [generation text] Explain: The rough plan provided is comprehensive and correctly outlines the steps needed to count the number of vowels in a string. The example code also accurately implements these steps. There are no missing steps, and the approach is clear and effective.

Plan:
1) Define the function `count_vowels` that takes a single string parameter.
2) Create a string containing all the vowels (both uppercase and lowercase).
3) Initialize a counter variable to zero to keep track of the number of vowels.
4) Use a loop to iterate through each character in the input string.
5) Check if each character is a vowel by seeing if it is in the vowels string.
6) If a character is a vowel, increment the counter.
7) After the loop, return the counter value.

Code:
```python
def count_vowels(input_string):
    vowels = 'aeiouAEIOU'  # Define the vowels
    count = 0  # Initialize the counter
    for char in input_string:  # Iterate through each character
        if char in vowels:  # Check if the character is a vowel
            count += 1  # Increment the counter
    return count  # Return the total count of vowels
```
INFO - program_code:
 

def count_vowels(input_string):
    vowels = 'aeiouAEIOU'
    count = 0
    for char in input_string:
        if (char in vowels):
            count += 1
    return count


INFO - program_name:
 count_vowels

INFO - dependencies:
 []

INFO - raw_msg:
 Explain: The rough plan provided is comprehensive and correctly outlines the steps needed to count the number of vowels in a string. The example code also accurately implements these steps. There are no missing steps, and the approach is clear and effective.

Plan:
1) Define the function `count_vowels` that takes a single string parameter.
2) Create a string containing all the vowels (both uppercase and lowercase).
3) Initialize a counter variable to zero to keep track of the number of vowels.
4) Use a loop to iterate through each character in the input string.
5) Check if each character is a vowel by seeing if it is in the vowels string.
6) If a character is a vowel, increment the counter.
7) After the loop, return the counter value.

Code:
```python
def count_vowels(input_string):
    vowels = 'aeiouAEIOU'  # Define the vowels
    count = 0  # Initialize the counter
    for char in input_string:  # Iterate through each character
        if char in vowels:  # Check if the character is a vowel
            count += 1  # Increment the counter
    return count  # Return the total count of vowels
```

INFO - no_parent:
 True

INFO - full code to be executed: 
 

def count_vowels(input_string):
    vowels = 'aeiouAEIOU'
    count = 0
    for char in input_string:
        if (char in vowels):
            count += 1
    return count


INFO - obs: Tests passed:
assert count_vowels('hello') == 2
assert count_vowels('Python programming') == 4
assert count_vowels('') == 0

Tests failed:
None
reward: True
done: None
info: {'individual_results': (True, True, True)}
INFO - LM call n parse attempt 1 / 5

INFO - [Task id] 9 [prompt] 
You are a Python programming assistant that assesses my progress of Python programming and provides useful guidance.

I will give you the following information:

[Task]: The objective I need to accomplish.
[Context]: The context of the task. Serves as a casual tip (which can be wrong) to help me on the task, but my priority is to follow instructions in the Task tag.
[function impl]: My function implementation that is intended to complete the task
[unit test results]: The results after executing my function implementation on the unit tests

Your first goal is to use these info to evaluate if I have met the task requirements, and explain why. 
It is possible that the unit test results all pass, but the code does not accomplish the task (eg by failing to accomplish the task in scenarios not covered by the unit tests)
It is also possible that the unit tests are wrong in the first place, though the code accomplishes the task and fails the unit test.

If I have not met the task requirements, write a few sentences to explain why the function implementation is wrong as indicated by the tests. 
You will need this as guidance when you try again later.
Only provide the few sentence description in your answer, not the implementation. 
Suggest how the function implementation can be changed, NOT the test cases (assert statements)

You should only respond in JSON format as described below:
The output should be formatted as a JSON instance that conforms to the JSON schema below.

As an example, for the schema {"properties": {"foo": {"title": "Foo", "description": "a list of strings", "type": "array", "items": {"type": "string"}}}, "required": ["foo"]}
the object {"foo": ["bar", "baz"]} is a well-formatted instance of the schema. The object {"properties": {"foo": ["bar", "baz"]}} is not well-formatted.

Here is the output schema:
```
{"description": "Represents the critique of a task attempt, including reasoning, success status, and suggestions for improvement.\n\nAttributes:\n    reasoning (str): Explanation of why the task was succeeded or failed.\n    success (bool): Indicates whether the task requirements were met.\n    critique (str): Suggestions or critique to help improve future task attempts.", "properties": {"reasoning": {"description": "reason why I have succeeded or failed at the task", "title": "Reasoning", "type": "string"}, "success": {"description": "evaluate if I have met the task requirements", "title": "Success", "type": "boolean"}, "critique": {"description": "critique to help me improve", "title": "Critique", "type": "string"}}, "required": ["reasoning", "success", "critique"]}
```

INFO - [Task id] 9 [prompt] 
Here are some examples:

Example 1:
[function impl]:
```python
def longest_subarray_with_sum_limit(nums: List[int], target: int) -> List[int]:
    n = len(nums)
    left, right = 0, 0
    max_length = 0
    current_sum = 0
    result = []
    while right < n:
        current_sum += nums[right]
        while current_sum > target:
            current_sum -= nums[left]
            left += 1
        if right - left + 1 >= max_length:
            max_length = right - left + 1
            result = nums[left:right+1]
        right += 1
    return result
```
[unit test results]:
Tests passing:
assert longest_subarray_with_sum_limit([1, 2, 3, 4, 5], 8) == [1, 2, 3]
assert longest_subarray_with_sum_limit([1, 2, 3, 4, 5], 15) == [1, 2, 3, 4, 5]
assert longest_subarray_with_sum_limit([1, -1, 2, -2, 3, -3], 2) == [1, -1, 2, -2, 3]
assert longest_subarray_with_sum_limit([], 10) == []
assert longest_subarray_with_sum_limit([], 0) == []
assert longest_subarray_with_sum_limit([], -5) == []  
Tests failing:
assert longest_subarray_with_sum_limit([5, 6, 7, 8, 9], 4) == [] # output: [5]

RESPONSE:
{
    "reasoning": "The implementation failed the test case where no subarray fulfills the condition",
    "success": false,
    "critique": "The issue in the implementation is due to the use of >= instead of > in the condition to update the result. Because of this, it returns a subarray even when the sum is greater than the target, as it still updates the result when the current subarray length is equal to the previous longest subarray length. To overcome this error, we should change the condition to only update the result when the current subarray length is strictly greater than the previous longest subarray length. This can be done by replacing >= with > in the condition."
}


Example 2:
[function impl]:
```python
def longest_subarray_with_sum_limit(nums: List[int], target: int) -> List[int]:
    n = len(nums)
    left, right = 0, 0
    max_length = 0
    current_sum = 0
    result = []
    while current_sum + nums[right] <= target:
        current_sum += nums[right]
        right += 1
    while right < n:
        current_sum += nums[right]
        while current_sum > target:
            current_sum -= nums[left]
            left += 1
        if right - left + 1 > max_length:
            max_length = right - left + 1
            result = nums[left:right+1]
        right += 1
    return result
```
[unit test results]:
Tests passing:
assert longest_subarray_with_sum_limit([], 10) == []
assert longest_subarray_with_sum_limit([], 0) == []
assert longest_subarray_with_sum_limit([], -5) == []
Tests failing:
assert longest_subarray_with_sum_limit([1, 2, 3, 4, 5], 8) == [1, 2, 3] # output: list index out of range
assert longest_subarray_with_sum_limit([1, 2, 3, 4, 5], 15) == [1, 2, 3, 4, 5] # output: list index out of range
assert longest_subarray_with_sum_limit([5, 6, 7, 8, 9], 4) == [] # output: list index out of range
assert longest_subarray_with_sum_limit([1, -1, 2, -2, 3, -3], 2) == [1, -1, 2, -2, 3] # output: list index out of range

RESPONSE:
{
    "reason": "The implementation failed 4 out of the 7 test cases due to an IndexError.",
    "success": false,
    "critique": "The issue stems from the while loop while current_sum + nums[right] <= target:, which directly accesses nums[right] without checking if right is within the bounds of the list. This results in a runtime error when right goes beyond the list length. To overcome this error, we need to add a bounds check for the right variable in the mentioned while loop. We can modify the loop condition to while right < len(nums) and current_sum + nums[right] <= target:. This change will ensure that we only access elements within the bounds of the list, thus avoiding the IndexError."
}


END OF EXAMPLES

INFO - [Task id] 9 [prompt] [Task]:
Write a Python function that takes a string and returns the number of vowels in that string.
[Context]: 
 Rough plan to accomplish the task (can be wrong): 
Answer: To accomplish the task of counting the number of vowels in a string using Python, you can follow these conceptual steps:

1. **Define a Function**: Start by defining a function that takes a single parameter, which will be the input string.

2. **Identify Vowels**: Create a set or a list of characters that represent the vowels. In English, the vowels are 'a', 'e', 'i', 'o', 'u' (both uppercase and lowercase).

3. **Initialize a Counter**: Set up a counter variable to keep track of the number of vowels found in the string.

4. **Iterate Through the String**: Use a loop to go through each character in the input string.

5. **Check for Vowels**: For each character, check if it is in the set or list of vowels. If it is, increment the counter.

6. **Return the Count**: After the loop has finished, return the counter value, which represents the total number of vowels in the string.

Here is a simple example of how the function might look in code:

```python
def count_vowels(input_string):
    vowels = 'aeiouAEIOU'  # Define the vowels
    count = 0  # Initialize the counter
    for char in input_string:  # Iterate through each character
        if char in vowels:  # Check if the character is a vowel
            count += 1  # Increment the counter
    return count  # Return the total count of vowels
```

This function can then be called with any string to get the number of vowels it contains.


[function impl]:


def count_vowels(input_string):
    vowels = 'aeiouAEIOU'
    count = 0
    for char in input_string:
        if (char in vowels):
            count += 1
    return count

[unit test results]:
Tests passed:
assert count_vowels('hello') == 2
assert count_vowels('Python programming') == 4
assert count_vowels('') == 0

Tests failed:
None

INFO - [Task id] 9 [generation text] 
INFO - {
    "reasoning": "The implementation successfully counts the number of vowels in the input string and passes all provided test cases, indicating that it meets the task requirements.",
    "success": true,
    "critique": "Great job! Your function is correctly implemented and passes all the tests. You can further enhance it by considering additional test cases, such as strings with special characters or mixed case."
}
INFO - {
    "reasoning": "The implementation successfully counts the number of vowels in the input string and passes all provided test cases, indicating that it meets the task requirements.",
    "success": true,
    "critique": "Great job! Your function is correctly implemented and passes all the tests. You can further enhance it by considering additional test cases, such as strings with special characters or mixed case."
}
INFO - [task_id]: 9 [Result]: True
INFO - LM call n parse attempt 1 / 3

INFO - [Task id] 9 [prompt] 
You are a helpful assistant that writes a description of the given function written in the Python programming language.

1) Do not mention the function name.
2) Do not mention anything about helper functions.
3) There might be some helper functions before the main function, but you only need to describe the main function.
4) Try to summarize the function in no more than 6 sentences.
5) Your response should be a single line of text.

INFO - [Task id] 9 [prompt] 

def count_vowels(input_string):
    vowels = 'aeiouAEIOU'
    count = 0
    for char in input_string:
        if (char in vowels):
            count += 1
    return count


The main function is `count_vowels`.
INFO - [Task id] 9 [generation text] This function takes a string as input and counts the number of vowels present in it, considering both uppercase and lowercase letters. It initializes a counter to zero and iterates through each character in the input string. For each character, it checks if it is a vowel by comparing it against a predefined string of vowels. If a vowel is found, the counter is incremented by one. Finally, the function returns the total count of vowels found in the input string.
INFO - Num Completed Tasks: 9, Num Failed Tasks: 1
