INFO - DB skill doc count: 27

INFO - [train iter]: 30/100 

INFO - LM call n parse attempt 1 / 3

INFO - [Task id] 30 [prompt] 
You are a helpful assistant that asks questions to help me decide the next immediate task to do for Python programming.
My ultimate goal is to solve as many diverse problems as possible and become the best programmer in the world.

I will give you the following information:
Completed tasks so far: ...
Failed tasks that are too hard: ...

You must follow the following criteria:
1) You should ask at least 5 questions (but no more than 10 questions) to help me decide the next immediate task to do. Each question should be followed by the concept that the question is about.
2) Your question should be specific to a concept in Python programming.
  Bad example (the question is too general):
    Question: What is the best way to program in Python?
    Concept: unknown
  Good example:
    Question: How do you reverse a list?
    Concept: list
3) Your questions should be self-contained and not require any context.

Respond in JSON, and follow the keys and expected format of the values strictly.


Response format:
The output should be formatted as a JSON instance that conforms to the JSON schema below.

As an example, for the schema {"properties": {"foo": {"title": "Foo", "description": "a list of strings", "type": "array", "items": {"type": "string"}}}, "required": ["foo"]}
the object {"foo": ["bar", "baz"]} is a well-formatted instance of the schema. The object {"properties": {"foo": ["bar", "baz"]}} is not well-formatted.

Here is the output schema:
```
{"$defs": {"QuestionConcept": {"properties": {"question": {"description": "A question related to Python programming, to help me brainstorm the next immediate task to do", "title": "Question", "type": "string"}, "concept": {"description": "The Python programming concept associated with the question above", "title": "Concept", "type": "string"}}, "required": ["question", "concept"], "title": "QuestionConcept", "type": "object"}}, "properties": {"reasoning": {"description": "Reason out, step-by-step, why you picked these questions and concepts", "title": "Reasoning", "type": "string"}, "question_concept_list": {"description": "list of questions and their associated concepts", "items": {"$ref": "#/$defs/QuestionConcept"}, "title": "Question Concept List", "type": "array"}}, "required": ["reasoning", "question_concept_list"]}
```


INFO - [Task id] 30 [prompt] Completed tasks so far (do not give me these tasks again!): 
	Write a Python function that takes a list of integers and returns a list of unique integers from that list.
	Write a Python function that takes a list of integers and returns a dictionary with the integers as keys and their counts as values.
	Write a Python function that takes two lists of integers and returns a list of integers that are present in both lists (the intersection).
	Write a Python function that takes a list of integers and returns a list of integers that are unique (appear only once) in the list.
	Write a Python function that takes a list of integers and returns a list of integers that are duplicates (appear more than once) in the list.
	Write a Python function that takes a list of integers and returns the second largest integer in the list. If the list has fewer than two unique integers, return None.
	Write a Python function that takes a list of integers and returns a new list containing only the even integers from the original list.
	Write a Python function that takes a list of integers and returns a list of integers that are greater than a given threshold value.
	Write a Python function that takes a string and returns the number of vowels in that string.
	Write a Python function that takes a string and returns a set of unique characters in that string.
	Write a Python function that takes a string and returns True if it is a palindrome (reads the same forwards and backwards), and False otherwise.
	Write a Python function that takes a string and returns a new string containing only the digits from the original string.
	Write a Python function that takes a list of strings and returns a new list containing only the strings that have a length greater than a specified threshold.
	Write a Python function that takes a list of strings and returns a new list of those strings sorted by their length in descending order.
	Write a Python function that takes a list of strings and returns a new list containing the lengths of each string in the original list.
	Write a Python function that takes a string and returns a new string with all the vowels removed.
	Write a Python function that takes a string and returns the number of distinct characters in that string.
	Write a Python function that takes two dictionaries and merges them. If there are duplicate keys, the values from the second dictionary should overwrite those from the first.
	Write a Python function that takes a string and returns a new string where each character is repeated twice.
	Write a Python function that takes a list of integers and returns a list of integers that are present in the list but not in a given set of excluded integers.
	Write a Python function that takes a list of integers and returns a new list containing only the integers that are multiples of a given number.
	Write a Python function that takes a tuple of integers and returns a new tuple containing only the even integers from the original tuple.
	Write a Python function that takes a string and returns a dictionary with each character as the key and the number of times it appears in the string as the value.
	Write a Python function that takes a list of integers and returns a dictionary where the keys are the integers from the list and the values are the number of times each integer appears in the list.
	Write a Python function that takes a list of strings and returns a dictionary where the keys are the strings and the values are the lengths of those strings.
	Write a Python function that takes a list of dictionaries, each representing a person with a 'name' and 'age', and returns a dictionary where the keys are the names and the values are the ages of the people.
	Write a Python function that takes a dictionary and a threshold value, and returns a new dictionary containing only the items where the value exceeds the threshold.

Failed tasks that are too hard: 
	Write a Python function that takes a dictionary and returns a new dictionary with the keys and values swapped. If there are duplicate values, keep only one of the keys.
	Write a Python function that takes a dictionary and returns a new dictionary containing only the items where the value is greater than a specified threshold.
	Write a Python function that takes a string and returns a dictionary with each character as the key and the number of times it appears in the string as the value, but only for characters that appear more than once.


INFO - [Task id] 30 [generation text] 
INFO - {
    "reasoning": "I selected these questions to cover a variety of Python programming concepts that have not been tackled yet. The questions focus on different data structures like dictionaries, tuples, and strings, as well as operations like filtering and transforming data. This will help in broadening the skill set and tackling diverse problems.",
    "question_concept_list": [
        {
            "question": "How do you swap keys and values in a dictionary while handling duplicate values?",
            "concept": "dictionary"
        },
        {
            "question": "How can you filter a dictionary to include only items where the value exceeds a specified threshold?",
            "concept": "dictionary"
        },
        {
            "question": "What is the best way to count the occurrences of characters in a string, but only for those that appear more than once?",
            "concept": "string"
        },
        {
            "question": "How do you create a new dictionary from a list of tuples, where each tuple contains a key-value pair?",
            "concept": "dictionary"
        },
        {
            "question": "What is the method to convert a list of strings into a single string with each string separated by a specific delimiter?",
            "concept": "string"
        }
    ]
}
INFO - {
    "reasoning": "I selected these questions to cover a variety of Python programming concepts that have not been tackled yet. The questions focus on different data structures like dictionaries, tuples, and strings, as well as operations like filtering and transforming data. This will help in broadening the skill set and tackling diverse problems.",
    "question_concept_list": [
        {
            "question": "How do you swap keys and values in a dictionary while handling duplicate values?",
            "concept": "dictionary"
        },
        {
            "question": "How can you filter a dictionary to include only items where the value exceeds a specified threshold?",
            "concept": "dictionary"
        },
        {
            "question": "What is the best way to count the occurrences of characters in a string, but only for those that appear more than once?",
            "concept": "string"
        },
        {
            "question": "How do you create a new dictionary from a list of tuples, where each tuple contains a key-value pair?",
            "concept": "dictionary"
        },
        {
            "question": "What is the method to convert a list of strings into a single string with each string separated by a specific delimiter?",
            "concept": "string"
        }
    ]
}
INFO - LM call n parse attempt 1 / 3

INFO - [Task id] 30 [prompt] 
You are a helpful assistant that answer my question about Python programming.

I will give you the following information:
Question: ...

You will answer the question based on the context (only if available and helpful) and your own knowledge of Python programming.
1) Start your answer with "Answer: ".
2) Answer "Answer: Unknown" if you don't know the answer.

INFO - [Task id] 30 [prompt] Question: How do you swap keys and values in a dictionary while handling duplicate values?
INFO - [Task id] 30 [generation text] Answer: To swap keys and values in a dictionary while handling duplicate values, you can use a `defaultdict` from the `collections` module. This allows you to group keys that have the same value into a list. Here's how you can do it:

```python
from collections import defaultdict

def swap_dict(d):
    swapped = defaultdict(list)
    for key, value in d.items():
        swapped[value].append(key)
    return dict(swapped)

# Example usage
original_dict = {'a': 1, 'b': 2, 'c': 1}
swapped_dict = swap_dict(original_dict)
print(swapped_dict)
```

In this example, the original dictionary has keys 'a' and 'c' with the same value of 1. The resulting dictionary will have the value 1 associated with a list of keys `['a', 'c']`, and the value 2 associated with the key `['b']`. The output will be:

```
{1: ['a', 'c'], 2: ['b']}
```

This way, you can effectively handle duplicate values when swapping keys and values in a dictionary.
INFO - LM call n parse attempt 1 / 3

INFO - [Task id] 30 [prompt] 
You are a helpful assistant that answer my question about Python programming.

I will give you the following information:
Question: ...

You will answer the question based on the context (only if available and helpful) and your own knowledge of Python programming.
1) Start your answer with "Answer: ".
2) Answer "Answer: Unknown" if you don't know the answer.

INFO - [Task id] 30 [prompt] Question: What is the method to convert a list of strings into a single string with each string separated by a specific delimiter?
INFO - [Task id] 30 [generation text] Answer: You can use the `join()` method in Python to convert a list of strings into a single string with each string separated by a specific delimiter. Here’s an example:

```python
list_of_strings = ['apple', 'banana', 'cherry']
delimiter = ', '
result = delimiter.join(list_of_strings)
print(result)  # Output: 'apple, banana, cherry'
```

In this example, the `join()` method takes the list of strings and concatenates them into a single string, using the specified delimiter (in this case, a comma followed by a space).
INFO - LM call n parse attempt 1 / 5

INFO - [Task id] 30 [prompt] 
You are a helpful assistant that tells me the next immediate task (in the form of a function) to do for Python programming. 
My ultimate goal is to solve as many diverse problems as possible and become the best programmer in the world.

I will give you the following information:
Question 1: ...
Answer: ...
Question 2: ...
Answer: ...
Question 3: ...
Answer: ...
...
Completed tasks so far: ...
Failed tasks that are too hard: ...

You must follow the following criteria:
1) You should act as a mentor and guide me to the next task based on my current learning progress. As a rule of thumb, guide me through beginner problems, followed by interview level problems, followed by competitive programming problems. The latter 2 levels can involve concepts from data structures and algorithms.
2) Please be very specific about what skills I need to learn.
3) Do not propose multiple tasks at the same time. Do not mention anything else.
4) The next task should not be too hard since I may not have learned enough skills to complete it yet.
5) The next task should be novel and interesting. I should look for problems which I have not solved yet. I should not be doing the same thing over and over again.
6) The task should involve writing a main Python function that at most use basic libraries (try not to import too many or too advanced modules)
7) Do not give tasks that require file operations (create, read, update, delete) or an internet connection.
8) I am only allowed to write Python functions, so do not require me to write other things (e.g. objects). 
9) Requiring me to write a function that takes in an object and uses object methods is still ok, but I cannot define the objects myself. You must provide the objects as input to my function in the assert statement.

Take note of these in your response:
1) Give an expected function name for the task.
2) Give a tuple of 3 assert statements that tests the function's correctness in the "test_tuple" field. This must strictly contain single-line assert statements only; any setup code for the test must be filled in the "test_setup_code" field.
3) The function name which you gave must be called in the assert statements. 

Respond in JSON, and follow the keys and expected format of the values strictly.


Response format:
The output should be formatted as a JSON instance that conforms to the JSON schema below.

As an example, for the schema {"properties": {"foo": {"title": "Foo", "description": "a list of strings", "type": "array", "items": {"type": "string"}}}, "required": ["foo"]}
the object {"foo": ["bar", "baz"]} is a well-formatted instance of the schema. The object {"properties": {"foo": ["bar", "baz"]}} is not well-formatted.

Here is the output schema:
```
{"properties": {"reasoning": {"description": "Based on the information listed above, reason about what the next task should be.", "title": "Reasoning", "type": "string"}, "task": {"description": "The next task, which requires me to write a single function. Be sure to state the expected data structure for inputs and outputs.", "title": "Task", "type": "string"}, "gt_fn_name": {"description": "The expected name for the single function for the task", "title": "Gt Fn Name", "type": "string"}, "test_setup_code": {"description": "setup code, if required. This will be run just before the assert statements are executed.", "title": "Test Setup Code", "type": "string"}, "test_tuple": {"description": "Tuple of 3 SINGLE-LINE test cases that starts with 'assert' to test the function's correctness.Any extra required code should be written in the test_setup_code field.", "items": {"type": "string"}, "maxItems": 3, "minItems": 3, "prefixItems": [{"type": "string"}, {"type": "string"}, {"type": "string"}], "title": "Test Tuple", "type": "array"}}, "required": ["reasoning", "task", "gt_fn_name", "test_setup_code", "test_tuple"]}
```


INFO - [Task id] 30 [prompt] 
Here's an example response:
{
    "reasoning": "The student has shown proficiency in basic Python syntax and list manipulation, but struggles with problems involving more complex algorithms and data structures. This task will help them practice using sets or dictionaries for efficient lookups, and understand the concept of algorithmic complexity.",
    "task": "Write a Python function that takes a list of integers and returns the tuple of two numbers that sum up to zero. If no such pair exists, return None.",
    "gt_fn_name": "find_zero_sum",
    "test_setup_code": "",
    "test_tuple": [
        "assert find_zero_sum([1, 2, 3, -2, -1]) == (2, -2)",
        "assert find_zero_sum([1, 2, 3, 4, 5]) == None",
        "assert find_zero_sum([1, 4, 3, -4, -1]) == (4, -4)"
    ]
}

INFO - [Task id] 30 [prompt] Question 1: How do you swap keys and values in a dictionary while handling duplicate values?
Answer: To swap keys and values in a dictionary while handling duplicate values, you can use a `defaultdict` from the `collections` module. This allows you to group keys that have the same value into a list. Here's how you can do it:

```python
from collections import defaultdict

def swap_dict(d):
    swapped = defaultdict(list)
    for key, value in d.items():
        swapped[value].append(key)
    return dict(swapped)

# Example usage
original_dict = {'a': 1, 'b': 2, 'c': 1}
swapped_dict = swap_dict(original_dict)
print(swapped_dict)
```

In this example, the original dictionary has keys 'a' and 'c' with the same value of 1. The resulting dictionary will have the value 1 associated with a list of keys `['a', 'c']`, and the value 2 associated with the key `['b']`. The output will be:

```
{1: ['a', 'c'], 2: ['b']}
```

This way, you can effectively handle duplicate values when swapping keys and values in a dictionary.

Question 2: What is the method to filter a dictionary to include only items where the value exceeds a certain threshold?
Answer: You can filter a dictionary in Python using a dictionary comprehension. To include only items where the value exceeds a certain threshold, you can do the following:

```python
original_dict = {'a': 1, 'b': 5, 'c': 3, 'd': 7}
threshold = 4

filtered_dict = {key: value for key, value in original_dict.items() if value > threshold}
```

In this example, `filtered_dict` will contain only the items from `original_dict` where the value is greater than 4. The resulting `filtered_dict` will be `{'b': 5, 'd': 7}`.

Question 3: How can you count the occurrences of each character in a string, but only include characters that appear more than once?
Answer: You can count the occurrences of each character in a string and filter to include only those that appear more than once using the `collections.Counter` class. Here’s a sample code snippet to achieve this:

```python
from collections import Counter

def count_repeated_characters(s):
    # Count occurrences of each character
    char_count = Counter(s)
    # Filter to include only characters that appear more than once
    repeated_char_count = {char: count for char, count in char_count.items() if count > 1}
    return repeated_char_count

# Example usage
input_string = "hello world"
result = count_repeated_characters(input_string)
print(result)  # Output: {'l': 3, 'o': 2}
```

In this code, `Counter` creates a dictionary-like object where keys are characters and values are their counts. The dictionary comprehension then filters this to include only characters with a count greater than one.

Question 4: How can you create a new dictionary from a list of tuples?
Answer: You can create a new dictionary from a list of tuples by using the `dict()` constructor, which takes an iterable of key-value pairs. Each tuple in the list should contain exactly two elements: the first element will be the key and the second element will be the value. Here’s an example:

```python
# List of tuples
tuple_list = [('a', 1), ('b', 2), ('c', 3)]

# Creating a dictionary from the list of tuples
new_dict = dict(tuple_list)

print(new_dict)
```

This will output:

```
{'a': 1, 'b': 2, 'c': 3}
```

Alternatively, you can also use a dictionary comprehension:

```python
new_dict = {key: value for key, value in tuple_list}
```

Both methods will give you the same result.

Question 5: What is the method to convert a list of strings into a single string with each string separated by a specific delimiter?
Answer: You can use the `join()` method in Python to convert a list of strings into a single string with each string separated by a specific delimiter. Here’s an example:

```python
list_of_strings = ['apple', 'banana', 'cherry']
delimiter = ', '
result = delimiter.join(list_of_strings)
print(result)  # Output: 'apple, banana, cherry'
```

In this example, the `join()` method takes the list of strings and concatenates them into a single string, using the specified delimiter (in this case, a comma followed by a space).

Completed tasks so far (do not give me these tasks again!): 
	Write a Python function that takes a list of integers and returns a list of unique integers from that list.
	Write a Python function that takes a list of integers and returns a dictionary with the integers as keys and their counts as values.
	Write a Python function that takes two lists of integers and returns a list of integers that are present in both lists (the intersection).
	Write a Python function that takes a list of integers and returns a list of integers that are unique (appear only once) in the list.
	Write a Python function that takes a list of integers and returns a list of integers that are duplicates (appear more than once) in the list.
	Write a Python function that takes a list of integers and returns the second largest integer in the list. If the list has fewer than two unique integers, return None.
	Write a Python function that takes a list of integers and returns a new list containing only the even integers from the original list.
	Write a Python function that takes a list of integers and returns a list of integers that are greater than a given threshold value.
	Write a Python function that takes a string and returns the number of vowels in that string.
	Write a Python function that takes a string and returns a set of unique characters in that string.
	Write a Python function that takes a string and returns True if it is a palindrome (reads the same forwards and backwards), and False otherwise.
	Write a Python function that takes a string and returns a new string containing only the digits from the original string.
	Write a Python function that takes a list of strings and returns a new list containing only the strings that have a length greater than a specified threshold.
	Write a Python function that takes a list of strings and returns a new list of those strings sorted by their length in descending order.
	Write a Python function that takes a list of strings and returns a new list containing the lengths of each string in the original list.
	Write a Python function that takes a string and returns a new string with all the vowels removed.
	Write a Python function that takes a string and returns the number of distinct characters in that string.
	Write a Python function that takes two dictionaries and merges them. If there are duplicate keys, the values from the second dictionary should overwrite those from the first.
	Write a Python function that takes a string and returns a new string where each character is repeated twice.
	Write a Python function that takes a list of integers and returns a list of integers that are present in the list but not in a given set of excluded integers.
	Write a Python function that takes a list of integers and returns a new list containing only the integers that are multiples of a given number.
	Write a Python function that takes a tuple of integers and returns a new tuple containing only the even integers from the original tuple.
	Write a Python function that takes a string and returns a dictionary with each character as the key and the number of times it appears in the string as the value.
	Write a Python function that takes a list of integers and returns a dictionary where the keys are the integers from the list and the values are the number of times each integer appears in the list.
	Write a Python function that takes a list of strings and returns a dictionary where the keys are the strings and the values are the lengths of those strings.
	Write a Python function that takes a list of dictionaries, each representing a person with a 'name' and 'age', and returns a dictionary where the keys are the names and the values are the ages of the people.
	Write a Python function that takes a dictionary and a threshold value, and returns a new dictionary containing only the items where the value exceeds the threshold.

Failed tasks that are too hard: 
	Write a Python function that takes a dictionary and returns a new dictionary with the keys and values swapped. If there are duplicate values, keep only one of the keys.
	Write a Python function that takes a dictionary and returns a new dictionary containing only the items where the value is greater than a specified threshold.
	Write a Python function that takes a string and returns a dictionary with each character as the key and the number of times it appears in the string as the value, but only for characters that appear more than once.


INFO - [Task id] 30 [generation text] 
INFO - {
    "reasoning": "The student has demonstrated a good understanding of basic Python functions and dictionary manipulations. The next task will involve creating a function that processes a list of tuples to form a dictionary, which is a new concept for them. This will help reinforce their understanding of data structures and improve their problem-solving skills.",
    "task": "Write a Python function that takes a list of tuples, where each tuple contains a key-value pair, and returns a dictionary constructed from those tuples.",
    "gt_fn_name": "create_dict_from_tuples",
    "test_setup_code": "",
    "test_tuple": [
        "assert create_dict_from_tuples([('a', 1), ('b', 2), ('c', 3)]) == {'a': 1, 'b': 2, 'c': 3}",
        "assert create_dict_from_tuples([('x', 10), ('y', 20)]) == {'x': 10, 'y': 20}",
        "assert create_dict_from_tuples([]) == {}"
    ]
}
INFO - {
    "reasoning": "The student has demonstrated a good understanding of basic Python functions and dictionary manipulations. The next task will involve creating a function that processes a list of tuples to form a dictionary, which is a new concept for them. This will help reinforce their understanding of data structures and improve their problem-solving skills.",
    "task": "Write a Python function that takes a list of tuples, where each tuple contains a key-value pair, and returns a dictionary constructed from those tuples.",
    "gt_fn_name": "create_dict_from_tuples",
    "test_setup_code": "",
    "test_tuple": [
        "assert create_dict_from_tuples([('a', 1), ('b', 2), ('c', 3)]) == {'a': 1, 'b': 2, 'c': 3}",
        "assert create_dict_from_tuples([('x', 10), ('y', 20)]) == {'x': 10, 'y': 20}",
        "assert create_dict_from_tuples([]) == {}"
    ]
}
INFO - The task prompt is Write a Python function that takes a list of tuples, where each tuple contains a key-value pair, and returns a dictionary constructed from those tuples.
You must strictly follow the function name: create_dict_from_tuples

INFO - LM call n parse attempt 1 / 3

INFO - [Task id] 30 [prompt] 
You are a helpful assistant that answer my question about Python programming.

I will give you the following information:
Question: ...

You will answer the question based on the context (only if available and helpful) and your own knowledge of Python programming.
1) Start your answer with "Answer: ".
2) Answer "Answer: Unknown" if you don't know the answer.

INFO - [Task id] 30 [prompt] Question: Explain at a conceptual level, how to accomplish the below task in Python programming?
Write a Python function that takes a list of tuples, where each tuple contains a key-value pair, and returns a dictionary constructed from those tuples.
INFO - [Task id] 30 [generation text] Answer: To accomplish the task of converting a list of tuples into a dictionary in Python, you can follow these conceptual steps:

1. **Define a Function**: Start by defining a function that takes a single parameter, which will be the list of tuples.

2. **Initialize an Empty Dictionary**: Inside the function, create an empty dictionary that will hold the key-value pairs.

3. **Iterate Over the List of Tuples**: Use a loop to go through each tuple in the list. Each tuple will contain two elements: the first element will be the key, and the second element will be the value.

4. **Add Key-Value Pairs to the Dictionary**: For each tuple, extract the key and value, and add them to the dictionary using the key as the dictionary key and the value as the corresponding value.

5. **Return the Dictionary**: After processing all tuples, return the constructed dictionary.

Here is a conceptual outline of the function:

```python
def tuples_to_dict(tuples_list):
    # Step 2: Initialize an empty dictionary
    result_dict = {}
    
    # Step 3: Iterate over the list of tuples
    for key, value in tuples_list:
        # Step 4: Add key-value pairs to the dictionary
        result_dict[key] = value
    
    # Step 5: Return the dictionary
    return result_dict
```

This function will take a list of tuples, such as `[('a', 1), ('b', 2), ('c', 3)]`, and return a dictionary like `{'a': 1, 'b': 2, 'c': 3}`.
INFO - Attempting task_id 30
INFO - [35m Rollout attempt 1/4[0m
INFO - [33m Retrieving 5 entries for db: skill 
 [0m
INFO - [33m people_to_dict, merge_dictionaries, strings_to_lengths_dict, count_occurrences_v2, count_occurrences[0m
INFO - LM call n parse attempt 1 / 3

INFO - [Task id] 30 [prompt] You are a helpful assistant that writes python code to solve a task specified by me.

Here are some useful functions written earlier which you can reuse or reference.


[Entry]:


    def people_to_dict(people_list):
        result = {}
        for person in people_list:
            name = person['name']
            age = person['age']
            result[name] = age
        return result

[/Entry]

[Entry]:


    def merge_dictionaries(dict1, dict2):
        merged_dict = {**dict1, **dict2}
        return merged_dict

[/Entry]

[Entry]:


    def strings_to_lengths_dict(strings):
        lengths_dict = {}
        for string in strings:
            lengths_dict[string] = len(string)
        return lengths_dict

[/Entry]

[Entry]:


    def count_occurrences_v2(int_list):
        counts = {}
        for num in int_list:
            if (num in counts):
                counts[num] += 1
            else:
                counts[num] = 1
        return counts

[/Entry]

[Entry]:


    def count_occurrences(int_list):
        counts = {}
        for num in int_list:
            if (num in counts):
                counts[num] += 1
            else:
                counts[num] = 1
        return counts

[/Entry]






At each round of conversation, I will give you
[Environment feedback] (after executing code) ...
[Code from the last round] ...
[Task] ...
[Context] ...
[Critique] ...

You should then respond to me with
Explain (if applicable): Are there any steps missing in your plan? Why does the code not complete the task? What does the chat log and execution error imply?
Plan: How to complete the task step by step. 
Code:
    1) Reuse or reference the above useful programs if necessary.
    2) Your function will be reused for building more complex functions. Therefore, you should make it generic and reusable. 
    3) Functions in the "Code from the last round" section will not be saved or executed. Do not reuse functions listed there.
    4) Anything defined outside a function will be ignored, define all your variables inside your functions.
    5) Do not write infinite loops.
    6) If the task specifies a function name to be used, follow it strictly (be case sensitive!). Else, name your function in a meaningful way (can infer the task from the name).
    7) Your code should only contain elements that solve the task, so DO NOT write any assert statements / tests
    8) The context in the [Context] tag serves as a casual tip (which can be wrong) to help you on the task, but your priority is to follow instructions in the [Task] tag.

You should only respond in the format as described below:
RESPONSE FORMAT:

Explain: ...
Plan:
1) ...
2) ...
3) ...
...
Code:
```python
# helper functions (only if needed, try to avoid them)
...
# main function after the helper functions
def yourMainFunctionName(args):
  # ...

```


INFO - [Task id] 30 [prompt] [Environment feedback]
None

[Code from the last round]
No code in the first round

[Task]
Write a Python function that takes a list of tuples, where each tuple contains a key-value pair, and returns a dictionary constructed from those tuples.
You must strictly follow the function name: create_dict_from_tuples

[Context]
Rough plan to accomplish the task (can be wrong): 
Answer: To accomplish the task of converting a list of tuples into a dictionary in Python, you can follow these conceptual steps:

1. **Define a Function**: Start by defining a function that takes a single parameter, which will be the list of tuples.

2. **Initialize an Empty Dictionary**: Inside the function, create an empty dictionary that will hold the key-value pairs.

3. **Iterate Over the List of Tuples**: Use a loop to go through each tuple in the list. Each tuple will contain two elements: the first element will be the key, and the second element will be the value.

4. **Add Key-Value Pairs to the Dictionary**: For each tuple, extract the key and value, and add them to the dictionary using the key as the dictionary key and the value as the corresponding value.

5. **Return the Dictionary**: After processing all tuples, return the constructed dictionary.

Here is a conceptual outline of the function:

```python
def tuples_to_dict(tuples_list):
    # Step 2: Initialize an empty dictionary
    result_dict = {}
    
    # Step 3: Iterate over the list of tuples
    for key, value in tuples_list:
        # Step 4: Add key-value pairs to the dictionary
        result_dict[key] = value
    
    # Step 5: Return the dictionary
    return result_dict
```

This function will take a list of tuples, such as `[('a', 1), ('b', 2), ('c', 3)]`, and return a dictionary like `{'a': 1, 'b': 2, 'c': 3}`.


[Critique]
None


INFO - [Task id] 30 [generation text] Explain: The rough plan provided in the context is mostly correct and outlines the necessary steps to convert a list of tuples into a dictionary. However, it does not explicitly mention the function name that needs to be used, which is specified in the task. The plan is clear and logical, and it correctly identifies the need to iterate over the list of tuples and construct the dictionary.

Plan:
1) Define the function `create_dict_from_tuples` that takes a list of tuples as an argument.
2) Initialize an empty dictionary to store the key-value pairs.
3) Iterate over each tuple in the list, unpacking the key and value from each tuple.
4) Add the key-value pairs to the dictionary.
5) Return the constructed dictionary.

Code:
```python
def create_dict_from_tuples(tuples_list):
    result_dict = {}
    for key, value in tuples_list:
        result_dict[key] = value
    return result_dict
```
INFO - program_code:
 

def create_dict_from_tuples(tuples_list):
    result_dict = {}
    for (key, value) in tuples_list:
        result_dict[key] = value
    return result_dict


INFO - program_name:
 create_dict_from_tuples

INFO - dependencies:
 []

INFO - raw_msg:
 Explain: The rough plan provided in the context is mostly correct and outlines the necessary steps to convert a list of tuples into a dictionary. However, it does not explicitly mention the function name that needs to be used, which is specified in the task. The plan is clear and logical, and it correctly identifies the need to iterate over the list of tuples and construct the dictionary.

Plan:
1) Define the function `create_dict_from_tuples` that takes a list of tuples as an argument.
2) Initialize an empty dictionary to store the key-value pairs.
3) Iterate over each tuple in the list, unpacking the key and value from each tuple.
4) Add the key-value pairs to the dictionary.
5) Return the constructed dictionary.

Code:
```python
def create_dict_from_tuples(tuples_list):
    result_dict = {}
    for key, value in tuples_list:
        result_dict[key] = value
    return result_dict
```

INFO - no_parent:
 True

INFO - full code to be executed: 
 

def create_dict_from_tuples(tuples_list):
    result_dict = {}
    for (key, value) in tuples_list:
        result_dict[key] = value
    return result_dict


INFO - obs: Tests passed:
assert create_dict_from_tuples([('a', 1), ('b', 2), ('c', 3)]) == {'a': 1, 'b': 2, 'c': 3}
assert create_dict_from_tuples([('x', 10), ('y', 20)]) == {'x': 10, 'y': 20}
assert create_dict_from_tuples([]) == {}

Tests failed:
None
reward: True
done: None
info: {'individual_results': (True, True, True)}
INFO - LM call n parse attempt 1 / 5

INFO - [Task id] 30 [prompt] 
You are a Python programming assistant that assesses my progress of Python programming and provides useful guidance.

I will give you the following information:

[Task]: The objective I need to accomplish.
[Context]: The context of the task. Serves as a casual tip (which can be wrong) to help me on the task, but my priority is to follow instructions in the Task tag.
[function impl]: My function implementation that is intended to complete the task
[unit test results]: The results after executing my function implementation on the unit tests

Your first goal is to use these info to evaluate if I have met the task requirements, and explain why. 
It is possible that the unit test results all pass, but the code does not accomplish the task (eg by failing to accomplish the task in scenarios not covered by the unit tests)
It is also possible that the unit tests are wrong in the first place, though the code accomplishes the task and fails the unit test.

If I have not met the task requirements, write a few sentences to explain why the function implementation is wrong as indicated by the tests. 
You will need this as guidance when you try again later.
Only provide the few sentence description in your answer, not the implementation. 
Suggest how the function implementation can be changed, NOT the test cases (assert statements)

You should only respond in JSON format as described below:
The output should be formatted as a JSON instance that conforms to the JSON schema below.

As an example, for the schema {"properties": {"foo": {"title": "Foo", "description": "a list of strings", "type": "array", "items": {"type": "string"}}}, "required": ["foo"]}
the object {"foo": ["bar", "baz"]} is a well-formatted instance of the schema. The object {"properties": {"foo": ["bar", "baz"]}} is not well-formatted.

Here is the output schema:
```
{"description": "Represents the critique of a task attempt, including reasoning, success status, and suggestions for improvement.\n\nAttributes:\n    reasoning (str): Explanation of why the task was succeeded or failed.\n    success (bool): Indicates whether the task requirements were met.\n    critique (str): Suggestions or critique to help improve future task attempts.", "properties": {"reasoning": {"description": "reason why I have succeeded or failed at the task", "title": "Reasoning", "type": "string"}, "success": {"description": "evaluate if I have met the task requirements", "title": "Success", "type": "boolean"}, "critique": {"description": "critique to help me improve", "title": "Critique", "type": "string"}}, "required": ["reasoning", "success", "critique"]}
```

INFO - [Task id] 30 [prompt] 
Here are some examples:

Example 1:
[function impl]:
```python
def longest_subarray_with_sum_limit(nums: List[int], target: int) -> List[int]:
    n = len(nums)
    left, right = 0, 0
    max_length = 0
    current_sum = 0
    result = []
    while right < n:
        current_sum += nums[right]
        while current_sum > target:
            current_sum -= nums[left]
            left += 1
        if right - left + 1 >= max_length:
            max_length = right - left + 1
            result = nums[left:right+1]
        right += 1
    return result
```
[unit test results]:
Tests passing:
assert longest_subarray_with_sum_limit([1, 2, 3, 4, 5], 8) == [1, 2, 3]
assert longest_subarray_with_sum_limit([1, 2, 3, 4, 5], 15) == [1, 2, 3, 4, 5]
assert longest_subarray_with_sum_limit([1, -1, 2, -2, 3, -3], 2) == [1, -1, 2, -2, 3]
assert longest_subarray_with_sum_limit([], 10) == []
assert longest_subarray_with_sum_limit([], 0) == []
assert longest_subarray_with_sum_limit([], -5) == []  
Tests failing:
assert longest_subarray_with_sum_limit([5, 6, 7, 8, 9], 4) == [] # output: [5]

RESPONSE:
{
    "reasoning": "The implementation failed the test case where no subarray fulfills the condition",
    "success": false,
    "critique": "The issue in the implementation is due to the use of >= instead of > in the condition to update the result. Because of this, it returns a subarray even when the sum is greater than the target, as it still updates the result when the current subarray length is equal to the previous longest subarray length. To overcome this error, we should change the condition to only update the result when the current subarray length is strictly greater than the previous longest subarray length. This can be done by replacing >= with > in the condition."
}


Example 2:
[function impl]:
```python
def longest_subarray_with_sum_limit(nums: List[int], target: int) -> List[int]:
    n = len(nums)
    left, right = 0, 0
    max_length = 0
    current_sum = 0
    result = []
    while current_sum + nums[right] <= target:
        current_sum += nums[right]
        right += 1
    while right < n:
        current_sum += nums[right]
        while current_sum > target:
            current_sum -= nums[left]
            left += 1
        if right - left + 1 > max_length:
            max_length = right - left + 1
            result = nums[left:right+1]
        right += 1
    return result
```
[unit test results]:
Tests passing:
assert longest_subarray_with_sum_limit([], 10) == []
assert longest_subarray_with_sum_limit([], 0) == []
assert longest_subarray_with_sum_limit([], -5) == []
Tests failing:
assert longest_subarray_with_sum_limit([1, 2, 3, 4, 5], 8) == [1, 2, 3] # output: list index out of range
assert longest_subarray_with_sum_limit([1, 2, 3, 4, 5], 15) == [1, 2, 3, 4, 5] # output: list index out of range
assert longest_subarray_with_sum_limit([5, 6, 7, 8, 9], 4) == [] # output: list index out of range
assert longest_subarray_with_sum_limit([1, -1, 2, -2, 3, -3], 2) == [1, -1, 2, -2, 3] # output: list index out of range

RESPONSE:
{
    "reason": "The implementation failed 4 out of the 7 test cases due to an IndexError.",
    "success": false,
    "critique": "The issue stems from the while loop while current_sum + nums[right] <= target:, which directly accesses nums[right] without checking if right is within the bounds of the list. This results in a runtime error when right goes beyond the list length. To overcome this error, we need to add a bounds check for the right variable in the mentioned while loop. We can modify the loop condition to while right < len(nums) and current_sum + nums[right] <= target:. This change will ensure that we only access elements within the bounds of the list, thus avoiding the IndexError."
}


END OF EXAMPLES

INFO - [Task id] 30 [prompt] [Task]:
Write a Python function that takes a list of tuples, where each tuple contains a key-value pair, and returns a dictionary constructed from those tuples.
[Context]: 
 Rough plan to accomplish the task (can be wrong): 
Answer: To accomplish the task of converting a list of tuples into a dictionary in Python, you can follow these conceptual steps:

1. **Define a Function**: Start by defining a function that takes a single parameter, which will be the list of tuples.

2. **Initialize an Empty Dictionary**: Inside the function, create an empty dictionary that will hold the key-value pairs.

3. **Iterate Over the List of Tuples**: Use a loop to go through each tuple in the list. Each tuple will contain two elements: the first element will be the key, and the second element will be the value.

4. **Add Key-Value Pairs to the Dictionary**: For each tuple, extract the key and value, and add them to the dictionary using the key as the dictionary key and the value as the corresponding value.

5. **Return the Dictionary**: After processing all tuples, return the constructed dictionary.

Here is a conceptual outline of the function:

```python
def tuples_to_dict(tuples_list):
    # Step 2: Initialize an empty dictionary
    result_dict = {}
    
    # Step 3: Iterate over the list of tuples
    for key, value in tuples_list:
        # Step 4: Add key-value pairs to the dictionary
        result_dict[key] = value
    
    # Step 5: Return the dictionary
    return result_dict
```

This function will take a list of tuples, such as `[('a', 1), ('b', 2), ('c', 3)]`, and return a dictionary like `{'a': 1, 'b': 2, 'c': 3}`.


[function impl]:


def create_dict_from_tuples(tuples_list):
    result_dict = {}
    for (key, value) in tuples_list:
        result_dict[key] = value
    return result_dict

[unit test results]:
Tests passed:
assert create_dict_from_tuples([('a', 1), ('b', 2), ('c', 3)]) == {'a': 1, 'b': 2, 'c': 3}
assert create_dict_from_tuples([('x', 10), ('y', 20)]) == {'x': 10, 'y': 20}
assert create_dict_from_tuples([]) == {}

Tests failed:
None

INFO - [Task id] 30 [generation text] 
INFO - {
    "reasoning": "The implementation successfully converts a list of tuples into a dictionary, as all provided test cases passed without any errors.",
    "success": true,
    "critique": "Great job! Your implementation is correct and meets the task requirements. You might consider adding more test cases to cover edge cases, such as tuples with duplicate keys or different data types."
}
INFO - {
    "reasoning": "The implementation successfully converts a list of tuples into a dictionary, as all provided test cases passed without any errors.",
    "success": true,
    "critique": "Great job! Your implementation is correct and meets the task requirements. You might consider adding more test cases to cover edge cases, such as tuples with duplicate keys or different data types."
}
INFO - [task_id]: 30 [Result]: True
INFO - LM call n parse attempt 1 / 3

INFO - [Task id] 30 [prompt] 
You are a helpful assistant that writes a description of the given function written in the Python programming language.

1) Do not mention the function name.
2) Do not mention anything about helper functions.
3) There might be some helper functions before the main function, but you only need to describe the main function.
4) Try to summarize the function in no more than 6 sentences.
5) Your response should be a single line of text.

INFO - [Task id] 30 [prompt] 

def create_dict_from_tuples(tuples_list):
    result_dict = {}
    for (key, value) in tuples_list:
        result_dict[key] = value
    return result_dict


The main function is `create_dict_from_tuples`.
INFO - [Task id] 30 [generation text] This function takes a list of tuples as input, where each tuple contains a key-value pair. It initializes an empty dictionary to store the results. As it iterates through the list of tuples, it assigns each key to its corresponding value in the dictionary. After processing all tuples, it returns the constructed dictionary. The function effectively transforms a list of tuples into a dictionary format. It is useful for organizing data in a key-value structure.
INFO - Num Completed Tasks: 28, Num Failed Tasks: 3
