INFO - DB skill doc count: 62

INFO - [train iter]: 66/100 

INFO - LM call n parse attempt 1 / 3

INFO - [Task id] 66 [prompt] 
You are a helpful assistant that asks questions to help me decide the next immediate task to do for Python programming.
My ultimate goal is to solve as many diverse problems as possible and become the best programmer in the world.

I will give you the following information:
Completed tasks so far: ...
Failed tasks that are too hard: ...

You must follow the following criteria:
1) You should ask at least 5 questions (but no more than 10 questions) to help me decide the next immediate task to do. Each question should be followed by the concept that the question is about.
2) Your question should be specific to a concept in Python programming.
  Bad example (the question is too general):
    Question: What is the best way to program in Python?
    Concept: unknown
  Good example:
    Question: How do you reverse a list?
    Concept: list
3) Your questions should be self-contained and not require any context.

Respond in JSON, and follow the keys and expected format of the values strictly.


Response format:
The output should be formatted as a JSON instance that conforms to the JSON schema below.

As an example, for the schema {"properties": {"foo": {"title": "Foo", "description": "a list of strings", "type": "array", "items": {"type": "string"}}}, "required": ["foo"]}
the object {"foo": ["bar", "baz"]} is a well-formatted instance of the schema. The object {"properties": {"foo": ["bar", "baz"]}} is not well-formatted.

Here is the output schema:
```
{"$defs": {"QuestionConcept": {"properties": {"question": {"description": "A question related to Python programming, to help me brainstorm the next immediate task to do", "title": "Question", "type": "string"}, "concept": {"description": "The Python programming concept associated with the question above", "title": "Concept", "type": "string"}}, "required": ["question", "concept"], "title": "QuestionConcept", "type": "object"}}, "properties": {"reasoning": {"description": "Reason out, step-by-step, why you picked these questions and concepts", "title": "Reasoning", "type": "string"}, "question_concept_list": {"description": "list of questions and their associated concepts", "items": {"$ref": "#/$defs/QuestionConcept"}, "title": "Question Concept List", "type": "array"}}, "required": ["reasoning", "question_concept_list"]}
```


INFO - [Task id] 66 [prompt] Completed tasks so far (do not give me these tasks again!): 
	Write a Python function that takes a list of integers and returns a new list containing only the even numbers from the original list.
	Write a Python function that takes a list of strings and returns a dictionary where the keys are the strings and the values are the number of times each string appears in the list.
	Write a Python function that takes a list of strings and returns a dictionary where the keys are the lengths of the strings and the values are lists of strings of that length.
	Write a Python function that takes a string and returns the first non-repeating character in it. If all characters repeat, return None.
	Write a Python function that takes a list of integers and returns a list of all unique pairs (as tuples) that sum up to a given target integer. The pairs should be sorted in ascending order, and each pair should be sorted as well.
	Write a Python function that takes a string and returns the longest substring without repeating characters.
	Write a Python function that takes two lists of integers and returns a list of their common elements. The result should not contain duplicates and should be sorted in ascending order.
	Write a Python function that takes a list of integers and sorts it in ascending order using the bubble sort algorithm. The function should return the sorted list.
	Write a Python function that takes a list of integers and returns a new list with the elements in reverse order.
	Write a Python function that takes a list of integers and returns the greatest common divisor (GCD) of the numbers in the list. Use the Euclidean algorithm to find the GCD.
	Write a Python function that takes a string and returns a new string with all the vowels removed. The function should be case-insensitive, meaning it should remove both uppercase and lowercase vowels.
	Write a Python function that takes two lists of integers and returns a list of integers that are present in both lists, without duplicates. Use set operations to achieve this.
	Write a Python function that takes a list of operations (as strings) and simulates a stack using a list. The operations can be 'push X' to push an integer X onto the stack, 'pop' to remove the top element, and 'peek' to return the top element without removing it. The function should return a list of results from the 'pop' and 'peek' operations.
	Write a Python function that takes two lists of integers and returns a list of integers that are present in either of the lists but not in both. The result should not contain duplicates and should be sorted in ascending order.
	Write a Python function that takes a list of integers and returns a dictionary where the keys are the integers and the values are the number of times each integer appears in the list. This will help practice using dictionaries for counting occurrences.
	Write a Python function that takes an integer n and returns a list of all prime numbers less than n. This will help you practice loops, conditionals, and understanding of prime numbers.
	Write a Python function that takes a string and a pattern (both strings) and returns True if the pattern is found in the string, and False otherwise. The function should perform a simple substring search.
	Write a Python function that calculates the factorial of a given non-negative integer using recursion. The function should return the factorial value.
	Write a Python function that takes a list of integers and returns the index of the first occurrence of the maximum value in the list. If the list is empty, return -1.
	Write a Python function that takes a list of integers and returns a list of the k largest elements in descending order. Use a min-heap to efficiently find the k largest elements.
	Write a Python function that takes a list of integers and returns a list of all integers that appear more than once in the list. The result should not contain duplicates and should be sorted in ascending order.
	Write a Python function that takes a list of integers and returns the list sorted in ascending order using the quicksort algorithm. This will help you practice implementing a classic sorting algorithm and understanding its recursive nature.
	Write a Python function that takes a string and returns True if the string is a palindrome (reads the same forwards and backwards), ignoring spaces, punctuation, and capitalization. Otherwise, return False.
	Write a Python function that takes a list of integers and returns a list of integers that appear only once in the original list. The result should be sorted in ascending order.
	Write a Python function that takes a string and a list of words, and returns a list of words from the list that are substrings of the given string. This will help practice string manipulation and searching techniques.
	Write a Python function that takes a list of integers and returns a list of integers that appear more than once in the list. The result should not contain duplicates and should be sorted in ascending order.
	Write a Python function that takes a list of integers and returns a list of integers that are duplicates in the original list. The result should not contain duplicates and should be sorted in ascending order. Use a set to efficiently find duplicates.
	Write a Python function that takes a string containing only the characters '(', ')', '{', '}', '[' and ']', and returns True if the input string is valid. An input string is valid if: 1. Open brackets must be closed by the same type of brackets. 2. Open brackets must be closed in the correct order. The function should return False otherwise.
	Write a Python function that takes a list of strings representing a postfix expression (Reverse Polish Notation) and returns the evaluated result as an integer. The function should use a stack to evaluate the expression.
	Write a Python function that takes a list of integers and returns the second largest unique integer in the list. If there is no such integer, return None. This task will help you practice using sets for unique elements and sorting techniques.
	Write a Python function that takes a list of integers and returns a dictionary where the keys are the integers and the values are lists of indices where each integer appears in the list. This will help practice using dictionaries to store lists and track multiple occurrences of elements.
	Write a Python function that takes a string and returns the first unique character in it. Use a dictionary to count the occurrences of each character. If there is no unique character, return None.
	Write a Python function that takes a binary tree (represented as a nested list) and returns the sum of all its nodes. The binary tree is represented as a list where the first element is the root value, the second element is the left subtree, and the third element is the right subtree. If a subtree is empty, it is represented as an empty list.
	Write a Python function that performs a breadth-first search (BFS) on a graph represented as an adjacency list. The function should take the graph and a starting node as inputs and return a list of nodes in the order they are visited.
	Write a Python function that takes a string and a pattern (both strings) and returns the starting index of the first occurrence of the pattern in the string. If the pattern is not found, return -1. This will help practice string manipulation and searching techniques.
	Write a Python function that takes a list of integers and returns the sum of all even numbers in the list. This task will help practice iterating through lists and applying conditional logic.
	Write a Python function that takes an integer n and returns a list of all perfect squares less than n. A perfect square is an integer that is the square of an integer. This task will help practice loops, conditionals, and understanding of number properties.
	Write a Python function that takes a list of integers and returns the next greater element for each element in the list. The next greater element for an element x is the first greater element on the right side of x in the list. If no such element exists, return -1 for that position.
	Write a Python function that takes a list of n-1 integers in the range from 1 to n and returns the missing number. The list will not contain any duplicates.
	Write a Python function that takes a list of integers and returns the list of integers sorted in ascending order using the insertion sort algorithm. This will help you practice implementing a classic sorting algorithm and understanding its iterative nature.
	Write a Python function that takes a list of integers and returns the sum of all odd numbers in the list. This task will help practice iterating through lists and applying conditional logic.
	Write a Python function that takes a list of integers and returns the list of integers sorted in ascending order using the selection sort algorithm. This will help you practice implementing a classic sorting algorithm and understanding its iterative nature.
	Write a Python function that takes a list of integers and returns the maximum sum of any contiguous subarray. This will help practice iterating through lists and understanding dynamic programming concepts.
	Write a Python function that takes a list of integers and returns the product of all the integers in the list. If the list is empty, return 1.
	Write a Python function that takes a list of integers and returns the sum of all prime numbers in the list. This task will help practice loops, conditionals, and understanding of prime numbers.
	Write a Python function that takes two sorted lists of integers and returns a list of their intersection. The result should not contain duplicates and should be sorted in ascending order.
	Write a Python function that takes a list of integers and returns the majority element. The majority element is the element that appears more than n/2 times in the list, where n is the length of the list. If no such element exists, return None.
	Write a Python function that takes a list of integers and returns the sum of all integers that are multiples of 3 or 5. This will help practice iterating through lists and applying conditional logic.
	Write a Python function that takes a list of integers and returns the list of integers sorted in ascending order using the merge sort algorithm. This will help you practice implementing a classic sorting algorithm and understanding its recursive nature.
	Write a Python function that takes a list of strings and returns the longest common prefix among them. If there is no common prefix, return an empty string.
	Write a Python function that performs a depth-first search (DFS) on a graph represented as an adjacency list. The function should take the graph and a starting node as inputs and return a list of nodes in the order they are visited.
	Write a Python function that takes a list of integers and returns the sum of the squares of all even numbers in the list. This will help practice iterating through lists, applying conditional logic, and performing arithmetic operations.
	Write a Python function that takes an integer n and returns a list of all Fibonacci numbers less than n. This will help practice loops, conditionals, and understanding of number sequences.
	Write a Python function that takes a list of integers and returns the two integers that have the smallest absolute difference. If there are multiple pairs with the same smallest difference, return any one of them.
	Write a Python function that takes a list of integers and returns the product of all odd numbers in the list. If there are no odd numbers, return 1.
	Write a Python function that takes a list of integers and returns the length of the longest contiguous subarray with all elements equal. This will help practice iterating through lists and applying conditional logic to track sequences.
	Write a Python function that takes a list of integers and returns the k smallest elements in ascending order. Use a min-heap to efficiently find the k smallest elements.
	Write a Python function that takes a list of integers and returns the sum of all integers that are multiples of 7. This will help practice iterating through lists and applying conditional logic.
	Write a Python function that takes a list of integers and returns the least common multiple (LCM) of the numbers in the list. Use the relationship between LCM and GCD to compute the LCM efficiently.
	Write a Python function that takes a list of integers and returns the k largest elements in descending order. Use a max-heap to efficiently find the k largest elements.
	Write a Python function that takes a list of integers and returns a list of all possible permutations of the integers. Each permutation should be represented as a list of integers.
	Write a Python function that takes an integer and returns the sum of its digits. This will help practice loops and arithmetic operations.

Failed tasks that are too hard: 
	Write a Python function that implements a queue using a list. The function should support enqueue (add an item to the end of the queue), dequeue (remove an item from the front of the queue), and is_empty (check if the queue is empty) operations. The function should return a tuple of results from these operations for testing purposes.
	Write a Python function that simulates a stack using a list. The function should support 'push' (add an item to the top of the stack), 'pop' (remove the item from the top of the stack), and 'peek' (return the item at the top of the stack without removing it) operations. The function should return a list of results from the 'pop' and 'peek' operations for testing purposes.
	Write a Python function that takes a list of integers and returns the maximum product of any two integers in the list. This will help practice iterating through lists and understanding pairwise comparisons.
	Write a Python function that takes a list of integers and returns the sum of all integers that are multiples of a given number. This will help practice iterating through lists and applying conditional logic.


INFO - [Task id] 66 [generation text] 
INFO - {
    "reasoning": "I selected these questions to cover a variety of Python programming concepts that you haven't tackled yet. The questions focus on different data structures, algorithms, and problem-solving techniques, which will help you expand your skills and knowledge in Python. Each question is designed to challenge you in a different way, whether it's through recursion, string manipulation, or working with data structures like trees and graphs.",
    "question_concept_list": [
        {
            "question": "How do you implement a binary search algorithm on a sorted list?",
            "concept": "binary search"
        },
        {
            "question": "What is the best way to find the longest increasing subsequence in a list of integers?",
            "concept": "dynamic programming"
        },
        {
            "question": "How can you implement a simple text-based game using classes in Python?",
            "concept": "object-oriented programming"
        },
        {
            "question": "What is the method to serialize and deserialize a binary tree in Python?",
            "concept": "binary tree"
        },
        {
            "question": "How do you implement a breadth-first search (BFS) on a binary tree?",
            "concept": "graph traversal"
        }
    ]
}
INFO - {
    "reasoning": "I selected these questions to cover a variety of Python programming concepts that you haven't tackled yet. The questions focus on different data structures, algorithms, and problem-solving techniques, which will help you expand your skills and knowledge in Python. Each question is designed to challenge you in a different way, whether it's through recursion, string manipulation, or working with data structures like trees and graphs.",
    "question_concept_list": [
        {
            "question": "How do you implement a binary search algorithm on a sorted list?",
            "concept": "binary search"
        },
        {
            "question": "What is the best way to find the longest increasing subsequence in a list of integers?",
            "concept": "dynamic programming"
        },
        {
            "question": "How can you implement a simple text-based game using classes in Python?",
            "concept": "object-oriented programming"
        },
        {
            "question": "What is the method to serialize and deserialize a binary tree in Python?",
            "concept": "binary tree"
        },
        {
            "question": "How do you implement a breadth-first search (BFS) on a binary tree?",
            "concept": "graph traversal"
        }
    ]
}
INFO - LM call n parse attempt 1 / 3

INFO - [Task id] 66 [prompt] 
You are a helpful assistant that answer my question about Python programming.

I will give you the following information:
Question: ...

You will answer the question based on the context (only if available and helpful) and your own knowledge of Python programming.
1) Start your answer with "Answer: ".
2) Answer "Answer: Unknown" if you don't know the answer.

INFO - [Task id] 66 [prompt] Question: What is the method to serialize and deserialize a binary tree in Python?
INFO - [Task id] 66 [generation text] Answer: To serialize and deserialize a binary tree in Python, you can use a pre-order traversal approach. Here’s a simple implementation using a class for the tree nodes:

```python
class TreeNode:
    def __init__(self, val=0, left=None, right=None):
        self.val = val
        self.left = left
        self.right = right

class Codec:
    def serialize(self, root):
        """Encodes a tree to a single string."""
        def recur(node):
            if not node:
                return "None,"
            return str(node.val) + "," + recur(node.left) + recur(node.right)
        
        return recur(root)

    def deserialize(self, data):
        """Decodes your encoded data to tree."""
        def recur(nodes):
            val = next(nodes)
            if val == "None":
                return None
            node = TreeNode(int(val))
            node.left = recur(nodes)
            node.right = recur(nodes)
            return node
        
        node_list = iter(data.split(","))
        return recur(node_list)

# Example usage:
# codec = Codec()
# tree = codec.deserialize(codec.serialize(root))
```

In this implementation:
- The `serialize` method converts the binary tree into a string representation using pre-order traversal, where `None` is used to represent null nodes.
- The `deserialize` method reconstructs the binary tree from the serialized string by splitting it and using an iterator to traverse the values.

This method is efficient and straightforward for handling binary trees in Python.
INFO - LM call n parse attempt 1 / 3

INFO - [Task id] 66 [prompt] 
You are a helpful assistant that answer my question about Python programming.

I will give you the following information:
Question: ...

You will answer the question based on the context (only if available and helpful) and your own knowledge of Python programming.
1) Start your answer with "Answer: ".
2) Answer "Answer: Unknown" if you don't know the answer.

INFO - [Task id] 66 [prompt] Question: How do you implement a breadth-first search (BFS) on a binary tree?
INFO - [Task id] 66 [generation text] Answer: To implement a breadth-first search (BFS) on a binary tree, you can use a queue data structure to keep track of the nodes to be explored. Here’s a step-by-step approach along with a sample implementation in Python:

1. **Initialize a queue**: Start by adding the root node of the binary tree to the queue.
2. **Iterate while the queue is not empty**: Dequeue a node from the front of the queue, process it (e.g., print its value), and then enqueue its left and right children (if they exist).
3. **Continue until the queue is empty**: This ensures that all nodes at the current level are processed before moving to the next level.

Here’s a sample implementation:

```python
class TreeNode:
    def __init__(self, value):
        self.value = value
        self.left = None
        self.right = None

def bfs(root):
    if not root:
        return
    
    queue = [root]  # Initialize the queue with the root node
    
    while queue:
        current = queue.pop(0)  # Dequeue the front node
        print(current.value)     # Process the current node
        
        # Enqueue left child if it exists
        if current.left:
            queue.append(current.left)
        
        # Enqueue right child if it exists
        if current.right:
            queue.append(current.right)

# Example usage:
# Constructing a simple binary tree
#         1
#        / \
#       2   3
#      / \
#     4   5

root = TreeNode(1)
root.left = TreeNode(2)
root.right = TreeNode(3)
root.left.left = TreeNode(4)
root.left.right = TreeNode(5)

bfs(root)  # Output: 1 2 3 4 5
```

In this implementation, the `bfs` function performs a breadth-first traversal of the binary tree, printing the values of the nodes in the order they are visited.
INFO - LM call n parse attempt 1 / 5

INFO - [Task id] 66 [prompt] 
You are a helpful assistant that tells me the next immediate task (in the form of a function) to do for Python programming. 
My ultimate goal is to solve as many diverse problems as possible and become the best programmer in the world.

I will give you the following information:
Question 1: ...
Answer: ...
Question 2: ...
Answer: ...
Question 3: ...
Answer: ...
...
Completed tasks so far: ...
Failed tasks that are too hard: ...

You must follow the following criteria:
1) You should act as a mentor and guide me to the next task based on my current learning progress. As a rule of thumb, guide me through beginner problems, followed by interview level problems, followed by competitive programming problems. The latter 2 levels can involve concepts from data structures and algorithms.
2) Please be very specific about what skills I need to learn.
3) Do not propose multiple tasks at the same time. Do not mention anything else.
4) The next task should not be too hard since I may not have learned enough skills to complete it yet.
5) The next task should be novel and interesting. I should look for problems which I have not solved yet. I should not be doing the same thing over and over again.
6) The task should involve writing a main Python function that at most use basic libraries (try not to import too many or too advanced modules)
7) Do not give tasks that require file operations (create, read, update, delete) or an internet connection.
8) I am only allowed to write Python functions, so do not require me to write other things (e.g. objects). 
9) Requiring me to write a function that takes in an object and uses object methods is still ok, but I cannot define the objects myself. You must provide the objects as input to my function in the assert statement.

Take note of these in your response:
1) Give an expected function name for the task.
2) Give a tuple of 3 assert statements that tests the function's correctness in the "test_tuple" field. This must strictly contain single-line assert statements only; any setup code for the test must be filled in the "test_setup_code" field.
3) The function name which you gave must be called in the assert statements. 

Respond in JSON, and follow the keys and expected format of the values strictly.


Response format:
The output should be formatted as a JSON instance that conforms to the JSON schema below.

As an example, for the schema {"properties": {"foo": {"title": "Foo", "description": "a list of strings", "type": "array", "items": {"type": "string"}}}, "required": ["foo"]}
the object {"foo": ["bar", "baz"]} is a well-formatted instance of the schema. The object {"properties": {"foo": ["bar", "baz"]}} is not well-formatted.

Here is the output schema:
```
{"properties": {"reasoning": {"description": "Based on the information listed above, reason about what the next task should be.", "title": "Reasoning", "type": "string"}, "task": {"description": "The next task, which requires me to write a single function. Be sure to state the expected data structure for inputs and outputs.", "title": "Task", "type": "string"}, "gt_fn_name": {"description": "The expected name for the single function for the task", "title": "Gt Fn Name", "type": "string"}, "test_setup_code": {"description": "setup code, if required. This will be run just before the assert statements are executed.", "title": "Test Setup Code", "type": "string"}, "test_tuple": {"description": "Tuple of 3 SINGLE-LINE test cases that starts with 'assert' to test the function's correctness.Any extra required code should be written in the test_setup_code field.", "items": {"type": "string"}, "maxItems": 3, "minItems": 3, "prefixItems": [{"type": "string"}, {"type": "string"}, {"type": "string"}], "title": "Test Tuple", "type": "array"}}, "required": ["reasoning", "task", "gt_fn_name", "test_setup_code", "test_tuple"]}
```


INFO - [Task id] 66 [prompt] 
Here's an example response:
{
    "reasoning": "The student has shown proficiency in basic Python syntax and list manipulation, but struggles with problems involving more complex algorithms and data structures. This task will help them practice using sets or dictionaries for efficient lookups, and understand the concept of algorithmic complexity.",
    "task": "Write a Python function that takes a list of integers and returns the tuple of two numbers that sum up to zero. If no such pair exists, return None.",
    "gt_fn_name": "find_zero_sum",
    "test_setup_code": "",
    "test_tuple": [
        "assert find_zero_sum([1, 2, 3, -2, -1]) == (2, -2)",
        "assert find_zero_sum([1, 2, 3, 4, 5]) == None",
        "assert find_zero_sum([1, 4, 3, -4, -1]) == (4, -4)"
    ]
}

INFO - [Task id] 66 [prompt] Question 1: How do you perform a binary search on a sorted list?
Answer: To perform a binary search on a sorted list in Python, you can use the following steps:

1. Initialize two pointers, `low` and `high`, to the start and end of the list, respectively.
2. While `low` is less than or equal to `high`, calculate the middle index `mid` as the average of `low` and `high`.
3. Compare the middle element with the target value:
   - If the middle element is equal to the target, return the index `mid`.
   - If the middle element is less than the target, move the `low` pointer to `mid + 1`.
   - If the middle element is greater than the target, move the `high` pointer to `mid - 1`.
4. If the target is not found, return an indication that the target is not in the list (e.g., return -1).

Here is a sample implementation in Python:

```python
def binary_search(sorted_list, target):
    low = 0
    high = len(sorted_list) - 1

    while low <= high:
        mid = (low + high) // 2
        if sorted_list[mid] == target:
            return mid
        elif sorted_list[mid] < target:
            low = mid + 1
        else:
            high = mid - 1

    return -1  # Target not found
```

You can call this function with a sorted list and the target value you want to search for.

Question 2: What is the method to find the longest increasing subsequence in a list of integers?
Answer: To find the longest increasing subsequence (LIS) in a list of integers, you can use dynamic programming or a more efficient method using binary search. Here are two common approaches:

1. **Dynamic Programming Approach**:
   - Create an array `dp` where `dp[i]` represents the length of the longest increasing subsequence that ends with the element at index `i`.
   - Initialize all elements of `dp` to 1 since the minimum length of LIS ending at any element is 1 (the element itself).
   - For each element `nums[i]`, check all previous elements `nums[j]` (where `j < i`). If `nums[j] < nums[i]`, update `dp[i]` as `dp[i] = max(dp[i], dp[j] + 1)`.
   - The length of the longest increasing subsequence will be the maximum value in the `dp` array.

   Here is a sample implementation:

   ```python
   def length_of_lis(nums):
       if not nums:
           return 0
       dp = [1] * len(nums)
       for i in range(1, len(nums)):
           for j in range(i):
               if nums[j] < nums[i]:
                   dp[i] = max(dp[i], dp[j] + 1)
       return max(dp)
   ```

2. **Binary Search Approach**:
   - Use a list to keep track of the smallest tail of all increasing subsequences found so far.
   - For each number in the input list, use binary search to determine its position in the tail list. If it can extend the largest subsequence, append it; otherwise, replace the existing value.
   - The length of the tail list at the end will give the length of the longest increasing subsequence.

   Here is a sample implementation:

   ```python
   from bisect import bisect_left

   def length_of_lis(nums):
       tails = []
       for num in nums:
           pos = bisect_left(tails, num)
           if pos == len(tails):
               tails.append(num)
           else:
               tails[pos] = num
       return len(tails)
   ```

Both methods will give you the length of the longest increasing subsequence, but the binary search approach is more efficient with a time complexity of O(n log n), while the dynamic programming approach has a time complexity of O(n^2).

Question 3: How do you implement a simple text-based game using classes in Python?
Answer: To implement a simple text-based game using classes in Python, you can follow these steps:

1. **Define the Game Structure**: Create classes to represent different components of the game, such as the player, enemies, and the game environment.

2. **Create a Player Class**: This class can hold attributes like health, inventory, and methods for actions like attacking or moving.

3. **Create an Enemy Class**: Similar to the player class, this can have attributes for health and methods for attacking the player.

4. **Create a Game Class**: This class can manage the game loop, handle user input, and control the flow of the game.

5. **Implement Game Logic**: Define how the game progresses, including win/lose conditions, interactions, and events.

Here’s a simple example of a text-based game:

```python
import random

class Player:
    def __init__(self, name):
        self.name = name
        self.health = 100

    def attack(self, enemy):
        damage = random.randint(5, 20)
        enemy.health -= damage
        print(f"{self.name} attacks {enemy.name} for {damage} damage!")

class Enemy:
    def __init__(self, name):
        self.name = name
        self.health = 100

    def attack(self, player):
        damage = random.randint(5, 20)
        player.health -= damage
        print(f"{self.name} attacks {player.name} for {damage} damage!")

class Game:
    def __init__(self):
        self.player = Player("Hero")
        self.enemy = Enemy("Goblin")

    def play(self):
        while self.player.health > 0 and self.enemy.health > 0:
            self.player.attack(self.enemy)
            if self.enemy.health > 0:
                self.enemy.attack(self.player)
            print(f"{self.player.name} Health: {self.player.health}, {self.enemy.name} Health: {self.enemy.health}")

        if self.player.health <= 0:
            print("You have been defeated!")
        else:
            print("You defeated the enemy!")

if __name__ == "__main__":
    game = Game()
    game.play()
```

In this example:
- The `Player` class has methods to attack an enemy.
- The `Enemy` class has a similar attack method.
- The `Game` class manages the game loop and checks for win/lose conditions.

You can expand this basic structure by adding more features like multiple enemies, different types of attacks, items, and a more complex game world.

Question 4: What is the method to serialize and deserialize a binary tree in Python?
Answer: To serialize and deserialize a binary tree in Python, you can use a pre-order traversal approach. Here’s a simple implementation using a class for the tree nodes:

```python
class TreeNode:
    def __init__(self, val=0, left=None, right=None):
        self.val = val
        self.left = left
        self.right = right

class Codec:
    def serialize(self, root):
        """Encodes a tree to a single string."""
        def recur(node):
            if not node:
                return "None,"
            return str(node.val) + "," + recur(node.left) + recur(node.right)
        
        return recur(root)

    def deserialize(self, data):
        """Decodes your encoded data to tree."""
        def recur(nodes):
            val = next(nodes)
            if val == "None":
                return None
            node = TreeNode(int(val))
            node.left = recur(nodes)
            node.right = recur(nodes)
            return node
        
        node_list = iter(data.split(","))
        return recur(node_list)

# Example usage:
# codec = Codec()
# tree = codec.deserialize(codec.serialize(root))
```

In this implementation:
- The `serialize` method converts the binary tree into a string representation using pre-order traversal, where `None` is used to represent null nodes.
- The `deserialize` method reconstructs the binary tree from the serialized string by splitting it and using an iterator to traverse the values.

This method is efficient and straightforward for handling binary trees in Python.

Question 5: How do you implement a breadth-first search (BFS) on a binary tree?
Answer: To implement a breadth-first search (BFS) on a binary tree, you can use a queue data structure to keep track of the nodes to be explored. Here’s a step-by-step approach along with a sample implementation in Python:

1. **Initialize a queue**: Start by adding the root node of the binary tree to the queue.
2. **Iterate while the queue is not empty**: Dequeue a node from the front of the queue, process it (e.g., print its value), and then enqueue its left and right children (if they exist).
3. **Continue until the queue is empty**: This ensures that all nodes at the current level are processed before moving to the next level.

Here’s a sample implementation:

```python
class TreeNode:
    def __init__(self, value):
        self.value = value
        self.left = None
        self.right = None

def bfs(root):
    if not root:
        return
    
    queue = [root]  # Initialize the queue with the root node
    
    while queue:
        current = queue.pop(0)  # Dequeue the front node
        print(current.value)     # Process the current node
        
        # Enqueue left child if it exists
        if current.left:
            queue.append(current.left)
        
        # Enqueue right child if it exists
        if current.right:
            queue.append(current.right)

# Example usage:
# Constructing a simple binary tree
#         1
#        / \
#       2   3
#      / \
#     4   5

root = TreeNode(1)
root.left = TreeNode(2)
root.right = TreeNode(3)
root.left.left = TreeNode(4)
root.left.right = TreeNode(5)

bfs(root)  # Output: 1 2 3 4 5
```

In this implementation, the `bfs` function performs a breadth-first traversal of the binary tree, printing the values of the nodes in the order they are visited.

Completed tasks so far (do not give me these tasks again!): 
	Write a Python function that takes a list of integers and returns a new list containing only the even numbers from the original list.
	Write a Python function that takes a list of strings and returns a dictionary where the keys are the strings and the values are the number of times each string appears in the list.
	Write a Python function that takes a list of strings and returns a dictionary where the keys are the lengths of the strings and the values are lists of strings of that length.
	Write a Python function that takes a string and returns the first non-repeating character in it. If all characters repeat, return None.
	Write a Python function that takes a list of integers and returns a list of all unique pairs (as tuples) that sum up to a given target integer. The pairs should be sorted in ascending order, and each pair should be sorted as well.
	Write a Python function that takes a string and returns the longest substring without repeating characters.
	Write a Python function that takes two lists of integers and returns a list of their common elements. The result should not contain duplicates and should be sorted in ascending order.
	Write a Python function that takes a list of integers and sorts it in ascending order using the bubble sort algorithm. The function should return the sorted list.
	Write a Python function that takes a list of integers and returns a new list with the elements in reverse order.
	Write a Python function that takes a list of integers and returns the greatest common divisor (GCD) of the numbers in the list. Use the Euclidean algorithm to find the GCD.
	Write a Python function that takes a string and returns a new string with all the vowels removed. The function should be case-insensitive, meaning it should remove both uppercase and lowercase vowels.
	Write a Python function that takes two lists of integers and returns a list of integers that are present in both lists, without duplicates. Use set operations to achieve this.
	Write a Python function that takes a list of operations (as strings) and simulates a stack using a list. The operations can be 'push X' to push an integer X onto the stack, 'pop' to remove the top element, and 'peek' to return the top element without removing it. The function should return a list of results from the 'pop' and 'peek' operations.
	Write a Python function that takes two lists of integers and returns a list of integers that are present in either of the lists but not in both. The result should not contain duplicates and should be sorted in ascending order.
	Write a Python function that takes a list of integers and returns a dictionary where the keys are the integers and the values are the number of times each integer appears in the list. This will help practice using dictionaries for counting occurrences.
	Write a Python function that takes an integer n and returns a list of all prime numbers less than n. This will help you practice loops, conditionals, and understanding of prime numbers.
	Write a Python function that takes a string and a pattern (both strings) and returns True if the pattern is found in the string, and False otherwise. The function should perform a simple substring search.
	Write a Python function that calculates the factorial of a given non-negative integer using recursion. The function should return the factorial value.
	Write a Python function that takes a list of integers and returns the index of the first occurrence of the maximum value in the list. If the list is empty, return -1.
	Write a Python function that takes a list of integers and returns a list of the k largest elements in descending order. Use a min-heap to efficiently find the k largest elements.
	Write a Python function that takes a list of integers and returns a list of all integers that appear more than once in the list. The result should not contain duplicates and should be sorted in ascending order.
	Write a Python function that takes a list of integers and returns the list sorted in ascending order using the quicksort algorithm. This will help you practice implementing a classic sorting algorithm and understanding its recursive nature.
	Write a Python function that takes a string and returns True if the string is a palindrome (reads the same forwards and backwards), ignoring spaces, punctuation, and capitalization. Otherwise, return False.
	Write a Python function that takes a list of integers and returns a list of integers that appear only once in the original list. The result should be sorted in ascending order.
	Write a Python function that takes a string and a list of words, and returns a list of words from the list that are substrings of the given string. This will help practice string manipulation and searching techniques.
	Write a Python function that takes a list of integers and returns a list of integers that appear more than once in the list. The result should not contain duplicates and should be sorted in ascending order.
	Write a Python function that takes a list of integers and returns a list of integers that are duplicates in the original list. The result should not contain duplicates and should be sorted in ascending order. Use a set to efficiently find duplicates.
	Write a Python function that takes a string containing only the characters '(', ')', '{', '}', '[' and ']', and returns True if the input string is valid. An input string is valid if: 1. Open brackets must be closed by the same type of brackets. 2. Open brackets must be closed in the correct order. The function should return False otherwise.
	Write a Python function that takes a list of strings representing a postfix expression (Reverse Polish Notation) and returns the evaluated result as an integer. The function should use a stack to evaluate the expression.
	Write a Python function that takes a list of integers and returns the second largest unique integer in the list. If there is no such integer, return None. This task will help you practice using sets for unique elements and sorting techniques.
	Write a Python function that takes a list of integers and returns a dictionary where the keys are the integers and the values are lists of indices where each integer appears in the list. This will help practice using dictionaries to store lists and track multiple occurrences of elements.
	Write a Python function that takes a string and returns the first unique character in it. Use a dictionary to count the occurrences of each character. If there is no unique character, return None.
	Write a Python function that takes a binary tree (represented as a nested list) and returns the sum of all its nodes. The binary tree is represented as a list where the first element is the root value, the second element is the left subtree, and the third element is the right subtree. If a subtree is empty, it is represented as an empty list.
	Write a Python function that performs a breadth-first search (BFS) on a graph represented as an adjacency list. The function should take the graph and a starting node as inputs and return a list of nodes in the order they are visited.
	Write a Python function that takes a string and a pattern (both strings) and returns the starting index of the first occurrence of the pattern in the string. If the pattern is not found, return -1. This will help practice string manipulation and searching techniques.
	Write a Python function that takes a list of integers and returns the sum of all even numbers in the list. This task will help practice iterating through lists and applying conditional logic.
	Write a Python function that takes an integer n and returns a list of all perfect squares less than n. A perfect square is an integer that is the square of an integer. This task will help practice loops, conditionals, and understanding of number properties.
	Write a Python function that takes a list of integers and returns the next greater element for each element in the list. The next greater element for an element x is the first greater element on the right side of x in the list. If no such element exists, return -1 for that position.
	Write a Python function that takes a list of n-1 integers in the range from 1 to n and returns the missing number. The list will not contain any duplicates.
	Write a Python function that takes a list of integers and returns the list of integers sorted in ascending order using the insertion sort algorithm. This will help you practice implementing a classic sorting algorithm and understanding its iterative nature.
	Write a Python function that takes a list of integers and returns the sum of all odd numbers in the list. This task will help practice iterating through lists and applying conditional logic.
	Write a Python function that takes a list of integers and returns the list of integers sorted in ascending order using the selection sort algorithm. This will help you practice implementing a classic sorting algorithm and understanding its iterative nature.
	Write a Python function that takes a list of integers and returns the maximum sum of any contiguous subarray. This will help practice iterating through lists and understanding dynamic programming concepts.
	Write a Python function that takes a list of integers and returns the product of all the integers in the list. If the list is empty, return 1.
	Write a Python function that takes a list of integers and returns the sum of all prime numbers in the list. This task will help practice loops, conditionals, and understanding of prime numbers.
	Write a Python function that takes two sorted lists of integers and returns a list of their intersection. The result should not contain duplicates and should be sorted in ascending order.
	Write a Python function that takes a list of integers and returns the majority element. The majority element is the element that appears more than n/2 times in the list, where n is the length of the list. If no such element exists, return None.
	Write a Python function that takes a list of integers and returns the sum of all integers that are multiples of 3 or 5. This will help practice iterating through lists and applying conditional logic.
	Write a Python function that takes a list of integers and returns the list of integers sorted in ascending order using the merge sort algorithm. This will help you practice implementing a classic sorting algorithm and understanding its recursive nature.
	Write a Python function that takes a list of strings and returns the longest common prefix among them. If there is no common prefix, return an empty string.
	Write a Python function that performs a depth-first search (DFS) on a graph represented as an adjacency list. The function should take the graph and a starting node as inputs and return a list of nodes in the order they are visited.
	Write a Python function that takes a list of integers and returns the sum of the squares of all even numbers in the list. This will help practice iterating through lists, applying conditional logic, and performing arithmetic operations.
	Write a Python function that takes an integer n and returns a list of all Fibonacci numbers less than n. This will help practice loops, conditionals, and understanding of number sequences.
	Write a Python function that takes a list of integers and returns the two integers that have the smallest absolute difference. If there are multiple pairs with the same smallest difference, return any one of them.
	Write a Python function that takes a list of integers and returns the product of all odd numbers in the list. If there are no odd numbers, return 1.
	Write a Python function that takes a list of integers and returns the length of the longest contiguous subarray with all elements equal. This will help practice iterating through lists and applying conditional logic to track sequences.
	Write a Python function that takes a list of integers and returns the k smallest elements in ascending order. Use a min-heap to efficiently find the k smallest elements.
	Write a Python function that takes a list of integers and returns the sum of all integers that are multiples of 7. This will help practice iterating through lists and applying conditional logic.
	Write a Python function that takes a list of integers and returns the least common multiple (LCM) of the numbers in the list. Use the relationship between LCM and GCD to compute the LCM efficiently.
	Write a Python function that takes a list of integers and returns the k largest elements in descending order. Use a max-heap to efficiently find the k largest elements.
	Write a Python function that takes a list of integers and returns a list of all possible permutations of the integers. Each permutation should be represented as a list of integers.
	Write a Python function that takes an integer and returns the sum of its digits. This will help practice loops and arithmetic operations.

Failed tasks that are too hard: 
	Write a Python function that implements a queue using a list. The function should support enqueue (add an item to the end of the queue), dequeue (remove an item from the front of the queue), and is_empty (check if the queue is empty) operations. The function should return a tuple of results from these operations for testing purposes.
	Write a Python function that simulates a stack using a list. The function should support 'push' (add an item to the top of the stack), 'pop' (remove the item from the top of the stack), and 'peek' (return the item at the top of the stack without removing it) operations. The function should return a list of results from the 'pop' and 'peek' operations for testing purposes.
	Write a Python function that takes a list of integers and returns the maximum product of any two integers in the list. This will help practice iterating through lists and understanding pairwise comparisons.
	Write a Python function that takes a list of integers and returns the sum of all integers that are multiples of a given number. This will help practice iterating through lists and applying conditional logic.


INFO - [Task id] 66 [generation text] 
INFO - {
    "reasoning": "The student has demonstrated proficiency in basic Python programming tasks and has started tackling more complex algorithmic problems. They have successfully completed tasks involving sorting, searching, and basic data structure manipulations. Given their progress, a suitable next task would be to implement a classic algorithm that involves both recursion and dynamic programming concepts. This will help them understand the optimization techniques used in dynamic programming and practice recursive thinking.",
    "task": "Write a Python function that takes a list of integers and returns the length of the longest increasing subsequence. Use dynamic programming to solve this problem efficiently.",
    "gt_fn_name": "longest_increasing_subsequence",
    "test_setup_code": "",
    "test_tuple": [
        "assert longest_increasing_subsequence([10, 9, 2, 5, 3, 7, 101, 18]) == 4",
        "assert longest_increasing_subsequence([0, 1, 0, 3, 2, 3]) == 4",
        "assert longest_increasing_subsequence([7, 7, 7, 7, 7, 7, 7]) == 1"
    ]
}
INFO - {
    "reasoning": "The student has demonstrated proficiency in basic Python programming tasks and has started tackling more complex algorithmic problems. They have successfully completed tasks involving sorting, searching, and basic data structure manipulations. Given their progress, a suitable next task would be to implement a classic algorithm that involves both recursion and dynamic programming concepts. This will help them understand the optimization techniques used in dynamic programming and practice recursive thinking.",
    "task": "Write a Python function that takes a list of integers and returns the length of the longest increasing subsequence. Use dynamic programming to solve this problem efficiently.",
    "gt_fn_name": "longest_increasing_subsequence",
    "test_setup_code": "",
    "test_tuple": [
        "assert longest_increasing_subsequence([10, 9, 2, 5, 3, 7, 101, 18]) == 4",
        "assert longest_increasing_subsequence([0, 1, 0, 3, 2, 3]) == 4",
        "assert longest_increasing_subsequence([7, 7, 7, 7, 7, 7, 7]) == 1"
    ]
}
INFO - The task prompt is Write a Python function that takes a list of integers and returns the length of the longest increasing subsequence. Use dynamic programming to solve this problem efficiently.
You must strictly follow the function name: longest_increasing_subsequence

INFO - LM call n parse attempt 1 / 3

INFO - [Task id] 66 [prompt] 
You are a helpful assistant that answer my question about Python programming.

I will give you the following information:
Question: ...

You will answer the question based on the context (only if available and helpful) and your own knowledge of Python programming.
1) Start your answer with "Answer: ".
2) Answer "Answer: Unknown" if you don't know the answer.

INFO - [Task id] 66 [prompt] Question: Explain at a conceptual level, how to accomplish the below task in Python programming?
Write a Python function that takes a list of integers and returns the length of the longest increasing subsequence. Use dynamic programming to solve this problem efficiently.
INFO - [Task id] 66 [generation text] Answer: To solve the problem of finding the length of the longest increasing subsequence (LIS) in a list of integers using dynamic programming, you can follow these conceptual steps:

1. **Define the Problem**: The longest increasing subsequence is a subsequence of a given sequence where the elements are in sorted order and are not necessarily contiguous. For example, in the sequence [10, 22, 9, 33, 21, 50, 41, 60, 80], the LIS is [10, 22, 33, 50, 60, 80] with a length of 6.

2. **Dynamic Programming Array**: Create a dynamic programming (DP) array `dp` where `dp[i]` will store the length of the longest increasing subsequence that ends with the element at index `i`. Initialize all elements of `dp` to 1, since the minimum length of the LIS that includes any single element is 1.

3. **Fill the DP Array**: Use two nested loops to fill the `dp` array:
   - The outer loop iterates through each element of the list.
   - The inner loop checks all previous elements to see if they are less than the current element. If they are, it means the current element can extend the increasing subsequence that ends with the previous element. Update `dp[i]` as `dp[i] = max(dp[i], dp[j] + 1)` where `j` is the index of the previous element.

4. **Find the Maximum Length**: After filling the `dp` array, the length of the longest increasing subsequence will be the maximum value in the `dp` array.

5. **Return the Result**: Finally, return the maximum value found in the `dp` array.

Here is a conceptual outline of the function:

```python
def length_of_lis(nums):
    if not nums:
        return 0
    
    n = len(nums)
    dp = [1] * n  # Step 2: Initialize the DP array
    
    # Step 3: Fill the DP array
    for i in range(1, n):
        for j in range(i):
            if nums[i] > nums[j]:  # Check if we can extend the subsequence
                dp[i] = max(dp[i], dp[j] + 1)
    
    # Step 4: Find the maximum length
    return max(dp)  # Step 5: Return the result
```

This function efficiently computes the length of the longest increasing subsequence using dynamic programming with a time complexity of O(n^2).
INFO - Attempting task_id 66
INFO - [35m Rollout attempt 1/4[0m
INFO - [33m Retrieving 5 entries for db: skill 
 [0m
INFO - [33m max_subarray_sum, longest_equal_subarray, longest_unique_substring, second_largest_unique, find_max_index[0m
INFO - LM call n parse attempt 1 / 3

INFO - [Task id] 66 [prompt] You are a helpful assistant that writes python code to solve a task specified by me.

Here are some useful functions written earlier which you can reuse or reference.


[Entry]:


    def max_subarray_sum(arr):
        if (not arr):
            return 0
        max_sum = arr[0]
        current_sum = arr[0]
        for num in arr[1:]:
            current_sum = max(num, (current_sum + num))
            max_sum = max(max_sum, current_sum)
        return max_sum

[/Entry]

[Entry]:


    def longest_equal_subarray(arr):
        if (not arr):
            return 0
        max_length = 1
        current_length = 1
        for i in range(1, len(arr)):
            if (arr[i] == arr[(i - 1)]):
                current_length += 1
            else:
                max_length = max(max_length, current_length)
                current_length = 1
        max_length = max(max_length, current_length)
        return max_length

[/Entry]

[Entry]:


    def longest_unique_substring(s):
        char_set = set()
        max_length = 0
        start = 0
        longest_substr = ''
        for end in range(len(s)):
            while (s[end] in char_set):
                char_set.remove(s[start])
                start += 1
            char_set.add(s[end])
            if (((end - start) + 1) > max_length):
                max_length = ((end - start) + 1)
                longest_substr = s[start:(end + 1)]
        return longest_substr

[/Entry]

[Entry]:


    def second_largest_unique(nums):
        unique_nums = set(nums)
        if (len(unique_nums) < 2):
            return None
        sorted_unique_nums = sorted(unique_nums, reverse=True)
        return sorted_unique_nums[1]

[/Entry]

[Entry]:


    def find_max_index(nums):
        if (not nums):
            return (- 1)
        max_value = nums[0]
        max_index = 0
        for index in range(len(nums)):
            if (nums[index] > max_value):
                max_value = nums[index]
                max_index = index
        return max_index

[/Entry]






At each round of conversation, I will give you
[Environment feedback] (after executing code) ...
[Code from the last round] ...
[Task] ...
[Context] ...
[Critique] ...

You should then respond to me with
Explain (if applicable): Are there any steps missing in your plan? Why does the code not complete the task? What does the chat log and execution error imply?
Plan: How to complete the task step by step. 
Code:
    1) Reuse or reference the above useful programs if necessary.
    2) Your function will be reused for building more complex functions. Therefore, you should make it generic and reusable. 
    3) Functions in the "Code from the last round" section will not be saved or executed. Do not reuse functions listed there.
    4) Anything defined outside a function will be ignored, define all your variables inside your functions.
    5) Do not write infinite loops.
    6) If the task specifies a function name to be used, follow it strictly (be case sensitive!). Else, name your function in a meaningful way (can infer the task from the name).
    7) Your code should only contain elements that solve the task, so DO NOT write any assert statements / tests
    8) The context in the [Context] tag serves as a casual tip (which can be wrong) to help you on the task, but your priority is to follow instructions in the [Task] tag.

You should only respond in the format as described below:
RESPONSE FORMAT:

Explain: ...
Plan:
1) ...
2) ...
3) ...
...
Code:
```python
# helper functions (only if needed, try to avoid them)
...
# main function after the helper functions
def yourMainFunctionName(args):
  # ...

```


INFO - [Task id] 66 [prompt] [Environment feedback]
None

[Code from the last round]
No code in the first round

[Task]
Write a Python function that takes a list of integers and returns the length of the longest increasing subsequence. Use dynamic programming to solve this problem efficiently.
You must strictly follow the function name: longest_increasing_subsequence

[Context]
Rough plan to accomplish the task (can be wrong): 
Answer: To solve the problem of finding the length of the longest increasing subsequence (LIS) in a list of integers using dynamic programming, you can follow these conceptual steps:

1. **Define the Problem**: The longest increasing subsequence is a subsequence of a given sequence where the elements are in sorted order and are not necessarily contiguous. For example, in the sequence [10, 22, 9, 33, 21, 50, 41, 60, 80], the LIS is [10, 22, 33, 50, 60, 80] with a length of 6.

2. **Dynamic Programming Array**: Create a dynamic programming (DP) array `dp` where `dp[i]` will store the length of the longest increasing subsequence that ends with the element at index `i`. Initialize all elements of `dp` to 1, since the minimum length of the LIS that includes any single element is 1.

3. **Fill the DP Array**: Use two nested loops to fill the `dp` array:
   - The outer loop iterates through each element of the list.
   - The inner loop checks all previous elements to see if they are less than the current element. If they are, it means the current element can extend the increasing subsequence that ends with the previous element. Update `dp[i]` as `dp[i] = max(dp[i], dp[j] + 1)` where `j` is the index of the previous element.

4. **Find the Maximum Length**: After filling the `dp` array, the length of the longest increasing subsequence will be the maximum value in the `dp` array.

5. **Return the Result**: Finally, return the maximum value found in the `dp` array.

Here is a conceptual outline of the function:

```python
def length_of_lis(nums):
    if not nums:
        return 0
    
    n = len(nums)
    dp = [1] * n  # Step 2: Initialize the DP array
    
    # Step 3: Fill the DP array
    for i in range(1, n):
        for j in range(i):
            if nums[i] > nums[j]:  # Check if we can extend the subsequence
                dp[i] = max(dp[i], dp[j] + 1)
    
    # Step 4: Find the maximum length
    return max(dp)  # Step 5: Return the result
```

This function efficiently computes the length of the longest increasing subsequence using dynamic programming with a time complexity of O(n^2).


[Critique]
None


INFO - [Task id] 66 [generation text] Plan:
1. Check if the input list `nums` is empty. If it is, return 0 because there is no subsequence in an empty list.
2. Initialize a dynamic programming array `dp` with the same length as `nums`, where each element is set to 1. This is because the minimum length of an increasing subsequence that includes any single element is 1.
3. Use a nested loop to fill the `dp` array:
   - The outer loop iterates through each element of the list starting from the second element.
   - The inner loop iterates through all previous elements to check if they are less than the current element. If they are, update `dp[i]` to be the maximum of its current value and `dp[j] + 1`, where `j` is the index of the previous element.
4. After filling the `dp` array, find the maximum value in the `dp` array, which represents the length of the longest increasing subsequence.
5. Return the maximum value found in the `dp` array.

Code:
```python
def longest_increasing_subsequence(nums):
    if not nums:
        return 0
    
    n = len(nums)
    dp = [1] * n  # Step 2: Initialize the DP array
    
    # Step 3: Fill the DP array
    for i in range(1, n):
        for j in range(i):
            if nums[i] > nums[j]:  # Check if we can extend the subsequence
                dp[i] = max(dp[i], dp[j] + 1)
    
    # Step 4: Find the maximum length
    return max(dp)  # Step 5: Return the result
```
INFO - program_code:
 

def longest_increasing_subsequence(nums):
    if (not nums):
        return 0
    n = len(nums)
    dp = ([1] * n)
    for i in range(1, n):
        for j in range(i):
            if (nums[i] > nums[j]):
                dp[i] = max(dp[i], (dp[j] + 1))
    return max(dp)


INFO - program_name:
 longest_increasing_subsequence

INFO - dependencies:
 []

INFO - raw_msg:
 Plan:
1. Check if the input list `nums` is empty. If it is, return 0 because there is no subsequence in an empty list.
2. Initialize a dynamic programming array `dp` with the same length as `nums`, where each element is set to 1. This is because the minimum length of an increasing subsequence that includes any single element is 1.
3. Use a nested loop to fill the `dp` array:
   - The outer loop iterates through each element of the list starting from the second element.
   - The inner loop iterates through all previous elements to check if they are less than the current element. If they are, update `dp[i]` to be the maximum of its current value and `dp[j] + 1`, where `j` is the index of the previous element.
4. After filling the `dp` array, find the maximum value in the `dp` array, which represents the length of the longest increasing subsequence.
5. Return the maximum value found in the `dp` array.

Code:
```python
def longest_increasing_subsequence(nums):
    if not nums:
        return 0
    
    n = len(nums)
    dp = [1] * n  # Step 2: Initialize the DP array
    
    # Step 3: Fill the DP array
    for i in range(1, n):
        for j in range(i):
            if nums[i] > nums[j]:  # Check if we can extend the subsequence
                dp[i] = max(dp[i], dp[j] + 1)
    
    # Step 4: Find the maximum length
    return max(dp)  # Step 5: Return the result
```

INFO - no_parent:
 True

INFO - full code to be executed: 
 

def longest_increasing_subsequence(nums):
    if (not nums):
        return 0
    n = len(nums)
    dp = ([1] * n)
    for i in range(1, n):
        for j in range(i):
            if (nums[i] > nums[j]):
                dp[i] = max(dp[i], (dp[j] + 1))
    return max(dp)


INFO - obs: Tests passed:
assert longest_increasing_subsequence([10, 9, 2, 5, 3, 7, 101, 18]) == 4
assert longest_increasing_subsequence([0, 1, 0, 3, 2, 3]) == 4
assert longest_increasing_subsequence([7, 7, 7, 7, 7, 7, 7]) == 1

Tests failed:
None
reward: True
done: None
info: {'individual_results': (True, True, True)}
INFO - LM call n parse attempt 1 / 5

INFO - [Task id] 66 [prompt] 
You are a Python programming assistant that assesses my progress of Python programming and provides useful guidance.

I will give you the following information:

[Task]: The objective I need to accomplish.
[Context]: The context of the task. Serves as a casual tip (which can be wrong) to help me on the task, but my priority is to follow instructions in the Task tag.
[function impl]: My function implementation that is intended to complete the task
[unit test results]: The results after executing my function implementation on the unit tests

Your first goal is to use these info to evaluate if I have met the task requirements, and explain why. 
It is possible that the unit test results all pass, but the code does not accomplish the task (eg by failing to accomplish the task in scenarios not covered by the unit tests)
It is also possible that the unit tests are wrong in the first place, though the code accomplishes the task and fails the unit test.

If I have not met the task requirements, write a few sentences to explain why the function implementation is wrong as indicated by the tests. 
You will need this as guidance when you try again later.
Only provide the few sentence description in your answer, not the implementation. 
Suggest how the function implementation can be changed, NOT the test cases (assert statements)

You should only respond in JSON format as described below:
The output should be formatted as a JSON instance that conforms to the JSON schema below.

As an example, for the schema {"properties": {"foo": {"title": "Foo", "description": "a list of strings", "type": "array", "items": {"type": "string"}}}, "required": ["foo"]}
the object {"foo": ["bar", "baz"]} is a well-formatted instance of the schema. The object {"properties": {"foo": ["bar", "baz"]}} is not well-formatted.

Here is the output schema:
```
{"description": "Represents the critique of a task attempt, including reasoning, success status, and suggestions for improvement.\n\nAttributes:\n    reasoning (str): Explanation of why the task was succeeded or failed.\n    success (bool): Indicates whether the task requirements were met.\n    critique (str): Suggestions or critique to help improve future task attempts.", "properties": {"reasoning": {"description": "reason why I have succeeded or failed at the task", "title": "Reasoning", "type": "string"}, "success": {"description": "evaluate if I have met the task requirements", "title": "Success", "type": "boolean"}, "critique": {"description": "critique to help me improve", "title": "Critique", "type": "string"}}, "required": ["reasoning", "success", "critique"]}
```

INFO - [Task id] 66 [prompt] 
Here are some examples:

Example 1:
[function impl]:
```python
def longest_subarray_with_sum_limit(nums: List[int], target: int) -> List[int]:
    n = len(nums)
    left, right = 0, 0
    max_length = 0
    current_sum = 0
    result = []
    while right < n:
        current_sum += nums[right]
        while current_sum > target:
            current_sum -= nums[left]
            left += 1
        if right - left + 1 >= max_length:
            max_length = right - left + 1
            result = nums[left:right+1]
        right += 1
    return result
```
[unit test results]:
Tests passing:
assert longest_subarray_with_sum_limit([1, 2, 3, 4, 5], 8) == [1, 2, 3]
assert longest_subarray_with_sum_limit([1, 2, 3, 4, 5], 15) == [1, 2, 3, 4, 5]
assert longest_subarray_with_sum_limit([1, -1, 2, -2, 3, -3], 2) == [1, -1, 2, -2, 3]
assert longest_subarray_with_sum_limit([], 10) == []
assert longest_subarray_with_sum_limit([], 0) == []
assert longest_subarray_with_sum_limit([], -5) == []  
Tests failing:
assert longest_subarray_with_sum_limit([5, 6, 7, 8, 9], 4) == [] # output: [5]

RESPONSE:
{
    "reasoning": "The implementation failed the test case where no subarray fulfills the condition",
    "success": false,
    "critique": "The issue in the implementation is due to the use of >= instead of > in the condition to update the result. Because of this, it returns a subarray even when the sum is greater than the target, as it still updates the result when the current subarray length is equal to the previous longest subarray length. To overcome this error, we should change the condition to only update the result when the current subarray length is strictly greater than the previous longest subarray length. This can be done by replacing >= with > in the condition."
}


Example 2:
[function impl]:
```python
def longest_subarray_with_sum_limit(nums: List[int], target: int) -> List[int]:
    n = len(nums)
    left, right = 0, 0
    max_length = 0
    current_sum = 0
    result = []
    while current_sum + nums[right] <= target:
        current_sum += nums[right]
        right += 1
    while right < n:
        current_sum += nums[right]
        while current_sum > target:
            current_sum -= nums[left]
            left += 1
        if right - left + 1 > max_length:
            max_length = right - left + 1
            result = nums[left:right+1]
        right += 1
    return result
```
[unit test results]:
Tests passing:
assert longest_subarray_with_sum_limit([], 10) == []
assert longest_subarray_with_sum_limit([], 0) == []
assert longest_subarray_with_sum_limit([], -5) == []
Tests failing:
assert longest_subarray_with_sum_limit([1, 2, 3, 4, 5], 8) == [1, 2, 3] # output: list index out of range
assert longest_subarray_with_sum_limit([1, 2, 3, 4, 5], 15) == [1, 2, 3, 4, 5] # output: list index out of range
assert longest_subarray_with_sum_limit([5, 6, 7, 8, 9], 4) == [] # output: list index out of range
assert longest_subarray_with_sum_limit([1, -1, 2, -2, 3, -3], 2) == [1, -1, 2, -2, 3] # output: list index out of range

RESPONSE:
{
    "reason": "The implementation failed 4 out of the 7 test cases due to an IndexError.",
    "success": false,
    "critique": "The issue stems from the while loop while current_sum + nums[right] <= target:, which directly accesses nums[right] without checking if right is within the bounds of the list. This results in a runtime error when right goes beyond the list length. To overcome this error, we need to add a bounds check for the right variable in the mentioned while loop. We can modify the loop condition to while right < len(nums) and current_sum + nums[right] <= target:. This change will ensure that we only access elements within the bounds of the list, thus avoiding the IndexError."
}


END OF EXAMPLES

INFO - [Task id] 66 [prompt] [Task]:
Write a Python function that takes a list of integers and returns the length of the longest increasing subsequence. Use dynamic programming to solve this problem efficiently.
[Context]: 
 Rough plan to accomplish the task (can be wrong): 
Answer: To solve the problem of finding the length of the longest increasing subsequence (LIS) in a list of integers using dynamic programming, you can follow these conceptual steps:

1. **Define the Problem**: The longest increasing subsequence is a subsequence of a given sequence where the elements are in sorted order and are not necessarily contiguous. For example, in the sequence [10, 22, 9, 33, 21, 50, 41, 60, 80], the LIS is [10, 22, 33, 50, 60, 80] with a length of 6.

2. **Dynamic Programming Array**: Create a dynamic programming (DP) array `dp` where `dp[i]` will store the length of the longest increasing subsequence that ends with the element at index `i`. Initialize all elements of `dp` to 1, since the minimum length of the LIS that includes any single element is 1.

3. **Fill the DP Array**: Use two nested loops to fill the `dp` array:
   - The outer loop iterates through each element of the list.
   - The inner loop checks all previous elements to see if they are less than the current element. If they are, it means the current element can extend the increasing subsequence that ends with the previous element. Update `dp[i]` as `dp[i] = max(dp[i], dp[j] + 1)` where `j` is the index of the previous element.

4. **Find the Maximum Length**: After filling the `dp` array, the length of the longest increasing subsequence will be the maximum value in the `dp` array.

5. **Return the Result**: Finally, return the maximum value found in the `dp` array.

Here is a conceptual outline of the function:

```python
def length_of_lis(nums):
    if not nums:
        return 0
    
    n = len(nums)
    dp = [1] * n  # Step 2: Initialize the DP array
    
    # Step 3: Fill the DP array
    for i in range(1, n):
        for j in range(i):
            if nums[i] > nums[j]:  # Check if we can extend the subsequence
                dp[i] = max(dp[i], dp[j] + 1)
    
    # Step 4: Find the maximum length
    return max(dp)  # Step 5: Return the result
```

This function efficiently computes the length of the longest increasing subsequence using dynamic programming with a time complexity of O(n^2).


[function impl]:


def longest_increasing_subsequence(nums):
    if (not nums):
        return 0
    n = len(nums)
    dp = ([1] * n)
    for i in range(1, n):
        for j in range(i):
            if (nums[i] > nums[j]):
                dp[i] = max(dp[i], (dp[j] + 1))
    return max(dp)

[unit test results]:
Tests passed:
assert longest_increasing_subsequence([10, 9, 2, 5, 3, 7, 101, 18]) == 4
assert longest_increasing_subsequence([0, 1, 0, 3, 2, 3]) == 4
assert longest_increasing_subsequence([7, 7, 7, 7, 7, 7, 7]) == 1

Tests failed:
None

INFO - [Task id] 66 [generation text] 
INFO - {
    "reasoning": "The function implementation correctly follows the dynamic programming approach to find the length of the longest increasing subsequence. It initializes a DP array with 1s, iterates through the list to update the DP values based on previous elements, and finally returns the maximum value in the DP array. The unit tests confirm that the function works as expected for various input cases, including edge cases like a list with all identical elements.",
    "success": true,
    "critique": "The function implementation is correct and meets the task requirements. It efficiently calculates the length of the longest increasing subsequence using dynamic programming. No changes are necessary."
}
INFO - {
    "reasoning": "The function implementation correctly follows the dynamic programming approach to find the length of the longest increasing subsequence. It initializes a DP array with 1s, iterates through the list to update the DP values based on previous elements, and finally returns the maximum value in the DP array. The unit tests confirm that the function works as expected for various input cases, including edge cases like a list with all identical elements.",
    "success": true,
    "critique": "The function implementation is correct and meets the task requirements. It efficiently calculates the length of the longest increasing subsequence using dynamic programming. No changes are necessary."
}
INFO - [task_id]: 66 [Result]: True
INFO - LM call n parse attempt 1 / 3

INFO - [Task id] 66 [prompt] 
You are a helpful assistant that writes a description of the given function written in the Python programming language.

1) Do not mention the function name.
2) Do not mention anything about helper functions.
3) There might be some helper functions before the main function, but you only need to describe the main function.
4) Try to summarize the function in no more than 6 sentences.
5) Your response should be a single line of text.

INFO - [Task id] 66 [prompt] 

def longest_increasing_subsequence(nums):
    if (not nums):
        return 0
    n = len(nums)
    dp = ([1] * n)
    for i in range(1, n):
        for j in range(i):
            if (nums[i] > nums[j]):
                dp[i] = max(dp[i], (dp[j] + 1))
    return max(dp)


The main function is `longest_increasing_subsequence`.
INFO - [Task id] 66 [generation text] This function calculates the length of the longest increasing subsequence in a given list of numbers. It initializes a dynamic programming array to keep track of the longest subsequence lengths at each index. The function iterates through the list, comparing each element with the previous ones to update the lengths accordingly. If a number is greater than a previous number, it updates the current index's value based on the maximum length found. Finally, it returns the maximum value from the dynamic programming array, representing the length of the longest increasing subsequence. If the input list is empty, it returns 0.
INFO - Num Completed Tasks: 63, Num Failed Tasks: 4
