INFO - DB skill doc count: 28

INFO - [train iter]: 30/100 

INFO - LM call n parse attempt 1 / 3

INFO - [Task id] 30 [prompt] 
You are a helpful assistant that asks questions to help me decide the next immediate task to do for Python programming.
My ultimate goal is to solve as many diverse problems as possible and become the best programmer in the world.

I will give you the following information:
Completed tasks so far: ...
Failed tasks that are too hard: ...

You must follow the following criteria:
1) You should ask at least 5 questions (but no more than 10 questions) to help me decide the next immediate task to do. Each question should be followed by the concept that the question is about.
2) Your question should be specific to a concept in Python programming.
  Bad example (the question is too general):
    Question: What is the best way to program in Python?
    Concept: unknown
  Good example:
    Question: How do you reverse a list?
    Concept: list
3) Your questions should be self-contained and not require any context.

Respond in JSON, and follow the keys and expected format of the values strictly.


Response format:
The output should be formatted as a JSON instance that conforms to the JSON schema below.

As an example, for the schema {"properties": {"foo": {"title": "Foo", "description": "a list of strings", "type": "array", "items": {"type": "string"}}}, "required": ["foo"]}
the object {"foo": ["bar", "baz"]} is a well-formatted instance of the schema. The object {"properties": {"foo": ["bar", "baz"]}} is not well-formatted.

Here is the output schema:
```
{"$defs": {"QuestionConcept": {"properties": {"question": {"description": "A question related to Python programming, to help me brainstorm the next immediate task to do", "title": "Question", "type": "string"}, "concept": {"description": "The Python programming concept associated with the question above", "title": "Concept", "type": "string"}}, "required": ["question", "concept"], "title": "QuestionConcept", "type": "object"}}, "properties": {"reasoning": {"description": "Reason out, step-by-step, why you picked these questions and concepts", "title": "Reasoning", "type": "string"}, "question_concept_list": {"description": "list of questions and their associated concepts", "items": {"$ref": "#/$defs/QuestionConcept"}, "title": "Question Concept List", "type": "array"}}, "required": ["reasoning", "question_concept_list"]}
```


INFO - [Task id] 30 [prompt] Completed tasks so far (do not give me these tasks again!): 
	Write a Python function that takes a list of integers and returns a new list containing only the even numbers from the original list.
	Write a Python function that takes a list of strings and returns a dictionary where the keys are the strings and the values are the number of times each string appears in the list.
	Write a Python function that takes a list of strings and returns a dictionary where the keys are the lengths of the strings and the values are lists of strings of that length.
	Write a Python function that takes a string and returns the first non-repeating character in it. If all characters repeat, return None.
	Write a Python function that takes a list of integers and returns a list of all unique pairs (as tuples) that sum up to a given target integer. The pairs should be sorted in ascending order, and each pair should be sorted as well.
	Write a Python function that takes a string and returns the longest substring without repeating characters.
	Write a Python function that takes two lists of integers and returns a list of their common elements. The result should not contain duplicates and should be sorted in ascending order.
	Write a Python function that takes a list of integers and sorts it in ascending order using the bubble sort algorithm. The function should return the sorted list.
	Write a Python function that takes a list of integers and returns a new list with the elements in reverse order.
	Write a Python function that takes a list of integers and returns the greatest common divisor (GCD) of the numbers in the list. Use the Euclidean algorithm to find the GCD.
	Write a Python function that takes a string and returns a new string with all the vowels removed. The function should be case-insensitive, meaning it should remove both uppercase and lowercase vowels.
	Write a Python function that takes two lists of integers and returns a list of integers that are present in both lists, without duplicates. Use set operations to achieve this.
	Write a Python function that takes a list of operations (as strings) and simulates a stack using a list. The operations can be 'push X' to push an integer X onto the stack, 'pop' to remove the top element, and 'peek' to return the top element without removing it. The function should return a list of results from the 'pop' and 'peek' operations.
	Write a Python function that takes two lists of integers and returns a list of integers that are present in either of the lists but not in both. The result should not contain duplicates and should be sorted in ascending order.
	Write a Python function that takes a list of integers and returns a dictionary where the keys are the integers and the values are the number of times each integer appears in the list. This will help practice using dictionaries for counting occurrences.
	Write a Python function that takes an integer n and returns a list of all prime numbers less than n. This will help you practice loops, conditionals, and understanding of prime numbers.
	Write a Python function that takes a string and a pattern (both strings) and returns True if the pattern is found in the string, and False otherwise. The function should perform a simple substring search.
	Write a Python function that calculates the factorial of a given non-negative integer using recursion. The function should return the factorial value.
	Write a Python function that takes a list of integers and returns the index of the first occurrence of the maximum value in the list. If the list is empty, return -1.
	Write a Python function that takes a list of integers and returns a list of the k largest elements in descending order. Use a min-heap to efficiently find the k largest elements.
	Write a Python function that takes a list of integers and returns a list of all integers that appear more than once in the list. The result should not contain duplicates and should be sorted in ascending order.
	Write a Python function that takes a list of integers and returns the list sorted in ascending order using the quicksort algorithm. This will help you practice implementing a classic sorting algorithm and understanding its recursive nature.
	Write a Python function that takes a string and returns True if the string is a palindrome (reads the same forwards and backwards), ignoring spaces, punctuation, and capitalization. Otherwise, return False.
	Write a Python function that takes a list of integers and returns a list of integers that appear only once in the original list. The result should be sorted in ascending order.
	Write a Python function that takes a string and a list of words, and returns a list of words from the list that are substrings of the given string. This will help practice string manipulation and searching techniques.
	Write a Python function that takes a list of integers and returns a list of integers that appear more than once in the list. The result should not contain duplicates and should be sorted in ascending order.
	Write a Python function that takes a list of integers and returns a list of integers that are duplicates in the original list. The result should not contain duplicates and should be sorted in ascending order. Use a set to efficiently find duplicates.
	Write a Python function that takes a string containing only the characters '(', ')', '{', '}', '[' and ']', and returns True if the input string is valid. An input string is valid if: 1. Open brackets must be closed by the same type of brackets. 2. Open brackets must be closed in the correct order. The function should return False otherwise.

Failed tasks that are too hard: 
	Write a Python function that implements a queue using a list. The function should support enqueue (add an item to the end of the queue), dequeue (remove an item from the front of the queue), and is_empty (check if the queue is empty) operations. The function should return a tuple of results from these operations for testing purposes.
	Write a Python function that simulates a stack using a list. The function should support 'push' (add an item to the top of the stack), 'pop' (remove the item from the top of the stack), and 'peek' (return the item at the top of the stack without removing it) operations. The function should return a list of results from the 'pop' and 'peek' operations for testing purposes.


INFO - [Task id] 30 [generation text] 
INFO - {
    "reasoning": "I selected these questions to cover a variety of Python programming concepts that have not been tackled yet. The questions focus on data structures, algorithms, and string manipulation, which are essential areas for a well-rounded understanding of Python. Additionally, they include both basic and slightly more advanced topics to challenge and enhance programming skills.",
    "question_concept_list": [
        {
            "question": "How do you implement a binary search algorithm in Python?",
            "concept": "algorithm"
        },
        {
            "question": "What is the difference between a list and a tuple in Python?",
            "concept": "data structure"
        },
        {
            "question": "How can you merge two dictionaries in Python?",
            "concept": "dictionary"
        },
        {
            "question": "What is the purpose of the 'with' statement in file handling?",
            "concept": "file handling"
        },
        {
            "question": "How do you create a class in Python and instantiate an object from it?",
            "concept": "object-oriented programming"
        }
    ]
}
INFO - {
    "reasoning": "I selected these questions to cover a variety of Python programming concepts that have not been tackled yet. The questions focus on data structures, algorithms, and string manipulation, which are essential areas for a well-rounded understanding of Python. Additionally, they include both basic and slightly more advanced topics to challenge and enhance programming skills.",
    "question_concept_list": [
        {
            "question": "How do you implement a binary search algorithm in Python?",
            "concept": "algorithm"
        },
        {
            "question": "What is the difference between a list and a tuple in Python?",
            "concept": "data structure"
        },
        {
            "question": "How can you merge two dictionaries in Python?",
            "concept": "dictionary"
        },
        {
            "question": "What is the purpose of the 'with' statement in file handling?",
            "concept": "file handling"
        },
        {
            "question": "How do you create a class in Python and instantiate an object from it?",
            "concept": "object-oriented programming"
        }
    ]
}
INFO - LM call n parse attempt 1 / 3

INFO - [Task id] 30 [prompt] 
You are a helpful assistant that answer my question about Python programming.

I will give you the following information:
Question: ...

You will answer the question based on the context (only if available and helpful) and your own knowledge of Python programming.
1) Start your answer with "Answer: ".
2) Answer "Answer: Unknown" if you don't know the answer.

INFO - [Task id] 30 [prompt] Question: What is the purpose of the 'with' statement in file handling?
INFO - [Task id] 30 [generation text] Answer: The 'with' statement in file handling is used to ensure that resources are properly managed. When you open a file using the 'with' statement, it automatically takes care of closing the file once the block of code within the 'with' statement is exited, even if an error occurs. This helps prevent resource leaks and makes the code cleaner and more readable. Here’s an example:

```python
with open('example.txt', 'r') as file:
    content = file.read()
# The file is automatically closed here
```

In this example, the file 'example.txt' is opened for reading, and it will be closed automatically when the block is exited.
INFO - LM call n parse attempt 1 / 5

INFO - [Task id] 30 [prompt] 
You are a helpful assistant that tells me the next immediate task (in the form of a function) to do for Python programming. 
My ultimate goal is to solve as many diverse problems as possible and become the best programmer in the world.

I will give you the following information:
Question 1: ...
Answer: ...
Question 2: ...
Answer: ...
Question 3: ...
Answer: ...
...
Completed tasks so far: ...
Failed tasks that are too hard: ...

You must follow the following criteria:
1) You should act as a mentor and guide me to the next task based on my current learning progress. As a rule of thumb, guide me through beginner problems, followed by interview level problems, followed by competitive programming problems. The latter 2 levels can involve concepts from data structures and algorithms.
2) Please be very specific about what skills I need to learn.
3) Do not propose multiple tasks at the same time. Do not mention anything else.
4) The next task should not be too hard since I may not have learned enough skills to complete it yet.
5) The next task should be novel and interesting. I should look for problems which I have not solved yet. I should not be doing the same thing over and over again.
6) The task should involve writing a main Python function that at most use basic libraries (try not to import too many or too advanced modules)
7) Do not give tasks that require file operations (create, read, update, delete) or an internet connection.
8) I am only allowed to write Python functions, so do not require me to write other things (e.g. objects). 
9) Requiring me to write a function that takes in an object and uses object methods is still ok, but I cannot define the objects myself. You must provide the objects as input to my function in the assert statement.

Take note of these in your response:
1) Give an expected function name for the task.
2) Give a tuple of 3 assert statements that tests the function's correctness in the "test_tuple" field. This must strictly contain single-line assert statements only; any setup code for the test must be filled in the "test_setup_code" field.
3) The function name which you gave must be called in the assert statements. 

Respond in JSON, and follow the keys and expected format of the values strictly.


Response format:
The output should be formatted as a JSON instance that conforms to the JSON schema below.

As an example, for the schema {"properties": {"foo": {"title": "Foo", "description": "a list of strings", "type": "array", "items": {"type": "string"}}}, "required": ["foo"]}
the object {"foo": ["bar", "baz"]} is a well-formatted instance of the schema. The object {"properties": {"foo": ["bar", "baz"]}} is not well-formatted.

Here is the output schema:
```
{"properties": {"reasoning": {"description": "Based on the information listed above, reason about what the next task should be.", "title": "Reasoning", "type": "string"}, "task": {"description": "The next task, which requires me to write a single function. Be sure to state the expected data structure for inputs and outputs.", "title": "Task", "type": "string"}, "gt_fn_name": {"description": "The expected name for the single function for the task", "title": "Gt Fn Name", "type": "string"}, "test_setup_code": {"description": "setup code, if required. This will be run just before the assert statements are executed.", "title": "Test Setup Code", "type": "string"}, "test_tuple": {"description": "Tuple of 3 SINGLE-LINE test cases that starts with 'assert' to test the function's correctness.Any extra required code should be written in the test_setup_code field.", "items": {"type": "string"}, "maxItems": 3, "minItems": 3, "prefixItems": [{"type": "string"}, {"type": "string"}, {"type": "string"}], "title": "Test Tuple", "type": "array"}}, "required": ["reasoning", "task", "gt_fn_name", "test_setup_code", "test_tuple"]}
```


INFO - [Task id] 30 [prompt] 
Here's an example response:
{
    "reasoning": "The student has shown proficiency in basic Python syntax and list manipulation, but struggles with problems involving more complex algorithms and data structures. This task will help them practice using sets or dictionaries for efficient lookups, and understand the concept of algorithmic complexity.",
    "task": "Write a Python function that takes a list of integers and returns the tuple of two numbers that sum up to zero. If no such pair exists, return None.",
    "gt_fn_name": "find_zero_sum",
    "test_setup_code": "",
    "test_tuple": [
        "assert find_zero_sum([1, 2, 3, -2, -1]) == (2, -2)",
        "assert find_zero_sum([1, 2, 3, 4, 5]) == None",
        "assert find_zero_sum([1, 4, 3, -4, -1]) == (4, -4)"
    ]
}

INFO - [Task id] 30 [prompt] Question 1: How do you implement a binary search algorithm in Python?
Answer: To implement a binary search algorithm in Python, you can use either an iterative or a recursive approach. Below are examples of both methods.

### Iterative Approach

```python
def binary_search_iterative(arr, target):
    left, right = 0, len(arr) - 1
    
    while left <= right:
        mid = left + (right - left) // 2  # To prevent overflow
        
        if arr[mid] == target:
            return mid  # Target found
        elif arr[mid] < target:
            left = mid + 1  # Search in the right half
        else:
            right = mid - 1  # Search in the left half
            
    return -1  # Target not found
```

### Recursive Approach

```python
def binary_search_recursive(arr, target, left, right):
    if left > right:
        return -1  # Target not found
    
    mid = left + (right - left) // 2  # To prevent overflow
    
    if arr[mid] == target:
        return mid  # Target found
    elif arr[mid] < target:
        return binary_search_recursive(arr, target, mid + 1, right)  # Search in the right half
    else:
        return binary_search_recursive(arr, target, left, mid - 1)  # Search in the left half

# To use the recursive function, call it like this:
# result = binary_search_recursive(arr, target, 0, len(arr) - 1)
```

### Usage Example

```python
arr = [1, 2, 3, 4, 5, 6, 7, 8, 9]
target = 5

# Using iterative approach
result_iterative = binary_search_iterative(arr, target)
print("Iterative result:", result_iterative)

# Using recursive approach
result_recursive = binary_search_recursive(arr, target, 0, len(arr) - 1)
print("Recursive result:", result_recursive)
```

### Note
- The array must be sorted for binary search to work correctly.
- The function returns the index of the target if found, or -1 if the target is not in the array.

Question 2: What is the difference between a list and a tuple in Python?
Answer: The main differences between a list and a tuple in Python are:

1. **Mutability**: Lists are mutable, meaning you can change their content (add, remove, or modify elements) after they are created. Tuples, on the other hand, are immutable, which means once a tuple is created, you cannot change its content.

2. **Syntax**: Lists are defined using square brackets `[]`, while tuples are defined using parentheses `()`.

3. **Performance**: Tuples can be slightly more memory-efficient and faster than lists for certain operations because of their immutability.

4. **Use Cases**: Lists are generally used for collections of items that may need to be modified, while tuples are often used for fixed collections of items, such as coordinates or records, where the data should not change.

Example:
```python
# List
my_list = [1, 2, 3]
my_list.append(4)  # This is allowed

# Tuple
my_tuple = (1, 2, 3)
# my_tuple.append(4)  # This would raise an AttributeError
```

In summary, choose lists when you need a mutable sequence and tuples when you need an immutable sequence.

Question 3: How do you merge two dictionaries in Python?
Answer: You can merge two dictionaries in Python using several methods. Here are a few common ways:

1. **Using the `update()` method**:
   ```python
   dict1 = {'a': 1, 'b': 2}
   dict2 = {'b': 3, 'c': 4}
   dict1.update(dict2)
   # dict1 is now {'a': 1, 'b': 3, 'c': 4}
   ```

2. **Using the `**` unpacking operator (Python 3.5+)**:
   ```python
   dict1 = {'a': 1, 'b': 2}
   dict2 = {'b': 3, 'c': 4}
   merged_dict = {**dict1, **dict2}
   # merged_dict is {'a': 1, 'b': 3, 'c': 4}
   ```

3. **Using the `|` operator (Python 3.9+)**:
   ```python
   dict1 = {'a': 1, 'b': 2}
   dict2 = {'b': 3, 'c': 4}
   merged_dict = dict1 | dict2
   # merged_dict is {'a': 1, 'b': 3, 'c': 4}
   ```

4. **Using dictionary comprehension**:
   ```python
   dict1 = {'a': 1, 'b': 2}
   dict2 = {'b': 3, 'c': 4}
   merged_dict = {k: v for d in (dict1, dict2) for k, v in d.items()}
   # merged_dict is {'a': 1, 'b': 3, 'c': 4}
   ```

Choose the method that best fits your needs based on the version of Python you are using and your specific requirements.

Question 4: What is the purpose of the 'with' statement in file handling?
Answer: The 'with' statement in file handling is used to ensure that resources are properly managed. When you open a file using the 'with' statement, it automatically takes care of closing the file once the block of code within the 'with' statement is exited, even if an error occurs. This helps prevent resource leaks and makes the code cleaner and more readable. Here’s an example:

```python
with open('example.txt', 'r') as file:
    content = file.read()
# The file is automatically closed here
```

In this example, the file 'example.txt' is opened for reading, and it will be closed automatically when the block is exited.

Question 5: How do you create a class in Python and instantiate objects from it?
Answer: To create a class in Python, you use the `class` keyword followed by the class name and a colon. Inside the class, you can define methods (functions) and attributes (variables) that belong to the class. To instantiate objects from the class, you call the class as if it were a function.

Here is a simple example:

```python
# Define a class
class Dog:
    # Constructor method to initialize attributes
    def __init__(self, name, age):
        self.name = name  # Instance variable for the dog's name
        self.age = age    # Instance variable for the dog's age

    # Method to make the dog bark
    def bark(self):
        return f"{self.name} says woof!"

# Instantiate objects from the class
dog1 = Dog("Buddy", 3)
dog2 = Dog("Max", 5)

# Accessing attributes and methods
print(dog1.name)  # Output: Buddy
print(dog2.age)   # Output: 5
print(dog1.bark())  # Output: Buddy says woof!
```

In this example, we created a `Dog` class with a constructor (`__init__`) that initializes the `name` and `age` attributes. We then created two instances of the `Dog` class, `dog1` and `dog2`, and demonstrated how to access their attributes and call their methods.

Completed tasks so far (do not give me these tasks again!): 
	Write a Python function that takes a list of integers and returns a new list containing only the even numbers from the original list.
	Write a Python function that takes a list of strings and returns a dictionary where the keys are the strings and the values are the number of times each string appears in the list.
	Write a Python function that takes a list of strings and returns a dictionary where the keys are the lengths of the strings and the values are lists of strings of that length.
	Write a Python function that takes a string and returns the first non-repeating character in it. If all characters repeat, return None.
	Write a Python function that takes a list of integers and returns a list of all unique pairs (as tuples) that sum up to a given target integer. The pairs should be sorted in ascending order, and each pair should be sorted as well.
	Write a Python function that takes a string and returns the longest substring without repeating characters.
	Write a Python function that takes two lists of integers and returns a list of their common elements. The result should not contain duplicates and should be sorted in ascending order.
	Write a Python function that takes a list of integers and sorts it in ascending order using the bubble sort algorithm. The function should return the sorted list.
	Write a Python function that takes a list of integers and returns a new list with the elements in reverse order.
	Write a Python function that takes a list of integers and returns the greatest common divisor (GCD) of the numbers in the list. Use the Euclidean algorithm to find the GCD.
	Write a Python function that takes a string and returns a new string with all the vowels removed. The function should be case-insensitive, meaning it should remove both uppercase and lowercase vowels.
	Write a Python function that takes two lists of integers and returns a list of integers that are present in both lists, without duplicates. Use set operations to achieve this.
	Write a Python function that takes a list of operations (as strings) and simulates a stack using a list. The operations can be 'push X' to push an integer X onto the stack, 'pop' to remove the top element, and 'peek' to return the top element without removing it. The function should return a list of results from the 'pop' and 'peek' operations.
	Write a Python function that takes two lists of integers and returns a list of integers that are present in either of the lists but not in both. The result should not contain duplicates and should be sorted in ascending order.
	Write a Python function that takes a list of integers and returns a dictionary where the keys are the integers and the values are the number of times each integer appears in the list. This will help practice using dictionaries for counting occurrences.
	Write a Python function that takes an integer n and returns a list of all prime numbers less than n. This will help you practice loops, conditionals, and understanding of prime numbers.
	Write a Python function that takes a string and a pattern (both strings) and returns True if the pattern is found in the string, and False otherwise. The function should perform a simple substring search.
	Write a Python function that calculates the factorial of a given non-negative integer using recursion. The function should return the factorial value.
	Write a Python function that takes a list of integers and returns the index of the first occurrence of the maximum value in the list. If the list is empty, return -1.
	Write a Python function that takes a list of integers and returns a list of the k largest elements in descending order. Use a min-heap to efficiently find the k largest elements.
	Write a Python function that takes a list of integers and returns a list of all integers that appear more than once in the list. The result should not contain duplicates and should be sorted in ascending order.
	Write a Python function that takes a list of integers and returns the list sorted in ascending order using the quicksort algorithm. This will help you practice implementing a classic sorting algorithm and understanding its recursive nature.
	Write a Python function that takes a string and returns True if the string is a palindrome (reads the same forwards and backwards), ignoring spaces, punctuation, and capitalization. Otherwise, return False.
	Write a Python function that takes a list of integers and returns a list of integers that appear only once in the original list. The result should be sorted in ascending order.
	Write a Python function that takes a string and a list of words, and returns a list of words from the list that are substrings of the given string. This will help practice string manipulation and searching techniques.
	Write a Python function that takes a list of integers and returns a list of integers that appear more than once in the list. The result should not contain duplicates and should be sorted in ascending order.
	Write a Python function that takes a list of integers and returns a list of integers that are duplicates in the original list. The result should not contain duplicates and should be sorted in ascending order. Use a set to efficiently find duplicates.
	Write a Python function that takes a string containing only the characters '(', ')', '{', '}', '[' and ']', and returns True if the input string is valid. An input string is valid if: 1. Open brackets must be closed by the same type of brackets. 2. Open brackets must be closed in the correct order. The function should return False otherwise.

Failed tasks that are too hard: 
	Write a Python function that implements a queue using a list. The function should support enqueue (add an item to the end of the queue), dequeue (remove an item from the front of the queue), and is_empty (check if the queue is empty) operations. The function should return a tuple of results from these operations for testing purposes.
	Write a Python function that simulates a stack using a list. The function should support 'push' (add an item to the top of the stack), 'pop' (remove the item from the top of the stack), and 'peek' (return the item at the top of the stack without removing it) operations. The function should return a list of results from the 'pop' and 'peek' operations for testing purposes.


INFO - [Task id] 30 [generation text] 
INFO - {
    "reasoning": "The student has demonstrated a solid understanding of basic Python concepts and has successfully completed tasks involving list manipulation, dictionary operations, and basic algorithms. They have also attempted tasks involving data structures like stacks and queues but found them challenging. To build on their current knowledge and gradually introduce them to more complex data structures, the next task should involve a simple algorithmic problem that requires understanding of basic data structures without being too complex. A task involving the use of a stack to evaluate a postfix expression (Reverse Polish Notation) would be a good next step. This will help them practice using stacks in a straightforward manner and understand their application in evaluating expressions.",
    "task": "Write a Python function that takes a list of strings representing a postfix expression (Reverse Polish Notation) and returns the evaluated result as an integer. The function should use a stack to evaluate the expression.",
    "gt_fn_name": "evaluate_postfix",
    "test_setup_code": "",
    "test_tuple": [
        "assert evaluate_postfix(['2', '3', '+', '4', '*']) == 20",
        "assert evaluate_postfix(['5', '1', '2', '+', '4', '*', '+', '3', '-']) == 14",
        "assert evaluate_postfix(['4', '13', '5', '/', '+']) == 6"
    ]
}
INFO - {
    "reasoning": "The student has demonstrated a solid understanding of basic Python concepts and has successfully completed tasks involving list manipulation, dictionary operations, and basic algorithms. They have also attempted tasks involving data structures like stacks and queues but found them challenging. To build on their current knowledge and gradually introduce them to more complex data structures, the next task should involve a simple algorithmic problem that requires understanding of basic data structures without being too complex. A task involving the use of a stack to evaluate a postfix expression (Reverse Polish Notation) would be a good next step. This will help them practice using stacks in a straightforward manner and understand their application in evaluating expressions.",
    "task": "Write a Python function that takes a list of strings representing a postfix expression (Reverse Polish Notation) and returns the evaluated result as an integer. The function should use a stack to evaluate the expression.",
    "gt_fn_name": "evaluate_postfix",
    "test_setup_code": "",
    "test_tuple": [
        "assert evaluate_postfix(['2', '3', '+', '4', '*']) == 20",
        "assert evaluate_postfix(['5', '1', '2', '+', '4', '*', '+', '3', '-']) == 14",
        "assert evaluate_postfix(['4', '13', '5', '/', '+']) == 6"
    ]
}
INFO - The task prompt is Write a Python function that takes a list of strings representing a postfix expression (Reverse Polish Notation) and returns the evaluated result as an integer. The function should use a stack to evaluate the expression.
You must strictly follow the function name: evaluate_postfix

INFO - LM call n parse attempt 1 / 3

INFO - [Task id] 30 [prompt] 
You are a helpful assistant that answer my question about Python programming.

I will give you the following information:
Question: ...

You will answer the question based on the context (only if available and helpful) and your own knowledge of Python programming.
1) Start your answer with "Answer: ".
2) Answer "Answer: Unknown" if you don't know the answer.

INFO - [Task id] 30 [prompt] Question: Explain at a conceptual level, how to accomplish the below task in Python programming?
Write a Python function that takes a list of strings representing a postfix expression (Reverse Polish Notation) and returns the evaluated result as an integer. The function should use a stack to evaluate the expression.
INFO - [Task id] 30 [generation text] Answer: To evaluate a postfix expression (Reverse Polish Notation) using a stack in Python, you can follow these conceptual steps:

1. **Initialize a Stack**: Create an empty list to use as a stack for storing operands.

2. **Iterate Through the List**: Loop through each element in the input list of strings.

3. **Check for Operands and Operators**:
   - If the current element is a number (operand), convert it to an integer and push it onto the stack.
   - If the current element is an operator (like '+', '-', '*', or '/'), pop the top two elements from the stack. These will be the operands for the operation.

4. **Perform the Operation**: Based on the operator, perform the corresponding arithmetic operation using the two popped operands. Be mindful of the order of operands, as the first popped element is the second operand and the second popped element is the first operand.

5. **Push the Result Back onto the Stack**: After performing the operation, push the result back onto the stack.

6. **Final Result**: Once all elements have been processed, the final result of the postfix expression will be the only element left in the stack. Pop this element and return it as the result.

Here is a simple outline of how the function might look in Python:

```python
def evaluate_postfix(expression):
    stack = []
    
    for token in expression:
        if token.isdigit():  # Check if the token is an operand
            stack.append(int(token))
        else:  # The token is an operator
            b = stack.pop()  # Second operand
            a = stack.pop()  # First operand
            
            if token == '+':
                result = a + b
            elif token == '-':
                result = a - b
            elif token == '*':
                result = a * b
            elif token == '/':
                result = int(a / b)  # Use int() for floor division
            
            stack.append(result)  # Push the result back onto the stack
    
    return stack.pop()  # The final result
```

This function will correctly evaluate a postfix expression represented as a list of strings and return the result as an integer.
INFO - Attempting task_id 30
INFO - [35m Rollout attempt 1/4[0m
INFO - [33m Retrieving 5 entries for db: skill 
 [0m
INFO - [33m is_valid_parentheses, simulate_stack_operations, reverse_list, find_gcd_of_list, recursive_factorial[0m
INFO - LM call n parse attempt 1 / 3

INFO - [Task id] 30 [prompt] You are a helpful assistant that writes python code to solve a task specified by me.

Here are some useful functions written earlier which you can reuse or reference.


[Entry]:


    def is_valid_parentheses(s: str) -> bool:
        stack = []
        bracket_map = {')': '(', '}': '{', ']': '['}
        for char in s:
            if (char in bracket_map.values()):
                stack.append(char)
            elif (char in bracket_map.keys()):
                if ((not stack) or (stack.pop() != bracket_map[char])):
                    return False
        return (not stack)

[/Entry]

[Entry]:


    def simulate_stack_operations(operations):
        stack = []
        results = []
        for operation in operations:
            if operation.startswith('push'):
                (_, value) = operation.split()
                stack.append(int(value))
            elif (operation == 'pop'):
                if stack:
                    results.append(stack.pop())
                else:
                    results.append(None)
            elif (operation == 'peek'):
                if stack:
                    results.append(stack[(- 1)])
                else:
                    results.append(None)
        return results

[/Entry]

[Entry]:


    def reverse_list(input_list):
        return input_list[::(- 1)]

[/Entry]

[Entry]:


    def gcd(a, b):
        while (b != 0):
            (a, b) = (b, (a % b))
        return a




    def find_gcd_of_list(numbers):
        if (not numbers):
            return None
        current_gcd = numbers[0]
        for num in numbers[1:]:
            current_gcd = gcd(current_gcd, num)
        return current_gcd

[/Entry]

[Entry]:


    def recursive_factorial(n):
        if (n == 0):
            return 1
        else:
            return (n * recursive_factorial((n - 1)))

[/Entry]






At each round of conversation, I will give you
[Environment feedback] (after executing code) ...
[Code from the last round] ...
[Task] ...
[Context] ...
[Critique] ...

You should then respond to me with
Explain (if applicable): Are there any steps missing in your plan? Why does the code not complete the task? What does the chat log and execution error imply?
Plan: How to complete the task step by step. 
Code:
    1) Reuse or reference the above useful programs if necessary.
    2) Your function will be reused for building more complex functions. Therefore, you should make it generic and reusable. 
    3) Functions in the "Code from the last round" section will not be saved or executed. Do not reuse functions listed there.
    4) Anything defined outside a function will be ignored, define all your variables inside your functions.
    5) Do not write infinite loops.
    6) If the task specifies a function name to be used, follow it strictly (be case sensitive!). Else, name your function in a meaningful way (can infer the task from the name).
    7) Your code should only contain elements that solve the task, so DO NOT write any assert statements / tests
    8) The context in the [Context] tag serves as a casual tip (which can be wrong) to help you on the task, but your priority is to follow instructions in the [Task] tag.

You should only respond in the format as described below:
RESPONSE FORMAT:

Explain: ...
Plan:
1) ...
2) ...
3) ...
...
Code:
```python
# helper functions (only if needed, try to avoid them)
...
# main function after the helper functions
def yourMainFunctionName(args):
  # ...

```


INFO - [Task id] 30 [prompt] [Environment feedback]
None

[Code from the last round]
No code in the first round

[Task]
Write a Python function that takes a list of strings representing a postfix expression (Reverse Polish Notation) and returns the evaluated result as an integer. The function should use a stack to evaluate the expression.
You must strictly follow the function name: evaluate_postfix

[Context]
Rough plan to accomplish the task (can be wrong): 
Answer: To evaluate a postfix expression (Reverse Polish Notation) using a stack in Python, you can follow these conceptual steps:

1. **Initialize a Stack**: Create an empty list to use as a stack for storing operands.

2. **Iterate Through the List**: Loop through each element in the input list of strings.

3. **Check for Operands and Operators**:
   - If the current element is a number (operand), convert it to an integer and push it onto the stack.
   - If the current element is an operator (like '+', '-', '*', or '/'), pop the top two elements from the stack. These will be the operands for the operation.

4. **Perform the Operation**: Based on the operator, perform the corresponding arithmetic operation using the two popped operands. Be mindful of the order of operands, as the first popped element is the second operand and the second popped element is the first operand.

5. **Push the Result Back onto the Stack**: After performing the operation, push the result back onto the stack.

6. **Final Result**: Once all elements have been processed, the final result of the postfix expression will be the only element left in the stack. Pop this element and return it as the result.

Here is a simple outline of how the function might look in Python:

```python
def evaluate_postfix(expression):
    stack = []
    
    for token in expression:
        if token.isdigit():  # Check if the token is an operand
            stack.append(int(token))
        else:  # The token is an operator
            b = stack.pop()  # Second operand
            a = stack.pop()  # First operand
            
            if token == '+':
                result = a + b
            elif token == '-':
                result = a - b
            elif token == '*':
                result = a * b
            elif token == '/':
                result = int(a / b)  # Use int() for floor division
            
            stack.append(result)  # Push the result back onto the stack
    
    return stack.pop()  # The final result
```

This function will correctly evaluate a postfix expression represented as a list of strings and return the result as an integer.


[Critique]
None


INFO - [Task id] 30 [generation text] Plan:
1. Initialize an empty list to use as a stack for storing operands.
2. Iterate through each element in the input list of strings.
3. Check if the current element is a number (operand) or an operator.
   - If it's a number, convert it to an integer and push it onto the stack.
   - If it's an operator, pop the top two elements from the stack to use as operands.
4. Perform the arithmetic operation based on the operator, ensuring the correct order of operands.
5. Push the result of the operation back onto the stack.
6. After processing all elements, the final result will be the only element left in the stack. Pop and return this element as the result.

Code:
```python
def evaluate_postfix(expression):
    stack = []
    
    for token in expression:
        if token.isdigit():  # Check if the token is an operand
            stack.append(int(token))
        else:  # The token is an operator
            b = stack.pop()  # Second operand
            a = stack.pop()  # First operand
            
            if token == '+':
                result = a + b
            elif token == '-':
                result = a - b
            elif token == '*':
                result = a * b
            elif token == '/':
                result = int(a / b)  # Use int() for floor division
            
            stack.append(result)  # Push the result back onto the stack
    
    return stack.pop()  # The final result
```
INFO - program_code:
 

def evaluate_postfix(expression):
    stack = []
    for token in expression:
        if token.isdigit():
            stack.append(int(token))
        else:
            b = stack.pop()
            a = stack.pop()
            if (token == '+'):
                result = (a + b)
            elif (token == '-'):
                result = (a - b)
            elif (token == '*'):
                result = (a * b)
            elif (token == '/'):
                result = int((a / b))
            stack.append(result)
    return stack.pop()


INFO - program_name:
 evaluate_postfix

INFO - dependencies:
 []

INFO - raw_msg:
 Plan:
1. Initialize an empty list to use as a stack for storing operands.
2. Iterate through each element in the input list of strings.
3. Check if the current element is a number (operand) or an operator.
   - If it's a number, convert it to an integer and push it onto the stack.
   - If it's an operator, pop the top two elements from the stack to use as operands.
4. Perform the arithmetic operation based on the operator, ensuring the correct order of operands.
5. Push the result of the operation back onto the stack.
6. After processing all elements, the final result will be the only element left in the stack. Pop and return this element as the result.

Code:
```python
def evaluate_postfix(expression):
    stack = []
    
    for token in expression:
        if token.isdigit():  # Check if the token is an operand
            stack.append(int(token))
        else:  # The token is an operator
            b = stack.pop()  # Second operand
            a = stack.pop()  # First operand
            
            if token == '+':
                result = a + b
            elif token == '-':
                result = a - b
            elif token == '*':
                result = a * b
            elif token == '/':
                result = int(a / b)  # Use int() for floor division
            
            stack.append(result)  # Push the result back onto the stack
    
    return stack.pop()  # The final result
```

INFO - no_parent:
 True

INFO - full code to be executed: 
 

def evaluate_postfix(expression):
    stack = []
    for token in expression:
        if token.isdigit():
            stack.append(int(token))
        else:
            b = stack.pop()
            a = stack.pop()
            if (token == '+'):
                result = (a + b)
            elif (token == '-'):
                result = (a - b)
            elif (token == '*'):
                result = (a * b)
            elif (token == '/'):
                result = int((a / b))
            stack.append(result)
    return stack.pop()


INFO - obs: Tests passed:
assert evaluate_postfix(['2', '3', '+', '4', '*']) == 20
assert evaluate_postfix(['5', '1', '2', '+', '4', '*', '+', '3', '-']) == 14
assert evaluate_postfix(['4', '13', '5', '/', '+']) == 6

Tests failed:
None
reward: True
done: None
info: {'individual_results': (True, True, True)}
INFO - LM call n parse attempt 1 / 5

INFO - [Task id] 30 [prompt] 
You are a Python programming assistant that assesses my progress of Python programming and provides useful guidance.

I will give you the following information:

[Task]: The objective I need to accomplish.
[Context]: The context of the task. Serves as a casual tip (which can be wrong) to help me on the task, but my priority is to follow instructions in the Task tag.
[function impl]: My function implementation that is intended to complete the task
[unit test results]: The results after executing my function implementation on the unit tests

Your first goal is to use these info to evaluate if I have met the task requirements, and explain why. 
It is possible that the unit test results all pass, but the code does not accomplish the task (eg by failing to accomplish the task in scenarios not covered by the unit tests)
It is also possible that the unit tests are wrong in the first place, though the code accomplishes the task and fails the unit test.

If I have not met the task requirements, write a few sentences to explain why the function implementation is wrong as indicated by the tests. 
You will need this as guidance when you try again later.
Only provide the few sentence description in your answer, not the implementation. 
Suggest how the function implementation can be changed, NOT the test cases (assert statements)

You should only respond in JSON format as described below:
The output should be formatted as a JSON instance that conforms to the JSON schema below.

As an example, for the schema {"properties": {"foo": {"title": "Foo", "description": "a list of strings", "type": "array", "items": {"type": "string"}}}, "required": ["foo"]}
the object {"foo": ["bar", "baz"]} is a well-formatted instance of the schema. The object {"properties": {"foo": ["bar", "baz"]}} is not well-formatted.

Here is the output schema:
```
{"description": "Represents the critique of a task attempt, including reasoning, success status, and suggestions for improvement.\n\nAttributes:\n    reasoning (str): Explanation of why the task was succeeded or failed.\n    success (bool): Indicates whether the task requirements were met.\n    critique (str): Suggestions or critique to help improve future task attempts.", "properties": {"reasoning": {"description": "reason why I have succeeded or failed at the task", "title": "Reasoning", "type": "string"}, "success": {"description": "evaluate if I have met the task requirements", "title": "Success", "type": "boolean"}, "critique": {"description": "critique to help me improve", "title": "Critique", "type": "string"}}, "required": ["reasoning", "success", "critique"]}
```

INFO - [Task id] 30 [prompt] 
Here are some examples:

Example 1:
[function impl]:
```python
def longest_subarray_with_sum_limit(nums: List[int], target: int) -> List[int]:
    n = len(nums)
    left, right = 0, 0
    max_length = 0
    current_sum = 0
    result = []
    while right < n:
        current_sum += nums[right]
        while current_sum > target:
            current_sum -= nums[left]
            left += 1
        if right - left + 1 >= max_length:
            max_length = right - left + 1
            result = nums[left:right+1]
        right += 1
    return result
```
[unit test results]:
Tests passing:
assert longest_subarray_with_sum_limit([1, 2, 3, 4, 5], 8) == [1, 2, 3]
assert longest_subarray_with_sum_limit([1, 2, 3, 4, 5], 15) == [1, 2, 3, 4, 5]
assert longest_subarray_with_sum_limit([1, -1, 2, -2, 3, -3], 2) == [1, -1, 2, -2, 3]
assert longest_subarray_with_sum_limit([], 10) == []
assert longest_subarray_with_sum_limit([], 0) == []
assert longest_subarray_with_sum_limit([], -5) == []  
Tests failing:
assert longest_subarray_with_sum_limit([5, 6, 7, 8, 9], 4) == [] # output: [5]

RESPONSE:
{
    "reasoning": "The implementation failed the test case where no subarray fulfills the condition",
    "success": false,
    "critique": "The issue in the implementation is due to the use of >= instead of > in the condition to update the result. Because of this, it returns a subarray even when the sum is greater than the target, as it still updates the result when the current subarray length is equal to the previous longest subarray length. To overcome this error, we should change the condition to only update the result when the current subarray length is strictly greater than the previous longest subarray length. This can be done by replacing >= with > in the condition."
}


Example 2:
[function impl]:
```python
def longest_subarray_with_sum_limit(nums: List[int], target: int) -> List[int]:
    n = len(nums)
    left, right = 0, 0
    max_length = 0
    current_sum = 0
    result = []
    while current_sum + nums[right] <= target:
        current_sum += nums[right]
        right += 1
    while right < n:
        current_sum += nums[right]
        while current_sum > target:
            current_sum -= nums[left]
            left += 1
        if right - left + 1 > max_length:
            max_length = right - left + 1
            result = nums[left:right+1]
        right += 1
    return result
```
[unit test results]:
Tests passing:
assert longest_subarray_with_sum_limit([], 10) == []
assert longest_subarray_with_sum_limit([], 0) == []
assert longest_subarray_with_sum_limit([], -5) == []
Tests failing:
assert longest_subarray_with_sum_limit([1, 2, 3, 4, 5], 8) == [1, 2, 3] # output: list index out of range
assert longest_subarray_with_sum_limit([1, 2, 3, 4, 5], 15) == [1, 2, 3, 4, 5] # output: list index out of range
assert longest_subarray_with_sum_limit([5, 6, 7, 8, 9], 4) == [] # output: list index out of range
assert longest_subarray_with_sum_limit([1, -1, 2, -2, 3, -3], 2) == [1, -1, 2, -2, 3] # output: list index out of range

RESPONSE:
{
    "reason": "The implementation failed 4 out of the 7 test cases due to an IndexError.",
    "success": false,
    "critique": "The issue stems from the while loop while current_sum + nums[right] <= target:, which directly accesses nums[right] without checking if right is within the bounds of the list. This results in a runtime error when right goes beyond the list length. To overcome this error, we need to add a bounds check for the right variable in the mentioned while loop. We can modify the loop condition to while right < len(nums) and current_sum + nums[right] <= target:. This change will ensure that we only access elements within the bounds of the list, thus avoiding the IndexError."
}


END OF EXAMPLES

INFO - [Task id] 30 [prompt] [Task]:
Write a Python function that takes a list of strings representing a postfix expression (Reverse Polish Notation) and returns the evaluated result as an integer. The function should use a stack to evaluate the expression.
[Context]: 
 Rough plan to accomplish the task (can be wrong): 
Answer: To evaluate a postfix expression (Reverse Polish Notation) using a stack in Python, you can follow these conceptual steps:

1. **Initialize a Stack**: Create an empty list to use as a stack for storing operands.

2. **Iterate Through the List**: Loop through each element in the input list of strings.

3. **Check for Operands and Operators**:
   - If the current element is a number (operand), convert it to an integer and push it onto the stack.
   - If the current element is an operator (like '+', '-', '*', or '/'), pop the top two elements from the stack. These will be the operands for the operation.

4. **Perform the Operation**: Based on the operator, perform the corresponding arithmetic operation using the two popped operands. Be mindful of the order of operands, as the first popped element is the second operand and the second popped element is the first operand.

5. **Push the Result Back onto the Stack**: After performing the operation, push the result back onto the stack.

6. **Final Result**: Once all elements have been processed, the final result of the postfix expression will be the only element left in the stack. Pop this element and return it as the result.

Here is a simple outline of how the function might look in Python:

```python
def evaluate_postfix(expression):
    stack = []
    
    for token in expression:
        if token.isdigit():  # Check if the token is an operand
            stack.append(int(token))
        else:  # The token is an operator
            b = stack.pop()  # Second operand
            a = stack.pop()  # First operand
            
            if token == '+':
                result = a + b
            elif token == '-':
                result = a - b
            elif token == '*':
                result = a * b
            elif token == '/':
                result = int(a / b)  # Use int() for floor division
            
            stack.append(result)  # Push the result back onto the stack
    
    return stack.pop()  # The final result
```

This function will correctly evaluate a postfix expression represented as a list of strings and return the result as an integer.


[function impl]:


def evaluate_postfix(expression):
    stack = []
    for token in expression:
        if token.isdigit():
            stack.append(int(token))
        else:
            b = stack.pop()
            a = stack.pop()
            if (token == '+'):
                result = (a + b)
            elif (token == '-'):
                result = (a - b)
            elif (token == '*'):
                result = (a * b)
            elif (token == '/'):
                result = int((a / b))
            stack.append(result)
    return stack.pop()

[unit test results]:
Tests passed:
assert evaluate_postfix(['2', '3', '+', '4', '*']) == 20
assert evaluate_postfix(['5', '1', '2', '+', '4', '*', '+', '3', '-']) == 14
assert evaluate_postfix(['4', '13', '5', '/', '+']) == 6

Tests failed:
None

INFO - [Task id] 30 [generation text] 
INFO - {
    "reasoning": "The function implementation correctly evaluates postfix expressions using a stack. It iterates through each token in the expression, pushing operands onto the stack and applying operators to the top two operands on the stack. The result of each operation is pushed back onto the stack, and the final result is returned. The unit tests cover various scenarios, including different operators and operand combinations, and all tests pass, indicating the function works as intended.",
    "success": true,
    "critique": "The function implementation is correct and meets the task requirements. It efficiently evaluates postfix expressions using a stack and handles integer division correctly. No changes are necessary."
}
INFO - {
    "reasoning": "The function implementation correctly evaluates postfix expressions using a stack. It iterates through each token in the expression, pushing operands onto the stack and applying operators to the top two operands on the stack. The result of each operation is pushed back onto the stack, and the final result is returned. The unit tests cover various scenarios, including different operators and operand combinations, and all tests pass, indicating the function works as intended.",
    "success": true,
    "critique": "The function implementation is correct and meets the task requirements. It efficiently evaluates postfix expressions using a stack and handles integer division correctly. No changes are necessary."
}
INFO - [task_id]: 30 [Result]: True
INFO - LM call n parse attempt 1 / 3

INFO - [Task id] 30 [prompt] 
You are a helpful assistant that writes a description of the given function written in the Python programming language.

1) Do not mention the function name.
2) Do not mention anything about helper functions.
3) There might be some helper functions before the main function, but you only need to describe the main function.
4) Try to summarize the function in no more than 6 sentences.
5) Your response should be a single line of text.

INFO - [Task id] 30 [prompt] 

def evaluate_postfix(expression):
    stack = []
    for token in expression:
        if token.isdigit():
            stack.append(int(token))
        else:
            b = stack.pop()
            a = stack.pop()
            if (token == '+'):
                result = (a + b)
            elif (token == '-'):
                result = (a - b)
            elif (token == '*'):
                result = (a * b)
            elif (token == '/'):
                result = int((a / b))
            stack.append(result)
    return stack.pop()


The main function is `evaluate_postfix`.
INFO - [Task id] 30 [generation text] This function evaluates a postfix expression represented as a list of tokens. It uses a stack to store operands and processes each token in the expression sequentially. When a digit is encountered, it is pushed onto the stack, while operators trigger the popping of the top two operands for computation. The result of the operation is then pushed back onto the stack. At the end of the evaluation, the final result is returned from the stack. This allows for the calculation of expressions in postfix notation efficiently.
INFO - Num Completed Tasks: 29, Num Failed Tasks: 2
