INFO - DB skill doc count: 22

INFO - [train iter]: 24/100 

INFO - LM call n parse attempt 1 / 3

INFO - [Task id] 24 [prompt] 
You are a helpful assistant that asks questions to help me decide the next immediate task to do for Python programming.
My ultimate goal is to solve as many diverse problems as possible and become the best programmer in the world.

I will give you the following information:
Completed tasks so far: ...
Failed tasks that are too hard: ...

You must follow the following criteria:
1) You should ask at least 5 questions (but no more than 10 questions) to help me decide the next immediate task to do. Each question should be followed by the concept that the question is about.
2) Your question should be specific to a concept in Python programming.
  Bad example (the question is too general):
    Question: What is the best way to program in Python?
    Concept: unknown
  Good example:
    Question: How do you reverse a list?
    Concept: list
3) Your questions should be self-contained and not require any context.

Respond in JSON, and follow the keys and expected format of the values strictly.


Response format:
The output should be formatted as a JSON instance that conforms to the JSON schema below.

As an example, for the schema {"properties": {"foo": {"title": "Foo", "description": "a list of strings", "type": "array", "items": {"type": "string"}}}, "required": ["foo"]}
the object {"foo": ["bar", "baz"]} is a well-formatted instance of the schema. The object {"properties": {"foo": ["bar", "baz"]}} is not well-formatted.

Here is the output schema:
```
{"$defs": {"QuestionConcept": {"properties": {"question": {"description": "A question related to Python programming, to help me brainstorm the next immediate task to do", "title": "Question", "type": "string"}, "concept": {"description": "The Python programming concept associated with the question above", "title": "Concept", "type": "string"}}, "required": ["question", "concept"], "title": "QuestionConcept", "type": "object"}}, "properties": {"reasoning": {"description": "Reason out, step-by-step, why you picked these questions and concepts", "title": "Reasoning", "type": "string"}, "question_concept_list": {"description": "list of questions and their associated concepts", "items": {"$ref": "#/$defs/QuestionConcept"}, "title": "Question Concept List", "type": "array"}}, "required": ["reasoning", "question_concept_list"]}
```


INFO - [Task id] 24 [prompt] Completed tasks so far (do not give me these tasks again!): 
	Write a Python function that takes a list of integers and returns a list of unique integers from that list.
	Write a Python function that takes a list of integers and returns a dictionary with the integers as keys and their counts as values.
	Write a Python function that takes two lists of integers and returns a list of integers that are present in both lists (the intersection).
	Write a Python function that takes a list of integers and returns a list of integers that are unique (appear only once) in the list.
	Write a Python function that takes a list of integers and returns a list of integers that are duplicates (appear more than once) in the list.
	Write a Python function that takes a list of integers and returns the second largest integer in the list. If the list has fewer than two unique integers, return None.
	Write a Python function that takes a list of integers and returns a new list containing only the even integers from the original list.
	Write a Python function that takes a list of integers and returns a list of integers that are greater than a given threshold value.
	Write a Python function that takes a string and returns the number of vowels in that string.
	Write a Python function that takes a string and returns a set of unique characters in that string.
	Write a Python function that takes a string and returns True if it is a palindrome (reads the same forwards and backwards), and False otherwise.
	Write a Python function that takes a string and returns a new string containing only the digits from the original string.
	Write a Python function that takes a list of strings and returns a new list containing only the strings that have a length greater than a specified threshold.
	Write a Python function that takes a list of strings and returns a new list of those strings sorted by their length in descending order.
	Write a Python function that takes a list of strings and returns a new list containing the lengths of each string in the original list.
	Write a Python function that takes a string and returns a new string with all the vowels removed.
	Write a Python function that takes a string and returns the number of distinct characters in that string.
	Write a Python function that takes two dictionaries and merges them. If there are duplicate keys, the values from the second dictionary should overwrite those from the first.
	Write a Python function that takes a string and returns a new string where each character is repeated twice.
	Write a Python function that takes a list of integers and returns a list of integers that are present in the list but not in a given set of excluded integers.
	Write a Python function that takes a list of integers and returns a new list containing only the integers that are multiples of a given number.
	Write a Python function that takes a tuple of integers and returns a new tuple containing only the even integers from the original tuple.

Failed tasks that are too hard: 
	Write a Python function that takes a dictionary and returns a new dictionary with the keys and values swapped. If there are duplicate values, keep only one of the keys.
	Write a Python function that takes a dictionary and returns a new dictionary containing only the items where the value is greater than a specified threshold.


INFO - [Task id] 24 [generation text] 
INFO - {
    "reasoning": "I selected these questions to cover a variety of Python programming concepts that have not been tackled yet. The questions focus on different data structures (like sets, tuples, and dictionaries), string manipulation, and algorithmic challenges. This will help in broadening the understanding of Python and its capabilities.",
    "question_concept_list": [
        {
            "question": "How do you create a set from a list to remove duplicates?",
            "concept": "set"
        },
        {
            "question": "How do you sort a dictionary by its values?",
            "concept": "dictionary"
        },
        {
            "question": "How do you find the maximum value in a tuple?",
            "concept": "tuple"
        },
        {
            "question": "How do you check if a string contains only digits?",
            "concept": "string"
        },
        {
            "question": "How do you merge two lists into a dictionary with one list as keys and the other as values?",
            "concept": "dictionary"
        }
    ]
}
INFO - {
    "reasoning": "I selected these questions to cover a variety of Python programming concepts that have not been tackled yet. The questions focus on different data structures (like sets, tuples, and dictionaries), string manipulation, and algorithmic challenges. This will help in broadening the understanding of Python and its capabilities.",
    "question_concept_list": [
        {
            "question": "How do you create a set from a list to remove duplicates?",
            "concept": "set"
        },
        {
            "question": "How do you sort a dictionary by its values?",
            "concept": "dictionary"
        },
        {
            "question": "How do you find the maximum value in a tuple?",
            "concept": "tuple"
        },
        {
            "question": "How do you check if a string contains only digits?",
            "concept": "string"
        },
        {
            "question": "How do you merge two lists into a dictionary with one list as keys and the other as values?",
            "concept": "dictionary"
        }
    ]
}
INFO - LM call n parse attempt 1 / 3

INFO - [Task id] 24 [prompt] 
You are a helpful assistant that answer my question about Python programming.

I will give you the following information:
Question: ...

You will answer the question based on the context (only if available and helpful) and your own knowledge of Python programming.
1) Start your answer with "Answer: ".
2) Answer "Answer: Unknown" if you don't know the answer.

INFO - [Task id] 24 [prompt] Question: How do you find the maximum value in a tuple?
INFO - [Task id] 24 [generation text] Answer: You can find the maximum value in a tuple in Python using the built-in `max()` function. Here’s an example:

```python
my_tuple = (1, 5, 3, 9, 2)
max_value = max(my_tuple)
print(max_value)  # Output: 9
```

The `max()` function takes the tuple as an argument and returns the maximum value contained within it.
INFO - LM call n parse attempt 1 / 3

INFO - [Task id] 24 [prompt] 
You are a helpful assistant that answer my question about Python programming.

I will give you the following information:
Question: ...

You will answer the question based on the context (only if available and helpful) and your own knowledge of Python programming.
1) Start your answer with "Answer: ".
2) Answer "Answer: Unknown" if you don't know the answer.

INFO - [Task id] 24 [prompt] Question: How do you merge two lists into a dictionary with one list as keys and the other as values?
INFO - [Task id] 24 [generation text] Answer: You can merge two lists into a dictionary in Python using the `zip()` function along with the `dict()` constructor. Here’s an example:

```python
keys = ['a', 'b', 'c']
values = [1, 2, 3]

merged_dict = dict(zip(keys, values))
print(merged_dict)
```

This will output:

```
{'a': 1, 'b': 2, 'c': 3}
```

In this example, the first list `keys` is used as the keys of the dictionary, and the second list `values` is used as the corresponding values.
INFO - LM call n parse attempt 1 / 5

INFO - [Task id] 24 [prompt] 
You are a helpful assistant that tells me the next immediate task (in the form of a function) to do for Python programming. 
My ultimate goal is to solve as many diverse problems as possible and become the best programmer in the world.

I will give you the following information:
Question 1: ...
Answer: ...
Question 2: ...
Answer: ...
Question 3: ...
Answer: ...
...
Completed tasks so far: ...
Failed tasks that are too hard: ...

You must follow the following criteria:
1) You should act as a mentor and guide me to the next task based on my current learning progress. As a rule of thumb, guide me through beginner problems, followed by interview level problems, followed by competitive programming problems. The latter 2 levels can involve concepts from data structures and algorithms.
2) Please be very specific about what skills I need to learn.
3) Do not propose multiple tasks at the same time. Do not mention anything else.
4) The next task should not be too hard since I may not have learned enough skills to complete it yet.
5) The next task should be novel and interesting. I should look for problems which I have not solved yet. I should not be doing the same thing over and over again.
6) The task should involve writing a main Python function that at most use basic libraries (try not to import too many or too advanced modules)
7) Do not give tasks that require file operations (create, read, update, delete) or an internet connection.
8) I am only allowed to write Python functions, so do not require me to write other things (e.g. objects). 
9) Requiring me to write a function that takes in an object and uses object methods is still ok, but I cannot define the objects myself. You must provide the objects as input to my function in the assert statement.

Take note of these in your response:
1) Give an expected function name for the task.
2) Give a tuple of 3 assert statements that tests the function's correctness in the "test_tuple" field. This must strictly contain single-line assert statements only; any setup code for the test must be filled in the "test_setup_code" field.
3) The function name which you gave must be called in the assert statements. 

Respond in JSON, and follow the keys and expected format of the values strictly.


Response format:
The output should be formatted as a JSON instance that conforms to the JSON schema below.

As an example, for the schema {"properties": {"foo": {"title": "Foo", "description": "a list of strings", "type": "array", "items": {"type": "string"}}}, "required": ["foo"]}
the object {"foo": ["bar", "baz"]} is a well-formatted instance of the schema. The object {"properties": {"foo": ["bar", "baz"]}} is not well-formatted.

Here is the output schema:
```
{"properties": {"reasoning": {"description": "Based on the information listed above, reason about what the next task should be.", "title": "Reasoning", "type": "string"}, "task": {"description": "The next task, which requires me to write a single function. Be sure to state the expected data structure for inputs and outputs.", "title": "Task", "type": "string"}, "gt_fn_name": {"description": "The expected name for the single function for the task", "title": "Gt Fn Name", "type": "string"}, "test_setup_code": {"description": "setup code, if required. This will be run just before the assert statements are executed.", "title": "Test Setup Code", "type": "string"}, "test_tuple": {"description": "Tuple of 3 SINGLE-LINE test cases that starts with 'assert' to test the function's correctness.Any extra required code should be written in the test_setup_code field.", "items": {"type": "string"}, "maxItems": 3, "minItems": 3, "prefixItems": [{"type": "string"}, {"type": "string"}, {"type": "string"}], "title": "Test Tuple", "type": "array"}}, "required": ["reasoning", "task", "gt_fn_name", "test_setup_code", "test_tuple"]}
```


INFO - [Task id] 24 [prompt] 
Here's an example response:
{
    "reasoning": "The student has shown proficiency in basic Python syntax and list manipulation, but struggles with problems involving more complex algorithms and data structures. This task will help them practice using sets or dictionaries for efficient lookups, and understand the concept of algorithmic complexity.",
    "task": "Write a Python function that takes a list of integers and returns the tuple of two numbers that sum up to zero. If no such pair exists, return None.",
    "gt_fn_name": "find_zero_sum",
    "test_setup_code": "",
    "test_tuple": [
        "assert find_zero_sum([1, 2, 3, -2, -1]) == (2, -2)",
        "assert find_zero_sum([1, 2, 3, 4, 5]) == None",
        "assert find_zero_sum([1, 4, 3, -4, -1]) == (4, -4)"
    ]
}

INFO - [Task id] 24 [prompt] Question 1: How do you create a set from a list to remove duplicates?
Answer: You can create a set from a list in Python by passing the list to the `set()` constructor. This will automatically remove any duplicate elements from the list. Here’s an example:

```python
my_list = [1, 2, 2, 3, 4, 4, 5]
my_set = set(my_list)
print(my_set)  # Output: {1, 2, 3, 4, 5}
```

In this example, `my_set` will contain only the unique elements from `my_list`.

Question 2: How do you sort a dictionary by its keys or values?
Answer: You can sort a dictionary by its keys or values using the `sorted()` function in Python. 

To sort a dictionary by its keys, you can do the following:

```python
my_dict = {'b': 2, 'a': 1, 'c': 3}
sorted_by_keys = dict(sorted(my_dict.items()))
print(sorted_by_keys)  # Output: {'a': 1, 'b': 2, 'c': 3}
```

To sort a dictionary by its values, you can use a lambda function as the key for sorting:

```python
my_dict = {'b': 2, 'a': 1, 'c': 3}
sorted_by_values = dict(sorted(my_dict.items(), key=lambda item: item[1]))
print(sorted_by_values)  # Output: {'a': 1, 'b': 2, 'c': 3}
```

In both cases, the `sorted()` function returns a list of tuples, which you can convert back to a dictionary using the `dict()` constructor.

Question 3: How do you find the maximum value in a tuple?
Answer: You can find the maximum value in a tuple in Python using the built-in `max()` function. Here’s an example:

```python
my_tuple = (1, 5, 3, 9, 2)
max_value = max(my_tuple)
print(max_value)  # Output: 9
```

The `max()` function takes the tuple as an argument and returns the maximum value contained within it.

Question 4: How do you check if a string contains only digits?
Answer: You can check if a string contains only digits in Python by using the `isdigit()` method. Here’s an example:

```python
my_string = "12345"
if my_string.isdigit():
    print("The string contains only digits.")
else:
    print("The string contains non-digit characters.")
```

The `isdigit()` method returns `True` if all characters in the string are digits and there is at least one character, otherwise it returns `False`.

Question 5: How do you merge two lists into a dictionary with one list as keys and the other as values?
Answer: You can merge two lists into a dictionary in Python using the `zip()` function along with the `dict()` constructor. Here’s an example:

```python
keys = ['a', 'b', 'c']
values = [1, 2, 3]

merged_dict = dict(zip(keys, values))
print(merged_dict)
```

This will output:

```
{'a': 1, 'b': 2, 'c': 3}
```

In this example, the first list `keys` is used as the keys of the dictionary, and the second list `values` is used as the corresponding values.

Completed tasks so far (do not give me these tasks again!): 
	Write a Python function that takes a list of integers and returns a list of unique integers from that list.
	Write a Python function that takes a list of integers and returns a dictionary with the integers as keys and their counts as values.
	Write a Python function that takes two lists of integers and returns a list of integers that are present in both lists (the intersection).
	Write a Python function that takes a list of integers and returns a list of integers that are unique (appear only once) in the list.
	Write a Python function that takes a list of integers and returns a list of integers that are duplicates (appear more than once) in the list.
	Write a Python function that takes a list of integers and returns the second largest integer in the list. If the list has fewer than two unique integers, return None.
	Write a Python function that takes a list of integers and returns a new list containing only the even integers from the original list.
	Write a Python function that takes a list of integers and returns a list of integers that are greater than a given threshold value.
	Write a Python function that takes a string and returns the number of vowels in that string.
	Write a Python function that takes a string and returns a set of unique characters in that string.
	Write a Python function that takes a string and returns True if it is a palindrome (reads the same forwards and backwards), and False otherwise.
	Write a Python function that takes a string and returns a new string containing only the digits from the original string.
	Write a Python function that takes a list of strings and returns a new list containing only the strings that have a length greater than a specified threshold.
	Write a Python function that takes a list of strings and returns a new list of those strings sorted by their length in descending order.
	Write a Python function that takes a list of strings and returns a new list containing the lengths of each string in the original list.
	Write a Python function that takes a string and returns a new string with all the vowels removed.
	Write a Python function that takes a string and returns the number of distinct characters in that string.
	Write a Python function that takes two dictionaries and merges them. If there are duplicate keys, the values from the second dictionary should overwrite those from the first.
	Write a Python function that takes a string and returns a new string where each character is repeated twice.
	Write a Python function that takes a list of integers and returns a list of integers that are present in the list but not in a given set of excluded integers.
	Write a Python function that takes a list of integers and returns a new list containing only the integers that are multiples of a given number.
	Write a Python function that takes a tuple of integers and returns a new tuple containing only the even integers from the original tuple.

Failed tasks that are too hard: 
	Write a Python function that takes a dictionary and returns a new dictionary with the keys and values swapped. If there are duplicate values, keep only one of the keys.
	Write a Python function that takes a dictionary and returns a new dictionary containing only the items where the value is greater than a specified threshold.


INFO - [Task id] 24 [generation text] 
INFO - {
    "reasoning": "The student has demonstrated a solid understanding of basic Python concepts, including lists, strings, and dictionaries. The next task will introduce them to a problem that requires them to manipulate a dictionary and utilize basic control flow, which will help reinforce their understanding of these concepts. This task is novel and interesting as it involves counting occurrences of characters in a string, which is a common problem in programming.",
    "task": "Write a Python function that takes a string and returns a dictionary with each character as the key and the number of times it appears in the string as the value.",
    "gt_fn_name": "count_characters",
    "test_setup_code": "",
    "test_tuple": [
        "assert count_characters('hello') == {'h': 1, 'e': 1, 'l': 2, 'o': 1}",
        "assert count_characters('aabbcc') == {'a': 2, 'b': 2, 'c': 2}",
        "assert count_characters('') == {}"
    ]
}
INFO - {
    "reasoning": "The student has demonstrated a solid understanding of basic Python concepts, including lists, strings, and dictionaries. The next task will introduce them to a problem that requires them to manipulate a dictionary and utilize basic control flow, which will help reinforce their understanding of these concepts. This task is novel and interesting as it involves counting occurrences of characters in a string, which is a common problem in programming.",
    "task": "Write a Python function that takes a string and returns a dictionary with each character as the key and the number of times it appears in the string as the value.",
    "gt_fn_name": "count_characters",
    "test_setup_code": "",
    "test_tuple": [
        "assert count_characters('hello') == {'h': 1, 'e': 1, 'l': 2, 'o': 1}",
        "assert count_characters('aabbcc') == {'a': 2, 'b': 2, 'c': 2}",
        "assert count_characters('') == {}"
    ]
}
INFO - The task prompt is Write a Python function that takes a string and returns a dictionary with each character as the key and the number of times it appears in the string as the value.
You must strictly follow the function name: count_characters

INFO - LM call n parse attempt 1 / 3

INFO - [Task id] 24 [prompt] 
You are a helpful assistant that answer my question about Python programming.

I will give you the following information:
Question: ...

You will answer the question based on the context (only if available and helpful) and your own knowledge of Python programming.
1) Start your answer with "Answer: ".
2) Answer "Answer: Unknown" if you don't know the answer.

INFO - [Task id] 24 [prompt] Question: Explain at a conceptual level, how to accomplish the below task in Python programming?
Write a Python function that takes a string and returns a dictionary with each character as the key and the number of times it appears in the string as the value.
INFO - [Task id] 24 [generation text] Answer: To accomplish the task of counting the occurrences of each character in a string and returning a dictionary, you can follow these conceptual steps:

1. **Define a Function**: Start by defining a function that takes a string as an argument.

2. **Initialize a Dictionary**: Create an empty dictionary to store the characters as keys and their counts as values.

3. **Iterate Over the String**: Use a loop to go through each character in the string.

4. **Count Characters**: For each character, check if it is already a key in the dictionary:
   - If it is, increment its value (the count).
   - If it is not, add it to the dictionary with a value of 1.

5. **Return the Dictionary**: After processing all characters, return the dictionary containing the counts.

Here is a simple implementation of the above steps in Python:

```python
def count_characters(input_string):
    char_count = {}
    for char in input_string:
        if char in char_count:
            char_count[char] += 1
        else:
            char_count[char] = 1
    return char_count
```

This function will take a string, count the occurrences of each character, and return a dictionary with the results.
INFO - Attempting task_id 24
INFO - [35m Rollout attempt 1/4[0m
INFO - [33m Retrieving 5 entries for db: skill 
 [0m
INFO - [33m count_distinct_characters, count_occurrences, count_vowels, unique_characters, repeat_characters[0m
INFO - LM call n parse attempt 1 / 3

INFO - [Task id] 24 [prompt] You are a helpful assistant that writes python code to solve a task specified by me.

Here are some useful functions written earlier which you can reuse or reference.


[Entry]:


    def count_distinct_characters(s):
        distinct_characters = set(s)
        return len(distinct_characters)

[/Entry]

[Entry]:


    def count_occurrences(int_list):
        counts = {}
        for num in int_list:
            if (num in counts):
                counts[num] += 1
            else:
                counts[num] = 1
        return counts

[/Entry]

[Entry]:


    def count_vowels(input_string):
        vowels = 'aeiouAEIOU'
        count = 0
        for char in input_string:
            if (char in vowels):
                count += 1
        return count

[/Entry]

[Entry]:


    def unique_characters(input_string):
        unique_chars = set()
        for char in input_string:
            unique_chars.add(char)
        return unique_chars

[/Entry]

[Entry]:


    def repeat_characters(input_string):
        result = ''
        for char in input_string:
            result += (char * 2)
        return result

[/Entry]






At each round of conversation, I will give you
[Environment feedback] (after executing code) ...
[Code from the last round] ...
[Task] ...
[Context] ...
[Critique] ...

You should then respond to me with
Explain (if applicable): Are there any steps missing in your plan? Why does the code not complete the task? What does the chat log and execution error imply?
Plan: How to complete the task step by step. 
Code:
    1) Reuse or reference the above useful programs if necessary.
    2) Your function will be reused for building more complex functions. Therefore, you should make it generic and reusable. 
    3) Functions in the "Code from the last round" section will not be saved or executed. Do not reuse functions listed there.
    4) Anything defined outside a function will be ignored, define all your variables inside your functions.
    5) Do not write infinite loops.
    6) If the task specifies a function name to be used, follow it strictly (be case sensitive!). Else, name your function in a meaningful way (can infer the task from the name).
    7) Your code should only contain elements that solve the task, so DO NOT write any assert statements / tests
    8) The context in the [Context] tag serves as a casual tip (which can be wrong) to help you on the task, but your priority is to follow instructions in the [Task] tag.

You should only respond in the format as described below:
RESPONSE FORMAT:

Explain: ...
Plan:
1) ...
2) ...
3) ...
...
Code:
```python
# helper functions (only if needed, try to avoid them)
...
# main function after the helper functions
def yourMainFunctionName(args):
  # ...

```


INFO - [Task id] 24 [prompt] [Environment feedback]
None

[Code from the last round]
No code in the first round

[Task]
Write a Python function that takes a string and returns a dictionary with each character as the key and the number of times it appears in the string as the value.
You must strictly follow the function name: count_characters

[Context]
Rough plan to accomplish the task (can be wrong): 
Answer: To accomplish the task of counting the occurrences of each character in a string and returning a dictionary, you can follow these conceptual steps:

1. **Define a Function**: Start by defining a function that takes a string as an argument.

2. **Initialize a Dictionary**: Create an empty dictionary to store the characters as keys and their counts as values.

3. **Iterate Over the String**: Use a loop to go through each character in the string.

4. **Count Characters**: For each character, check if it is already a key in the dictionary:
   - If it is, increment its value (the count).
   - If it is not, add it to the dictionary with a value of 1.

5. **Return the Dictionary**: After processing all characters, return the dictionary containing the counts.

Here is a simple implementation of the above steps in Python:

```python
def count_characters(input_string):
    char_count = {}
    for char in input_string:
        if char in char_count:
            char_count[char] += 1
        else:
            char_count[char] = 1
    return char_count
```

This function will take a string, count the occurrences of each character, and return a dictionary with the results.


[Critique]
None


INFO - [Task id] 24 [generation text] Explain: The provided plan is correct and outlines the necessary steps to implement the function. The code snippet given in the context is also accurate and effectively counts the occurrences of each character in the string. There are no missing steps, and the approach is straightforward.

Plan:
1) Define the function `count_characters` that takes a string as an argument.
2) Initialize an empty dictionary to store character counts.
3) Iterate over each character in the input string.
4) For each character, check if it exists in the dictionary:
   - If it does, increment its count.
   - If it does not, add it to the dictionary with a count of 1.
5) Return the dictionary containing the character counts.

Code:
```python
def count_characters(input_string):
    char_count = {}
    for char in input_string:
        if char in char_count:
            char_count[char] += 1
        else:
            char_count[char] = 1
    return char_count
```
INFO - program_code:
 

def count_characters(input_string):
    char_count = {}
    for char in input_string:
        if (char in char_count):
            char_count[char] += 1
        else:
            char_count[char] = 1
    return char_count


INFO - program_name:
 count_characters

INFO - dependencies:
 []

INFO - raw_msg:
 Explain: The provided plan is correct and outlines the necessary steps to implement the function. The code snippet given in the context is also accurate and effectively counts the occurrences of each character in the string. There are no missing steps, and the approach is straightforward.

Plan:
1) Define the function `count_characters` that takes a string as an argument.
2) Initialize an empty dictionary to store character counts.
3) Iterate over each character in the input string.
4) For each character, check if it exists in the dictionary:
   - If it does, increment its count.
   - If it does not, add it to the dictionary with a count of 1.
5) Return the dictionary containing the character counts.

Code:
```python
def count_characters(input_string):
    char_count = {}
    for char in input_string:
        if char in char_count:
            char_count[char] += 1
        else:
            char_count[char] = 1
    return char_count
```

INFO - no_parent:
 True

INFO - full code to be executed: 
 

def count_characters(input_string):
    char_count = {}
    for char in input_string:
        if (char in char_count):
            char_count[char] += 1
        else:
            char_count[char] = 1
    return char_count


INFO - obs: Tests passed:
assert count_characters('hello') == {'h': 1, 'e': 1, 'l': 2, 'o': 1}
assert count_characters('aabbcc') == {'a': 2, 'b': 2, 'c': 2}
assert count_characters('') == {}

Tests failed:
None
reward: True
done: None
info: {'individual_results': (True, True, True)}
INFO - LM call n parse attempt 1 / 5

INFO - [Task id] 24 [prompt] 
You are a Python programming assistant that assesses my progress of Python programming and provides useful guidance.

I will give you the following information:

[Task]: The objective I need to accomplish.
[Context]: The context of the task. Serves as a casual tip (which can be wrong) to help me on the task, but my priority is to follow instructions in the Task tag.
[function impl]: My function implementation that is intended to complete the task
[unit test results]: The results after executing my function implementation on the unit tests

Your first goal is to use these info to evaluate if I have met the task requirements, and explain why. 
It is possible that the unit test results all pass, but the code does not accomplish the task (eg by failing to accomplish the task in scenarios not covered by the unit tests)
It is also possible that the unit tests are wrong in the first place, though the code accomplishes the task and fails the unit test.

If I have not met the task requirements, write a few sentences to explain why the function implementation is wrong as indicated by the tests. 
You will need this as guidance when you try again later.
Only provide the few sentence description in your answer, not the implementation. 
Suggest how the function implementation can be changed, NOT the test cases (assert statements)

You should only respond in JSON format as described below:
The output should be formatted as a JSON instance that conforms to the JSON schema below.

As an example, for the schema {"properties": {"foo": {"title": "Foo", "description": "a list of strings", "type": "array", "items": {"type": "string"}}}, "required": ["foo"]}
the object {"foo": ["bar", "baz"]} is a well-formatted instance of the schema. The object {"properties": {"foo": ["bar", "baz"]}} is not well-formatted.

Here is the output schema:
```
{"description": "Represents the critique of a task attempt, including reasoning, success status, and suggestions for improvement.\n\nAttributes:\n    reasoning (str): Explanation of why the task was succeeded or failed.\n    success (bool): Indicates whether the task requirements were met.\n    critique (str): Suggestions or critique to help improve future task attempts.", "properties": {"reasoning": {"description": "reason why I have succeeded or failed at the task", "title": "Reasoning", "type": "string"}, "success": {"description": "evaluate if I have met the task requirements", "title": "Success", "type": "boolean"}, "critique": {"description": "critique to help me improve", "title": "Critique", "type": "string"}}, "required": ["reasoning", "success", "critique"]}
```

INFO - [Task id] 24 [prompt] 
Here are some examples:

Example 1:
[function impl]:
```python
def longest_subarray_with_sum_limit(nums: List[int], target: int) -> List[int]:
    n = len(nums)
    left, right = 0, 0
    max_length = 0
    current_sum = 0
    result = []
    while right < n:
        current_sum += nums[right]
        while current_sum > target:
            current_sum -= nums[left]
            left += 1
        if right - left + 1 >= max_length:
            max_length = right - left + 1
            result = nums[left:right+1]
        right += 1
    return result
```
[unit test results]:
Tests passing:
assert longest_subarray_with_sum_limit([1, 2, 3, 4, 5], 8) == [1, 2, 3]
assert longest_subarray_with_sum_limit([1, 2, 3, 4, 5], 15) == [1, 2, 3, 4, 5]
assert longest_subarray_with_sum_limit([1, -1, 2, -2, 3, -3], 2) == [1, -1, 2, -2, 3]
assert longest_subarray_with_sum_limit([], 10) == []
assert longest_subarray_with_sum_limit([], 0) == []
assert longest_subarray_with_sum_limit([], -5) == []  
Tests failing:
assert longest_subarray_with_sum_limit([5, 6, 7, 8, 9], 4) == [] # output: [5]

RESPONSE:
{
    "reasoning": "The implementation failed the test case where no subarray fulfills the condition",
    "success": false,
    "critique": "The issue in the implementation is due to the use of >= instead of > in the condition to update the result. Because of this, it returns a subarray even when the sum is greater than the target, as it still updates the result when the current subarray length is equal to the previous longest subarray length. To overcome this error, we should change the condition to only update the result when the current subarray length is strictly greater than the previous longest subarray length. This can be done by replacing >= with > in the condition."
}


Example 2:
[function impl]:
```python
def longest_subarray_with_sum_limit(nums: List[int], target: int) -> List[int]:
    n = len(nums)
    left, right = 0, 0
    max_length = 0
    current_sum = 0
    result = []
    while current_sum + nums[right] <= target:
        current_sum += nums[right]
        right += 1
    while right < n:
        current_sum += nums[right]
        while current_sum > target:
            current_sum -= nums[left]
            left += 1
        if right - left + 1 > max_length:
            max_length = right - left + 1
            result = nums[left:right+1]
        right += 1
    return result
```
[unit test results]:
Tests passing:
assert longest_subarray_with_sum_limit([], 10) == []
assert longest_subarray_with_sum_limit([], 0) == []
assert longest_subarray_with_sum_limit([], -5) == []
Tests failing:
assert longest_subarray_with_sum_limit([1, 2, 3, 4, 5], 8) == [1, 2, 3] # output: list index out of range
assert longest_subarray_with_sum_limit([1, 2, 3, 4, 5], 15) == [1, 2, 3, 4, 5] # output: list index out of range
assert longest_subarray_with_sum_limit([5, 6, 7, 8, 9], 4) == [] # output: list index out of range
assert longest_subarray_with_sum_limit([1, -1, 2, -2, 3, -3], 2) == [1, -1, 2, -2, 3] # output: list index out of range

RESPONSE:
{
    "reason": "The implementation failed 4 out of the 7 test cases due to an IndexError.",
    "success": false,
    "critique": "The issue stems from the while loop while current_sum + nums[right] <= target:, which directly accesses nums[right] without checking if right is within the bounds of the list. This results in a runtime error when right goes beyond the list length. To overcome this error, we need to add a bounds check for the right variable in the mentioned while loop. We can modify the loop condition to while right < len(nums) and current_sum + nums[right] <= target:. This change will ensure that we only access elements within the bounds of the list, thus avoiding the IndexError."
}


END OF EXAMPLES

INFO - [Task id] 24 [prompt] [Task]:
Write a Python function that takes a string and returns a dictionary with each character as the key and the number of times it appears in the string as the value.
[Context]: 
 Rough plan to accomplish the task (can be wrong): 
Answer: To accomplish the task of counting the occurrences of each character in a string and returning a dictionary, you can follow these conceptual steps:

1. **Define a Function**: Start by defining a function that takes a string as an argument.

2. **Initialize a Dictionary**: Create an empty dictionary to store the characters as keys and their counts as values.

3. **Iterate Over the String**: Use a loop to go through each character in the string.

4. **Count Characters**: For each character, check if it is already a key in the dictionary:
   - If it is, increment its value (the count).
   - If it is not, add it to the dictionary with a value of 1.

5. **Return the Dictionary**: After processing all characters, return the dictionary containing the counts.

Here is a simple implementation of the above steps in Python:

```python
def count_characters(input_string):
    char_count = {}
    for char in input_string:
        if char in char_count:
            char_count[char] += 1
        else:
            char_count[char] = 1
    return char_count
```

This function will take a string, count the occurrences of each character, and return a dictionary with the results.


[function impl]:


def count_characters(input_string):
    char_count = {}
    for char in input_string:
        if (char in char_count):
            char_count[char] += 1
        else:
            char_count[char] = 1
    return char_count

[unit test results]:
Tests passed:
assert count_characters('hello') == {'h': 1, 'e': 1, 'l': 2, 'o': 1}
assert count_characters('aabbcc') == {'a': 2, 'b': 2, 'c': 2}
assert count_characters('') == {}

Tests failed:
None

INFO - [Task id] 24 [generation text] 
INFO - {
    "reasoning": "The implementation successfully counts the occurrences of each character in the string and returns the expected dictionary, as all unit tests passed without any failures.",
    "success": true,
    "critique": "Great job! Your implementation meets the task requirements perfectly. You might consider adding type hints to your function signature for better clarity, like this: def count_characters(input_string: str) -> dict."
}
INFO - {
    "reasoning": "The implementation successfully counts the occurrences of each character in the string and returns the expected dictionary, as all unit tests passed without any failures.",
    "success": true,
    "critique": "Great job! Your implementation meets the task requirements perfectly. You might consider adding type hints to your function signature for better clarity, like this: def count_characters(input_string: str) -> dict."
}
INFO - [task_id]: 24 [Result]: True
INFO - LM call n parse attempt 1 / 3

INFO - [Task id] 24 [prompt] 
You are a helpful assistant that writes a description of the given function written in the Python programming language.

1) Do not mention the function name.
2) Do not mention anything about helper functions.
3) There might be some helper functions before the main function, but you only need to describe the main function.
4) Try to summarize the function in no more than 6 sentences.
5) Your response should be a single line of text.

INFO - [Task id] 24 [prompt] 

def count_characters(input_string):
    char_count = {}
    for char in input_string:
        if (char in char_count):
            char_count[char] += 1
        else:
            char_count[char] = 1
    return char_count


The main function is `count_characters`.
INFO - [Task id] 24 [generation text] This function takes a string as input and counts the occurrences of each character within that string. It initializes an empty dictionary to store the character counts. As it iterates through each character in the input string, it updates the count for each character in the dictionary. If a character is already present in the dictionary, its count is incremented; otherwise, it is added with a count of one. Finally, the function returns the dictionary containing the character counts. This allows users to easily see how many times each character appears in the input string.
INFO - Num Completed Tasks: 23, Num Failed Tasks: 2
