INFO - DB skill doc count: 31

INFO - [train iter]: 34/100 

INFO - LM call n parse attempt 1 / 3

INFO - [Task id] 34 [prompt] 
You are a helpful assistant that asks questions to help me decide the next immediate task to do for Python programming.
My ultimate goal is to solve as many diverse problems as possible and become the best programmer in the world.

I will give you the following information:
Completed tasks so far: ...
Failed tasks that are too hard: ...

You must follow the following criteria:
1) You should ask at least 5 questions (but no more than 10 questions) to help me decide the next immediate task to do. Each question should be followed by the concept that the question is about.
2) Your question should be specific to a concept in Python programming.
  Bad example (the question is too general):
    Question: What is the best way to program in Python?
    Concept: unknown
  Good example:
    Question: How do you reverse a list?
    Concept: list
3) Your questions should be self-contained and not require any context.

Respond in JSON, and follow the keys and expected format of the values strictly.


Response format:
The output should be formatted as a JSON instance that conforms to the JSON schema below.

As an example, for the schema {"properties": {"foo": {"title": "Foo", "description": "a list of strings", "type": "array", "items": {"type": "string"}}}, "required": ["foo"]}
the object {"foo": ["bar", "baz"]} is a well-formatted instance of the schema. The object {"properties": {"foo": ["bar", "baz"]}} is not well-formatted.

Here is the output schema:
```
{"$defs": {"QuestionConcept": {"properties": {"question": {"description": "A question related to Python programming, to help me brainstorm the next immediate task to do", "title": "Question", "type": "string"}, "concept": {"description": "The Python programming concept associated with the question above", "title": "Concept", "type": "string"}}, "required": ["question", "concept"], "title": "QuestionConcept", "type": "object"}}, "properties": {"reasoning": {"description": "Reason out, step-by-step, why you picked these questions and concepts", "title": "Reasoning", "type": "string"}, "question_concept_list": {"description": "list of questions and their associated concepts", "items": {"$ref": "#/$defs/QuestionConcept"}, "title": "Question Concept List", "type": "array"}}, "required": ["reasoning", "question_concept_list"]}
```


INFO - [Task id] 34 [prompt] Completed tasks so far (do not give me these tasks again!): 
	Write a Python function that takes a list of integers and returns a list of unique integers from that list.
	Write a Python function that takes a list of integers and returns a dictionary with the integers as keys and their counts as values.
	Write a Python function that takes two lists of integers and returns a list of integers that are present in both lists (the intersection).
	Write a Python function that takes a list of integers and returns a list of integers that are unique (appear only once) in the list.
	Write a Python function that takes a list of integers and returns a list of integers that are duplicates (appear more than once) in the list.
	Write a Python function that takes a list of integers and returns the second largest integer in the list. If the list has fewer than two unique integers, return None.
	Write a Python function that takes a list of integers and returns a new list containing only the even integers from the original list.
	Write a Python function that takes a list of integers and returns a list of integers that are greater than a given threshold value.
	Write a Python function that takes a string and returns the number of vowels in that string.
	Write a Python function that takes a string and returns a set of unique characters in that string.
	Write a Python function that takes a string and returns True if it is a palindrome (reads the same forwards and backwards), and False otherwise.
	Write a Python function that takes a string and returns a new string containing only the digits from the original string.
	Write a Python function that takes a list of strings and returns a new list containing only the strings that have a length greater than a specified threshold.
	Write a Python function that takes a list of strings and returns a new list of those strings sorted by their length in descending order.
	Write a Python function that takes a list of strings and returns a new list containing the lengths of each string in the original list.
	Write a Python function that takes a string and returns a new string with all the vowels removed.
	Write a Python function that takes a string and returns the number of distinct characters in that string.
	Write a Python function that takes two dictionaries and merges them. If there are duplicate keys, the values from the second dictionary should overwrite those from the first.
	Write a Python function that takes a string and returns a new string where each character is repeated twice.
	Write a Python function that takes a list of integers and returns a list of integers that are present in the list but not in a given set of excluded integers.
	Write a Python function that takes a list of integers and returns a new list containing only the integers that are multiples of a given number.
	Write a Python function that takes a tuple of integers and returns a new tuple containing only the even integers from the original tuple.
	Write a Python function that takes a string and returns a dictionary with each character as the key and the number of times it appears in the string as the value.
	Write a Python function that takes a list of integers and returns a dictionary where the keys are the integers from the list and the values are the number of times each integer appears in the list.
	Write a Python function that takes a list of strings and returns a dictionary where the keys are the strings and the values are the lengths of those strings.
	Write a Python function that takes a list of dictionaries, each representing a person with a 'name' and 'age', and returns a dictionary where the keys are the names and the values are the ages of the people.
	Write a Python function that takes a dictionary and a threshold value, and returns a new dictionary containing only the items where the value exceeds the threshold.
	Write a Python function that takes a list of tuples, where each tuple contains a key-value pair, and returns a dictionary constructed from those tuples.
	Write a Python function that takes a string and returns a list of all the unique characters in that string, preserving their order of first appearance.
	Write a Python function that takes two strings and returns True if they are anagrams of each other (contain the same characters in a different order), and False otherwise.
	Write a Python function that takes a list of integers and returns a set containing the squares of those integers.

Failed tasks that are too hard: 
	Write a Python function that takes a dictionary and returns a new dictionary with the keys and values swapped. If there are duplicate values, keep only one of the keys.
	Write a Python function that takes a dictionary and returns a new dictionary containing only the items where the value is greater than a specified threshold.
	Write a Python function that takes a string and returns a dictionary with each character as the key and the number of times it appears in the string as the value, but only for characters that appear more than once.


INFO - [Task id] 34 [generation text] 
INFO - {
    "reasoning": "I selected these questions to cover a variety of Python concepts that you haven't tackled yet, including file handling, error handling, and working with classes. These concepts will help you expand your skills and tackle more complex problems in Python programming.",
    "question_concept_list": [
        {
            "question": "How do you read a file in Python and print its contents?",
            "concept": "file handling"
        },
        {
            "question": "How do you write to a file in Python?",
            "concept": "file handling"
        },
        {
            "question": "What is exception handling in Python and how do you use try and except?",
            "concept": "error handling"
        },
        {
            "question": "How do you create a class in Python and instantiate an object from it?",
            "concept": "object-oriented programming"
        },
        {
            "question": "How do you implement inheritance in Python?",
            "concept": "object-oriented programming"
        }
    ]
}
INFO - {
    "reasoning": "I selected these questions to cover a variety of Python concepts that you haven't tackled yet, including file handling, error handling, and working with classes. These concepts will help you expand your skills and tackle more complex problems in Python programming.",
    "question_concept_list": [
        {
            "question": "How do you read a file in Python and print its contents?",
            "concept": "file handling"
        },
        {
            "question": "How do you write to a file in Python?",
            "concept": "file handling"
        },
        {
            "question": "What is exception handling in Python and how do you use try and except?",
            "concept": "error handling"
        },
        {
            "question": "How do you create a class in Python and instantiate an object from it?",
            "concept": "object-oriented programming"
        },
        {
            "question": "How do you implement inheritance in Python?",
            "concept": "object-oriented programming"
        }
    ]
}
INFO - LM call n parse attempt 1 / 3

INFO - [Task id] 34 [prompt] 
You are a helpful assistant that answer my question about Python programming.

I will give you the following information:
Question: ...

You will answer the question based on the context (only if available and helpful) and your own knowledge of Python programming.
1) Start your answer with "Answer: ".
2) Answer "Answer: Unknown" if you don't know the answer.

INFO - [Task id] 34 [prompt] Question: How do you write to a file in Python?
INFO - [Task id] 34 [generation text] Answer: To write to a file in Python, you can use the built-in `open()` function along with the `write()` method. Here’s a simple example:

```python
# Open a file in write mode ('w')
with open('example.txt', 'w') as file:
    # Write a string to the file
    file.write('Hello, world!\n')
    file.write('This is a second line.\n')
```

In this example, the `with` statement is used to open the file, which ensures that the file is properly closed after its suite finishes, even if an error is raised. The `'w'` mode opens the file for writing, and if the file already exists, it will be overwritten. If you want to append to the file instead of overwriting it, you can use the `'a'` mode:

```python
# Open a file in append mode ('a')
with open('example.txt', 'a') as file:
    file.write('This line will be appended.\n')
```

This will add the new line to the end of the file without deleting the existing content.
INFO - LM call n parse attempt 1 / 3

INFO - [Task id] 34 [prompt] 
You are a helpful assistant that answer my question about Python programming.

I will give you the following information:
Question: ...

You will answer the question based on the context (only if available and helpful) and your own knowledge of Python programming.
1) Start your answer with "Answer: ".
2) Answer "Answer: Unknown" if you don't know the answer.

INFO - [Task id] 34 [prompt] Question: How do you implement inheritance in Python?
INFO - [Task id] 34 [generation text] Answer: In Python, inheritance is implemented by defining a new class that derives from an existing class. The new class is called the child class (or subclass), and the existing class is called the parent class (or superclass). You can specify the parent class in parentheses when defining the child class.

Here is a simple example:

```python
# Parent class
class Animal:
    def speak(self):
        return "Animal speaks"

# Child class
class Dog(Animal):
    def bark(self):
        return "Woof!"

# Creating an instance of the Dog class
my_dog = Dog()

# Calling methods from both the child and parent classes
print(my_dog.speak())  # Output: Animal speaks
print(my_dog.bark())   # Output: Woof!
```

In this example, the `Dog` class inherits from the `Animal` class, allowing it to use the `speak` method defined in the parent class while also having its own method `bark`.
INFO - LM call n parse attempt 1 / 5

INFO - [Task id] 34 [prompt] 
You are a helpful assistant that tells me the next immediate task (in the form of a function) to do for Python programming. 
My ultimate goal is to solve as many diverse problems as possible and become the best programmer in the world.

I will give you the following information:
Question 1: ...
Answer: ...
Question 2: ...
Answer: ...
Question 3: ...
Answer: ...
...
Completed tasks so far: ...
Failed tasks that are too hard: ...

You must follow the following criteria:
1) You should act as a mentor and guide me to the next task based on my current learning progress. As a rule of thumb, guide me through beginner problems, followed by interview level problems, followed by competitive programming problems. The latter 2 levels can involve concepts from data structures and algorithms.
2) Please be very specific about what skills I need to learn.
3) Do not propose multiple tasks at the same time. Do not mention anything else.
4) The next task should not be too hard since I may not have learned enough skills to complete it yet.
5) The next task should be novel and interesting. I should look for problems which I have not solved yet. I should not be doing the same thing over and over again.
6) The task should involve writing a main Python function that at most use basic libraries (try not to import too many or too advanced modules)
7) Do not give tasks that require file operations (create, read, update, delete) or an internet connection.
8) I am only allowed to write Python functions, so do not require me to write other things (e.g. objects). 
9) Requiring me to write a function that takes in an object and uses object methods is still ok, but I cannot define the objects myself. You must provide the objects as input to my function in the assert statement.

Take note of these in your response:
1) Give an expected function name for the task.
2) Give a tuple of 3 assert statements that tests the function's correctness in the "test_tuple" field. This must strictly contain single-line assert statements only; any setup code for the test must be filled in the "test_setup_code" field.
3) The function name which you gave must be called in the assert statements. 

Respond in JSON, and follow the keys and expected format of the values strictly.


Response format:
The output should be formatted as a JSON instance that conforms to the JSON schema below.

As an example, for the schema {"properties": {"foo": {"title": "Foo", "description": "a list of strings", "type": "array", "items": {"type": "string"}}}, "required": ["foo"]}
the object {"foo": ["bar", "baz"]} is a well-formatted instance of the schema. The object {"properties": {"foo": ["bar", "baz"]}} is not well-formatted.

Here is the output schema:
```
{"properties": {"reasoning": {"description": "Based on the information listed above, reason about what the next task should be.", "title": "Reasoning", "type": "string"}, "task": {"description": "The next task, which requires me to write a single function. Be sure to state the expected data structure for inputs and outputs.", "title": "Task", "type": "string"}, "gt_fn_name": {"description": "The expected name for the single function for the task", "title": "Gt Fn Name", "type": "string"}, "test_setup_code": {"description": "setup code, if required. This will be run just before the assert statements are executed.", "title": "Test Setup Code", "type": "string"}, "test_tuple": {"description": "Tuple of 3 SINGLE-LINE test cases that starts with 'assert' to test the function's correctness.Any extra required code should be written in the test_setup_code field.", "items": {"type": "string"}, "maxItems": 3, "minItems": 3, "prefixItems": [{"type": "string"}, {"type": "string"}, {"type": "string"}], "title": "Test Tuple", "type": "array"}}, "required": ["reasoning", "task", "gt_fn_name", "test_setup_code", "test_tuple"]}
```


INFO - [Task id] 34 [prompt] 
Here's an example response:
{
    "reasoning": "The student has shown proficiency in basic Python syntax and list manipulation, but struggles with problems involving more complex algorithms and data structures. This task will help them practice using sets or dictionaries for efficient lookups, and understand the concept of algorithmic complexity.",
    "task": "Write a Python function that takes a list of integers and returns the tuple of two numbers that sum up to zero. If no such pair exists, return None.",
    "gt_fn_name": "find_zero_sum",
    "test_setup_code": "",
    "test_tuple": [
        "assert find_zero_sum([1, 2, 3, -2, -1]) == (2, -2)",
        "assert find_zero_sum([1, 2, 3, 4, 5]) == None",
        "assert find_zero_sum([1, 4, 3, -4, -1]) == (4, -4)"
    ]
}

INFO - [Task id] 34 [prompt] Question 1: How do you read a text file in Python and print its contents?
Answer: To read a text file in Python and print its contents, you can use the built-in `open()` function along with a `for` loop or the `read()` method. Here are two common methods:

1. Using a `for` loop to read line by line:

```python
with open('filename.txt', 'r') as file:
    for line in file:
        print(line, end='')  # end='' prevents adding extra newlines
```

2. Using the `read()` method to read the entire file at once:

```python
with open('filename.txt', 'r') as file:
    contents = file.read()
    print(contents)
```

In both examples, replace `'filename.txt'` with the path to your text file. The `with` statement is used to ensure that the file is properly closed after its suite finishes, even if an error is raised.

Question 2: How do you write to a file in Python?
Answer: To write to a file in Python, you can use the built-in `open()` function along with the `write()` method. Here’s a simple example:

```python
# Open a file in write mode ('w')
with open('example.txt', 'w') as file:
    # Write a string to the file
    file.write('Hello, world!\n')
    file.write('This is a second line.\n')
```

In this example, the `with` statement is used to open the file, which ensures that the file is properly closed after its suite finishes, even if an error is raised. The `'w'` mode opens the file for writing, and if the file already exists, it will be overwritten. If you want to append to the file instead of overwriting it, you can use the `'a'` mode:

```python
# Open a file in append mode ('a')
with open('example.txt', 'a') as file:
    file.write('This line will be appended.\n')
```

This will add the new line to the end of the file without deleting the existing content.

Question 3: What is exception handling in Python, and how do you use try and except?
Answer: Exception handling in Python is a mechanism that allows you to manage errors and exceptions that may occur during the execution of a program. It helps to prevent the program from crashing and allows you to respond to errors gracefully.

In Python, you can use the `try` and `except` blocks to handle exceptions. The code that may raise an exception is placed inside the `try` block, and the code that handles the exception is placed inside the `except` block. Here’s a basic example:

```python
try:
    # Code that may raise an exception
    result = 10 / 0  # This will raise a ZeroDivisionError
except ZeroDivisionError:
    # Code that runs if a ZeroDivisionError occurs
    print("You cannot divide by zero!")
```

In this example, the code attempts to divide 10 by 0, which raises a `ZeroDivisionError`. The `except` block catches this specific exception and prints a message instead of allowing the program to crash.

You can also catch multiple exceptions or use a general exception handler:

```python
try:
    # Some code that may raise different exceptions
    value = int(input("Enter a number: "))
    result = 10 / value
except ZeroDivisionError:
    print("You cannot divide by zero!")
except ValueError:
    print("That's not a valid number!")
except Exception as e:
    print(f"An unexpected error occurred: {e}")
```

In this example, the program handles both `ZeroDivisionError` and `ValueError`, and it also includes a general exception handler for any other unexpected errors.

Question 4: How do you create a class in Python and instantiate an object from it?
Answer: To create a class in Python, you use the `class` keyword followed by the class name and a colon. Inside the class, you can define methods and attributes. To instantiate an object from the class, you simply call the class as if it were a function.

Here is an example:

```python
# Define a class
class Dog:
    def __init__(self, name, age):
        self.name = name  # Instance variable for the dog's name
        self.age = age    # Instance variable for the dog's age

    def bark(self):
        return f"{self.name} says woof!"

# Instantiate an object from the class
my_dog = Dog("Buddy", 3)

# Accessing attributes and methods
print(my_dog.name)  # Output: Buddy
print(my_dog.age)   # Output: 3
print(my_dog.bark())  # Output: Buddy says woof!
```

In this example, we created a `Dog` class with an initializer method (`__init__`) to set the name and age of the dog. We then created an instance of `Dog` called `my_dog` and accessed its attributes and methods.

Question 5: How do you implement inheritance in Python?
Answer: In Python, inheritance is implemented by defining a new class that derives from an existing class. The new class is called the child class (or subclass), and the existing class is called the parent class (or superclass). You can specify the parent class in parentheses when defining the child class.

Here is a simple example:

```python
# Parent class
class Animal:
    def speak(self):
        return "Animal speaks"

# Child class
class Dog(Animal):
    def bark(self):
        return "Woof!"

# Creating an instance of the Dog class
my_dog = Dog()

# Calling methods from both the child and parent classes
print(my_dog.speak())  # Output: Animal speaks
print(my_dog.bark())   # Output: Woof!
```

In this example, the `Dog` class inherits from the `Animal` class, allowing it to use the `speak` method defined in the parent class while also having its own method `bark`.

Completed tasks so far (do not give me these tasks again!): 
	Write a Python function that takes a list of integers and returns a list of unique integers from that list.
	Write a Python function that takes a list of integers and returns a dictionary with the integers as keys and their counts as values.
	Write a Python function that takes two lists of integers and returns a list of integers that are present in both lists (the intersection).
	Write a Python function that takes a list of integers and returns a list of integers that are unique (appear only once) in the list.
	Write a Python function that takes a list of integers and returns a list of integers that are duplicates (appear more than once) in the list.
	Write a Python function that takes a list of integers and returns the second largest integer in the list. If the list has fewer than two unique integers, return None.
	Write a Python function that takes a list of integers and returns a new list containing only the even integers from the original list.
	Write a Python function that takes a list of integers and returns a list of integers that are greater than a given threshold value.
	Write a Python function that takes a string and returns the number of vowels in that string.
	Write a Python function that takes a string and returns a set of unique characters in that string.
	Write a Python function that takes a string and returns True if it is a palindrome (reads the same forwards and backwards), and False otherwise.
	Write a Python function that takes a string and returns a new string containing only the digits from the original string.
	Write a Python function that takes a list of strings and returns a new list containing only the strings that have a length greater than a specified threshold.
	Write a Python function that takes a list of strings and returns a new list of those strings sorted by their length in descending order.
	Write a Python function that takes a list of strings and returns a new list containing the lengths of each string in the original list.
	Write a Python function that takes a string and returns a new string with all the vowels removed.
	Write a Python function that takes a string and returns the number of distinct characters in that string.
	Write a Python function that takes two dictionaries and merges them. If there are duplicate keys, the values from the second dictionary should overwrite those from the first.
	Write a Python function that takes a string and returns a new string where each character is repeated twice.
	Write a Python function that takes a list of integers and returns a list of integers that are present in the list but not in a given set of excluded integers.
	Write a Python function that takes a list of integers and returns a new list containing only the integers that are multiples of a given number.
	Write a Python function that takes a tuple of integers and returns a new tuple containing only the even integers from the original tuple.
	Write a Python function that takes a string and returns a dictionary with each character as the key and the number of times it appears in the string as the value.
	Write a Python function that takes a list of integers and returns a dictionary where the keys are the integers from the list and the values are the number of times each integer appears in the list.
	Write a Python function that takes a list of strings and returns a dictionary where the keys are the strings and the values are the lengths of those strings.
	Write a Python function that takes a list of dictionaries, each representing a person with a 'name' and 'age', and returns a dictionary where the keys are the names and the values are the ages of the people.
	Write a Python function that takes a dictionary and a threshold value, and returns a new dictionary containing only the items where the value exceeds the threshold.
	Write a Python function that takes a list of tuples, where each tuple contains a key-value pair, and returns a dictionary constructed from those tuples.
	Write a Python function that takes a string and returns a list of all the unique characters in that string, preserving their order of first appearance.
	Write a Python function that takes two strings and returns True if they are anagrams of each other (contain the same characters in a different order), and False otherwise.
	Write a Python function that takes a list of integers and returns a set containing the squares of those integers.

Failed tasks that are too hard: 
	Write a Python function that takes a dictionary and returns a new dictionary with the keys and values swapped. If there are duplicate values, keep only one of the keys.
	Write a Python function that takes a dictionary and returns a new dictionary containing only the items where the value is greater than a specified threshold.
	Write a Python function that takes a string and returns a dictionary with each character as the key and the number of times it appears in the string as the value, but only for characters that appear more than once.


INFO - [Task id] 34 [generation text] 
INFO - {
    "reasoning": "The student has demonstrated a solid understanding of basic Python concepts, including functions, lists, strings, and dictionaries. The next task should introduce a new concept that involves working with sets, which will help them understand how to handle collections of unique items and perform operations like unions and intersections. This task will also reinforce their skills in function writing and testing.",
    "task": "Write a Python function that takes two sets and returns their union (all unique elements from both sets).",
    "gt_fn_name": "union_of_sets",
    "test_setup_code": "",
    "test_tuple": [
        "assert union_of_sets({1, 2, 3}, {3, 4, 5}) == {1, 2, 3, 4, 5}",
        "assert union_of_sets({1, 2}, {2, 3}) == {1, 2, 3}",
        "assert union_of_sets(set(), {1, 2, 3}) == {1, 2, 3}"
    ]
}
INFO - {
    "reasoning": "The student has demonstrated a solid understanding of basic Python concepts, including functions, lists, strings, and dictionaries. The next task should introduce a new concept that involves working with sets, which will help them understand how to handle collections of unique items and perform operations like unions and intersections. This task will also reinforce their skills in function writing and testing.",
    "task": "Write a Python function that takes two sets and returns their union (all unique elements from both sets).",
    "gt_fn_name": "union_of_sets",
    "test_setup_code": "",
    "test_tuple": [
        "assert union_of_sets({1, 2, 3}, {3, 4, 5}) == {1, 2, 3, 4, 5}",
        "assert union_of_sets({1, 2}, {2, 3}) == {1, 2, 3}",
        "assert union_of_sets(set(), {1, 2, 3}) == {1, 2, 3}"
    ]
}
INFO - The task prompt is Write a Python function that takes two sets and returns their union (all unique elements from both sets).
You must strictly follow the function name: union_of_sets

INFO - LM call n parse attempt 1 / 3

INFO - [Task id] 34 [prompt] 
You are a helpful assistant that answer my question about Python programming.

I will give you the following information:
Question: ...

You will answer the question based on the context (only if available and helpful) and your own knowledge of Python programming.
1) Start your answer with "Answer: ".
2) Answer "Answer: Unknown" if you don't know the answer.

INFO - [Task id] 34 [prompt] Question: Explain at a conceptual level, how to accomplish the below task in Python programming?
Write a Python function that takes two sets and returns their union (all unique elements from both sets).
INFO - [Task id] 34 [generation text] Answer: To accomplish the task of writing a Python function that takes two sets and returns their union, you can follow these conceptual steps:

1. **Define the Function**: Start by defining a function that accepts two parameters, which will represent the two sets.

2. **Use the Union Operation**: In Python, sets have a built-in method called `.union()` that can be used to combine two sets. Alternatively, you can use the `|` operator to achieve the same result.

3. **Return the Result**: After performing the union operation, return the resulting set.

Here is a conceptual outline of the function:

```python
def union_of_sets(set1, set2):
    # Use the union method or the | operator to combine the sets
    result = set1.union(set2)  # or result = set1 | set2
    return result
```

In this function:
- `set1` and `set2` are the input sets.
- The union operation combines all unique elements from both sets.
- The result is returned to the caller.

This approach ensures that you get a new set containing all unique elements from both input sets.
INFO - Attempting task_id 34
INFO - [35m Rollout attempt 1/4[0m
INFO - [33m Retrieving 5 entries for db: skill 
 [0m
INFO - [33m merge_dictionaries, find_intersection, find_second_largest, unique_characters, are_anagrams[0m
INFO - LM call n parse attempt 1 / 3

INFO - [Task id] 34 [prompt] You are a helpful assistant that writes python code to solve a task specified by me.

Here are some useful functions written earlier which you can reuse or reference.


[Entry]:


    def merge_dictionaries(dict1, dict2):
        merged_dict = {**dict1, **dict2}
        return merged_dict

[/Entry]

[Entry]:


    def find_intersection(list1, list2):
        set1 = set(list1)
        intersection_set = set()
        for item in list2:
            if (item in set1):
                intersection_set.add(item)
        return list(intersection_set)

[/Entry]

[Entry]:


    def find_second_largest(numbers):
        unique_numbers = set(numbers)
        if (len(unique_numbers) < 2):
            return None
        sorted_numbers = sorted(unique_numbers, reverse=True)
        return sorted_numbers[1]

[/Entry]

[Entry]:


    def unique_characters(input_string):
        unique_chars = set()
        for char in input_string:
            unique_chars.add(char)
        return unique_chars

[/Entry]

[Entry]:


    def are_anagrams(str1, str2):
        str1 = ''.join((char.lower() for char in str1 if char.isalnum()))
        str2 = ''.join((char.lower() for char in str2 if char.isalnum()))
        return (sorted(str1) == sorted(str2))

[/Entry]






At each round of conversation, I will give you
[Environment feedback] (after executing code) ...
[Code from the last round] ...
[Task] ...
[Context] ...
[Critique] ...

You should then respond to me with
Explain (if applicable): Are there any steps missing in your plan? Why does the code not complete the task? What does the chat log and execution error imply?
Plan: How to complete the task step by step. 
Code:
    1) Reuse or reference the above useful programs if necessary.
    2) Your function will be reused for building more complex functions. Therefore, you should make it generic and reusable. 
    3) Functions in the "Code from the last round" section will not be saved or executed. Do not reuse functions listed there.
    4) Anything defined outside a function will be ignored, define all your variables inside your functions.
    5) Do not write infinite loops.
    6) If the task specifies a function name to be used, follow it strictly (be case sensitive!). Else, name your function in a meaningful way (can infer the task from the name).
    7) Your code should only contain elements that solve the task, so DO NOT write any assert statements / tests
    8) The context in the [Context] tag serves as a casual tip (which can be wrong) to help you on the task, but your priority is to follow instructions in the [Task] tag.

You should only respond in the format as described below:
RESPONSE FORMAT:

Explain: ...
Plan:
1) ...
2) ...
3) ...
...
Code:
```python
# helper functions (only if needed, try to avoid them)
...
# main function after the helper functions
def yourMainFunctionName(args):
  # ...

```


INFO - [Task id] 34 [prompt] [Environment feedback]
None

[Code from the last round]
No code in the first round

[Task]
Write a Python function that takes two sets and returns their union (all unique elements from both sets).
You must strictly follow the function name: union_of_sets

[Context]
Rough plan to accomplish the task (can be wrong): 
Answer: To accomplish the task of writing a Python function that takes two sets and returns their union, you can follow these conceptual steps:

1. **Define the Function**: Start by defining a function that accepts two parameters, which will represent the two sets.

2. **Use the Union Operation**: In Python, sets have a built-in method called `.union()` that can be used to combine two sets. Alternatively, you can use the `|` operator to achieve the same result.

3. **Return the Result**: After performing the union operation, return the resulting set.

Here is a conceptual outline of the function:

```python
def union_of_sets(set1, set2):
    # Use the union method or the | operator to combine the sets
    result = set1.union(set2)  # or result = set1 | set2
    return result
```

In this function:
- `set1` and `set2` are the input sets.
- The union operation combines all unique elements from both sets.
- The result is returned to the caller.

This approach ensures that you get a new set containing all unique elements from both input sets.


[Critique]
None


INFO - [Task id] 34 [generation text] Explain: The provided plan is clear and correctly outlines the steps needed to implement the function that computes the union of two sets. The use of the built-in set methods or operators is appropriate for this task.

Plan:
1) Define the function `union_of_sets` that takes two parameters representing the sets.
2) Use the `.union()` method or the `|` operator to compute the union of the two sets.
3) Return the resulting set.

Code:
```python
def union_of_sets(set1, set2):
    result = set1.union(set2)  # or result = set1 | set2
    return result
```
INFO - program_code:
 

def union_of_sets(set1, set2):
    result = set1.union(set2)
    return result


INFO - program_name:
 union_of_sets

INFO - dependencies:
 []

INFO - raw_msg:
 Explain: The provided plan is clear and correctly outlines the steps needed to implement the function that computes the union of two sets. The use of the built-in set methods or operators is appropriate for this task.

Plan:
1) Define the function `union_of_sets` that takes two parameters representing the sets.
2) Use the `.union()` method or the `|` operator to compute the union of the two sets.
3) Return the resulting set.

Code:
```python
def union_of_sets(set1, set2):
    result = set1.union(set2)  # or result = set1 | set2
    return result
```

INFO - no_parent:
 True

INFO - full code to be executed: 
 

def union_of_sets(set1, set2):
    result = set1.union(set2)
    return result


INFO - obs: Tests passed:
assert union_of_sets({1, 2, 3}, {3, 4, 5}) == {1, 2, 3, 4, 5}
assert union_of_sets({1, 2}, {2, 3}) == {1, 2, 3}
assert union_of_sets(set(), {1, 2, 3}) == {1, 2, 3}

Tests failed:
None
reward: True
done: None
info: {'individual_results': (True, True, True)}
INFO - LM call n parse attempt 1 / 5

INFO - [Task id] 34 [prompt] 
You are a Python programming assistant that assesses my progress of Python programming and provides useful guidance.

I will give you the following information:

[Task]: The objective I need to accomplish.
[Context]: The context of the task. Serves as a casual tip (which can be wrong) to help me on the task, but my priority is to follow instructions in the Task tag.
[function impl]: My function implementation that is intended to complete the task
[unit test results]: The results after executing my function implementation on the unit tests

Your first goal is to use these info to evaluate if I have met the task requirements, and explain why. 
It is possible that the unit test results all pass, but the code does not accomplish the task (eg by failing to accomplish the task in scenarios not covered by the unit tests)
It is also possible that the unit tests are wrong in the first place, though the code accomplishes the task and fails the unit test.

If I have not met the task requirements, write a few sentences to explain why the function implementation is wrong as indicated by the tests. 
You will need this as guidance when you try again later.
Only provide the few sentence description in your answer, not the implementation. 
Suggest how the function implementation can be changed, NOT the test cases (assert statements)

You should only respond in JSON format as described below:
The output should be formatted as a JSON instance that conforms to the JSON schema below.

As an example, for the schema {"properties": {"foo": {"title": "Foo", "description": "a list of strings", "type": "array", "items": {"type": "string"}}}, "required": ["foo"]}
the object {"foo": ["bar", "baz"]} is a well-formatted instance of the schema. The object {"properties": {"foo": ["bar", "baz"]}} is not well-formatted.

Here is the output schema:
```
{"description": "Represents the critique of a task attempt, including reasoning, success status, and suggestions for improvement.\n\nAttributes:\n    reasoning (str): Explanation of why the task was succeeded or failed.\n    success (bool): Indicates whether the task requirements were met.\n    critique (str): Suggestions or critique to help improve future task attempts.", "properties": {"reasoning": {"description": "reason why I have succeeded or failed at the task", "title": "Reasoning", "type": "string"}, "success": {"description": "evaluate if I have met the task requirements", "title": "Success", "type": "boolean"}, "critique": {"description": "critique to help me improve", "title": "Critique", "type": "string"}}, "required": ["reasoning", "success", "critique"]}
```

INFO - [Task id] 34 [prompt] 
Here are some examples:

Example 1:
[function impl]:
```python
def longest_subarray_with_sum_limit(nums: List[int], target: int) -> List[int]:
    n = len(nums)
    left, right = 0, 0
    max_length = 0
    current_sum = 0
    result = []
    while right < n:
        current_sum += nums[right]
        while current_sum > target:
            current_sum -= nums[left]
            left += 1
        if right - left + 1 >= max_length:
            max_length = right - left + 1
            result = nums[left:right+1]
        right += 1
    return result
```
[unit test results]:
Tests passing:
assert longest_subarray_with_sum_limit([1, 2, 3, 4, 5], 8) == [1, 2, 3]
assert longest_subarray_with_sum_limit([1, 2, 3, 4, 5], 15) == [1, 2, 3, 4, 5]
assert longest_subarray_with_sum_limit([1, -1, 2, -2, 3, -3], 2) == [1, -1, 2, -2, 3]
assert longest_subarray_with_sum_limit([], 10) == []
assert longest_subarray_with_sum_limit([], 0) == []
assert longest_subarray_with_sum_limit([], -5) == []  
Tests failing:
assert longest_subarray_with_sum_limit([5, 6, 7, 8, 9], 4) == [] # output: [5]

RESPONSE:
{
    "reasoning": "The implementation failed the test case where no subarray fulfills the condition",
    "success": false,
    "critique": "The issue in the implementation is due to the use of >= instead of > in the condition to update the result. Because of this, it returns a subarray even when the sum is greater than the target, as it still updates the result when the current subarray length is equal to the previous longest subarray length. To overcome this error, we should change the condition to only update the result when the current subarray length is strictly greater than the previous longest subarray length. This can be done by replacing >= with > in the condition."
}


Example 2:
[function impl]:
```python
def longest_subarray_with_sum_limit(nums: List[int], target: int) -> List[int]:
    n = len(nums)
    left, right = 0, 0
    max_length = 0
    current_sum = 0
    result = []
    while current_sum + nums[right] <= target:
        current_sum += nums[right]
        right += 1
    while right < n:
        current_sum += nums[right]
        while current_sum > target:
            current_sum -= nums[left]
            left += 1
        if right - left + 1 > max_length:
            max_length = right - left + 1
            result = nums[left:right+1]
        right += 1
    return result
```
[unit test results]:
Tests passing:
assert longest_subarray_with_sum_limit([], 10) == []
assert longest_subarray_with_sum_limit([], 0) == []
assert longest_subarray_with_sum_limit([], -5) == []
Tests failing:
assert longest_subarray_with_sum_limit([1, 2, 3, 4, 5], 8) == [1, 2, 3] # output: list index out of range
assert longest_subarray_with_sum_limit([1, 2, 3, 4, 5], 15) == [1, 2, 3, 4, 5] # output: list index out of range
assert longest_subarray_with_sum_limit([5, 6, 7, 8, 9], 4) == [] # output: list index out of range
assert longest_subarray_with_sum_limit([1, -1, 2, -2, 3, -3], 2) == [1, -1, 2, -2, 3] # output: list index out of range

RESPONSE:
{
    "reason": "The implementation failed 4 out of the 7 test cases due to an IndexError.",
    "success": false,
    "critique": "The issue stems from the while loop while current_sum + nums[right] <= target:, which directly accesses nums[right] without checking if right is within the bounds of the list. This results in a runtime error when right goes beyond the list length. To overcome this error, we need to add a bounds check for the right variable in the mentioned while loop. We can modify the loop condition to while right < len(nums) and current_sum + nums[right] <= target:. This change will ensure that we only access elements within the bounds of the list, thus avoiding the IndexError."
}


END OF EXAMPLES

INFO - [Task id] 34 [prompt] [Task]:
Write a Python function that takes two sets and returns their union (all unique elements from both sets).
[Context]: 
 Rough plan to accomplish the task (can be wrong): 
Answer: To accomplish the task of writing a Python function that takes two sets and returns their union, you can follow these conceptual steps:

1. **Define the Function**: Start by defining a function that accepts two parameters, which will represent the two sets.

2. **Use the Union Operation**: In Python, sets have a built-in method called `.union()` that can be used to combine two sets. Alternatively, you can use the `|` operator to achieve the same result.

3. **Return the Result**: After performing the union operation, return the resulting set.

Here is a conceptual outline of the function:

```python
def union_of_sets(set1, set2):
    # Use the union method or the | operator to combine the sets
    result = set1.union(set2)  # or result = set1 | set2
    return result
```

In this function:
- `set1` and `set2` are the input sets.
- The union operation combines all unique elements from both sets.
- The result is returned to the caller.

This approach ensures that you get a new set containing all unique elements from both input sets.


[function impl]:


def union_of_sets(set1, set2):
    result = set1.union(set2)
    return result

[unit test results]:
Tests passed:
assert union_of_sets({1, 2, 3}, {3, 4, 5}) == {1, 2, 3, 4, 5}
assert union_of_sets({1, 2}, {2, 3}) == {1, 2, 3}
assert union_of_sets(set(), {1, 2, 3}) == {1, 2, 3}

Tests failed:
None

INFO - [Task id] 34 [generation text] 
INFO - {
    "reasoning": "The implementation successfully meets the task requirements as it correctly returns the union of two sets, and all unit tests passed without any failures.",
    "success": true,
    "critique": "Great job! Your implementation is correct and efficient. You have effectively used the built-in set union method, which is the right approach for this task."
}
INFO - {
    "reasoning": "The implementation successfully meets the task requirements as it correctly returns the union of two sets, and all unit tests passed without any failures.",
    "success": true,
    "critique": "Great job! Your implementation is correct and efficient. You have effectively used the built-in set union method, which is the right approach for this task."
}
INFO - [task_id]: 34 [Result]: True
INFO - LM call n parse attempt 1 / 3

INFO - [Task id] 34 [prompt] 
You are a helpful assistant that writes a description of the given function written in the Python programming language.

1) Do not mention the function name.
2) Do not mention anything about helper functions.
3) There might be some helper functions before the main function, but you only need to describe the main function.
4) Try to summarize the function in no more than 6 sentences.
5) Your response should be a single line of text.

INFO - [Task id] 34 [prompt] 

def union_of_sets(set1, set2):
    result = set1.union(set2)
    return result


The main function is `union_of_sets`.
INFO - [Task id] 34 [generation text] This function takes two sets as input and computes their union, which includes all unique elements from both sets. It utilizes the built-in set method to combine the elements efficiently. The resulting set is then returned to the caller. This operation ensures that any duplicate elements present in either set are only included once in the final output. The function is straightforward and leverages Python's set operations for optimal performance. Overall, it provides a simple way to merge two sets into one.
INFO - Num Completed Tasks: 32, Num Failed Tasks: 3
