INFO - DB skill doc count: 48

INFO - [train iter]: 57/100 

INFO - LM call n parse attempt 1 / 3

INFO - [Task id] 57 [prompt] 
You are a helpful assistant that asks questions to help me decide the next immediate task to do for Python programming.
My ultimate goal is to solve as many diverse problems as possible and become the best programmer in the world.

I will give you the following information:
Completed tasks so far: ...
Failed tasks that are too hard: ...

You must follow the following criteria:
1) You should ask at least 5 questions (but no more than 10 questions) to help me decide the next immediate task to do. Each question should be followed by the concept that the question is about.
2) Your question should be specific to a concept in Python programming.
  Bad example (the question is too general):
    Question: What is the best way to program in Python?
    Concept: unknown
  Good example:
    Question: How do you reverse a list?
    Concept: list
3) Your questions should be self-contained and not require any context.

Respond in JSON, and follow the keys and expected format of the values strictly.


Response format:
The output should be formatted as a JSON instance that conforms to the JSON schema below.

As an example, for the schema {"properties": {"foo": {"title": "Foo", "description": "a list of strings", "type": "array", "items": {"type": "string"}}}, "required": ["foo"]}
the object {"foo": ["bar", "baz"]} is a well-formatted instance of the schema. The object {"properties": {"foo": ["bar", "baz"]}} is not well-formatted.

Here is the output schema:
```
{"$defs": {"QuestionConcept": {"properties": {"question": {"description": "A question related to Python programming, to help me brainstorm the next immediate task to do", "title": "Question", "type": "string"}, "concept": {"description": "The Python programming concept associated with the question above", "title": "Concept", "type": "string"}}, "required": ["question", "concept"], "title": "QuestionConcept", "type": "object"}}, "properties": {"reasoning": {"description": "Reason out, step-by-step, why you picked these questions and concepts", "title": "Reasoning", "type": "string"}, "question_concept_list": {"description": "list of questions and their associated concepts", "items": {"$ref": "#/$defs/QuestionConcept"}, "title": "Question Concept List", "type": "array"}}, "required": ["reasoning", "question_concept_list"]}
```


INFO - [Task id] 57 [prompt] Completed tasks so far (do not give me these tasks again!): 
	Write a Python function that takes a list of integers and returns a new list with the squares of all the numbers. The function should not modify the original list.
	Write a Python function that takes a list of integers and returns a new list containing only the unique elements from the original list. The order of elements in the returned list does not matter.
	Write a Python function that takes a list of integers and returns a set containing all the elements that appear more than once in the list.
	Write a Python function that calculates the factorial of a given non-negative integer. The factorial of a non-negative integer n is the product of all positive integers less than or equal to n. It is denoted by n!.
	Write a Python function that takes a string and returns True if the string is a palindrome, and False otherwise. The function should be case-insensitive and ignore all non-alphanumeric characters.
	Write a Python function that takes a dictionary and a key, and returns the value associated with the key. If the key does not exist in the dictionary, the function should return 'Key not found.'
	Write a Python function that takes a list of integers and returns the first recurring character. If there is no recurring character, return None.
	Write a Python function that takes a list of integers and returns a new list with the integers sorted in ascending order using the bubble sort algorithm.
	Write a Python function that takes a string and returns the first non-repeating character in it. If all characters repeat or the string is empty, return None.
	Write a Python function that simulates a producer-consumer scenario using a queue. The function should take a list of integers as input, where each integer represents an item produced. The function should process (consume) each item by simply printing it and then return the number of items consumed. Use a simple list to simulate the queue behavior.
	Write a Python function that takes an integer n and returns the nth Fibonacci number. The Fibonacci sequence is a series of numbers where each number is the sum of the two preceding ones, usually starting with 0 and 1. The function should use recursion to calculate the result.
	Write a Python function that takes a string and returns the length of the longest substring without repeating characters.
	Write a Python function that takes a list of strings and returns a new list with the strings sorted based on the number of vowels they contain. The sort should be in descending order, and in case of a tie, the strings should be sorted alphabetically.
	Write a Python function that takes a string and returns the character that appears the most frequently in the string. If there is a tie, return the character that appears first in the string. If the string is empty, return None.
	Write a Python function that takes a string representing a mathematical expression consisting of non-negative integers and the plus sign (+) and returns the result of the expression. The function should assume that the input is always a valid expression and that there are no spaces between numbers and operators.
	Write a Python function that takes an integer n and returns the sum of all integers from 1 to n using recursion.
	Write a Python function that takes a list of integers and returns a new list with the integers sorted in ascending order using the selection sort algorithm.
	Write a Python function that takes a string containing only '(', ')', '{', '}', '[' and ']', and determines if the input string is valid. A string is considered valid if brackets are closed in the correct order. For example, "()" and "()[]{}" are valid, but "(]" and "([)]" are not.
	Write a Python function that simulates a basic queue system. The function should take a list of integers representing people's ticket numbers and return the ticket number of the person who will be served last. Use the deque from the collections module to implement the queue.
	Write a Python function that takes two lists of integers and returns a list containing the elements that are common to both lists without duplicates. The order of the elements in the returned list does not matter.
	Write a Python function that takes a list of integers and returns the kth largest element in the list. The function should use a min-heap to efficiently find the kth largest element.
	Write a Python function that takes a list of integers and returns the length of the longest increasing subsequence in the list. The function should not modify the original list.
	Write a Python function that takes a string containing only '(', ')', '[', ']', '{', and '}', and determines if the input string is balanced. A string is balanced if all types of brackets are properly closed and nested. The function should return True if the string is balanced, and False otherwise.
	Write a Python function that takes a list of integers and a target integer. The function should return the index of the target integer in the list if it exists, or -1 if the target is not present.
	Write a Python function that takes a non-negative integer n and returns the nth number in the 'look-and-say' sequence. The 'look-and-say' sequence starts with '1' and each subsequent term is derived by describing the previous term. For example, the term after '1' is '11' (one 1), after '11' is '21' (two 1s), after '21' is '1211' (one 2, then one 1), and so on.
	Write a Python function that takes a list of integers and returns the number of distinct pairs of elements that have a difference of 2. The function should handle negative numbers as well.
	Write a Python function that takes a string and returns a dictionary where the keys are characters and the values are the number of times each character appears in the string.
	Write a Python function that takes a list of strings and returns a new list with the strings sorted in descending order based on their length. If two strings have the same length, they should be sorted alphabetically in ascending order.
	Write a Python function that takes a list of integers and returns a new list with the integers sorted in ascending order using the merge sort algorithm. The function should not modify the original list.
	Write a Python function that takes a list of integers and returns the sum of the two largest numbers in the list. The function should handle lists with at least two integers and should not modify the original list.
	Write a Python function that takes a list of integers and returns the first duplicate number for which the second occurrence has the minimal index. If there are no duplicates, return -1.
	Write a Python function that takes a list of integers and returns the product of all the elements in the list except for the current index. For each index, you should find the product of all the integers except the integer at that index, without using division. The function should return a new list with the products.
	Write a Python function that takes a list of integers and returns the most frequent integer in the list. If there is a tie, return the smallest integer among the most frequent ones. If the list is empty, return None.
	Write a Python function that takes a list of integers and returns a new list with the integers sorted in ascending order using the insertion sort algorithm. The function should not modify the original list.
	Write a Python function that takes a string containing only '(', ')', '[', ']', '{', and '}', and determines if the input string has balanced parentheses, brackets, and braces. A string is balanced if all types of brackets are correctly closed and nested. The function should return True if the string is balanced, and False otherwise.
	Write a Python function that takes a list of integers and returns a new list with each integer replaced by the greatest integer to the right of that integer in the original list. For the last element, replace it with -1. The function should not modify the original list.
	Write a Python function that takes a list of integers and returns the sum of the unique numbers in that list. For example, if the input list is [1, 2, 2, 3, 4, 4], the function should return 1 + 3 = 4.
	Write a Python function that takes a string and returns a dictionary where the keys are characters and the values are the number of times each character appears in the string. The function should ignore case and consider only alphabetic characters.
	Write a Python function that takes a list of integers and returns the index of the peak element. A peak element is an element that is greater than its neighbors. For the purposes of this problem, we'll consider the first and last elements to be peak elements if they are greater than their one neighbor. If there are multiple peak elements, return the index of any one of them.
	Write a Python function that takes a list of integers and returns the smallest positive integer (greater than 0) that does not occur in the list.
	Write a Python function that takes a list of integers and returns the smallest positive integer (greater than 0) that does not occur in the list. The function should handle lists with both positive and negative integers.
	Write a Python function that takes a list of integers and returns a dictionary where the keys are the integers and the values are the counts of how often each integer appears in the list.
	Write a Python function that takes a list of integers and returns the list of integers in reverse order. The function should not use the built-in reverse() method or [::-1] slicing. Instead, it should manually swap elements in the list.
	Write a Python function that takes two lists of integers and returns a new list containing the symmetric difference of the two lists. The symmetric difference should contain elements that are in either of the lists but not in both. The order of elements in the returned list does not matter.
	Write a Python function that takes a string and returns the number of vowels in that string. The function should be case-insensitive.
	Write a Python function that takes two strings and returns True if one string is an anagram of the other, and False otherwise. An anagram is a word or phrase formed by rearranging the letters of a different word or phrase, typically using all the original letters exactly once.
	Write a Python function that takes a string and returns True if the string is a valid IPv4 address, and False otherwise. A valid IPv4 address consists of four octets separated by dots, where each octet is a number from 0 to 255 inclusive.
	Write a Python function that takes an integer n and returns the nth prime number. The function should use a simple algorithm to find prime numbers, such as the Sieve of Eratosthenes or trial division.

Failed tasks that are too hard: 
	Write a Python function that takes a list of integers and returns the largest product that can be obtained by multiplying any two numbers from the list.
	Write a Python function that takes a sorted list of integers and an integer target value, and returns a tuple of two numbers from the list that add up to the target value. If no such pair exists, return None.
	Write a Python function that takes a list of strings representing a postfix expression (each element being a number or an operator) and returns the result of the expression. The function should handle the four basic arithmetic operations: addition, subtraction, multiplication, and division.
	Write a Python function that takes a list of integers and returns the length of the longest consecutive elements sequence. The sequence must be composed of consecutive integers, regardless of their order in the original list.
	Write a Python function that takes a string and returns a dictionary where each key is a unique word in the string and the corresponding value is the number of times that word appears in the string. The function should ignore case and punctuation.
	Write a Python function that takes a list of integers and returns the sum of the two smallest numbers in the list. The function should handle lists with at least two integers and should not modify the original list.
	Write a Python function that takes a list of integers and returns a new list containing the difference between each adjacent pair of numbers. The output list should have one less element than the input list.
	Write a Python function that takes a list of integers and returns the maximum product of two distinct elements in the list. The function should handle lists with at least two integers.
	Write a Python function that takes a list of integers and returns the number of elements in the list that are greater than the sum of all previous elements in the list. For example, in the list [1, 2, 4, 1, 6], the elements 4 and 6 are greater than the sum of all previous elements (1+2 and 1+2+4+1, respectively).


INFO - [Task id] 57 [generation text] 
INFO - {
    "reasoning": "I selected these questions to cover a variety of Python programming concepts that have not been tackled yet. The questions focus on different data structures, algorithms, and problem-solving techniques, which will help in building a well-rounded skill set. Each question is designed to challenge different aspects of programming, such as recursion, string manipulation, and data handling.",
    "question_concept_list": [
        {
            "question": "How do you implement a function to find the largest product of two numbers in a list?",
            "concept": "list"
        },
        {
            "question": "What is the best way to find two numbers in a sorted list that add up to a target value?",
            "concept": "sorted list"
        },
        {
            "question": "How can you evaluate a postfix expression using a stack?",
            "concept": "stack"
        },
        {
            "question": "What approach can you use to find the length of the longest consecutive sequence in a list?",
            "concept": "list"
        },
        {
            "question": "How do you count the frequency of each word in a string while ignoring case and punctuation?",
            "concept": "string manipulation"
        }
    ]
}
INFO - {
    "reasoning": "I selected these questions to cover a variety of Python programming concepts that have not been tackled yet. The questions focus on different data structures, algorithms, and problem-solving techniques, which will help in building a well-rounded skill set. Each question is designed to challenge different aspects of programming, such as recursion, string manipulation, and data handling.",
    "question_concept_list": [
        {
            "question": "How do you implement a function to find the largest product of two numbers in a list?",
            "concept": "list"
        },
        {
            "question": "What is the best way to find two numbers in a sorted list that add up to a target value?",
            "concept": "sorted list"
        },
        {
            "question": "How can you evaluate a postfix expression using a stack?",
            "concept": "stack"
        },
        {
            "question": "What approach can you use to find the length of the longest consecutive sequence in a list?",
            "concept": "list"
        },
        {
            "question": "How do you count the frequency of each word in a string while ignoring case and punctuation?",
            "concept": "string manipulation"
        }
    ]
}
INFO - LM call n parse attempt 1 / 3

INFO - [Task id] 57 [prompt] 
You are a helpful assistant that answer my question about Python programming.

I will give you the following information:
Question: ...

You will answer the question based on the context (only if available and helpful) and your own knowledge of Python programming.
1) Start your answer with "Answer: ".
2) Answer "Answer: Unknown" if you don't know the answer.

INFO - [Task id] 57 [prompt] Question: How do you implement a function to find the largest product of two numbers in a list?
INFO - [Task id] 57 [generation text] Answer: To implement a function that finds the largest product of two numbers in a list, you can follow these steps:

1. Initialize two variables to keep track of the two largest numbers in the list.
2. Iterate through the list to find these two largest numbers.
3. Calculate the product of these two numbers.

Here is a sample implementation in Python:

```python
def largest_product(numbers):
    if len(numbers) < 2:
        raise ValueError("At least two numbers are required")

    # Initialize the two largest numbers
    max1 = max2 = float('-inf')

    for number in numbers:
        if number > max1:
            max2 = max1
            max1 = number
        elif number > max2:
            max2 = number

    return max1 * max2

# Example usage:
numbers = [1, 2, 3, 4, 5]
print(largest_product(numbers))  # Output: 20 (4 * 5)
```

This function first checks if there are at least two numbers in the list. It then finds the two largest numbers and returns their product.
INFO - LM call n parse attempt 1 / 3

INFO - [Task id] 57 [prompt] 
You are a helpful assistant that answer my question about Python programming.

I will give you the following information:
Question: ...

You will answer the question based on the context (only if available and helpful) and your own knowledge of Python programming.
1) Start your answer with "Answer: ".
2) Answer "Answer: Unknown" if you don't know the answer.

INFO - [Task id] 57 [prompt] Question: What is the best way to find two numbers in a sorted list that add up to a target value?
INFO - [Task id] 57 [generation text] Answer: The best way to find two numbers in a sorted list that add up to a target value is to use the two-pointer technique. Here’s how it works:

1. Initialize two pointers: one at the beginning of the list (`left`) and one at the end of the list (`right`).
2. While the `left` pointer is less than the `right` pointer:
   - Calculate the sum of the numbers at the two pointers.
   - If the sum equals the target value, you have found the two numbers.
   - If the sum is less than the target, move the `left` pointer one step to the right to increase the sum.
   - If the sum is greater than the target, move the `right` pointer one step to the left to decrease the sum.
3. If the pointers meet without finding a pair, then there are no two numbers that add up to the target.

This approach has a time complexity of O(n), where n is the number of elements in the list, making it efficient for this problem.
INFO - LM call n parse attempt 1 / 3

INFO - [Task id] 57 [prompt] 
You are a helpful assistant that answer my question about Python programming.

I will give you the following information:
Question: ...

You will answer the question based on the context (only if available and helpful) and your own knowledge of Python programming.
1) Start your answer with "Answer: ".
2) Answer "Answer: Unknown" if you don't know the answer.

INFO - [Task id] 57 [prompt] Question: What approach can you use to find the length of the longest consecutive sequence in a list?
INFO - [Task id] 57 [generation text] Answer: To find the length of the longest consecutive sequence in a list, you can use the following approach:

1. **Convert the list to a set**: This allows for O(1) average time complexity for lookups.
2. **Iterate through each number in the set**: For each number, check if it is the start of a sequence (i.e., check if the number just before it is not in the set).
3. **Count the length of the sequence**: If it is the start of a sequence, keep incrementing the count while the next consecutive numbers are found in the set.
4. **Keep track of the maximum length found**: Update the maximum length whenever a longer sequence is found.

Here is a sample implementation in Python:

```python
def longest_consecutive(nums):
    if not nums:
        return 0

    num_set = set(nums)
    max_length = 0

    for num in num_set:
        # Check if it's the start of a sequence
        if num - 1 not in num_set:
            current_num = num
            current_length = 1

            # Count the length of the sequence
            while current_num + 1 in num_set:
                current_num += 1
                current_length += 1

            max_length = max(max_length, current_length)

    return max_length
```

This approach has a time complexity of O(n) and a space complexity of O(n), making it efficient for this problem.
INFO - LM call n parse attempt 1 / 5

INFO - [Task id] 57 [prompt] 
You are a helpful assistant that tells me the next immediate task (in the form of a function) to do for Python programming. 
My ultimate goal is to solve as many diverse problems as possible and become the best programmer in the world.

I will give you the following information:
Question 1: ...
Answer: ...
Question 2: ...
Answer: ...
Question 3: ...
Answer: ...
...
Completed tasks so far: ...
Failed tasks that are too hard: ...

You must follow the following criteria:
1) You should act as a mentor and guide me to the next task based on my current learning progress. As a rule of thumb, guide me through beginner problems, followed by interview level problems, followed by competitive programming problems. The latter 2 levels can involve concepts from data structures and algorithms.
2) Please be very specific about what skills I need to learn.
3) Do not propose multiple tasks at the same time. Do not mention anything else.
4) The next task should not be too hard since I may not have learned enough skills to complete it yet.
5) The next task should be novel and interesting. I should look for problems which I have not solved yet. I should not be doing the same thing over and over again.
6) The task should involve writing a main Python function that at most use basic libraries (try not to import too many or too advanced modules)
7) Do not give tasks that require file operations (create, read, update, delete) or an internet connection.
8) I am only allowed to write Python functions, so do not require me to write other things (e.g. objects). 
9) Requiring me to write a function that takes in an object and uses object methods is still ok, but I cannot define the objects myself. You must provide the objects as input to my function in the assert statement.

Take note of these in your response:
1) Give an expected function name for the task.
2) Give a tuple of 3 assert statements that tests the function's correctness in the "test_tuple" field. This must strictly contain single-line assert statements only; any setup code for the test must be filled in the "test_setup_code" field.
3) The function name which you gave must be called in the assert statements. 

Respond in JSON, and follow the keys and expected format of the values strictly.


Response format:
The output should be formatted as a JSON instance that conforms to the JSON schema below.

As an example, for the schema {"properties": {"foo": {"title": "Foo", "description": "a list of strings", "type": "array", "items": {"type": "string"}}}, "required": ["foo"]}
the object {"foo": ["bar", "baz"]} is a well-formatted instance of the schema. The object {"properties": {"foo": ["bar", "baz"]}} is not well-formatted.

Here is the output schema:
```
{"properties": {"reasoning": {"description": "Based on the information listed above, reason about what the next task should be.", "title": "Reasoning", "type": "string"}, "task": {"description": "The next task, which requires me to write a single function. Be sure to state the expected data structure for inputs and outputs.", "title": "Task", "type": "string"}, "gt_fn_name": {"description": "The expected name for the single function for the task", "title": "Gt Fn Name", "type": "string"}, "test_setup_code": {"description": "setup code, if required. This will be run just before the assert statements are executed.", "title": "Test Setup Code", "type": "string"}, "test_tuple": {"description": "Tuple of 3 SINGLE-LINE test cases that starts with 'assert' to test the function's correctness.Any extra required code should be written in the test_setup_code field.", "items": {"type": "string"}, "maxItems": 3, "minItems": 3, "prefixItems": [{"type": "string"}, {"type": "string"}, {"type": "string"}], "title": "Test Tuple", "type": "array"}}, "required": ["reasoning", "task", "gt_fn_name", "test_setup_code", "test_tuple"]}
```


INFO - [Task id] 57 [prompt] 
Here's an example response:
{
    "reasoning": "The student has shown proficiency in basic Python syntax and list manipulation, but struggles with problems involving more complex algorithms and data structures. This task will help them practice using sets or dictionaries for efficient lookups, and understand the concept of algorithmic complexity.",
    "task": "Write a Python function that takes a list of integers and returns the tuple of two numbers that sum up to zero. If no such pair exists, return None.",
    "gt_fn_name": "find_zero_sum",
    "test_setup_code": "",
    "test_tuple": [
        "assert find_zero_sum([1, 2, 3, -2, -1]) == (2, -2)",
        "assert find_zero_sum([1, 2, 3, 4, 5]) == None",
        "assert find_zero_sum([1, 4, 3, -4, -1]) == (4, -4)"
    ]
}

INFO - [Task id] 57 [prompt] Question 1: How do you implement a function to find the largest product of two numbers in a list?
Answer: To implement a function that finds the largest product of two numbers in a list, you can follow these steps:

1. Initialize two variables to keep track of the two largest numbers in the list.
2. Iterate through the list to find these two largest numbers.
3. Calculate the product of these two numbers.

Here is a sample implementation in Python:

```python
def largest_product(numbers):
    if len(numbers) < 2:
        raise ValueError("At least two numbers are required")

    # Initialize the two largest numbers
    max1 = max2 = float('-inf')

    for number in numbers:
        if number > max1:
            max2 = max1
            max1 = number
        elif number > max2:
            max2 = number

    return max1 * max2

# Example usage:
numbers = [1, 2, 3, 4, 5]
print(largest_product(numbers))  # Output: 20 (4 * 5)
```

This function first checks if there are at least two numbers in the list. It then finds the two largest numbers and returns their product.

Question 2: What is the best way to find two numbers in a sorted list that add up to a target value?
Answer: The best way to find two numbers in a sorted list that add up to a target value is to use the two-pointer technique. Here’s how it works:

1. Initialize two pointers: one at the beginning of the list (`left`) and one at the end of the list (`right`).
2. While the `left` pointer is less than the `right` pointer:
   - Calculate the sum of the numbers at the two pointers.
   - If the sum equals the target value, you have found the two numbers.
   - If the sum is less than the target, move the `left` pointer one step to the right to increase the sum.
   - If the sum is greater than the target, move the `right` pointer one step to the left to decrease the sum.
3. If the pointers meet without finding a pair, then there are no two numbers that add up to the target.

This approach has a time complexity of O(n), where n is the number of elements in the list, making it efficient for this problem.

Question 3: What is the best way to evaluate a postfix expression using a stack?
Answer: The best way to evaluate a postfix expression using a stack involves the following steps:

1. **Initialize an empty stack**: This stack will be used to store operands.

2. **Read the postfix expression from left to right**: Process each token (operand or operator) in the expression.

3. **Process each token**:
   - If the token is an operand (number), push it onto the stack.
   - If the token is an operator (like +, -, *, /), pop the required number of operands from the stack (usually two for binary operators), perform the operation, and push the result back onto the stack.

4. **Final result**: After processing all tokens, the final result of the expression will be the only value left in the stack.

Here is a simple implementation in Python:

```python
def evaluate_postfix(expression):
    stack = []
    
    for token in expression.split():
        if token.isdigit():  # Check if the token is an operand
            stack.append(int(token))
        else:  # The token is an operator
            operand2 = stack.pop()  # Pop the top two operands
            operand1 = stack.pop()
            if token == '+':
                result = operand1 + operand2
            elif token == '-':
                result = operand1 - operand2
            elif token == '*':
                result = operand1 * operand2
            elif token == '/':
                result = operand1 / operand2
            stack.append(result)  # Push the result back onto the stack
    
    return stack.pop()  # The final result

# Example usage
postfix_expression = "3 4 + 2 * 7 /"
result = evaluate_postfix(postfix_expression)
print(result)  # Output: 2.0
```

In this example, the postfix expression "3 4 + 2 * 7 /" is evaluated step by step using a stack, and the final result is printed.

Question 4: What approach can you use to find the length of the longest consecutive sequence in a list?
Answer: To find the length of the longest consecutive sequence in a list, you can use the following approach:

1. **Convert the list to a set**: This allows for O(1) average time complexity for lookups.
2. **Iterate through each number in the set**: For each number, check if it is the start of a sequence (i.e., check if the number just before it is not in the set).
3. **Count the length of the sequence**: If it is the start of a sequence, keep incrementing the count while the next consecutive numbers are found in the set.
4. **Keep track of the maximum length found**: Update the maximum length whenever a longer sequence is found.

Here is a sample implementation in Python:

```python
def longest_consecutive(nums):
    if not nums:
        return 0

    num_set = set(nums)
    max_length = 0

    for num in num_set:
        # Check if it's the start of a sequence
        if num - 1 not in num_set:
            current_num = num
            current_length = 1

            # Count the length of the sequence
            while current_num + 1 in num_set:
                current_num += 1
                current_length += 1

            max_length = max(max_length, current_length)

    return max_length
```

This approach has a time complexity of O(n) and a space complexity of O(n), making it efficient for this problem.

Question 5: How do you count the frequency of words in a string while ignoring punctuation and case?
Answer: To count the frequency of words in a string while ignoring punctuation and case, you can use the following approach in Python:

1. Convert the string to lowercase to ensure that the counting is case-insensitive.
2. Remove punctuation from the string.
3. Split the string into words.
4. Use a dictionary to count the occurrences of each word.

Here is a sample code that demonstrates this process:

```python
import string
from collections import Counter

def count_word_frequency(text):
    # Convert to lowercase
    text = text.lower()
    
    # Remove punctuation
    text = text.translate(str.maketrans('', '', string.punctuation))
    
    # Split into words
    words = text.split()
    
    # Count frequency of each word
    word_count = Counter(words)
    
    return word_count

# Example usage
input_text = "Hello, world! Hello, Python. Python is great."
word_frequencies = count_word_frequency(input_text)
print(word_frequencies)
```

In this example, the `Counter` from the `collections` module is used to easily count the occurrences of each word after processing the string. The output will show the frequency of each word in the input text.

Completed tasks so far (do not give me these tasks again!): 
	Write a Python function that takes a list of integers and returns a new list with the squares of all the numbers. The function should not modify the original list.
	Write a Python function that takes a list of integers and returns a new list containing only the unique elements from the original list. The order of elements in the returned list does not matter.
	Write a Python function that takes a list of integers and returns a set containing all the elements that appear more than once in the list.
	Write a Python function that calculates the factorial of a given non-negative integer. The factorial of a non-negative integer n is the product of all positive integers less than or equal to n. It is denoted by n!.
	Write a Python function that takes a string and returns True if the string is a palindrome, and False otherwise. The function should be case-insensitive and ignore all non-alphanumeric characters.
	Write a Python function that takes a dictionary and a key, and returns the value associated with the key. If the key does not exist in the dictionary, the function should return 'Key not found.'
	Write a Python function that takes a list of integers and returns the first recurring character. If there is no recurring character, return None.
	Write a Python function that takes a list of integers and returns a new list with the integers sorted in ascending order using the bubble sort algorithm.
	Write a Python function that takes a string and returns the first non-repeating character in it. If all characters repeat or the string is empty, return None.
	Write a Python function that simulates a producer-consumer scenario using a queue. The function should take a list of integers as input, where each integer represents an item produced. The function should process (consume) each item by simply printing it and then return the number of items consumed. Use a simple list to simulate the queue behavior.
	Write a Python function that takes an integer n and returns the nth Fibonacci number. The Fibonacci sequence is a series of numbers where each number is the sum of the two preceding ones, usually starting with 0 and 1. The function should use recursion to calculate the result.
	Write a Python function that takes a string and returns the length of the longest substring without repeating characters.
	Write a Python function that takes a list of strings and returns a new list with the strings sorted based on the number of vowels they contain. The sort should be in descending order, and in case of a tie, the strings should be sorted alphabetically.
	Write a Python function that takes a string and returns the character that appears the most frequently in the string. If there is a tie, return the character that appears first in the string. If the string is empty, return None.
	Write a Python function that takes a string representing a mathematical expression consisting of non-negative integers and the plus sign (+) and returns the result of the expression. The function should assume that the input is always a valid expression and that there are no spaces between numbers and operators.
	Write a Python function that takes an integer n and returns the sum of all integers from 1 to n using recursion.
	Write a Python function that takes a list of integers and returns a new list with the integers sorted in ascending order using the selection sort algorithm.
	Write a Python function that takes a string containing only '(', ')', '{', '}', '[' and ']', and determines if the input string is valid. A string is considered valid if brackets are closed in the correct order. For example, "()" and "()[]{}" are valid, but "(]" and "([)]" are not.
	Write a Python function that simulates a basic queue system. The function should take a list of integers representing people's ticket numbers and return the ticket number of the person who will be served last. Use the deque from the collections module to implement the queue.
	Write a Python function that takes two lists of integers and returns a list containing the elements that are common to both lists without duplicates. The order of the elements in the returned list does not matter.
	Write a Python function that takes a list of integers and returns the kth largest element in the list. The function should use a min-heap to efficiently find the kth largest element.
	Write a Python function that takes a list of integers and returns the length of the longest increasing subsequence in the list. The function should not modify the original list.
	Write a Python function that takes a string containing only '(', ')', '[', ']', '{', and '}', and determines if the input string is balanced. A string is balanced if all types of brackets are properly closed and nested. The function should return True if the string is balanced, and False otherwise.
	Write a Python function that takes a list of integers and a target integer. The function should return the index of the target integer in the list if it exists, or -1 if the target is not present.
	Write a Python function that takes a non-negative integer n and returns the nth number in the 'look-and-say' sequence. The 'look-and-say' sequence starts with '1' and each subsequent term is derived by describing the previous term. For example, the term after '1' is '11' (one 1), after '11' is '21' (two 1s), after '21' is '1211' (one 2, then one 1), and so on.
	Write a Python function that takes a list of integers and returns the number of distinct pairs of elements that have a difference of 2. The function should handle negative numbers as well.
	Write a Python function that takes a string and returns a dictionary where the keys are characters and the values are the number of times each character appears in the string.
	Write a Python function that takes a list of strings and returns a new list with the strings sorted in descending order based on their length. If two strings have the same length, they should be sorted alphabetically in ascending order.
	Write a Python function that takes a list of integers and returns a new list with the integers sorted in ascending order using the merge sort algorithm. The function should not modify the original list.
	Write a Python function that takes a list of integers and returns the sum of the two largest numbers in the list. The function should handle lists with at least two integers and should not modify the original list.
	Write a Python function that takes a list of integers and returns the first duplicate number for which the second occurrence has the minimal index. If there are no duplicates, return -1.
	Write a Python function that takes a list of integers and returns the product of all the elements in the list except for the current index. For each index, you should find the product of all the integers except the integer at that index, without using division. The function should return a new list with the products.
	Write a Python function that takes a list of integers and returns the most frequent integer in the list. If there is a tie, return the smallest integer among the most frequent ones. If the list is empty, return None.
	Write a Python function that takes a list of integers and returns a new list with the integers sorted in ascending order using the insertion sort algorithm. The function should not modify the original list.
	Write a Python function that takes a string containing only '(', ')', '[', ']', '{', and '}', and determines if the input string has balanced parentheses, brackets, and braces. A string is balanced if all types of brackets are correctly closed and nested. The function should return True if the string is balanced, and False otherwise.
	Write a Python function that takes a list of integers and returns a new list with each integer replaced by the greatest integer to the right of that integer in the original list. For the last element, replace it with -1. The function should not modify the original list.
	Write a Python function that takes a list of integers and returns the sum of the unique numbers in that list. For example, if the input list is [1, 2, 2, 3, 4, 4], the function should return 1 + 3 = 4.
	Write a Python function that takes a string and returns a dictionary where the keys are characters and the values are the number of times each character appears in the string. The function should ignore case and consider only alphabetic characters.
	Write a Python function that takes a list of integers and returns the index of the peak element. A peak element is an element that is greater than its neighbors. For the purposes of this problem, we'll consider the first and last elements to be peak elements if they are greater than their one neighbor. If there are multiple peak elements, return the index of any one of them.
	Write a Python function that takes a list of integers and returns the smallest positive integer (greater than 0) that does not occur in the list.
	Write a Python function that takes a list of integers and returns the smallest positive integer (greater than 0) that does not occur in the list. The function should handle lists with both positive and negative integers.
	Write a Python function that takes a list of integers and returns a dictionary where the keys are the integers and the values are the counts of how often each integer appears in the list.
	Write a Python function that takes a list of integers and returns the list of integers in reverse order. The function should not use the built-in reverse() method or [::-1] slicing. Instead, it should manually swap elements in the list.
	Write a Python function that takes two lists of integers and returns a new list containing the symmetric difference of the two lists. The symmetric difference should contain elements that are in either of the lists but not in both. The order of elements in the returned list does not matter.
	Write a Python function that takes a string and returns the number of vowels in that string. The function should be case-insensitive.
	Write a Python function that takes two strings and returns True if one string is an anagram of the other, and False otherwise. An anagram is a word or phrase formed by rearranging the letters of a different word or phrase, typically using all the original letters exactly once.
	Write a Python function that takes a string and returns True if the string is a valid IPv4 address, and False otherwise. A valid IPv4 address consists of four octets separated by dots, where each octet is a number from 0 to 255 inclusive.
	Write a Python function that takes an integer n and returns the nth prime number. The function should use a simple algorithm to find prime numbers, such as the Sieve of Eratosthenes or trial division.

Failed tasks that are too hard: 
	Write a Python function that takes a list of integers and returns the largest product that can be obtained by multiplying any two numbers from the list.
	Write a Python function that takes a sorted list of integers and an integer target value, and returns a tuple of two numbers from the list that add up to the target value. If no such pair exists, return None.
	Write a Python function that takes a list of strings representing a postfix expression (each element being a number or an operator) and returns the result of the expression. The function should handle the four basic arithmetic operations: addition, subtraction, multiplication, and division.
	Write a Python function that takes a list of integers and returns the length of the longest consecutive elements sequence. The sequence must be composed of consecutive integers, regardless of their order in the original list.
	Write a Python function that takes a string and returns a dictionary where each key is a unique word in the string and the corresponding value is the number of times that word appears in the string. The function should ignore case and punctuation.
	Write a Python function that takes a list of integers and returns the sum of the two smallest numbers in the list. The function should handle lists with at least two integers and should not modify the original list.
	Write a Python function that takes a list of integers and returns a new list containing the difference between each adjacent pair of numbers. The output list should have one less element than the input list.
	Write a Python function that takes a list of integers and returns the maximum product of two distinct elements in the list. The function should handle lists with at least two integers.
	Write a Python function that takes a list of integers and returns the number of elements in the list that are greater than the sum of all previous elements in the list. For example, in the list [1, 2, 4, 1, 6], the elements 4 and 6 are greater than the sum of all previous elements (1+2 and 1+2+4+1, respectively).


INFO - [Task id] 57 [generation text] 
INFO - {
    "reasoning": "The student has successfully completed a variety of tasks involving basic data structures, algorithms, and string manipulation. However, they have struggled with tasks that require more complex algorithms or optimization techniques. The next task should reinforce their understanding of basic data structures like lists and sets, and involve a straightforward algorithm that does not require optimization.",
    "task": "Write a Python function that takes a list of integers and returns a new list with each element being the sum of itself and all previous elements in the original list. For example, given the list [1, 2, 3, 4], the function should return [1, 3, 6, 10].",
    "gt_fn_name": "cumulative_sum",
    "test_setup_code": "",
    "test_tuple": [
        "assert cumulative_sum([1, 2, 3, 4]) == [1, 3, 6, 10]",
        "assert cumulative_sum([0, 0, 0, 0]) == [0, 0, 0, 0]",
        "assert cumulative_sum([-1, 1, -1, 1]) == [-1, 0, -1, 0]"
    ]
}
INFO - {
    "reasoning": "The student has successfully completed a variety of tasks involving basic data structures, algorithms, and string manipulation. However, they have struggled with tasks that require more complex algorithms or optimization techniques. The next task should reinforce their understanding of basic data structures like lists and sets, and involve a straightforward algorithm that does not require optimization.",
    "task": "Write a Python function that takes a list of integers and returns a new list with each element being the sum of itself and all previous elements in the original list. For example, given the list [1, 2, 3, 4], the function should return [1, 3, 6, 10].",
    "gt_fn_name": "cumulative_sum",
    "test_setup_code": "",
    "test_tuple": [
        "assert cumulative_sum([1, 2, 3, 4]) == [1, 3, 6, 10]",
        "assert cumulative_sum([0, 0, 0, 0]) == [0, 0, 0, 0]",
        "assert cumulative_sum([-1, 1, -1, 1]) == [-1, 0, -1, 0]"
    ]
}
INFO - The task prompt is Write a Python function that takes a list of integers and returns a new list with each element being the sum of itself and all previous elements in the original list. For example, given the list [1, 2, 3, 4], the function should return [1, 3, 6, 10].
You must strictly follow the function name: cu...

INFO - LM call n parse attempt 1 / 3

INFO - [Task id] 57 [prompt] 
You are a helpful assistant that answer my question about Python programming.

I will give you the following information:
Question: ...

You will answer the question based on the context (only if available and helpful) and your own knowledge of Python programming.
1) Start your answer with "Answer: ".
2) Answer "Answer: Unknown" if you don't know the answer.

INFO - [Task id] 57 [prompt] Question: Explain at a conceptual level, how to accomplish the below task in Python programming?
Write a Python function that takes a list of integers and returns a new list with each element being the sum of itself and all previous elements in the original list. For example, given the list [1, 2, 3, 4], the function should return [1, 3, 6, 10].
INFO - [Task id] 57 [generation text] Answer: To accomplish the task of creating a function that returns a new list where each element is the sum of itself and all previous elements from the original list, you can follow these conceptual steps:

1. **Define the Function**: Start by defining a function that takes a list of integers as an argument.

2. **Initialize a New List**: Create an empty list that will hold the cumulative sums.

3. **Iterate Through the Original List**: Use a loop to go through each element in the original list.

4. **Calculate Cumulative Sum**: Maintain a variable to keep track of the cumulative sum as you iterate. For each element, add it to the cumulative sum and append this value to the new list.

5. **Return the New List**: After the loop completes, return the new list containing the cumulative sums.

Here is a simple implementation of the above steps in Python:

```python
def cumulative_sum(input_list):
    cumulative_list = []
    cumulative_sum = 0
    for number in input_list:
        cumulative_sum += number
        cumulative_list.append(cumulative_sum)
    return cumulative_list
```

In this function:
- `cumulative_list` is initialized to store the results.
- `cumulative_sum` starts at 0 and is updated with each element from the input list.
- Each updated `cumulative_sum` is appended to `cumulative_list`, which is returned at the end. 

This approach effectively builds the desired output list by maintaining a running total of the sums.
INFO - Attempting task_id 57
INFO - [35m Rollout attempt 1/4[0m
INFO - [33m Retrieving 5 entries for db: skill 
 [0m
INFO - [33m sum_of_unique_numbers, recursive_sum, product_except_self, square_list, first_recurring_character[0m
INFO - LM call n parse attempt 1 / 3

INFO - [Task id] 57 [prompt] You are a helpful assistant that writes python code to solve a task specified by me.

Here are some useful functions written earlier which you can reuse or reference.


[Entry]:


    def sum_of_unique_numbers(numbers):
        frequency = {}
        for num in numbers:
            frequency[num] = (frequency.get(num, 0) + 1)
        unique_sum = sum((num for (num, count) in frequency.items() if (count == 1)))
        return unique_sum

[/Entry]

[Entry]:


    def recursive_sum(n):
        if (n == 0):
            return 0
        else:
            return (n + recursive_sum((n - 1)))

[/Entry]

[Entry]:


    def product_except_self(nums):
        n = len(nums)
        left_products = ([1] * n)
        right_products = ([1] * n)
        result = ([0] * n)
        for i in range(1, n):
            left_products[i] = (left_products[(i - 1)] * nums[(i - 1)])
        for i in range((n - 2), (- 1), (- 1)):
            right_products[i] = (right_products[(i + 1)] * nums[(i + 1)])
        for i in range(n):
            result[i] = (left_products[i] * right_products[i])
        return result

[/Entry]

[Entry]:


    def square_list(input_list):
        squared_list = []
        for number in input_list:
            squared_list.append((number * number))
        return squared_list

[/Entry]

[Entry]:


    def first_recurring_character(int_list):
        seen = set()
        for num in int_list:
            if (num in seen):
                return num
            seen.add(num)
        return None

[/Entry]






At each round of conversation, I will give you
[Environment feedback] (after executing code) ...
[Code from the last round] ...
[Task] ...
[Context] ...
[Critique] ...

You should then respond to me with
Explain (if applicable): Are there any steps missing in your plan? Why does the code not complete the task? What does the chat log and execution error imply?
Plan: How to complete the task step by step. 
Code:
    1) Reuse or reference the above useful programs if necessary.
    2) Your function will be reused for building more complex functions. Therefore, you should make it generic and reusable. 
    3) Functions in the "Code from the last round" section will not be saved or executed. Do not reuse functions listed there.
    4) Anything defined outside a function will be ignored, define all your variables inside your functions.
    5) Do not write infinite loops.
    6) If the task specifies a function name to be used, follow it strictly (be case sensitive!). Else, name your function in a meaningful way (can infer the task from the name).
    7) Your code should only contain elements that solve the task, so DO NOT write any assert statements / tests
    8) The context in the [Context] tag serves as a casual tip (which can be wrong) to help you on the task, but your priority is to follow instructions in the [Task] tag.

You should only respond in the format as described below:
RESPONSE FORMAT:

Explain: ...
Plan:
1) ...
2) ...
3) ...
...
Code:
```python
# helper functions (only if needed, try to avoid them)
...
# main function after the helper functions
def yourMainFunctionName(args):
  # ...

```


INFO - [Task id] 57 [prompt] [Environment feedback]
None

[Code from the last round]
No code in the first round

[Task]
Write a Python function that takes a list of integers and returns a new list with each element being the sum of itself and all previous elements in the original list. For example, given the list [1, 2, 3, 4], the function should return [1, 3, 6, 10].
You must strictly follow the function name: cumulative_sum

[Context]
Rough plan to accomplish the task (can be wrong): 
Answer: To accomplish the task of creating a function that returns a new list where each element is the sum of itself and all previous elements from the original list, you can follow these conceptual steps:

1. **Define the Function**: Start by defining a function that takes a list of integers as an argument.

2. **Initialize a New List**: Create an empty list that will hold the cumulative sums.

3. **Iterate Through the Original List**: Use a loop to go through each element in the original list.

4. **Calculate Cumulative Sum**: Maintain a variable to keep track of the cumulative sum as you iterate. For each element, add it to the cumulative sum and append this value to the new list.

5. **Return the New List**: After the loop completes, return the new list containing the cumulative sums.

Here is a simple implementation of the above steps in Python:

```python
def cumulative_sum(input_list):
    cumulative_list = []
    cumulative_sum = 0
    for number in input_list:
        cumulative_sum += number
        cumulative_list.append(cumulative_sum)
    return cumulative_list
```

In this function:
- `cumulative_list` is initialized to store the results.
- `cumulative_sum` starts at 0 and is updated with each element from the input list.
- Each updated `cumulative_sum` is appended to `cumulative_list`, which is returned at the end. 

This approach effectively builds the desired output list by maintaining a running total of the sums.


[Critique]
None


INFO - [Task id] 57 [generation text] Plan:
1) Define the function `cumulative_sum` with a parameter that accepts a list of integers.
2) Initialize a variable to keep track of the running total of the cumulative sum.
3) Iterate through the input list, adding each element to the running total.
4) Append the running total to a new list after each addition.
5) Return the new list containing the cumulative sums after the loop completes.

Code:
```python
def cumulative_sum(input_list):
    # Initialize the cumulative sum and the list to store the results
    cumulative_sum = 0
    cumulative_list = []
    
    # Iterate through the input list and calculate the cumulative sum
    for number in input_list:
        cumulative_sum += number
        cumulative_list.append(cumulative_sum)
    
    # Return the list with cumulative sums
    return cumulative_list
```
INFO - program_code:
 

def cumulative_sum(input_list):
    cumulative_sum = 0
    cumulative_list = []
    for number in input_list:
        cumulative_sum += number
        cumulative_list.append(cumulative_sum)
    return cumulative_list


INFO - program_name:
 cumulative_sum

INFO - dependencies:
 []

INFO - raw_msg:
 Plan:
1) Define the function `cumulative_sum` with a parameter that accepts a list of integers.
2) Initialize a variable to keep track of the running total of the cumulative sum.
3) Iterate through the input list, adding each element to the running total.
4) Append the running total to a new list after each addition.
5) Return the new list containing the cumulative sums after the loop completes.

Code:
```python
def cumulative_sum(input_list):
    # Initialize the cumulative sum and the list to store the results
    cumulative_sum = 0
    cumulative_list = []
    
    # Iterate through the input list and calculate the cumulative sum
    for number in input_list:
        cumulative_sum += number
        cumulative_list.append(cumulative_sum)
    
    # Return the list with cumulative sums
    return cumulative_list
```

INFO - no_parent:
 True

INFO - full code to be executed: 
 

def cumulative_sum(input_list):
    cumulative_sum = 0
    cumulative_list = []
    for number in input_list:
        cumulative_sum += number
        cumulative_list.append(cumulative_sum)
    return cumulative_list


INFO - obs: Tests passed:
assert cumulative_sum([1, 2, 3, 4]) == [1, 3, 6, 10]
assert cumulative_sum([0, 0, 0, 0]) == [0, 0, 0, 0]
assert cumulative_sum([-1, 1, -1, 1]) == [-1, 0, -1, 0]

Tests failed:
None
reward: True
done: None
info: {'individual_results': (True, True, True)}
INFO - LM call n parse attempt 1 / 5

INFO - [Task id] 57 [prompt] 
You are a Python programming assistant that assesses my progress of Python programming and provides useful guidance.

I will give you the following information:

[Task]: The objective I need to accomplish.
[Context]: The context of the task. Serves as a casual tip (which can be wrong) to help me on the task, but my priority is to follow instructions in the Task tag.
[function impl]: My function implementation that is intended to complete the task
[unit test results]: The results after executing my function implementation on the unit tests

Your first goal is to use these info to evaluate if I have met the task requirements, and explain why. 
It is possible that the unit test results all pass, but the code does not accomplish the task (eg by failing to accomplish the task in scenarios not covered by the unit tests)
It is also possible that the unit tests are wrong in the first place, though the code accomplishes the task and fails the unit test.

If I have not met the task requirements, write a few sentences to explain why the function implementation is wrong as indicated by the tests. 
You will need this as guidance when you try again later.
Only provide the few sentence description in your answer, not the implementation. 
Suggest how the function implementation can be changed, NOT the test cases (assert statements)

You should only respond in JSON format as described below:
The output should be formatted as a JSON instance that conforms to the JSON schema below.

As an example, for the schema {"properties": {"foo": {"title": "Foo", "description": "a list of strings", "type": "array", "items": {"type": "string"}}}, "required": ["foo"]}
the object {"foo": ["bar", "baz"]} is a well-formatted instance of the schema. The object {"properties": {"foo": ["bar", "baz"]}} is not well-formatted.

Here is the output schema:
```
{"description": "Represents the critique of a task attempt, including reasoning, success status, and suggestions for improvement.\n\nAttributes:\n    reasoning (str): Explanation of why the task was succeeded or failed.\n    success (bool): Indicates whether the task requirements were met.\n    critique (str): Suggestions or critique to help improve future task attempts.", "properties": {"reasoning": {"description": "reason why I have succeeded or failed at the task", "title": "Reasoning", "type": "string"}, "success": {"description": "evaluate if I have met the task requirements", "title": "Success", "type": "boolean"}, "critique": {"description": "critique to help me improve", "title": "Critique", "type": "string"}}, "required": ["reasoning", "success", "critique"]}
```

INFO - [Task id] 57 [prompt] 
Here are some examples:

Example 1:
[function impl]:
```python
def longest_subarray_with_sum_limit(nums: List[int], target: int) -> List[int]:
    n = len(nums)
    left, right = 0, 0
    max_length = 0
    current_sum = 0
    result = []
    while right < n:
        current_sum += nums[right]
        while current_sum > target:
            current_sum -= nums[left]
            left += 1
        if right - left + 1 >= max_length:
            max_length = right - left + 1
            result = nums[left:right+1]
        right += 1
    return result
```
[unit test results]:
Tests passing:
assert longest_subarray_with_sum_limit([1, 2, 3, 4, 5], 8) == [1, 2, 3]
assert longest_subarray_with_sum_limit([1, 2, 3, 4, 5], 15) == [1, 2, 3, 4, 5]
assert longest_subarray_with_sum_limit([1, -1, 2, -2, 3, -3], 2) == [1, -1, 2, -2, 3]
assert longest_subarray_with_sum_limit([], 10) == []
assert longest_subarray_with_sum_limit([], 0) == []
assert longest_subarray_with_sum_limit([], -5) == []  
Tests failing:
assert longest_subarray_with_sum_limit([5, 6, 7, 8, 9], 4) == [] # output: [5]

RESPONSE:
{
    "reasoning": "The implementation failed the test case where no subarray fulfills the condition",
    "success": false,
    "critique": "The issue in the implementation is due to the use of >= instead of > in the condition to update the result. Because of this, it returns a subarray even when the sum is greater than the target, as it still updates the result when the current subarray length is equal to the previous longest subarray length. To overcome this error, we should change the condition to only update the result when the current subarray length is strictly greater than the previous longest subarray length. This can be done by replacing >= with > in the condition."
}


Example 2:
[function impl]:
```python
def longest_subarray_with_sum_limit(nums: List[int], target: int) -> List[int]:
    n = len(nums)
    left, right = 0, 0
    max_length = 0
    current_sum = 0
    result = []
    while current_sum + nums[right] <= target:
        current_sum += nums[right]
        right += 1
    while right < n:
        current_sum += nums[right]
        while current_sum > target:
            current_sum -= nums[left]
            left += 1
        if right - left + 1 > max_length:
            max_length = right - left + 1
            result = nums[left:right+1]
        right += 1
    return result
```
[unit test results]:
Tests passing:
assert longest_subarray_with_sum_limit([], 10) == []
assert longest_subarray_with_sum_limit([], 0) == []
assert longest_subarray_with_sum_limit([], -5) == []
Tests failing:
assert longest_subarray_with_sum_limit([1, 2, 3, 4, 5], 8) == [1, 2, 3] # output: list index out of range
assert longest_subarray_with_sum_limit([1, 2, 3, 4, 5], 15) == [1, 2, 3, 4, 5] # output: list index out of range
assert longest_subarray_with_sum_limit([5, 6, 7, 8, 9], 4) == [] # output: list index out of range
assert longest_subarray_with_sum_limit([1, -1, 2, -2, 3, -3], 2) == [1, -1, 2, -2, 3] # output: list index out of range

RESPONSE:
{
    "reason": "The implementation failed 4 out of the 7 test cases due to an IndexError.",
    "success": false,
    "critique": "The issue stems from the while loop while current_sum + nums[right] <= target:, which directly accesses nums[right] without checking if right is within the bounds of the list. This results in a runtime error when right goes beyond the list length. To overcome this error, we need to add a bounds check for the right variable in the mentioned while loop. We can modify the loop condition to while right < len(nums) and current_sum + nums[right] <= target:. This change will ensure that we only access elements within the bounds of the list, thus avoiding the IndexError."
}


END OF EXAMPLES

INFO - [Task id] 57 [prompt] [Task]:
Write a Python function that takes a list of integers and returns a new list with each element being the sum of itself and all previous elements in the original list. For example, given the list [1, 2, 3, 4], the function should return [1, 3, 6, 10].
[Context]: 
 Rough plan to accomplish the task (can be wrong): 
Answer: To accomplish the task of creating a function that returns a new list where each element is the sum of itself and all previous elements from the original list, you can follow these conceptual steps:

1. **Define the Function**: Start by defining a function that takes a list of integers as an argument.

2. **Initialize a New List**: Create an empty list that will hold the cumulative sums.

3. **Iterate Through the Original List**: Use a loop to go through each element in the original list.

4. **Calculate Cumulative Sum**: Maintain a variable to keep track of the cumulative sum as you iterate. For each element, add it to the cumulative sum and append this value to the new list.

5. **Return the New List**: After the loop completes, return the new list containing the cumulative sums.

Here is a simple implementation of the above steps in Python:

```python
def cumulative_sum(input_list):
    cumulative_list = []
    cumulative_sum = 0
    for number in input_list:
        cumulative_sum += number
        cumulative_list.append(cumulative_sum)
    return cumulative_list
```

In this function:
- `cumulative_list` is initialized to store the results.
- `cumulative_sum` starts at 0 and is updated with each element from the input list.
- Each updated `cumulative_sum` is appended to `cumulative_list`, which is returned at the end. 

This approach effectively builds the desired output list by maintaining a running total of the sums.


[function impl]:


def cumulative_sum(input_list):
    cumulative_sum = 0
    cumulative_list = []
    for number in input_list:
        cumulative_sum += number
        cumulative_list.append(cumulative_sum)
    return cumulative_list

[unit test results]:
Tests passed:
assert cumulative_sum([1, 2, 3, 4]) == [1, 3, 6, 10]
assert cumulative_sum([0, 0, 0, 0]) == [0, 0, 0, 0]
assert cumulative_sum([-1, 1, -1, 1]) == [-1, 0, -1, 0]

Tests failed:
None

INFO - [Task id] 57 [generation text] 
INFO - {
    "reasoning": "The implementation passed all provided unit tests and correctly computes the cumulative sum for each element in the list.",
    "success": true,
    "critique": "The function implementation meets the task requirements. No changes are necessary as the provided unit tests cover various scenarios including positive numbers, zeros, and alternating positive and negative numbers. The function correctly returns a new list with each element being the sum of itself and all previous elements in the original list."
}
INFO - {
    "reasoning": "The implementation passed all provided unit tests and correctly computes the cumulative sum for each element in the list.",
    "success": true,
    "critique": "The function implementation meets the task requirements. No changes are necessary as the provided unit tests cover various scenarios including positive numbers, zeros, and alternating positive and negative numbers. The function correctly returns a new list with each element being the sum of itself and all previous elements in the original list."
}
INFO - [task_id]: 57 [Result]: True
INFO - LM call n parse attempt 1 / 3

INFO - [Task id] 57 [prompt] 
You are a helpful assistant that writes a description of the given function written in the Python programming language.

1) Do not mention the function name.
2) Do not mention anything about helper functions.
3) There might be some helper functions before the main function, but you only need to describe the main function.
4) Try to summarize the function in no more than 6 sentences.
5) Your response should be a single line of text.

INFO - [Task id] 57 [prompt] 

def cumulative_sum(input_list):
    cumulative_sum = 0
    cumulative_list = []
    for number in input_list:
        cumulative_sum += number
        cumulative_list.append(cumulative_sum)
    return cumulative_list


The main function is `cumulative_sum`.
INFO - [Task id] 57 [generation text] This function takes a list of numbers as input and calculates the cumulative sum of the elements. It initializes a variable to keep track of the running total and an empty list to store the cumulative sums. As it iterates through each number in the input list, it adds the current number to the running total and appends this total to the cumulative list. Finally, it returns the list containing the cumulative sums. The output reflects the progressive addition of the input numbers. This allows users to see how the sum evolves as each element is processed.
INFO - Num Completed Tasks: 49, Num Failed Tasks: 9
