INFO - DB skill doc count: 58

INFO - [train iter]: 75/100 

INFO - LM call n parse attempt 1 / 3

INFO - [Task id] 75 [prompt] 
You are a helpful assistant that asks questions to help me decide the next immediate task to do for Python programming.
My ultimate goal is to solve as many diverse problems as possible and become the best programmer in the world.

I will give you the following information:
Completed tasks so far: ...
Failed tasks that are too hard: ...

You must follow the following criteria:
1) You should ask at least 5 questions (but no more than 10 questions) to help me decide the next immediate task to do. Each question should be followed by the concept that the question is about.
2) Your question should be specific to a concept in Python programming.
  Bad example (the question is too general):
    Question: What is the best way to program in Python?
    Concept: unknown
  Good example:
    Question: How do you reverse a list?
    Concept: list
3) Your questions should be self-contained and not require any context.

Respond in JSON, and follow the keys and expected format of the values strictly.


Response format:
The output should be formatted as a JSON instance that conforms to the JSON schema below.

As an example, for the schema {"properties": {"foo": {"title": "Foo", "description": "a list of strings", "type": "array", "items": {"type": "string"}}}, "required": ["foo"]}
the object {"foo": ["bar", "baz"]} is a well-formatted instance of the schema. The object {"properties": {"foo": ["bar", "baz"]}} is not well-formatted.

Here is the output schema:
```
{"$defs": {"QuestionConcept": {"properties": {"question": {"description": "A question related to Python programming, to help me brainstorm the next immediate task to do", "title": "Question", "type": "string"}, "concept": {"description": "The Python programming concept associated with the question above", "title": "Concept", "type": "string"}}, "required": ["question", "concept"], "title": "QuestionConcept", "type": "object"}}, "properties": {"reasoning": {"description": "Reason out, step-by-step, why you picked these questions and concepts", "title": "Reasoning", "type": "string"}, "question_concept_list": {"description": "list of questions and their associated concepts", "items": {"$ref": "#/$defs/QuestionConcept"}, "title": "Question Concept List", "type": "array"}}, "required": ["reasoning", "question_concept_list"]}
```


INFO - [Task id] 75 [prompt] Completed tasks so far (do not give me these tasks again!): 
	Write a Python function that takes a list of integers and returns a list of unique integers from that list.
	Write a Python function that takes a list of integers and returns a dictionary with the integers as keys and their counts as values.
	Write a Python function that takes two lists of integers and returns a list of integers that are present in both lists (the intersection).
	Write a Python function that takes a list of integers and returns a list of integers that are unique (appear only once) in the list.
	Write a Python function that takes a list of integers and returns a list of integers that are duplicates (appear more than once) in the list.
	Write a Python function that takes a list of integers and returns the second largest integer in the list. If the list has fewer than two unique integers, return None.
	Write a Python function that takes a list of integers and returns a new list containing only the even integers from the original list.
	Write a Python function that takes a list of integers and returns a list of integers that are greater than a given threshold value.
	Write a Python function that takes a string and returns the number of vowels in that string.
	Write a Python function that takes a string and returns a set of unique characters in that string.
	Write a Python function that takes a string and returns True if it is a palindrome (reads the same forwards and backwards), and False otherwise.
	Write a Python function that takes a string and returns a new string containing only the digits from the original string.
	Write a Python function that takes a list of strings and returns a new list containing only the strings that have a length greater than a specified threshold.
	Write a Python function that takes a list of strings and returns a new list of those strings sorted by their length in descending order.
	Write a Python function that takes a list of strings and returns a new list containing the lengths of each string in the original list.
	Write a Python function that takes a string and returns a new string with all the vowels removed.
	Write a Python function that takes a string and returns the number of distinct characters in that string.
	Write a Python function that takes two dictionaries and merges them. If there are duplicate keys, the values from the second dictionary should overwrite those from the first.
	Write a Python function that takes a string and returns a new string where each character is repeated twice.
	Write a Python function that takes a list of integers and returns a list of integers that are present in the list but not in a given set of excluded integers.
	Write a Python function that takes a list of integers and returns a new list containing only the integers that are multiples of a given number.
	Write a Python function that takes a tuple of integers and returns a new tuple containing only the even integers from the original tuple.
	Write a Python function that takes a string and returns a dictionary with each character as the key and the number of times it appears in the string as the value.
	Write a Python function that takes a list of integers and returns a dictionary where the keys are the integers from the list and the values are the number of times each integer appears in the list.
	Write a Python function that takes a list of strings and returns a dictionary where the keys are the strings and the values are the lengths of those strings.
	Write a Python function that takes a list of dictionaries, each representing a person with a 'name' and 'age', and returns a dictionary where the keys are the names and the values are the ages of the people.
	Write a Python function that takes a dictionary and a threshold value, and returns a new dictionary containing only the items where the value exceeds the threshold.
	Write a Python function that takes a list of tuples, where each tuple contains a key-value pair, and returns a dictionary constructed from those tuples.
	Write a Python function that takes a string and returns a list of all the unique characters in that string, preserving their order of first appearance.
	Write a Python function that takes two strings and returns True if they are anagrams of each other (contain the same characters in a different order), and False otherwise.
	Write a Python function that takes a list of integers and returns a set containing the squares of those integers.
	Write a Python function that takes two sets and returns their union (all unique elements from both sets).
	Write a Python function that takes a list of integers and returns a new list containing only the integers that are prime numbers.
	Write a Python function that takes a list of integers and returns a list of integers that are the Fibonacci numbers present in the list.
	Write a Python function that takes a string and returns a dictionary with each character as the key and the number of times it appears in the string as the value, but only for characters that appear more than once.
	Write a Python function that takes a string and returns a new string with all the words reversed but the order of the words preserved.
	Write a Python function that takes two lists of integers and returns True if the first list is a subset of the second list, and False otherwise.
	Write a Python function that takes a list of integers and returns a dictionary where the keys are the integers from the list and the values are the squares of those integers.
	Write a Python function that takes a list of integers and returns a list of integers that are not present in a given list of excluded integers.
	Write a Python function that takes a list of integers and returns a list of integers that are the unique elements in the list (appear only once) but sorted in ascending order.
	Write a Python function that takes a list of integers and returns a list of all possible combinations of those integers (the order of integers in combinations does not matter).
	Write a Python function that takes a string and returns a new string where each word is reversed but the order of the words is preserved.
	Write a Python function that takes a list of tuples, where each tuple contains a name and an age, and returns a dictionary where the keys are the names and the values are the ages of the people.
	Write a Python function that takes a list of integers and returns a new list containing only the integers that are odd.
	Write a Python function that takes a string and returns a new string containing only the uppercase letters from the original string.
	Write a Python function that takes a list of strings and returns the longest string in the list. If there are multiple strings of the same maximum length, return the first one encountered. If the list is empty, return None.
	Write a Python function that takes a list of integers and returns a new list containing only the integers that are less than a specified threshold value.
	Write a Python function that takes a list of integers and returns the maximum integer in the list. If the list is empty, return None.
	Write a Python function that takes a string and returns a list of all the unique characters in that string, sorted in alphabetical order.
	Write a Python function that takes a list of integers and returns a new list containing only the integers that are multiples of a specified number.
	Write a Python function that takes a string and returns a new string with all the vowels removed, while preserving the order of the remaining characters.
	Write a Python function that takes a list of integers and returns a new list containing only the prime numbers from the original list.
	Write a Python function that takes a string and returns a new string with all the digits removed.
	Write a Python function that takes a string and returns a new string where every second character is removed.
	Write a Python function that takes a string and returns a new string containing only the consonants from the original string, preserving their order.
	Write a Python function that takes a list of integers and returns a new list containing only the integers that are perfect squares.
	Write a Python function that takes a list of integers and returns a list of all possible pairs of integers from that list. Each pair should be represented as a tuple, and the order of the pairs does not matter.
	Write a Python function that takes a string and returns a new string where each word is capitalized (the first letter of each word is uppercase and the rest are lowercase).

Failed tasks that are too hard: 
	Write a Python function that takes a dictionary and returns a new dictionary with the keys and values swapped. If there are duplicate values, keep only one of the keys.
	Write a Python function that takes a dictionary and returns a new dictionary containing only the items where the value is greater than a specified threshold.
	Write a Python function that takes a string and returns a new string with all the consonants removed.
	Write a Python function that takes a string and returns a dictionary with each character as the key and the number of times it appears in the string as the value, but only for characters that are vowels (a, e, i, o, u).
	Write a Python function that takes a string and returns a dictionary with each vowel as the key and the number of times it appears in the string as the value.
	Write a Python function that takes a string and returns a dictionary with each vowel as the key and the number of times it appears in the string as the value.
	Write a Python function that takes a string and returns a dictionary with each vowel as the key and the number of times it appears in the string as the value, while ignoring case.
	Write a Python function that takes a string and returns a dictionary with each vowel as the key and the number of times it appears in the string as the value, while ignoring case.
	Write a Python function that takes a string and returns a dictionary with each consonant as the key and the number of times it appears in the string as the value, while ignoring case.
	Write a Python function that takes a string and returns a dictionary with each vowel as the key and the number of times it appears in the string as the value, while ignoring case.
	Write a Python function that takes a string and returns a new string with all the consonants removed, preserving the order of the vowels and non-alphabetic characters.
	Write a Python function that takes a string and returns a dictionary with each vowel as the key and the number of times it appears in the string as the value, while ignoring case.
	Write a Python function that takes a string and returns a dictionary with each vowel as the key and the number of times it appears in the string as the value, while ignoring case.
	Write a Python function that takes a string and returns a dictionary with each vowel as the key and the number of times it appears in the string as the value, while ignoring case.
	Write a Python function that takes a string and returns a dictionary with each consonant as the key and the number of times it appears in the string as the value, while ignoring case.


INFO - [Task id] 75 [generation text] 
INFO - {
    "reasoning": "The questions selected cover a variety of Python programming concepts, including data structures (lists, dictionaries, strings), algorithms (sorting, filtering), and string manipulation. This diversity will help in tackling different types of problems and enhance programming skills.",
    "question_concept_list": [
        {
            "question": "How do you find the maximum value in a list of integers without using the built-in max function?",
            "concept": "list"
        },
        {
            "question": "What is the best way to merge two dictionaries while handling duplicate keys?",
            "concept": "dictionary"
        },
        {
            "question": "How can you implement a function to check if a string is a valid palindrome, ignoring spaces and punctuation?",
            "concept": "string"
        },
        {
            "question": "What is the method to generate all permutations of a list of integers?",
            "concept": "algorithm"
        },
        {
            "question": "How do you create a function that counts the frequency of each word in a given string?",
            "concept": "string"
        }
    ]
}
INFO - {
    "reasoning": "The questions selected cover a variety of Python programming concepts, including data structures (lists, dictionaries, strings), algorithms (sorting, filtering), and string manipulation. This diversity will help in tackling different types of problems and enhance programming skills.",
    "question_concept_list": [
        {
            "question": "How do you find the maximum value in a list of integers without using the built-in max function?",
            "concept": "list"
        },
        {
            "question": "What is the best way to merge two dictionaries while handling duplicate keys?",
            "concept": "dictionary"
        },
        {
            "question": "How can you implement a function to check if a string is a valid palindrome, ignoring spaces and punctuation?",
            "concept": "string"
        },
        {
            "question": "What is the method to generate all permutations of a list of integers?",
            "concept": "algorithm"
        },
        {
            "question": "How do you create a function that counts the frequency of each word in a given string?",
            "concept": "string"
        }
    ]
}
INFO - LM call n parse attempt 1 / 3

INFO - [Task id] 75 [prompt] 
You are a helpful assistant that answer my question about Python programming.

I will give you the following information:
Question: ...

You will answer the question based on the context (only if available and helpful) and your own knowledge of Python programming.
1) Start your answer with "Answer: ".
2) Answer "Answer: Unknown" if you don't know the answer.

INFO - [Task id] 75 [prompt] Question: How can you implement a function to check if a string is a valid palindrome, ignoring spaces and punctuation?
INFO - [Task id] 75 [generation text] Answer: You can implement a function to check if a string is a valid palindrome by first normalizing the string by removing spaces and punctuation, and then comparing the cleaned string to its reverse. Here’s a sample implementation in Python:

```python
import string

def is_palindrome(s):
    # Normalize the string: remove punctuation and spaces, and convert to lowercase
    normalized_str = ''.join(char.lower() for char in s if char.isalnum())
    
    # Check if the normalized string is equal to its reverse
    return normalized_str == normalized_str[::-1]

# Example usage
print(is_palindrome("A man, a plan, a canal: Panama"))  # Output: True
print(is_palindrome("race a car"))  # Output: False
```

In this function:
- We use a generator expression to iterate over each character in the string, keeping only alphanumeric characters and converting them to lowercase.
- We then check if the cleaned string is the same as its reverse using slicing.
INFO - LM call n parse attempt 1 / 3

INFO - [Task id] 75 [prompt] 
You are a helpful assistant that answer my question about Python programming.

I will give you the following information:
Question: ...

You will answer the question based on the context (only if available and helpful) and your own knowledge of Python programming.
1) Start your answer with "Answer: ".
2) Answer "Answer: Unknown" if you don't know the answer.

INFO - [Task id] 75 [prompt] Question: How do you create a function that counts the frequency of each word in a given string?
INFO - [Task id] 75 [generation text] Answer: You can create a function that counts the frequency of each word in a given string by using a dictionary to store the words as keys and their counts as values. Here's a simple implementation:

```python
def word_frequency(text):
    # Convert the text to lowercase to make the count case-insensitive
    text = text.lower()
    
    # Remove punctuation from the text
    import string
    text = text.translate(str.maketrans('', '', string.punctuation))
    
    # Split the text into words
    words = text.split()
    
    # Create a dictionary to hold the frequency of each word
    frequency = {}
    
    # Count the frequency of each word
    for word in words:
        if word in frequency:
            frequency[word] += 1
        else:
            frequency[word] = 1
            
    return frequency

# Example usage
text = "Hello world! Hello everyone. Welcome to the world of Python."
print(word_frequency(text))
```

This function first converts the input string to lowercase and removes punctuation. It then splits the string into words and counts the occurrences of each word using a dictionary. The result is a dictionary where the keys are the words and the values are their respective counts.
INFO - LM call n parse attempt 1 / 5

INFO - [Task id] 75 [prompt] 
You are a helpful assistant that tells me the next immediate task (in the form of a function) to do for Python programming. 
My ultimate goal is to solve as many diverse problems as possible and become the best programmer in the world.

I will give you the following information:
Question 1: ...
Answer: ...
Question 2: ...
Answer: ...
Question 3: ...
Answer: ...
...
Completed tasks so far: ...
Failed tasks that are too hard: ...

You must follow the following criteria:
1) You should act as a mentor and guide me to the next task based on my current learning progress. As a rule of thumb, guide me through beginner problems, followed by interview level problems, followed by competitive programming problems. The latter 2 levels can involve concepts from data structures and algorithms.
2) Please be very specific about what skills I need to learn.
3) Do not propose multiple tasks at the same time. Do not mention anything else.
4) The next task should not be too hard since I may not have learned enough skills to complete it yet.
5) The next task should be novel and interesting. I should look for problems which I have not solved yet. I should not be doing the same thing over and over again.
6) The task should involve writing a main Python function that at most use basic libraries (try not to import too many or too advanced modules)
7) Do not give tasks that require file operations (create, read, update, delete) or an internet connection.
8) I am only allowed to write Python functions, so do not require me to write other things (e.g. objects). 
9) Requiring me to write a function that takes in an object and uses object methods is still ok, but I cannot define the objects myself. You must provide the objects as input to my function in the assert statement.

Take note of these in your response:
1) Give an expected function name for the task.
2) Give a tuple of 3 assert statements that tests the function's correctness in the "test_tuple" field. This must strictly contain single-line assert statements only; any setup code for the test must be filled in the "test_setup_code" field.
3) The function name which you gave must be called in the assert statements. 

Respond in JSON, and follow the keys and expected format of the values strictly.


Response format:
The output should be formatted as a JSON instance that conforms to the JSON schema below.

As an example, for the schema {"properties": {"foo": {"title": "Foo", "description": "a list of strings", "type": "array", "items": {"type": "string"}}}, "required": ["foo"]}
the object {"foo": ["bar", "baz"]} is a well-formatted instance of the schema. The object {"properties": {"foo": ["bar", "baz"]}} is not well-formatted.

Here is the output schema:
```
{"properties": {"reasoning": {"description": "Based on the information listed above, reason about what the next task should be.", "title": "Reasoning", "type": "string"}, "task": {"description": "The next task, which requires me to write a single function. Be sure to state the expected data structure for inputs and outputs.", "title": "Task", "type": "string"}, "gt_fn_name": {"description": "The expected name for the single function for the task", "title": "Gt Fn Name", "type": "string"}, "test_setup_code": {"description": "setup code, if required. This will be run just before the assert statements are executed.", "title": "Test Setup Code", "type": "string"}, "test_tuple": {"description": "Tuple of 3 SINGLE-LINE test cases that starts with 'assert' to test the function's correctness.Any extra required code should be written in the test_setup_code field.", "items": {"type": "string"}, "maxItems": 3, "minItems": 3, "prefixItems": [{"type": "string"}, {"type": "string"}, {"type": "string"}], "title": "Test Tuple", "type": "array"}}, "required": ["reasoning", "task", "gt_fn_name", "test_setup_code", "test_tuple"]}
```


INFO - [Task id] 75 [prompt] 
Here's an example response:
{
    "reasoning": "The student has shown proficiency in basic Python syntax and list manipulation, but struggles with problems involving more complex algorithms and data structures. This task will help them practice using sets or dictionaries for efficient lookups, and understand the concept of algorithmic complexity.",
    "task": "Write a Python function that takes a list of integers and returns the tuple of two numbers that sum up to zero. If no such pair exists, return None.",
    "gt_fn_name": "find_zero_sum",
    "test_setup_code": "",
    "test_tuple": [
        "assert find_zero_sum([1, 2, 3, -2, -1]) == (2, -2)",
        "assert find_zero_sum([1, 2, 3, 4, 5]) == None",
        "assert find_zero_sum([1, 4, 3, -4, -1]) == (4, -4)"
    ]
}

INFO - [Task id] 75 [prompt] Question 1: How do you find the maximum value in a list of integers without using the built-in max function?
Answer: You can find the maximum value in a list of integers by iterating through the list and keeping track of the largest value found so far. Here’s a simple implementation:

```python
def find_maximum(numbers):
    if not numbers:  # Check if the list is empty
        return None  # or raise an exception

    max_value = numbers[0]  # Assume the first number is the maximum
    for number in numbers:
        if number > max_value:
            max_value = number  # Update max_value if a larger number is found
    return max_value

# Example usage:
numbers = [3, 1, 4, 1, 5, 9, 2, 6, 5]
print(find_maximum(numbers))  # Output: 9
```

This function initializes `max_value` with the first element of the list and then iterates through the list, updating `max_value` whenever it finds a larger number.

Question 2: What is the best way to merge two dictionaries while handling duplicate keys?
Answer: In Python, you can merge two dictionaries while handling duplicate keys using several methods. Here are a few common approaches:

1. **Using the `update()` method**: This method updates the first dictionary with the second one. If there are duplicate keys, the values from the second dictionary will overwrite those in the first.

   ```python
   dict1 = {'a': 1, 'b': 2}
   dict2 = {'b': 3, 'c': 4}
   dict1.update(dict2)
   # dict1 is now {'a': 1, 'b': 3, 'c': 4}
   ```

2. **Using dictionary comprehension**: You can create a new dictionary that combines both, allowing you to define how to handle duplicates.

   ```python
   dict1 = {'a': 1, 'b': 2}
   dict2 = {'b': 3, 'c': 4}
   merged_dict = {k: dict2.get(k, dict1.get(k)) for k in set(dict1) | set(dict2)}
   # merged_dict is now {'a': 1, 'b': 3, 'c': 4}
   ```

3. **Using the `|` operator (Python 3.9 and later)**: This operator allows you to merge dictionaries easily. In case of duplicate keys, the values from the second dictionary will take precedence.

   ```python
   dict1 = {'a': 1, 'b': 2}
   dict2 = {'b': 3, 'c': 4}
   merged_dict = dict1 | dict2
   # merged_dict is now {'a': 1, 'b': 3, 'c': 4}
   ```

4. **Using `collections.ChainMap`**: This allows you to create a view that combines multiple dictionaries, but it does not create a new dictionary. The first dictionary's values will be used in case of duplicates.

   ```python
   from collections import ChainMap

   dict1 = {'a': 1, 'b': 2}
   dict2 = {'b': 3, 'c': 4}
   merged = ChainMap(dict2, dict1)
   # Accessing merged['b'] will return 3
   ```

Choose the method that best fits your needs based on how you want to handle duplicate keys.

Question 3: How can you implement a function to check if a string is a valid palindrome, ignoring spaces and punctuation?
Answer: You can implement a function to check if a string is a valid palindrome by first normalizing the string by removing spaces and punctuation, and then comparing the cleaned string to its reverse. Here’s a sample implementation in Python:

```python
import string

def is_palindrome(s):
    # Normalize the string: remove punctuation and spaces, and convert to lowercase
    normalized_str = ''.join(char.lower() for char in s if char.isalnum())
    
    # Check if the normalized string is equal to its reverse
    return normalized_str == normalized_str[::-1]

# Example usage
print(is_palindrome("A man, a plan, a canal: Panama"))  # Output: True
print(is_palindrome("race a car"))  # Output: False
```

In this function:
- We use a generator expression to iterate over each character in the string, keeping only alphanumeric characters and converting them to lowercase.
- We then check if the cleaned string is the same as its reverse using slicing.

Question 4: How can you generate all permutations of a list of integers?
Answer: You can generate all permutations of a list of integers in Python using the `itertools` module, specifically the `permutations` function. Here’s an example of how to do this:

```python
import itertools

# Example list of integers
numbers = [1, 2, 3]

# Generate all permutations
permutations = list(itertools.permutations(numbers))

# Print the permutations
for perm in permutations:
    print(perm)
```

This code will output all possible permutations of the list `[1, 2, 3]`. Each permutation is represented as a tuple. If you want the permutations as lists instead of tuples, you can convert them like this:

```python
permutations_as_lists = [list(perm) for perm in itertools.permutations(numbers)]
```

This will give you a list of lists containing all the permutations.

Question 5: How do you create a function that counts the frequency of each word in a given string?
Answer: You can create a function that counts the frequency of each word in a given string by using a dictionary to store the words as keys and their counts as values. Here's a simple implementation:

```python
def word_frequency(text):
    # Convert the text to lowercase to make the count case-insensitive
    text = text.lower()
    
    # Remove punctuation from the text
    import string
    text = text.translate(str.maketrans('', '', string.punctuation))
    
    # Split the text into words
    words = text.split()
    
    # Create a dictionary to hold the frequency of each word
    frequency = {}
    
    # Count the frequency of each word
    for word in words:
        if word in frequency:
            frequency[word] += 1
        else:
            frequency[word] = 1
            
    return frequency

# Example usage
text = "Hello world! Hello everyone. Welcome to the world of Python."
print(word_frequency(text))
```

This function first converts the input string to lowercase and removes punctuation. It then splits the string into words and counts the occurrences of each word using a dictionary. The result is a dictionary where the keys are the words and the values are their respective counts.

Completed tasks so far (do not give me these tasks again!): 
	Write a Python function that takes a list of integers and returns a list of unique integers from that list.
	Write a Python function that takes a list of integers and returns a dictionary with the integers as keys and their counts as values.
	Write a Python function that takes two lists of integers and returns a list of integers that are present in both lists (the intersection).
	Write a Python function that takes a list of integers and returns a list of integers that are unique (appear only once) in the list.
	Write a Python function that takes a list of integers and returns a list of integers that are duplicates (appear more than once) in the list.
	Write a Python function that takes a list of integers and returns the second largest integer in the list. If the list has fewer than two unique integers, return None.
	Write a Python function that takes a list of integers and returns a new list containing only the even integers from the original list.
	Write a Python function that takes a list of integers and returns a list of integers that are greater than a given threshold value.
	Write a Python function that takes a string and returns the number of vowels in that string.
	Write a Python function that takes a string and returns a set of unique characters in that string.
	Write a Python function that takes a string and returns True if it is a palindrome (reads the same forwards and backwards), and False otherwise.
	Write a Python function that takes a string and returns a new string containing only the digits from the original string.
	Write a Python function that takes a list of strings and returns a new list containing only the strings that have a length greater than a specified threshold.
	Write a Python function that takes a list of strings and returns a new list of those strings sorted by their length in descending order.
	Write a Python function that takes a list of strings and returns a new list containing the lengths of each string in the original list.
	Write a Python function that takes a string and returns a new string with all the vowels removed.
	Write a Python function that takes a string and returns the number of distinct characters in that string.
	Write a Python function that takes two dictionaries and merges them. If there are duplicate keys, the values from the second dictionary should overwrite those from the first.
	Write a Python function that takes a string and returns a new string where each character is repeated twice.
	Write a Python function that takes a list of integers and returns a list of integers that are present in the list but not in a given set of excluded integers.
	Write a Python function that takes a list of integers and returns a new list containing only the integers that are multiples of a given number.
	Write a Python function that takes a tuple of integers and returns a new tuple containing only the even integers from the original tuple.
	Write a Python function that takes a string and returns a dictionary with each character as the key and the number of times it appears in the string as the value.
	Write a Python function that takes a list of integers and returns a dictionary where the keys are the integers from the list and the values are the number of times each integer appears in the list.
	Write a Python function that takes a list of strings and returns a dictionary where the keys are the strings and the values are the lengths of those strings.
	Write a Python function that takes a list of dictionaries, each representing a person with a 'name' and 'age', and returns a dictionary where the keys are the names and the values are the ages of the people.
	Write a Python function that takes a dictionary and a threshold value, and returns a new dictionary containing only the items where the value exceeds the threshold.
	Write a Python function that takes a list of tuples, where each tuple contains a key-value pair, and returns a dictionary constructed from those tuples.
	Write a Python function that takes a string and returns a list of all the unique characters in that string, preserving their order of first appearance.
	Write a Python function that takes two strings and returns True if they are anagrams of each other (contain the same characters in a different order), and False otherwise.
	Write a Python function that takes a list of integers and returns a set containing the squares of those integers.
	Write a Python function that takes two sets and returns their union (all unique elements from both sets).
	Write a Python function that takes a list of integers and returns a new list containing only the integers that are prime numbers.
	Write a Python function that takes a list of integers and returns a list of integers that are the Fibonacci numbers present in the list.
	Write a Python function that takes a string and returns a dictionary with each character as the key and the number of times it appears in the string as the value, but only for characters that appear more than once.
	Write a Python function that takes a string and returns a new string with all the words reversed but the order of the words preserved.
	Write a Python function that takes two lists of integers and returns True if the first list is a subset of the second list, and False otherwise.
	Write a Python function that takes a list of integers and returns a dictionary where the keys are the integers from the list and the values are the squares of those integers.
	Write a Python function that takes a list of integers and returns a list of integers that are not present in a given list of excluded integers.
	Write a Python function that takes a list of integers and returns a list of integers that are the unique elements in the list (appear only once) but sorted in ascending order.
	Write a Python function that takes a list of integers and returns a list of all possible combinations of those integers (the order of integers in combinations does not matter).
	Write a Python function that takes a string and returns a new string where each word is reversed but the order of the words is preserved.
	Write a Python function that takes a list of tuples, where each tuple contains a name and an age, and returns a dictionary where the keys are the names and the values are the ages of the people.
	Write a Python function that takes a list of integers and returns a new list containing only the integers that are odd.
	Write a Python function that takes a string and returns a new string containing only the uppercase letters from the original string.
	Write a Python function that takes a list of strings and returns the longest string in the list. If there are multiple strings of the same maximum length, return the first one encountered. If the list is empty, return None.
	Write a Python function that takes a list of integers and returns a new list containing only the integers that are less than a specified threshold value.
	Write a Python function that takes a list of integers and returns the maximum integer in the list. If the list is empty, return None.
	Write a Python function that takes a string and returns a list of all the unique characters in that string, sorted in alphabetical order.
	Write a Python function that takes a list of integers and returns a new list containing only the integers that are multiples of a specified number.
	Write a Python function that takes a string and returns a new string with all the vowels removed, while preserving the order of the remaining characters.
	Write a Python function that takes a list of integers and returns a new list containing only the prime numbers from the original list.
	Write a Python function that takes a string and returns a new string with all the digits removed.
	Write a Python function that takes a string and returns a new string where every second character is removed.
	Write a Python function that takes a string and returns a new string containing only the consonants from the original string, preserving their order.
	Write a Python function that takes a list of integers and returns a new list containing only the integers that are perfect squares.
	Write a Python function that takes a list of integers and returns a list of all possible pairs of integers from that list. Each pair should be represented as a tuple, and the order of the pairs does not matter.
	Write a Python function that takes a string and returns a new string where each word is capitalized (the first letter of each word is uppercase and the rest are lowercase).

Failed tasks that are too hard: 
	Write a Python function that takes a dictionary and returns a new dictionary with the keys and values swapped. If there are duplicate values, keep only one of the keys.
	Write a Python function that takes a dictionary and returns a new dictionary containing only the items where the value is greater than a specified threshold.
	Write a Python function that takes a string and returns a new string with all the consonants removed.
	Write a Python function that takes a string and returns a dictionary with each character as the key and the number of times it appears in the string as the value, but only for characters that are vowels (a, e, i, o, u).
	Write a Python function that takes a string and returns a dictionary with each vowel as the key and the number of times it appears in the string as the value.
	Write a Python function that takes a string and returns a dictionary with each vowel as the key and the number of times it appears in the string as the value.
	Write a Python function that takes a string and returns a dictionary with each vowel as the key and the number of times it appears in the string as the value, while ignoring case.
	Write a Python function that takes a string and returns a dictionary with each vowel as the key and the number of times it appears in the string as the value, while ignoring case.
	Write a Python function that takes a string and returns a dictionary with each consonant as the key and the number of times it appears in the string as the value, while ignoring case.
	Write a Python function that takes a string and returns a dictionary with each vowel as the key and the number of times it appears in the string as the value, while ignoring case.
	Write a Python function that takes a string and returns a new string with all the consonants removed, preserving the order of the vowels and non-alphabetic characters.
	Write a Python function that takes a string and returns a dictionary with each vowel as the key and the number of times it appears in the string as the value, while ignoring case.
	Write a Python function that takes a string and returns a dictionary with each vowel as the key and the number of times it appears in the string as the value, while ignoring case.
	Write a Python function that takes a string and returns a dictionary with each vowel as the key and the number of times it appears in the string as the value, while ignoring case.
	Write a Python function that takes a string and returns a dictionary with each consonant as the key and the number of times it appears in the string as the value, while ignoring case.


INFO - [Task id] 75 [generation text] 
INFO - {
    "reasoning": "The student has demonstrated a solid understanding of basic string manipulation and dictionary usage. The next task should involve a slightly more complex problem that combines these skills, such as counting the frequency of characters in a string while ignoring case. This will help reinforce their understanding of dictionaries and string processing.",
    "task": "Write a Python function that takes a string and returns a dictionary with each character as the key and the number of times it appears in the string as the value, ignoring case.",
    "gt_fn_name": "char_frequency_ignore_case",
    "test_setup_code": "",
    "test_tuple": [
        "assert char_frequency_ignore_case('Hello World') == {'h': 1, 'e': 1, 'l': 3, 'o': 2, ' ': 1, 'w': 1, 'r': 1, 'd': 1}",
        "assert char_frequency_ignore_case('Python') == {'p': 1, 'y': 1, 't': 1, 'h': 1, 'o': 1, 'n': 1}",
        "assert char_frequency_ignore_case('') == {}"
    ]
}
INFO - {
    "reasoning": "The student has demonstrated a solid understanding of basic string manipulation and dictionary usage. The next task should involve a slightly more complex problem that combines these skills, such as counting the frequency of characters in a string while ignoring case. This will help reinforce their understanding of dictionaries and string processing.",
    "task": "Write a Python function that takes a string and returns a dictionary with each character as the key and the number of times it appears in the string as the value, ignoring case.",
    "gt_fn_name": "char_frequency_ignore_case",
    "test_setup_code": "",
    "test_tuple": [
        "assert char_frequency_ignore_case('Hello World') == {'h': 1, 'e': 1, 'l': 3, 'o': 2, ' ': 1, 'w': 1, 'r': 1, 'd': 1}",
        "assert char_frequency_ignore_case('Python') == {'p': 1, 'y': 1, 't': 1, 'h': 1, 'o': 1, 'n': 1}",
        "assert char_frequency_ignore_case('') == {}"
    ]
}
INFO - The task prompt is Write a Python function that takes a string and returns a dictionary with each character as the key and the number of times it appears in the string as the value, ignoring case.
You must strictly follow the function name: char_frequency_ignore_case

INFO - LM call n parse attempt 1 / 3

INFO - [Task id] 75 [prompt] 
You are a helpful assistant that answer my question about Python programming.

I will give you the following information:
Question: ...

You will answer the question based on the context (only if available and helpful) and your own knowledge of Python programming.
1) Start your answer with "Answer: ".
2) Answer "Answer: Unknown" if you don't know the answer.

INFO - [Task id] 75 [prompt] Question: Explain at a conceptual level, how to accomplish the below task in Python programming?
Write a Python function that takes a string and returns a dictionary with each character as the key and the number of times it appears in the string as the value, ignoring case.
INFO - [Task id] 75 [generation text] Answer: To accomplish the task of counting the occurrences of each character in a string while ignoring case, you can follow these conceptual steps:

1. **Define a Function**: Start by defining a function that takes a string as an argument.

2. **Normalize Case**: Convert the entire string to a consistent case (either lower or upper) to ensure that character counting is case-insensitive.

3. **Initialize a Dictionary**: Create an empty dictionary to store the character counts.

4. **Iterate Through the String**: Loop through each character in the normalized string.

5. **Count Characters**: For each character, check if it is already a key in the dictionary:
   - If it is, increment its value by 1.
   - If it is not, add it to the dictionary with a value of 1.

6. **Return the Dictionary**: After processing all characters, return the dictionary containing the counts.

Here is a simple example of how the function might look in code:

```python
def count_characters(s):
    s = s.lower()  # Normalize to lower case
    char_count = {}  # Initialize an empty dictionary
    
    for char in s:  # Iterate through each character
        if char in char_count:  # Check if character is already in the dictionary
            char_count[char] += 1  # Increment the count
        else:
            char_count[char] = 1  # Add the character to the dictionary with count 1
            
    return char_count  # Return the dictionary with character counts
```

This function will effectively count the occurrences of each character in the input string, ignoring case differences.
INFO - Attempting task_id 75
INFO - [35m Rollout attempt 1/4[0m
INFO - [33m Retrieving 5 entries for db: skill 
 [0m
INFO - [33m count_characters, count_repeated_characters, count_distinct_characters, count_occurrences, count_occurrences_v2[0m
INFO - LM call n parse attempt 1 / 3

INFO - [Task id] 75 [prompt] You are a helpful assistant that writes python code to solve a task specified by me.

Here are some useful functions written earlier which you can reuse or reference.


[Entry]:


    def count_characters(input_string):
        char_count = {}
        for char in input_string:
            if (char in char_count):
                char_count[char] += 1
            else:
                char_count[char] = 1
        return char_count

[/Entry]

[Entry]:


    def count_repeated_characters(s):
        char_count = {}
        for char in s:
            if (char in char_count):
                char_count[char] += 1
            else:
                char_count[char] = 1
        result = {char: count for (char, count) in char_count.items() if (count > 1)}
        return result

[/Entry]

[Entry]:


    def count_distinct_characters(s):
        distinct_characters = set(s)
        return len(distinct_characters)

[/Entry]

[Entry]:


    def count_occurrences(int_list):
        counts = {}
        for num in int_list:
            if (num in counts):
                counts[num] += 1
            else:
                counts[num] = 1
        return counts

[/Entry]

[Entry]:


    def count_occurrences_v2(int_list):
        counts = {}
        for num in int_list:
            if (num in counts):
                counts[num] += 1
            else:
                counts[num] = 1
        return counts

[/Entry]






At each round of conversation, I will give you
[Environment feedback] (after executing code) ...
[Code from the last round] ...
[Task] ...
[Context] ...
[Critique] ...

You should then respond to me with
Explain (if applicable): Are there any steps missing in your plan? Why does the code not complete the task? What does the chat log and execution error imply?
Plan: How to complete the task step by step. 
Code:
    1) Reuse or reference the above useful programs if necessary.
    2) Your function will be reused for building more complex functions. Therefore, you should make it generic and reusable. 
    3) Functions in the "Code from the last round" section will not be saved or executed. Do not reuse functions listed there.
    4) Anything defined outside a function will be ignored, define all your variables inside your functions.
    5) Do not write infinite loops.
    6) If the task specifies a function name to be used, follow it strictly (be case sensitive!). Else, name your function in a meaningful way (can infer the task from the name).
    7) Your code should only contain elements that solve the task, so DO NOT write any assert statements / tests
    8) The context in the [Context] tag serves as a casual tip (which can be wrong) to help you on the task, but your priority is to follow instructions in the [Task] tag.

You should only respond in the format as described below:
RESPONSE FORMAT:

Explain: ...
Plan:
1) ...
2) ...
3) ...
...
Code:
```python
# helper functions (only if needed, try to avoid them)
...
# main function after the helper functions
def yourMainFunctionName(args):
  # ...

```


INFO - [Task id] 75 [prompt] [Environment feedback]
None

[Code from the last round]
No code in the first round

[Task]
Write a Python function that takes a string and returns a dictionary with each character as the key and the number of times it appears in the string as the value, ignoring case.
You must strictly follow the function name: char_frequency_ignore_case

[Context]
Rough plan to accomplish the task (can be wrong): 
Answer: To accomplish the task of counting the occurrences of each character in a string while ignoring case, you can follow these conceptual steps:

1. **Define a Function**: Start by defining a function that takes a string as an argument.

2. **Normalize Case**: Convert the entire string to a consistent case (either lower or upper) to ensure that character counting is case-insensitive.

3. **Initialize a Dictionary**: Create an empty dictionary to store the character counts.

4. **Iterate Through the String**: Loop through each character in the normalized string.

5. **Count Characters**: For each character, check if it is already a key in the dictionary:
   - If it is, increment its value by 1.
   - If it is not, add it to the dictionary with a value of 1.

6. **Return the Dictionary**: After processing all characters, return the dictionary containing the counts.

Here is a simple example of how the function might look in code:

```python
def count_characters(s):
    s = s.lower()  # Normalize to lower case
    char_count = {}  # Initialize an empty dictionary
    
    for char in s:  # Iterate through each character
        if char in char_count:  # Check if character is already in the dictionary
            char_count[char] += 1  # Increment the count
        else:
            char_count[char] = 1  # Add the character to the dictionary with count 1
            
    return char_count  # Return the dictionary with character counts
```

This function will effectively count the occurrences of each character in the input string, ignoring case differences.


[Critique]
None


INFO - [Task id] 75 [generation text] Explain: The rough plan provided is mostly correct and outlines the necessary steps to achieve the task. However, it does not explicitly mention handling non-alphabetic characters, which should be included in the character count. The example code is also not using the specified function name `char_frequency_ignore_case`.

Plan:
1) Define the function `char_frequency_ignore_case` that takes a string as an argument.
2) Normalize the string to lower case to ensure case insensitivity.
3) Initialize an empty dictionary to store character counts.
4) Iterate through each character in the normalized string.
5) For each character, check if it is already in the dictionary:
   - If it is, increment its count.
   - If it is not, add it to the dictionary with a count of 1.
6) Return the dictionary containing the character counts.

Code:
```python
def char_frequency_ignore_case(input_string):
    input_string = input_string.lower()  # Normalize to lower case
    char_count = {}  # Initialize an empty dictionary
    
    for char in input_string:  # Iterate through each character
        if char in char_count:  # Check if character is already in the dictionary
            char_count[char] += 1  # Increment the count
        else:
            char_count[char] = 1  # Add the character to the dictionary with count 1
            
    return char_count  # Return the dictionary with character counts
```
INFO - program_code:
 

def char_frequency_ignore_case(input_string):
    input_string = input_string.lower()
    char_count = {}
    for char in input_string:
        if (char in char_count):
            char_count[char] += 1
        else:
            char_count[char] = 1
    return char_count


INFO - program_name:
 char_frequency_ignore_case

INFO - dependencies:
 []

INFO - raw_msg:
 Explain: The rough plan provided is mostly correct and outlines the necessary steps to achieve the task. However, it does not explicitly mention handling non-alphabetic characters, which should be included in the character count. The example code is also not using the specified function name `char_frequency_ignore_case`.

Plan:
1) Define the function `char_frequency_ignore_case` that takes a string as an argument.
2) Normalize the string to lower case to ensure case insensitivity.
3) Initialize an empty dictionary to store character counts.
4) Iterate through each character in the normalized string.
5) For each character, check if it is already in the dictionary:
   - If it is, increment its count.
   - If it is not, add it to the dictionary with a count of 1.
6) Return the dictionary containing the character counts.

Code:
```python
def char_frequency_ignore_case(input_string):
    input_string = input_string.lower()  # Normalize to lower case
    char_count = {}  # Initialize an empty dictionary
    
    for char in input_string:  # Iterate through each character
        if char in char_count:  # Check if character is already in the dictionary
            char_count[char] += 1  # Increment the count
        else:
            char_count[char] = 1  # Add the character to the dictionary with count 1
            
    return char_count  # Return the dictionary with character counts
```

INFO - no_parent:
 True

INFO - full code to be executed: 
 

def char_frequency_ignore_case(input_string):
    input_string = input_string.lower()
    char_count = {}
    for char in input_string:
        if (char in char_count):
            char_count[char] += 1
        else:
            char_count[char] = 1
    return char_count


INFO - obs: Tests passed:
assert char_frequency_ignore_case('Hello World') == {'h': 1, 'e': 1, 'l': 3, 'o': 2, ' ': 1, 'w': 1, 'r': 1, 'd': 1}
assert char_frequency_ignore_case('Python') == {'p': 1, 'y': 1, 't': 1, 'h': 1, 'o': 1, 'n': 1}
assert char_frequency_ignore_case('') == {}

Tests failed:
None
reward: True
done: None
info: {'individual_results': (True, True, True)}
INFO - LM call n parse attempt 1 / 5

INFO - [Task id] 75 [prompt] 
You are a Python programming assistant that assesses my progress of Python programming and provides useful guidance.

I will give you the following information:

[Task]: The objective I need to accomplish.
[Context]: The context of the task. Serves as a casual tip (which can be wrong) to help me on the task, but my priority is to follow instructions in the Task tag.
[function impl]: My function implementation that is intended to complete the task
[unit test results]: The results after executing my function implementation on the unit tests

Your first goal is to use these info to evaluate if I have met the task requirements, and explain why. 
It is possible that the unit test results all pass, but the code does not accomplish the task (eg by failing to accomplish the task in scenarios not covered by the unit tests)
It is also possible that the unit tests are wrong in the first place, though the code accomplishes the task and fails the unit test.

If I have not met the task requirements, write a few sentences to explain why the function implementation is wrong as indicated by the tests. 
You will need this as guidance when you try again later.
Only provide the few sentence description in your answer, not the implementation. 
Suggest how the function implementation can be changed, NOT the test cases (assert statements)

You should only respond in JSON format as described below:
The output should be formatted as a JSON instance that conforms to the JSON schema below.

As an example, for the schema {"properties": {"foo": {"title": "Foo", "description": "a list of strings", "type": "array", "items": {"type": "string"}}}, "required": ["foo"]}
the object {"foo": ["bar", "baz"]} is a well-formatted instance of the schema. The object {"properties": {"foo": ["bar", "baz"]}} is not well-formatted.

Here is the output schema:
```
{"description": "Represents the critique of a task attempt, including reasoning, success status, and suggestions for improvement.\n\nAttributes:\n    reasoning (str): Explanation of why the task was succeeded or failed.\n    success (bool): Indicates whether the task requirements were met.\n    critique (str): Suggestions or critique to help improve future task attempts.", "properties": {"reasoning": {"description": "reason why I have succeeded or failed at the task", "title": "Reasoning", "type": "string"}, "success": {"description": "evaluate if I have met the task requirements", "title": "Success", "type": "boolean"}, "critique": {"description": "critique to help me improve", "title": "Critique", "type": "string"}}, "required": ["reasoning", "success", "critique"]}
```

INFO - [Task id] 75 [prompt] 
Here are some examples:

Example 1:
[function impl]:
```python
def longest_subarray_with_sum_limit(nums: List[int], target: int) -> List[int]:
    n = len(nums)
    left, right = 0, 0
    max_length = 0
    current_sum = 0
    result = []
    while right < n:
        current_sum += nums[right]
        while current_sum > target:
            current_sum -= nums[left]
            left += 1
        if right - left + 1 >= max_length:
            max_length = right - left + 1
            result = nums[left:right+1]
        right += 1
    return result
```
[unit test results]:
Tests passing:
assert longest_subarray_with_sum_limit([1, 2, 3, 4, 5], 8) == [1, 2, 3]
assert longest_subarray_with_sum_limit([1, 2, 3, 4, 5], 15) == [1, 2, 3, 4, 5]
assert longest_subarray_with_sum_limit([1, -1, 2, -2, 3, -3], 2) == [1, -1, 2, -2, 3]
assert longest_subarray_with_sum_limit([], 10) == []
assert longest_subarray_with_sum_limit([], 0) == []
assert longest_subarray_with_sum_limit([], -5) == []  
Tests failing:
assert longest_subarray_with_sum_limit([5, 6, 7, 8, 9], 4) == [] # output: [5]

RESPONSE:
{
    "reasoning": "The implementation failed the test case where no subarray fulfills the condition",
    "success": false,
    "critique": "The issue in the implementation is due to the use of >= instead of > in the condition to update the result. Because of this, it returns a subarray even when the sum is greater than the target, as it still updates the result when the current subarray length is equal to the previous longest subarray length. To overcome this error, we should change the condition to only update the result when the current subarray length is strictly greater than the previous longest subarray length. This can be done by replacing >= with > in the condition."
}


Example 2:
[function impl]:
```python
def longest_subarray_with_sum_limit(nums: List[int], target: int) -> List[int]:
    n = len(nums)
    left, right = 0, 0
    max_length = 0
    current_sum = 0
    result = []
    while current_sum + nums[right] <= target:
        current_sum += nums[right]
        right += 1
    while right < n:
        current_sum += nums[right]
        while current_sum > target:
            current_sum -= nums[left]
            left += 1
        if right - left + 1 > max_length:
            max_length = right - left + 1
            result = nums[left:right+1]
        right += 1
    return result
```
[unit test results]:
Tests passing:
assert longest_subarray_with_sum_limit([], 10) == []
assert longest_subarray_with_sum_limit([], 0) == []
assert longest_subarray_with_sum_limit([], -5) == []
Tests failing:
assert longest_subarray_with_sum_limit([1, 2, 3, 4, 5], 8) == [1, 2, 3] # output: list index out of range
assert longest_subarray_with_sum_limit([1, 2, 3, 4, 5], 15) == [1, 2, 3, 4, 5] # output: list index out of range
assert longest_subarray_with_sum_limit([5, 6, 7, 8, 9], 4) == [] # output: list index out of range
assert longest_subarray_with_sum_limit([1, -1, 2, -2, 3, -3], 2) == [1, -1, 2, -2, 3] # output: list index out of range

RESPONSE:
{
    "reason": "The implementation failed 4 out of the 7 test cases due to an IndexError.",
    "success": false,
    "critique": "The issue stems from the while loop while current_sum + nums[right] <= target:, which directly accesses nums[right] without checking if right is within the bounds of the list. This results in a runtime error when right goes beyond the list length. To overcome this error, we need to add a bounds check for the right variable in the mentioned while loop. We can modify the loop condition to while right < len(nums) and current_sum + nums[right] <= target:. This change will ensure that we only access elements within the bounds of the list, thus avoiding the IndexError."
}


END OF EXAMPLES

INFO - [Task id] 75 [prompt] [Task]:
Write a Python function that takes a string and returns a dictionary with each character as the key and the number of times it appears in the string as the value, ignoring case.
[Context]: 
 Rough plan to accomplish the task (can be wrong): 
Answer: To accomplish the task of counting the occurrences of each character in a string while ignoring case, you can follow these conceptual steps:

1. **Define a Function**: Start by defining a function that takes a string as an argument.

2. **Normalize Case**: Convert the entire string to a consistent case (either lower or upper) to ensure that character counting is case-insensitive.

3. **Initialize a Dictionary**: Create an empty dictionary to store the character counts.

4. **Iterate Through the String**: Loop through each character in the normalized string.

5. **Count Characters**: For each character, check if it is already a key in the dictionary:
   - If it is, increment its value by 1.
   - If it is not, add it to the dictionary with a value of 1.

6. **Return the Dictionary**: After processing all characters, return the dictionary containing the counts.

Here is a simple example of how the function might look in code:

```python
def count_characters(s):
    s = s.lower()  # Normalize to lower case
    char_count = {}  # Initialize an empty dictionary
    
    for char in s:  # Iterate through each character
        if char in char_count:  # Check if character is already in the dictionary
            char_count[char] += 1  # Increment the count
        else:
            char_count[char] = 1  # Add the character to the dictionary with count 1
            
    return char_count  # Return the dictionary with character counts
```

This function will effectively count the occurrences of each character in the input string, ignoring case differences.


[function impl]:


def char_frequency_ignore_case(input_string):
    input_string = input_string.lower()
    char_count = {}
    for char in input_string:
        if (char in char_count):
            char_count[char] += 1
        else:
            char_count[char] = 1
    return char_count

[unit test results]:
Tests passed:
assert char_frequency_ignore_case('Hello World') == {'h': 1, 'e': 1, 'l': 3, 'o': 2, ' ': 1, 'w': 1, 'r': 1, 'd': 1}
assert char_frequency_ignore_case('Python') == {'p': 1, 'y': 1, 't': 1, 'h': 1, 'o': 1, 'n': 1}
assert char_frequency_ignore_case('') == {}

Tests failed:
None

INFO - [Task id] 75 [generation text] 
INFO - {
    "reasoning": "The implementation successfully counts the occurrences of each character in the input string while ignoring case, and all provided unit tests pass without any errors.",
    "success": true,
    "critique": "Great job! Your implementation meets the task requirements effectively. You might consider adding more test cases, such as strings with special characters or numbers, to further validate the robustness of your function."
}
INFO - {
    "reasoning": "The implementation successfully counts the occurrences of each character in the input string while ignoring case, and all provided unit tests pass without any errors.",
    "success": true,
    "critique": "Great job! Your implementation meets the task requirements effectively. You might consider adding more test cases, such as strings with special characters or numbers, to further validate the robustness of your function."
}
INFO - [task_id]: 75 [Result]: True
INFO - LM call n parse attempt 1 / 3

INFO - [Task id] 75 [prompt] 
You are a helpful assistant that writes a description of the given function written in the Python programming language.

1) Do not mention the function name.
2) Do not mention anything about helper functions.
3) There might be some helper functions before the main function, but you only need to describe the main function.
4) Try to summarize the function in no more than 6 sentences.
5) Your response should be a single line of text.

INFO - [Task id] 75 [prompt] 

def char_frequency_ignore_case(input_string):
    input_string = input_string.lower()
    char_count = {}
    for char in input_string:
        if (char in char_count):
            char_count[char] += 1
        else:
            char_count[char] = 1
    return char_count


The main function is `char_frequency_ignore_case`.
INFO - [Task id] 75 [generation text] This function takes a string as input and calculates the frequency of each character in a case-insensitive manner. It converts the entire string to lowercase to ensure that 'A' and 'a' are counted as the same character. A dictionary is used to store the count of each character as the function iterates through the string. If a character is already in the dictionary, its count is incremented; otherwise, it is added with a count of one. Finally, the function returns the dictionary containing the character frequencies. This allows for easy analysis of character distribution in the input string.
INFO - Num Completed Tasks: 59, Num Failed Tasks: 15
