INFO - DB skill doc count: 5

INFO - [train iter]: 6/100 

INFO - LM call n parse attempt 1 / 3

INFO - [Task id] 6 [prompt] 
You are a helpful assistant that asks questions to help me decide the next immediate task to do for Python programming.
My ultimate goal is to solve as many diverse problems as possible and become the best programmer in the world.

I will give you the following information:
Completed tasks so far: ...
Failed tasks that are too hard: ...

You must follow the following criteria:
1) You should ask at least 5 questions (but no more than 10 questions) to help me decide the next immediate task to do. Each question should be followed by the concept that the question is about.
2) Your question should be specific to a concept in Python programming.
  Bad example (the question is too general):
    Question: What is the best way to program in Python?
    Concept: unknown
  Good example:
    Question: How do you reverse a list?
    Concept: list
3) Your questions should be self-contained and not require any context.

Respond in JSON, and follow the keys and expected format of the values strictly.


Response format:
The output should be formatted as a JSON instance that conforms to the JSON schema below.

As an example, for the schema {"properties": {"foo": {"title": "Foo", "description": "a list of strings", "type": "array", "items": {"type": "string"}}}, "required": ["foo"]}
the object {"foo": ["bar", "baz"]} is a well-formatted instance of the schema. The object {"properties": {"foo": ["bar", "baz"]}} is not well-formatted.

Here is the output schema:
```
{"$defs": {"QuestionConcept": {"properties": {"question": {"description": "A question related to Python programming, to help me brainstorm the next immediate task to do", "title": "Question", "type": "string"}, "concept": {"description": "The Python programming concept associated with the question above", "title": "Concept", "type": "string"}}, "required": ["question", "concept"], "title": "QuestionConcept", "type": "object"}}, "properties": {"reasoning": {"description": "Reason out, step-by-step, why you picked these questions and concepts", "title": "Reasoning", "type": "string"}, "question_concept_list": {"description": "list of questions and their associated concepts", "items": {"$ref": "#/$defs/QuestionConcept"}, "title": "Question Concept List", "type": "array"}}, "required": ["reasoning", "question_concept_list"]}
```


INFO - [Task id] 6 [prompt] Completed tasks so far (do not give me these tasks again!): 
	Write a Python function that takes a list of integers and returns a list of unique integers from that list.
	Write a Python function that takes a list of integers and returns a dictionary with the integers as keys and their counts as values.
	Write a Python function that takes two lists of integers and returns a list of integers that are present in both lists (the intersection).
	Write a Python function that takes a list of integers and returns a list of integers that are unique (appear only once) in the list.
	Write a Python function that takes a list of integers and returns a list of integers that are duplicates (appear more than once) in the list.

Failed tasks that are too hard: 
	Write a Python function that takes a dictionary and returns a new dictionary with the keys and values swapped. If there are duplicate values, keep only one of the keys.


INFO - [Task id] 6 [generation text] 
INFO - {
    "reasoning": "I selected these questions to cover a range of Python concepts that build on your existing knowledge and challenge you without being too difficult. The questions focus on data structures like lists and dictionaries, as well as operations such as sorting and filtering, which are essential for a well-rounded understanding of Python programming.",
    "question_concept_list": [
        {
            "question": "How do you sort a list of integers in ascending order?",
            "concept": "list"
        },
        {
            "question": "What is the best way to merge two dictionaries in Python?",
            "concept": "dictionary"
        },
        {
            "question": "How can you filter a list to only include even numbers?",
            "concept": "list comprehension"
        },
        {
            "question": "How do you find the maximum value in a list of integers?",
            "concept": "list"
        },
        {
            "question": "What is the difference between a shallow copy and a deep copy of a list?",
            "concept": "copying data structures"
        }
    ]
}
INFO - {
    "reasoning": "I selected these questions to cover a range of Python concepts that build on your existing knowledge and challenge you without being too difficult. The questions focus on data structures like lists and dictionaries, as well as operations such as sorting and filtering, which are essential for a well-rounded understanding of Python programming.",
    "question_concept_list": [
        {
            "question": "How do you sort a list of integers in ascending order?",
            "concept": "list"
        },
        {
            "question": "What is the best way to merge two dictionaries in Python?",
            "concept": "dictionary"
        },
        {
            "question": "How can you filter a list to only include even numbers?",
            "concept": "list comprehension"
        },
        {
            "question": "How do you find the maximum value in a list of integers?",
            "concept": "list"
        },
        {
            "question": "What is the difference between a shallow copy and a deep copy of a list?",
            "concept": "copying data structures"
        }
    ]
}
INFO - LM call n parse attempt 1 / 3

INFO - [Task id] 6 [prompt] 
You are a helpful assistant that answer my question about Python programming.

I will give you the following information:
Question: ...

You will answer the question based on the context (only if available and helpful) and your own knowledge of Python programming.
1) Start your answer with "Answer: ".
2) Answer "Answer: Unknown" if you don't know the answer.

INFO - [Task id] 6 [prompt] Question: How do you find the maximum value in a list of integers?
INFO - [Task id] 6 [generation text] Answer: You can find the maximum value in a list of integers in Python using the built-in `max()` function. Here is an example:

```python
numbers = [3, 5, 1, 8, 2]
maximum_value = max(numbers)
print(maximum_value)  # Output: 8
```

Alternatively, you can also find the maximum value using a loop:

```python
numbers = [3, 5, 1, 8, 2]
maximum_value = numbers[0]  # Assume the first number is the maximum

for number in numbers:
    if number > maximum_value:
        maximum_value = number

print(maximum_value)  # Output: 8
```
INFO - LM call n parse attempt 1 / 3

INFO - [Task id] 6 [prompt] 
You are a helpful assistant that answer my question about Python programming.

I will give you the following information:
Question: ...

You will answer the question based on the context (only if available and helpful) and your own knowledge of Python programming.
1) Start your answer with "Answer: ".
2) Answer "Answer: Unknown" if you don't know the answer.

INFO - [Task id] 6 [prompt] Question: What is the difference between a shallow copy and a deep copy of a list?
INFO - [Task id] 6 [generation text] Answer: A shallow copy of a list creates a new list object, but it does not create copies of the objects contained in the original list. Instead, it copies references to those objects. This means that if the original list contains mutable objects (like other lists or dictionaries), changes made to those mutable objects in the shallow copy will also reflect in the original list, and vice versa.

On the other hand, a deep copy creates a new list and recursively copies all objects found in the original list, meaning that it creates copies of the objects themselves, not just references. As a result, changes made to the objects in the deep copy do not affect the original list.

In Python, you can create a shallow copy using the `list.copy()` method or the `copy` module's `copy()` function, and a deep copy using the `copy` module's `deepcopy()` function. 

Example:
```python
import copy

original_list = [[1, 2, 3], [4, 5, 6]]

shallow_copied_list = copy.copy(original_list)
deep_copied_list = copy.deepcopy(original_list)

shallow_copied_list[0][0] = 'X'
deep_copied_list[1][0] = 'Y'

print(original_list)          # Output: [['X', 2, 3], [4, 5, 6]]
print(shallow_copied_list)   # Output: [['X', 2, 3], [4, 5, 6]]
print(deep_copied_list)      # Output: [[1, 2, 3], ['Y', 5, 6]]
```
In this example, modifying the shallow copy affects the original list, while modifying the deep copy does not.
INFO - LM call n parse attempt 1 / 5

INFO - [Task id] 6 [prompt] 
You are a helpful assistant that tells me the next immediate task (in the form of a function) to do for Python programming. 
My ultimate goal is to solve as many diverse problems as possible and become the best programmer in the world.

I will give you the following information:
Question 1: ...
Answer: ...
Question 2: ...
Answer: ...
Question 3: ...
Answer: ...
...
Completed tasks so far: ...
Failed tasks that are too hard: ...

You must follow the following criteria:
1) You should act as a mentor and guide me to the next task based on my current learning progress. As a rule of thumb, guide me through beginner problems, followed by interview level problems, followed by competitive programming problems. The latter 2 levels can involve concepts from data structures and algorithms.
2) Please be very specific about what skills I need to learn.
3) Do not propose multiple tasks at the same time. Do not mention anything else.
4) The next task should not be too hard since I may not have learned enough skills to complete it yet.
5) The next task should be novel and interesting. I should look for problems which I have not solved yet. I should not be doing the same thing over and over again.
6) The task should involve writing a main Python function that at most use basic libraries (try not to import too many or too advanced modules)
7) Do not give tasks that require file operations (create, read, update, delete) or an internet connection.
8) I am only allowed to write Python functions, so do not require me to write other things (e.g. objects). 
9) Requiring me to write a function that takes in an object and uses object methods is still ok, but I cannot define the objects myself. You must provide the objects as input to my function in the assert statement.

Take note of these in your response:
1) Give an expected function name for the task.
2) Give a tuple of 3 assert statements that tests the function's correctness in the "test_tuple" field. This must strictly contain single-line assert statements only; any setup code for the test must be filled in the "test_setup_code" field.
3) The function name which you gave must be called in the assert statements. 

Respond in JSON, and follow the keys and expected format of the values strictly.


Response format:
The output should be formatted as a JSON instance that conforms to the JSON schema below.

As an example, for the schema {"properties": {"foo": {"title": "Foo", "description": "a list of strings", "type": "array", "items": {"type": "string"}}}, "required": ["foo"]}
the object {"foo": ["bar", "baz"]} is a well-formatted instance of the schema. The object {"properties": {"foo": ["bar", "baz"]}} is not well-formatted.

Here is the output schema:
```
{"properties": {"reasoning": {"description": "Based on the information listed above, reason about what the next task should be.", "title": "Reasoning", "type": "string"}, "task": {"description": "The next task, which requires me to write a single function. Be sure to state the expected data structure for inputs and outputs.", "title": "Task", "type": "string"}, "gt_fn_name": {"description": "The expected name for the single function for the task", "title": "Gt Fn Name", "type": "string"}, "test_setup_code": {"description": "setup code, if required. This will be run just before the assert statements are executed.", "title": "Test Setup Code", "type": "string"}, "test_tuple": {"description": "Tuple of 3 SINGLE-LINE test cases that starts with 'assert' to test the function's correctness.Any extra required code should be written in the test_setup_code field.", "items": {"type": "string"}, "maxItems": 3, "minItems": 3, "prefixItems": [{"type": "string"}, {"type": "string"}, {"type": "string"}], "title": "Test Tuple", "type": "array"}}, "required": ["reasoning", "task", "gt_fn_name", "test_setup_code", "test_tuple"]}
```


INFO - [Task id] 6 [prompt] 
Here's an example response:
{
    "reasoning": "The student has shown proficiency in basic Python syntax and list manipulation, but struggles with problems involving more complex algorithms and data structures. This task will help them practice using sets or dictionaries for efficient lookups, and understand the concept of algorithmic complexity.",
    "task": "Write a Python function that takes a list of integers and returns the tuple of two numbers that sum up to zero. If no such pair exists, return None.",
    "gt_fn_name": "find_zero_sum",
    "test_setup_code": "",
    "test_tuple": [
        "assert find_zero_sum([1, 2, 3, -2, -1]) == (2, -2)",
        "assert find_zero_sum([1, 2, 3, 4, 5]) == None",
        "assert find_zero_sum([1, 4, 3, -4, -1]) == (4, -4)"
    ]
}

INFO - [Task id] 6 [prompt] Question 1: How do you sort a list of integers in ascending order?
Answer: You can sort a list of integers in ascending order in Python using the `sort()` method or the `sorted()` function. 

Here are examples of both methods:

1. Using the `sort()` method (this sorts the list in place):
```python
numbers = [5, 2, 9, 1, 5, 6]
numbers.sort()
print(numbers)  # Output: [1, 2, 5, 5, 6, 9]
```

2. Using the `sorted()` function (this returns a new sorted list):
```python
numbers = [5, 2, 9, 1, 5, 6]
sorted_numbers = sorted(numbers)
print(sorted_numbers)  # Output: [1, 2, 5, 5, 6, 9]
```

Both methods will sort the list in ascending order by default.

Question 2: What is the best way to merge two dictionaries in Python?
Answer: The best way to merge two dictionaries in Python depends on the version of Python you are using. 

In Python 3.9 and later, you can use the `|` operator to merge dictionaries:

```python
dict1 = {'a': 1, 'b': 2}
dict2 = {'b': 3, 'c': 4}
merged_dict = dict1 | dict2
```

In Python 3.5 and later, you can use the `**` unpacking operator:

```python
dict1 = {'a': 1, 'b': 2}
dict2 = {'b': 3, 'c': 4}
merged_dict = {**dict1, **dict2}
```

In earlier versions of Python, you can use the `update()` method:

```python
dict1 = {'a': 1, 'b': 2}
dict2 = {'b': 3, 'c': 4}
dict1.update(dict2)
merged_dict = dict1  # dict1 is now updated
```

Choose the method that best fits your needs and the version of Python you are using.

Question 3: How can you filter a list to only include even numbers?
Answer: You can filter a list to only include even numbers in Python using a list comprehension or the `filter()` function. Here are two examples:

1. Using a list comprehension:
```python
numbers = [1, 2, 3, 4, 5, 6]
even_numbers = [num for num in numbers if num % 2 == 0]
print(even_numbers)  # Output: [2, 4, 6]
```

2. Using the `filter()` function:
```python
numbers = [1, 2, 3, 4, 5, 6]
even_numbers = list(filter(lambda num: num % 2 == 0, numbers))
print(even_numbers)  # Output: [2, 4, 6]
```

Both methods will give you a list of even numbers from the original list.

Question 4: How do you find the maximum value in a list of integers?
Answer: You can find the maximum value in a list of integers in Python using the built-in `max()` function. Here is an example:

```python
numbers = [3, 5, 1, 8, 2]
maximum_value = max(numbers)
print(maximum_value)  # Output: 8
```

Alternatively, you can also find the maximum value using a loop:

```python
numbers = [3, 5, 1, 8, 2]
maximum_value = numbers[0]  # Assume the first number is the maximum

for number in numbers:
    if number > maximum_value:
        maximum_value = number

print(maximum_value)  # Output: 8
```

Question 5: What is the difference between a shallow copy and a deep copy of a list?
Answer: A shallow copy of a list creates a new list object, but it does not create copies of the objects contained in the original list. Instead, it copies references to those objects. This means that if the original list contains mutable objects (like other lists or dictionaries), changes made to those mutable objects in the shallow copy will also reflect in the original list, and vice versa.

On the other hand, a deep copy creates a new list and recursively copies all objects found in the original list, meaning that it creates copies of the objects themselves, not just references. As a result, changes made to the objects in the deep copy do not affect the original list.

In Python, you can create a shallow copy using the `list.copy()` method or the `copy` module's `copy()` function, and a deep copy using the `copy` module's `deepcopy()` function. 

Example:
```python
import copy

original_list = [[1, 2, 3], [4, 5, 6]]

shallow_copied_list = copy.copy(original_list)
deep_copied_list = copy.deepcopy(original_list)

shallow_copied_list[0][0] = 'X'
deep_copied_list[1][0] = 'Y'

print(original_list)          # Output: [['X', 2, 3], [4, 5, 6]]
print(shallow_copied_list)   # Output: [['X', 2, 3], [4, 5, 6]]
print(deep_copied_list)      # Output: [[1, 2, 3], ['Y', 5, 6]]
```
In this example, modifying the shallow copy affects the original list, while modifying the deep copy does not.

Completed tasks so far (do not give me these tasks again!): 
	Write a Python function that takes a list of integers and returns a list of unique integers from that list.
	Write a Python function that takes a list of integers and returns a dictionary with the integers as keys and their counts as values.
	Write a Python function that takes two lists of integers and returns a list of integers that are present in both lists (the intersection).
	Write a Python function that takes a list of integers and returns a list of integers that are unique (appear only once) in the list.
	Write a Python function that takes a list of integers and returns a list of integers that are duplicates (appear more than once) in the list.

Failed tasks that are too hard: 
	Write a Python function that takes a dictionary and returns a new dictionary with the keys and values swapped. If there are duplicate values, keep only one of the keys.


INFO - [Task id] 6 [generation text] 
INFO - {
    "reasoning": "The student has demonstrated a good understanding of basic list operations and dictionary manipulations. The next task will involve using a function to find the maximum value in a list of integers, which will help reinforce their understanding of list traversal and the use of built-in functions.",
    "task": "Write a Python function that takes a list of integers and returns the second largest integer in the list. If the list has fewer than two unique integers, return None.",
    "gt_fn_name": "find_second_largest",
    "test_setup_code": "",
    "test_tuple": [
        "assert find_second_largest([3, 5, 1, 8, 2]) == 5",
        "assert find_second_largest([1, 1, 1]) == None",
        "assert find_second_largest([10, 20, 20, 30]) == 20"
    ]
}
INFO - {
    "reasoning": "The student has demonstrated a good understanding of basic list operations and dictionary manipulations. The next task will involve using a function to find the maximum value in a list of integers, which will help reinforce their understanding of list traversal and the use of built-in functions.",
    "task": "Write a Python function that takes a list of integers and returns the second largest integer in the list. If the list has fewer than two unique integers, return None.",
    "gt_fn_name": "find_second_largest",
    "test_setup_code": "",
    "test_tuple": [
        "assert find_second_largest([3, 5, 1, 8, 2]) == 5",
        "assert find_second_largest([1, 1, 1]) == None",
        "assert find_second_largest([10, 20, 20, 30]) == 20"
    ]
}
INFO - The task prompt is Write a Python function that takes a list of integers and returns the second largest integer in the list. If the list has fewer than two unique integers, return None.
You must strictly follow the function name: find_second_largest

INFO - LM call n parse attempt 1 / 3

INFO - [Task id] 6 [prompt] 
You are a helpful assistant that answer my question about Python programming.

I will give you the following information:
Question: ...

You will answer the question based on the context (only if available and helpful) and your own knowledge of Python programming.
1) Start your answer with "Answer: ".
2) Answer "Answer: Unknown" if you don't know the answer.

INFO - [Task id] 6 [prompt] Question: Explain at a conceptual level, how to accomplish the below task in Python programming?
Write a Python function that takes a list of integers and returns the second largest integer in the list. If the list has fewer than two unique integers, return None.
INFO - [Task id] 6 [generation text] Answer: To accomplish the task of finding the second largest integer in a list of integers in Python, you can follow these conceptual steps:

1. **Input Handling**: Define a function that takes a list of integers as an argument.

2. **Remove Duplicates**: Convert the list to a set to eliminate any duplicate integers. This is important because you want to find unique integers.

3. **Check Length**: After converting to a set, check if the length of the set is less than 2. If it is, return `None` since there aren't enough unique integers to determine a second largest.

4. **Sorting**: If there are at least two unique integers, convert the set back to a list and sort it in descending order.

5. **Return the Result**: Access the second element of the sorted list (which will be the second largest integer) and return it.

Here is a conceptual outline of the function:

```python
def second_largest(numbers):
    unique_numbers = set(numbers)  # Step 2: Remove duplicates
    if len(unique_numbers) < 2:    # Step 3: Check for at least two unique integers
        return None
    sorted_numbers = sorted(unique_numbers, reverse=True)  # Step 4: Sort in descending order
    return sorted_numbers[1]  # Step 5: Return the second largest
```

This function effectively handles the requirements of the task by ensuring that only unique integers are considered and that the second largest is correctly identified.
INFO - Attempting task_id 6
INFO - [35m Rollout attempt 1/4[0m
INFO - [33m Retrieving 5 entries for db: skill 
 [0m
INFO - [33m find_duplicates, unique_integers, find_unique_integers, find_intersection, count_occurrences[0m
INFO - LM call n parse attempt 1 / 3

INFO - [Task id] 6 [prompt] You are a helpful assistant that writes python code to solve a task specified by me.

Here are some useful functions written earlier which you can reuse or reference.


[Entry]:


    def find_duplicates(int_list):
        counts = {}
        duplicates = []
        for num in int_list:
            if (num in counts):
                counts[num] += 1
            else:
                counts[num] = 1
        for (num, count) in counts.items():
            if (count > 1):
                duplicates.append(num)
        return duplicates

[/Entry]

[Entry]:


    def unique_integers(int_list):
        unique_set = set(int_list)
        return list(unique_set)

[/Entry]

[Entry]:


    def count_occurrences(int_list):
        counts = {}
        for num in int_list:
            if (num in counts):
                counts[num] += 1
            else:
                counts[num] = 1
        return counts




    def find_unique_integers(int_list):
        counts = count_occurrences(int_list)
        unique_integers = [num for (num, count) in counts.items() if (count == 1)]
        return unique_integers

[/Entry]

[Entry]:


    def find_intersection(list1, list2):
        set1 = set(list1)
        intersection_set = set()
        for item in list2:
            if (item in set1):
                intersection_set.add(item)
        return list(intersection_set)

[/Entry]

[Entry]:


    def count_occurrences(int_list):
        counts = {}
        for num in int_list:
            if (num in counts):
                counts[num] += 1
            else:
                counts[num] = 1
        return counts

[/Entry]






At each round of conversation, I will give you
[Environment feedback] (after executing code) ...
[Code from the last round] ...
[Task] ...
[Context] ...
[Critique] ...

You should then respond to me with
Explain (if applicable): Are there any steps missing in your plan? Why does the code not complete the task? What does the chat log and execution error imply?
Plan: How to complete the task step by step. 
Code:
    1) Reuse or reference the above useful programs if necessary.
    2) Your function will be reused for building more complex functions. Therefore, you should make it generic and reusable. 
    3) Functions in the "Code from the last round" section will not be saved or executed. Do not reuse functions listed there.
    4) Anything defined outside a function will be ignored, define all your variables inside your functions.
    5) Do not write infinite loops.
    6) If the task specifies a function name to be used, follow it strictly (be case sensitive!). Else, name your function in a meaningful way (can infer the task from the name).
    7) Your code should only contain elements that solve the task, so DO NOT write any assert statements / tests
    8) The context in the [Context] tag serves as a casual tip (which can be wrong) to help you on the task, but your priority is to follow instructions in the [Task] tag.

You should only respond in the format as described below:
RESPONSE FORMAT:

Explain: ...
Plan:
1) ...
2) ...
3) ...
...
Code:
```python
# helper functions (only if needed, try to avoid them)
...
# main function after the helper functions
def yourMainFunctionName(args):
  # ...

```


INFO - [Task id] 6 [prompt] [Environment feedback]
None

[Code from the last round]
No code in the first round

[Task]
Write a Python function that takes a list of integers and returns the second largest integer in the list. If the list has fewer than two unique integers, return None.
You must strictly follow the function name: find_second_largest

[Context]
Rough plan to accomplish the task (can be wrong): 
Answer: To accomplish the task of finding the second largest integer in a list of integers in Python, you can follow these conceptual steps:

1. **Input Handling**: Define a function that takes a list of integers as an argument.

2. **Remove Duplicates**: Convert the list to a set to eliminate any duplicate integers. This is important because you want to find unique integers.

3. **Check Length**: After converting to a set, check if the length of the set is less than 2. If it is, return `None` since there aren't enough unique integers to determine a second largest.

4. **Sorting**: If there are at least two unique integers, convert the set back to a list and sort it in descending order.

5. **Return the Result**: Access the second element of the sorted list (which will be the second largest integer) and return it.

Here is a conceptual outline of the function:

```python
def second_largest(numbers):
    unique_numbers = set(numbers)  # Step 2: Remove duplicates
    if len(unique_numbers) < 2:    # Step 3: Check for at least two unique integers
        return None
    sorted_numbers = sorted(unique_numbers, reverse=True)  # Step 4: Sort in descending order
    return sorted_numbers[1]  # Step 5: Return the second largest
```

This function effectively handles the requirements of the task by ensuring that only unique integers are considered and that the second largest is correctly identified.


[Critique]
None


INFO - [Task id] 6 [generation text] Explain: The provided plan is mostly correct and outlines the necessary steps to find the second largest integer in a list of integers. However, it does not explicitly mention the need to convert the set back to a list before sorting, which is an important detail. The plan also assumes that sorting is the best approach, which is fine for small lists but may not be the most efficient for larger lists. Nonetheless, for the purpose of this task, the approach is valid.

Plan:
1) Define the function `find_second_largest` that takes a list of integers as an argument.
2) Convert the list to a set to remove duplicates, ensuring only unique integers are considered.
3) Check if the length of the set is less than 2; if so, return `None`.
4) Convert the set back to a list and sort it in descending order.
5) Return the second element of the sorted list, which represents the second largest integer.

Code:
```python
def find_second_largest(numbers):
    unique_numbers = set(numbers)  # Step 2: Remove duplicates
    if len(unique_numbers) < 2:    # Step 3: Check for at least two unique integers
        return None
    sorted_numbers = sorted(unique_numbers, reverse=True)  # Step 4: Sort in descending order
    return sorted_numbers[1]  # Step 5: Return the second largest
```
INFO - program_code:
 

def find_second_largest(numbers):
    unique_numbers = set(numbers)
    if (len(unique_numbers) < 2):
        return None
    sorted_numbers = sorted(unique_numbers, reverse=True)
    return sorted_numbers[1]


INFO - program_name:
 find_second_largest

INFO - dependencies:
 []

INFO - raw_msg:
 Explain: The provided plan is mostly correct and outlines the necessary steps to find the second largest integer in a list of integers. However, it does not explicitly mention the need to convert the set back to a list before sorting, which is an important detail. The plan also assumes that sorting is the best approach, which is fine for small lists but may not be the most efficient for larger lists. Nonetheless, for the purpose of this task, the approach is valid.

Plan:
1) Define the function `find_second_largest` that takes a list of integers as an argument.
2) Convert the list to a set to remove duplicates, ensuring only unique integers are considered.
3) Check if the length of the set is less than 2; if so, return `None`.
4) Convert the set back to a list and sort it in descending order.
5) Return the second element of the sorted list, which represents the second largest integer.

Code:
```python
def find_second_largest(numbers):
    unique_numbers = set(numbers)  # Step 2: Remove duplicates
    if len(unique_numbers) < 2:    # Step 3: Check for at least two unique integers
        return None
    sorted_numbers = sorted(unique_numbers, reverse=True)  # Step 4: Sort in descending order
    return sorted_numbers[1]  # Step 5: Return the second largest
```

INFO - no_parent:
 True

INFO - full code to be executed: 
 

def find_second_largest(numbers):
    unique_numbers = set(numbers)
    if (len(unique_numbers) < 2):
        return None
    sorted_numbers = sorted(unique_numbers, reverse=True)
    return sorted_numbers[1]


INFO - obs: Tests passed:
assert find_second_largest([3, 5, 1, 8, 2]) == 5
assert find_second_largest([1, 1, 1]) == None
assert find_second_largest([10, 20, 20, 30]) == 20

Tests failed:
None
reward: True
done: None
info: {'individual_results': (True, True, True)}
INFO - LM call n parse attempt 1 / 5

INFO - [Task id] 6 [prompt] 
You are a Python programming assistant that assesses my progress of Python programming and provides useful guidance.

I will give you the following information:

[Task]: The objective I need to accomplish.
[Context]: The context of the task. Serves as a casual tip (which can be wrong) to help me on the task, but my priority is to follow instructions in the Task tag.
[function impl]: My function implementation that is intended to complete the task
[unit test results]: The results after executing my function implementation on the unit tests

Your first goal is to use these info to evaluate if I have met the task requirements, and explain why. 
It is possible that the unit test results all pass, but the code does not accomplish the task (eg by failing to accomplish the task in scenarios not covered by the unit tests)
It is also possible that the unit tests are wrong in the first place, though the code accomplishes the task and fails the unit test.

If I have not met the task requirements, write a few sentences to explain why the function implementation is wrong as indicated by the tests. 
You will need this as guidance when you try again later.
Only provide the few sentence description in your answer, not the implementation. 
Suggest how the function implementation can be changed, NOT the test cases (assert statements)

You should only respond in JSON format as described below:
The output should be formatted as a JSON instance that conforms to the JSON schema below.

As an example, for the schema {"properties": {"foo": {"title": "Foo", "description": "a list of strings", "type": "array", "items": {"type": "string"}}}, "required": ["foo"]}
the object {"foo": ["bar", "baz"]} is a well-formatted instance of the schema. The object {"properties": {"foo": ["bar", "baz"]}} is not well-formatted.

Here is the output schema:
```
{"description": "Represents the critique of a task attempt, including reasoning, success status, and suggestions for improvement.\n\nAttributes:\n    reasoning (str): Explanation of why the task was succeeded or failed.\n    success (bool): Indicates whether the task requirements were met.\n    critique (str): Suggestions or critique to help improve future task attempts.", "properties": {"reasoning": {"description": "reason why I have succeeded or failed at the task", "title": "Reasoning", "type": "string"}, "success": {"description": "evaluate if I have met the task requirements", "title": "Success", "type": "boolean"}, "critique": {"description": "critique to help me improve", "title": "Critique", "type": "string"}}, "required": ["reasoning", "success", "critique"]}
```

INFO - [Task id] 6 [prompt] 
Here are some examples:

Example 1:
[function impl]:
```python
def longest_subarray_with_sum_limit(nums: List[int], target: int) -> List[int]:
    n = len(nums)
    left, right = 0, 0
    max_length = 0
    current_sum = 0
    result = []
    while right < n:
        current_sum += nums[right]
        while current_sum > target:
            current_sum -= nums[left]
            left += 1
        if right - left + 1 >= max_length:
            max_length = right - left + 1
            result = nums[left:right+1]
        right += 1
    return result
```
[unit test results]:
Tests passing:
assert longest_subarray_with_sum_limit([1, 2, 3, 4, 5], 8) == [1, 2, 3]
assert longest_subarray_with_sum_limit([1, 2, 3, 4, 5], 15) == [1, 2, 3, 4, 5]
assert longest_subarray_with_sum_limit([1, -1, 2, -2, 3, -3], 2) == [1, -1, 2, -2, 3]
assert longest_subarray_with_sum_limit([], 10) == []
assert longest_subarray_with_sum_limit([], 0) == []
assert longest_subarray_with_sum_limit([], -5) == []  
Tests failing:
assert longest_subarray_with_sum_limit([5, 6, 7, 8, 9], 4) == [] # output: [5]

RESPONSE:
{
    "reasoning": "The implementation failed the test case where no subarray fulfills the condition",
    "success": false,
    "critique": "The issue in the implementation is due to the use of >= instead of > in the condition to update the result. Because of this, it returns a subarray even when the sum is greater than the target, as it still updates the result when the current subarray length is equal to the previous longest subarray length. To overcome this error, we should change the condition to only update the result when the current subarray length is strictly greater than the previous longest subarray length. This can be done by replacing >= with > in the condition."
}


Example 2:
[function impl]:
```python
def longest_subarray_with_sum_limit(nums: List[int], target: int) -> List[int]:
    n = len(nums)
    left, right = 0, 0
    max_length = 0
    current_sum = 0
    result = []
    while current_sum + nums[right] <= target:
        current_sum += nums[right]
        right += 1
    while right < n:
        current_sum += nums[right]
        while current_sum > target:
            current_sum -= nums[left]
            left += 1
        if right - left + 1 > max_length:
            max_length = right - left + 1
            result = nums[left:right+1]
        right += 1
    return result
```
[unit test results]:
Tests passing:
assert longest_subarray_with_sum_limit([], 10) == []
assert longest_subarray_with_sum_limit([], 0) == []
assert longest_subarray_with_sum_limit([], -5) == []
Tests failing:
assert longest_subarray_with_sum_limit([1, 2, 3, 4, 5], 8) == [1, 2, 3] # output: list index out of range
assert longest_subarray_with_sum_limit([1, 2, 3, 4, 5], 15) == [1, 2, 3, 4, 5] # output: list index out of range
assert longest_subarray_with_sum_limit([5, 6, 7, 8, 9], 4) == [] # output: list index out of range
assert longest_subarray_with_sum_limit([1, -1, 2, -2, 3, -3], 2) == [1, -1, 2, -2, 3] # output: list index out of range

RESPONSE:
{
    "reason": "The implementation failed 4 out of the 7 test cases due to an IndexError.",
    "success": false,
    "critique": "The issue stems from the while loop while current_sum + nums[right] <= target:, which directly accesses nums[right] without checking if right is within the bounds of the list. This results in a runtime error when right goes beyond the list length. To overcome this error, we need to add a bounds check for the right variable in the mentioned while loop. We can modify the loop condition to while right < len(nums) and current_sum + nums[right] <= target:. This change will ensure that we only access elements within the bounds of the list, thus avoiding the IndexError."
}


END OF EXAMPLES

INFO - [Task id] 6 [prompt] [Task]:
Write a Python function that takes a list of integers and returns the second largest integer in the list. If the list has fewer than two unique integers, return None.
[Context]: 
 Rough plan to accomplish the task (can be wrong): 
Answer: To accomplish the task of finding the second largest integer in a list of integers in Python, you can follow these conceptual steps:

1. **Input Handling**: Define a function that takes a list of integers as an argument.

2. **Remove Duplicates**: Convert the list to a set to eliminate any duplicate integers. This is important because you want to find unique integers.

3. **Check Length**: After converting to a set, check if the length of the set is less than 2. If it is, return `None` since there aren't enough unique integers to determine a second largest.

4. **Sorting**: If there are at least two unique integers, convert the set back to a list and sort it in descending order.

5. **Return the Result**: Access the second element of the sorted list (which will be the second largest integer) and return it.

Here is a conceptual outline of the function:

```python
def second_largest(numbers):
    unique_numbers = set(numbers)  # Step 2: Remove duplicates
    if len(unique_numbers) < 2:    # Step 3: Check for at least two unique integers
        return None
    sorted_numbers = sorted(unique_numbers, reverse=True)  # Step 4: Sort in descending order
    return sorted_numbers[1]  # Step 5: Return the second largest
```

This function effectively handles the requirements of the task by ensuring that only unique integers are considered and that the second largest is correctly identified.


[function impl]:


def find_second_largest(numbers):
    unique_numbers = set(numbers)
    if (len(unique_numbers) < 2):
        return None
    sorted_numbers = sorted(unique_numbers, reverse=True)
    return sorted_numbers[1]

[unit test results]:
Tests passed:
assert find_second_largest([3, 5, 1, 8, 2]) == 5
assert find_second_largest([1, 1, 1]) == None
assert find_second_largest([10, 20, 20, 30]) == 20

Tests failed:
None

INFO - [Task id] 6 [generation text] 
INFO - {
    "reasoning": "The implementation successfully passed all the provided test cases, indicating that it meets the task requirements for finding the second largest integer in a list of integers. The function correctly handles cases with duplicates and returns None when there are fewer than two unique integers.",
    "success": true,
    "critique": "No changes are necessary as the implementation is correct and passes all tests."
}
INFO - {
    "reasoning": "The implementation successfully passed all the provided test cases, indicating that it meets the task requirements for finding the second largest integer in a list of integers. The function correctly handles cases with duplicates and returns None when there are fewer than two unique integers.",
    "success": true,
    "critique": "No changes are necessary as the implementation is correct and passes all tests."
}
INFO - [task_id]: 6 [Result]: True
INFO - LM call n parse attempt 1 / 3

INFO - [Task id] 6 [prompt] 
You are a helpful assistant that writes a description of the given function written in the Python programming language.

1) Do not mention the function name.
2) Do not mention anything about helper functions.
3) There might be some helper functions before the main function, but you only need to describe the main function.
4) Try to summarize the function in no more than 6 sentences.
5) Your response should be a single line of text.

INFO - [Task id] 6 [prompt] 

def find_second_largest(numbers):
    unique_numbers = set(numbers)
    if (len(unique_numbers) < 2):
        return None
    sorted_numbers = sorted(unique_numbers, reverse=True)
    return sorted_numbers[1]


The main function is `find_second_largest`.
INFO - [Task id] 6 [generation text] This function takes a list of numbers as input and identifies the second largest unique number from that list. It first converts the list into a set to eliminate duplicates. If there are fewer than two unique numbers, it returns None. Otherwise, it sorts the unique numbers in descending order. Finally, it returns the second element from the sorted list, which corresponds to the second largest number.
INFO - Num Completed Tasks: 6, Num Failed Tasks: 1
