INFO - DB skill doc count: 21

INFO - [train iter]: 23/100 

INFO - LM call n parse attempt 1 / 3

INFO - [Task id] 23 [prompt] 
You are a helpful assistant that asks questions to help me decide the next immediate task to do for Python programming.
My ultimate goal is to solve as many diverse problems as possible and become the best programmer in the world.

I will give you the following information:
Completed tasks so far: ...
Failed tasks that are too hard: ...

You must follow the following criteria:
1) You should ask at least 5 questions (but no more than 10 questions) to help me decide the next immediate task to do. Each question should be followed by the concept that the question is about.
2) Your question should be specific to a concept in Python programming.
  Bad example (the question is too general):
    Question: What is the best way to program in Python?
    Concept: unknown
  Good example:
    Question: How do you reverse a list?
    Concept: list
3) Your questions should be self-contained and not require any context.

Respond in JSON, and follow the keys and expected format of the values strictly.


Response format:
The output should be formatted as a JSON instance that conforms to the JSON schema below.

As an example, for the schema {"properties": {"foo": {"title": "Foo", "description": "a list of strings", "type": "array", "items": {"type": "string"}}}, "required": ["foo"]}
the object {"foo": ["bar", "baz"]} is a well-formatted instance of the schema. The object {"properties": {"foo": ["bar", "baz"]}} is not well-formatted.

Here is the output schema:
```
{"$defs": {"QuestionConcept": {"properties": {"question": {"description": "A question related to Python programming, to help me brainstorm the next immediate task to do", "title": "Question", "type": "string"}, "concept": {"description": "The Python programming concept associated with the question above", "title": "Concept", "type": "string"}}, "required": ["question", "concept"], "title": "QuestionConcept", "type": "object"}}, "properties": {"reasoning": {"description": "Reason out, step-by-step, why you picked these questions and concepts", "title": "Reasoning", "type": "string"}, "question_concept_list": {"description": "list of questions and their associated concepts", "items": {"$ref": "#/$defs/QuestionConcept"}, "title": "Question Concept List", "type": "array"}}, "required": ["reasoning", "question_concept_list"]}
```


INFO - [Task id] 23 [prompt] Completed tasks so far (do not give me these tasks again!): 
	Write a Python function that takes a list of integers and returns a list of unique integers from that list.
	Write a Python function that takes a list of integers and returns a dictionary with the integers as keys and their counts as values.
	Write a Python function that takes two lists of integers and returns a list of integers that are present in both lists (the intersection).
	Write a Python function that takes a list of integers and returns a list of integers that are unique (appear only once) in the list.
	Write a Python function that takes a list of integers and returns a list of integers that are duplicates (appear more than once) in the list.
	Write a Python function that takes a list of integers and returns the second largest integer in the list. If the list has fewer than two unique integers, return None.
	Write a Python function that takes a list of integers and returns a new list containing only the even integers from the original list.
	Write a Python function that takes a list of integers and returns a list of integers that are greater than a given threshold value.
	Write a Python function that takes a string and returns the number of vowels in that string.
	Write a Python function that takes a string and returns a set of unique characters in that string.
	Write a Python function that takes a string and returns True if it is a palindrome (reads the same forwards and backwards), and False otherwise.
	Write a Python function that takes a string and returns a new string containing only the digits from the original string.
	Write a Python function that takes a list of strings and returns a new list containing only the strings that have a length greater than a specified threshold.
	Write a Python function that takes a list of strings and returns a new list of those strings sorted by their length in descending order.
	Write a Python function that takes a list of strings and returns a new list containing the lengths of each string in the original list.
	Write a Python function that takes a string and returns a new string with all the vowels removed.
	Write a Python function that takes a string and returns the number of distinct characters in that string.
	Write a Python function that takes two dictionaries and merges them. If there are duplicate keys, the values from the second dictionary should overwrite those from the first.
	Write a Python function that takes a string and returns a new string where each character is repeated twice.
	Write a Python function that takes a list of integers and returns a list of integers that are present in the list but not in a given set of excluded integers.
	Write a Python function that takes a list of integers and returns a new list containing only the integers that are multiples of a given number.

Failed tasks that are too hard: 
	Write a Python function that takes a dictionary and returns a new dictionary with the keys and values swapped. If there are duplicate values, keep only one of the keys.
	Write a Python function that takes a dictionary and returns a new dictionary containing only the items where the value is greater than a specified threshold.


INFO - [Task id] 23 [generation text] 
INFO - {
    "reasoning": "I selected these questions to cover a variety of Python programming concepts that you haven't tackled yet. The questions focus on different data structures and functionalities, such as sets, tuples, file handling, and error handling, which will help you expand your skills and knowledge in Python. Each question is designed to challenge you in a different way, ensuring a diverse learning experience.",
    "question_concept_list": [
        {
            "question": "How do you create a set from a list to remove duplicates?",
            "concept": "set"
        },
        {
            "question": "How do you work with tuples in Python, and what are their advantages?",
            "concept": "tuple"
        },
        {
            "question": "How can you read from a file and process its contents in Python?",
            "concept": "file handling"
        },
        {
            "question": "What is exception handling in Python, and how do you use try and except blocks?",
            "concept": "error handling"
        },
        {
            "question": "How do you use list comprehensions to create a new list based on an existing list?",
            "concept": "list comprehension"
        }
    ]
}
INFO - {
    "reasoning": "I selected these questions to cover a variety of Python programming concepts that you haven't tackled yet. The questions focus on different data structures and functionalities, such as sets, tuples, file handling, and error handling, which will help you expand your skills and knowledge in Python. Each question is designed to challenge you in a different way, ensuring a diverse learning experience.",
    "question_concept_list": [
        {
            "question": "How do you create a set from a list to remove duplicates?",
            "concept": "set"
        },
        {
            "question": "How do you work with tuples in Python, and what are their advantages?",
            "concept": "tuple"
        },
        {
            "question": "How can you read from a file and process its contents in Python?",
            "concept": "file handling"
        },
        {
            "question": "What is exception handling in Python, and how do you use try and except blocks?",
            "concept": "error handling"
        },
        {
            "question": "How do you use list comprehensions to create a new list based on an existing list?",
            "concept": "list comprehension"
        }
    ]
}
INFO - LM call n parse attempt 1 / 3

INFO - [Task id] 23 [prompt] 
You are a helpful assistant that answer my question about Python programming.

I will give you the following information:
Question: ...

You will answer the question based on the context (only if available and helpful) and your own knowledge of Python programming.
1) Start your answer with "Answer: ".
2) Answer "Answer: Unknown" if you don't know the answer.

INFO - [Task id] 23 [prompt] Question: How can you read from a file and process its contents in Python?
INFO - [Task id] 23 [generation text] Answer: To read from a file and process its contents in Python, you can use the built-in `open()` function along with a context manager (the `with` statement) to ensure the file is properly closed after its contents are processed. Here’s a basic example:

```python
# Open the file in read mode
with open('filename.txt', 'r') as file:
    # Read the contents of the file
    contents = file.read()
    
    # Process the contents (for example, print it)
    print(contents)
```

You can also read the file line by line using a loop:

```python
with open('filename.txt', 'r') as file:
    for line in file:
        # Process each line (for example, print it)
        print(line.strip())  # strip() removes leading/trailing whitespace
```

If you need to process the contents in a specific way (like counting words, searching for specific text, etc.), you can implement that logic within the loop or after reading the entire file.
INFO - LM call n parse attempt 1 / 5

INFO - [Task id] 23 [prompt] 
You are a helpful assistant that tells me the next immediate task (in the form of a function) to do for Python programming. 
My ultimate goal is to solve as many diverse problems as possible and become the best programmer in the world.

I will give you the following information:
Question 1: ...
Answer: ...
Question 2: ...
Answer: ...
Question 3: ...
Answer: ...
...
Completed tasks so far: ...
Failed tasks that are too hard: ...

You must follow the following criteria:
1) You should act as a mentor and guide me to the next task based on my current learning progress. As a rule of thumb, guide me through beginner problems, followed by interview level problems, followed by competitive programming problems. The latter 2 levels can involve concepts from data structures and algorithms.
2) Please be very specific about what skills I need to learn.
3) Do not propose multiple tasks at the same time. Do not mention anything else.
4) The next task should not be too hard since I may not have learned enough skills to complete it yet.
5) The next task should be novel and interesting. I should look for problems which I have not solved yet. I should not be doing the same thing over and over again.
6) The task should involve writing a main Python function that at most use basic libraries (try not to import too many or too advanced modules)
7) Do not give tasks that require file operations (create, read, update, delete) or an internet connection.
8) I am only allowed to write Python functions, so do not require me to write other things (e.g. objects). 
9) Requiring me to write a function that takes in an object and uses object methods is still ok, but I cannot define the objects myself. You must provide the objects as input to my function in the assert statement.

Take note of these in your response:
1) Give an expected function name for the task.
2) Give a tuple of 3 assert statements that tests the function's correctness in the "test_tuple" field. This must strictly contain single-line assert statements only; any setup code for the test must be filled in the "test_setup_code" field.
3) The function name which you gave must be called in the assert statements. 

Respond in JSON, and follow the keys and expected format of the values strictly.


Response format:
The output should be formatted as a JSON instance that conforms to the JSON schema below.

As an example, for the schema {"properties": {"foo": {"title": "Foo", "description": "a list of strings", "type": "array", "items": {"type": "string"}}}, "required": ["foo"]}
the object {"foo": ["bar", "baz"]} is a well-formatted instance of the schema. The object {"properties": {"foo": ["bar", "baz"]}} is not well-formatted.

Here is the output schema:
```
{"properties": {"reasoning": {"description": "Based on the information listed above, reason about what the next task should be.", "title": "Reasoning", "type": "string"}, "task": {"description": "The next task, which requires me to write a single function. Be sure to state the expected data structure for inputs and outputs.", "title": "Task", "type": "string"}, "gt_fn_name": {"description": "The expected name for the single function for the task", "title": "Gt Fn Name", "type": "string"}, "test_setup_code": {"description": "setup code, if required. This will be run just before the assert statements are executed.", "title": "Test Setup Code", "type": "string"}, "test_tuple": {"description": "Tuple of 3 SINGLE-LINE test cases that starts with 'assert' to test the function's correctness.Any extra required code should be written in the test_setup_code field.", "items": {"type": "string"}, "maxItems": 3, "minItems": 3, "prefixItems": [{"type": "string"}, {"type": "string"}, {"type": "string"}], "title": "Test Tuple", "type": "array"}}, "required": ["reasoning", "task", "gt_fn_name", "test_setup_code", "test_tuple"]}
```


INFO - [Task id] 23 [prompt] 
Here's an example response:
{
    "reasoning": "The student has shown proficiency in basic Python syntax and list manipulation, but struggles with problems involving more complex algorithms and data structures. This task will help them practice using sets or dictionaries for efficient lookups, and understand the concept of algorithmic complexity.",
    "task": "Write a Python function that takes a list of integers and returns the tuple of two numbers that sum up to zero. If no such pair exists, return None.",
    "gt_fn_name": "find_zero_sum",
    "test_setup_code": "",
    "test_tuple": [
        "assert find_zero_sum([1, 2, 3, -2, -1]) == (2, -2)",
        "assert find_zero_sum([1, 2, 3, 4, 5]) == None",
        "assert find_zero_sum([1, 4, 3, -4, -1]) == (4, -4)"
    ]
}

INFO - [Task id] 23 [prompt] Question 1: How do you create a set from a list to remove duplicates?
Answer: You can create a set from a list in Python by passing the list to the `set()` constructor. This will automatically remove any duplicate elements from the list. Here’s an example:

```python
my_list = [1, 2, 2, 3, 4, 4, 5]
my_set = set(my_list)
print(my_set)  # Output: {1, 2, 3, 4, 5}
```

In this example, `my_set` will contain only the unique elements from `my_list`.

Question 2: How do you work with tuples in Python, and what are their advantages?
Answer: Tuples in Python are immutable sequences, which means that once a tuple is created, its elements cannot be changed, added, or removed. They are defined by placing a comma-separated list of values within parentheses. For example:

```python
my_tuple = (1, 2, 3)
```

You can also create a tuple without parentheses, just by separating values with commas:

```python
my_tuple = 1, 2, 3
```

### Working with Tuples:
1. **Accessing Elements**: You can access elements in a tuple using indexing, similar to lists:
   ```python
   first_element = my_tuple[0]  # Accesses the first element
   ```

2. **Slicing**: You can slice tuples to get a subset of elements:
   ```python
   sub_tuple = my_tuple[1:3]  # Gets elements from index 1 to 2
   ```

3. **Concatenation**: You can concatenate tuples using the `+` operator:
   ```python
   new_tuple = my_tuple + (4, 5)  # Results in (1, 2, 3, 4, 5)
   ```

4. **Repetition**: You can repeat tuples using the `*` operator:
   ```python
   repeated_tuple = my_tuple * 2  # Results in (1, 2, 3, 1, 2, 3)
   ```

5. **Membership Testing**: You can check if an element exists in a tuple:
   ```python
   exists = 2 in my_tuple  # Returns True
   ```

6. **Unpacking**: You can unpack tuple values into variables:
   ```python
   a, b, c = my_tuple  # a=1, b=2, c=3
   ```

### Advantages of Tuples:
- **Immutability**: Since tuples are immutable, they can be used as keys in dictionaries, while lists cannot.
- **Performance**: Tuples can be more memory-efficient than lists, especially for large collections of data.
- **Data Integrity**: The immutability of tuples ensures that the data remains constant throughout the program, which can help prevent accidental modifications.
- **Semantic Meaning**: Tuples can be used to represent fixed collections of items, such as coordinates or RGB color values, making the code more readable.

In summary, tuples are a useful data structure in Python for storing collections of items that should not change, providing both performance benefits and semantic clarity.

Question 3: How can you read from a file and process its contents in Python?
Answer: To read from a file and process its contents in Python, you can use the built-in `open()` function along with a context manager (the `with` statement) to ensure the file is properly closed after its contents are processed. Here’s a basic example:

```python
# Open the file in read mode
with open('filename.txt', 'r') as file:
    # Read the contents of the file
    contents = file.read()
    
    # Process the contents (for example, print it)
    print(contents)
```

You can also read the file line by line using a loop:

```python
with open('filename.txt', 'r') as file:
    for line in file:
        # Process each line (for example, print it)
        print(line.strip())  # strip() removes leading/trailing whitespace
```

If you need to process the contents in a specific way (like counting words, searching for specific text, etc.), you can implement that logic within the loop or after reading the entire file.

Question 4: What is exception handling in Python, and how do you use try and except?
Answer: Exception handling in Python is a mechanism that allows you to manage errors and exceptions that may occur during the execution of a program. It helps to prevent the program from crashing and allows you to respond to errors gracefully.

In Python, you can use the `try` and `except` blocks to handle exceptions. The code that may raise an exception is placed inside the `try` block, and the code that handles the exception is placed inside the `except` block. Here’s a basic example:

```python
try:
    # Code that may raise an exception
    result = 10 / 0  # This will raise a ZeroDivisionError
except ZeroDivisionError:
    # Code that runs if a ZeroDivisionError occurs
    print("You cannot divide by zero!")
```

In this example, the code attempts to divide 10 by 0, which raises a `ZeroDivisionError`. The `except` block catches this specific exception and prints a message instead of allowing the program to crash.

You can also catch multiple exceptions or use a general exception handler:

```python
try:
    # Some code that may raise different exceptions
    value = int(input("Enter a number: "))
    result = 10 / value
except ZeroDivisionError:
    print("You cannot divide by zero!")
except ValueError:
    print("That's not a valid number!")
except Exception as e:
    print(f"An unexpected error occurred: {e}")
```

In this example, the program handles both `ZeroDivisionError` and `ValueError`, and it also includes a general exception handler for any other unexpected errors.

Question 5: How do you use list comprehensions to create a new list based on an existing list?
Answer: You can use list comprehensions in Python to create a new list by applying an expression to each item in an existing list. The syntax for a list comprehension is:

```python
new_list = [expression for item in existing_list if condition]
```

Here, `expression` is the operation you want to perform on each `item`, `existing_list` is the list you are iterating over, and `condition` is an optional filter that determines whether to include the item in the new list.

For example, if you have a list of numbers and you want to create a new list containing the squares of those numbers, you can do it like this:

```python
numbers = [1, 2, 3, 4, 5]
squared_numbers = [x**2 for x in numbers]
```

If you want to include only the squares of even numbers, you can add a condition:

```python
even_squared_numbers = [x**2 for x in numbers if x % 2 == 0]
```

This will give you a new list containing the squares of only the even numbers from the original list.

Completed tasks so far (do not give me these tasks again!): 
	Write a Python function that takes a list of integers and returns a list of unique integers from that list.
	Write a Python function that takes a list of integers and returns a dictionary with the integers as keys and their counts as values.
	Write a Python function that takes two lists of integers and returns a list of integers that are present in both lists (the intersection).
	Write a Python function that takes a list of integers and returns a list of integers that are unique (appear only once) in the list.
	Write a Python function that takes a list of integers and returns a list of integers that are duplicates (appear more than once) in the list.
	Write a Python function that takes a list of integers and returns the second largest integer in the list. If the list has fewer than two unique integers, return None.
	Write a Python function that takes a list of integers and returns a new list containing only the even integers from the original list.
	Write a Python function that takes a list of integers and returns a list of integers that are greater than a given threshold value.
	Write a Python function that takes a string and returns the number of vowels in that string.
	Write a Python function that takes a string and returns a set of unique characters in that string.
	Write a Python function that takes a string and returns True if it is a palindrome (reads the same forwards and backwards), and False otherwise.
	Write a Python function that takes a string and returns a new string containing only the digits from the original string.
	Write a Python function that takes a list of strings and returns a new list containing only the strings that have a length greater than a specified threshold.
	Write a Python function that takes a list of strings and returns a new list of those strings sorted by their length in descending order.
	Write a Python function that takes a list of strings and returns a new list containing the lengths of each string in the original list.
	Write a Python function that takes a string and returns a new string with all the vowels removed.
	Write a Python function that takes a string and returns the number of distinct characters in that string.
	Write a Python function that takes two dictionaries and merges them. If there are duplicate keys, the values from the second dictionary should overwrite those from the first.
	Write a Python function that takes a string and returns a new string where each character is repeated twice.
	Write a Python function that takes a list of integers and returns a list of integers that are present in the list but not in a given set of excluded integers.
	Write a Python function that takes a list of integers and returns a new list containing only the integers that are multiples of a given number.

Failed tasks that are too hard: 
	Write a Python function that takes a dictionary and returns a new dictionary with the keys and values swapped. If there are duplicate values, keep only one of the keys.
	Write a Python function that takes a dictionary and returns a new dictionary containing only the items where the value is greater than a specified threshold.


INFO - [Task id] 23 [generation text] 
INFO - {
    "reasoning": "The student has demonstrated a solid understanding of basic Python concepts and has completed various tasks involving lists and strings. The next task should introduce them to a new concept while still being manageable. A task involving tuples will help reinforce their understanding of this data structure and its applications.",
    "task": "Write a Python function that takes a tuple of integers and returns a new tuple containing only the even integers from the original tuple.",
    "gt_fn_name": "filter_even_numbers",
    "test_setup_code": "",
    "test_tuple": [
        "assert filter_even_numbers((1, 2, 3, 4, 5)) == (2, 4)",
        "assert filter_even_numbers((1, 3, 5)) == ()",
        "assert filter_even_numbers((2, 4, 6, 8)) == (2, 4, 6, 8)"
    ]
}
INFO - {
    "reasoning": "The student has demonstrated a solid understanding of basic Python concepts and has completed various tasks involving lists and strings. The next task should introduce them to a new concept while still being manageable. A task involving tuples will help reinforce their understanding of this data structure and its applications.",
    "task": "Write a Python function that takes a tuple of integers and returns a new tuple containing only the even integers from the original tuple.",
    "gt_fn_name": "filter_even_numbers",
    "test_setup_code": "",
    "test_tuple": [
        "assert filter_even_numbers((1, 2, 3, 4, 5)) == (2, 4)",
        "assert filter_even_numbers((1, 3, 5)) == ()",
        "assert filter_even_numbers((2, 4, 6, 8)) == (2, 4, 6, 8)"
    ]
}
INFO - The task prompt is Write a Python function that takes a tuple of integers and returns a new tuple containing only the even integers from the original tuple.
You must strictly follow the function name: filter_even_numbers

INFO - LM call n parse attempt 1 / 3

INFO - [Task id] 23 [prompt] 
You are a helpful assistant that answer my question about Python programming.

I will give you the following information:
Question: ...

You will answer the question based on the context (only if available and helpful) and your own knowledge of Python programming.
1) Start your answer with "Answer: ".
2) Answer "Answer: Unknown" if you don't know the answer.

INFO - [Task id] 23 [prompt] Question: Explain at a conceptual level, how to accomplish the below task in Python programming?
Write a Python function that takes a tuple of integers and returns a new tuple containing only the even integers from the original tuple.
INFO - [Task id] 23 [generation text] Answer: To accomplish the task of creating a Python function that filters out even integers from a tuple, you can follow these conceptual steps:

1. **Define the Function**: Start by defining a function that takes a single parameter, which will be the input tuple of integers.

2. **Iterate Over the Tuple**: Use a loop or a comprehension to iterate through each integer in the input tuple.

3. **Check for Even Integers**: For each integer, check if it is even. An integer is considered even if it is divisible by 2 (i.e., `number % 2 == 0`).

4. **Collect Even Integers**: If an integer is even, add it to a new collection (like a list).

5. **Convert to Tuple**: After collecting all the even integers, convert the list back to a tuple.

6. **Return the New Tuple**: Finally, return the new tuple containing only the even integers.

Here is a conceptual outline of what the function might look like in code:

```python
def filter_even_numbers(input_tuple):
    # Use a list comprehension to filter even numbers
    even_numbers = [num for num in input_tuple if num % 2 == 0]
    # Convert the list of even numbers back to a tuple
    return tuple(even_numbers)
```

This function takes a tuple of integers, filters out the even ones, and returns them as a new tuple.
INFO - Attempting task_id 23
INFO - [35m Rollout attempt 1/4[0m
INFO - [33m Retrieving 5 entries for db: skill 
 [0m
INFO - [33m filter_even_numbers, filter_multiples, filter_excluded_numbers, unique_integers, find_duplicates[0m
INFO - LM call n parse attempt 1 / 3

INFO - [Task id] 23 [prompt] You are a helpful assistant that writes python code to solve a task specified by me.

Here are some useful functions written earlier which you can reuse or reference.


[Entry]:


    def filter_even_numbers(input_list):
        even_numbers = []
        for number in input_list:
            if ((number % 2) == 0):
                even_numbers.append(number)
        return even_numbers

[/Entry]

[Entry]:


    def filter_multiples(int_list, multiple_of):
        result = []
        for number in int_list:
            if ((number % multiple_of) == 0):
                result.append(number)
        return result

[/Entry]

[Entry]:


    def filter_excluded_numbers(int_list, excluded_set):
        return [num for num in int_list if (num not in excluded_set)]

[/Entry]

[Entry]:


    def unique_integers(int_list):
        unique_set = set(int_list)
        return list(unique_set)

[/Entry]

[Entry]:


    def find_duplicates(int_list):
        counts = {}
        duplicates = []
        for num in int_list:
            if (num in counts):
                counts[num] += 1
            else:
                counts[num] = 1
        for (num, count) in counts.items():
            if (count > 1):
                duplicates.append(num)
        return duplicates

[/Entry]






At each round of conversation, I will give you
[Environment feedback] (after executing code) ...
[Code from the last round] ...
[Task] ...
[Context] ...
[Critique] ...

You should then respond to me with
Explain (if applicable): Are there any steps missing in your plan? Why does the code not complete the task? What does the chat log and execution error imply?
Plan: How to complete the task step by step. 
Code:
    1) Reuse or reference the above useful programs if necessary.
    2) Your function will be reused for building more complex functions. Therefore, you should make it generic and reusable. 
    3) Functions in the "Code from the last round" section will not be saved or executed. Do not reuse functions listed there.
    4) Anything defined outside a function will be ignored, define all your variables inside your functions.
    5) Do not write infinite loops.
    6) If the task specifies a function name to be used, follow it strictly (be case sensitive!). Else, name your function in a meaningful way (can infer the task from the name).
    7) Your code should only contain elements that solve the task, so DO NOT write any assert statements / tests
    8) The context in the [Context] tag serves as a casual tip (which can be wrong) to help you on the task, but your priority is to follow instructions in the [Task] tag.

You should only respond in the format as described below:
RESPONSE FORMAT:

Explain: ...
Plan:
1) ...
2) ...
3) ...
...
Code:
```python
# helper functions (only if needed, try to avoid them)
...
# main function after the helper functions
def yourMainFunctionName(args):
  # ...

```


INFO - [Task id] 23 [prompt] [Environment feedback]
None

[Code from the last round]
No code in the first round

[Task]
Write a Python function that takes a tuple of integers and returns a new tuple containing only the even integers from the original tuple.
You must strictly follow the function name: filter_even_numbers

[Context]
Rough plan to accomplish the task (can be wrong): 
Answer: To accomplish the task of creating a Python function that filters out even integers from a tuple, you can follow these conceptual steps:

1. **Define the Function**: Start by defining a function that takes a single parameter, which will be the input tuple of integers.

2. **Iterate Over the Tuple**: Use a loop or a comprehension to iterate through each integer in the input tuple.

3. **Check for Even Integers**: For each integer, check if it is even. An integer is considered even if it is divisible by 2 (i.e., `number % 2 == 0`).

4. **Collect Even Integers**: If an integer is even, add it to a new collection (like a list).

5. **Convert to Tuple**: After collecting all the even integers, convert the list back to a tuple.

6. **Return the New Tuple**: Finally, return the new tuple containing only the even integers.

Here is a conceptual outline of what the function might look like in code:

```python
def filter_even_numbers(input_tuple):
    # Use a list comprehension to filter even numbers
    even_numbers = [num for num in input_tuple if num % 2 == 0]
    # Convert the list of even numbers back to a tuple
    return tuple(even_numbers)
```

This function takes a tuple of integers, filters out the even ones, and returns them as a new tuple.


[Critique]
None


INFO - [Task id] 23 [generation text] Explain: The provided plan is mostly correct and outlines the necessary steps to create the function. The only minor adjustment needed is to ensure that the function strictly adheres to the specified name and handles the input as a tuple.

Plan:
1) Define the function `filter_even_numbers` that takes a single parameter, `input_tuple`.
2) Use a list comprehension to iterate over each integer in the `input_tuple` and check if it is even.
3) Collect the even integers into a list.
4) Convert the list of even integers back into a tuple.
5) Return the new tuple containing only the even integers.

Code:
```python
def filter_even_numbers(input_tuple):
    even_numbers = [num for num in input_tuple if num % 2 == 0]
    return tuple(even_numbers)
```
INFO - program_code:
 

def filter_even_numbers(input_tuple):
    even_numbers = [num for num in input_tuple if ((num % 2) == 0)]
    return tuple(even_numbers)


INFO - program_name:
 filter_even_numbers

INFO - dependencies:
 []

INFO - raw_msg:
 Explain: The provided plan is mostly correct and outlines the necessary steps to create the function. The only minor adjustment needed is to ensure that the function strictly adheres to the specified name and handles the input as a tuple.

Plan:
1) Define the function `filter_even_numbers` that takes a single parameter, `input_tuple`.
2) Use a list comprehension to iterate over each integer in the `input_tuple` and check if it is even.
3) Collect the even integers into a list.
4) Convert the list of even integers back into a tuple.
5) Return the new tuple containing only the even integers.

Code:
```python
def filter_even_numbers(input_tuple):
    even_numbers = [num for num in input_tuple if num % 2 == 0]
    return tuple(even_numbers)
```

INFO - no_parent:
 True

INFO - full code to be executed: 
 

def filter_even_numbers(input_tuple):
    even_numbers = [num for num in input_tuple if ((num % 2) == 0)]
    return tuple(even_numbers)


INFO - obs: Tests passed:
assert filter_even_numbers((1, 2, 3, 4, 5)) == (2, 4)
assert filter_even_numbers((1, 3, 5)) == ()
assert filter_even_numbers((2, 4, 6, 8)) == (2, 4, 6, 8)

Tests failed:
None
reward: True
done: None
info: {'individual_results': (True, True, True)}
INFO - LM call n parse attempt 1 / 5

INFO - [Task id] 23 [prompt] 
You are a Python programming assistant that assesses my progress of Python programming and provides useful guidance.

I will give you the following information:

[Task]: The objective I need to accomplish.
[Context]: The context of the task. Serves as a casual tip (which can be wrong) to help me on the task, but my priority is to follow instructions in the Task tag.
[function impl]: My function implementation that is intended to complete the task
[unit test results]: The results after executing my function implementation on the unit tests

Your first goal is to use these info to evaluate if I have met the task requirements, and explain why. 
It is possible that the unit test results all pass, but the code does not accomplish the task (eg by failing to accomplish the task in scenarios not covered by the unit tests)
It is also possible that the unit tests are wrong in the first place, though the code accomplishes the task and fails the unit test.

If I have not met the task requirements, write a few sentences to explain why the function implementation is wrong as indicated by the tests. 
You will need this as guidance when you try again later.
Only provide the few sentence description in your answer, not the implementation. 
Suggest how the function implementation can be changed, NOT the test cases (assert statements)

You should only respond in JSON format as described below:
The output should be formatted as a JSON instance that conforms to the JSON schema below.

As an example, for the schema {"properties": {"foo": {"title": "Foo", "description": "a list of strings", "type": "array", "items": {"type": "string"}}}, "required": ["foo"]}
the object {"foo": ["bar", "baz"]} is a well-formatted instance of the schema. The object {"properties": {"foo": ["bar", "baz"]}} is not well-formatted.

Here is the output schema:
```
{"description": "Represents the critique of a task attempt, including reasoning, success status, and suggestions for improvement.\n\nAttributes:\n    reasoning (str): Explanation of why the task was succeeded or failed.\n    success (bool): Indicates whether the task requirements were met.\n    critique (str): Suggestions or critique to help improve future task attempts.", "properties": {"reasoning": {"description": "reason why I have succeeded or failed at the task", "title": "Reasoning", "type": "string"}, "success": {"description": "evaluate if I have met the task requirements", "title": "Success", "type": "boolean"}, "critique": {"description": "critique to help me improve", "title": "Critique", "type": "string"}}, "required": ["reasoning", "success", "critique"]}
```

INFO - [Task id] 23 [prompt] 
Here are some examples:

Example 1:
[function impl]:
```python
def longest_subarray_with_sum_limit(nums: List[int], target: int) -> List[int]:
    n = len(nums)
    left, right = 0, 0
    max_length = 0
    current_sum = 0
    result = []
    while right < n:
        current_sum += nums[right]
        while current_sum > target:
            current_sum -= nums[left]
            left += 1
        if right - left + 1 >= max_length:
            max_length = right - left + 1
            result = nums[left:right+1]
        right += 1
    return result
```
[unit test results]:
Tests passing:
assert longest_subarray_with_sum_limit([1, 2, 3, 4, 5], 8) == [1, 2, 3]
assert longest_subarray_with_sum_limit([1, 2, 3, 4, 5], 15) == [1, 2, 3, 4, 5]
assert longest_subarray_with_sum_limit([1, -1, 2, -2, 3, -3], 2) == [1, -1, 2, -2, 3]
assert longest_subarray_with_sum_limit([], 10) == []
assert longest_subarray_with_sum_limit([], 0) == []
assert longest_subarray_with_sum_limit([], -5) == []  
Tests failing:
assert longest_subarray_with_sum_limit([5, 6, 7, 8, 9], 4) == [] # output: [5]

RESPONSE:
{
    "reasoning": "The implementation failed the test case where no subarray fulfills the condition",
    "success": false,
    "critique": "The issue in the implementation is due to the use of >= instead of > in the condition to update the result. Because of this, it returns a subarray even when the sum is greater than the target, as it still updates the result when the current subarray length is equal to the previous longest subarray length. To overcome this error, we should change the condition to only update the result when the current subarray length is strictly greater than the previous longest subarray length. This can be done by replacing >= with > in the condition."
}


Example 2:
[function impl]:
```python
def longest_subarray_with_sum_limit(nums: List[int], target: int) -> List[int]:
    n = len(nums)
    left, right = 0, 0
    max_length = 0
    current_sum = 0
    result = []
    while current_sum + nums[right] <= target:
        current_sum += nums[right]
        right += 1
    while right < n:
        current_sum += nums[right]
        while current_sum > target:
            current_sum -= nums[left]
            left += 1
        if right - left + 1 > max_length:
            max_length = right - left + 1
            result = nums[left:right+1]
        right += 1
    return result
```
[unit test results]:
Tests passing:
assert longest_subarray_with_sum_limit([], 10) == []
assert longest_subarray_with_sum_limit([], 0) == []
assert longest_subarray_with_sum_limit([], -5) == []
Tests failing:
assert longest_subarray_with_sum_limit([1, 2, 3, 4, 5], 8) == [1, 2, 3] # output: list index out of range
assert longest_subarray_with_sum_limit([1, 2, 3, 4, 5], 15) == [1, 2, 3, 4, 5] # output: list index out of range
assert longest_subarray_with_sum_limit([5, 6, 7, 8, 9], 4) == [] # output: list index out of range
assert longest_subarray_with_sum_limit([1, -1, 2, -2, 3, -3], 2) == [1, -1, 2, -2, 3] # output: list index out of range

RESPONSE:
{
    "reason": "The implementation failed 4 out of the 7 test cases due to an IndexError.",
    "success": false,
    "critique": "The issue stems from the while loop while current_sum + nums[right] <= target:, which directly accesses nums[right] without checking if right is within the bounds of the list. This results in a runtime error when right goes beyond the list length. To overcome this error, we need to add a bounds check for the right variable in the mentioned while loop. We can modify the loop condition to while right < len(nums) and current_sum + nums[right] <= target:. This change will ensure that we only access elements within the bounds of the list, thus avoiding the IndexError."
}


END OF EXAMPLES

INFO - [Task id] 23 [prompt] [Task]:
Write a Python function that takes a tuple of integers and returns a new tuple containing only the even integers from the original tuple.
[Context]: 
 Rough plan to accomplish the task (can be wrong): 
Answer: To accomplish the task of creating a Python function that filters out even integers from a tuple, you can follow these conceptual steps:

1. **Define the Function**: Start by defining a function that takes a single parameter, which will be the input tuple of integers.

2. **Iterate Over the Tuple**: Use a loop or a comprehension to iterate through each integer in the input tuple.

3. **Check for Even Integers**: For each integer, check if it is even. An integer is considered even if it is divisible by 2 (i.e., `number % 2 == 0`).

4. **Collect Even Integers**: If an integer is even, add it to a new collection (like a list).

5. **Convert to Tuple**: After collecting all the even integers, convert the list back to a tuple.

6. **Return the New Tuple**: Finally, return the new tuple containing only the even integers.

Here is a conceptual outline of what the function might look like in code:

```python
def filter_even_numbers(input_tuple):
    # Use a list comprehension to filter even numbers
    even_numbers = [num for num in input_tuple if num % 2 == 0]
    # Convert the list of even numbers back to a tuple
    return tuple(even_numbers)
```

This function takes a tuple of integers, filters out the even ones, and returns them as a new tuple.


[function impl]:


def filter_even_numbers(input_tuple):
    even_numbers = [num for num in input_tuple if ((num % 2) == 0)]
    return tuple(even_numbers)

[unit test results]:
Tests passed:
assert filter_even_numbers((1, 2, 3, 4, 5)) == (2, 4)
assert filter_even_numbers((1, 3, 5)) == ()
assert filter_even_numbers((2, 4, 6, 8)) == (2, 4, 6, 8)

Tests failed:
None

INFO - [Task id] 23 [generation text] 
INFO - {
    "reasoning": "The implementation successfully meets the task requirements by correctly filtering out even integers from the input tuple and returning them as a new tuple. All provided unit tests passed without any failures, indicating that the function behaves as expected in the tested scenarios.",
    "success": true,
    "critique": "Great job! Your implementation is correct and passes all the tests. To further enhance your function, consider adding type hints to the function signature for better clarity and maintainability."
}
INFO - {
    "reasoning": "The implementation successfully meets the task requirements by correctly filtering out even integers from the input tuple and returning them as a new tuple. All provided unit tests passed without any failures, indicating that the function behaves as expected in the tested scenarios.",
    "success": true,
    "critique": "Great job! Your implementation is correct and passes all the tests. To further enhance your function, consider adding type hints to the function signature for better clarity and maintainability."
}
INFO - [task_id]: 23 [Result]: True
INFO - LM call n parse attempt 1 / 3

INFO - [Task id] 23 [prompt] 
You are a helpful assistant that writes a description of the given function written in the Python programming language.

1) Do not mention the function name.
2) Do not mention anything about helper functions.
3) There might be some helper functions before the main function, but you only need to describe the main function.
4) Try to summarize the function in no more than 6 sentences.
5) Your response should be a single line of text.

INFO - [Task id] 23 [prompt] 

def filter_even_numbers(input_tuple):
    even_numbers = [num for num in input_tuple if ((num % 2) == 0)]
    return tuple(even_numbers)


The main function is `filter_even_numbers`.
INFO - [Task id] 23 [generation text] This function takes a tuple of numbers as input and filters out the even numbers from it. It uses a list comprehension to iterate through each number in the tuple, checking if it is even by using the modulus operator. The even numbers are collected into a list, which is then converted back into a tuple before being returned. The output is a new tuple containing only the even numbers from the original input. If there are no even numbers, an empty tuple is returned. This function effectively allows for the extraction of even integers from a given collection.
INFO - incrementing ver to 2
INFO - filter_even_numbers exists in db but different code so rename to filter_even_numbers_v2
INFO - Num Completed Tasks: 22, Num Failed Tasks: 2
