INFO - DB skill doc count: 14

INFO - [train iter]: 15/100 

INFO - LM call n parse attempt 1 / 3

INFO - [Task id] 15 [prompt] 
You are a helpful assistant that asks questions to help me decide the next immediate task to do for Python programming.
My ultimate goal is to solve as many diverse problems as possible and become the best programmer in the world.

I will give you the following information:
Completed tasks so far: ...
Failed tasks that are too hard: ...

You must follow the following criteria:
1) You should ask at least 5 questions (but no more than 10 questions) to help me decide the next immediate task to do. Each question should be followed by the concept that the question is about.
2) Your question should be specific to a concept in Python programming.
  Bad example (the question is too general):
    Question: What is the best way to program in Python?
    Concept: unknown
  Good example:
    Question: How do you reverse a list?
    Concept: list
3) Your questions should be self-contained and not require any context.

Respond in JSON, and follow the keys and expected format of the values strictly.


Response format:
The output should be formatted as a JSON instance that conforms to the JSON schema below.

As an example, for the schema {"properties": {"foo": {"title": "Foo", "description": "a list of strings", "type": "array", "items": {"type": "string"}}}, "required": ["foo"]}
the object {"foo": ["bar", "baz"]} is a well-formatted instance of the schema. The object {"properties": {"foo": ["bar", "baz"]}} is not well-formatted.

Here is the output schema:
```
{"$defs": {"QuestionConcept": {"properties": {"question": {"description": "A question related to Python programming, to help me brainstorm the next immediate task to do", "title": "Question", "type": "string"}, "concept": {"description": "The Python programming concept associated with the question above", "title": "Concept", "type": "string"}}, "required": ["question", "concept"], "title": "QuestionConcept", "type": "object"}}, "properties": {"reasoning": {"description": "Reason out, step-by-step, why you picked these questions and concepts", "title": "Reasoning", "type": "string"}, "question_concept_list": {"description": "list of questions and their associated concepts", "items": {"$ref": "#/$defs/QuestionConcept"}, "title": "Question Concept List", "type": "array"}}, "required": ["reasoning", "question_concept_list"]}
```


INFO - [Task id] 15 [prompt] Completed tasks so far (do not give me these tasks again!): 
	Write a Python function that takes a list of integers and returns a list of unique integers from that list.
	Write a Python function that takes a list of integers and returns a dictionary with the integers as keys and their counts as values.
	Write a Python function that takes two lists of integers and returns a list of integers that are present in both lists (the intersection).
	Write a Python function that takes a list of integers and returns a list of integers that are unique (appear only once) in the list.
	Write a Python function that takes a list of integers and returns a list of integers that are duplicates (appear more than once) in the list.
	Write a Python function that takes a list of integers and returns the second largest integer in the list. If the list has fewer than two unique integers, return None.
	Write a Python function that takes a list of integers and returns a new list containing only the even integers from the original list.
	Write a Python function that takes a list of integers and returns a list of integers that are greater than a given threshold value.
	Write a Python function that takes a string and returns the number of vowels in that string.
	Write a Python function that takes a string and returns a set of unique characters in that string.
	Write a Python function that takes a string and returns True if it is a palindrome (reads the same forwards and backwards), and False otherwise.
	Write a Python function that takes a string and returns a new string containing only the digits from the original string.
	Write a Python function that takes a list of strings and returns a new list containing only the strings that have a length greater than a specified threshold.
	Write a Python function that takes a list of strings and returns a new list of those strings sorted by their length in descending order.

Failed tasks that are too hard: 
	Write a Python function that takes a dictionary and returns a new dictionary with the keys and values swapped. If there are duplicate values, keep only one of the keys.


INFO - [Task id] 15 [generation text] 
INFO - {
    "reasoning": "I selected these questions to cover a variety of Python programming concepts that are fundamental and useful for problem-solving. The questions focus on data structures like lists and dictionaries, string manipulation, and algorithmic thinking, which are essential skills for a programmer. Each question is designed to challenge different aspects of Python programming, ensuring a well-rounded skill development.",
    "question_concept_list": [
        {
            "question": "How do you merge two dictionaries in Python?",
            "concept": "dictionary"
        },
        {
            "question": "What is the best way to sort a list of dictionaries by a specific key?",
            "concept": "dictionary"
        },
        {
            "question": "How can you implement a simple class in Python?",
            "concept": "object-oriented programming"
        },
        {
            "question": "What are list comprehensions and how do you use them?",
            "concept": "list comprehension"
        },
        {
            "question": "How do you handle exceptions in Python?",
            "concept": "exception handling"
        }
    ]
}
INFO - {
    "reasoning": "I selected these questions to cover a variety of Python programming concepts that are fundamental and useful for problem-solving. The questions focus on data structures like lists and dictionaries, string manipulation, and algorithmic thinking, which are essential skills for a programmer. Each question is designed to challenge different aspects of Python programming, ensuring a well-rounded skill development.",
    "question_concept_list": [
        {
            "question": "How do you merge two dictionaries in Python?",
            "concept": "dictionary"
        },
        {
            "question": "What is the best way to sort a list of dictionaries by a specific key?",
            "concept": "dictionary"
        },
        {
            "question": "How can you implement a simple class in Python?",
            "concept": "object-oriented programming"
        },
        {
            "question": "What are list comprehensions and how do you use them?",
            "concept": "list comprehension"
        },
        {
            "question": "How do you handle exceptions in Python?",
            "concept": "exception handling"
        }
    ]
}
INFO - LM call n parse attempt 1 / 3

INFO - [Task id] 15 [prompt] 
You are a helpful assistant that answer my question about Python programming.

I will give you the following information:
Question: ...

You will answer the question based on the context (only if available and helpful) and your own knowledge of Python programming.
1) Start your answer with "Answer: ".
2) Answer "Answer: Unknown" if you don't know the answer.

INFO - [Task id] 15 [prompt] Question: How can you implement a simple class in Python?
INFO - [Task id] 15 [generation text] Answer: To implement a simple class in Python, you can use the `class` keyword followed by the class name and a colon. Inside the class, you can define an `__init__` method to initialize the object's attributes and other methods to define its behavior. Here’s a basic example:

```python
class Dog:
    def __init__(self, name, age):
        self.name = name  # instance variable for the dog's name
        self.age = age    # instance variable for the dog's age

    def bark(self):
        return f"{self.name} says woof!"

# Creating an instance of the Dog class
my_dog = Dog("Buddy", 3)

# Accessing attributes and methods
print(my_dog.name)  # Output: Buddy
print(my_dog.bark())  # Output: Buddy says woof!
```

In this example, we define a `Dog` class with an initializer that takes `name` and `age` as parameters. The `bark` method allows the dog to "speak." We then create an instance of the `Dog` class and demonstrate how to access its attributes and methods.
INFO - LM call n parse attempt 1 / 5

INFO - [Task id] 15 [prompt] 
You are a helpful assistant that tells me the next immediate task (in the form of a function) to do for Python programming. 
My ultimate goal is to solve as many diverse problems as possible and become the best programmer in the world.

I will give you the following information:
Question 1: ...
Answer: ...
Question 2: ...
Answer: ...
Question 3: ...
Answer: ...
...
Completed tasks so far: ...
Failed tasks that are too hard: ...

You must follow the following criteria:
1) You should act as a mentor and guide me to the next task based on my current learning progress. As a rule of thumb, guide me through beginner problems, followed by interview level problems, followed by competitive programming problems. The latter 2 levels can involve concepts from data structures and algorithms.
2) Please be very specific about what skills I need to learn.
3) Do not propose multiple tasks at the same time. Do not mention anything else.
4) The next task should not be too hard since I may not have learned enough skills to complete it yet.
5) The next task should be novel and interesting. I should look for problems which I have not solved yet. I should not be doing the same thing over and over again.
6) The task should involve writing a main Python function that at most use basic libraries (try not to import too many or too advanced modules)
7) Do not give tasks that require file operations (create, read, update, delete) or an internet connection.
8) I am only allowed to write Python functions, so do not require me to write other things (e.g. objects). 
9) Requiring me to write a function that takes in an object and uses object methods is still ok, but I cannot define the objects myself. You must provide the objects as input to my function in the assert statement.

Take note of these in your response:
1) Give an expected function name for the task.
2) Give a tuple of 3 assert statements that tests the function's correctness in the "test_tuple" field. This must strictly contain single-line assert statements only; any setup code for the test must be filled in the "test_setup_code" field.
3) The function name which you gave must be called in the assert statements. 

Respond in JSON, and follow the keys and expected format of the values strictly.


Response format:
The output should be formatted as a JSON instance that conforms to the JSON schema below.

As an example, for the schema {"properties": {"foo": {"title": "Foo", "description": "a list of strings", "type": "array", "items": {"type": "string"}}}, "required": ["foo"]}
the object {"foo": ["bar", "baz"]} is a well-formatted instance of the schema. The object {"properties": {"foo": ["bar", "baz"]}} is not well-formatted.

Here is the output schema:
```
{"properties": {"reasoning": {"description": "Based on the information listed above, reason about what the next task should be.", "title": "Reasoning", "type": "string"}, "task": {"description": "The next task, which requires me to write a single function. Be sure to state the expected data structure for inputs and outputs.", "title": "Task", "type": "string"}, "gt_fn_name": {"description": "The expected name for the single function for the task", "title": "Gt Fn Name", "type": "string"}, "test_setup_code": {"description": "setup code, if required. This will be run just before the assert statements are executed.", "title": "Test Setup Code", "type": "string"}, "test_tuple": {"description": "Tuple of 3 SINGLE-LINE test cases that starts with 'assert' to test the function's correctness.Any extra required code should be written in the test_setup_code field.", "items": {"type": "string"}, "maxItems": 3, "minItems": 3, "prefixItems": [{"type": "string"}, {"type": "string"}, {"type": "string"}], "title": "Test Tuple", "type": "array"}}, "required": ["reasoning", "task", "gt_fn_name", "test_setup_code", "test_tuple"]}
```


INFO - [Task id] 15 [prompt] 
Here's an example response:
{
    "reasoning": "The student has shown proficiency in basic Python syntax and list manipulation, but struggles with problems involving more complex algorithms and data structures. This task will help them practice using sets or dictionaries for efficient lookups, and understand the concept of algorithmic complexity.",
    "task": "Write a Python function that takes a list of integers and returns the tuple of two numbers that sum up to zero. If no such pair exists, return None.",
    "gt_fn_name": "find_zero_sum",
    "test_setup_code": "",
    "test_tuple": [
        "assert find_zero_sum([1, 2, 3, -2, -1]) == (2, -2)",
        "assert find_zero_sum([1, 2, 3, 4, 5]) == None",
        "assert find_zero_sum([1, 4, 3, -4, -1]) == (4, -4)"
    ]
}

INFO - [Task id] 15 [prompt] Question 1: What is the best way to merge two dictionaries in Python?
Answer: The best way to merge two dictionaries in Python depends on the version of Python you are using. 

In Python 3.9 and later, you can use the `|` operator to merge dictionaries:

```python
dict1 = {'a': 1, 'b': 2}
dict2 = {'b': 3, 'c': 4}
merged_dict = dict1 | dict2
```

In Python 3.5 and later, you can use the `**` unpacking operator:

```python
dict1 = {'a': 1, 'b': 2}
dict2 = {'b': 3, 'c': 4}
merged_dict = {**dict1, **dict2}
```

In earlier versions of Python, you can use the `update()` method:

```python
dict1 = {'a': 1, 'b': 2}
dict2 = {'b': 3, 'c': 4}
dict1.update(dict2)
merged_dict = dict1  # dict1 is now updated
```

Choose the method that best fits your needs and the version of Python you are using.

Question 2: What is the best way to sort a list of dictionaries by a specific key?
Answer: The best way to sort a list of dictionaries by a specific key in Python is to use the `sorted()` function along with a lambda function as the key argument. Here’s an example:

```python
list_of_dicts = [
    {'name': 'Alice', 'age': 30},
    {'name': 'Bob', 'age': 25},
    {'name': 'Charlie', 'age': 35}
]

# Sort by the 'age' key
sorted_list = sorted(list_of_dicts, key=lambda x: x['age'])

print(sorted_list)
```

This will output:

```
[{'name': 'Bob', 'age': 25}, {'name': 'Alice', 'age': 30}, {'name': 'Charlie', 'age': 35}]
```

You can also sort in reverse order by adding the `reverse=True` argument:

```python
sorted_list_desc = sorted(list_of_dicts, key=lambda x: x['age'], reverse=True)
```

This will sort the list in descending order based on the 'age' key.

Question 3: How can you implement a simple class in Python?
Answer: To implement a simple class in Python, you can use the `class` keyword followed by the class name and a colon. Inside the class, you can define an `__init__` method to initialize the object's attributes and other methods to define its behavior. Here’s a basic example:

```python
class Dog:
    def __init__(self, name, age):
        self.name = name  # instance variable for the dog's name
        self.age = age    # instance variable for the dog's age

    def bark(self):
        return f"{self.name} says woof!"

# Creating an instance of the Dog class
my_dog = Dog("Buddy", 3)

# Accessing attributes and methods
print(my_dog.name)  # Output: Buddy
print(my_dog.bark())  # Output: Buddy says woof!
```

In this example, we define a `Dog` class with an initializer that takes `name` and `age` as parameters. The `bark` method allows the dog to "speak." We then create an instance of the `Dog` class and demonstrate how to access its attributes and methods.

Question 4: What are list comprehensions and how do you use them?
Answer: List comprehensions are a concise way to create lists in Python. They provide a syntactic shortcut for generating lists based on existing lists or other iterable objects. The basic syntax of a list comprehension is:

```python
[expression for item in iterable if condition]
```

- `expression` is the value to be included in the new list.
- `item` is the variable that takes the value of each element in the iterable.
- `iterable` is any Python iterable (like a list, tuple, or string).
- `condition` is an optional filter that determines whether the `expression` should be included in the new list.

Here are a few examples of how to use list comprehensions:

1. **Creating a list of squares:**
   ```python
   squares = [x**2 for x in range(10)]
   # squares will be [0, 1, 4, 9, 16, 25, 36, 49, 64, 81]
   ```

2. **Filtering even numbers:**
   ```python
   even_numbers = [x for x in range(20) if x % 2 == 0]
   # even_numbers will be [0, 2, 4, 6, 8, 10, 12, 14, 16, 18]
   ```

3. **Converting strings to uppercase:**
   ```python
   words = ['hello', 'world', 'python']
   uppercase_words = [word.upper() for word in words]
   # uppercase_words will be ['HELLO', 'WORLD', 'PYTHON']
   ```

List comprehensions can make your code more readable and concise, especially when dealing with simple transformations and filters.

Question 5: How can you handle exceptions in Python?
Answer: In Python, you can handle exceptions using the `try` and `except` blocks. Here’s a basic structure:

```python
try:
    # Code that may raise an exception
    risky_code()
except SomeException as e:
    # Code that runs if the exception occurs
    print(f"An error occurred: {e}")
```

You can also handle multiple exceptions by specifying them in a tuple:

```python
try:
    risky_code()
except (TypeError, ValueError) as e:
    print(f"A type or value error occurred: {e}")
```

If you want to execute some code regardless of whether an exception occurred or not, you can use the `finally` block:

```python
try:
    risky_code()
except SomeException as e:
    print(f"An error occurred: {e}")
finally:
    print("This will run no matter what.")
```

Additionally, you can use the `else` block to run code that should execute if no exceptions were raised:

```python
try:
    risky_code()
except SomeException as e:
    print(f"An error occurred: {e}")
else:
    print("No errors occurred!")
```

This structure allows for robust error handling in your Python programs.

Completed tasks so far (do not give me these tasks again!): 
	Write a Python function that takes a list of integers and returns a list of unique integers from that list.
	Write a Python function that takes a list of integers and returns a dictionary with the integers as keys and their counts as values.
	Write a Python function that takes two lists of integers and returns a list of integers that are present in both lists (the intersection).
	Write a Python function that takes a list of integers and returns a list of integers that are unique (appear only once) in the list.
	Write a Python function that takes a list of integers and returns a list of integers that are duplicates (appear more than once) in the list.
	Write a Python function that takes a list of integers and returns the second largest integer in the list. If the list has fewer than two unique integers, return None.
	Write a Python function that takes a list of integers and returns a new list containing only the even integers from the original list.
	Write a Python function that takes a list of integers and returns a list of integers that are greater than a given threshold value.
	Write a Python function that takes a string and returns the number of vowels in that string.
	Write a Python function that takes a string and returns a set of unique characters in that string.
	Write a Python function that takes a string and returns True if it is a palindrome (reads the same forwards and backwards), and False otherwise.
	Write a Python function that takes a string and returns a new string containing only the digits from the original string.
	Write a Python function that takes a list of strings and returns a new list containing only the strings that have a length greater than a specified threshold.
	Write a Python function that takes a list of strings and returns a new list of those strings sorted by their length in descending order.

Failed tasks that are too hard: 
	Write a Python function that takes a dictionary and returns a new dictionary with the keys and values swapped. If there are duplicate values, keep only one of the keys.


INFO - [Task id] 15 [generation text] 
INFO - {
    "reasoning": "The student has demonstrated a good understanding of basic Python concepts, including functions, lists, and dictionaries. The next task should involve a slightly more complex problem that still remains within their current skill level. This task will help them practice using list comprehensions and basic string manipulation, which are essential skills in Python programming.",
    "task": "Write a Python function that takes a list of strings and returns a new list containing the lengths of each string in the original list.",
    "gt_fn_name": "string_lengths",
    "test_setup_code": "",
    "test_tuple": [
        "assert string_lengths(['hello', 'world']) == [5, 5]",
        "assert string_lengths(['Python', 'is', 'fun']) == [6, 2, 3]",
        "assert string_lengths(['']) == [0]"
    ]
}
INFO - {
    "reasoning": "The student has demonstrated a good understanding of basic Python concepts, including functions, lists, and dictionaries. The next task should involve a slightly more complex problem that still remains within their current skill level. This task will help them practice using list comprehensions and basic string manipulation, which are essential skills in Python programming.",
    "task": "Write a Python function that takes a list of strings and returns a new list containing the lengths of each string in the original list.",
    "gt_fn_name": "string_lengths",
    "test_setup_code": "",
    "test_tuple": [
        "assert string_lengths(['hello', 'world']) == [5, 5]",
        "assert string_lengths(['Python', 'is', 'fun']) == [6, 2, 3]",
        "assert string_lengths(['']) == [0]"
    ]
}
INFO - The task prompt is Write a Python function that takes a list of strings and returns a new list containing the lengths of each string in the original list.
You must strictly follow the function name: string_lengths

INFO - LM call n parse attempt 1 / 3

INFO - [Task id] 15 [prompt] 
You are a helpful assistant that answer my question about Python programming.

I will give you the following information:
Question: ...

You will answer the question based on the context (only if available and helpful) and your own knowledge of Python programming.
1) Start your answer with "Answer: ".
2) Answer "Answer: Unknown" if you don't know the answer.

INFO - [Task id] 15 [prompt] Question: Explain at a conceptual level, how to accomplish the below task in Python programming?
Write a Python function that takes a list of strings and returns a new list containing the lengths of each string in the original list.
INFO - [Task id] 15 [generation text] Answer: To accomplish the task of creating a Python function that takes a list of strings and returns a new list containing the lengths of each string, you can follow these conceptual steps:

1. **Define the Function**: Start by defining a function that accepts a list of strings as its parameter.

2. **Initialize a New List**: Inside the function, create an empty list that will hold the lengths of the strings.

3. **Iterate Over the Input List**: Use a loop to go through each string in the input list.

4. **Calculate Lengths**: For each string, use the built-in `len()` function to calculate its length.

5. **Store Lengths**: Append the calculated length to the new list.

6. **Return the New List**: After the loop has processed all strings, return the new list containing the lengths.

Here is a simple example of how the function might look in code:

```python
def string_lengths(strings):
    lengths = []  # Step 2: Initialize a new list
    for s in strings:  # Step 3: Iterate over the input list
        lengths.append(len(s))  # Step 4 & 5: Calculate length and store it
    return lengths  # Step 6: Return the new list
```

This function can then be called with a list of strings, and it will return a list of their respective lengths.
INFO - Attempting task_id 15
INFO - [35m Rollout attempt 1/4[0m
INFO - [33m Retrieving 5 entries for db: skill 
 [0m
INFO - [33m sort_strings_by_length_desc, filter_long_strings, count_occurrences, find_duplicates, count_vowels[0m
INFO - LM call n parse attempt 1 / 3

INFO - [Task id] 15 [prompt] You are a helpful assistant that writes python code to solve a task specified by me.

Here are some useful functions written earlier which you can reuse or reference.


[Entry]:


    def sort_strings_by_length_desc(strings):
        return sorted(strings, key=len, reverse=True)

[/Entry]

[Entry]:


    def filter_long_strings(strings, threshold):
        result = []
        for string in strings:
            if (len(string) > threshold):
                result.append(string)
        return result

[/Entry]

[Entry]:


    def count_occurrences(int_list):
        counts = {}
        for num in int_list:
            if (num in counts):
                counts[num] += 1
            else:
                counts[num] = 1
        return counts

[/Entry]

[Entry]:


    def find_duplicates(int_list):
        counts = {}
        duplicates = []
        for num in int_list:
            if (num in counts):
                counts[num] += 1
            else:
                counts[num] = 1
        for (num, count) in counts.items():
            if (count > 1):
                duplicates.append(num)
        return duplicates

[/Entry]

[Entry]:


    def count_vowels(input_string):
        vowels = 'aeiouAEIOU'
        count = 0
        for char in input_string:
            if (char in vowels):
                count += 1
        return count

[/Entry]






At each round of conversation, I will give you
[Environment feedback] (after executing code) ...
[Code from the last round] ...
[Task] ...
[Context] ...
[Critique] ...

You should then respond to me with
Explain (if applicable): Are there any steps missing in your plan? Why does the code not complete the task? What does the chat log and execution error imply?
Plan: How to complete the task step by step. 
Code:
    1) Reuse or reference the above useful programs if necessary.
    2) Your function will be reused for building more complex functions. Therefore, you should make it generic and reusable. 
    3) Functions in the "Code from the last round" section will not be saved or executed. Do not reuse functions listed there.
    4) Anything defined outside a function will be ignored, define all your variables inside your functions.
    5) Do not write infinite loops.
    6) If the task specifies a function name to be used, follow it strictly (be case sensitive!). Else, name your function in a meaningful way (can infer the task from the name).
    7) Your code should only contain elements that solve the task, so DO NOT write any assert statements / tests
    8) The context in the [Context] tag serves as a casual tip (which can be wrong) to help you on the task, but your priority is to follow instructions in the [Task] tag.

You should only respond in the format as described below:
RESPONSE FORMAT:

Explain: ...
Plan:
1) ...
2) ...
3) ...
...
Code:
```python
# helper functions (only if needed, try to avoid them)
...
# main function after the helper functions
def yourMainFunctionName(args):
  # ...

```


INFO - [Task id] 15 [prompt] [Environment feedback]
None

[Code from the last round]
No code in the first round

[Task]
Write a Python function that takes a list of strings and returns a new list containing the lengths of each string in the original list.
You must strictly follow the function name: string_lengths

[Context]
Rough plan to accomplish the task (can be wrong): 
Answer: To accomplish the task of creating a Python function that takes a list of strings and returns a new list containing the lengths of each string, you can follow these conceptual steps:

1. **Define the Function**: Start by defining a function that accepts a list of strings as its parameter.

2. **Initialize a New List**: Inside the function, create an empty list that will hold the lengths of the strings.

3. **Iterate Over the Input List**: Use a loop to go through each string in the input list.

4. **Calculate Lengths**: For each string, use the built-in `len()` function to calculate its length.

5. **Store Lengths**: Append the calculated length to the new list.

6. **Return the New List**: After the loop has processed all strings, return the new list containing the lengths.

Here is a simple example of how the function might look in code:

```python
def string_lengths(strings):
    lengths = []  # Step 2: Initialize a new list
    for s in strings:  # Step 3: Iterate over the input list
        lengths.append(len(s))  # Step 4 & 5: Calculate length and store it
    return lengths  # Step 6: Return the new list
```

This function can then be called with a list of strings, and it will return a list of their respective lengths.


[Critique]
None


INFO - [Task id] 15 [generation text] Explain: The rough plan provided in the context is correct and outlines the necessary steps to accomplish the task. The function `string_lengths` will take a list of strings, calculate the length of each string, and return a new list containing these lengths. There are no missing steps in the plan.

Plan:
1) Define the function `string_lengths` that takes a list of strings as an argument.
2) Initialize an empty list to store the lengths of the strings.
3) Iterate over each string in the input list.
4) For each string, calculate its length using the `len()` function and append it to the list of lengths.
5) Return the list of lengths after processing all strings.

Code:
```python
def string_lengths(strings):
    lengths = []  # Step 2: Initialize a new list
    for s in strings:  # Step 3: Iterate over the input list
        lengths.append(len(s))  # Step 4 & 5: Calculate length and store it
    return lengths  # Step 6: Return the new list
```
INFO - program_code:
 

def string_lengths(strings):
    lengths = []
    for s in strings:
        lengths.append(len(s))
    return lengths


INFO - program_name:
 string_lengths

INFO - dependencies:
 []

INFO - raw_msg:
 Explain: The rough plan provided in the context is correct and outlines the necessary steps to accomplish the task. The function `string_lengths` will take a list of strings, calculate the length of each string, and return a new list containing these lengths. There are no missing steps in the plan.

Plan:
1) Define the function `string_lengths` that takes a list of strings as an argument.
2) Initialize an empty list to store the lengths of the strings.
3) Iterate over each string in the input list.
4) For each string, calculate its length using the `len()` function and append it to the list of lengths.
5) Return the list of lengths after processing all strings.

Code:
```python
def string_lengths(strings):
    lengths = []  # Step 2: Initialize a new list
    for s in strings:  # Step 3: Iterate over the input list
        lengths.append(len(s))  # Step 4 & 5: Calculate length and store it
    return lengths  # Step 6: Return the new list
```

INFO - no_parent:
 True

INFO - full code to be executed: 
 

def string_lengths(strings):
    lengths = []
    for s in strings:
        lengths.append(len(s))
    return lengths


INFO - obs: Tests passed:
assert string_lengths(['hello', 'world']) == [5, 5]
assert string_lengths(['Python', 'is', 'fun']) == [6, 2, 3]
assert string_lengths(['']) == [0]

Tests failed:
None
reward: True
done: None
info: {'individual_results': (True, True, True)}
INFO - LM call n parse attempt 1 / 5

INFO - [Task id] 15 [prompt] 
You are a Python programming assistant that assesses my progress of Python programming and provides useful guidance.

I will give you the following information:

[Task]: The objective I need to accomplish.
[Context]: The context of the task. Serves as a casual tip (which can be wrong) to help me on the task, but my priority is to follow instructions in the Task tag.
[function impl]: My function implementation that is intended to complete the task
[unit test results]: The results after executing my function implementation on the unit tests

Your first goal is to use these info to evaluate if I have met the task requirements, and explain why. 
It is possible that the unit test results all pass, but the code does not accomplish the task (eg by failing to accomplish the task in scenarios not covered by the unit tests)
It is also possible that the unit tests are wrong in the first place, though the code accomplishes the task and fails the unit test.

If I have not met the task requirements, write a few sentences to explain why the function implementation is wrong as indicated by the tests. 
You will need this as guidance when you try again later.
Only provide the few sentence description in your answer, not the implementation. 
Suggest how the function implementation can be changed, NOT the test cases (assert statements)

You should only respond in JSON format as described below:
The output should be formatted as a JSON instance that conforms to the JSON schema below.

As an example, for the schema {"properties": {"foo": {"title": "Foo", "description": "a list of strings", "type": "array", "items": {"type": "string"}}}, "required": ["foo"]}
the object {"foo": ["bar", "baz"]} is a well-formatted instance of the schema. The object {"properties": {"foo": ["bar", "baz"]}} is not well-formatted.

Here is the output schema:
```
{"description": "Represents the critique of a task attempt, including reasoning, success status, and suggestions for improvement.\n\nAttributes:\n    reasoning (str): Explanation of why the task was succeeded or failed.\n    success (bool): Indicates whether the task requirements were met.\n    critique (str): Suggestions or critique to help improve future task attempts.", "properties": {"reasoning": {"description": "reason why I have succeeded or failed at the task", "title": "Reasoning", "type": "string"}, "success": {"description": "evaluate if I have met the task requirements", "title": "Success", "type": "boolean"}, "critique": {"description": "critique to help me improve", "title": "Critique", "type": "string"}}, "required": ["reasoning", "success", "critique"]}
```

INFO - [Task id] 15 [prompt] 
Here are some examples:

Example 1:
[function impl]:
```python
def longest_subarray_with_sum_limit(nums: List[int], target: int) -> List[int]:
    n = len(nums)
    left, right = 0, 0
    max_length = 0
    current_sum = 0
    result = []
    while right < n:
        current_sum += nums[right]
        while current_sum > target:
            current_sum -= nums[left]
            left += 1
        if right - left + 1 >= max_length:
            max_length = right - left + 1
            result = nums[left:right+1]
        right += 1
    return result
```
[unit test results]:
Tests passing:
assert longest_subarray_with_sum_limit([1, 2, 3, 4, 5], 8) == [1, 2, 3]
assert longest_subarray_with_sum_limit([1, 2, 3, 4, 5], 15) == [1, 2, 3, 4, 5]
assert longest_subarray_with_sum_limit([1, -1, 2, -2, 3, -3], 2) == [1, -1, 2, -2, 3]
assert longest_subarray_with_sum_limit([], 10) == []
assert longest_subarray_with_sum_limit([], 0) == []
assert longest_subarray_with_sum_limit([], -5) == []  
Tests failing:
assert longest_subarray_with_sum_limit([5, 6, 7, 8, 9], 4) == [] # output: [5]

RESPONSE:
{
    "reasoning": "The implementation failed the test case where no subarray fulfills the condition",
    "success": false,
    "critique": "The issue in the implementation is due to the use of >= instead of > in the condition to update the result. Because of this, it returns a subarray even when the sum is greater than the target, as it still updates the result when the current subarray length is equal to the previous longest subarray length. To overcome this error, we should change the condition to only update the result when the current subarray length is strictly greater than the previous longest subarray length. This can be done by replacing >= with > in the condition."
}


Example 2:
[function impl]:
```python
def longest_subarray_with_sum_limit(nums: List[int], target: int) -> List[int]:
    n = len(nums)
    left, right = 0, 0
    max_length = 0
    current_sum = 0
    result = []
    while current_sum + nums[right] <= target:
        current_sum += nums[right]
        right += 1
    while right < n:
        current_sum += nums[right]
        while current_sum > target:
            current_sum -= nums[left]
            left += 1
        if right - left + 1 > max_length:
            max_length = right - left + 1
            result = nums[left:right+1]
        right += 1
    return result
```
[unit test results]:
Tests passing:
assert longest_subarray_with_sum_limit([], 10) == []
assert longest_subarray_with_sum_limit([], 0) == []
assert longest_subarray_with_sum_limit([], -5) == []
Tests failing:
assert longest_subarray_with_sum_limit([1, 2, 3, 4, 5], 8) == [1, 2, 3] # output: list index out of range
assert longest_subarray_with_sum_limit([1, 2, 3, 4, 5], 15) == [1, 2, 3, 4, 5] # output: list index out of range
assert longest_subarray_with_sum_limit([5, 6, 7, 8, 9], 4) == [] # output: list index out of range
assert longest_subarray_with_sum_limit([1, -1, 2, -2, 3, -3], 2) == [1, -1, 2, -2, 3] # output: list index out of range

RESPONSE:
{
    "reason": "The implementation failed 4 out of the 7 test cases due to an IndexError.",
    "success": false,
    "critique": "The issue stems from the while loop while current_sum + nums[right] <= target:, which directly accesses nums[right] without checking if right is within the bounds of the list. This results in a runtime error when right goes beyond the list length. To overcome this error, we need to add a bounds check for the right variable in the mentioned while loop. We can modify the loop condition to while right < len(nums) and current_sum + nums[right] <= target:. This change will ensure that we only access elements within the bounds of the list, thus avoiding the IndexError."
}


END OF EXAMPLES

INFO - [Task id] 15 [prompt] [Task]:
Write a Python function that takes a list of strings and returns a new list containing the lengths of each string in the original list.
[Context]: 
 Rough plan to accomplish the task (can be wrong): 
Answer: To accomplish the task of creating a Python function that takes a list of strings and returns a new list containing the lengths of each string, you can follow these conceptual steps:

1. **Define the Function**: Start by defining a function that accepts a list of strings as its parameter.

2. **Initialize a New List**: Inside the function, create an empty list that will hold the lengths of the strings.

3. **Iterate Over the Input List**: Use a loop to go through each string in the input list.

4. **Calculate Lengths**: For each string, use the built-in `len()` function to calculate its length.

5. **Store Lengths**: Append the calculated length to the new list.

6. **Return the New List**: After the loop has processed all strings, return the new list containing the lengths.

Here is a simple example of how the function might look in code:

```python
def string_lengths(strings):
    lengths = []  # Step 2: Initialize a new list
    for s in strings:  # Step 3: Iterate over the input list
        lengths.append(len(s))  # Step 4 & 5: Calculate length and store it
    return lengths  # Step 6: Return the new list
```

This function can then be called with a list of strings, and it will return a list of their respective lengths.


[function impl]:


def string_lengths(strings):
    lengths = []
    for s in strings:
        lengths.append(len(s))
    return lengths

[unit test results]:
Tests passed:
assert string_lengths(['hello', 'world']) == [5, 5]
assert string_lengths(['Python', 'is', 'fun']) == [6, 2, 3]
assert string_lengths(['']) == [0]

Tests failed:
None

INFO - [Task id] 15 [generation text] 
INFO - {
    "reasoning": "The implementation successfully meets the task requirements as it correctly calculates the lengths of each string in the input list and returns a new list containing those lengths. All provided unit tests pass without any issues, indicating that the function behaves as expected in the tested scenarios.",
    "success": true,
    "critique": "Great job! Your implementation is correct and passes all the tests. You can consider adding more test cases, such as strings with spaces, special characters, or very long strings, to further validate the robustness of your function."
}
INFO - {
    "reasoning": "The implementation successfully meets the task requirements as it correctly calculates the lengths of each string in the input list and returns a new list containing those lengths. All provided unit tests pass without any issues, indicating that the function behaves as expected in the tested scenarios.",
    "success": true,
    "critique": "Great job! Your implementation is correct and passes all the tests. You can consider adding more test cases, such as strings with spaces, special characters, or very long strings, to further validate the robustness of your function."
}
INFO - [task_id]: 15 [Result]: True
INFO - LM call n parse attempt 1 / 3

INFO - [Task id] 15 [prompt] 
You are a helpful assistant that writes a description of the given function written in the Python programming language.

1) Do not mention the function name.
2) Do not mention anything about helper functions.
3) There might be some helper functions before the main function, but you only need to describe the main function.
4) Try to summarize the function in no more than 6 sentences.
5) Your response should be a single line of text.

INFO - [Task id] 15 [prompt] 

def string_lengths(strings):
    lengths = []
    for s in strings:
        lengths.append(len(s))
    return lengths


The main function is `string_lengths`.
INFO - [Task id] 15 [generation text] This function takes a list of strings as input and calculates the length of each string. It initializes an empty list to store the lengths. As it iterates through each string in the input list, it appends the length of each string to the lengths list. Finally, it returns the list of lengths. The output is a list of integers representing the lengths of the corresponding strings in the input list. This function effectively provides a way to measure the size of each string in the provided collection.
INFO - Num Completed Tasks: 15, Num Failed Tasks: 1
