INFO - DB skill doc count: 1

INFO - [train iter]: 1/100 

INFO - LM call n parse attempt 1 / 3

INFO - [Task id] 1 [prompt] 
You are a helpful assistant that asks questions to help me decide the next immediate task to do for Python programming.
My ultimate goal is to solve as many diverse problems as possible and become the best programmer in the world.

I will give you the following information:
Completed tasks so far: ...
Failed tasks that are too hard: ...

You must follow the following criteria:
1) You should ask at least 5 questions (but no more than 10 questions) to help me decide the next immediate task to do. Each question should be followed by the concept that the question is about.
2) Your question should be specific to a concept in Python programming.
  Bad example (the question is too general):
    Question: What is the best way to program in Python?
    Concept: unknown
  Good example:
    Question: How do you reverse a list?
    Concept: list
3) Your questions should be self-contained and not require any context.

Respond in JSON, and follow the keys and expected format of the values strictly.


Response format:
The output should be formatted as a JSON instance that conforms to the JSON schema below.

As an example, for the schema {"properties": {"foo": {"title": "Foo", "description": "a list of strings", "type": "array", "items": {"type": "string"}}}, "required": ["foo"]}
the object {"foo": ["bar", "baz"]} is a well-formatted instance of the schema. The object {"properties": {"foo": ["bar", "baz"]}} is not well-formatted.

Here is the output schema:
```
{"$defs": {"QuestionConcept": {"properties": {"question": {"description": "A question related to Python programming, to help me brainstorm the next immediate task to do", "title": "Question", "type": "string"}, "concept": {"description": "The Python programming concept associated with the question above", "title": "Concept", "type": "string"}}, "required": ["question", "concept"], "title": "QuestionConcept", "type": "object"}}, "properties": {"reasoning": {"description": "Reason out, step-by-step, why you picked these questions and concepts", "title": "Reasoning", "type": "string"}, "question_concept_list": {"description": "list of questions and their associated concepts", "items": {"$ref": "#/$defs/QuestionConcept"}, "title": "Question Concept List", "type": "array"}}, "required": ["reasoning", "question_concept_list"]}
```


INFO - [Task id] 1 [prompt] Completed tasks so far (do not give me these tasks again!): 
	Write a Python function that takes a list of integers and returns a list of unique integers from that list.

Failed tasks that are too hard: None


INFO - [Task id] 1 [generation text] 
INFO - {
    "reasoning": "I selected these questions to cover a range of fundamental Python concepts that will help in building a solid foundation for programming. Each question targets a specific area of Python, such as data structures, control flow, and functions, which are essential for solving diverse problems. By exploring these concepts, you can enhance your skills and tackle more complex challenges in the future.",
    "question_concept_list": [
        {
            "question": "How do you sort a list in Python?",
            "concept": "list"
        },
        {
            "question": "What is a dictionary and how do you use it in Python?",
            "concept": "dictionary"
        },
        {
            "question": "How can you handle exceptions in Python?",
            "concept": "exception handling"
        },
        {
            "question": "What are list comprehensions and how do you use them?",
            "concept": "list comprehension"
        },
        {
            "question": "How do you read and write files in Python?",
            "concept": "file I/O"
        }
    ]
}
INFO - {
    "reasoning": "I selected these questions to cover a range of fundamental Python concepts that will help in building a solid foundation for programming. Each question targets a specific area of Python, such as data structures, control flow, and functions, which are essential for solving diverse problems. By exploring these concepts, you can enhance your skills and tackle more complex challenges in the future.",
    "question_concept_list": [
        {
            "question": "How do you sort a list in Python?",
            "concept": "list"
        },
        {
            "question": "What is a dictionary and how do you use it in Python?",
            "concept": "dictionary"
        },
        {
            "question": "How can you handle exceptions in Python?",
            "concept": "exception handling"
        },
        {
            "question": "What are list comprehensions and how do you use them?",
            "concept": "list comprehension"
        },
        {
            "question": "How do you read and write files in Python?",
            "concept": "file I/O"
        }
    ]
}
INFO - LM call n parse attempt 1 / 3

INFO - [Task id] 1 [prompt] 
You are a helpful assistant that answer my question about Python programming.

I will give you the following information:
Question: ...

You will answer the question based on the context (only if available and helpful) and your own knowledge of Python programming.
1) Start your answer with "Answer: ".
2) Answer "Answer: Unknown" if you don't know the answer.

INFO - [Task id] 1 [prompt] Question: How do you sort a list in Python?
INFO - [Task id] 1 [generation text] Answer: In Python, you can sort a list using the `sort()` method or the `sorted()` function.

1. **Using the `sort()` method**: This method sorts the list in place and modifies the original list. It does not return a new list.

   ```python
   my_list = [3, 1, 4, 1, 5, 9]
   my_list.sort()
   print(my_list)  # Output: [1, 1, 3, 4, 5, 9]
   ```

2. **Using the `sorted()` function**: This function returns a new sorted list from the elements of any iterable (like a list), leaving the original list unchanged.

   ```python
   my_list = [3, 1, 4, 1, 5, 9]
   sorted_list = sorted(my_list)
   print(sorted_list)  # Output: [1, 1, 3, 4, 5, 9]
   print(my_list)      # Output: [3, 1, 4, 1, 5, 9] (original list remains unchanged)
   ```

You can also sort in reverse order by passing the `reverse=True` argument to either method:

```python
my_list.sort(reverse=True)  # For sort()
sorted_list = sorted(my_list, reverse=True)  # For sorted()
```

This will sort the list in descending order.
INFO - LM call n parse attempt 1 / 3

INFO - [Task id] 1 [prompt] 
You are a helpful assistant that answer my question about Python programming.

I will give you the following information:
Question: ...

You will answer the question based on the context (only if available and helpful) and your own knowledge of Python programming.
1) Start your answer with "Answer: ".
2) Answer "Answer: Unknown" if you don't know the answer.

INFO - [Task id] 1 [prompt] Question: What is a dictionary and how do you use it in Python?
INFO - [Task id] 1 [generation text] Answer: A dictionary in Python is a built-in data type that allows you to store data in key-value pairs. Each key is unique and is used to access its corresponding value. Dictionaries are mutable, meaning you can change them after they are created.

You can create a dictionary using curly braces `{}` or the `dict()` constructor. Here’s how you can use a dictionary in Python:

1. **Creating a Dictionary**:
   ```python
   my_dict = {
       'name': 'Alice',
       'age': 30,
       'city': 'New York'
   }
   ```

2. **Accessing Values**:
   You can access the value associated with a key using square brackets `[]` or the `get()` method.
   ```python
   print(my_dict['name'])  # Output: Alice
   print(my_dict.get('age'))  # Output: 30
   ```

3. **Adding or Updating Key-Value Pairs**:
   You can add a new key-value pair or update an existing one by assigning a value to a key.
   ```python
   my_dict['age'] = 31  # Update age
   my_dict['country'] = 'USA'  # Add new key-value pair
   ```

4. **Removing Key-Value Pairs**:
   You can remove a key-value pair using the `del` statement or the `pop()` method.
   ```python
   del my_dict['city']  # Remove city
   age = my_dict.pop('age')  # Remove age and return its value
   ```

5. **Iterating Through a Dictionary**:
   You can iterate through keys, values, or key-value pairs using loops.
   ```python
   for key in my_dict:
       print(key, my_dict[key])  # Print each key and its value

   for value in my_dict.values():
       print(value)  # Print each value

   for key, value in my_dict.items():
       print(key, value)  # Print each key-value pair
   ```

Dictionaries are very useful for storing and managing data that can be identified by unique keys, making them a fundamental part of Python programming.
INFO - LM call n parse attempt 1 / 3

INFO - [Task id] 1 [prompt] 
You are a helpful assistant that answer my question about Python programming.

I will give you the following information:
Question: ...

You will answer the question based on the context (only if available and helpful) and your own knowledge of Python programming.
1) Start your answer with "Answer: ".
2) Answer "Answer: Unknown" if you don't know the answer.

INFO - [Task id] 1 [prompt] Question: How can you handle exceptions in Python?
INFO - [Task id] 1 [generation text] Answer: In Python, you can handle exceptions using the `try` and `except` blocks. Here’s a basic structure:

```python
try:
    # Code that may raise an exception
    risky_code()
except SomeException as e:
    # Code that runs if the exception occurs
    print(f"An error occurred: {e}")
```

You can also handle multiple exceptions by specifying them in a tuple:

```python
try:
    risky_code()
except (TypeError, ValueError) as e:
    print(f"A type or value error occurred: {e}")
```

If you want to execute some code regardless of whether an exception occurred or not, you can use the `finally` block:

```python
try:
    risky_code()
except SomeException as e:
    print(f"An error occurred: {e}")
finally:
    print("This will run no matter what.")
```

Additionally, you can use the `else` block to run code that should execute if no exceptions were raised:

```python
try:
    risky_code()
except SomeException as e:
    print(f"An error occurred: {e}")
else:
    print("No errors occurred!")
```

This structure allows for robust error handling in your Python programs.
INFO - LM call n parse attempt 1 / 3

INFO - [Task id] 1 [prompt] 
You are a helpful assistant that answer my question about Python programming.

I will give you the following information:
Question: ...

You will answer the question based on the context (only if available and helpful) and your own knowledge of Python programming.
1) Start your answer with "Answer: ".
2) Answer "Answer: Unknown" if you don't know the answer.

INFO - [Task id] 1 [prompt] Question: What are list comprehensions and how do you use them?
INFO - [Task id] 1 [generation text] Answer: List comprehensions are a concise way to create lists in Python. They provide a syntactic shortcut for generating lists based on existing lists or other iterable objects. The basic syntax of a list comprehension is:

```python
[expression for item in iterable if condition]
```

- `expression` is the value to be included in the new list.
- `item` is the variable that takes the value of each element in the iterable.
- `iterable` is any Python iterable (like a list, tuple, or string).
- `condition` is an optional filter that determines whether the `expression` should be included in the new list.

Here are a few examples of how to use list comprehensions:

1. **Creating a list of squares:**
   ```python
   squares = [x**2 for x in range(10)]
   # squares will be [0, 1, 4, 9, 16, 25, 36, 49, 64, 81]
   ```

2. **Filtering even numbers:**
   ```python
   even_numbers = [x for x in range(20) if x % 2 == 0]
   # even_numbers will be [0, 2, 4, 6, 8, 10, 12, 14, 16, 18]
   ```

3. **Converting strings to uppercase:**
   ```python
   words = ['hello', 'world', 'python']
   uppercase_words = [word.upper() for word in words]
   # uppercase_words will be ['HELLO', 'WORLD', 'PYTHON']
   ```

List comprehensions can make your code more readable and concise, especially when dealing with simple transformations and filters.
INFO - LM call n parse attempt 1 / 3

INFO - [Task id] 1 [prompt] 
You are a helpful assistant that answer my question about Python programming.

I will give you the following information:
Question: ...

You will answer the question based on the context (only if available and helpful) and your own knowledge of Python programming.
1) Start your answer with "Answer: ".
2) Answer "Answer: Unknown" if you don't know the answer.

INFO - [Task id] 1 [prompt] Question: How do you read and write files in Python?
INFO - [Task id] 1 [generation text] Answer: In Python, you can read and write files using the built-in `open()` function. Here’s a basic overview of how to do both:

### Reading a File
To read a file, you can use the following code:

```python
# Open the file in read mode
with open('filename.txt', 'r') as file:
    content = file.read()  # Read the entire file
    print(content)  # Print the content of the file
```

You can also read the file line by line:

```python
with open('filename.txt', 'r') as file:
    for line in file:
        print(line.strip())  # Print each line without extra newline characters
```

### Writing to a File
To write to a file, you can use the following code:

```python
# Open the file in write mode (this will overwrite the file if it exists)
with open('filename.txt', 'w') as file:
    file.write('Hello, World!\n')  # Write a string to the file
```

If you want to append to a file instead of overwriting it, you can use the append mode:

```python
with open('filename.txt', 'a') as file:
    file.write('Appending this line.\n')  # Append a string to the file
```

### Important Notes
- Always use the `with` statement when opening files. This ensures that the file is properly closed after its suite finishes, even if an error is raised.
- The modes you can use with `open()` include:
  - `'r'`: Read (default mode)
  - `'w'`: Write (overwrites the file)
  - `'a'`: Append
  - `'b'`: Binary mode (e.g., `'rb'` or `'wb'` for binary files)
  - `'x'`: Exclusive creation (fails if the file already exists)

This should give you a good starting point for reading and writing files in Python!
INFO - LM call n parse attempt 1 / 5

INFO - [Task id] 1 [prompt] 
You are a helpful assistant that tells me the next immediate task (in the form of a function) to do for Python programming. 
My ultimate goal is to solve as many diverse problems as possible and become the best programmer in the world.

I will give you the following information:
Question 1: ...
Answer: ...
Question 2: ...
Answer: ...
Question 3: ...
Answer: ...
...
Completed tasks so far: ...
Failed tasks that are too hard: ...

You must follow the following criteria:
1) You should act as a mentor and guide me to the next task based on my current learning progress. As a rule of thumb, guide me through beginner problems, followed by interview level problems, followed by competitive programming problems. The latter 2 levels can involve concepts from data structures and algorithms.
2) Please be very specific about what skills I need to learn.
3) Do not propose multiple tasks at the same time. Do not mention anything else.
4) The next task should not be too hard since I may not have learned enough skills to complete it yet.
5) The next task should be novel and interesting. I should look for problems which I have not solved yet. I should not be doing the same thing over and over again.
6) The task should involve writing a main Python function that at most use basic libraries (try not to import too many or too advanced modules)
7) Do not give tasks that require file operations (create, read, update, delete) or an internet connection.
8) I am only allowed to write Python functions, so do not require me to write other things (e.g. objects). 
9) Requiring me to write a function that takes in an object and uses object methods is still ok, but I cannot define the objects myself. You must provide the objects as input to my function in the assert statement.

Take note of these in your response:
1) Give an expected function name for the task.
2) Give a tuple of 3 assert statements that tests the function's correctness in the "test_tuple" field. This must strictly contain single-line assert statements only; any setup code for the test must be filled in the "test_setup_code" field.
3) The function name which you gave must be called in the assert statements. 

Respond in JSON, and follow the keys and expected format of the values strictly.


Response format:
The output should be formatted as a JSON instance that conforms to the JSON schema below.

As an example, for the schema {"properties": {"foo": {"title": "Foo", "description": "a list of strings", "type": "array", "items": {"type": "string"}}}, "required": ["foo"]}
the object {"foo": ["bar", "baz"]} is a well-formatted instance of the schema. The object {"properties": {"foo": ["bar", "baz"]}} is not well-formatted.

Here is the output schema:
```
{"properties": {"reasoning": {"description": "Based on the information listed above, reason about what the next task should be.", "title": "Reasoning", "type": "string"}, "task": {"description": "The next task, which requires me to write a single function. Be sure to state the expected data structure for inputs and outputs.", "title": "Task", "type": "string"}, "gt_fn_name": {"description": "The expected name for the single function for the task", "title": "Gt Fn Name", "type": "string"}, "test_setup_code": {"description": "setup code, if required. This will be run just before the assert statements are executed.", "title": "Test Setup Code", "type": "string"}, "test_tuple": {"description": "Tuple of 3 SINGLE-LINE test cases that starts with 'assert' to test the function's correctness.Any extra required code should be written in the test_setup_code field.", "items": {"type": "string"}, "maxItems": 3, "minItems": 3, "prefixItems": [{"type": "string"}, {"type": "string"}, {"type": "string"}], "title": "Test Tuple", "type": "array"}}, "required": ["reasoning", "task", "gt_fn_name", "test_setup_code", "test_tuple"]}
```


INFO - [Task id] 1 [prompt] 
Here's an example response:
{
    "reasoning": "The student has shown proficiency in basic Python syntax and list manipulation, but struggles with problems involving more complex algorithms and data structures. This task will help them practice using sets or dictionaries for efficient lookups, and understand the concept of algorithmic complexity.",
    "task": "Write a Python function that takes a list of integers and returns the tuple of two numbers that sum up to zero. If no such pair exists, return None.",
    "gt_fn_name": "find_zero_sum",
    "test_setup_code": "",
    "test_tuple": [
        "assert find_zero_sum([1, 2, 3, -2, -1]) == (2, -2)",
        "assert find_zero_sum([1, 2, 3, 4, 5]) == None",
        "assert find_zero_sum([1, 4, 3, -4, -1]) == (4, -4)"
    ]
}

INFO - [Task id] 1 [prompt] Question 1: How do you sort a list in Python?
Answer: In Python, you can sort a list using the `sort()` method or the `sorted()` function.

1. **Using the `sort()` method**: This method sorts the list in place and modifies the original list. It does not return a new list.

   ```python
   my_list = [3, 1, 4, 1, 5, 9]
   my_list.sort()
   print(my_list)  # Output: [1, 1, 3, 4, 5, 9]
   ```

2. **Using the `sorted()` function**: This function returns a new sorted list from the elements of any iterable (like a list), leaving the original list unchanged.

   ```python
   my_list = [3, 1, 4, 1, 5, 9]
   sorted_list = sorted(my_list)
   print(sorted_list)  # Output: [1, 1, 3, 4, 5, 9]
   print(my_list)      # Output: [3, 1, 4, 1, 5, 9] (original list remains unchanged)
   ```

You can also sort in reverse order by passing the `reverse=True` argument to either method:

```python
my_list.sort(reverse=True)  # For sort()
sorted_list = sorted(my_list, reverse=True)  # For sorted()
```

This will sort the list in descending order.

Question 2: What is a dictionary and how do you use it in Python?
Answer: A dictionary in Python is a built-in data type that allows you to store data in key-value pairs. Each key is unique and is used to access its corresponding value. Dictionaries are mutable, meaning you can change them after they are created.

You can create a dictionary using curly braces `{}` or the `dict()` constructor. Here’s how you can use a dictionary in Python:

1. **Creating a Dictionary**:
   ```python
   my_dict = {
       'name': 'Alice',
       'age': 30,
       'city': 'New York'
   }
   ```

2. **Accessing Values**:
   You can access the value associated with a key using square brackets `[]` or the `get()` method.
   ```python
   print(my_dict['name'])  # Output: Alice
   print(my_dict.get('age'))  # Output: 30
   ```

3. **Adding or Updating Key-Value Pairs**:
   You can add a new key-value pair or update an existing one by assigning a value to a key.
   ```python
   my_dict['age'] = 31  # Update age
   my_dict['country'] = 'USA'  # Add new key-value pair
   ```

4. **Removing Key-Value Pairs**:
   You can remove a key-value pair using the `del` statement or the `pop()` method.
   ```python
   del my_dict['city']  # Remove city
   age = my_dict.pop('age')  # Remove age and return its value
   ```

5. **Iterating Through a Dictionary**:
   You can iterate through keys, values, or key-value pairs using loops.
   ```python
   for key in my_dict:
       print(key, my_dict[key])  # Print each key and its value

   for value in my_dict.values():
       print(value)  # Print each value

   for key, value in my_dict.items():
       print(key, value)  # Print each key-value pair
   ```

Dictionaries are very useful for storing and managing data that can be identified by unique keys, making them a fundamental part of Python programming.

Question 3: How can you handle exceptions in Python?
Answer: In Python, you can handle exceptions using the `try` and `except` blocks. Here’s a basic structure:

```python
try:
    # Code that may raise an exception
    risky_code()
except SomeException as e:
    # Code that runs if the exception occurs
    print(f"An error occurred: {e}")
```

You can also handle multiple exceptions by specifying them in a tuple:

```python
try:
    risky_code()
except (TypeError, ValueError) as e:
    print(f"A type or value error occurred: {e}")
```

If you want to execute some code regardless of whether an exception occurred or not, you can use the `finally` block:

```python
try:
    risky_code()
except SomeException as e:
    print(f"An error occurred: {e}")
finally:
    print("This will run no matter what.")
```

Additionally, you can use the `else` block to run code that should execute if no exceptions were raised:

```python
try:
    risky_code()
except SomeException as e:
    print(f"An error occurred: {e}")
else:
    print("No errors occurred!")
```

This structure allows for robust error handling in your Python programs.

Question 4: What are list comprehensions and how do you use them?
Answer: List comprehensions are a concise way to create lists in Python. They provide a syntactic shortcut for generating lists based on existing lists or other iterable objects. The basic syntax of a list comprehension is:

```python
[expression for item in iterable if condition]
```

- `expression` is the value to be included in the new list.
- `item` is the variable that takes the value of each element in the iterable.
- `iterable` is any Python iterable (like a list, tuple, or string).
- `condition` is an optional filter that determines whether the `expression` should be included in the new list.

Here are a few examples of how to use list comprehensions:

1. **Creating a list of squares:**
   ```python
   squares = [x**2 for x in range(10)]
   # squares will be [0, 1, 4, 9, 16, 25, 36, 49, 64, 81]
   ```

2. **Filtering even numbers:**
   ```python
   even_numbers = [x for x in range(20) if x % 2 == 0]
   # even_numbers will be [0, 2, 4, 6, 8, 10, 12, 14, 16, 18]
   ```

3. **Converting strings to uppercase:**
   ```python
   words = ['hello', 'world', 'python']
   uppercase_words = [word.upper() for word in words]
   # uppercase_words will be ['HELLO', 'WORLD', 'PYTHON']
   ```

List comprehensions can make your code more readable and concise, especially when dealing with simple transformations and filters.

Question 5: How do you read and write files in Python?
Answer: In Python, you can read and write files using the built-in `open()` function. Here’s a basic overview of how to do both:

### Reading a File
To read a file, you can use the following code:

```python
# Open the file in read mode
with open('filename.txt', 'r') as file:
    content = file.read()  # Read the entire file
    print(content)  # Print the content of the file
```

You can also read the file line by line:

```python
with open('filename.txt', 'r') as file:
    for line in file:
        print(line.strip())  # Print each line without extra newline characters
```

### Writing to a File
To write to a file, you can use the following code:

```python
# Open the file in write mode (this will overwrite the file if it exists)
with open('filename.txt', 'w') as file:
    file.write('Hello, World!\n')  # Write a string to the file
```

If you want to append to a file instead of overwriting it, you can use the append mode:

```python
with open('filename.txt', 'a') as file:
    file.write('Appending this line.\n')  # Append a string to the file
```

### Important Notes
- Always use the `with` statement when opening files. This ensures that the file is properly closed after its suite finishes, even if an error is raised.
- The modes you can use with `open()` include:
  - `'r'`: Read (default mode)
  - `'w'`: Write (overwrites the file)
  - `'a'`: Append
  - `'b'`: Binary mode (e.g., `'rb'` or `'wb'` for binary files)
  - `'x'`: Exclusive creation (fails if the file already exists)

This should give you a good starting point for reading and writing files in Python!

Completed tasks so far (do not give me these tasks again!): 
	Write a Python function that takes a list of integers and returns a list of unique integers from that list.

Failed tasks that are too hard: None


INFO - [Task id] 1 [generation text] 
INFO - {
    "reasoning": "The student has demonstrated a good understanding of basic Python concepts such as sorting, dictionaries, exception handling, and list comprehensions. The next task will involve using a dictionary to count the occurrences of elements in a list, which will help reinforce their understanding of dictionaries and provide practice with iteration and conditionals.",
    "task": "Write a Python function that takes a list of integers and returns a dictionary with the integers as keys and their counts as values.",
    "gt_fn_name": "count_occurrences",
    "test_setup_code": "",
    "test_tuple": [
        "assert count_occurrences([1, 2, 2, 3, 3, 3]) == {1: 1, 2: 2, 3: 3}",
        "assert count_occurrences([4, 5, 4, 4, 5, 6]) == {4: 3, 5: 2, 6: 1}",
        "assert count_occurrences([]) == {}"
    ]
}
INFO - {
    "reasoning": "The student has demonstrated a good understanding of basic Python concepts such as sorting, dictionaries, exception handling, and list comprehensions. The next task will involve using a dictionary to count the occurrences of elements in a list, which will help reinforce their understanding of dictionaries and provide practice with iteration and conditionals.",
    "task": "Write a Python function that takes a list of integers and returns a dictionary with the integers as keys and their counts as values.",
    "gt_fn_name": "count_occurrences",
    "test_setup_code": "",
    "test_tuple": [
        "assert count_occurrences([1, 2, 2, 3, 3, 3]) == {1: 1, 2: 2, 3: 3}",
        "assert count_occurrences([4, 5, 4, 4, 5, 6]) == {4: 3, 5: 2, 6: 1}",
        "assert count_occurrences([]) == {}"
    ]
}
INFO - The task prompt is Write a Python function that takes a list of integers and returns a dictionary with the integers as keys and their counts as values.
You must strictly follow the function name: count_occurrences

INFO - LM call n parse attempt 1 / 3

INFO - [Task id] 1 [prompt] 
You are a helpful assistant that answer my question about Python programming.

I will give you the following information:
Question: ...

You will answer the question based on the context (only if available and helpful) and your own knowledge of Python programming.
1) Start your answer with "Answer: ".
2) Answer "Answer: Unknown" if you don't know the answer.

INFO - [Task id] 1 [prompt] Question: Explain at a conceptual level, how to accomplish the below task in Python programming?
Write a Python function that takes a list of integers and returns a dictionary with the integers as keys and their counts as values.
INFO - [Task id] 1 [generation text] Answer: To accomplish the task of creating a function that takes a list of integers and returns a dictionary with the integers as keys and their counts as values, you can follow these conceptual steps:

1. **Define the Function**: Start by defining a function that accepts a list of integers as an argument.

2. **Initialize a Dictionary**: Create an empty dictionary that will hold the integers as keys and their counts as values.

3. **Iterate Through the List**: Use a loop to go through each integer in the list.

4. **Count Occurrences**: For each integer, check if it is already a key in the dictionary:
   - If it is, increment its count by 1.
   - If it is not, add it to the dictionary with a count of 1.

5. **Return the Dictionary**: After processing all integers in the list, return the dictionary containing the counts.

Here is a simple example of how the function might look in code:

```python
def count_integers(int_list):
    counts = {}
    for num in int_list:
        if num in counts:
            counts[num] += 1
        else:
            counts[num] = 1
    return counts
```

In this example, `count_integers` takes a list of integers, counts how many times each integer appears, and returns a dictionary with the results.
INFO - Attempting task_id 1
INFO - [35m Rollout attempt 1/4[0m
INFO - [33m Retrieving 1 entries for db: skill 
 [0m
INFO - [33m unique_integers[0m
INFO - LM call n parse attempt 1 / 3

INFO - [Task id] 1 [prompt] You are a helpful assistant that writes python code to solve a task specified by me.

Here are some useful functions written earlier which you can reuse or reference.


[Entry]:


    def unique_integers(int_list):
        unique_set = set(int_list)
        return list(unique_set)

[/Entry]






At each round of conversation, I will give you
[Environment feedback] (after executing code) ...
[Code from the last round] ...
[Task] ...
[Context] ...
[Critique] ...

You should then respond to me with
Explain (if applicable): Are there any steps missing in your plan? Why does the code not complete the task? What does the chat log and execution error imply?
Plan: How to complete the task step by step. 
Code:
    1) Reuse or reference the above useful programs if necessary.
    2) Your function will be reused for building more complex functions. Therefore, you should make it generic and reusable. 
    3) Functions in the "Code from the last round" section will not be saved or executed. Do not reuse functions listed there.
    4) Anything defined outside a function will be ignored, define all your variables inside your functions.
    5) Do not write infinite loops.
    6) If the task specifies a function name to be used, follow it strictly (be case sensitive!). Else, name your function in a meaningful way (can infer the task from the name).
    7) Your code should only contain elements that solve the task, so DO NOT write any assert statements / tests
    8) The context in the [Context] tag serves as a casual tip (which can be wrong) to help you on the task, but your priority is to follow instructions in the [Task] tag.

You should only respond in the format as described below:
RESPONSE FORMAT:

Explain: ...
Plan:
1) ...
2) ...
3) ...
...
Code:
```python
# helper functions (only if needed, try to avoid them)
...
# main function after the helper functions
def yourMainFunctionName(args):
  # ...

```


INFO - [Task id] 1 [prompt] [Environment feedback]
None

[Code from the last round]
No code in the first round

[Task]
Write a Python function that takes a list of integers and returns a dictionary with the integers as keys and their counts as values.
You must strictly follow the function name: count_occurrences

[Context]
Rough plan to accomplish the task (can be wrong): 
Answer: To accomplish the task of creating a function that takes a list of integers and returns a dictionary with the integers as keys and their counts as values, you can follow these conceptual steps:

1. **Define the Function**: Start by defining a function that accepts a list of integers as an argument.

2. **Initialize a Dictionary**: Create an empty dictionary that will hold the integers as keys and their counts as values.

3. **Iterate Through the List**: Use a loop to go through each integer in the list.

4. **Count Occurrences**: For each integer, check if it is already a key in the dictionary:
   - If it is, increment its count by 1.
   - If it is not, add it to the dictionary with a count of 1.

5. **Return the Dictionary**: After processing all integers in the list, return the dictionary containing the counts.

Here is a simple example of how the function might look in code:

```python
def count_integers(int_list):
    counts = {}
    for num in int_list:
        if num in counts:
            counts[num] += 1
        else:
            counts[num] = 1
    return counts
```

In this example, `count_integers` takes a list of integers, counts how many times each integer appears, and returns a dictionary with the results.


[Critique]
None


INFO - [Task id] 1 [generation text] Explain: The rough plan provided in the context is mostly correct and outlines the necessary steps to create the function. However, the example function name does not match the required function name `count_occurrences`. I will ensure to use the correct function name in the implementation.

Plan:
1) Define the function `count_occurrences` that takes a list of integers as an argument.
2) Initialize an empty dictionary to store the counts of each integer.
3) Iterate through the list of integers and for each integer:
   - If it is already a key in the dictionary, increment its count.
   - If it is not, add it to the dictionary with a count of 1.
4) Return the dictionary containing the counts of each integer.

Code:
```python
def count_occurrences(int_list):
    counts = {}
    for num in int_list:
        if num in counts:
            counts[num] += 1
        else:
            counts[num] = 1
    return counts
```
INFO - program_code:
 

def count_occurrences(int_list):
    counts = {}
    for num in int_list:
        if (num in counts):
            counts[num] += 1
        else:
            counts[num] = 1
    return counts


INFO - program_name:
 count_occurrences

INFO - dependencies:
 []

INFO - raw_msg:
 Explain: The rough plan provided in the context is mostly correct and outlines the necessary steps to create the function. However, the example function name does not match the required function name `count_occurrences`. I will ensure to use the correct function name in the implementation.

Plan:
1) Define the function `count_occurrences` that takes a list of integers as an argument.
2) Initialize an empty dictionary to store the counts of each integer.
3) Iterate through the list of integers and for each integer:
   - If it is already a key in the dictionary, increment its count.
   - If it is not, add it to the dictionary with a count of 1.
4) Return the dictionary containing the counts of each integer.

Code:
```python
def count_occurrences(int_list):
    counts = {}
    for num in int_list:
        if num in counts:
            counts[num] += 1
        else:
            counts[num] = 1
    return counts
```

INFO - no_parent:
 True

INFO - full code to be executed: 
 

def count_occurrences(int_list):
    counts = {}
    for num in int_list:
        if (num in counts):
            counts[num] += 1
        else:
            counts[num] = 1
    return counts


INFO - obs: Tests passed:
assert count_occurrences([1, 2, 2, 3, 3, 3]) == {1: 1, 2: 2, 3: 3}
assert count_occurrences([4, 5, 4, 4, 5, 6]) == {4: 3, 5: 2, 6: 1}
assert count_occurrences([]) == {}

Tests failed:
None
reward: True
done: None
info: {'individual_results': (True, True, True)}
INFO - LM call n parse attempt 1 / 5

INFO - [Task id] 1 [prompt] 
You are a Python programming assistant that assesses my progress of Python programming and provides useful guidance.

I will give you the following information:

[Task]: The objective I need to accomplish.
[Context]: The context of the task. Serves as a casual tip (which can be wrong) to help me on the task, but my priority is to follow instructions in the Task tag.
[function impl]: My function implementation that is intended to complete the task
[unit test results]: The results after executing my function implementation on the unit tests

Your first goal is to use these info to evaluate if I have met the task requirements, and explain why. 
It is possible that the unit test results all pass, but the code does not accomplish the task (eg by failing to accomplish the task in scenarios not covered by the unit tests)
It is also possible that the unit tests are wrong in the first place, though the code accomplishes the task and fails the unit test.

If I have not met the task requirements, write a few sentences to explain why the function implementation is wrong as indicated by the tests. 
You will need this as guidance when you try again later.
Only provide the few sentence description in your answer, not the implementation. 
Suggest how the function implementation can be changed, NOT the test cases (assert statements)

You should only respond in JSON format as described below:
The output should be formatted as a JSON instance that conforms to the JSON schema below.

As an example, for the schema {"properties": {"foo": {"title": "Foo", "description": "a list of strings", "type": "array", "items": {"type": "string"}}}, "required": ["foo"]}
the object {"foo": ["bar", "baz"]} is a well-formatted instance of the schema. The object {"properties": {"foo": ["bar", "baz"]}} is not well-formatted.

Here is the output schema:
```
{"description": "Represents the critique of a task attempt, including reasoning, success status, and suggestions for improvement.\n\nAttributes:\n    reasoning (str): Explanation of why the task was succeeded or failed.\n    success (bool): Indicates whether the task requirements were met.\n    critique (str): Suggestions or critique to help improve future task attempts.", "properties": {"reasoning": {"description": "reason why I have succeeded or failed at the task", "title": "Reasoning", "type": "string"}, "success": {"description": "evaluate if I have met the task requirements", "title": "Success", "type": "boolean"}, "critique": {"description": "critique to help me improve", "title": "Critique", "type": "string"}}, "required": ["reasoning", "success", "critique"]}
```

INFO - [Task id] 1 [prompt] 
Here are some examples:

Example 1:
[function impl]:
```python
def longest_subarray_with_sum_limit(nums: List[int], target: int) -> List[int]:
    n = len(nums)
    left, right = 0, 0
    max_length = 0
    current_sum = 0
    result = []
    while right < n:
        current_sum += nums[right]
        while current_sum > target:
            current_sum -= nums[left]
            left += 1
        if right - left + 1 >= max_length:
            max_length = right - left + 1
            result = nums[left:right+1]
        right += 1
    return result
```
[unit test results]:
Tests passing:
assert longest_subarray_with_sum_limit([1, 2, 3, 4, 5], 8) == [1, 2, 3]
assert longest_subarray_with_sum_limit([1, 2, 3, 4, 5], 15) == [1, 2, 3, 4, 5]
assert longest_subarray_with_sum_limit([1, -1, 2, -2, 3, -3], 2) == [1, -1, 2, -2, 3]
assert longest_subarray_with_sum_limit([], 10) == []
assert longest_subarray_with_sum_limit([], 0) == []
assert longest_subarray_with_sum_limit([], -5) == []  
Tests failing:
assert longest_subarray_with_sum_limit([5, 6, 7, 8, 9], 4) == [] # output: [5]

RESPONSE:
{
    "reasoning": "The implementation failed the test case where no subarray fulfills the condition",
    "success": false,
    "critique": "The issue in the implementation is due to the use of >= instead of > in the condition to update the result. Because of this, it returns a subarray even when the sum is greater than the target, as it still updates the result when the current subarray length is equal to the previous longest subarray length. To overcome this error, we should change the condition to only update the result when the current subarray length is strictly greater than the previous longest subarray length. This can be done by replacing >= with > in the condition."
}


Example 2:
[function impl]:
```python
def longest_subarray_with_sum_limit(nums: List[int], target: int) -> List[int]:
    n = len(nums)
    left, right = 0, 0
    max_length = 0
    current_sum = 0
    result = []
    while current_sum + nums[right] <= target:
        current_sum += nums[right]
        right += 1
    while right < n:
        current_sum += nums[right]
        while current_sum > target:
            current_sum -= nums[left]
            left += 1
        if right - left + 1 > max_length:
            max_length = right - left + 1
            result = nums[left:right+1]
        right += 1
    return result
```
[unit test results]:
Tests passing:
assert longest_subarray_with_sum_limit([], 10) == []
assert longest_subarray_with_sum_limit([], 0) == []
assert longest_subarray_with_sum_limit([], -5) == []
Tests failing:
assert longest_subarray_with_sum_limit([1, 2, 3, 4, 5], 8) == [1, 2, 3] # output: list index out of range
assert longest_subarray_with_sum_limit([1, 2, 3, 4, 5], 15) == [1, 2, 3, 4, 5] # output: list index out of range
assert longest_subarray_with_sum_limit([5, 6, 7, 8, 9], 4) == [] # output: list index out of range
assert longest_subarray_with_sum_limit([1, -1, 2, -2, 3, -3], 2) == [1, -1, 2, -2, 3] # output: list index out of range

RESPONSE:
{
    "reason": "The implementation failed 4 out of the 7 test cases due to an IndexError.",
    "success": false,
    "critique": "The issue stems from the while loop while current_sum + nums[right] <= target:, which directly accesses nums[right] without checking if right is within the bounds of the list. This results in a runtime error when right goes beyond the list length. To overcome this error, we need to add a bounds check for the right variable in the mentioned while loop. We can modify the loop condition to while right < len(nums) and current_sum + nums[right] <= target:. This change will ensure that we only access elements within the bounds of the list, thus avoiding the IndexError."
}


END OF EXAMPLES

INFO - [Task id] 1 [prompt] [Task]:
Write a Python function that takes a list of integers and returns a dictionary with the integers as keys and their counts as values.
[Context]: 
 Rough plan to accomplish the task (can be wrong): 
Answer: To accomplish the task of creating a function that takes a list of integers and returns a dictionary with the integers as keys and their counts as values, you can follow these conceptual steps:

1. **Define the Function**: Start by defining a function that accepts a list of integers as an argument.

2. **Initialize a Dictionary**: Create an empty dictionary that will hold the integers as keys and their counts as values.

3. **Iterate Through the List**: Use a loop to go through each integer in the list.

4. **Count Occurrences**: For each integer, check if it is already a key in the dictionary:
   - If it is, increment its count by 1.
   - If it is not, add it to the dictionary with a count of 1.

5. **Return the Dictionary**: After processing all integers in the list, return the dictionary containing the counts.

Here is a simple example of how the function might look in code:

```python
def count_integers(int_list):
    counts = {}
    for num in int_list:
        if num in counts:
            counts[num] += 1
        else:
            counts[num] = 1
    return counts
```

In this example, `count_integers` takes a list of integers, counts how many times each integer appears, and returns a dictionary with the results.


[function impl]:


def count_occurrences(int_list):
    counts = {}
    for num in int_list:
        if (num in counts):
            counts[num] += 1
        else:
            counts[num] = 1
    return counts

[unit test results]:
Tests passed:
assert count_occurrences([1, 2, 2, 3, 3, 3]) == {1: 1, 2: 2, 3: 3}
assert count_occurrences([4, 5, 4, 4, 5, 6]) == {4: 3, 5: 2, 6: 1}
assert count_occurrences([]) == {}

Tests failed:
None

INFO - [Task id] 1 [generation text] 
INFO - {
    "reasoning": "The implementation successfully meets the task requirements as it correctly counts the occurrences of each integer in the provided list and returns a dictionary with the integers as keys and their counts as values. All unit tests passed without any failures, indicating that the function behaves as expected in the tested scenarios.",
    "success": true,
    "critique": "Great job! Your implementation is correct and passes all the tests. To further improve, consider adding more test cases, such as those with negative numbers or very large lists, to ensure robustness."
}
INFO - {
    "reasoning": "The implementation successfully meets the task requirements as it correctly counts the occurrences of each integer in the provided list and returns a dictionary with the integers as keys and their counts as values. All unit tests passed without any failures, indicating that the function behaves as expected in the tested scenarios.",
    "success": true,
    "critique": "Great job! Your implementation is correct and passes all the tests. To further improve, consider adding more test cases, such as those with negative numbers or very large lists, to ensure robustness."
}
INFO - [task_id]: 1 [Result]: True
INFO - LM call n parse attempt 1 / 3

INFO - [Task id] 1 [prompt] 
You are a helpful assistant that writes a description of the given function written in the Python programming language.

1) Do not mention the function name.
2) Do not mention anything about helper functions.
3) There might be some helper functions before the main function, but you only need to describe the main function.
4) Try to summarize the function in no more than 6 sentences.
5) Your response should be a single line of text.

INFO - [Task id] 1 [prompt] 

def count_occurrences(int_list):
    counts = {}
    for num in int_list:
        if (num in counts):
            counts[num] += 1
        else:
            counts[num] = 1
    return counts


The main function is `count_occurrences`.
INFO - [Task id] 1 [generation text] This function takes a list of integers as input and counts the occurrences of each integer in the list. It initializes an empty dictionary to store the counts. As it iterates through the list, it updates the count for each integer, either by incrementing the existing count or initializing it to one if the integer is encountered for the first time. Finally, it returns the dictionary containing the integers and their corresponding counts. This allows users to easily see how many times each integer appears in the input list. The function effectively provides a frequency distribution of the integers.
INFO - Num Completed Tasks: 2, Num Failed Tasks: 0
