INFO - DB skill doc count: 48

INFO - [train iter]: 53/100 

INFO - LM call n parse attempt 1 / 3

INFO - [Task id] 53 [prompt] 
You are a helpful assistant that asks questions to help me decide the next immediate task to do for Python programming.
My ultimate goal is to solve as many diverse problems as possible and become the best programmer in the world.

I will give you the following information:
Completed tasks so far: ...
Failed tasks that are too hard: ...

You must follow the following criteria:
1) You should ask at least 5 questions (but no more than 10 questions) to help me decide the next immediate task to do. Each question should be followed by the concept that the question is about.
2) Your question should be specific to a concept in Python programming.
  Bad example (the question is too general):
    Question: What is the best way to program in Python?
    Concept: unknown
  Good example:
    Question: How do you reverse a list?
    Concept: list
3) Your questions should be self-contained and not require any context.

Respond in JSON, and follow the keys and expected format of the values strictly.


Response format:
The output should be formatted as a JSON instance that conforms to the JSON schema below.

As an example, for the schema {"properties": {"foo": {"title": "Foo", "description": "a list of strings", "type": "array", "items": {"type": "string"}}}, "required": ["foo"]}
the object {"foo": ["bar", "baz"]} is a well-formatted instance of the schema. The object {"properties": {"foo": ["bar", "baz"]}} is not well-formatted.

Here is the output schema:
```
{"$defs": {"QuestionConcept": {"properties": {"question": {"description": "A question related to Python programming, to help me brainstorm the next immediate task to do", "title": "Question", "type": "string"}, "concept": {"description": "The Python programming concept associated with the question above", "title": "Concept", "type": "string"}}, "required": ["question", "concept"], "title": "QuestionConcept", "type": "object"}}, "properties": {"reasoning": {"description": "Reason out, step-by-step, why you picked these questions and concepts", "title": "Reasoning", "type": "string"}, "question_concept_list": {"description": "list of questions and their associated concepts", "items": {"$ref": "#/$defs/QuestionConcept"}, "title": "Question Concept List", "type": "array"}}, "required": ["reasoning", "question_concept_list"]}
```


INFO - [Task id] 53 [prompt] Completed tasks so far (do not give me these tasks again!): 
	Write a Python function that takes a list of integers and returns a list of unique integers from that list.
	Write a Python function that takes a list of integers and returns a dictionary with the integers as keys and their counts as values.
	Write a Python function that takes two lists of integers and returns a list of integers that are present in both lists (the intersection).
	Write a Python function that takes a list of integers and returns a list of integers that are unique (appear only once) in the list.
	Write a Python function that takes a list of integers and returns a list of integers that are duplicates (appear more than once) in the list.
	Write a Python function that takes a list of integers and returns the second largest integer in the list. If the list has fewer than two unique integers, return None.
	Write a Python function that takes a list of integers and returns a new list containing only the even integers from the original list.
	Write a Python function that takes a list of integers and returns a list of integers that are greater than a given threshold value.
	Write a Python function that takes a string and returns the number of vowels in that string.
	Write a Python function that takes a string and returns a set of unique characters in that string.
	Write a Python function that takes a string and returns True if it is a palindrome (reads the same forwards and backwards), and False otherwise.
	Write a Python function that takes a string and returns a new string containing only the digits from the original string.
	Write a Python function that takes a list of strings and returns a new list containing only the strings that have a length greater than a specified threshold.
	Write a Python function that takes a list of strings and returns a new list of those strings sorted by their length in descending order.
	Write a Python function that takes a list of strings and returns a new list containing the lengths of each string in the original list.
	Write a Python function that takes a string and returns a new string with all the vowels removed.
	Write a Python function that takes a string and returns the number of distinct characters in that string.
	Write a Python function that takes two dictionaries and merges them. If there are duplicate keys, the values from the second dictionary should overwrite those from the first.
	Write a Python function that takes a string and returns a new string where each character is repeated twice.
	Write a Python function that takes a list of integers and returns a list of integers that are present in the list but not in a given set of excluded integers.
	Write a Python function that takes a list of integers and returns a new list containing only the integers that are multiples of a given number.
	Write a Python function that takes a tuple of integers and returns a new tuple containing only the even integers from the original tuple.
	Write a Python function that takes a string and returns a dictionary with each character as the key and the number of times it appears in the string as the value.
	Write a Python function that takes a list of integers and returns a dictionary where the keys are the integers from the list and the values are the number of times each integer appears in the list.
	Write a Python function that takes a list of strings and returns a dictionary where the keys are the strings and the values are the lengths of those strings.
	Write a Python function that takes a list of dictionaries, each representing a person with a 'name' and 'age', and returns a dictionary where the keys are the names and the values are the ages of the people.
	Write a Python function that takes a dictionary and a threshold value, and returns a new dictionary containing only the items where the value exceeds the threshold.
	Write a Python function that takes a list of tuples, where each tuple contains a key-value pair, and returns a dictionary constructed from those tuples.
	Write a Python function that takes a string and returns a list of all the unique characters in that string, preserving their order of first appearance.
	Write a Python function that takes two strings and returns True if they are anagrams of each other (contain the same characters in a different order), and False otherwise.
	Write a Python function that takes a list of integers and returns a set containing the squares of those integers.
	Write a Python function that takes two sets and returns their union (all unique elements from both sets).
	Write a Python function that takes a list of integers and returns a new list containing only the integers that are prime numbers.
	Write a Python function that takes a list of integers and returns a list of integers that are the Fibonacci numbers present in the list.
	Write a Python function that takes a string and returns a dictionary with each character as the key and the number of times it appears in the string as the value, but only for characters that appear more than once.
	Write a Python function that takes a string and returns a new string with all the words reversed but the order of the words preserved.
	Write a Python function that takes two lists of integers and returns True if the first list is a subset of the second list, and False otherwise.
	Write a Python function that takes a list of integers and returns a dictionary where the keys are the integers from the list and the values are the squares of those integers.
	Write a Python function that takes a list of integers and returns a list of integers that are not present in a given list of excluded integers.
	Write a Python function that takes a list of integers and returns a list of integers that are the unique elements in the list (appear only once) but sorted in ascending order.
	Write a Python function that takes a list of integers and returns a list of all possible combinations of those integers (the order of integers in combinations does not matter).
	Write a Python function that takes a string and returns a new string where each word is reversed but the order of the words is preserved.
	Write a Python function that takes a list of tuples, where each tuple contains a name and an age, and returns a dictionary where the keys are the names and the values are the ages of the people.
	Write a Python function that takes a list of integers and returns a new list containing only the integers that are odd.
	Write a Python function that takes a string and returns a new string containing only the uppercase letters from the original string.
	Write a Python function that takes a list of strings and returns the longest string in the list. If there are multiple strings of the same maximum length, return the first one encountered. If the list is empty, return None.
	Write a Python function that takes a list of integers and returns a new list containing only the integers that are less than a specified threshold value.
	Write a Python function that takes a list of integers and returns the maximum integer in the list. If the list is empty, return None.

Failed tasks that are too hard: 
	Write a Python function that takes a dictionary and returns a new dictionary with the keys and values swapped. If there are duplicate values, keep only one of the keys.
	Write a Python function that takes a dictionary and returns a new dictionary containing only the items where the value is greater than a specified threshold.
	Write a Python function that takes a list of integers and returns a list of all possible pairs of integers from that list. Each pair should be represented as a tuple, and the order of the pairs does not matter.
	Write a Python function that takes a string and returns a new string with all the consonants removed.


INFO - [Task id] 53 [generation text] 
INFO - {
    "reasoning": "The questions selected cover a variety of Python programming concepts, including data structures (lists, dictionaries, sets), string manipulation, and algorithmic thinking. They also vary in difficulty and complexity, allowing for a diverse range of tasks to tackle next. This will help in building a well-rounded skill set in Python programming.",
    "question_concept_list": [
        {
            "question": "How do you find the longest substring without repeating characters in a string?",
            "concept": "string manipulation"
        },
        {
            "question": "How can you implement a simple class in Python and create instances of that class?",
            "concept": "object-oriented programming"
        },
        {
            "question": "What is the best way to read and write files in Python?",
            "concept": "file handling"
        },
        {
            "question": "How do you create a generator function in Python?",
            "concept": "generators"
        },
        {
            "question": "How can you use list comprehensions to create a new list based on an existing list?",
            "concept": "list comprehensions"
        }
    ]
}
INFO - {
    "reasoning": "The questions selected cover a variety of Python programming concepts, including data structures (lists, dictionaries, sets), string manipulation, and algorithmic thinking. They also vary in difficulty and complexity, allowing for a diverse range of tasks to tackle next. This will help in building a well-rounded skill set in Python programming.",
    "question_concept_list": [
        {
            "question": "How do you find the longest substring without repeating characters in a string?",
            "concept": "string manipulation"
        },
        {
            "question": "How can you implement a simple class in Python and create instances of that class?",
            "concept": "object-oriented programming"
        },
        {
            "question": "What is the best way to read and write files in Python?",
            "concept": "file handling"
        },
        {
            "question": "How do you create a generator function in Python?",
            "concept": "generators"
        },
        {
            "question": "How can you use list comprehensions to create a new list based on an existing list?",
            "concept": "list comprehensions"
        }
    ]
}
INFO - LM call n parse attempt 1 / 3

INFO - [Task id] 53 [prompt] 
You are a helpful assistant that answer my question about Python programming.

I will give you the following information:
Question: ...

You will answer the question based on the context (only if available and helpful) and your own knowledge of Python programming.
1) Start your answer with "Answer: ".
2) Answer "Answer: Unknown" if you don't know the answer.

INFO - [Task id] 53 [prompt] Question: How do you find the longest substring without repeating characters in a string?
INFO - [Task id] 53 [generation text] Answer: To find the longest substring without repeating characters in a string, you can use a sliding window approach with a hash set to keep track of the characters in the current substring. Here’s a sample implementation in Python:

```python
def longest_substring_without_repeating(s: str) -> str:
    char_set = set()
    left = 0
    longest = ""
    
    for right in range(len(s)):
        while s[right] in char_set:
            char_set.remove(s[left])
            left += 1
        char_set.add(s[right])
        if right - left + 1 > len(longest):
            longest = s[left:right + 1]
    
    return longest

# Example usage:
input_string = "abcabcbb"
result = longest_substring_without_repeating(input_string)
print(result)  # Output: "abc"
```

In this code:
- We maintain a set `char_set` to store the characters in the current substring.
- We use two pointers, `left` and `right`, to represent the current substring's bounds.
- As we iterate through the string with the `right` pointer, we check if the character is already in the set. If it is, we move the `left` pointer to the right until we can add the new character without duplicates.
- We update the longest substring whenever we find a longer valid substring.

This approach runs in O(n) time complexity, where n is the length of the string.
INFO - LM call n parse attempt 1 / 3

INFO - [Task id] 53 [prompt] 
You are a helpful assistant that answer my question about Python programming.

I will give you the following information:
Question: ...

You will answer the question based on the context (only if available and helpful) and your own knowledge of Python programming.
1) Start your answer with "Answer: ".
2) Answer "Answer: Unknown" if you don't know the answer.

INFO - [Task id] 53 [prompt] Question: What is the best way to read and write files in Python?
INFO - [Task id] 53 [generation text] Answer: The best way to read and write files in Python is to use the built-in `open()` function along with context managers (the `with` statement) to ensure proper handling of file resources. Here’s a brief overview:

### Reading Files
To read a file, you can use the following approach:

```python
with open('filename.txt', 'r') as file:
    content = file.read()  # Reads the entire file
    # or use file.readlines() to read line by line
```

### Writing Files
To write to a file, you can use:

```python
with open('filename.txt', 'w') as file:
    file.write('Hello, World!')  # Writes to the file, overwriting if it exists
```

### Appending to Files
If you want to append to a file instead of overwriting it, use:

```python
with open('filename.txt', 'a') as file:
    file.write('Appending this line.\n')  # Appends to the end of the file
```

### Benefits of Using `with`
Using `with` ensures that the file is properly closed after its suite finishes, even if an exception is raised. This is a best practice in Python file handling.

### Additional Considerations
- For binary files, use `'rb'` or `'wb'` modes.
- For CSV files, consider using the `csv` module for easier handling.

This approach is efficient and helps prevent resource leaks.
INFO - LM call n parse attempt 1 / 5

INFO - [Task id] 53 [prompt] 
You are a helpful assistant that tells me the next immediate task (in the form of a function) to do for Python programming. 
My ultimate goal is to solve as many diverse problems as possible and become the best programmer in the world.

I will give you the following information:
Question 1: ...
Answer: ...
Question 2: ...
Answer: ...
Question 3: ...
Answer: ...
...
Completed tasks so far: ...
Failed tasks that are too hard: ...

You must follow the following criteria:
1) You should act as a mentor and guide me to the next task based on my current learning progress. As a rule of thumb, guide me through beginner problems, followed by interview level problems, followed by competitive programming problems. The latter 2 levels can involve concepts from data structures and algorithms.
2) Please be very specific about what skills I need to learn.
3) Do not propose multiple tasks at the same time. Do not mention anything else.
4) The next task should not be too hard since I may not have learned enough skills to complete it yet.
5) The next task should be novel and interesting. I should look for problems which I have not solved yet. I should not be doing the same thing over and over again.
6) The task should involve writing a main Python function that at most use basic libraries (try not to import too many or too advanced modules)
7) Do not give tasks that require file operations (create, read, update, delete) or an internet connection.
8) I am only allowed to write Python functions, so do not require me to write other things (e.g. objects). 
9) Requiring me to write a function that takes in an object and uses object methods is still ok, but I cannot define the objects myself. You must provide the objects as input to my function in the assert statement.

Take note of these in your response:
1) Give an expected function name for the task.
2) Give a tuple of 3 assert statements that tests the function's correctness in the "test_tuple" field. This must strictly contain single-line assert statements only; any setup code for the test must be filled in the "test_setup_code" field.
3) The function name which you gave must be called in the assert statements. 

Respond in JSON, and follow the keys and expected format of the values strictly.


Response format:
The output should be formatted as a JSON instance that conforms to the JSON schema below.

As an example, for the schema {"properties": {"foo": {"title": "Foo", "description": "a list of strings", "type": "array", "items": {"type": "string"}}}, "required": ["foo"]}
the object {"foo": ["bar", "baz"]} is a well-formatted instance of the schema. The object {"properties": {"foo": ["bar", "baz"]}} is not well-formatted.

Here is the output schema:
```
{"properties": {"reasoning": {"description": "Based on the information listed above, reason about what the next task should be.", "title": "Reasoning", "type": "string"}, "task": {"description": "The next task, which requires me to write a single function. Be sure to state the expected data structure for inputs and outputs.", "title": "Task", "type": "string"}, "gt_fn_name": {"description": "The expected name for the single function for the task", "title": "Gt Fn Name", "type": "string"}, "test_setup_code": {"description": "setup code, if required. This will be run just before the assert statements are executed.", "title": "Test Setup Code", "type": "string"}, "test_tuple": {"description": "Tuple of 3 SINGLE-LINE test cases that starts with 'assert' to test the function's correctness.Any extra required code should be written in the test_setup_code field.", "items": {"type": "string"}, "maxItems": 3, "minItems": 3, "prefixItems": [{"type": "string"}, {"type": "string"}, {"type": "string"}], "title": "Test Tuple", "type": "array"}}, "required": ["reasoning", "task", "gt_fn_name", "test_setup_code", "test_tuple"]}
```


INFO - [Task id] 53 [prompt] 
Here's an example response:
{
    "reasoning": "The student has shown proficiency in basic Python syntax and list manipulation, but struggles with problems involving more complex algorithms and data structures. This task will help them practice using sets or dictionaries for efficient lookups, and understand the concept of algorithmic complexity.",
    "task": "Write a Python function that takes a list of integers and returns the tuple of two numbers that sum up to zero. If no such pair exists, return None.",
    "gt_fn_name": "find_zero_sum",
    "test_setup_code": "",
    "test_tuple": [
        "assert find_zero_sum([1, 2, 3, -2, -1]) == (2, -2)",
        "assert find_zero_sum([1, 2, 3, 4, 5]) == None",
        "assert find_zero_sum([1, 4, 3, -4, -1]) == (4, -4)"
    ]
}

INFO - [Task id] 53 [prompt] Question 1: How do you find the longest substring without repeating characters in a string?
Answer: To find the longest substring without repeating characters in a string, you can use a sliding window approach with a hash set to keep track of the characters in the current substring. Here’s a sample implementation in Python:

```python
def longest_substring_without_repeating(s: str) -> str:
    char_set = set()
    left = 0
    longest = ""
    
    for right in range(len(s)):
        while s[right] in char_set:
            char_set.remove(s[left])
            left += 1
        char_set.add(s[right])
        if right - left + 1 > len(longest):
            longest = s[left:right + 1]
    
    return longest

# Example usage:
input_string = "abcabcbb"
result = longest_substring_without_repeating(input_string)
print(result)  # Output: "abc"
```

In this code:
- We maintain a set `char_set` to store the characters in the current substring.
- We use two pointers, `left` and `right`, to represent the current substring's bounds.
- As we iterate through the string with the `right` pointer, we check if the character is already in the set. If it is, we move the `left` pointer to the right until we can add the new character without duplicates.
- We update the longest substring whenever we find a longer valid substring.

This approach runs in O(n) time complexity, where n is the length of the string.

Question 2: How can you implement a simple class in Python?
Answer: To implement a simple class in Python, you can use the `class` keyword followed by the class name and a colon. Inside the class, you can define an `__init__` method to initialize the object's attributes and other methods to define its behavior. Here’s a basic example:

```python
class Dog:
    def __init__(self, name, age):
        self.name = name  # instance variable for the dog's name
        self.age = age    # instance variable for the dog's age

    def bark(self):
        return f"{self.name} says woof!"

# Creating an instance of the Dog class
my_dog = Dog("Buddy", 3)

# Accessing attributes and methods
print(my_dog.name)  # Output: Buddy
print(my_dog.bark())  # Output: Buddy says woof!
```

In this example, we define a `Dog` class with an initializer that takes `name` and `age` as parameters. The `bark` method allows the dog to "speak." We then create an instance of the `Dog` class and demonstrate how to access its attributes and methods.

Question 3: What is the best way to read and write files in Python?
Answer: The best way to read and write files in Python is to use the built-in `open()` function along with context managers (the `with` statement) to ensure proper handling of file resources. Here’s a brief overview:

### Reading Files
To read a file, you can use the following approach:

```python
with open('filename.txt', 'r') as file:
    content = file.read()  # Reads the entire file
    # or use file.readlines() to read line by line
```

### Writing Files
To write to a file, you can use:

```python
with open('filename.txt', 'w') as file:
    file.write('Hello, World!')  # Writes to the file, overwriting if it exists
```

### Appending to Files
If you want to append to a file instead of overwriting it, use:

```python
with open('filename.txt', 'a') as file:
    file.write('Appending this line.\n')  # Appends to the end of the file
```

### Benefits of Using `with`
Using `with` ensures that the file is properly closed after its suite finishes, even if an exception is raised. This is a best practice in Python file handling.

### Additional Considerations
- For binary files, use `'rb'` or `'wb'` modes.
- For CSV files, consider using the `csv` module for easier handling.

This approach is efficient and helps prevent resource leaks.

Question 4: How do you create a generator function in Python?
Answer: To create a generator function in Python, you define a function using the `def` keyword and use the `yield` statement to produce a value. When the function is called, it returns a generator object without executing the function body. Each time the generator's `__next__()` method is called (or when you iterate over it), the function runs until it hits a `yield` statement, which returns the yielded value and pauses the function's state. The next time `__next__()` is called, the function resumes execution right after the last `yield`.

Here is an example of a simple generator function:

```python
def count_up_to(n):
    count = 1
    while count <= n:
        yield count
        count += 1

# Using the generator
for number in count_up_to(5):
    print(number)
```

In this example, `count_up_to` is a generator function that yields numbers from 1 to `n`. When you iterate over it, it produces the numbers one at a time.

Question 5: How do you use list comprehensions to create a new list based on an existing list?
Answer: You can use list comprehensions in Python to create a new list by applying an expression to each item in an existing list. The syntax for a list comprehension is:

```python
new_list = [expression for item in existing_list if condition]
```

Here, `expression` is the operation you want to perform on each `item`, `existing_list` is the list you are iterating over, and `condition` is an optional filter that determines whether to include the item in the new list.

For example, if you have a list of numbers and you want to create a new list containing the squares of those numbers, you can do it like this:

```python
numbers = [1, 2, 3, 4, 5]
squared_numbers = [x**2 for x in numbers]
```

If you want to include only the squares of even numbers, you can add a condition:

```python
even_squared_numbers = [x**2 for x in numbers if x % 2 == 0]
```

This will give you a new list containing the squares of only the even numbers from the original list.

Completed tasks so far (do not give me these tasks again!): 
	Write a Python function that takes a list of integers and returns a list of unique integers from that list.
	Write a Python function that takes a list of integers and returns a dictionary with the integers as keys and their counts as values.
	Write a Python function that takes two lists of integers and returns a list of integers that are present in both lists (the intersection).
	Write a Python function that takes a list of integers and returns a list of integers that are unique (appear only once) in the list.
	Write a Python function that takes a list of integers and returns a list of integers that are duplicates (appear more than once) in the list.
	Write a Python function that takes a list of integers and returns the second largest integer in the list. If the list has fewer than two unique integers, return None.
	Write a Python function that takes a list of integers and returns a new list containing only the even integers from the original list.
	Write a Python function that takes a list of integers and returns a list of integers that are greater than a given threshold value.
	Write a Python function that takes a string and returns the number of vowels in that string.
	Write a Python function that takes a string and returns a set of unique characters in that string.
	Write a Python function that takes a string and returns True if it is a palindrome (reads the same forwards and backwards), and False otherwise.
	Write a Python function that takes a string and returns a new string containing only the digits from the original string.
	Write a Python function that takes a list of strings and returns a new list containing only the strings that have a length greater than a specified threshold.
	Write a Python function that takes a list of strings and returns a new list of those strings sorted by their length in descending order.
	Write a Python function that takes a list of strings and returns a new list containing the lengths of each string in the original list.
	Write a Python function that takes a string and returns a new string with all the vowels removed.
	Write a Python function that takes a string and returns the number of distinct characters in that string.
	Write a Python function that takes two dictionaries and merges them. If there are duplicate keys, the values from the second dictionary should overwrite those from the first.
	Write a Python function that takes a string and returns a new string where each character is repeated twice.
	Write a Python function that takes a list of integers and returns a list of integers that are present in the list but not in a given set of excluded integers.
	Write a Python function that takes a list of integers and returns a new list containing only the integers that are multiples of a given number.
	Write a Python function that takes a tuple of integers and returns a new tuple containing only the even integers from the original tuple.
	Write a Python function that takes a string and returns a dictionary with each character as the key and the number of times it appears in the string as the value.
	Write a Python function that takes a list of integers and returns a dictionary where the keys are the integers from the list and the values are the number of times each integer appears in the list.
	Write a Python function that takes a list of strings and returns a dictionary where the keys are the strings and the values are the lengths of those strings.
	Write a Python function that takes a list of dictionaries, each representing a person with a 'name' and 'age', and returns a dictionary where the keys are the names and the values are the ages of the people.
	Write a Python function that takes a dictionary and a threshold value, and returns a new dictionary containing only the items where the value exceeds the threshold.
	Write a Python function that takes a list of tuples, where each tuple contains a key-value pair, and returns a dictionary constructed from those tuples.
	Write a Python function that takes a string and returns a list of all the unique characters in that string, preserving their order of first appearance.
	Write a Python function that takes two strings and returns True if they are anagrams of each other (contain the same characters in a different order), and False otherwise.
	Write a Python function that takes a list of integers and returns a set containing the squares of those integers.
	Write a Python function that takes two sets and returns their union (all unique elements from both sets).
	Write a Python function that takes a list of integers and returns a new list containing only the integers that are prime numbers.
	Write a Python function that takes a list of integers and returns a list of integers that are the Fibonacci numbers present in the list.
	Write a Python function that takes a string and returns a dictionary with each character as the key and the number of times it appears in the string as the value, but only for characters that appear more than once.
	Write a Python function that takes a string and returns a new string with all the words reversed but the order of the words preserved.
	Write a Python function that takes two lists of integers and returns True if the first list is a subset of the second list, and False otherwise.
	Write a Python function that takes a list of integers and returns a dictionary where the keys are the integers from the list and the values are the squares of those integers.
	Write a Python function that takes a list of integers and returns a list of integers that are not present in a given list of excluded integers.
	Write a Python function that takes a list of integers and returns a list of integers that are the unique elements in the list (appear only once) but sorted in ascending order.
	Write a Python function that takes a list of integers and returns a list of all possible combinations of those integers (the order of integers in combinations does not matter).
	Write a Python function that takes a string and returns a new string where each word is reversed but the order of the words is preserved.
	Write a Python function that takes a list of tuples, where each tuple contains a name and an age, and returns a dictionary where the keys are the names and the values are the ages of the people.
	Write a Python function that takes a list of integers and returns a new list containing only the integers that are odd.
	Write a Python function that takes a string and returns a new string containing only the uppercase letters from the original string.
	Write a Python function that takes a list of strings and returns the longest string in the list. If there are multiple strings of the same maximum length, return the first one encountered. If the list is empty, return None.
	Write a Python function that takes a list of integers and returns a new list containing only the integers that are less than a specified threshold value.
	Write a Python function that takes a list of integers and returns the maximum integer in the list. If the list is empty, return None.

Failed tasks that are too hard: 
	Write a Python function that takes a dictionary and returns a new dictionary with the keys and values swapped. If there are duplicate values, keep only one of the keys.
	Write a Python function that takes a dictionary and returns a new dictionary containing only the items where the value is greater than a specified threshold.
	Write a Python function that takes a list of integers and returns a list of all possible pairs of integers from that list. Each pair should be represented as a tuple, and the order of the pairs does not matter.
	Write a Python function that takes a string and returns a new string with all the consonants removed.


INFO - [Task id] 53 [generation text] 
INFO - {
    "reasoning": "The student has demonstrated a solid understanding of basic Python functions and data structures. The next task should introduce a new concept that involves string manipulation and the use of sets, which will help reinforce their skills in a novel way. This task will also help them practice handling edge cases, such as empty strings or strings with no unique characters.",
    "task": "Write a Python function that takes a string and returns a list of all the unique characters in that string, sorted in alphabetical order.",
    "gt_fn_name": "unique_sorted_characters",
    "test_setup_code": "",
    "test_tuple": [
        "assert unique_sorted_characters('hello') == ['e', 'h', 'l', 'o']",
        "assert unique_sorted_characters('abcabc') == ['a', 'b', 'c']",
        "assert unique_sorted_characters('') == []"
    ]
}
INFO - {
    "reasoning": "The student has demonstrated a solid understanding of basic Python functions and data structures. The next task should introduce a new concept that involves string manipulation and the use of sets, which will help reinforce their skills in a novel way. This task will also help them practice handling edge cases, such as empty strings or strings with no unique characters.",
    "task": "Write a Python function that takes a string and returns a list of all the unique characters in that string, sorted in alphabetical order.",
    "gt_fn_name": "unique_sorted_characters",
    "test_setup_code": "",
    "test_tuple": [
        "assert unique_sorted_characters('hello') == ['e', 'h', 'l', 'o']",
        "assert unique_sorted_characters('abcabc') == ['a', 'b', 'c']",
        "assert unique_sorted_characters('') == []"
    ]
}
INFO - The task prompt is Write a Python function that takes a string and returns a list of all the unique characters in that string, sorted in alphabetical order.
You must strictly follow the function name: unique_sorted_characters

INFO - LM call n parse attempt 1 / 3

INFO - [Task id] 53 [prompt] 
You are a helpful assistant that answer my question about Python programming.

I will give you the following information:
Question: ...

You will answer the question based on the context (only if available and helpful) and your own knowledge of Python programming.
1) Start your answer with "Answer: ".
2) Answer "Answer: Unknown" if you don't know the answer.

INFO - [Task id] 53 [prompt] Question: Explain at a conceptual level, how to accomplish the below task in Python programming?
Write a Python function that takes a string and returns a list of all the unique characters in that string, sorted in alphabetical order.
INFO - [Task id] 53 [generation text] Answer: To accomplish the task of writing a Python function that returns a list of all unique characters from a given string, sorted in alphabetical order, you can follow these conceptual steps:

1. **Input the String**: Define a function that takes a string as an argument.

2. **Extract Unique Characters**: Use a data structure that inherently avoids duplicates, such as a set, to collect the unique characters from the string.

3. **Sort the Characters**: Convert the set of unique characters back to a list and sort it in alphabetical order.

4. **Return the Result**: Finally, return the sorted list of unique characters.

Here’s a conceptual outline of the function:

```python
def unique_sorted_characters(input_string):
    # Step 1: Use a set to get unique characters
    unique_chars = set(input_string)
    
    # Step 2: Convert the set to a list and sort it
    sorted_chars = sorted(unique_chars)
    
    # Step 3: Return the sorted list
    return sorted_chars
```

This function will take any string, extract the unique characters, sort them, and return the sorted list.
INFO - Attempting task_id 53
INFO - [35m Rollout attempt 1/4[0m
INFO - [33m Retrieving 5 entries for db: skill 
 [0m
INFO - [33m unique_characters_ordered, unique_characters, count_distinct_characters, sort_strings_by_length_desc, are_anagrams[0m
INFO - LM call n parse attempt 1 / 3

INFO - [Task id] 53 [prompt] You are a helpful assistant that writes python code to solve a task specified by me.

Here are some useful functions written earlier which you can reuse or reference.


[Entry]:


    def unique_characters_ordered(input_string):
        seen = set()
        unique_list = []
        for char in input_string:
            if (char not in seen):
                seen.add(char)
                unique_list.append(char)
        return unique_list

[/Entry]

[Entry]:


    def unique_characters(input_string):
        unique_chars = set()
        for char in input_string:
            unique_chars.add(char)
        return unique_chars

[/Entry]

[Entry]:


    def count_distinct_characters(s):
        distinct_characters = set(s)
        return len(distinct_characters)

[/Entry]

[Entry]:


    def sort_strings_by_length_desc(strings):
        return sorted(strings, key=len, reverse=True)

[/Entry]

[Entry]:


    def are_anagrams(str1, str2):
        str1 = ''.join((char.lower() for char in str1 if char.isalnum()))
        str2 = ''.join((char.lower() for char in str2 if char.isalnum()))
        return (sorted(str1) == sorted(str2))

[/Entry]






At each round of conversation, I will give you
[Environment feedback] (after executing code) ...
[Code from the last round] ...
[Task] ...
[Context] ...
[Critique] ...

You should then respond to me with
Explain (if applicable): Are there any steps missing in your plan? Why does the code not complete the task? What does the chat log and execution error imply?
Plan: How to complete the task step by step. 
Code:
    1) Reuse or reference the above useful programs if necessary.
    2) Your function will be reused for building more complex functions. Therefore, you should make it generic and reusable. 
    3) Functions in the "Code from the last round" section will not be saved or executed. Do not reuse functions listed there.
    4) Anything defined outside a function will be ignored, define all your variables inside your functions.
    5) Do not write infinite loops.
    6) If the task specifies a function name to be used, follow it strictly (be case sensitive!). Else, name your function in a meaningful way (can infer the task from the name).
    7) Your code should only contain elements that solve the task, so DO NOT write any assert statements / tests
    8) The context in the [Context] tag serves as a casual tip (which can be wrong) to help you on the task, but your priority is to follow instructions in the [Task] tag.

You should only respond in the format as described below:
RESPONSE FORMAT:

Explain: ...
Plan:
1) ...
2) ...
3) ...
...
Code:
```python
# helper functions (only if needed, try to avoid them)
...
# main function after the helper functions
def yourMainFunctionName(args):
  # ...

```


INFO - [Task id] 53 [prompt] [Environment feedback]
None

[Code from the last round]
No code in the first round

[Task]
Write a Python function that takes a string and returns a list of all the unique characters in that string, sorted in alphabetical order.
You must strictly follow the function name: unique_sorted_characters

[Context]
Rough plan to accomplish the task (can be wrong): 
Answer: To accomplish the task of writing a Python function that returns a list of all unique characters from a given string, sorted in alphabetical order, you can follow these conceptual steps:

1. **Input the String**: Define a function that takes a string as an argument.

2. **Extract Unique Characters**: Use a data structure that inherently avoids duplicates, such as a set, to collect the unique characters from the string.

3. **Sort the Characters**: Convert the set of unique characters back to a list and sort it in alphabetical order.

4. **Return the Result**: Finally, return the sorted list of unique characters.

Here’s a conceptual outline of the function:

```python
def unique_sorted_characters(input_string):
    # Step 1: Use a set to get unique characters
    unique_chars = set(input_string)
    
    # Step 2: Convert the set to a list and sort it
    sorted_chars = sorted(unique_chars)
    
    # Step 3: Return the sorted list
    return sorted_chars
```

This function will take any string, extract the unique characters, sort them, and return the sorted list.


[Critique]
None


INFO - [Task id] 53 [generation text] Explain: The rough plan provided in the context is correct and outlines the necessary steps to achieve the task. The function will take a string, extract unique characters using a set, sort them, and return the sorted list. There are no missing steps in the plan.

Plan:
1) Define the function `unique_sorted_characters` that takes a string as an argument.
2) Use a set to extract unique characters from the input string.
3) Convert the set of unique characters to a list and sort it in alphabetical order.
4) Return the sorted list of unique characters.

Code:
```python
def unique_sorted_characters(input_string):
    unique_chars = set(input_string)  # Step 1: Extract unique characters
    sorted_chars = sorted(unique_chars)  # Step 2: Sort the unique characters
    return sorted_chars  # Step 3: Return the sorted list
```
INFO - program_code:
 

def unique_sorted_characters(input_string):
    unique_chars = set(input_string)
    sorted_chars = sorted(unique_chars)
    return sorted_chars


INFO - program_name:
 unique_sorted_characters

INFO - dependencies:
 []

INFO - raw_msg:
 Explain: The rough plan provided in the context is correct and outlines the necessary steps to achieve the task. The function will take a string, extract unique characters using a set, sort them, and return the sorted list. There are no missing steps in the plan.

Plan:
1) Define the function `unique_sorted_characters` that takes a string as an argument.
2) Use a set to extract unique characters from the input string.
3) Convert the set of unique characters to a list and sort it in alphabetical order.
4) Return the sorted list of unique characters.

Code:
```python
def unique_sorted_characters(input_string):
    unique_chars = set(input_string)  # Step 1: Extract unique characters
    sorted_chars = sorted(unique_chars)  # Step 2: Sort the unique characters
    return sorted_chars  # Step 3: Return the sorted list
```

INFO - no_parent:
 True

INFO - full code to be executed: 
 

def unique_sorted_characters(input_string):
    unique_chars = set(input_string)
    sorted_chars = sorted(unique_chars)
    return sorted_chars


INFO - obs: Tests passed:
assert unique_sorted_characters('hello') == ['e', 'h', 'l', 'o']
assert unique_sorted_characters('abcabc') == ['a', 'b', 'c']
assert unique_sorted_characters('') == []

Tests failed:
None
reward: True
done: None
info: {'individual_results': (True, True, True)}
INFO - LM call n parse attempt 1 / 5

INFO - [Task id] 53 [prompt] 
You are a Python programming assistant that assesses my progress of Python programming and provides useful guidance.

I will give you the following information:

[Task]: The objective I need to accomplish.
[Context]: The context of the task. Serves as a casual tip (which can be wrong) to help me on the task, but my priority is to follow instructions in the Task tag.
[function impl]: My function implementation that is intended to complete the task
[unit test results]: The results after executing my function implementation on the unit tests

Your first goal is to use these info to evaluate if I have met the task requirements, and explain why. 
It is possible that the unit test results all pass, but the code does not accomplish the task (eg by failing to accomplish the task in scenarios not covered by the unit tests)
It is also possible that the unit tests are wrong in the first place, though the code accomplishes the task and fails the unit test.

If I have not met the task requirements, write a few sentences to explain why the function implementation is wrong as indicated by the tests. 
You will need this as guidance when you try again later.
Only provide the few sentence description in your answer, not the implementation. 
Suggest how the function implementation can be changed, NOT the test cases (assert statements)

You should only respond in JSON format as described below:
The output should be formatted as a JSON instance that conforms to the JSON schema below.

As an example, for the schema {"properties": {"foo": {"title": "Foo", "description": "a list of strings", "type": "array", "items": {"type": "string"}}}, "required": ["foo"]}
the object {"foo": ["bar", "baz"]} is a well-formatted instance of the schema. The object {"properties": {"foo": ["bar", "baz"]}} is not well-formatted.

Here is the output schema:
```
{"description": "Represents the critique of a task attempt, including reasoning, success status, and suggestions for improvement.\n\nAttributes:\n    reasoning (str): Explanation of why the task was succeeded or failed.\n    success (bool): Indicates whether the task requirements were met.\n    critique (str): Suggestions or critique to help improve future task attempts.", "properties": {"reasoning": {"description": "reason why I have succeeded or failed at the task", "title": "Reasoning", "type": "string"}, "success": {"description": "evaluate if I have met the task requirements", "title": "Success", "type": "boolean"}, "critique": {"description": "critique to help me improve", "title": "Critique", "type": "string"}}, "required": ["reasoning", "success", "critique"]}
```

INFO - [Task id] 53 [prompt] 
Here are some examples:

Example 1:
[function impl]:
```python
def longest_subarray_with_sum_limit(nums: List[int], target: int) -> List[int]:
    n = len(nums)
    left, right = 0, 0
    max_length = 0
    current_sum = 0
    result = []
    while right < n:
        current_sum += nums[right]
        while current_sum > target:
            current_sum -= nums[left]
            left += 1
        if right - left + 1 >= max_length:
            max_length = right - left + 1
            result = nums[left:right+1]
        right += 1
    return result
```
[unit test results]:
Tests passing:
assert longest_subarray_with_sum_limit([1, 2, 3, 4, 5], 8) == [1, 2, 3]
assert longest_subarray_with_sum_limit([1, 2, 3, 4, 5], 15) == [1, 2, 3, 4, 5]
assert longest_subarray_with_sum_limit([1, -1, 2, -2, 3, -3], 2) == [1, -1, 2, -2, 3]
assert longest_subarray_with_sum_limit([], 10) == []
assert longest_subarray_with_sum_limit([], 0) == []
assert longest_subarray_with_sum_limit([], -5) == []  
Tests failing:
assert longest_subarray_with_sum_limit([5, 6, 7, 8, 9], 4) == [] # output: [5]

RESPONSE:
{
    "reasoning": "The implementation failed the test case where no subarray fulfills the condition",
    "success": false,
    "critique": "The issue in the implementation is due to the use of >= instead of > in the condition to update the result. Because of this, it returns a subarray even when the sum is greater than the target, as it still updates the result when the current subarray length is equal to the previous longest subarray length. To overcome this error, we should change the condition to only update the result when the current subarray length is strictly greater than the previous longest subarray length. This can be done by replacing >= with > in the condition."
}


Example 2:
[function impl]:
```python
def longest_subarray_with_sum_limit(nums: List[int], target: int) -> List[int]:
    n = len(nums)
    left, right = 0, 0
    max_length = 0
    current_sum = 0
    result = []
    while current_sum + nums[right] <= target:
        current_sum += nums[right]
        right += 1
    while right < n:
        current_sum += nums[right]
        while current_sum > target:
            current_sum -= nums[left]
            left += 1
        if right - left + 1 > max_length:
            max_length = right - left + 1
            result = nums[left:right+1]
        right += 1
    return result
```
[unit test results]:
Tests passing:
assert longest_subarray_with_sum_limit([], 10) == []
assert longest_subarray_with_sum_limit([], 0) == []
assert longest_subarray_with_sum_limit([], -5) == []
Tests failing:
assert longest_subarray_with_sum_limit([1, 2, 3, 4, 5], 8) == [1, 2, 3] # output: list index out of range
assert longest_subarray_with_sum_limit([1, 2, 3, 4, 5], 15) == [1, 2, 3, 4, 5] # output: list index out of range
assert longest_subarray_with_sum_limit([5, 6, 7, 8, 9], 4) == [] # output: list index out of range
assert longest_subarray_with_sum_limit([1, -1, 2, -2, 3, -3], 2) == [1, -1, 2, -2, 3] # output: list index out of range

RESPONSE:
{
    "reason": "The implementation failed 4 out of the 7 test cases due to an IndexError.",
    "success": false,
    "critique": "The issue stems from the while loop while current_sum + nums[right] <= target:, which directly accesses nums[right] without checking if right is within the bounds of the list. This results in a runtime error when right goes beyond the list length. To overcome this error, we need to add a bounds check for the right variable in the mentioned while loop. We can modify the loop condition to while right < len(nums) and current_sum + nums[right] <= target:. This change will ensure that we only access elements within the bounds of the list, thus avoiding the IndexError."
}


END OF EXAMPLES

INFO - [Task id] 53 [prompt] [Task]:
Write a Python function that takes a string and returns a list of all the unique characters in that string, sorted in alphabetical order.
[Context]: 
 Rough plan to accomplish the task (can be wrong): 
Answer: To accomplish the task of writing a Python function that returns a list of all unique characters from a given string, sorted in alphabetical order, you can follow these conceptual steps:

1. **Input the String**: Define a function that takes a string as an argument.

2. **Extract Unique Characters**: Use a data structure that inherently avoids duplicates, such as a set, to collect the unique characters from the string.

3. **Sort the Characters**: Convert the set of unique characters back to a list and sort it in alphabetical order.

4. **Return the Result**: Finally, return the sorted list of unique characters.

Here’s a conceptual outline of the function:

```python
def unique_sorted_characters(input_string):
    # Step 1: Use a set to get unique characters
    unique_chars = set(input_string)
    
    # Step 2: Convert the set to a list and sort it
    sorted_chars = sorted(unique_chars)
    
    # Step 3: Return the sorted list
    return sorted_chars
```

This function will take any string, extract the unique characters, sort them, and return the sorted list.


[function impl]:


def unique_sorted_characters(input_string):
    unique_chars = set(input_string)
    sorted_chars = sorted(unique_chars)
    return sorted_chars

[unit test results]:
Tests passed:
assert unique_sorted_characters('hello') == ['e', 'h', 'l', 'o']
assert unique_sorted_characters('abcabc') == ['a', 'b', 'c']
assert unique_sorted_characters('') == []

Tests failed:
None

INFO - [Task id] 53 [generation text] 
INFO - {
    "reasoning": "The implementation successfully meets the task requirements as it correctly extracts unique characters from the input string and returns them sorted in alphabetical order. All unit tests passed without any failures, indicating that the function behaves as expected for the provided test cases.",
    "success": true,
    "critique": "Great job! Your implementation is correct and passes all the tests. You can consider adding more test cases, such as strings with special characters or mixed case letters, to further validate the robustness of your function."
}
INFO - {
    "reasoning": "The implementation successfully meets the task requirements as it correctly extracts unique characters from the input string and returns them sorted in alphabetical order. All unit tests passed without any failures, indicating that the function behaves as expected for the provided test cases.",
    "success": true,
    "critique": "Great job! Your implementation is correct and passes all the tests. You can consider adding more test cases, such as strings with special characters or mixed case letters, to further validate the robustness of your function."
}
INFO - [task_id]: 53 [Result]: True
INFO - LM call n parse attempt 1 / 3

INFO - [Task id] 53 [prompt] 
You are a helpful assistant that writes a description of the given function written in the Python programming language.

1) Do not mention the function name.
2) Do not mention anything about helper functions.
3) There might be some helper functions before the main function, but you only need to describe the main function.
4) Try to summarize the function in no more than 6 sentences.
5) Your response should be a single line of text.

INFO - [Task id] 53 [prompt] 

def unique_sorted_characters(input_string):
    unique_chars = set(input_string)
    sorted_chars = sorted(unique_chars)
    return sorted_chars


The main function is `unique_sorted_characters`.
INFO - [Task id] 53 [generation text] This function takes an input string and extracts the unique characters from it by converting the string into a set. It then sorts these unique characters in ascending order. Finally, it returns the sorted list of characters. The function effectively removes any duplicates and ensures the output is organized. It is useful for obtaining a clean and ordered representation of the characters present in the input. The result is a list of characters without repetitions, sorted alphabetically.
INFO - Num Completed Tasks: 49, Num Failed Tasks: 4
