INFO - DB skill doc count: 39

INFO - [train iter]: 42/100 

INFO - LM call n parse attempt 1 / 3

INFO - [Task id] 42 [prompt] 
You are a helpful assistant that asks questions to help me decide the next immediate task to do for Python programming.
My ultimate goal is to solve as many diverse problems as possible and become the best programmer in the world.

I will give you the following information:
Completed tasks so far: ...
Failed tasks that are too hard: ...

You must follow the following criteria:
1) You should ask at least 5 questions (but no more than 10 questions) to help me decide the next immediate task to do. Each question should be followed by the concept that the question is about.
2) Your question should be specific to a concept in Python programming.
  Bad example (the question is too general):
    Question: What is the best way to program in Python?
    Concept: unknown
  Good example:
    Question: How do you reverse a list?
    Concept: list
3) Your questions should be self-contained and not require any context.

Respond in JSON, and follow the keys and expected format of the values strictly.


Response format:
The output should be formatted as a JSON instance that conforms to the JSON schema below.

As an example, for the schema {"properties": {"foo": {"title": "Foo", "description": "a list of strings", "type": "array", "items": {"type": "string"}}}, "required": ["foo"]}
the object {"foo": ["bar", "baz"]} is a well-formatted instance of the schema. The object {"properties": {"foo": ["bar", "baz"]}} is not well-formatted.

Here is the output schema:
```
{"$defs": {"QuestionConcept": {"properties": {"question": {"description": "A question related to Python programming, to help me brainstorm the next immediate task to do", "title": "Question", "type": "string"}, "concept": {"description": "The Python programming concept associated with the question above", "title": "Concept", "type": "string"}}, "required": ["question", "concept"], "title": "QuestionConcept", "type": "object"}}, "properties": {"reasoning": {"description": "Reason out, step-by-step, why you picked these questions and concepts", "title": "Reasoning", "type": "string"}, "question_concept_list": {"description": "list of questions and their associated concepts", "items": {"$ref": "#/$defs/QuestionConcept"}, "title": "Question Concept List", "type": "array"}}, "required": ["reasoning", "question_concept_list"]}
```


INFO - [Task id] 42 [prompt] Completed tasks so far (do not give me these tasks again!): 
	Write a Python function that takes a list of integers and returns a new list containing only the even numbers from the original list.
	Write a Python function that takes a list of strings and returns a dictionary where the keys are the strings and the values are the number of times each string appears in the list.
	Write a Python function that takes a list of strings and returns a dictionary where the keys are the lengths of the strings and the values are lists of strings of that length.
	Write a Python function that takes a string and returns the first non-repeating character in it. If all characters repeat, return None.
	Write a Python function that takes a list of integers and returns a list of all unique pairs (as tuples) that sum up to a given target integer. The pairs should be sorted in ascending order, and each pair should be sorted as well.
	Write a Python function that takes a string and returns the longest substring without repeating characters.
	Write a Python function that takes two lists of integers and returns a list of their common elements. The result should not contain duplicates and should be sorted in ascending order.
	Write a Python function that takes a list of integers and sorts it in ascending order using the bubble sort algorithm. The function should return the sorted list.
	Write a Python function that takes a list of integers and returns a new list with the elements in reverse order.
	Write a Python function that takes a list of integers and returns the greatest common divisor (GCD) of the numbers in the list. Use the Euclidean algorithm to find the GCD.
	Write a Python function that takes a string and returns a new string with all the vowels removed. The function should be case-insensitive, meaning it should remove both uppercase and lowercase vowels.
	Write a Python function that takes two lists of integers and returns a list of integers that are present in both lists, without duplicates. Use set operations to achieve this.
	Write a Python function that takes a list of operations (as strings) and simulates a stack using a list. The operations can be 'push X' to push an integer X onto the stack, 'pop' to remove the top element, and 'peek' to return the top element without removing it. The function should return a list of results from the 'pop' and 'peek' operations.
	Write a Python function that takes two lists of integers and returns a list of integers that are present in either of the lists but not in both. The result should not contain duplicates and should be sorted in ascending order.
	Write a Python function that takes a list of integers and returns a dictionary where the keys are the integers and the values are the number of times each integer appears in the list. This will help practice using dictionaries for counting occurrences.
	Write a Python function that takes an integer n and returns a list of all prime numbers less than n. This will help you practice loops, conditionals, and understanding of prime numbers.
	Write a Python function that takes a string and a pattern (both strings) and returns True if the pattern is found in the string, and False otherwise. The function should perform a simple substring search.
	Write a Python function that calculates the factorial of a given non-negative integer using recursion. The function should return the factorial value.
	Write a Python function that takes a list of integers and returns the index of the first occurrence of the maximum value in the list. If the list is empty, return -1.
	Write a Python function that takes a list of integers and returns a list of the k largest elements in descending order. Use a min-heap to efficiently find the k largest elements.
	Write a Python function that takes a list of integers and returns a list of all integers that appear more than once in the list. The result should not contain duplicates and should be sorted in ascending order.
	Write a Python function that takes a list of integers and returns the list sorted in ascending order using the quicksort algorithm. This will help you practice implementing a classic sorting algorithm and understanding its recursive nature.
	Write a Python function that takes a string and returns True if the string is a palindrome (reads the same forwards and backwards), ignoring spaces, punctuation, and capitalization. Otherwise, return False.
	Write a Python function that takes a list of integers and returns a list of integers that appear only once in the original list. The result should be sorted in ascending order.
	Write a Python function that takes a string and a list of words, and returns a list of words from the list that are substrings of the given string. This will help practice string manipulation and searching techniques.
	Write a Python function that takes a list of integers and returns a list of integers that appear more than once in the list. The result should not contain duplicates and should be sorted in ascending order.
	Write a Python function that takes a list of integers and returns a list of integers that are duplicates in the original list. The result should not contain duplicates and should be sorted in ascending order. Use a set to efficiently find duplicates.
	Write a Python function that takes a string containing only the characters '(', ')', '{', '}', '[' and ']', and returns True if the input string is valid. An input string is valid if: 1. Open brackets must be closed by the same type of brackets. 2. Open brackets must be closed in the correct order. The function should return False otherwise.
	Write a Python function that takes a list of strings representing a postfix expression (Reverse Polish Notation) and returns the evaluated result as an integer. The function should use a stack to evaluate the expression.
	Write a Python function that takes a list of integers and returns the second largest unique integer in the list. If there is no such integer, return None. This task will help you practice using sets for unique elements and sorting techniques.
	Write a Python function that takes a list of integers and returns a dictionary where the keys are the integers and the values are lists of indices where each integer appears in the list. This will help practice using dictionaries to store lists and track multiple occurrences of elements.
	Write a Python function that takes a string and returns the first unique character in it. Use a dictionary to count the occurrences of each character. If there is no unique character, return None.
	Write a Python function that takes a binary tree (represented as a nested list) and returns the sum of all its nodes. The binary tree is represented as a list where the first element is the root value, the second element is the left subtree, and the third element is the right subtree. If a subtree is empty, it is represented as an empty list.
	Write a Python function that performs a breadth-first search (BFS) on a graph represented as an adjacency list. The function should take the graph and a starting node as inputs and return a list of nodes in the order they are visited.
	Write a Python function that takes a string and a pattern (both strings) and returns the starting index of the first occurrence of the pattern in the string. If the pattern is not found, return -1. This will help practice string manipulation and searching techniques.
	Write a Python function that takes a list of integers and returns the sum of all even numbers in the list. This task will help practice iterating through lists and applying conditional logic.
	Write a Python function that takes an integer n and returns a list of all perfect squares less than n. A perfect square is an integer that is the square of an integer. This task will help practice loops, conditionals, and understanding of number properties.
	Write a Python function that takes a list of integers and returns the next greater element for each element in the list. The next greater element for an element x is the first greater element on the right side of x in the list. If no such element exists, return -1 for that position.
	Write a Python function that takes a list of n-1 integers in the range from 1 to n and returns the missing number. The list will not contain any duplicates.

Failed tasks that are too hard: 
	Write a Python function that implements a queue using a list. The function should support enqueue (add an item to the end of the queue), dequeue (remove an item from the front of the queue), and is_empty (check if the queue is empty) operations. The function should return a tuple of results from these operations for testing purposes.
	Write a Python function that simulates a stack using a list. The function should support 'push' (add an item to the top of the stack), 'pop' (remove the item from the top of the stack), and 'peek' (return the item at the top of the stack without removing it) operations. The function should return a list of results from the 'pop' and 'peek' operations for testing purposes.
	Write a Python function that takes a list of integers and returns the maximum product of any two integers in the list. This will help practice iterating through lists and understanding pairwise comparisons.


INFO - [Task id] 42 [generation text] 
INFO - {
    "reasoning": "I selected these questions to cover a variety of Python programming concepts that you haven't tackled yet. The questions focus on different data structures, algorithms, and problem-solving techniques, which will help you expand your skills and knowledge in Python programming.",
    "question_concept_list": [
        {
            "question": "How do you implement a queue using a list in Python?",
            "concept": "queue"
        },
        {
            "question": "What is the best way to find the maximum product of any two integers in a list?",
            "concept": "list manipulation"
        },
        {
            "question": "How can you implement a binary search algorithm in Python?",
            "concept": "search algorithms"
        },
        {
            "question": "What is the method to find the longest common subsequence between two strings?",
            "concept": "dynamic programming"
        },
        {
            "question": "How do you create a simple class in Python and instantiate objects from it?",
            "concept": "object-oriented programming"
        }
    ]
}
INFO - {
    "reasoning": "I selected these questions to cover a variety of Python programming concepts that you haven't tackled yet. The questions focus on different data structures, algorithms, and problem-solving techniques, which will help you expand your skills and knowledge in Python programming.",
    "question_concept_list": [
        {
            "question": "How do you implement a queue using a list in Python?",
            "concept": "queue"
        },
        {
            "question": "What is the best way to find the maximum product of any two integers in a list?",
            "concept": "list manipulation"
        },
        {
            "question": "How can you implement a binary search algorithm in Python?",
            "concept": "search algorithms"
        },
        {
            "question": "What is the method to find the longest common subsequence between two strings?",
            "concept": "dynamic programming"
        },
        {
            "question": "How do you create a simple class in Python and instantiate objects from it?",
            "concept": "object-oriented programming"
        }
    ]
}
INFO - LM call n parse attempt 1 / 5

INFO - [Task id] 42 [prompt] 
You are a helpful assistant that tells me the next immediate task (in the form of a function) to do for Python programming. 
My ultimate goal is to solve as many diverse problems as possible and become the best programmer in the world.

I will give you the following information:
Question 1: ...
Answer: ...
Question 2: ...
Answer: ...
Question 3: ...
Answer: ...
...
Completed tasks so far: ...
Failed tasks that are too hard: ...

You must follow the following criteria:
1) You should act as a mentor and guide me to the next task based on my current learning progress. As a rule of thumb, guide me through beginner problems, followed by interview level problems, followed by competitive programming problems. The latter 2 levels can involve concepts from data structures and algorithms.
2) Please be very specific about what skills I need to learn.
3) Do not propose multiple tasks at the same time. Do not mention anything else.
4) The next task should not be too hard since I may not have learned enough skills to complete it yet.
5) The next task should be novel and interesting. I should look for problems which I have not solved yet. I should not be doing the same thing over and over again.
6) The task should involve writing a main Python function that at most use basic libraries (try not to import too many or too advanced modules)
7) Do not give tasks that require file operations (create, read, update, delete) or an internet connection.
8) I am only allowed to write Python functions, so do not require me to write other things (e.g. objects). 
9) Requiring me to write a function that takes in an object and uses object methods is still ok, but I cannot define the objects myself. You must provide the objects as input to my function in the assert statement.

Take note of these in your response:
1) Give an expected function name for the task.
2) Give a tuple of 3 assert statements that tests the function's correctness in the "test_tuple" field. This must strictly contain single-line assert statements only; any setup code for the test must be filled in the "test_setup_code" field.
3) The function name which you gave must be called in the assert statements. 

Respond in JSON, and follow the keys and expected format of the values strictly.


Response format:
The output should be formatted as a JSON instance that conforms to the JSON schema below.

As an example, for the schema {"properties": {"foo": {"title": "Foo", "description": "a list of strings", "type": "array", "items": {"type": "string"}}}, "required": ["foo"]}
the object {"foo": ["bar", "baz"]} is a well-formatted instance of the schema. The object {"properties": {"foo": ["bar", "baz"]}} is not well-formatted.

Here is the output schema:
```
{"properties": {"reasoning": {"description": "Based on the information listed above, reason about what the next task should be.", "title": "Reasoning", "type": "string"}, "task": {"description": "The next task, which requires me to write a single function. Be sure to state the expected data structure for inputs and outputs.", "title": "Task", "type": "string"}, "gt_fn_name": {"description": "The expected name for the single function for the task", "title": "Gt Fn Name", "type": "string"}, "test_setup_code": {"description": "setup code, if required. This will be run just before the assert statements are executed.", "title": "Test Setup Code", "type": "string"}, "test_tuple": {"description": "Tuple of 3 SINGLE-LINE test cases that starts with 'assert' to test the function's correctness.Any extra required code should be written in the test_setup_code field.", "items": {"type": "string"}, "maxItems": 3, "minItems": 3, "prefixItems": [{"type": "string"}, {"type": "string"}, {"type": "string"}], "title": "Test Tuple", "type": "array"}}, "required": ["reasoning", "task", "gt_fn_name", "test_setup_code", "test_tuple"]}
```


INFO - [Task id] 42 [prompt] 
Here's an example response:
{
    "reasoning": "The student has shown proficiency in basic Python syntax and list manipulation, but struggles with problems involving more complex algorithms and data structures. This task will help them practice using sets or dictionaries for efficient lookups, and understand the concept of algorithmic complexity.",
    "task": "Write a Python function that takes a list of integers and returns the tuple of two numbers that sum up to zero. If no such pair exists, return None.",
    "gt_fn_name": "find_zero_sum",
    "test_setup_code": "",
    "test_tuple": [
        "assert find_zero_sum([1, 2, 3, -2, -1]) == (2, -2)",
        "assert find_zero_sum([1, 2, 3, 4, 5]) == None",
        "assert find_zero_sum([1, 4, 3, -4, -1]) == (4, -4)"
    ]
}

INFO - [Task id] 42 [prompt] Question 1: How do you implement a queue using a list in Python?
Answer: You can implement a queue using a list in Python by utilizing the `append()` method to add elements to the end of the list and the `pop(0)` method to remove elements from the front of the list. Here is a simple example:

```python
class Queue:
    def __init__(self):
        self.queue = []

    def enqueue(self, item):
        self.queue.append(item)

    def dequeue(self):
        if not self.is_empty():
            return self.queue.pop(0)
        else:
            raise IndexError("dequeue from an empty queue")

    def is_empty(self):
        return len(self.queue) == 0

    def size(self):
        return len(self.queue)

# Example usage:
q = Queue()
q.enqueue(1)
q.enqueue(2)
q.enqueue(3)
print(q.dequeue())  # Output: 1
print(q.size())     # Output: 2
```

In this implementation:
- `enqueue` adds an item to the end of the queue.
- `dequeue` removes and returns the item from the front of the queue.
- `is_empty` checks if the queue is empty.
- `size` returns the number of items in the queue. 

Keep in mind that using a list for a queue can be inefficient for large queues because `pop(0)` has a time complexity of O(n). For better performance, consider using `collections.deque`, which is optimized for fast appends and pops from both ends.

Question 2: What is the best way to find the maximum product of any two integers in a list?
Answer: The best way to find the maximum product of any two integers in a list is to first identify the two largest integers in the list. You can do this efficiently in a single pass through the list. Here’s a simple approach:

1. Initialize two variables, `max1` and `max2`, to hold the largest and second largest integers, respectively.
2. Iterate through the list, updating `max1` and `max2` as you find larger integers.
3. The maximum product will be the product of `max1` and `max2`.

Here’s a sample implementation in Python:

```python
def max_product(nums):
    if len(nums) < 2:
        raise ValueError("At least two numbers are required")
    
    max1 = max2 = float('-inf')
    
    for num in nums:
        if num > max1:
            max2 = max1
            max1 = num
        elif num > max2:
            max2 = num
            
    return max1 * max2

# Example usage:
numbers = [3, 5, 1, 2, 4]
result = max_product(numbers)
print(result)  # Output: 20 (5 * 4)
```

This method runs in O(n) time complexity, making it efficient for large lists.

Question 3: How do you implement a binary search algorithm in Python?
Answer: To implement a binary search algorithm in Python, you can use either an iterative or a recursive approach. Below are examples of both methods.

### Iterative Approach

```python
def binary_search_iterative(arr, target):
    left, right = 0, len(arr) - 1
    
    while left <= right:
        mid = left + (right - left) // 2  # To prevent overflow
        
        if arr[mid] == target:
            return mid  # Target found
        elif arr[mid] < target:
            left = mid + 1  # Search in the right half
        else:
            right = mid - 1  # Search in the left half
            
    return -1  # Target not found
```

### Recursive Approach

```python
def binary_search_recursive(arr, target, left, right):
    if left > right:
        return -1  # Target not found
    
    mid = left + (right - left) // 2  # To prevent overflow
    
    if arr[mid] == target:
        return mid  # Target found
    elif arr[mid] < target:
        return binary_search_recursive(arr, target, mid + 1, right)  # Search in the right half
    else:
        return binary_search_recursive(arr, target, left, mid - 1)  # Search in the left half

# To use the recursive function, call it like this:
# result = binary_search_recursive(arr, target, 0, len(arr) - 1)
```

### Usage Example

```python
arr = [1, 2, 3, 4, 5, 6, 7, 8, 9]
target = 5

# Using iterative approach
result_iterative = binary_search_iterative(arr, target)
print("Iterative result:", result_iterative)

# Using recursive approach
result_recursive = binary_search_recursive(arr, target, 0, len(arr) - 1)
print("Recursive result:", result_recursive)
```

### Note
- The array must be sorted for binary search to work correctly.
- The function returns the index of the target if found, or -1 if the target is not in the array.

Question 4: What is the algorithm to find the longest common subsequence between two strings?
Answer: The algorithm to find the longest common subsequence (LCS) between two strings typically uses dynamic programming. Here’s a step-by-step outline of the algorithm:

1. **Define the Problem**: Given two strings, `X` of length `m` and `Y` of length `n`, the goal is to find the length of the longest subsequence present in both strings.

2. **Create a 2D Array**: Create a 2D array `L` of size `(m+1) x (n+1)`, where `L[i][j]` will hold the length of the LCS of `X[0...i-1]` and `Y[0...j-1]`.

3. **Initialize the Array**: Initialize the first row and first column of the array to 0, since the LCS of any string with an empty string is 0.

4. **Fill the Array**: Use nested loops to fill the array:
   - If `X[i-1] == Y[j-1]`, then `L[i][j] = L[i-1][j-1] + 1`.
   - Otherwise, `L[i][j] = max(L[i-1][j], L[i][j-1])`.

5. **Construct the LCS**: After filling the array, the length of the LCS will be found in `L[m][n]`. To construct the LCS string, backtrack from `L[m][n]`:
   - If `X[i-1] == Y[j-1]`, include that character in the LCS and move diagonally up-left in the array.
   - If not, move in the direction of the larger value (either up or left).

6. **Return the Result**: The length of the LCS and the LCS string can be returned.

Here is a simple implementation in Python:

```python
def longest_common_subsequence(X, Y):
    m = len(X)
    n = len(Y)
    L = [[0] * (n + 1) for _ in range(m + 1)]

    # Fill the L array
    for i in range(1, m + 1):
        for j in range(1, n + 1):
            if X[i - 1] == Y[j - 1]:
                L[i][j] = L[i - 1][j - 1] + 1
            else:
                L[i][j] = max(L[i - 1][j], L[i][j - 1])

    # Length of LCS
    lcs_length = L[m][n]

    # Backtrack to find the LCS string
    lcs = []
    i, j = m, n
    while i > 0 and j > 0:
        if X[i - 1] == Y[j - 1]:
            lcs.append(X[i - 1])
            i -= 1
            j -= 1
        elif L[i - 1][j] > L[i][j - 1]:
            i -= 1
        else:
            j -= 1

    lcs.reverse()  # The LCS is constructed in reverse order
    return lcs_length, ''.join(lcs)

# Example usage
X = "AGGTAB"
Y = "GXTXAYB"
length, lcs_string = longest_common_subsequence(X, Y)
print(f"Length of LCS: {length}, LCS: {lcs_string}")
```

This code will compute the length of the longest common subsequence and also return the subsequence itself.

Question 5: How do you create a class in Python and instantiate objects from it?
Answer: To create a class in Python, you use the `class` keyword followed by the class name and a colon. Inside the class, you can define methods (functions) and attributes (variables) that belong to the class. To instantiate objects from the class, you call the class as if it were a function.

Here is a simple example:

```python
# Define a class
class Dog:
    # Constructor method to initialize attributes
    def __init__(self, name, age):
        self.name = name  # Instance variable for the dog's name
        self.age = age    # Instance variable for the dog's age

    # Method to make the dog bark
    def bark(self):
        return f"{self.name} says woof!"

# Instantiate objects from the class
dog1 = Dog("Buddy", 3)
dog2 = Dog("Max", 5)

# Accessing attributes and methods
print(dog1.name)  # Output: Buddy
print(dog2.age)   # Output: 5
print(dog1.bark())  # Output: Buddy says woof!
```

In this example, we created a `Dog` class with a constructor (`__init__`) that initializes the `name` and `age` attributes. We then created two instances of the `Dog` class, `dog1` and `dog2`, and demonstrated how to access their attributes and call their methods.

Completed tasks so far (do not give me these tasks again!): 
	Write a Python function that takes a list of integers and returns a new list containing only the even numbers from the original list.
	Write a Python function that takes a list of strings and returns a dictionary where the keys are the strings and the values are the number of times each string appears in the list.
	Write a Python function that takes a list of strings and returns a dictionary where the keys are the lengths of the strings and the values are lists of strings of that length.
	Write a Python function that takes a string and returns the first non-repeating character in it. If all characters repeat, return None.
	Write a Python function that takes a list of integers and returns a list of all unique pairs (as tuples) that sum up to a given target integer. The pairs should be sorted in ascending order, and each pair should be sorted as well.
	Write a Python function that takes a string and returns the longest substring without repeating characters.
	Write a Python function that takes two lists of integers and returns a list of their common elements. The result should not contain duplicates and should be sorted in ascending order.
	Write a Python function that takes a list of integers and sorts it in ascending order using the bubble sort algorithm. The function should return the sorted list.
	Write a Python function that takes a list of integers and returns a new list with the elements in reverse order.
	Write a Python function that takes a list of integers and returns the greatest common divisor (GCD) of the numbers in the list. Use the Euclidean algorithm to find the GCD.
	Write a Python function that takes a string and returns a new string with all the vowels removed. The function should be case-insensitive, meaning it should remove both uppercase and lowercase vowels.
	Write a Python function that takes two lists of integers and returns a list of integers that are present in both lists, without duplicates. Use set operations to achieve this.
	Write a Python function that takes a list of operations (as strings) and simulates a stack using a list. The operations can be 'push X' to push an integer X onto the stack, 'pop' to remove the top element, and 'peek' to return the top element without removing it. The function should return a list of results from the 'pop' and 'peek' operations.
	Write a Python function that takes two lists of integers and returns a list of integers that are present in either of the lists but not in both. The result should not contain duplicates and should be sorted in ascending order.
	Write a Python function that takes a list of integers and returns a dictionary where the keys are the integers and the values are the number of times each integer appears in the list. This will help practice using dictionaries for counting occurrences.
	Write a Python function that takes an integer n and returns a list of all prime numbers less than n. This will help you practice loops, conditionals, and understanding of prime numbers.
	Write a Python function that takes a string and a pattern (both strings) and returns True if the pattern is found in the string, and False otherwise. The function should perform a simple substring search.
	Write a Python function that calculates the factorial of a given non-negative integer using recursion. The function should return the factorial value.
	Write a Python function that takes a list of integers and returns the index of the first occurrence of the maximum value in the list. If the list is empty, return -1.
	Write a Python function that takes a list of integers and returns a list of the k largest elements in descending order. Use a min-heap to efficiently find the k largest elements.
	Write a Python function that takes a list of integers and returns a list of all integers that appear more than once in the list. The result should not contain duplicates and should be sorted in ascending order.
	Write a Python function that takes a list of integers and returns the list sorted in ascending order using the quicksort algorithm. This will help you practice implementing a classic sorting algorithm and understanding its recursive nature.
	Write a Python function that takes a string and returns True if the string is a palindrome (reads the same forwards and backwards), ignoring spaces, punctuation, and capitalization. Otherwise, return False.
	Write a Python function that takes a list of integers and returns a list of integers that appear only once in the original list. The result should be sorted in ascending order.
	Write a Python function that takes a string and a list of words, and returns a list of words from the list that are substrings of the given string. This will help practice string manipulation and searching techniques.
	Write a Python function that takes a list of integers and returns a list of integers that appear more than once in the list. The result should not contain duplicates and should be sorted in ascending order.
	Write a Python function that takes a list of integers and returns a list of integers that are duplicates in the original list. The result should not contain duplicates and should be sorted in ascending order. Use a set to efficiently find duplicates.
	Write a Python function that takes a string containing only the characters '(', ')', '{', '}', '[' and ']', and returns True if the input string is valid. An input string is valid if: 1. Open brackets must be closed by the same type of brackets. 2. Open brackets must be closed in the correct order. The function should return False otherwise.
	Write a Python function that takes a list of strings representing a postfix expression (Reverse Polish Notation) and returns the evaluated result as an integer. The function should use a stack to evaluate the expression.
	Write a Python function that takes a list of integers and returns the second largest unique integer in the list. If there is no such integer, return None. This task will help you practice using sets for unique elements and sorting techniques.
	Write a Python function that takes a list of integers and returns a dictionary where the keys are the integers and the values are lists of indices where each integer appears in the list. This will help practice using dictionaries to store lists and track multiple occurrences of elements.
	Write a Python function that takes a string and returns the first unique character in it. Use a dictionary to count the occurrences of each character. If there is no unique character, return None.
	Write a Python function that takes a binary tree (represented as a nested list) and returns the sum of all its nodes. The binary tree is represented as a list where the first element is the root value, the second element is the left subtree, and the third element is the right subtree. If a subtree is empty, it is represented as an empty list.
	Write a Python function that performs a breadth-first search (BFS) on a graph represented as an adjacency list. The function should take the graph and a starting node as inputs and return a list of nodes in the order they are visited.
	Write a Python function that takes a string and a pattern (both strings) and returns the starting index of the first occurrence of the pattern in the string. If the pattern is not found, return -1. This will help practice string manipulation and searching techniques.
	Write a Python function that takes a list of integers and returns the sum of all even numbers in the list. This task will help practice iterating through lists and applying conditional logic.
	Write a Python function that takes an integer n and returns a list of all perfect squares less than n. A perfect square is an integer that is the square of an integer. This task will help practice loops, conditionals, and understanding of number properties.
	Write a Python function that takes a list of integers and returns the next greater element for each element in the list. The next greater element for an element x is the first greater element on the right side of x in the list. If no such element exists, return -1 for that position.
	Write a Python function that takes a list of n-1 integers in the range from 1 to n and returns the missing number. The list will not contain any duplicates.

Failed tasks that are too hard: 
	Write a Python function that implements a queue using a list. The function should support enqueue (add an item to the end of the queue), dequeue (remove an item from the front of the queue), and is_empty (check if the queue is empty) operations. The function should return a tuple of results from these operations for testing purposes.
	Write a Python function that simulates a stack using a list. The function should support 'push' (add an item to the top of the stack), 'pop' (remove the item from the top of the stack), and 'peek' (return the item at the top of the stack without removing it) operations. The function should return a list of results from the 'pop' and 'peek' operations for testing purposes.
	Write a Python function that takes a list of integers and returns the maximum product of any two integers in the list. This will help practice iterating through lists and understanding pairwise comparisons.


INFO - [Task id] 42 [generation text] 
INFO - {
    "reasoning": "The student has demonstrated proficiency in basic Python programming, including list manipulation, dictionary usage, and basic algorithm implementation. They have also tackled some intermediate problems involving data structures like stacks and queues. To continue building their skills, they should now focus on a problem that involves understanding and implementing a simple algorithm with a mathematical basis. This will help them practice algorithmic thinking and problem-solving skills.",
    "task": "Write a Python function that takes a list of integers and returns the list of integers sorted in ascending order using the insertion sort algorithm. This will help you practice implementing a classic sorting algorithm and understanding its iterative nature.",
    "gt_fn_name": "insertion_sort",
    "test_setup_code": "",
    "test_tuple": [
        "assert insertion_sort([3, 1, 4, 1, 5, 9, 2, 6, 5, 3, 5]) == [1, 1, 2, 3, 3, 4, 5, 5, 5, 6, 9]",
        "assert insertion_sort([10, 9, 8, 7, 6, 5, 4, 3, 2, 1]) == [1, 2, 3, 4, 5, 6, 7, 8, 9, 10]",
        "assert insertion_sort([]) == []"
    ]
}
INFO - {
    "reasoning": "The student has demonstrated proficiency in basic Python programming, including list manipulation, dictionary usage, and basic algorithm implementation. They have also tackled some intermediate problems involving data structures like stacks and queues. To continue building their skills, they should now focus on a problem that involves understanding and implementing a simple algorithm with a mathematical basis. This will help them practice algorithmic thinking and problem-solving skills.",
    "task": "Write a Python function that takes a list of integers and returns the list of integers sorted in ascending order using the insertion sort algorithm. This will help you practice implementing a classic sorting algorithm and understanding its iterative nature.",
    "gt_fn_name": "insertion_sort",
    "test_setup_code": "",
    "test_tuple": [
        "assert insertion_sort([3, 1, 4, 1, 5, 9, 2, 6, 5, 3, 5]) == [1, 1, 2, 3, 3, 4, 5, 5, 5, 6, 9]",
        "assert insertion_sort([10, 9, 8, 7, 6, 5, 4, 3, 2, 1]) == [1, 2, 3, 4, 5, 6, 7, 8, 9, 10]",
        "assert insertion_sort([]) == []"
    ]
}
INFO - The task prompt is Write a Python function that takes a list of integers and returns the list of integers sorted in ascending order using the insertion sort algorithm. This will help you practice implementing a classic sorting algorithm and understanding its iterative nature.
You must strictly follow the function n...

INFO - LM call n parse attempt 1 / 3

INFO - [Task id] 42 [prompt] 
You are a helpful assistant that answer my question about Python programming.

I will give you the following information:
Question: ...

You will answer the question based on the context (only if available and helpful) and your own knowledge of Python programming.
1) Start your answer with "Answer: ".
2) Answer "Answer: Unknown" if you don't know the answer.

INFO - [Task id] 42 [prompt] Question: Explain at a conceptual level, how to accomplish the below task in Python programming?
Write a Python function that takes a list of integers and returns the list of integers sorted in ascending order using the insertion sort algorithm. This will help you practice implementing a classic sorting algorithm and understanding its iterative nature.
INFO - [Task id] 42 [generation text] Answer: To accomplish the task of implementing the insertion sort algorithm in Python, you can follow these conceptual steps:

1. **Define the Function**: Start by defining a function that takes a list of integers as an argument.

2. **Iterate Through the List**: Use a loop to iterate through each element in the list starting from the second element (index 1), as the first element is considered sorted.

3. **Select the Current Element**: For each iteration, store the current element (the one you want to insert into the sorted portion of the list).

4. **Find the Correct Position**: Use another loop to compare the current element with the elements in the sorted portion of the list (the elements before the current element). Shift the larger elements one position to the right to make space for the current element.

5. **Insert the Current Element**: Once the correct position is found (where the current element is greater than the element at that position), insert the current element into that position.

6. **Return the Sorted List**: After all elements have been processed, return the modified list, which is now sorted in ascending order.

Here is a conceptual outline of the code:

```python
def insertion_sort(arr):
    # Iterate through the list starting from the second element
    for i in range(1, len(arr)):
        current_value = arr[i]
        position = i
        
        # Shift elements of arr[0..i-1] that are greater than current_value
        while position > 0 and arr[position - 1] > current_value:
            arr[position] = arr[position - 1]  # Shift element to the right
            position -= 1
        
        # Insert the current_value at its correct position
        arr[position] = current_value
    
    return arr
```

This function will sort the list in place and return the sorted list. The key concept of insertion sort is that it builds a sorted portion of the list one element at a time by inserting each new element into its correct position.
INFO - Attempting task_id 42
INFO - [35m Rollout attempt 1/4[0m
INFO - [33m Retrieving 5 entries for db: skill 
 [0m
INFO - [33m bubble_sort, reverse_list, quicksort, second_largest_unique, next_greater_elements[0m
INFO - LM call n parse attempt 1 / 3

INFO - [Task id] 42 [prompt] You are a helpful assistant that writes python code to solve a task specified by me.

Here are some useful functions written earlier which you can reuse or reference.


[Entry]:


    def bubble_sort(arr):
        n = len(arr)
        for i in range((n - 1)):
            for j in range(((n - 1) - i)):
                if (arr[j] > arr[(j + 1)]):
                    (arr[j], arr[(j + 1)]) = (arr[(j + 1)], arr[j])
        return arr

[/Entry]

[Entry]:


    def reverse_list(input_list):
        return input_list[::(- 1)]

[/Entry]

[Entry]:


    def quicksort(arr):
        if (len(arr) <= 1):
            return arr
        else:
            pivot = arr[(len(arr) // 2)]
            left = [x for x in arr if (x < pivot)]
            middle = [x for x in arr if (x == pivot)]
            right = [x for x in arr if (x > pivot)]
            return ((quicksort(left) + middle) + quicksort(right))

[/Entry]

[Entry]:


    def second_largest_unique(nums):
        unique_nums = set(nums)
        if (len(unique_nums) < 2):
            return None
        sorted_unique_nums = sorted(unique_nums, reverse=True)
        return sorted_unique_nums[1]

[/Entry]

[Entry]:


    def next_greater_elements(nums):
        result = ([(- 1)] * len(nums))
        stack = []
        for i in range(len(nums)):
            while (stack and (nums[i] > nums[stack[(- 1)]])):
                index = stack.pop()
                result[index] = nums[i]
            stack.append(i)
        return result

[/Entry]






At each round of conversation, I will give you
[Environment feedback] (after executing code) ...
[Code from the last round] ...
[Task] ...
[Context] ...
[Critique] ...

You should then respond to me with
Explain (if applicable): Are there any steps missing in your plan? Why does the code not complete the task? What does the chat log and execution error imply?
Plan: How to complete the task step by step. 
Code:
    1) Reuse or reference the above useful programs if necessary.
    2) Your function will be reused for building more complex functions. Therefore, you should make it generic and reusable. 
    3) Functions in the "Code from the last round" section will not be saved or executed. Do not reuse functions listed there.
    4) Anything defined outside a function will be ignored, define all your variables inside your functions.
    5) Do not write infinite loops.
    6) If the task specifies a function name to be used, follow it strictly (be case sensitive!). Else, name your function in a meaningful way (can infer the task from the name).
    7) Your code should only contain elements that solve the task, so DO NOT write any assert statements / tests
    8) The context in the [Context] tag serves as a casual tip (which can be wrong) to help you on the task, but your priority is to follow instructions in the [Task] tag.

You should only respond in the format as described below:
RESPONSE FORMAT:

Explain: ...
Plan:
1) ...
2) ...
3) ...
...
Code:
```python
# helper functions (only if needed, try to avoid them)
...
# main function after the helper functions
def yourMainFunctionName(args):
  # ...

```


INFO - [Task id] 42 [prompt] [Environment feedback]
None

[Code from the last round]
No code in the first round

[Task]
Write a Python function that takes a list of integers and returns the list of integers sorted in ascending order using the insertion sort algorithm. This will help you practice implementing a classic sorting algorithm and understanding its iterative nature.
You must strictly follow the function name: insertion_sort

[Context]
Rough plan to accomplish the task (can be wrong): 
Answer: To accomplish the task of implementing the insertion sort algorithm in Python, you can follow these conceptual steps:

1. **Define the Function**: Start by defining a function that takes a list of integers as an argument.

2. **Iterate Through the List**: Use a loop to iterate through each element in the list starting from the second element (index 1), as the first element is considered sorted.

3. **Select the Current Element**: For each iteration, store the current element (the one you want to insert into the sorted portion of the list).

4. **Find the Correct Position**: Use another loop to compare the current element with the elements in the sorted portion of the list (the elements before the current element). Shift the larger elements one position to the right to make space for the current element.

5. **Insert the Current Element**: Once the correct position is found (where the current element is greater than the element at that position), insert the current element into that position.

6. **Return the Sorted List**: After all elements have been processed, return the modified list, which is now sorted in ascending order.

Here is a conceptual outline of the code:

```python
def insertion_sort(arr):
    # Iterate through the list starting from the second element
    for i in range(1, len(arr)):
        current_value = arr[i]
        position = i
        
        # Shift elements of arr[0..i-1] that are greater than current_value
        while position > 0 and arr[position - 1] > current_value:
            arr[position] = arr[position - 1]  # Shift element to the right
            position -= 1
        
        # Insert the current_value at its correct position
        arr[position] = current_value
    
    return arr
```

This function will sort the list in place and return the sorted list. The key concept of insertion sort is that it builds a sorted portion of the list one element at a time by inserting each new element into its correct position.


[Critique]
None


INFO - [Task id] 42 [generation text] Explain: The task is to implement the insertion sort algorithm, which is a classic sorting algorithm. The provided conceptual outline already describes the steps needed to implement this algorithm. The insertion sort works by iterating through the list, taking each element, and inserting it into its correct position in the sorted portion of the list. This is done by shifting larger elements to the right to make space for the current element.

Plan:
1) Define the function `insertion_sort` that takes a list of integers as an argument.
2) Use a loop to iterate through each element in the list starting from the second element.
3) For each element, store its value and find the correct position in the sorted portion of the list by shifting larger elements to the right.
4) Insert the current element into its correct position.
5) Return the sorted list.

Code:
```python
def insertion_sort(arr):
    # Iterate through the list starting from the second element
    for i in range(1, len(arr)):
        current_value = arr[i]
        position = i
        
        # Shift elements of arr[0..i-1] that are greater than current_value
        while position > 0 and arr[position - 1] > current_value:
            arr[position] = arr[position - 1]  # Shift element to the right
            position -= 1
        
        # Insert the current_value at its correct position
        arr[position] = current_value
    
    return arr
```
INFO - program_code:
 

def insertion_sort(arr):
    for i in range(1, len(arr)):
        current_value = arr[i]
        position = i
        while ((position > 0) and (arr[(position - 1)] > current_value)):
            arr[position] = arr[(position - 1)]
            position -= 1
        arr[position] = current_value
    return arr


INFO - program_name:
 insertion_sort

INFO - dependencies:
 []

INFO - raw_msg:
 Explain: The task is to implement the insertion sort algorithm, which is a classic sorting algorithm. The provided conceptual outline already describes the steps needed to implement this algorithm. The insertion sort works by iterating through the list, taking each element, and inserting it into its correct position in the sorted portion of the list. This is done by shifting larger elements to the right to make space for the current element.

Plan:
1) Define the function `insertion_sort` that takes a list of integers as an argument.
2) Use a loop to iterate through each element in the list starting from the second element.
3) For each element, store its value and find the correct position in the sorted portion of the list by shifting larger elements to the right.
4) Insert the current element into its correct position.
5) Return the sorted list.

Code:
```python
def insertion_sort(arr):
    # Iterate through the list starting from the second element
    for i in range(1, len(arr)):
        current_value = arr[i]
        position = i
        
        # Shift elements of arr[0..i-1] that are greater than current_value
        while position > 0 and arr[position - 1] > current_value:
            arr[position] = arr[position - 1]  # Shift element to the right
            position -= 1
        
        # Insert the current_value at its correct position
        arr[position] = current_value
    
    return arr
```

INFO - no_parent:
 True

INFO - full code to be executed: 
 

def insertion_sort(arr):
    for i in range(1, len(arr)):
        current_value = arr[i]
        position = i
        while ((position > 0) and (arr[(position - 1)] > current_value)):
            arr[position] = arr[(position - 1)]
            position -= 1
        arr[position] = current_value
    return arr


INFO - obs: Tests passed:
assert insertion_sort([3, 1, 4, 1, 5, 9, 2, 6, 5, 3, 5]) == [1, 1, 2, 3, 3, 4, 5, 5, 5, 6, 9]
assert insertion_sort([10, 9, 8, 7, 6, 5, 4, 3, 2, 1]) == [1, 2, 3, 4, 5, 6, 7, 8, 9, 10]
assert insertion_sort([]) == []

Tests failed:
None
reward: True
done: None
info: {'individual_results': (True, True, True)}
INFO - LM call n parse attempt 1 / 5

INFO - [Task id] 42 [prompt] 
You are a Python programming assistant that assesses my progress of Python programming and provides useful guidance.

I will give you the following information:

[Task]: The objective I need to accomplish.
[Context]: The context of the task. Serves as a casual tip (which can be wrong) to help me on the task, but my priority is to follow instructions in the Task tag.
[function impl]: My function implementation that is intended to complete the task
[unit test results]: The results after executing my function implementation on the unit tests

Your first goal is to use these info to evaluate if I have met the task requirements, and explain why. 
It is possible that the unit test results all pass, but the code does not accomplish the task (eg by failing to accomplish the task in scenarios not covered by the unit tests)
It is also possible that the unit tests are wrong in the first place, though the code accomplishes the task and fails the unit test.

If I have not met the task requirements, write a few sentences to explain why the function implementation is wrong as indicated by the tests. 
You will need this as guidance when you try again later.
Only provide the few sentence description in your answer, not the implementation. 
Suggest how the function implementation can be changed, NOT the test cases (assert statements)

You should only respond in JSON format as described below:
The output should be formatted as a JSON instance that conforms to the JSON schema below.

As an example, for the schema {"properties": {"foo": {"title": "Foo", "description": "a list of strings", "type": "array", "items": {"type": "string"}}}, "required": ["foo"]}
the object {"foo": ["bar", "baz"]} is a well-formatted instance of the schema. The object {"properties": {"foo": ["bar", "baz"]}} is not well-formatted.

Here is the output schema:
```
{"description": "Represents the critique of a task attempt, including reasoning, success status, and suggestions for improvement.\n\nAttributes:\n    reasoning (str): Explanation of why the task was succeeded or failed.\n    success (bool): Indicates whether the task requirements were met.\n    critique (str): Suggestions or critique to help improve future task attempts.", "properties": {"reasoning": {"description": "reason why I have succeeded or failed at the task", "title": "Reasoning", "type": "string"}, "success": {"description": "evaluate if I have met the task requirements", "title": "Success", "type": "boolean"}, "critique": {"description": "critique to help me improve", "title": "Critique", "type": "string"}}, "required": ["reasoning", "success", "critique"]}
```

INFO - [Task id] 42 [prompt] 
Here are some examples:

Example 1:
[function impl]:
```python
def longest_subarray_with_sum_limit(nums: List[int], target: int) -> List[int]:
    n = len(nums)
    left, right = 0, 0
    max_length = 0
    current_sum = 0
    result = []
    while right < n:
        current_sum += nums[right]
        while current_sum > target:
            current_sum -= nums[left]
            left += 1
        if right - left + 1 >= max_length:
            max_length = right - left + 1
            result = nums[left:right+1]
        right += 1
    return result
```
[unit test results]:
Tests passing:
assert longest_subarray_with_sum_limit([1, 2, 3, 4, 5], 8) == [1, 2, 3]
assert longest_subarray_with_sum_limit([1, 2, 3, 4, 5], 15) == [1, 2, 3, 4, 5]
assert longest_subarray_with_sum_limit([1, -1, 2, -2, 3, -3], 2) == [1, -1, 2, -2, 3]
assert longest_subarray_with_sum_limit([], 10) == []
assert longest_subarray_with_sum_limit([], 0) == []
assert longest_subarray_with_sum_limit([], -5) == []  
Tests failing:
assert longest_subarray_with_sum_limit([5, 6, 7, 8, 9], 4) == [] # output: [5]

RESPONSE:
{
    "reasoning": "The implementation failed the test case where no subarray fulfills the condition",
    "success": false,
    "critique": "The issue in the implementation is due to the use of >= instead of > in the condition to update the result. Because of this, it returns a subarray even when the sum is greater than the target, as it still updates the result when the current subarray length is equal to the previous longest subarray length. To overcome this error, we should change the condition to only update the result when the current subarray length is strictly greater than the previous longest subarray length. This can be done by replacing >= with > in the condition."
}


Example 2:
[function impl]:
```python
def longest_subarray_with_sum_limit(nums: List[int], target: int) -> List[int]:
    n = len(nums)
    left, right = 0, 0
    max_length = 0
    current_sum = 0
    result = []
    while current_sum + nums[right] <= target:
        current_sum += nums[right]
        right += 1
    while right < n:
        current_sum += nums[right]
        while current_sum > target:
            current_sum -= nums[left]
            left += 1
        if right - left + 1 > max_length:
            max_length = right - left + 1
            result = nums[left:right+1]
        right += 1
    return result
```
[unit test results]:
Tests passing:
assert longest_subarray_with_sum_limit([], 10) == []
assert longest_subarray_with_sum_limit([], 0) == []
assert longest_subarray_with_sum_limit([], -5) == []
Tests failing:
assert longest_subarray_with_sum_limit([1, 2, 3, 4, 5], 8) == [1, 2, 3] # output: list index out of range
assert longest_subarray_with_sum_limit([1, 2, 3, 4, 5], 15) == [1, 2, 3, 4, 5] # output: list index out of range
assert longest_subarray_with_sum_limit([5, 6, 7, 8, 9], 4) == [] # output: list index out of range
assert longest_subarray_with_sum_limit([1, -1, 2, -2, 3, -3], 2) == [1, -1, 2, -2, 3] # output: list index out of range

RESPONSE:
{
    "reason": "The implementation failed 4 out of the 7 test cases due to an IndexError.",
    "success": false,
    "critique": "The issue stems from the while loop while current_sum + nums[right] <= target:, which directly accesses nums[right] without checking if right is within the bounds of the list. This results in a runtime error when right goes beyond the list length. To overcome this error, we need to add a bounds check for the right variable in the mentioned while loop. We can modify the loop condition to while right < len(nums) and current_sum + nums[right] <= target:. This change will ensure that we only access elements within the bounds of the list, thus avoiding the IndexError."
}


END OF EXAMPLES

INFO - [Task id] 42 [prompt] [Task]:
Write a Python function that takes a list of integers and returns the list of integers sorted in ascending order using the insertion sort algorithm. This will help you practice implementing a classic sorting algorithm and understanding its iterative nature.
[Context]: 
 Rough plan to accomplish the task (can be wrong): 
Answer: To accomplish the task of implementing the insertion sort algorithm in Python, you can follow these conceptual steps:

1. **Define the Function**: Start by defining a function that takes a list of integers as an argument.

2. **Iterate Through the List**: Use a loop to iterate through each element in the list starting from the second element (index 1), as the first element is considered sorted.

3. **Select the Current Element**: For each iteration, store the current element (the one you want to insert into the sorted portion of the list).

4. **Find the Correct Position**: Use another loop to compare the current element with the elements in the sorted portion of the list (the elements before the current element). Shift the larger elements one position to the right to make space for the current element.

5. **Insert the Current Element**: Once the correct position is found (where the current element is greater than the element at that position), insert the current element into that position.

6. **Return the Sorted List**: After all elements have been processed, return the modified list, which is now sorted in ascending order.

Here is a conceptual outline of the code:

```python
def insertion_sort(arr):
    # Iterate through the list starting from the second element
    for i in range(1, len(arr)):
        current_value = arr[i]
        position = i
        
        # Shift elements of arr[0..i-1] that are greater than current_value
        while position > 0 and arr[position - 1] > current_value:
            arr[position] = arr[position - 1]  # Shift element to the right
            position -= 1
        
        # Insert the current_value at its correct position
        arr[position] = current_value
    
    return arr
```

This function will sort the list in place and return the sorted list. The key concept of insertion sort is that it builds a sorted portion of the list one element at a time by inserting each new element into its correct position.


[function impl]:


def insertion_sort(arr):
    for i in range(1, len(arr)):
        current_value = arr[i]
        position = i
        while ((position > 0) and (arr[(position - 1)] > current_value)):
            arr[position] = arr[(position - 1)]
            position -= 1
        arr[position] = current_value
    return arr

[unit test results]:
Tests passed:
assert insertion_sort([3, 1, 4, 1, 5, 9, 2, 6, 5, 3, 5]) == [1, 1, 2, 3, 3, 4, 5, 5, 5, 6, 9]
assert insertion_sort([10, 9, 8, 7, 6, 5, 4, 3, 2, 1]) == [1, 2, 3, 4, 5, 6, 7, 8, 9, 10]
assert insertion_sort([]) == []

Tests failed:
None

INFO - [Task id] 42 [generation text] 
INFO - {
    "reasoning": "The function implementation correctly follows the insertion sort algorithm. It iterates through the list, starting from the second element, and inserts each element into its correct position in the sorted portion of the list. The unit tests cover various scenarios, including an already sorted list, a reverse sorted list, and an empty list, all of which pass successfully. This indicates that the function is correctly sorting the list in ascending order as required by the task.",
    "success": true,
    "critique": "The implementation is correct and meets the task requirements. The function is efficient for small to medium-sized lists, and the logic is clear and easy to follow. No changes are necessary."
}
INFO - {
    "reasoning": "The function implementation correctly follows the insertion sort algorithm. It iterates through the list, starting from the second element, and inserts each element into its correct position in the sorted portion of the list. The unit tests cover various scenarios, including an already sorted list, a reverse sorted list, and an empty list, all of which pass successfully. This indicates that the function is correctly sorting the list in ascending order as required by the task.",
    "success": true,
    "critique": "The implementation is correct and meets the task requirements. The function is efficient for small to medium-sized lists, and the logic is clear and easy to follow. No changes are necessary."
}
INFO - [task_id]: 42 [Result]: True
INFO - LM call n parse attempt 1 / 3

INFO - [Task id] 42 [prompt] 
You are a helpful assistant that writes a description of the given function written in the Python programming language.

1) Do not mention the function name.
2) Do not mention anything about helper functions.
3) There might be some helper functions before the main function, but you only need to describe the main function.
4) Try to summarize the function in no more than 6 sentences.
5) Your response should be a single line of text.

INFO - [Task id] 42 [prompt] 

def insertion_sort(arr):
    for i in range(1, len(arr)):
        current_value = arr[i]
        position = i
        while ((position > 0) and (arr[(position - 1)] > current_value)):
            arr[position] = arr[(position - 1)]
            position -= 1
        arr[position] = current_value
    return arr


The main function is `insertion_sort`.
INFO - [Task id] 42 [generation text] This function sorts a list of elements in ascending order using the insertion sort algorithm. It iterates through each element in the list, comparing it with the elements before it and shifting those elements to the right until the correct position for the current element is found. The current element is then placed in its appropriate position, effectively building a sorted portion of the list incrementally. The process continues until all elements have been processed. Finally, the sorted list is returned. This algorithm has a time complexity of O(n^2) in the average and worst cases.
INFO - Num Completed Tasks: 40, Num Failed Tasks: 3
