INFO - DB skill doc count: 56

INFO - [train iter]: 59/100 

INFO - LM call n parse attempt 1 / 3

INFO - [Task id] 59 [prompt] 
You are a helpful assistant that asks questions to help me decide the next immediate task to do for Python programming.
My ultimate goal is to solve as many diverse problems as possible and become the best programmer in the world.

I will give you the following information:
Completed tasks so far: ...
Failed tasks that are too hard: ...

You must follow the following criteria:
1) You should ask at least 5 questions (but no more than 10 questions) to help me decide the next immediate task to do. Each question should be followed by the concept that the question is about.
2) Your question should be specific to a concept in Python programming.
  Bad example (the question is too general):
    Question: What is the best way to program in Python?
    Concept: unknown
  Good example:
    Question: How do you reverse a list?
    Concept: list
3) Your questions should be self-contained and not require any context.

Respond in JSON, and follow the keys and expected format of the values strictly.


Response format:
The output should be formatted as a JSON instance that conforms to the JSON schema below.

As an example, for the schema {"properties": {"foo": {"title": "Foo", "description": "a list of strings", "type": "array", "items": {"type": "string"}}}, "required": ["foo"]}
the object {"foo": ["bar", "baz"]} is a well-formatted instance of the schema. The object {"properties": {"foo": ["bar", "baz"]}} is not well-formatted.

Here is the output schema:
```
{"$defs": {"QuestionConcept": {"properties": {"question": {"description": "A question related to Python programming, to help me brainstorm the next immediate task to do", "title": "Question", "type": "string"}, "concept": {"description": "The Python programming concept associated with the question above", "title": "Concept", "type": "string"}}, "required": ["question", "concept"], "title": "QuestionConcept", "type": "object"}}, "properties": {"reasoning": {"description": "Reason out, step-by-step, why you picked these questions and concepts", "title": "Reasoning", "type": "string"}, "question_concept_list": {"description": "list of questions and their associated concepts", "items": {"$ref": "#/$defs/QuestionConcept"}, "title": "Question Concept List", "type": "array"}}, "required": ["reasoning", "question_concept_list"]}
```


INFO - [Task id] 59 [prompt] Completed tasks so far (do not give me these tasks again!): 
	Write a Python function that takes a list of integers and returns a new list containing only the even numbers from the original list.
	Write a Python function that takes a list of strings and returns a dictionary where the keys are the strings and the values are the number of times each string appears in the list.
	Write a Python function that takes a list of strings and returns a dictionary where the keys are the lengths of the strings and the values are lists of strings of that length.
	Write a Python function that takes a string and returns the first non-repeating character in it. If all characters repeat, return None.
	Write a Python function that takes a list of integers and returns a list of all unique pairs (as tuples) that sum up to a given target integer. The pairs should be sorted in ascending order, and each pair should be sorted as well.
	Write a Python function that takes a string and returns the longest substring without repeating characters.
	Write a Python function that takes two lists of integers and returns a list of their common elements. The result should not contain duplicates and should be sorted in ascending order.
	Write a Python function that takes a list of integers and sorts it in ascending order using the bubble sort algorithm. The function should return the sorted list.
	Write a Python function that takes a list of integers and returns a new list with the elements in reverse order.
	Write a Python function that takes a list of integers and returns the greatest common divisor (GCD) of the numbers in the list. Use the Euclidean algorithm to find the GCD.
	Write a Python function that takes a string and returns a new string with all the vowels removed. The function should be case-insensitive, meaning it should remove both uppercase and lowercase vowels.
	Write a Python function that takes two lists of integers and returns a list of integers that are present in both lists, without duplicates. Use set operations to achieve this.
	Write a Python function that takes a list of operations (as strings) and simulates a stack using a list. The operations can be 'push X' to push an integer X onto the stack, 'pop' to remove the top element, and 'peek' to return the top element without removing it. The function should return a list of results from the 'pop' and 'peek' operations.
	Write a Python function that takes two lists of integers and returns a list of integers that are present in either of the lists but not in both. The result should not contain duplicates and should be sorted in ascending order.
	Write a Python function that takes a list of integers and returns a dictionary where the keys are the integers and the values are the number of times each integer appears in the list. This will help practice using dictionaries for counting occurrences.
	Write a Python function that takes an integer n and returns a list of all prime numbers less than n. This will help you practice loops, conditionals, and understanding of prime numbers.
	Write a Python function that takes a string and a pattern (both strings) and returns True if the pattern is found in the string, and False otherwise. The function should perform a simple substring search.
	Write a Python function that calculates the factorial of a given non-negative integer using recursion. The function should return the factorial value.
	Write a Python function that takes a list of integers and returns the index of the first occurrence of the maximum value in the list. If the list is empty, return -1.
	Write a Python function that takes a list of integers and returns a list of the k largest elements in descending order. Use a min-heap to efficiently find the k largest elements.
	Write a Python function that takes a list of integers and returns a list of all integers that appear more than once in the list. The result should not contain duplicates and should be sorted in ascending order.
	Write a Python function that takes a list of integers and returns the list sorted in ascending order using the quicksort algorithm. This will help you practice implementing a classic sorting algorithm and understanding its recursive nature.
	Write a Python function that takes a string and returns True if the string is a palindrome (reads the same forwards and backwards), ignoring spaces, punctuation, and capitalization. Otherwise, return False.
	Write a Python function that takes a list of integers and returns a list of integers that appear only once in the original list. The result should be sorted in ascending order.
	Write a Python function that takes a string and a list of words, and returns a list of words from the list that are substrings of the given string. This will help practice string manipulation and searching techniques.
	Write a Python function that takes a list of integers and returns a list of integers that appear more than once in the list. The result should not contain duplicates and should be sorted in ascending order.
	Write a Python function that takes a list of integers and returns a list of integers that are duplicates in the original list. The result should not contain duplicates and should be sorted in ascending order. Use a set to efficiently find duplicates.
	Write a Python function that takes a string containing only the characters '(', ')', '{', '}', '[' and ']', and returns True if the input string is valid. An input string is valid if: 1. Open brackets must be closed by the same type of brackets. 2. Open brackets must be closed in the correct order. The function should return False otherwise.
	Write a Python function that takes a list of strings representing a postfix expression (Reverse Polish Notation) and returns the evaluated result as an integer. The function should use a stack to evaluate the expression.
	Write a Python function that takes a list of integers and returns the second largest unique integer in the list. If there is no such integer, return None. This task will help you practice using sets for unique elements and sorting techniques.
	Write a Python function that takes a list of integers and returns a dictionary where the keys are the integers and the values are lists of indices where each integer appears in the list. This will help practice using dictionaries to store lists and track multiple occurrences of elements.
	Write a Python function that takes a string and returns the first unique character in it. Use a dictionary to count the occurrences of each character. If there is no unique character, return None.
	Write a Python function that takes a binary tree (represented as a nested list) and returns the sum of all its nodes. The binary tree is represented as a list where the first element is the root value, the second element is the left subtree, and the third element is the right subtree. If a subtree is empty, it is represented as an empty list.
	Write a Python function that performs a breadth-first search (BFS) on a graph represented as an adjacency list. The function should take the graph and a starting node as inputs and return a list of nodes in the order they are visited.
	Write a Python function that takes a string and a pattern (both strings) and returns the starting index of the first occurrence of the pattern in the string. If the pattern is not found, return -1. This will help practice string manipulation and searching techniques.
	Write a Python function that takes a list of integers and returns the sum of all even numbers in the list. This task will help practice iterating through lists and applying conditional logic.
	Write a Python function that takes an integer n and returns a list of all perfect squares less than n. A perfect square is an integer that is the square of an integer. This task will help practice loops, conditionals, and understanding of number properties.
	Write a Python function that takes a list of integers and returns the next greater element for each element in the list. The next greater element for an element x is the first greater element on the right side of x in the list. If no such element exists, return -1 for that position.
	Write a Python function that takes a list of n-1 integers in the range from 1 to n and returns the missing number. The list will not contain any duplicates.
	Write a Python function that takes a list of integers and returns the list of integers sorted in ascending order using the insertion sort algorithm. This will help you practice implementing a classic sorting algorithm and understanding its iterative nature.
	Write a Python function that takes a list of integers and returns the sum of all odd numbers in the list. This task will help practice iterating through lists and applying conditional logic.
	Write a Python function that takes a list of integers and returns the list of integers sorted in ascending order using the selection sort algorithm. This will help you practice implementing a classic sorting algorithm and understanding its iterative nature.
	Write a Python function that takes a list of integers and returns the maximum sum of any contiguous subarray. This will help practice iterating through lists and understanding dynamic programming concepts.
	Write a Python function that takes a list of integers and returns the product of all the integers in the list. If the list is empty, return 1.
	Write a Python function that takes a list of integers and returns the sum of all prime numbers in the list. This task will help practice loops, conditionals, and understanding of prime numbers.
	Write a Python function that takes two sorted lists of integers and returns a list of their intersection. The result should not contain duplicates and should be sorted in ascending order.
	Write a Python function that takes a list of integers and returns the majority element. The majority element is the element that appears more than n/2 times in the list, where n is the length of the list. If no such element exists, return None.
	Write a Python function that takes a list of integers and returns the sum of all integers that are multiples of 3 or 5. This will help practice iterating through lists and applying conditional logic.
	Write a Python function that takes a list of integers and returns the list of integers sorted in ascending order using the merge sort algorithm. This will help you practice implementing a classic sorting algorithm and understanding its recursive nature.
	Write a Python function that takes a list of strings and returns the longest common prefix among them. If there is no common prefix, return an empty string.
	Write a Python function that performs a depth-first search (DFS) on a graph represented as an adjacency list. The function should take the graph and a starting node as inputs and return a list of nodes in the order they are visited.
	Write a Python function that takes a list of integers and returns the sum of the squares of all even numbers in the list. This will help practice iterating through lists, applying conditional logic, and performing arithmetic operations.
	Write a Python function that takes an integer n and returns a list of all Fibonacci numbers less than n. This will help practice loops, conditionals, and understanding of number sequences.
	Write a Python function that takes a list of integers and returns the two integers that have the smallest absolute difference. If there are multiple pairs with the same smallest difference, return any one of them.
	Write a Python function that takes a list of integers and returns the product of all odd numbers in the list. If there are no odd numbers, return 1.
	Write a Python function that takes a list of integers and returns the length of the longest contiguous subarray with all elements equal. This will help practice iterating through lists and applying conditional logic to track sequences.

Failed tasks that are too hard: 
	Write a Python function that implements a queue using a list. The function should support enqueue (add an item to the end of the queue), dequeue (remove an item from the front of the queue), and is_empty (check if the queue is empty) operations. The function should return a tuple of results from these operations for testing purposes.
	Write a Python function that simulates a stack using a list. The function should support 'push' (add an item to the top of the stack), 'pop' (remove the item from the top of the stack), and 'peek' (return the item at the top of the stack without removing it) operations. The function should return a list of results from the 'pop' and 'peek' operations for testing purposes.
	Write a Python function that takes a list of integers and returns the maximum product of any two integers in the list. This will help practice iterating through lists and understanding pairwise comparisons.


INFO - [Task id] 59 [generation text] 
INFO - {
    "reasoning": "I selected these questions to cover a variety of Python programming concepts that you haven't tackled yet. The questions include different data structures (like sets and dictionaries), algorithms (like searching and sorting), and mathematical concepts (like prime numbers and Fibonacci sequences). This will help you expand your skills and knowledge in diverse areas of Python programming.",
    "question_concept_list": [
        {
            "question": "How do you implement a binary search algorithm on a sorted list?",
            "concept": "searching"
        },
        {
            "question": "What is the best way to find the longest increasing subsequence in a list of integers?",
            "concept": "dynamic programming"
        },
        {
            "question": "How do you create a class in Python and implement methods for it?",
            "concept": "object-oriented programming"
        },
        {
            "question": "What is the difference between shallow copy and deep copy in Python?",
            "concept": "copying objects"
        },
        {
            "question": "How do you use list comprehensions to create a new list based on an existing list?",
            "concept": "list comprehensions"
        }
    ]
}
INFO - {
    "reasoning": "I selected these questions to cover a variety of Python programming concepts that you haven't tackled yet. The questions include different data structures (like sets and dictionaries), algorithms (like searching and sorting), and mathematical concepts (like prime numbers and Fibonacci sequences). This will help you expand your skills and knowledge in diverse areas of Python programming.",
    "question_concept_list": [
        {
            "question": "How do you implement a binary search algorithm on a sorted list?",
            "concept": "searching"
        },
        {
            "question": "What is the best way to find the longest increasing subsequence in a list of integers?",
            "concept": "dynamic programming"
        },
        {
            "question": "How do you create a class in Python and implement methods for it?",
            "concept": "object-oriented programming"
        },
        {
            "question": "What is the difference between shallow copy and deep copy in Python?",
            "concept": "copying objects"
        },
        {
            "question": "How do you use list comprehensions to create a new list based on an existing list?",
            "concept": "list comprehensions"
        }
    ]
}
INFO - LM call n parse attempt 1 / 3

INFO - [Task id] 59 [prompt] 
You are a helpful assistant that answer my question about Python programming.

I will give you the following information:
Question: ...

You will answer the question based on the context (only if available and helpful) and your own knowledge of Python programming.
1) Start your answer with "Answer: ".
2) Answer "Answer: Unknown" if you don't know the answer.

INFO - [Task id] 59 [prompt] Question: How do you create a class in Python and implement methods for it?
INFO - [Task id] 59 [generation text] Answer: To create a class in Python and implement methods for it, you can follow these steps:

1. Use the `class` keyword to define a class.
2. Define an `__init__` method to initialize the attributes of the class.
3. Define other methods to implement the functionality you need.

Here is an example:

```python
class Dog:
    def __init__(self, name, age):
        self.name = name  # Attribute to store the dog's name
        self.age = age    # Attribute to store the dog's age

    def bark(self):
        return f"{self.name} says woof!"

    def get_age(self):
        return self.age

# Creating an instance of the Dog class
my_dog = Dog("Buddy", 3)

# Calling methods on the instance
print(my_dog.bark())  # Output: Buddy says woof!
print(my_dog.get_age())  # Output: 3
```

In this example, we created a `Dog` class with an `__init__` method to initialize the `name` and `age` attributes. We also defined two methods: `bark` and `get_age`, which provide functionality related to the `Dog` class.
INFO - LM call n parse attempt 1 / 5

INFO - [Task id] 59 [prompt] 
You are a helpful assistant that tells me the next immediate task (in the form of a function) to do for Python programming. 
My ultimate goal is to solve as many diverse problems as possible and become the best programmer in the world.

I will give you the following information:
Question 1: ...
Answer: ...
Question 2: ...
Answer: ...
Question 3: ...
Answer: ...
...
Completed tasks so far: ...
Failed tasks that are too hard: ...

You must follow the following criteria:
1) You should act as a mentor and guide me to the next task based on my current learning progress. As a rule of thumb, guide me through beginner problems, followed by interview level problems, followed by competitive programming problems. The latter 2 levels can involve concepts from data structures and algorithms.
2) Please be very specific about what skills I need to learn.
3) Do not propose multiple tasks at the same time. Do not mention anything else.
4) The next task should not be too hard since I may not have learned enough skills to complete it yet.
5) The next task should be novel and interesting. I should look for problems which I have not solved yet. I should not be doing the same thing over and over again.
6) The task should involve writing a main Python function that at most use basic libraries (try not to import too many or too advanced modules)
7) Do not give tasks that require file operations (create, read, update, delete) or an internet connection.
8) I am only allowed to write Python functions, so do not require me to write other things (e.g. objects). 
9) Requiring me to write a function that takes in an object and uses object methods is still ok, but I cannot define the objects myself. You must provide the objects as input to my function in the assert statement.

Take note of these in your response:
1) Give an expected function name for the task.
2) Give a tuple of 3 assert statements that tests the function's correctness in the "test_tuple" field. This must strictly contain single-line assert statements only; any setup code for the test must be filled in the "test_setup_code" field.
3) The function name which you gave must be called in the assert statements. 

Respond in JSON, and follow the keys and expected format of the values strictly.


Response format:
The output should be formatted as a JSON instance that conforms to the JSON schema below.

As an example, for the schema {"properties": {"foo": {"title": "Foo", "description": "a list of strings", "type": "array", "items": {"type": "string"}}}, "required": ["foo"]}
the object {"foo": ["bar", "baz"]} is a well-formatted instance of the schema. The object {"properties": {"foo": ["bar", "baz"]}} is not well-formatted.

Here is the output schema:
```
{"properties": {"reasoning": {"description": "Based on the information listed above, reason about what the next task should be.", "title": "Reasoning", "type": "string"}, "task": {"description": "The next task, which requires me to write a single function. Be sure to state the expected data structure for inputs and outputs.", "title": "Task", "type": "string"}, "gt_fn_name": {"description": "The expected name for the single function for the task", "title": "Gt Fn Name", "type": "string"}, "test_setup_code": {"description": "setup code, if required. This will be run just before the assert statements are executed.", "title": "Test Setup Code", "type": "string"}, "test_tuple": {"description": "Tuple of 3 SINGLE-LINE test cases that starts with 'assert' to test the function's correctness.Any extra required code should be written in the test_setup_code field.", "items": {"type": "string"}, "maxItems": 3, "minItems": 3, "prefixItems": [{"type": "string"}, {"type": "string"}, {"type": "string"}], "title": "Test Tuple", "type": "array"}}, "required": ["reasoning", "task", "gt_fn_name", "test_setup_code", "test_tuple"]}
```


INFO - [Task id] 59 [prompt] 
Here's an example response:
{
    "reasoning": "The student has shown proficiency in basic Python syntax and list manipulation, but struggles with problems involving more complex algorithms and data structures. This task will help them practice using sets or dictionaries for efficient lookups, and understand the concept of algorithmic complexity.",
    "task": "Write a Python function that takes a list of integers and returns the tuple of two numbers that sum up to zero. If no such pair exists, return None.",
    "gt_fn_name": "find_zero_sum",
    "test_setup_code": "",
    "test_tuple": [
        "assert find_zero_sum([1, 2, 3, -2, -1]) == (2, -2)",
        "assert find_zero_sum([1, 2, 3, 4, 5]) == None",
        "assert find_zero_sum([1, 4, 3, -4, -1]) == (4, -4)"
    ]
}

INFO - [Task id] 59 [prompt] Question 1: How do you perform a binary search on a sorted list?
Answer: To perform a binary search on a sorted list in Python, you can use the following steps:

1. Initialize two pointers, `low` and `high`, to the start and end of the list, respectively.
2. While `low` is less than or equal to `high`, calculate the middle index `mid` as the average of `low` and `high`.
3. Compare the middle element with the target value:
   - If the middle element is equal to the target, return the index `mid`.
   - If the middle element is less than the target, move the `low` pointer to `mid + 1`.
   - If the middle element is greater than the target, move the `high` pointer to `mid - 1`.
4. If the target is not found, return an indication that the target is not in the list (e.g., return -1).

Here is a sample implementation in Python:

```python
def binary_search(sorted_list, target):
    low = 0
    high = len(sorted_list) - 1

    while low <= high:
        mid = (low + high) // 2
        if sorted_list[mid] == target:
            return mid
        elif sorted_list[mid] < target:
            low = mid + 1
        else:
            high = mid - 1

    return -1  # Target not found
```

You can call this function with a sorted list and the target value you want to search for.

Question 2: What is the method to find the longest increasing subsequence in a list of integers?
Answer: To find the longest increasing subsequence (LIS) in a list of integers, you can use dynamic programming or a more efficient method using binary search. Here are two common approaches:

1. **Dynamic Programming Approach**:
   - Create an array `dp` where `dp[i]` represents the length of the longest increasing subsequence that ends with the element at index `i`.
   - Initialize all elements of `dp` to 1 since the minimum length of LIS ending at any element is 1 (the element itself).
   - For each element `nums[i]`, check all previous elements `nums[j]` (where `j < i`). If `nums[j] < nums[i]`, update `dp[i]` as `dp[i] = max(dp[i], dp[j] + 1)`.
   - The length of the longest increasing subsequence will be the maximum value in the `dp` array.

   Here is a sample implementation:

   ```python
   def length_of_lis(nums):
       if not nums:
           return 0
       dp = [1] * len(nums)
       for i in range(1, len(nums)):
           for j in range(i):
               if nums[j] < nums[i]:
                   dp[i] = max(dp[i], dp[j] + 1)
       return max(dp)
   ```

2. **Binary Search Approach**:
   - Use a list to keep track of the smallest tail of all increasing subsequences found so far.
   - For each number in the input list, use binary search to determine its position in the tail list. If it can extend the largest subsequence, append it; otherwise, replace the existing value.
   - The length of the tail list at the end will give the length of the longest increasing subsequence.

   Here is a sample implementation:

   ```python
   from bisect import bisect_left

   def length_of_lis(nums):
       tails = []
       for num in nums:
           pos = bisect_left(tails, num)
           if pos == len(tails):
               tails.append(num)
           else:
               tails[pos] = num
       return len(tails)
   ```

Both methods will give you the length of the longest increasing subsequence, but the binary search approach is more efficient with a time complexity of O(n log n), while the dynamic programming approach has a time complexity of O(n^2).

Question 3: How do you create a class in Python and implement methods for it?
Answer: To create a class in Python and implement methods for it, you can follow these steps:

1. Use the `class` keyword to define a class.
2. Define an `__init__` method to initialize the attributes of the class.
3. Define other methods to implement the functionality you need.

Here is an example:

```python
class Dog:
    def __init__(self, name, age):
        self.name = name  # Attribute to store the dog's name
        self.age = age    # Attribute to store the dog's age

    def bark(self):
        return f"{self.name} says woof!"

    def get_age(self):
        return self.age

# Creating an instance of the Dog class
my_dog = Dog("Buddy", 3)

# Calling methods on the instance
print(my_dog.bark())  # Output: Buddy says woof!
print(my_dog.get_age())  # Output: 3
```

In this example, we created a `Dog` class with an `__init__` method to initialize the `name` and `age` attributes. We also defined two methods: `bark` and `get_age`, which provide functionality related to the `Dog` class.

Question 4: What is the difference between deep copy and shallow copy in Python?
Answer: In Python, the difference between deep copy and shallow copy lies in how they handle the copying of objects and their nested objects.

- **Shallow Copy**: A shallow copy creates a new object, but it does not create copies of nested objects. Instead, it copies references to the original nested objects. This means that if you modify a nested object in the shallow copy, the change will also reflect in the original object because both the original and the shallow copy refer to the same nested object.

  You can create a shallow copy using the `copy` module's `copy()` function or by using the `list()` constructor for lists.

  Example:
  ```python
  import copy

  original = [1, 2, [3, 4]]
  shallow_copied = copy.copy(original)

  shallow_copied[2][0] = 'changed'
  print(original)  # Output: [1, 2, ['changed', 4]]
  ```

- **Deep Copy**: A deep copy creates a new object and recursively copies all nested objects, creating entirely independent copies. This means that changes made to the deep copy will not affect the original object or its nested objects.

  You can create a deep copy using the `copy` module's `deepcopy()` function.

  Example:
  ```python
  import copy

  original = [1, 2, [3, 4]]
  deep_copied = copy.deepcopy(original)

  deep_copied[2][0] = 'changed'
  print(original)  # Output: [1, 2, [3, 4]]
  ```

In summary, use shallow copy when you want to copy an object but share nested objects, and use deep copy when you want to create a completely independent copy of an object and all its nested objects.

Question 5: How can you use list comprehensions to create a new list from an existing one?
Answer: You can use list comprehensions in Python to create a new list by applying an expression to each item in an existing iterable (like a list) and optionally filtering items based on a condition. The syntax for a list comprehension is:

```python
new_list = [expression for item in existing_list if condition]
```

Here’s a simple example:

```python
# Existing list
numbers = [1, 2, 3, 4, 5]

# Create a new list with squares of the numbers
squared_numbers = [x**2 for x in numbers]

print(squared_numbers)  # Output: [1, 4, 9, 16, 25]
```

In this example, `x**2` is the expression applied to each item in `numbers`, and the result is stored in `squared_numbers`. You can also include a condition to filter items:

```python
# Create a new list with squares of even numbers only
squared_even_numbers = [x**2 for x in numbers if x % 2 == 0]

print(squared_even_numbers)  # Output: [4, 16]
```

In this case, only even numbers from the original list are squared and included in the new list.

Completed tasks so far (do not give me these tasks again!): 
	Write a Python function that takes a list of integers and returns a new list containing only the even numbers from the original list.
	Write a Python function that takes a list of strings and returns a dictionary where the keys are the strings and the values are the number of times each string appears in the list.
	Write a Python function that takes a list of strings and returns a dictionary where the keys are the lengths of the strings and the values are lists of strings of that length.
	Write a Python function that takes a string and returns the first non-repeating character in it. If all characters repeat, return None.
	Write a Python function that takes a list of integers and returns a list of all unique pairs (as tuples) that sum up to a given target integer. The pairs should be sorted in ascending order, and each pair should be sorted as well.
	Write a Python function that takes a string and returns the longest substring without repeating characters.
	Write a Python function that takes two lists of integers and returns a list of their common elements. The result should not contain duplicates and should be sorted in ascending order.
	Write a Python function that takes a list of integers and sorts it in ascending order using the bubble sort algorithm. The function should return the sorted list.
	Write a Python function that takes a list of integers and returns a new list with the elements in reverse order.
	Write a Python function that takes a list of integers and returns the greatest common divisor (GCD) of the numbers in the list. Use the Euclidean algorithm to find the GCD.
	Write a Python function that takes a string and returns a new string with all the vowels removed. The function should be case-insensitive, meaning it should remove both uppercase and lowercase vowels.
	Write a Python function that takes two lists of integers and returns a list of integers that are present in both lists, without duplicates. Use set operations to achieve this.
	Write a Python function that takes a list of operations (as strings) and simulates a stack using a list. The operations can be 'push X' to push an integer X onto the stack, 'pop' to remove the top element, and 'peek' to return the top element without removing it. The function should return a list of results from the 'pop' and 'peek' operations.
	Write a Python function that takes two lists of integers and returns a list of integers that are present in either of the lists but not in both. The result should not contain duplicates and should be sorted in ascending order.
	Write a Python function that takes a list of integers and returns a dictionary where the keys are the integers and the values are the number of times each integer appears in the list. This will help practice using dictionaries for counting occurrences.
	Write a Python function that takes an integer n and returns a list of all prime numbers less than n. This will help you practice loops, conditionals, and understanding of prime numbers.
	Write a Python function that takes a string and a pattern (both strings) and returns True if the pattern is found in the string, and False otherwise. The function should perform a simple substring search.
	Write a Python function that calculates the factorial of a given non-negative integer using recursion. The function should return the factorial value.
	Write a Python function that takes a list of integers and returns the index of the first occurrence of the maximum value in the list. If the list is empty, return -1.
	Write a Python function that takes a list of integers and returns a list of the k largest elements in descending order. Use a min-heap to efficiently find the k largest elements.
	Write a Python function that takes a list of integers and returns a list of all integers that appear more than once in the list. The result should not contain duplicates and should be sorted in ascending order.
	Write a Python function that takes a list of integers and returns the list sorted in ascending order using the quicksort algorithm. This will help you practice implementing a classic sorting algorithm and understanding its recursive nature.
	Write a Python function that takes a string and returns True if the string is a palindrome (reads the same forwards and backwards), ignoring spaces, punctuation, and capitalization. Otherwise, return False.
	Write a Python function that takes a list of integers and returns a list of integers that appear only once in the original list. The result should be sorted in ascending order.
	Write a Python function that takes a string and a list of words, and returns a list of words from the list that are substrings of the given string. This will help practice string manipulation and searching techniques.
	Write a Python function that takes a list of integers and returns a list of integers that appear more than once in the list. The result should not contain duplicates and should be sorted in ascending order.
	Write a Python function that takes a list of integers and returns a list of integers that are duplicates in the original list. The result should not contain duplicates and should be sorted in ascending order. Use a set to efficiently find duplicates.
	Write a Python function that takes a string containing only the characters '(', ')', '{', '}', '[' and ']', and returns True if the input string is valid. An input string is valid if: 1. Open brackets must be closed by the same type of brackets. 2. Open brackets must be closed in the correct order. The function should return False otherwise.
	Write a Python function that takes a list of strings representing a postfix expression (Reverse Polish Notation) and returns the evaluated result as an integer. The function should use a stack to evaluate the expression.
	Write a Python function that takes a list of integers and returns the second largest unique integer in the list. If there is no such integer, return None. This task will help you practice using sets for unique elements and sorting techniques.
	Write a Python function that takes a list of integers and returns a dictionary where the keys are the integers and the values are lists of indices where each integer appears in the list. This will help practice using dictionaries to store lists and track multiple occurrences of elements.
	Write a Python function that takes a string and returns the first unique character in it. Use a dictionary to count the occurrences of each character. If there is no unique character, return None.
	Write a Python function that takes a binary tree (represented as a nested list) and returns the sum of all its nodes. The binary tree is represented as a list where the first element is the root value, the second element is the left subtree, and the third element is the right subtree. If a subtree is empty, it is represented as an empty list.
	Write a Python function that performs a breadth-first search (BFS) on a graph represented as an adjacency list. The function should take the graph and a starting node as inputs and return a list of nodes in the order they are visited.
	Write a Python function that takes a string and a pattern (both strings) and returns the starting index of the first occurrence of the pattern in the string. If the pattern is not found, return -1. This will help practice string manipulation and searching techniques.
	Write a Python function that takes a list of integers and returns the sum of all even numbers in the list. This task will help practice iterating through lists and applying conditional logic.
	Write a Python function that takes an integer n and returns a list of all perfect squares less than n. A perfect square is an integer that is the square of an integer. This task will help practice loops, conditionals, and understanding of number properties.
	Write a Python function that takes a list of integers and returns the next greater element for each element in the list. The next greater element for an element x is the first greater element on the right side of x in the list. If no such element exists, return -1 for that position.
	Write a Python function that takes a list of n-1 integers in the range from 1 to n and returns the missing number. The list will not contain any duplicates.
	Write a Python function that takes a list of integers and returns the list of integers sorted in ascending order using the insertion sort algorithm. This will help you practice implementing a classic sorting algorithm and understanding its iterative nature.
	Write a Python function that takes a list of integers and returns the sum of all odd numbers in the list. This task will help practice iterating through lists and applying conditional logic.
	Write a Python function that takes a list of integers and returns the list of integers sorted in ascending order using the selection sort algorithm. This will help you practice implementing a classic sorting algorithm and understanding its iterative nature.
	Write a Python function that takes a list of integers and returns the maximum sum of any contiguous subarray. This will help practice iterating through lists and understanding dynamic programming concepts.
	Write a Python function that takes a list of integers and returns the product of all the integers in the list. If the list is empty, return 1.
	Write a Python function that takes a list of integers and returns the sum of all prime numbers in the list. This task will help practice loops, conditionals, and understanding of prime numbers.
	Write a Python function that takes two sorted lists of integers and returns a list of their intersection. The result should not contain duplicates and should be sorted in ascending order.
	Write a Python function that takes a list of integers and returns the majority element. The majority element is the element that appears more than n/2 times in the list, where n is the length of the list. If no such element exists, return None.
	Write a Python function that takes a list of integers and returns the sum of all integers that are multiples of 3 or 5. This will help practice iterating through lists and applying conditional logic.
	Write a Python function that takes a list of integers and returns the list of integers sorted in ascending order using the merge sort algorithm. This will help you practice implementing a classic sorting algorithm and understanding its recursive nature.
	Write a Python function that takes a list of strings and returns the longest common prefix among them. If there is no common prefix, return an empty string.
	Write a Python function that performs a depth-first search (DFS) on a graph represented as an adjacency list. The function should take the graph and a starting node as inputs and return a list of nodes in the order they are visited.
	Write a Python function that takes a list of integers and returns the sum of the squares of all even numbers in the list. This will help practice iterating through lists, applying conditional logic, and performing arithmetic operations.
	Write a Python function that takes an integer n and returns a list of all Fibonacci numbers less than n. This will help practice loops, conditionals, and understanding of number sequences.
	Write a Python function that takes a list of integers and returns the two integers that have the smallest absolute difference. If there are multiple pairs with the same smallest difference, return any one of them.
	Write a Python function that takes a list of integers and returns the product of all odd numbers in the list. If there are no odd numbers, return 1.
	Write a Python function that takes a list of integers and returns the length of the longest contiguous subarray with all elements equal. This will help practice iterating through lists and applying conditional logic to track sequences.

Failed tasks that are too hard: 
	Write a Python function that implements a queue using a list. The function should support enqueue (add an item to the end of the queue), dequeue (remove an item from the front of the queue), and is_empty (check if the queue is empty) operations. The function should return a tuple of results from these operations for testing purposes.
	Write a Python function that simulates a stack using a list. The function should support 'push' (add an item to the top of the stack), 'pop' (remove the item from the top of the stack), and 'peek' (return the item at the top of the stack without removing it) operations. The function should return a list of results from the 'pop' and 'peek' operations for testing purposes.
	Write a Python function that takes a list of integers and returns the maximum product of any two integers in the list. This will help practice iterating through lists and understanding pairwise comparisons.


INFO - [Task id] 59 [generation text] 
INFO - {
    "reasoning": "The student has completed a variety of tasks involving list manipulation, string processing, and basic algorithm implementations. They have also attempted tasks involving data structures like stacks and queues but found them challenging. To gradually introduce them to more complex data structures, a task involving the use of a heap (priority queue) would be appropriate. This will help them understand how to manage and retrieve elements based on priority, which is a fundamental concept in many algorithms.",
    "task": "Write a Python function that takes a list of integers and returns the k smallest elements in ascending order. Use a min-heap to efficiently find the k smallest elements.",
    "gt_fn_name": "find_k_smallest",
    "test_setup_code": "import heapq",
    "test_tuple": [
        "assert find_k_smallest([7, 10, 4, 3, 20, 15], 3) == [3, 4, 7]",
        "assert find_k_smallest([7, 10, 4, 3, 20, 15], 4) == [3, 4, 7, 10]",
        "assert find_k_smallest([7, 10, 4, 3, 20, 15], 2) == [3, 4]"
    ]
}
INFO - {
    "reasoning": "The student has completed a variety of tasks involving list manipulation, string processing, and basic algorithm implementations. They have also attempted tasks involving data structures like stacks and queues but found them challenging. To gradually introduce them to more complex data structures, a task involving the use of a heap (priority queue) would be appropriate. This will help them understand how to manage and retrieve elements based on priority, which is a fundamental concept in many algorithms.",
    "task": "Write a Python function that takes a list of integers and returns the k smallest elements in ascending order. Use a min-heap to efficiently find the k smallest elements.",
    "gt_fn_name": "find_k_smallest",
    "test_setup_code": "import heapq",
    "test_tuple": [
        "assert find_k_smallest([7, 10, 4, 3, 20, 15], 3) == [3, 4, 7]",
        "assert find_k_smallest([7, 10, 4, 3, 20, 15], 4) == [3, 4, 7, 10]",
        "assert find_k_smallest([7, 10, 4, 3, 20, 15], 2) == [3, 4]"
    ]
}
INFO - The task prompt is Write a Python function that takes a list of integers and returns the k smallest elements in ascending order. Use a min-heap to efficiently find the k smallest elements.
You must strictly follow the function name: find_k_smallest

INFO - LM call n parse attempt 1 / 3

INFO - [Task id] 59 [prompt] 
You are a helpful assistant that answer my question about Python programming.

I will give you the following information:
Question: ...

You will answer the question based on the context (only if available and helpful) and your own knowledge of Python programming.
1) Start your answer with "Answer: ".
2) Answer "Answer: Unknown" if you don't know the answer.

INFO - [Task id] 59 [prompt] Question: Explain at a conceptual level, how to accomplish the below task in Python programming?
Write a Python function that takes a list of integers and returns the k smallest elements in ascending order. Use a min-heap to efficiently find the k smallest elements.
INFO - [Task id] 59 [generation text] Answer: To accomplish the task of finding the k smallest elements in a list of integers using a min-heap in Python, you can follow these conceptual steps:

1. **Import the Required Module**: Use the `heapq` module, which provides an efficient implementation of a min-heap.

2. **Define the Function**: Create a function that takes two parameters: the list of integers and the integer k.

3. **Use a Min-Heap**: Utilize the `heapq.nsmallest()` function, which is specifically designed to return the k smallest elements from the iterable in ascending order. This function internally uses a heap to maintain the smallest elements efficiently.

4. **Return the Result**: The function should return the list of the k smallest elements.

Here is a conceptual outline of the function:

```python
import heapq

def k_smallest_elements(nums, k):
    # Use heapq to find the k smallest elements
    return heapq.nsmallest(k, nums)
```

In this function:
- `nums` is the input list of integers.
- `k` is the number of smallest elements you want to retrieve.
- `heapq.nsmallest(k, nums)` efficiently finds and returns the k smallest elements in ascending order.

This approach is efficient because it leverages the properties of a heap, allowing you to find the k smallest elements without needing to sort the entire list, which would be less efficient for large lists.
INFO - Attempting task_id 59
INFO - [35m Rollout attempt 1/4[0m
INFO - [33m Retrieving 5 entries for db: skill 
 [0m
INFO - [33m find_k_largest, selection_sort, second_largest_unique, reverse_list, find_primes_less_than[0m
INFO - LM call n parse attempt 1 / 3

INFO - [Task id] 59 [prompt] You are a helpful assistant that writes python code to solve a task specified by me.

Here are some useful functions written earlier which you can reuse or reference.


[Entry]:
    import heapq

    def find_k_largest(nums, k):
        if (k > len(nums)):
            return sorted(nums, reverse=True)
        min_heap = []
        for num in nums:
            if (len(min_heap) < k):
                heapq.heappush(min_heap, num)
            elif (num > min_heap[0]):
                heapq.heappop(min_heap)
                heapq.heappush(min_heap, num)
        return sorted(min_heap, reverse=True)

[/Entry]

[Entry]:


    def selection_sort(arr):
        n = len(arr)
        for i in range(n):
            min_index = i
            for j in range((i + 1), n):
                if (arr[j] < arr[min_index]):
                    min_index = j
            (arr[i], arr[min_index]) = (arr[min_index], arr[i])
        return arr

[/Entry]

[Entry]:


    def second_largest_unique(nums):
        unique_nums = set(nums)
        if (len(unique_nums) < 2):
            return None
        sorted_unique_nums = sorted(unique_nums, reverse=True)
        return sorted_unique_nums[1]

[/Entry]

[Entry]:


    def reverse_list(input_list):
        return input_list[::(- 1)]

[/Entry]

[Entry]:


    def find_primes_less_than(n):
        primes = []
        for num in range(2, n):
            is_prime = True
            for i in range(2, (int((num ** 0.5)) + 1)):
                if ((num % i) == 0):
                    is_prime = False
                    break
            if is_prime:
                primes.append(num)
        return primes

[/Entry]






At each round of conversation, I will give you
[Environment feedback] (after executing code) ...
[Code from the last round] ...
[Task] ...
[Context] ...
[Critique] ...

You should then respond to me with
Explain (if applicable): Are there any steps missing in your plan? Why does the code not complete the task? What does the chat log and execution error imply?
Plan: How to complete the task step by step. 
Code:
    1) Reuse or reference the above useful programs if necessary.
    2) Your function will be reused for building more complex functions. Therefore, you should make it generic and reusable. 
    3) Functions in the "Code from the last round" section will not be saved or executed. Do not reuse functions listed there.
    4) Anything defined outside a function will be ignored, define all your variables inside your functions.
    5) Do not write infinite loops.
    6) If the task specifies a function name to be used, follow it strictly (be case sensitive!). Else, name your function in a meaningful way (can infer the task from the name).
    7) Your code should only contain elements that solve the task, so DO NOT write any assert statements / tests
    8) The context in the [Context] tag serves as a casual tip (which can be wrong) to help you on the task, but your priority is to follow instructions in the [Task] tag.

You should only respond in the format as described below:
RESPONSE FORMAT:

Explain: ...
Plan:
1) ...
2) ...
3) ...
...
Code:
```python
# helper functions (only if needed, try to avoid them)
...
# main function after the helper functions
def yourMainFunctionName(args):
  # ...

```


INFO - [Task id] 59 [prompt] [Environment feedback]
None

[Code from the last round]
No code in the first round

[Task]
Write a Python function that takes a list of integers and returns the k smallest elements in ascending order. Use a min-heap to efficiently find the k smallest elements.
You must strictly follow the function name: find_k_smallest

[Context]
Rough plan to accomplish the task (can be wrong): 
Answer: To accomplish the task of finding the k smallest elements in a list of integers using a min-heap in Python, you can follow these conceptual steps:

1. **Import the Required Module**: Use the `heapq` module, which provides an efficient implementation of a min-heap.

2. **Define the Function**: Create a function that takes two parameters: the list of integers and the integer k.

3. **Use a Min-Heap**: Utilize the `heapq.nsmallest()` function, which is specifically designed to return the k smallest elements from the iterable in ascending order. This function internally uses a heap to maintain the smallest elements efficiently.

4. **Return the Result**: The function should return the list of the k smallest elements.

Here is a conceptual outline of the function:

```python
import heapq

def k_smallest_elements(nums, k):
    # Use heapq to find the k smallest elements
    return heapq.nsmallest(k, nums)
```

In this function:
- `nums` is the input list of integers.
- `k` is the number of smallest elements you want to retrieve.
- `heapq.nsmallest(k, nums)` efficiently finds and returns the k smallest elements in ascending order.

This approach is efficient because it leverages the properties of a heap, allowing you to find the k smallest elements without needing to sort the entire list, which would be less efficient for large lists.


[Critique]
None


INFO - [Task id] 59 [generation text] Plan:
1. Import the `heapq` module, which provides functions to work with heaps in Python.
2. Define the function `find_k_smallest` that takes two parameters: a list of integers `nums` and an integer `k`.
3. Use the `heapq.nsmallest()` function to find the `k` smallest elements in the list `nums`. This function efficiently retrieves the smallest elements using a min-heap.
4. Return the list of the `k` smallest elements in ascending order.

Code:
```python
import heapq

def find_k_smallest(nums, k):
    # Use heapq to find the k smallest elements
    return heapq.nsmallest(k, nums)
```
INFO - program_code:
 import heapq

def find_k_smallest(nums, k):
    return heapq.nsmallest(k, nums)


INFO - program_name:
 find_k_smallest

INFO - dependencies:
 []

INFO - raw_msg:
 Plan:
1. Import the `heapq` module, which provides functions to work with heaps in Python.
2. Define the function `find_k_smallest` that takes two parameters: a list of integers `nums` and an integer `k`.
3. Use the `heapq.nsmallest()` function to find the `k` smallest elements in the list `nums`. This function efficiently retrieves the smallest elements using a min-heap.
4. Return the list of the `k` smallest elements in ascending order.

Code:
```python
import heapq

def find_k_smallest(nums, k):
    # Use heapq to find the k smallest elements
    return heapq.nsmallest(k, nums)
```

INFO - no_parent:
 True

INFO - full code to be executed: 
 import heapq

def find_k_smallest(nums, k):
    return heapq.nsmallest(k, nums)


INFO - obs: Tests passed:
assert find_k_smallest([7, 10, 4, 3, 20, 15], 3) == [3, 4, 7]
assert find_k_smallest([7, 10, 4, 3, 20, 15], 4) == [3, 4, 7, 10]
assert find_k_smallest([7, 10, 4, 3, 20, 15], 2) == [3, 4]

Tests failed:
None
reward: True
done: None
info: {'individual_results': (True, True, True)}
INFO - LM call n parse attempt 1 / 5

INFO - [Task id] 59 [prompt] 
You are a Python programming assistant that assesses my progress of Python programming and provides useful guidance.

I will give you the following information:

[Task]: The objective I need to accomplish.
[Context]: The context of the task. Serves as a casual tip (which can be wrong) to help me on the task, but my priority is to follow instructions in the Task tag.
[function impl]: My function implementation that is intended to complete the task
[unit test results]: The results after executing my function implementation on the unit tests

Your first goal is to use these info to evaluate if I have met the task requirements, and explain why. 
It is possible that the unit test results all pass, but the code does not accomplish the task (eg by failing to accomplish the task in scenarios not covered by the unit tests)
It is also possible that the unit tests are wrong in the first place, though the code accomplishes the task and fails the unit test.

If I have not met the task requirements, write a few sentences to explain why the function implementation is wrong as indicated by the tests. 
You will need this as guidance when you try again later.
Only provide the few sentence description in your answer, not the implementation. 
Suggest how the function implementation can be changed, NOT the test cases (assert statements)

You should only respond in JSON format as described below:
The output should be formatted as a JSON instance that conforms to the JSON schema below.

As an example, for the schema {"properties": {"foo": {"title": "Foo", "description": "a list of strings", "type": "array", "items": {"type": "string"}}}, "required": ["foo"]}
the object {"foo": ["bar", "baz"]} is a well-formatted instance of the schema. The object {"properties": {"foo": ["bar", "baz"]}} is not well-formatted.

Here is the output schema:
```
{"description": "Represents the critique of a task attempt, including reasoning, success status, and suggestions for improvement.\n\nAttributes:\n    reasoning (str): Explanation of why the task was succeeded or failed.\n    success (bool): Indicates whether the task requirements were met.\n    critique (str): Suggestions or critique to help improve future task attempts.", "properties": {"reasoning": {"description": "reason why I have succeeded or failed at the task", "title": "Reasoning", "type": "string"}, "success": {"description": "evaluate if I have met the task requirements", "title": "Success", "type": "boolean"}, "critique": {"description": "critique to help me improve", "title": "Critique", "type": "string"}}, "required": ["reasoning", "success", "critique"]}
```

INFO - [Task id] 59 [prompt] 
Here are some examples:

Example 1:
[function impl]:
```python
def longest_subarray_with_sum_limit(nums: List[int], target: int) -> List[int]:
    n = len(nums)
    left, right = 0, 0
    max_length = 0
    current_sum = 0
    result = []
    while right < n:
        current_sum += nums[right]
        while current_sum > target:
            current_sum -= nums[left]
            left += 1
        if right - left + 1 >= max_length:
            max_length = right - left + 1
            result = nums[left:right+1]
        right += 1
    return result
```
[unit test results]:
Tests passing:
assert longest_subarray_with_sum_limit([1, 2, 3, 4, 5], 8) == [1, 2, 3]
assert longest_subarray_with_sum_limit([1, 2, 3, 4, 5], 15) == [1, 2, 3, 4, 5]
assert longest_subarray_with_sum_limit([1, -1, 2, -2, 3, -3], 2) == [1, -1, 2, -2, 3]
assert longest_subarray_with_sum_limit([], 10) == []
assert longest_subarray_with_sum_limit([], 0) == []
assert longest_subarray_with_sum_limit([], -5) == []  
Tests failing:
assert longest_subarray_with_sum_limit([5, 6, 7, 8, 9], 4) == [] # output: [5]

RESPONSE:
{
    "reasoning": "The implementation failed the test case where no subarray fulfills the condition",
    "success": false,
    "critique": "The issue in the implementation is due to the use of >= instead of > in the condition to update the result. Because of this, it returns a subarray even when the sum is greater than the target, as it still updates the result when the current subarray length is equal to the previous longest subarray length. To overcome this error, we should change the condition to only update the result when the current subarray length is strictly greater than the previous longest subarray length. This can be done by replacing >= with > in the condition."
}


Example 2:
[function impl]:
```python
def longest_subarray_with_sum_limit(nums: List[int], target: int) -> List[int]:
    n = len(nums)
    left, right = 0, 0
    max_length = 0
    current_sum = 0
    result = []
    while current_sum + nums[right] <= target:
        current_sum += nums[right]
        right += 1
    while right < n:
        current_sum += nums[right]
        while current_sum > target:
            current_sum -= nums[left]
            left += 1
        if right - left + 1 > max_length:
            max_length = right - left + 1
            result = nums[left:right+1]
        right += 1
    return result
```
[unit test results]:
Tests passing:
assert longest_subarray_with_sum_limit([], 10) == []
assert longest_subarray_with_sum_limit([], 0) == []
assert longest_subarray_with_sum_limit([], -5) == []
Tests failing:
assert longest_subarray_with_sum_limit([1, 2, 3, 4, 5], 8) == [1, 2, 3] # output: list index out of range
assert longest_subarray_with_sum_limit([1, 2, 3, 4, 5], 15) == [1, 2, 3, 4, 5] # output: list index out of range
assert longest_subarray_with_sum_limit([5, 6, 7, 8, 9], 4) == [] # output: list index out of range
assert longest_subarray_with_sum_limit([1, -1, 2, -2, 3, -3], 2) == [1, -1, 2, -2, 3] # output: list index out of range

RESPONSE:
{
    "reason": "The implementation failed 4 out of the 7 test cases due to an IndexError.",
    "success": false,
    "critique": "The issue stems from the while loop while current_sum + nums[right] <= target:, which directly accesses nums[right] without checking if right is within the bounds of the list. This results in a runtime error when right goes beyond the list length. To overcome this error, we need to add a bounds check for the right variable in the mentioned while loop. We can modify the loop condition to while right < len(nums) and current_sum + nums[right] <= target:. This change will ensure that we only access elements within the bounds of the list, thus avoiding the IndexError."
}


END OF EXAMPLES

INFO - [Task id] 59 [prompt] [Task]:
Write a Python function that takes a list of integers and returns the k smallest elements in ascending order. Use a min-heap to efficiently find the k smallest elements.
[Context]: 
 Rough plan to accomplish the task (can be wrong): 
Answer: To accomplish the task of finding the k smallest elements in a list of integers using a min-heap in Python, you can follow these conceptual steps:

1. **Import the Required Module**: Use the `heapq` module, which provides an efficient implementation of a min-heap.

2. **Define the Function**: Create a function that takes two parameters: the list of integers and the integer k.

3. **Use a Min-Heap**: Utilize the `heapq.nsmallest()` function, which is specifically designed to return the k smallest elements from the iterable in ascending order. This function internally uses a heap to maintain the smallest elements efficiently.

4. **Return the Result**: The function should return the list of the k smallest elements.

Here is a conceptual outline of the function:

```python
import heapq

def k_smallest_elements(nums, k):
    # Use heapq to find the k smallest elements
    return heapq.nsmallest(k, nums)
```

In this function:
- `nums` is the input list of integers.
- `k` is the number of smallest elements you want to retrieve.
- `heapq.nsmallest(k, nums)` efficiently finds and returns the k smallest elements in ascending order.

This approach is efficient because it leverages the properties of a heap, allowing you to find the k smallest elements without needing to sort the entire list, which would be less efficient for large lists.


[function impl]:
import heapq

def find_k_smallest(nums, k):
    return heapq.nsmallest(k, nums)

[unit test results]:
Tests passed:
assert find_k_smallest([7, 10, 4, 3, 20, 15], 3) == [3, 4, 7]
assert find_k_smallest([7, 10, 4, 3, 20, 15], 4) == [3, 4, 7, 10]
assert find_k_smallest([7, 10, 4, 3, 20, 15], 2) == [3, 4]

Tests failed:
None

INFO - [Task id] 59 [generation text] 
INFO - {
    "reasoning": "The function implementation correctly uses the `heapq.nsmallest()` function to find the k smallest elements in the list. This function is efficient and returns the elements in ascending order, which meets the task requirements. The unit tests provided all pass, indicating that the function behaves as expected for the given test cases.",
    "success": true,
    "critique": "The implementation is correct and efficient. It successfully uses a min-heap to find the k smallest elements in ascending order. No changes are necessary."
}
INFO - {
    "reasoning": "The function implementation correctly uses the `heapq.nsmallest()` function to find the k smallest elements in the list. This function is efficient and returns the elements in ascending order, which meets the task requirements. The unit tests provided all pass, indicating that the function behaves as expected for the given test cases.",
    "success": true,
    "critique": "The implementation is correct and efficient. It successfully uses a min-heap to find the k smallest elements in ascending order. No changes are necessary."
}
INFO - [task_id]: 59 [Result]: True
INFO - LM call n parse attempt 1 / 3

INFO - [Task id] 59 [prompt] 
You are a helpful assistant that writes a description of the given function written in the Python programming language.

1) Do not mention the function name.
2) Do not mention anything about helper functions.
3) There might be some helper functions before the main function, but you only need to describe the main function.
4) Try to summarize the function in no more than 6 sentences.
5) Your response should be a single line of text.

INFO - [Task id] 59 [prompt] import heapq

def find_k_smallest(nums, k):
    return heapq.nsmallest(k, nums)


The main function is `find_k_smallest`.
INFO - [Task id] 59 [generation text] This function takes a list of numbers and an integer k as input, and it returns the k smallest elements from the list. It utilizes a heap data structure to efficiently find the smallest elements. The function leverages the `nsmallest` method from the `heapq` module, which ensures optimal performance. The result is a list containing the k smallest numbers in ascending order. If k is greater than the number of elements in the list, it will return all available elements. Overall, it provides a straightforward way to retrieve the smallest values from a collection of numbers.
INFO - Num Completed Tasks: 57, Num Failed Tasks: 3
