INFO - DB skill doc count: 25

INFO - [train iter]: 27/100 

INFO - LM call n parse attempt 1 / 3

INFO - [Task id] 27 [prompt] 
You are a helpful assistant that asks questions to help me decide the next immediate task to do for Python programming.
My ultimate goal is to solve as many diverse problems as possible and become the best programmer in the world.

I will give you the following information:
Completed tasks so far: ...
Failed tasks that are too hard: ...

You must follow the following criteria:
1) You should ask at least 5 questions (but no more than 10 questions) to help me decide the next immediate task to do. Each question should be followed by the concept that the question is about.
2) Your question should be specific to a concept in Python programming.
  Bad example (the question is too general):
    Question: What is the best way to program in Python?
    Concept: unknown
  Good example:
    Question: How do you reverse a list?
    Concept: list
3) Your questions should be self-contained and not require any context.

Respond in JSON, and follow the keys and expected format of the values strictly.


Response format:
The output should be formatted as a JSON instance that conforms to the JSON schema below.

As an example, for the schema {"properties": {"foo": {"title": "Foo", "description": "a list of strings", "type": "array", "items": {"type": "string"}}}, "required": ["foo"]}
the object {"foo": ["bar", "baz"]} is a well-formatted instance of the schema. The object {"properties": {"foo": ["bar", "baz"]}} is not well-formatted.

Here is the output schema:
```
{"$defs": {"QuestionConcept": {"properties": {"question": {"description": "A question related to Python programming, to help me brainstorm the next immediate task to do", "title": "Question", "type": "string"}, "concept": {"description": "The Python programming concept associated with the question above", "title": "Concept", "type": "string"}}, "required": ["question", "concept"], "title": "QuestionConcept", "type": "object"}}, "properties": {"reasoning": {"description": "Reason out, step-by-step, why you picked these questions and concepts", "title": "Reasoning", "type": "string"}, "question_concept_list": {"description": "list of questions and their associated concepts", "items": {"$ref": "#/$defs/QuestionConcept"}, "title": "Question Concept List", "type": "array"}}, "required": ["reasoning", "question_concept_list"]}
```


INFO - [Task id] 27 [prompt] Completed tasks so far (do not give me these tasks again!): 
	Write a Python function that takes a list of integers and returns a list of unique integers from that list.
	Write a Python function that takes a list of integers and returns a dictionary with the integers as keys and their counts as values.
	Write a Python function that takes two lists of integers and returns a list of integers that are present in both lists (the intersection).
	Write a Python function that takes a list of integers and returns a list of integers that are unique (appear only once) in the list.
	Write a Python function that takes a list of integers and returns a list of integers that are duplicates (appear more than once) in the list.
	Write a Python function that takes a list of integers and returns the second largest integer in the list. If the list has fewer than two unique integers, return None.
	Write a Python function that takes a list of integers and returns a new list containing only the even integers from the original list.
	Write a Python function that takes a list of integers and returns a list of integers that are greater than a given threshold value.
	Write a Python function that takes a string and returns the number of vowels in that string.
	Write a Python function that takes a string and returns a set of unique characters in that string.
	Write a Python function that takes a string and returns True if it is a palindrome (reads the same forwards and backwards), and False otherwise.
	Write a Python function that takes a string and returns a new string containing only the digits from the original string.
	Write a Python function that takes a list of strings and returns a new list containing only the strings that have a length greater than a specified threshold.
	Write a Python function that takes a list of strings and returns a new list of those strings sorted by their length in descending order.
	Write a Python function that takes a list of strings and returns a new list containing the lengths of each string in the original list.
	Write a Python function that takes a string and returns a new string with all the vowels removed.
	Write a Python function that takes a string and returns the number of distinct characters in that string.
	Write a Python function that takes two dictionaries and merges them. If there are duplicate keys, the values from the second dictionary should overwrite those from the first.
	Write a Python function that takes a string and returns a new string where each character is repeated twice.
	Write a Python function that takes a list of integers and returns a list of integers that are present in the list but not in a given set of excluded integers.
	Write a Python function that takes a list of integers and returns a new list containing only the integers that are multiples of a given number.
	Write a Python function that takes a tuple of integers and returns a new tuple containing only the even integers from the original tuple.
	Write a Python function that takes a string and returns a dictionary with each character as the key and the number of times it appears in the string as the value.
	Write a Python function that takes a list of integers and returns a dictionary where the keys are the integers from the list and the values are the number of times each integer appears in the list.
	Write a Python function that takes a list of strings and returns a dictionary where the keys are the strings and the values are the lengths of those strings.

Failed tasks that are too hard: 
	Write a Python function that takes a dictionary and returns a new dictionary with the keys and values swapped. If there are duplicate values, keep only one of the keys.
	Write a Python function that takes a dictionary and returns a new dictionary containing only the items where the value is greater than a specified threshold.


INFO - [Task id] 27 [generation text] 
INFO - {
    "reasoning": "The questions selected cover a variety of Python programming concepts, including data structures (lists, dictionaries, tuples), string manipulation, and algorithmic thinking. This will help in diversifying the skill set and tackling different types of problems. Each question is designed to build on existing knowledge while introducing new challenges.",
    "question_concept_list": [
        {
            "question": "How do you sort a list of dictionaries by a specific key?",
            "concept": "list and dictionary"
        },
        {
            "question": "What is the best way to remove duplicates from a list while preserving the order?",
            "concept": "list"
        },
        {
            "question": "How can you implement a simple class in Python?",
            "concept": "object-oriented programming"
        },
        {
            "question": "What is the difference between deep copy and shallow copy in Python?",
            "concept": "copying objects"
        },
        {
            "question": "How do you read and write to a file in Python?",
            "concept": "file handling"
        }
    ]
}
INFO - {
    "reasoning": "The questions selected cover a variety of Python programming concepts, including data structures (lists, dictionaries, tuples), string manipulation, and algorithmic thinking. This will help in diversifying the skill set and tackling different types of problems. Each question is designed to build on existing knowledge while introducing new challenges.",
    "question_concept_list": [
        {
            "question": "How do you sort a list of dictionaries by a specific key?",
            "concept": "list and dictionary"
        },
        {
            "question": "What is the best way to remove duplicates from a list while preserving the order?",
            "concept": "list"
        },
        {
            "question": "How can you implement a simple class in Python?",
            "concept": "object-oriented programming"
        },
        {
            "question": "What is the difference between deep copy and shallow copy in Python?",
            "concept": "copying objects"
        },
        {
            "question": "How do you read and write to a file in Python?",
            "concept": "file handling"
        }
    ]
}
INFO - LM call n parse attempt 1 / 3

INFO - [Task id] 27 [prompt] 
You are a helpful assistant that answer my question about Python programming.

I will give you the following information:
Question: ...

You will answer the question based on the context (only if available and helpful) and your own knowledge of Python programming.
1) Start your answer with "Answer: ".
2) Answer "Answer: Unknown" if you don't know the answer.

INFO - [Task id] 27 [prompt] Question: What is the difference between deep copy and shallow copy in Python?
INFO - [Task id] 27 [generation text] Answer: In Python, the difference between deep copy and shallow copy lies in how they handle the copying of objects and their nested objects.

- **Shallow Copy**: A shallow copy creates a new object, but it does not create copies of nested objects. Instead, it copies references to the original nested objects. This means that if you modify a nested object in the shallow copy, the change will also reflect in the original object because both the original and the shallow copy refer to the same nested object.

  You can create a shallow copy using the `copy` module's `copy()` function or by using the `list()` constructor for lists.

  Example:
  ```python
  import copy

  original = [1, 2, [3, 4]]
  shallow_copied = copy.copy(original)

  shallow_copied[2][0] = 'changed'
  print(original)  # Output: [1, 2, ['changed', 4]]
  ```

- **Deep Copy**: A deep copy creates a new object and recursively copies all nested objects, creating entirely independent copies. This means that changes made to the deep copy will not affect the original object or its nested objects.

  You can create a deep copy using the `copy` module's `deepcopy()` function.

  Example:
  ```python
  import copy

  original = [1, 2, [3, 4]]
  deep_copied = copy.deepcopy(original)

  deep_copied[2][0] = 'changed'
  print(original)  # Output: [1, 2, [3, 4]]
  ```

In summary, use shallow copy when you want to copy an object but share nested objects, and use deep copy when you want to create a completely independent copy of an object and all its nested objects.
INFO - LM call n parse attempt 1 / 5

INFO - [Task id] 27 [prompt] 
You are a helpful assistant that tells me the next immediate task (in the form of a function) to do for Python programming. 
My ultimate goal is to solve as many diverse problems as possible and become the best programmer in the world.

I will give you the following information:
Question 1: ...
Answer: ...
Question 2: ...
Answer: ...
Question 3: ...
Answer: ...
...
Completed tasks so far: ...
Failed tasks that are too hard: ...

You must follow the following criteria:
1) You should act as a mentor and guide me to the next task based on my current learning progress. As a rule of thumb, guide me through beginner problems, followed by interview level problems, followed by competitive programming problems. The latter 2 levels can involve concepts from data structures and algorithms.
2) Please be very specific about what skills I need to learn.
3) Do not propose multiple tasks at the same time. Do not mention anything else.
4) The next task should not be too hard since I may not have learned enough skills to complete it yet.
5) The next task should be novel and interesting. I should look for problems which I have not solved yet. I should not be doing the same thing over and over again.
6) The task should involve writing a main Python function that at most use basic libraries (try not to import too many or too advanced modules)
7) Do not give tasks that require file operations (create, read, update, delete) or an internet connection.
8) I am only allowed to write Python functions, so do not require me to write other things (e.g. objects). 
9) Requiring me to write a function that takes in an object and uses object methods is still ok, but I cannot define the objects myself. You must provide the objects as input to my function in the assert statement.

Take note of these in your response:
1) Give an expected function name for the task.
2) Give a tuple of 3 assert statements that tests the function's correctness in the "test_tuple" field. This must strictly contain single-line assert statements only; any setup code for the test must be filled in the "test_setup_code" field.
3) The function name which you gave must be called in the assert statements. 

Respond in JSON, and follow the keys and expected format of the values strictly.


Response format:
The output should be formatted as a JSON instance that conforms to the JSON schema below.

As an example, for the schema {"properties": {"foo": {"title": "Foo", "description": "a list of strings", "type": "array", "items": {"type": "string"}}}, "required": ["foo"]}
the object {"foo": ["bar", "baz"]} is a well-formatted instance of the schema. The object {"properties": {"foo": ["bar", "baz"]}} is not well-formatted.

Here is the output schema:
```
{"properties": {"reasoning": {"description": "Based on the information listed above, reason about what the next task should be.", "title": "Reasoning", "type": "string"}, "task": {"description": "The next task, which requires me to write a single function. Be sure to state the expected data structure for inputs and outputs.", "title": "Task", "type": "string"}, "gt_fn_name": {"description": "The expected name for the single function for the task", "title": "Gt Fn Name", "type": "string"}, "test_setup_code": {"description": "setup code, if required. This will be run just before the assert statements are executed.", "title": "Test Setup Code", "type": "string"}, "test_tuple": {"description": "Tuple of 3 SINGLE-LINE test cases that starts with 'assert' to test the function's correctness.Any extra required code should be written in the test_setup_code field.", "items": {"type": "string"}, "maxItems": 3, "minItems": 3, "prefixItems": [{"type": "string"}, {"type": "string"}, {"type": "string"}], "title": "Test Tuple", "type": "array"}}, "required": ["reasoning", "task", "gt_fn_name", "test_setup_code", "test_tuple"]}
```


INFO - [Task id] 27 [prompt] 
Here's an example response:
{
    "reasoning": "The student has shown proficiency in basic Python syntax and list manipulation, but struggles with problems involving more complex algorithms and data structures. This task will help them practice using sets or dictionaries for efficient lookups, and understand the concept of algorithmic complexity.",
    "task": "Write a Python function that takes a list of integers and returns the tuple of two numbers that sum up to zero. If no such pair exists, return None.",
    "gt_fn_name": "find_zero_sum",
    "test_setup_code": "",
    "test_tuple": [
        "assert find_zero_sum([1, 2, 3, -2, -1]) == (2, -2)",
        "assert find_zero_sum([1, 2, 3, 4, 5]) == None",
        "assert find_zero_sum([1, 4, 3, -4, -1]) == (4, -4)"
    ]
}

INFO - [Task id] 27 [prompt] Question 1: What is the best way to sort a list of dictionaries by a specific key?
Answer: The best way to sort a list of dictionaries by a specific key in Python is to use the `sorted()` function along with a lambda function as the key argument. Here’s an example:

```python
list_of_dicts = [
    {'name': 'Alice', 'age': 30},
    {'name': 'Bob', 'age': 25},
    {'name': 'Charlie', 'age': 35}
]

# Sort by the 'age' key
sorted_list = sorted(list_of_dicts, key=lambda x: x['age'])

print(sorted_list)
```

This will output:

```
[{'name': 'Bob', 'age': 25}, {'name': 'Alice', 'age': 30}, {'name': 'Charlie', 'age': 35}]
```

You can also sort in reverse order by adding the `reverse=True` argument:

```python
sorted_list_desc = sorted(list_of_dicts, key=lambda x: x['age'], reverse=True)
```

This will sort the list in descending order based on the 'age' key.

Question 2: How do you remove duplicates from a list while preserving the order of elements?
Answer: You can remove duplicates from a list while preserving the order of elements by using a combination of a loop and a set to track seen elements. Here’s a simple way to do it:

```python
def remove_duplicates(input_list):
    seen = set()
    result = []
    for item in input_list:
        if item not in seen:
            seen.add(item)
            result.append(item)
    return result

# Example usage
my_list = [1, 2, 2, 3, 4, 4, 5]
unique_list = remove_duplicates(my_list)
print(unique_list)  # Output: [1, 2, 3, 4, 5]
```

This function iterates through the original list, adds each item to a set if it hasn't been seen before, and appends it to the result list, thus preserving the order of the first occurrences.

Question 3: How can you implement a simple class in Python?
Answer: To implement a simple class in Python, you can use the `class` keyword followed by the class name and a colon. Inside the class, you can define an `__init__` method to initialize the object's attributes and other methods to define its behavior. Here’s a basic example:

```python
class Dog:
    def __init__(self, name, age):
        self.name = name  # instance variable for the dog's name
        self.age = age    # instance variable for the dog's age

    def bark(self):
        return f"{self.name} says woof!"

# Creating an instance of the Dog class
my_dog = Dog("Buddy", 3)

# Accessing attributes and methods
print(my_dog.name)  # Output: Buddy
print(my_dog.bark())  # Output: Buddy says woof!
```

In this example, we define a `Dog` class with an initializer that takes `name` and `age` as parameters. The `bark` method allows the dog to "speak." We then create an instance of the `Dog` class and demonstrate how to access its attributes and methods.

Question 4: What is the difference between deep copy and shallow copy in Python?
Answer: In Python, the difference between deep copy and shallow copy lies in how they handle the copying of objects and their nested objects.

- **Shallow Copy**: A shallow copy creates a new object, but it does not create copies of nested objects. Instead, it copies references to the original nested objects. This means that if you modify a nested object in the shallow copy, the change will also reflect in the original object because both the original and the shallow copy refer to the same nested object.

  You can create a shallow copy using the `copy` module's `copy()` function or by using the `list()` constructor for lists.

  Example:
  ```python
  import copy

  original = [1, 2, [3, 4]]
  shallow_copied = copy.copy(original)

  shallow_copied[2][0] = 'changed'
  print(original)  # Output: [1, 2, ['changed', 4]]
  ```

- **Deep Copy**: A deep copy creates a new object and recursively copies all nested objects, creating entirely independent copies. This means that changes made to the deep copy will not affect the original object or its nested objects.

  You can create a deep copy using the `copy` module's `deepcopy()` function.

  Example:
  ```python
  import copy

  original = [1, 2, [3, 4]]
  deep_copied = copy.deepcopy(original)

  deep_copied[2][0] = 'changed'
  print(original)  # Output: [1, 2, [3, 4]]
  ```

In summary, use shallow copy when you want to copy an object but share nested objects, and use deep copy when you want to create a completely independent copy of an object and all its nested objects.

Question 5: How do you read and write files in Python?
Answer: In Python, you can read and write files using the built-in `open()` function. Here’s a basic overview of how to do both:

### Reading a File
To read a file, you can use the following code:

```python
# Open the file in read mode
with open('filename.txt', 'r') as file:
    content = file.read()  # Read the entire file
    print(content)  # Print the content of the file
```

You can also read the file line by line:

```python
with open('filename.txt', 'r') as file:
    for line in file:
        print(line.strip())  # Print each line without extra newline characters
```

### Writing to a File
To write to a file, you can use the following code:

```python
# Open the file in write mode (this will overwrite the file if it exists)
with open('filename.txt', 'w') as file:
    file.write('Hello, World!\n')  # Write a string to the file
```

If you want to append to a file instead of overwriting it, you can use the append mode:

```python
with open('filename.txt', 'a') as file:
    file.write('Appending this line.\n')  # Append a string to the file
```

### Important Notes
- Always use the `with` statement when opening files. This ensures that the file is properly closed after its suite finishes, even if an error is raised.
- The modes you can use with `open()` include:
  - `'r'`: Read (default mode)
  - `'w'`: Write (overwrites the file)
  - `'a'`: Append
  - `'b'`: Binary mode (e.g., `'rb'` or `'wb'` for binary files)
  - `'x'`: Exclusive creation (fails if the file already exists)

This should give you a good starting point for reading and writing files in Python!

Completed tasks so far (do not give me these tasks again!): 
	Write a Python function that takes a list of integers and returns a list of unique integers from that list.
	Write a Python function that takes a list of integers and returns a dictionary with the integers as keys and their counts as values.
	Write a Python function that takes two lists of integers and returns a list of integers that are present in both lists (the intersection).
	Write a Python function that takes a list of integers and returns a list of integers that are unique (appear only once) in the list.
	Write a Python function that takes a list of integers and returns a list of integers that are duplicates (appear more than once) in the list.
	Write a Python function that takes a list of integers and returns the second largest integer in the list. If the list has fewer than two unique integers, return None.
	Write a Python function that takes a list of integers and returns a new list containing only the even integers from the original list.
	Write a Python function that takes a list of integers and returns a list of integers that are greater than a given threshold value.
	Write a Python function that takes a string and returns the number of vowels in that string.
	Write a Python function that takes a string and returns a set of unique characters in that string.
	Write a Python function that takes a string and returns True if it is a palindrome (reads the same forwards and backwards), and False otherwise.
	Write a Python function that takes a string and returns a new string containing only the digits from the original string.
	Write a Python function that takes a list of strings and returns a new list containing only the strings that have a length greater than a specified threshold.
	Write a Python function that takes a list of strings and returns a new list of those strings sorted by their length in descending order.
	Write a Python function that takes a list of strings and returns a new list containing the lengths of each string in the original list.
	Write a Python function that takes a string and returns a new string with all the vowels removed.
	Write a Python function that takes a string and returns the number of distinct characters in that string.
	Write a Python function that takes two dictionaries and merges them. If there are duplicate keys, the values from the second dictionary should overwrite those from the first.
	Write a Python function that takes a string and returns a new string where each character is repeated twice.
	Write a Python function that takes a list of integers and returns a list of integers that are present in the list but not in a given set of excluded integers.
	Write a Python function that takes a list of integers and returns a new list containing only the integers that are multiples of a given number.
	Write a Python function that takes a tuple of integers and returns a new tuple containing only the even integers from the original tuple.
	Write a Python function that takes a string and returns a dictionary with each character as the key and the number of times it appears in the string as the value.
	Write a Python function that takes a list of integers and returns a dictionary where the keys are the integers from the list and the values are the number of times each integer appears in the list.
	Write a Python function that takes a list of strings and returns a dictionary where the keys are the strings and the values are the lengths of those strings.

Failed tasks that are too hard: 
	Write a Python function that takes a dictionary and returns a new dictionary with the keys and values swapped. If there are duplicate values, keep only one of the keys.
	Write a Python function that takes a dictionary and returns a new dictionary containing only the items where the value is greater than a specified threshold.


INFO - [Task id] 27 [generation text] 
INFO - {
    "reasoning": "The student has demonstrated a good understanding of basic Python functions and data structures, particularly with lists and dictionaries. The next task should involve a slightly more complex problem that requires the use of a list and a dictionary, but still remains within their current skill level. This task will help them practice working with nested data structures and improve their problem-solving skills.",
    "task": "Write a Python function that takes a list of dictionaries, each representing a person with a 'name' and 'age', and returns a dictionary where the keys are the names and the values are the ages of the people.",
    "gt_fn_name": "people_to_dict",
    "test_setup_code": "",
    "test_tuple": [
        "assert people_to_dict([{'name': 'Alice', 'age': 30}, {'name': 'Bob', 'age': 25}]) == {'Alice': 30, 'Bob': 25}",
        "assert people_to_dict([{'name': 'Charlie', 'age': 35}, {'name': 'David', 'age': 40}]) == {'Charlie': 35, 'David': 40}",
        "assert people_to_dict([{'name': 'Eve', 'age': 28}]) == {'Eve': 28}"
    ]
}
INFO - {
    "reasoning": "The student has demonstrated a good understanding of basic Python functions and data structures, particularly with lists and dictionaries. The next task should involve a slightly more complex problem that requires the use of a list and a dictionary, but still remains within their current skill level. This task will help them practice working with nested data structures and improve their problem-solving skills.",
    "task": "Write a Python function that takes a list of dictionaries, each representing a person with a 'name' and 'age', and returns a dictionary where the keys are the names and the values are the ages of the people.",
    "gt_fn_name": "people_to_dict",
    "test_setup_code": "",
    "test_tuple": [
        "assert people_to_dict([{'name': 'Alice', 'age': 30}, {'name': 'Bob', 'age': 25}]) == {'Alice': 30, 'Bob': 25}",
        "assert people_to_dict([{'name': 'Charlie', 'age': 35}, {'name': 'David', 'age': 40}]) == {'Charlie': 35, 'David': 40}",
        "assert people_to_dict([{'name': 'Eve', 'age': 28}]) == {'Eve': 28}"
    ]
}
INFO - The task prompt is Write a Python function that takes a list of dictionaries, each representing a person with a 'name' and 'age', and returns a dictionary where the keys are the names and the values are the ages of the people.
You must strictly follow the function name: people_to_dict

INFO - LM call n parse attempt 1 / 3

INFO - [Task id] 27 [prompt] 
You are a helpful assistant that answer my question about Python programming.

I will give you the following information:
Question: ...

You will answer the question based on the context (only if available and helpful) and your own knowledge of Python programming.
1) Start your answer with "Answer: ".
2) Answer "Answer: Unknown" if you don't know the answer.

INFO - [Task id] 27 [prompt] Question: Explain at a conceptual level, how to accomplish the below task in Python programming?
Write a Python function that takes a list of dictionaries, each representing a person with a 'name' and 'age', and returns a dictionary where the keys are the names and the values are the ages of the people.
INFO - [Task id] 27 [generation text] Answer: To accomplish the task of transforming a list of dictionaries into a single dictionary where the keys are names and the values are ages, you can follow these conceptual steps:

1. **Define a Function**: Start by defining a function that takes a list of dictionaries as an argument.

2. **Initialize an Empty Dictionary**: Inside the function, create an empty dictionary that will hold the final result.

3. **Iterate Over the List**: Use a loop to iterate over each dictionary in the list.

4. **Extract Name and Age**: For each dictionary, extract the 'name' and 'age' values.

5. **Populate the Result Dictionary**: Add the extracted name as a key and the corresponding age as its value in the result dictionary.

6. **Return the Result**: After processing all dictionaries, return the result dictionary.

Here is a conceptual outline of the function:

```python
def people_to_dict(people_list):
    result = {}  # Step 2: Initialize an empty dictionary
    for person in people_list:  # Step 3: Iterate over the list
        name = person['name']  # Step 4: Extract name
        age = person['age']    # Step 4: Extract age
        result[name] = age     # Step 5: Populate the result dictionary
    return result  # Step 6: Return the result
```

This function will take a list of dictionaries, each containing 'name' and 'age', and return a dictionary mapping names to ages.
INFO - Attempting task_id 27
INFO - [35m Rollout attempt 1/4[0m
INFO - [33m Retrieving 5 entries for db: skill 
 [0m
INFO - [33m merge_dictionaries, strings_to_lengths_dict, count_occurrences, count_occurrences_v2, count_characters[0m
INFO - LM call n parse attempt 1 / 3

INFO - [Task id] 27 [prompt] You are a helpful assistant that writes python code to solve a task specified by me.

Here are some useful functions written earlier which you can reuse or reference.


[Entry]:


    def merge_dictionaries(dict1, dict2):
        merged_dict = {**dict1, **dict2}
        return merged_dict

[/Entry]

[Entry]:


    def strings_to_lengths_dict(strings):
        lengths_dict = {}
        for string in strings:
            lengths_dict[string] = len(string)
        return lengths_dict

[/Entry]

[Entry]:


    def count_occurrences(int_list):
        counts = {}
        for num in int_list:
            if (num in counts):
                counts[num] += 1
            else:
                counts[num] = 1
        return counts

[/Entry]

[Entry]:


    def count_occurrences_v2(int_list):
        counts = {}
        for num in int_list:
            if (num in counts):
                counts[num] += 1
            else:
                counts[num] = 1
        return counts

[/Entry]

[Entry]:


    def count_characters(input_string):
        char_count = {}
        for char in input_string:
            if (char in char_count):
                char_count[char] += 1
            else:
                char_count[char] = 1
        return char_count

[/Entry]






At each round of conversation, I will give you
[Environment feedback] (after executing code) ...
[Code from the last round] ...
[Task] ...
[Context] ...
[Critique] ...

You should then respond to me with
Explain (if applicable): Are there any steps missing in your plan? Why does the code not complete the task? What does the chat log and execution error imply?
Plan: How to complete the task step by step. 
Code:
    1) Reuse or reference the above useful programs if necessary.
    2) Your function will be reused for building more complex functions. Therefore, you should make it generic and reusable. 
    3) Functions in the "Code from the last round" section will not be saved or executed. Do not reuse functions listed there.
    4) Anything defined outside a function will be ignored, define all your variables inside your functions.
    5) Do not write infinite loops.
    6) If the task specifies a function name to be used, follow it strictly (be case sensitive!). Else, name your function in a meaningful way (can infer the task from the name).
    7) Your code should only contain elements that solve the task, so DO NOT write any assert statements / tests
    8) The context in the [Context] tag serves as a casual tip (which can be wrong) to help you on the task, but your priority is to follow instructions in the [Task] tag.

You should only respond in the format as described below:
RESPONSE FORMAT:

Explain: ...
Plan:
1) ...
2) ...
3) ...
...
Code:
```python
# helper functions (only if needed, try to avoid them)
...
# main function after the helper functions
def yourMainFunctionName(args):
  # ...

```


INFO - [Task id] 27 [prompt] [Environment feedback]
None

[Code from the last round]
No code in the first round

[Task]
Write a Python function that takes a list of dictionaries, each representing a person with a 'name' and 'age', and returns a dictionary where the keys are the names and the values are the ages of the people.
You must strictly follow the function name: people_to_dict

[Context]
Rough plan to accomplish the task (can be wrong): 
Answer: To accomplish the task of transforming a list of dictionaries into a single dictionary where the keys are names and the values are ages, you can follow these conceptual steps:

1. **Define a Function**: Start by defining a function that takes a list of dictionaries as an argument.

2. **Initialize an Empty Dictionary**: Inside the function, create an empty dictionary that will hold the final result.

3. **Iterate Over the List**: Use a loop to iterate over each dictionary in the list.

4. **Extract Name and Age**: For each dictionary, extract the 'name' and 'age' values.

5. **Populate the Result Dictionary**: Add the extracted name as a key and the corresponding age as its value in the result dictionary.

6. **Return the Result**: After processing all dictionaries, return the result dictionary.

Here is a conceptual outline of the function:

```python
def people_to_dict(people_list):
    result = {}  # Step 2: Initialize an empty dictionary
    for person in people_list:  # Step 3: Iterate over the list
        name = person['name']  # Step 4: Extract name
        age = person['age']    # Step 4: Extract age
        result[name] = age     # Step 5: Populate the result dictionary
    return result  # Step 6: Return the result
```

This function will take a list of dictionaries, each containing 'name' and 'age', and return a dictionary mapping names to ages.


[Critique]
None


INFO - [Task id] 27 [generation text] Explain: The rough plan provided in the context is correct and outlines the necessary steps to accomplish the task. The function `people_to_dict` will take a list of dictionaries, extract the 'name' and 'age' from each dictionary, and construct a new dictionary with names as keys and ages as values.

Plan:
1) Define the function `people_to_dict` that takes a list of dictionaries as an argument.
2) Initialize an empty dictionary to store the result.
3) Iterate over each dictionary in the input list.
4) For each dictionary, extract the 'name' and 'age' values.
5) Add the extracted name as a key and the corresponding age as its value in the result dictionary.
6) Return the result dictionary after processing all entries.

Code:
```python
def people_to_dict(people_list):
    result = {}  # Step 2: Initialize an empty dictionary
    for person in people_list:  # Step 3: Iterate over the list
        name = person['name']  # Step 4: Extract name
        age = person['age']    # Step 4: Extract age
        result[name] = age     # Step 5: Populate the result dictionary
    return result  # Step 6: Return the result
```
INFO - program_code:
 

def people_to_dict(people_list):
    result = {}
    for person in people_list:
        name = person['name']
        age = person['age']
        result[name] = age
    return result


INFO - program_name:
 people_to_dict

INFO - dependencies:
 []

INFO - raw_msg:
 Explain: The rough plan provided in the context is correct and outlines the necessary steps to accomplish the task. The function `people_to_dict` will take a list of dictionaries, extract the 'name' and 'age' from each dictionary, and construct a new dictionary with names as keys and ages as values.

Plan:
1) Define the function `people_to_dict` that takes a list of dictionaries as an argument.
2) Initialize an empty dictionary to store the result.
3) Iterate over each dictionary in the input list.
4) For each dictionary, extract the 'name' and 'age' values.
5) Add the extracted name as a key and the corresponding age as its value in the result dictionary.
6) Return the result dictionary after processing all entries.

Code:
```python
def people_to_dict(people_list):
    result = {}  # Step 2: Initialize an empty dictionary
    for person in people_list:  # Step 3: Iterate over the list
        name = person['name']  # Step 4: Extract name
        age = person['age']    # Step 4: Extract age
        result[name] = age     # Step 5: Populate the result dictionary
    return result  # Step 6: Return the result
```

INFO - no_parent:
 True

INFO - full code to be executed: 
 

def people_to_dict(people_list):
    result = {}
    for person in people_list:
        name = person['name']
        age = person['age']
        result[name] = age
    return result


INFO - obs: Tests passed:
assert people_to_dict([{'name': 'Alice', 'age': 30}, {'name': 'Bob', 'age': 25}]) == {'Alice': 30, 'Bob': 25}
assert people_to_dict([{'name': 'Charlie', 'age': 35}, {'name': 'David', 'age': 40}]) == {'Charlie': 35, 'David': 40}
assert people_to_dict([{'name': 'Eve', 'age': 28}]) == {'Eve': 28}

Tests failed:
None
reward: True
done: None
info: {'individual_results': (True, True, True)}
INFO - LM call n parse attempt 1 / 5

INFO - [Task id] 27 [prompt] 
You are a Python programming assistant that assesses my progress of Python programming and provides useful guidance.

I will give you the following information:

[Task]: The objective I need to accomplish.
[Context]: The context of the task. Serves as a casual tip (which can be wrong) to help me on the task, but my priority is to follow instructions in the Task tag.
[function impl]: My function implementation that is intended to complete the task
[unit test results]: The results after executing my function implementation on the unit tests

Your first goal is to use these info to evaluate if I have met the task requirements, and explain why. 
It is possible that the unit test results all pass, but the code does not accomplish the task (eg by failing to accomplish the task in scenarios not covered by the unit tests)
It is also possible that the unit tests are wrong in the first place, though the code accomplishes the task and fails the unit test.

If I have not met the task requirements, write a few sentences to explain why the function implementation is wrong as indicated by the tests. 
You will need this as guidance when you try again later.
Only provide the few sentence description in your answer, not the implementation. 
Suggest how the function implementation can be changed, NOT the test cases (assert statements)

You should only respond in JSON format as described below:
The output should be formatted as a JSON instance that conforms to the JSON schema below.

As an example, for the schema {"properties": {"foo": {"title": "Foo", "description": "a list of strings", "type": "array", "items": {"type": "string"}}}, "required": ["foo"]}
the object {"foo": ["bar", "baz"]} is a well-formatted instance of the schema. The object {"properties": {"foo": ["bar", "baz"]}} is not well-formatted.

Here is the output schema:
```
{"description": "Represents the critique of a task attempt, including reasoning, success status, and suggestions for improvement.\n\nAttributes:\n    reasoning (str): Explanation of why the task was succeeded or failed.\n    success (bool): Indicates whether the task requirements were met.\n    critique (str): Suggestions or critique to help improve future task attempts.", "properties": {"reasoning": {"description": "reason why I have succeeded or failed at the task", "title": "Reasoning", "type": "string"}, "success": {"description": "evaluate if I have met the task requirements", "title": "Success", "type": "boolean"}, "critique": {"description": "critique to help me improve", "title": "Critique", "type": "string"}}, "required": ["reasoning", "success", "critique"]}
```

INFO - [Task id] 27 [prompt] 
Here are some examples:

Example 1:
[function impl]:
```python
def longest_subarray_with_sum_limit(nums: List[int], target: int) -> List[int]:
    n = len(nums)
    left, right = 0, 0
    max_length = 0
    current_sum = 0
    result = []
    while right < n:
        current_sum += nums[right]
        while current_sum > target:
            current_sum -= nums[left]
            left += 1
        if right - left + 1 >= max_length:
            max_length = right - left + 1
            result = nums[left:right+1]
        right += 1
    return result
```
[unit test results]:
Tests passing:
assert longest_subarray_with_sum_limit([1, 2, 3, 4, 5], 8) == [1, 2, 3]
assert longest_subarray_with_sum_limit([1, 2, 3, 4, 5], 15) == [1, 2, 3, 4, 5]
assert longest_subarray_with_sum_limit([1, -1, 2, -2, 3, -3], 2) == [1, -1, 2, -2, 3]
assert longest_subarray_with_sum_limit([], 10) == []
assert longest_subarray_with_sum_limit([], 0) == []
assert longest_subarray_with_sum_limit([], -5) == []  
Tests failing:
assert longest_subarray_with_sum_limit([5, 6, 7, 8, 9], 4) == [] # output: [5]

RESPONSE:
{
    "reasoning": "The implementation failed the test case where no subarray fulfills the condition",
    "success": false,
    "critique": "The issue in the implementation is due to the use of >= instead of > in the condition to update the result. Because of this, it returns a subarray even when the sum is greater than the target, as it still updates the result when the current subarray length is equal to the previous longest subarray length. To overcome this error, we should change the condition to only update the result when the current subarray length is strictly greater than the previous longest subarray length. This can be done by replacing >= with > in the condition."
}


Example 2:
[function impl]:
```python
def longest_subarray_with_sum_limit(nums: List[int], target: int) -> List[int]:
    n = len(nums)
    left, right = 0, 0
    max_length = 0
    current_sum = 0
    result = []
    while current_sum + nums[right] <= target:
        current_sum += nums[right]
        right += 1
    while right < n:
        current_sum += nums[right]
        while current_sum > target:
            current_sum -= nums[left]
            left += 1
        if right - left + 1 > max_length:
            max_length = right - left + 1
            result = nums[left:right+1]
        right += 1
    return result
```
[unit test results]:
Tests passing:
assert longest_subarray_with_sum_limit([], 10) == []
assert longest_subarray_with_sum_limit([], 0) == []
assert longest_subarray_with_sum_limit([], -5) == []
Tests failing:
assert longest_subarray_with_sum_limit([1, 2, 3, 4, 5], 8) == [1, 2, 3] # output: list index out of range
assert longest_subarray_with_sum_limit([1, 2, 3, 4, 5], 15) == [1, 2, 3, 4, 5] # output: list index out of range
assert longest_subarray_with_sum_limit([5, 6, 7, 8, 9], 4) == [] # output: list index out of range
assert longest_subarray_with_sum_limit([1, -1, 2, -2, 3, -3], 2) == [1, -1, 2, -2, 3] # output: list index out of range

RESPONSE:
{
    "reason": "The implementation failed 4 out of the 7 test cases due to an IndexError.",
    "success": false,
    "critique": "The issue stems from the while loop while current_sum + nums[right] <= target:, which directly accesses nums[right] without checking if right is within the bounds of the list. This results in a runtime error when right goes beyond the list length. To overcome this error, we need to add a bounds check for the right variable in the mentioned while loop. We can modify the loop condition to while right < len(nums) and current_sum + nums[right] <= target:. This change will ensure that we only access elements within the bounds of the list, thus avoiding the IndexError."
}


END OF EXAMPLES

INFO - [Task id] 27 [prompt] [Task]:
Write a Python function that takes a list of dictionaries, each representing a person with a 'name' and 'age', and returns a dictionary where the keys are the names and the values are the ages of the people.
[Context]: 
 Rough plan to accomplish the task (can be wrong): 
Answer: To accomplish the task of transforming a list of dictionaries into a single dictionary where the keys are names and the values are ages, you can follow these conceptual steps:

1. **Define a Function**: Start by defining a function that takes a list of dictionaries as an argument.

2. **Initialize an Empty Dictionary**: Inside the function, create an empty dictionary that will hold the final result.

3. **Iterate Over the List**: Use a loop to iterate over each dictionary in the list.

4. **Extract Name and Age**: For each dictionary, extract the 'name' and 'age' values.

5. **Populate the Result Dictionary**: Add the extracted name as a key and the corresponding age as its value in the result dictionary.

6. **Return the Result**: After processing all dictionaries, return the result dictionary.

Here is a conceptual outline of the function:

```python
def people_to_dict(people_list):
    result = {}  # Step 2: Initialize an empty dictionary
    for person in people_list:  # Step 3: Iterate over the list
        name = person['name']  # Step 4: Extract name
        age = person['age']    # Step 4: Extract age
        result[name] = age     # Step 5: Populate the result dictionary
    return result  # Step 6: Return the result
```

This function will take a list of dictionaries, each containing 'name' and 'age', and return a dictionary mapping names to ages.


[function impl]:


def people_to_dict(people_list):
    result = {}
    for person in people_list:
        name = person['name']
        age = person['age']
        result[name] = age
    return result

[unit test results]:
Tests passed:
assert people_to_dict([{'name': 'Alice', 'age': 30}, {'name': 'Bob', 'age': 25}]) == {'Alice': 30, 'Bob': 25}
assert people_to_dict([{'name': 'Charlie', 'age': 35}, {'name': 'David', 'age': 40}]) == {'Charlie': 35, 'David': 40}
assert people_to_dict([{'name': 'Eve', 'age': 28}]) == {'Eve': 28}

Tests failed:
None

INFO - [Task id] 27 [generation text] 
INFO - {
    "reasoning": "The implementation successfully meets the task requirements as all unit tests passed without any errors.",
    "success": true,
    "critique": "Great job! Your function correctly transforms a list of dictionaries into a single dictionary mapping names to ages. Keep up the good work!"
}
INFO - {
    "reasoning": "The implementation successfully meets the task requirements as all unit tests passed without any errors.",
    "success": true,
    "critique": "Great job! Your function correctly transforms a list of dictionaries into a single dictionary mapping names to ages. Keep up the good work!"
}
INFO - [task_id]: 27 [Result]: True
INFO - LM call n parse attempt 1 / 3

INFO - [Task id] 27 [prompt] 
You are a helpful assistant that writes a description of the given function written in the Python programming language.

1) Do not mention the function name.
2) Do not mention anything about helper functions.
3) There might be some helper functions before the main function, but you only need to describe the main function.
4) Try to summarize the function in no more than 6 sentences.
5) Your response should be a single line of text.

INFO - [Task id] 27 [prompt] 

def people_to_dict(people_list):
    result = {}
    for person in people_list:
        name = person['name']
        age = person['age']
        result[name] = age
    return result


The main function is `people_to_dict`.
INFO - [Task id] 27 [generation text] This function takes a list of dictionaries, where each dictionary represents a person with their name and age. It initializes an empty dictionary to store the results. As it iterates through the list, it extracts the name and age of each person. The name is used as the key, and the corresponding age is set as the value in the result dictionary. Finally, it returns the constructed dictionary containing names as keys and ages as values. This effectively transforms a list of people into a dictionary format for easier access.
INFO - Num Completed Tasks: 26, Num Failed Tasks: 2
