INFO - DB skill doc count: 3

INFO - [train iter]: 3/100 

INFO - LM call n parse attempt 1 / 3

INFO - [Task id] 3 [prompt] 
You are a helpful assistant that asks questions to help me decide the next immediate task to do for Python programming.
My ultimate goal is to solve as many diverse problems as possible and become the best programmer in the world.

I will give you the following information:
Completed tasks so far: ...
Failed tasks that are too hard: ...

You must follow the following criteria:
1) You should ask at least 5 questions (but no more than 10 questions) to help me decide the next immediate task to do. Each question should be followed by the concept that the question is about.
2) Your question should be specific to a concept in Python programming.
  Bad example (the question is too general):
    Question: What is the best way to program in Python?
    Concept: unknown
  Good example:
    Question: How do you reverse a list?
    Concept: list
3) Your questions should be self-contained and not require any context.

Respond in JSON, and follow the keys and expected format of the values strictly.


Response format:
The output should be formatted as a JSON instance that conforms to the JSON schema below.

As an example, for the schema {"properties": {"foo": {"title": "Foo", "description": "a list of strings", "type": "array", "items": {"type": "string"}}}, "required": ["foo"]}
the object {"foo": ["bar", "baz"]} is a well-formatted instance of the schema. The object {"properties": {"foo": ["bar", "baz"]}} is not well-formatted.

Here is the output schema:
```
{"$defs": {"QuestionConcept": {"properties": {"question": {"description": "A question related to Python programming, to help me brainstorm the next immediate task to do", "title": "Question", "type": "string"}, "concept": {"description": "The Python programming concept associated with the question above", "title": "Concept", "type": "string"}}, "required": ["question", "concept"], "title": "QuestionConcept", "type": "object"}}, "properties": {"reasoning": {"description": "Reason out, step-by-step, why you picked these questions and concepts", "title": "Reasoning", "type": "string"}, "question_concept_list": {"description": "list of questions and their associated concepts", "items": {"$ref": "#/$defs/QuestionConcept"}, "title": "Question Concept List", "type": "array"}}, "required": ["reasoning", "question_concept_list"]}
```


INFO - [Task id] 3 [prompt] Completed tasks so far (do not give me these tasks again!): 
	Write a Python function that takes a list of integers and returns a list of unique integers from that list.
	Write a Python function that takes a list of integers and returns a dictionary with the integers as keys and their counts as values.
	Write a Python function that takes two lists of integers and returns a list of integers that are present in both lists (the intersection).

Failed tasks that are too hard: None


INFO - [Task id] 3 [generation text] 
INFO - {
    "reasoning": "I selected these questions to cover a variety of Python concepts that are fundamental for a programmer. The questions focus on different data structures and operations, which will help in building a well-rounded skill set. The questions include list manipulation, string handling, and working with dictionaries, which are essential for many programming tasks.",
    "question_concept_list": [
        {
            "question": "How do you sort a list of integers in ascending order?",
            "concept": "list sorting"
        },
        {
            "question": "What is the best way to merge two dictionaries in Python?",
            "concept": "dictionary"
        },
        {
            "question": "How can you read a text file and count the frequency of each word?",
            "concept": "file handling"
        },
        {
            "question": "What is the difference between a list and a tuple in Python?",
            "concept": "data structures"
        },
        {
            "question": "How do you create a class in Python and instantiate an object from it?",
            "concept": "object-oriented programming"
        }
    ]
}
INFO - {
    "reasoning": "I selected these questions to cover a variety of Python concepts that are fundamental for a programmer. The questions focus on different data structures and operations, which will help in building a well-rounded skill set. The questions include list manipulation, string handling, and working with dictionaries, which are essential for many programming tasks.",
    "question_concept_list": [
        {
            "question": "How do you sort a list of integers in ascending order?",
            "concept": "list sorting"
        },
        {
            "question": "What is the best way to merge two dictionaries in Python?",
            "concept": "dictionary"
        },
        {
            "question": "How can you read a text file and count the frequency of each word?",
            "concept": "file handling"
        },
        {
            "question": "What is the difference between a list and a tuple in Python?",
            "concept": "data structures"
        },
        {
            "question": "How do you create a class in Python and instantiate an object from it?",
            "concept": "object-oriented programming"
        }
    ]
}
INFO - LM call n parse attempt 1 / 3

INFO - [Task id] 3 [prompt] 
You are a helpful assistant that answer my question about Python programming.

I will give you the following information:
Question: ...

You will answer the question based on the context (only if available and helpful) and your own knowledge of Python programming.
1) Start your answer with "Answer: ".
2) Answer "Answer: Unknown" if you don't know the answer.

INFO - [Task id] 3 [prompt] Question: How can you read a text file and count the frequency of each word?
INFO - [Task id] 3 [generation text] Answer: You can read a text file and count the frequency of each word in Python using the following steps:

1. Open the file for reading.
2. Read the contents of the file.
3. Split the text into words.
4. Use a dictionary to count the occurrences of each word.

Here is a sample code snippet that demonstrates this process:

```python
from collections import defaultdict

# Function to count word frequency
def count_word_frequency(file_path):
    word_count = defaultdict(int)  # Using defaultdict to simplify counting

    with open(file_path, 'r') as file:
        for line in file:
            words = line.split()  # Split the line into words
            for word in words:
                word_count[word.lower()] += 1  # Convert to lowercase and count

    return word_count

# Example usage
file_path = 'example.txt'  # Replace with your file path
word_frequencies = count_word_frequency(file_path)

# Print the word frequencies
for word, count in word_frequencies.items():
    print(f"{word}: {count}")
```

In this code:
- We use `defaultdict` from the `collections` module to automatically initialize counts to zero.
- We read the file line by line, split each line into words, and update the count for each word in lowercase to ensure that the counting is case-insensitive.
- Finally, we print the word frequencies.
INFO - LM call n parse attempt 1 / 3

INFO - [Task id] 3 [prompt] 
You are a helpful assistant that answer my question about Python programming.

I will give you the following information:
Question: ...

You will answer the question based on the context (only if available and helpful) and your own knowledge of Python programming.
1) Start your answer with "Answer: ".
2) Answer "Answer: Unknown" if you don't know the answer.

INFO - [Task id] 3 [prompt] Question: How do you create a class in Python and instantiate an object from it?
INFO - [Task id] 3 [generation text] Answer: To create a class in Python, you use the `class` keyword followed by the class name and a colon. Inside the class, you can define methods and attributes. To instantiate an object from the class, you simply call the class as if it were a function.

Here is an example:

```python
# Define a class
class Dog:
    def __init__(self, name, age):
        self.name = name  # Instance variable for the dog's name
        self.age = age    # Instance variable for the dog's age

    def bark(self):
        return f"{self.name} says woof!"

# Instantiate an object from the class
my_dog = Dog("Buddy", 3)

# Accessing attributes and methods
print(my_dog.name)  # Output: Buddy
print(my_dog.age)   # Output: 3
print(my_dog.bark())  # Output: Buddy says woof!
```

In this example, we created a `Dog` class with an initializer method (`__init__`) to set the name and age of the dog. We then created an instance of `Dog` called `my_dog` and accessed its attributes and methods.
INFO - LM call n parse attempt 1 / 5

INFO - [Task id] 3 [prompt] 
You are a helpful assistant that tells me the next immediate task (in the form of a function) to do for Python programming. 
My ultimate goal is to solve as many diverse problems as possible and become the best programmer in the world.

I will give you the following information:
Question 1: ...
Answer: ...
Question 2: ...
Answer: ...
Question 3: ...
Answer: ...
...
Completed tasks so far: ...
Failed tasks that are too hard: ...

You must follow the following criteria:
1) You should act as a mentor and guide me to the next task based on my current learning progress. As a rule of thumb, guide me through beginner problems, followed by interview level problems, followed by competitive programming problems. The latter 2 levels can involve concepts from data structures and algorithms.
2) Please be very specific about what skills I need to learn.
3) Do not propose multiple tasks at the same time. Do not mention anything else.
4) The next task should not be too hard since I may not have learned enough skills to complete it yet.
5) The next task should be novel and interesting. I should look for problems which I have not solved yet. I should not be doing the same thing over and over again.
6) The task should involve writing a main Python function that at most use basic libraries (try not to import too many or too advanced modules)
7) Do not give tasks that require file operations (create, read, update, delete) or an internet connection.
8) I am only allowed to write Python functions, so do not require me to write other things (e.g. objects). 
9) Requiring me to write a function that takes in an object and uses object methods is still ok, but I cannot define the objects myself. You must provide the objects as input to my function in the assert statement.

Take note of these in your response:
1) Give an expected function name for the task.
2) Give a tuple of 3 assert statements that tests the function's correctness in the "test_tuple" field. This must strictly contain single-line assert statements only; any setup code for the test must be filled in the "test_setup_code" field.
3) The function name which you gave must be called in the assert statements. 

Respond in JSON, and follow the keys and expected format of the values strictly.


Response format:
The output should be formatted as a JSON instance that conforms to the JSON schema below.

As an example, for the schema {"properties": {"foo": {"title": "Foo", "description": "a list of strings", "type": "array", "items": {"type": "string"}}}, "required": ["foo"]}
the object {"foo": ["bar", "baz"]} is a well-formatted instance of the schema. The object {"properties": {"foo": ["bar", "baz"]}} is not well-formatted.

Here is the output schema:
```
{"properties": {"reasoning": {"description": "Based on the information listed above, reason about what the next task should be.", "title": "Reasoning", "type": "string"}, "task": {"description": "The next task, which requires me to write a single function. Be sure to state the expected data structure for inputs and outputs.", "title": "Task", "type": "string"}, "gt_fn_name": {"description": "The expected name for the single function for the task", "title": "Gt Fn Name", "type": "string"}, "test_setup_code": {"description": "setup code, if required. This will be run just before the assert statements are executed.", "title": "Test Setup Code", "type": "string"}, "test_tuple": {"description": "Tuple of 3 SINGLE-LINE test cases that starts with 'assert' to test the function's correctness.Any extra required code should be written in the test_setup_code field.", "items": {"type": "string"}, "maxItems": 3, "minItems": 3, "prefixItems": [{"type": "string"}, {"type": "string"}, {"type": "string"}], "title": "Test Tuple", "type": "array"}}, "required": ["reasoning", "task", "gt_fn_name", "test_setup_code", "test_tuple"]}
```


INFO - [Task id] 3 [prompt] 
Here's an example response:
{
    "reasoning": "The student has shown proficiency in basic Python syntax and list manipulation, but struggles with problems involving more complex algorithms and data structures. This task will help them practice using sets or dictionaries for efficient lookups, and understand the concept of algorithmic complexity.",
    "task": "Write a Python function that takes a list of integers and returns the tuple of two numbers that sum up to zero. If no such pair exists, return None.",
    "gt_fn_name": "find_zero_sum",
    "test_setup_code": "",
    "test_tuple": [
        "assert find_zero_sum([1, 2, 3, -2, -1]) == (2, -2)",
        "assert find_zero_sum([1, 2, 3, 4, 5]) == None",
        "assert find_zero_sum([1, 4, 3, -4, -1]) == (4, -4)"
    ]
}

INFO - [Task id] 3 [prompt] Question 1: How do you sort a list of integers in ascending order?
Answer: You can sort a list of integers in ascending order in Python using the `sort()` method or the `sorted()` function. 

Here are examples of both methods:

1. Using the `sort()` method (this sorts the list in place):
```python
numbers = [5, 2, 9, 1, 5, 6]
numbers.sort()
print(numbers)  # Output: [1, 2, 5, 5, 6, 9]
```

2. Using the `sorted()` function (this returns a new sorted list):
```python
numbers = [5, 2, 9, 1, 5, 6]
sorted_numbers = sorted(numbers)
print(sorted_numbers)  # Output: [1, 2, 5, 5, 6, 9]
```

Both methods will sort the list in ascending order by default.

Question 2: What is the best way to merge two dictionaries in Python?
Answer: The best way to merge two dictionaries in Python depends on the version of Python you are using. 

In Python 3.9 and later, you can use the `|` operator to merge dictionaries:

```python
dict1 = {'a': 1, 'b': 2}
dict2 = {'b': 3, 'c': 4}
merged_dict = dict1 | dict2
```

In Python 3.5 and later, you can use the `**` unpacking operator:

```python
dict1 = {'a': 1, 'b': 2}
dict2 = {'b': 3, 'c': 4}
merged_dict = {**dict1, **dict2}
```

In earlier versions of Python, you can use the `update()` method:

```python
dict1 = {'a': 1, 'b': 2}
dict2 = {'b': 3, 'c': 4}
dict1.update(dict2)
merged_dict = dict1  # dict1 is now updated
```

Choose the method that best fits your needs and the version of Python you are using.

Question 3: How can you read a text file and count the frequency of each word?
Answer: You can read a text file and count the frequency of each word in Python using the following steps:

1. Open the file for reading.
2. Read the contents of the file.
3. Split the text into words.
4. Use a dictionary to count the occurrences of each word.

Here is a sample code snippet that demonstrates this process:

```python
from collections import defaultdict

# Function to count word frequency
def count_word_frequency(file_path):
    word_count = defaultdict(int)  # Using defaultdict to simplify counting

    with open(file_path, 'r') as file:
        for line in file:
            words = line.split()  # Split the line into words
            for word in words:
                word_count[word.lower()] += 1  # Convert to lowercase and count

    return word_count

# Example usage
file_path = 'example.txt'  # Replace with your file path
word_frequencies = count_word_frequency(file_path)

# Print the word frequencies
for word, count in word_frequencies.items():
    print(f"{word}: {count}")
```

In this code:
- We use `defaultdict` from the `collections` module to automatically initialize counts to zero.
- We read the file line by line, split each line into words, and update the count for each word in lowercase to ensure that the counting is case-insensitive.
- Finally, we print the word frequencies.

Question 4: What is the difference between a list and a tuple in Python?
Answer: The main differences between a list and a tuple in Python are:

1. **Mutability**: Lists are mutable, meaning you can change their content (add, remove, or modify elements) after they are created. Tuples, on the other hand, are immutable, which means once a tuple is created, you cannot change its content.

2. **Syntax**: Lists are defined using square brackets `[]`, while tuples are defined using parentheses `()`.

3. **Performance**: Tuples can be slightly more memory-efficient and faster than lists for certain operations because of their immutability.

4. **Use Cases**: Lists are generally used for collections of items that may need to be modified, while tuples are often used for fixed collections of items, such as coordinates or records, where the data should not change.

Example:
```python
# List
my_list = [1, 2, 3]
my_list.append(4)  # This is allowed

# Tuple
my_tuple = (1, 2, 3)
# my_tuple.append(4)  # This would raise an AttributeError
```

In summary, choose lists when you need a mutable sequence and tuples when you need an immutable sequence.

Question 5: How do you create a class in Python and instantiate an object from it?
Answer: To create a class in Python, you use the `class` keyword followed by the class name and a colon. Inside the class, you can define methods and attributes. To instantiate an object from the class, you simply call the class as if it were a function.

Here is an example:

```python
# Define a class
class Dog:
    def __init__(self, name, age):
        self.name = name  # Instance variable for the dog's name
        self.age = age    # Instance variable for the dog's age

    def bark(self):
        return f"{self.name} says woof!"

# Instantiate an object from the class
my_dog = Dog("Buddy", 3)

# Accessing attributes and methods
print(my_dog.name)  # Output: Buddy
print(my_dog.age)   # Output: 3
print(my_dog.bark())  # Output: Buddy says woof!
```

In this example, we created a `Dog` class with an initializer method (`__init__`) to set the name and age of the dog. We then created an instance of `Dog` called `my_dog` and accessed its attributes and methods.

Completed tasks so far (do not give me these tasks again!): 
	Write a Python function that takes a list of integers and returns a list of unique integers from that list.
	Write a Python function that takes a list of integers and returns a dictionary with the integers as keys and their counts as values.
	Write a Python function that takes two lists of integers and returns a list of integers that are present in both lists (the intersection).

Failed tasks that are too hard: None


INFO - [Task id] 3 [generation text] 
INFO - {
    "reasoning": "The student has demonstrated a good understanding of basic Python concepts such as sorting, dictionary merging, and class instantiation. The next task will involve working with sets, which is a new concept for them, and will help them practice using built-in data structures effectively. This task will also introduce them to the concept of finding unique elements in a list using sets, which is both interesting and useful.",
    "task": "Write a Python function that takes a list of integers and returns a list of integers that are unique (appear only once) in the list.",
    "gt_fn_name": "find_unique_integers",
    "test_setup_code": "",
    "test_tuple": [
        "assert find_unique_integers([1, 2, 3, 2, 1, 4]) == [3, 4]",
        "assert find_unique_integers([1, 1, 1, 1]) == []",
        "assert find_unique_integers([5, 6, 7, 5, 6, 8]) == [7, 8]"
    ]
}
INFO - {
    "reasoning": "The student has demonstrated a good understanding of basic Python concepts such as sorting, dictionary merging, and class instantiation. The next task will involve working with sets, which is a new concept for them, and will help them practice using built-in data structures effectively. This task will also introduce them to the concept of finding unique elements in a list using sets, which is both interesting and useful.",
    "task": "Write a Python function that takes a list of integers and returns a list of integers that are unique (appear only once) in the list.",
    "gt_fn_name": "find_unique_integers",
    "test_setup_code": "",
    "test_tuple": [
        "assert find_unique_integers([1, 2, 3, 2, 1, 4]) == [3, 4]",
        "assert find_unique_integers([1, 1, 1, 1]) == []",
        "assert find_unique_integers([5, 6, 7, 5, 6, 8]) == [7, 8]"
    ]
}
INFO - The task prompt is Write a Python function that takes a list of integers and returns a list of integers that are unique (appear only once) in the list.
You must strictly follow the function name: find_unique_integers

INFO - LM call n parse attempt 1 / 3

INFO - [Task id] 3 [prompt] 
You are a helpful assistant that answer my question about Python programming.

I will give you the following information:
Question: ...

You will answer the question based on the context (only if available and helpful) and your own knowledge of Python programming.
1) Start your answer with "Answer: ".
2) Answer "Answer: Unknown" if you don't know the answer.

INFO - [Task id] 3 [prompt] Question: Explain at a conceptual level, how to accomplish the below task in Python programming?
Write a Python function that takes a list of integers and returns a list of integers that are unique (appear only once) in the list.
INFO - [Task id] 3 [generation text] Answer: To accomplish the task of finding unique integers in a list in Python, you can follow these conceptual steps:

1. **Initialize a Data Structure**: Use a dictionary or a `collections.Counter` to count the occurrences of each integer in the list. This will help you keep track of how many times each integer appears.

2. **Iterate Through the List**: Loop through the list of integers and update the count for each integer in the dictionary or counter.

3. **Filter Unique Integers**: After counting the occurrences, create a new list that includes only those integers that have a count of one (i.e., they appear only once in the original list).

4. **Return the Result**: Finally, return the list of unique integers.

Here is a conceptual outline of the function:

```python
def find_unique_integers(int_list):
    # Step 1: Count occurrences
    count_dict = {}
    for num in int_list:
        if num in count_dict:
            count_dict[num] += 1
        else:
            count_dict[num] = 1
            
    # Step 2: Filter unique integers
    unique_integers = [num for num, count in count_dict.items() if count == 1]
    
    # Step 3: Return the result
    return unique_integers
```

This function will take a list of integers as input and return a new list containing only those integers that are unique.
INFO - Attempting task_id 3
INFO - [35m Rollout attempt 1/4[0m
INFO - [33m Retrieving 3 entries for db: skill 
 [0m
INFO - [33m unique_integers, count_occurrences, find_intersection[0m
INFO - LM call n parse attempt 1 / 3

INFO - [Task id] 3 [prompt] You are a helpful assistant that writes python code to solve a task specified by me.

Here are some useful functions written earlier which you can reuse or reference.


[Entry]:


    def unique_integers(int_list):
        unique_set = set(int_list)
        return list(unique_set)

[/Entry]

[Entry]:


    def count_occurrences(int_list):
        counts = {}
        for num in int_list:
            if (num in counts):
                counts[num] += 1
            else:
                counts[num] = 1
        return counts

[/Entry]

[Entry]:


    def find_intersection(list1, list2):
        set1 = set(list1)
        intersection_set = set()
        for item in list2:
            if (item in set1):
                intersection_set.add(item)
        return list(intersection_set)

[/Entry]






At each round of conversation, I will give you
[Environment feedback] (after executing code) ...
[Code from the last round] ...
[Task] ...
[Context] ...
[Critique] ...

You should then respond to me with
Explain (if applicable): Are there any steps missing in your plan? Why does the code not complete the task? What does the chat log and execution error imply?
Plan: How to complete the task step by step. 
Code:
    1) Reuse or reference the above useful programs if necessary.
    2) Your function will be reused for building more complex functions. Therefore, you should make it generic and reusable. 
    3) Functions in the "Code from the last round" section will not be saved or executed. Do not reuse functions listed there.
    4) Anything defined outside a function will be ignored, define all your variables inside your functions.
    5) Do not write infinite loops.
    6) If the task specifies a function name to be used, follow it strictly (be case sensitive!). Else, name your function in a meaningful way (can infer the task from the name).
    7) Your code should only contain elements that solve the task, so DO NOT write any assert statements / tests
    8) The context in the [Context] tag serves as a casual tip (which can be wrong) to help you on the task, but your priority is to follow instructions in the [Task] tag.

You should only respond in the format as described below:
RESPONSE FORMAT:

Explain: ...
Plan:
1) ...
2) ...
3) ...
...
Code:
```python
# helper functions (only if needed, try to avoid them)
...
# main function after the helper functions
def yourMainFunctionName(args):
  # ...

```


INFO - [Task id] 3 [prompt] [Environment feedback]
None

[Code from the last round]
No code in the first round

[Task]
Write a Python function that takes a list of integers and returns a list of integers that are unique (appear only once) in the list.
You must strictly follow the function name: find_unique_integers

[Context]
Rough plan to accomplish the task (can be wrong): 
Answer: To accomplish the task of finding unique integers in a list in Python, you can follow these conceptual steps:

1. **Initialize a Data Structure**: Use a dictionary or a `collections.Counter` to count the occurrences of each integer in the list. This will help you keep track of how many times each integer appears.

2. **Iterate Through the List**: Loop through the list of integers and update the count for each integer in the dictionary or counter.

3. **Filter Unique Integers**: After counting the occurrences, create a new list that includes only those integers that have a count of one (i.e., they appear only once in the original list).

4. **Return the Result**: Finally, return the list of unique integers.

Here is a conceptual outline of the function:

```python
def find_unique_integers(int_list):
    # Step 1: Count occurrences
    count_dict = {}
    for num in int_list:
        if num in count_dict:
            count_dict[num] += 1
        else:
            count_dict[num] = 1
            
    # Step 2: Filter unique integers
    unique_integers = [num for num, count in count_dict.items() if count == 1]
    
    # Step 3: Return the result
    return unique_integers
```

This function will take a list of integers as input and return a new list containing only those integers that are unique.


[Critique]
None


INFO - [Task id] 3 [generation text] Explain: The rough plan provided in the context is mostly correct and outlines the necessary steps to find unique integers in a list. However, it does not utilize the existing helper functions that can simplify the task. Specifically, the `count_occurrences` function can be reused to count the occurrences of integers in the list, which will streamline the implementation.

Plan:
1) Use the `count_occurrences` function to get a dictionary of integer counts from the input list.
2) Iterate through the dictionary to filter out integers that have a count of one (i.e., unique integers).
3) Return the list of unique integers.

Code:
```python
# helper functions (only if needed, try to avoid them)
def count_occurrences(int_list):
    counts = {}
    for num in int_list:
        if (num in counts):
            counts[num] += 1
        else:
            counts[num] = 1
    return counts

# main function after the helper functions
def find_unique_integers(int_list):
    counts = count_occurrences(int_list)
    unique_integers = [num for num, count in counts.items() if count == 1]
    return unique_integers
```
INFO - program_code:
 

def count_occurrences(int_list):
    counts = {}
    for num in int_list:
        if (num in counts):
            counts[num] += 1
        else:
            counts[num] = 1
    return counts




def find_unique_integers(int_list):
    counts = count_occurrences(int_list)
    unique_integers = [num for (num, count) in counts.items() if (count == 1)]
    return unique_integers


INFO - program_name:
 find_unique_integers

INFO - dependencies:
 []

INFO - raw_msg:
 Explain: The rough plan provided in the context is mostly correct and outlines the necessary steps to find unique integers in a list. However, it does not utilize the existing helper functions that can simplify the task. Specifically, the `count_occurrences` function can be reused to count the occurrences of integers in the list, which will streamline the implementation.

Plan:
1) Use the `count_occurrences` function to get a dictionary of integer counts from the input list.
2) Iterate through the dictionary to filter out integers that have a count of one (i.e., unique integers).
3) Return the list of unique integers.

Code:
```python
# helper functions (only if needed, try to avoid them)
def count_occurrences(int_list):
    counts = {}
    for num in int_list:
        if (num in counts):
            counts[num] += 1
        else:
            counts[num] = 1
    return counts

# main function after the helper functions
def find_unique_integers(int_list):
    counts = count_occurrences(int_list)
    unique_integers = [num for num, count in counts.items() if count == 1]
    return unique_integers
```

INFO - no_parent:
 True

INFO - full code to be executed: 
 

def count_occurrences(int_list):
    counts = {}
    for num in int_list:
        if (num in counts):
            counts[num] += 1
        else:
            counts[num] = 1
    return counts




def find_unique_integers(int_list):
    counts = count_occurrences(int_list)
    unique_integers = [num for (num, count) in counts.items() if (count == 1)]
    return unique_integers


INFO - obs: Tests passed:
assert find_unique_integers([1, 2, 3, 2, 1, 4]) == [3, 4]
assert find_unique_integers([1, 1, 1, 1]) == []
assert find_unique_integers([5, 6, 7, 5, 6, 8]) == [7, 8]

Tests failed:
None
reward: True
done: None
info: {'individual_results': (True, True, True)}
INFO - LM call n parse attempt 1 / 5

INFO - [Task id] 3 [prompt] 
You are a Python programming assistant that assesses my progress of Python programming and provides useful guidance.

I will give you the following information:

[Task]: The objective I need to accomplish.
[Context]: The context of the task. Serves as a casual tip (which can be wrong) to help me on the task, but my priority is to follow instructions in the Task tag.
[function impl]: My function implementation that is intended to complete the task
[unit test results]: The results after executing my function implementation on the unit tests

Your first goal is to use these info to evaluate if I have met the task requirements, and explain why. 
It is possible that the unit test results all pass, but the code does not accomplish the task (eg by failing to accomplish the task in scenarios not covered by the unit tests)
It is also possible that the unit tests are wrong in the first place, though the code accomplishes the task and fails the unit test.

If I have not met the task requirements, write a few sentences to explain why the function implementation is wrong as indicated by the tests. 
You will need this as guidance when you try again later.
Only provide the few sentence description in your answer, not the implementation. 
Suggest how the function implementation can be changed, NOT the test cases (assert statements)

You should only respond in JSON format as described below:
The output should be formatted as a JSON instance that conforms to the JSON schema below.

As an example, for the schema {"properties": {"foo": {"title": "Foo", "description": "a list of strings", "type": "array", "items": {"type": "string"}}}, "required": ["foo"]}
the object {"foo": ["bar", "baz"]} is a well-formatted instance of the schema. The object {"properties": {"foo": ["bar", "baz"]}} is not well-formatted.

Here is the output schema:
```
{"description": "Represents the critique of a task attempt, including reasoning, success status, and suggestions for improvement.\n\nAttributes:\n    reasoning (str): Explanation of why the task was succeeded or failed.\n    success (bool): Indicates whether the task requirements were met.\n    critique (str): Suggestions or critique to help improve future task attempts.", "properties": {"reasoning": {"description": "reason why I have succeeded or failed at the task", "title": "Reasoning", "type": "string"}, "success": {"description": "evaluate if I have met the task requirements", "title": "Success", "type": "boolean"}, "critique": {"description": "critique to help me improve", "title": "Critique", "type": "string"}}, "required": ["reasoning", "success", "critique"]}
```

INFO - [Task id] 3 [prompt] 
Here are some examples:

Example 1:
[function impl]:
```python
def longest_subarray_with_sum_limit(nums: List[int], target: int) -> List[int]:
    n = len(nums)
    left, right = 0, 0
    max_length = 0
    current_sum = 0
    result = []
    while right < n:
        current_sum += nums[right]
        while current_sum > target:
            current_sum -= nums[left]
            left += 1
        if right - left + 1 >= max_length:
            max_length = right - left + 1
            result = nums[left:right+1]
        right += 1
    return result
```
[unit test results]:
Tests passing:
assert longest_subarray_with_sum_limit([1, 2, 3, 4, 5], 8) == [1, 2, 3]
assert longest_subarray_with_sum_limit([1, 2, 3, 4, 5], 15) == [1, 2, 3, 4, 5]
assert longest_subarray_with_sum_limit([1, -1, 2, -2, 3, -3], 2) == [1, -1, 2, -2, 3]
assert longest_subarray_with_sum_limit([], 10) == []
assert longest_subarray_with_sum_limit([], 0) == []
assert longest_subarray_with_sum_limit([], -5) == []  
Tests failing:
assert longest_subarray_with_sum_limit([5, 6, 7, 8, 9], 4) == [] # output: [5]

RESPONSE:
{
    "reasoning": "The implementation failed the test case where no subarray fulfills the condition",
    "success": false,
    "critique": "The issue in the implementation is due to the use of >= instead of > in the condition to update the result. Because of this, it returns a subarray even when the sum is greater than the target, as it still updates the result when the current subarray length is equal to the previous longest subarray length. To overcome this error, we should change the condition to only update the result when the current subarray length is strictly greater than the previous longest subarray length. This can be done by replacing >= with > in the condition."
}


Example 2:
[function impl]:
```python
def longest_subarray_with_sum_limit(nums: List[int], target: int) -> List[int]:
    n = len(nums)
    left, right = 0, 0
    max_length = 0
    current_sum = 0
    result = []
    while current_sum + nums[right] <= target:
        current_sum += nums[right]
        right += 1
    while right < n:
        current_sum += nums[right]
        while current_sum > target:
            current_sum -= nums[left]
            left += 1
        if right - left + 1 > max_length:
            max_length = right - left + 1
            result = nums[left:right+1]
        right += 1
    return result
```
[unit test results]:
Tests passing:
assert longest_subarray_with_sum_limit([], 10) == []
assert longest_subarray_with_sum_limit([], 0) == []
assert longest_subarray_with_sum_limit([], -5) == []
Tests failing:
assert longest_subarray_with_sum_limit([1, 2, 3, 4, 5], 8) == [1, 2, 3] # output: list index out of range
assert longest_subarray_with_sum_limit([1, 2, 3, 4, 5], 15) == [1, 2, 3, 4, 5] # output: list index out of range
assert longest_subarray_with_sum_limit([5, 6, 7, 8, 9], 4) == [] # output: list index out of range
assert longest_subarray_with_sum_limit([1, -1, 2, -2, 3, -3], 2) == [1, -1, 2, -2, 3] # output: list index out of range

RESPONSE:
{
    "reason": "The implementation failed 4 out of the 7 test cases due to an IndexError.",
    "success": false,
    "critique": "The issue stems from the while loop while current_sum + nums[right] <= target:, which directly accesses nums[right] without checking if right is within the bounds of the list. This results in a runtime error when right goes beyond the list length. To overcome this error, we need to add a bounds check for the right variable in the mentioned while loop. We can modify the loop condition to while right < len(nums) and current_sum + nums[right] <= target:. This change will ensure that we only access elements within the bounds of the list, thus avoiding the IndexError."
}


END OF EXAMPLES

INFO - [Task id] 3 [prompt] [Task]:
Write a Python function that takes a list of integers and returns a list of integers that are unique (appear only once) in the list.
[Context]: 
 Rough plan to accomplish the task (can be wrong): 
Answer: To accomplish the task of finding unique integers in a list in Python, you can follow these conceptual steps:

1. **Initialize a Data Structure**: Use a dictionary or a `collections.Counter` to count the occurrences of each integer in the list. This will help you keep track of how many times each integer appears.

2. **Iterate Through the List**: Loop through the list of integers and update the count for each integer in the dictionary or counter.

3. **Filter Unique Integers**: After counting the occurrences, create a new list that includes only those integers that have a count of one (i.e., they appear only once in the original list).

4. **Return the Result**: Finally, return the list of unique integers.

Here is a conceptual outline of the function:

```python
def find_unique_integers(int_list):
    # Step 1: Count occurrences
    count_dict = {}
    for num in int_list:
        if num in count_dict:
            count_dict[num] += 1
        else:
            count_dict[num] = 1
            
    # Step 2: Filter unique integers
    unique_integers = [num for num, count in count_dict.items() if count == 1]
    
    # Step 3: Return the result
    return unique_integers
```

This function will take a list of integers as input and return a new list containing only those integers that are unique.


[function impl]:


def count_occurrences(int_list):
    counts = {}
    for num in int_list:
        if (num in counts):
            counts[num] += 1
        else:
            counts[num] = 1
    return counts




def find_unique_integers(int_list):
    counts = count_occurrences(int_list)
    unique_integers = [num for (num, count) in counts.items() if (count == 1)]
    return unique_integers

[unit test results]:
Tests passed:
assert find_unique_integers([1, 2, 3, 2, 1, 4]) == [3, 4]
assert find_unique_integers([1, 1, 1, 1]) == []
assert find_unique_integers([5, 6, 7, 5, 6, 8]) == [7, 8]

Tests failed:
None

INFO - [Task id] 3 [generation text] 
INFO - {
    "reasoning": "The implementation successfully meets the task requirements as all unit tests passed without any failures.",
    "success": true,
    "critique": "Great job! Your function correctly identifies unique integers in the list and passes all the provided test cases."
}
INFO - {
    "reasoning": "The implementation successfully meets the task requirements as all unit tests passed without any failures.",
    "success": true,
    "critique": "Great job! Your function correctly identifies unique integers in the list and passes all the provided test cases."
}
INFO - [task_id]: 3 [Result]: True
INFO - LM call n parse attempt 1 / 3

INFO - [Task id] 3 [prompt] 
You are a helpful assistant that writes a description of the given function written in the Python programming language.

1) Do not mention the function name.
2) Do not mention anything about helper functions.
3) There might be some helper functions before the main function, but you only need to describe the main function.
4) Try to summarize the function in no more than 6 sentences.
5) Your response should be a single line of text.

INFO - [Task id] 3 [prompt] 

def count_occurrences(int_list):
    counts = {}
    for num in int_list:
        if (num in counts):
            counts[num] += 1
        else:
            counts[num] = 1
    return counts




def find_unique_integers(int_list):
    counts = count_occurrences(int_list)
    unique_integers = [num for (num, count) in counts.items() if (count == 1)]
    return unique_integers


The main function is `find_unique_integers`.
INFO - [Task id] 3 [generation text] This function takes a list of integers as input and counts the occurrences of each integer in the list. It then creates a new list containing only the integers that appear exactly once in the original list. The result is a list of unique integers, which are those that do not have any duplicates. Finally, the function returns this list of unique integers.
INFO - Num Completed Tasks: 4, Num Failed Tasks: 0
