INFO - DB skill doc count: 46

INFO - [train iter]: 49/100 

INFO - LM call n parse attempt 1 / 3

INFO - [Task id] 49 [prompt] 
You are a helpful assistant that asks questions to help me decide the next immediate task to do for Python programming.
My ultimate goal is to solve as many diverse problems as possible and become the best programmer in the world.

I will give you the following information:
Completed tasks so far: ...
Failed tasks that are too hard: ...

You must follow the following criteria:
1) You should ask at least 5 questions (but no more than 10 questions) to help me decide the next immediate task to do. Each question should be followed by the concept that the question is about.
2) Your question should be specific to a concept in Python programming.
  Bad example (the question is too general):
    Question: What is the best way to program in Python?
    Concept: unknown
  Good example:
    Question: How do you reverse a list?
    Concept: list
3) Your questions should be self-contained and not require any context.

Respond in JSON, and follow the keys and expected format of the values strictly.


Response format:
The output should be formatted as a JSON instance that conforms to the JSON schema below.

As an example, for the schema {"properties": {"foo": {"title": "Foo", "description": "a list of strings", "type": "array", "items": {"type": "string"}}}, "required": ["foo"]}
the object {"foo": ["bar", "baz"]} is a well-formatted instance of the schema. The object {"properties": {"foo": ["bar", "baz"]}} is not well-formatted.

Here is the output schema:
```
{"$defs": {"QuestionConcept": {"properties": {"question": {"description": "A question related to Python programming, to help me brainstorm the next immediate task to do", "title": "Question", "type": "string"}, "concept": {"description": "The Python programming concept associated with the question above", "title": "Concept", "type": "string"}}, "required": ["question", "concept"], "title": "QuestionConcept", "type": "object"}}, "properties": {"reasoning": {"description": "Reason out, step-by-step, why you picked these questions and concepts", "title": "Reasoning", "type": "string"}, "question_concept_list": {"description": "list of questions and their associated concepts", "items": {"$ref": "#/$defs/QuestionConcept"}, "title": "Question Concept List", "type": "array"}}, "required": ["reasoning", "question_concept_list"]}
```


INFO - [Task id] 49 [prompt] Completed tasks so far (do not give me these tasks again!): 
	Write a Python function that takes a list of integers and returns a new list containing only the even numbers from the original list.
	Write a Python function that takes a list of strings and returns a dictionary where the keys are the strings and the values are the number of times each string appears in the list.
	Write a Python function that takes a list of strings and returns a dictionary where the keys are the lengths of the strings and the values are lists of strings of that length.
	Write a Python function that takes a string and returns the first non-repeating character in it. If all characters repeat, return None.
	Write a Python function that takes a list of integers and returns a list of all unique pairs (as tuples) that sum up to a given target integer. The pairs should be sorted in ascending order, and each pair should be sorted as well.
	Write a Python function that takes a string and returns the longest substring without repeating characters.
	Write a Python function that takes two lists of integers and returns a list of their common elements. The result should not contain duplicates and should be sorted in ascending order.
	Write a Python function that takes a list of integers and sorts it in ascending order using the bubble sort algorithm. The function should return the sorted list.
	Write a Python function that takes a list of integers and returns a new list with the elements in reverse order.
	Write a Python function that takes a list of integers and returns the greatest common divisor (GCD) of the numbers in the list. Use the Euclidean algorithm to find the GCD.
	Write a Python function that takes a string and returns a new string with all the vowels removed. The function should be case-insensitive, meaning it should remove both uppercase and lowercase vowels.
	Write a Python function that takes two lists of integers and returns a list of integers that are present in both lists, without duplicates. Use set operations to achieve this.
	Write a Python function that takes a list of operations (as strings) and simulates a stack using a list. The operations can be 'push X' to push an integer X onto the stack, 'pop' to remove the top element, and 'peek' to return the top element without removing it. The function should return a list of results from the 'pop' and 'peek' operations.
	Write a Python function that takes two lists of integers and returns a list of integers that are present in either of the lists but not in both. The result should not contain duplicates and should be sorted in ascending order.
	Write a Python function that takes a list of integers and returns a dictionary where the keys are the integers and the values are the number of times each integer appears in the list. This will help practice using dictionaries for counting occurrences.
	Write a Python function that takes an integer n and returns a list of all prime numbers less than n. This will help you practice loops, conditionals, and understanding of prime numbers.
	Write a Python function that takes a string and a pattern (both strings) and returns True if the pattern is found in the string, and False otherwise. The function should perform a simple substring search.
	Write a Python function that calculates the factorial of a given non-negative integer using recursion. The function should return the factorial value.
	Write a Python function that takes a list of integers and returns the index of the first occurrence of the maximum value in the list. If the list is empty, return -1.
	Write a Python function that takes a list of integers and returns a list of the k largest elements in descending order. Use a min-heap to efficiently find the k largest elements.
	Write a Python function that takes a list of integers and returns a list of all integers that appear more than once in the list. The result should not contain duplicates and should be sorted in ascending order.
	Write a Python function that takes a list of integers and returns the list sorted in ascending order using the quicksort algorithm. This will help you practice implementing a classic sorting algorithm and understanding its recursive nature.
	Write a Python function that takes a string and returns True if the string is a palindrome (reads the same forwards and backwards), ignoring spaces, punctuation, and capitalization. Otherwise, return False.
	Write a Python function that takes a list of integers and returns a list of integers that appear only once in the original list. The result should be sorted in ascending order.
	Write a Python function that takes a string and a list of words, and returns a list of words from the list that are substrings of the given string. This will help practice string manipulation and searching techniques.
	Write a Python function that takes a list of integers and returns a list of integers that appear more than once in the list. The result should not contain duplicates and should be sorted in ascending order.
	Write a Python function that takes a list of integers and returns a list of integers that are duplicates in the original list. The result should not contain duplicates and should be sorted in ascending order. Use a set to efficiently find duplicates.
	Write a Python function that takes a string containing only the characters '(', ')', '{', '}', '[' and ']', and returns True if the input string is valid. An input string is valid if: 1. Open brackets must be closed by the same type of brackets. 2. Open brackets must be closed in the correct order. The function should return False otherwise.
	Write a Python function that takes a list of strings representing a postfix expression (Reverse Polish Notation) and returns the evaluated result as an integer. The function should use a stack to evaluate the expression.
	Write a Python function that takes a list of integers and returns the second largest unique integer in the list. If there is no such integer, return None. This task will help you practice using sets for unique elements and sorting techniques.
	Write a Python function that takes a list of integers and returns a dictionary where the keys are the integers and the values are lists of indices where each integer appears in the list. This will help practice using dictionaries to store lists and track multiple occurrences of elements.
	Write a Python function that takes a string and returns the first unique character in it. Use a dictionary to count the occurrences of each character. If there is no unique character, return None.
	Write a Python function that takes a binary tree (represented as a nested list) and returns the sum of all its nodes. The binary tree is represented as a list where the first element is the root value, the second element is the left subtree, and the third element is the right subtree. If a subtree is empty, it is represented as an empty list.
	Write a Python function that performs a breadth-first search (BFS) on a graph represented as an adjacency list. The function should take the graph and a starting node as inputs and return a list of nodes in the order they are visited.
	Write a Python function that takes a string and a pattern (both strings) and returns the starting index of the first occurrence of the pattern in the string. If the pattern is not found, return -1. This will help practice string manipulation and searching techniques.
	Write a Python function that takes a list of integers and returns the sum of all even numbers in the list. This task will help practice iterating through lists and applying conditional logic.
	Write a Python function that takes an integer n and returns a list of all perfect squares less than n. A perfect square is an integer that is the square of an integer. This task will help practice loops, conditionals, and understanding of number properties.
	Write a Python function that takes a list of integers and returns the next greater element for each element in the list. The next greater element for an element x is the first greater element on the right side of x in the list. If no such element exists, return -1 for that position.
	Write a Python function that takes a list of n-1 integers in the range from 1 to n and returns the missing number. The list will not contain any duplicates.
	Write a Python function that takes a list of integers and returns the list of integers sorted in ascending order using the insertion sort algorithm. This will help you practice implementing a classic sorting algorithm and understanding its iterative nature.
	Write a Python function that takes a list of integers and returns the sum of all odd numbers in the list. This task will help practice iterating through lists and applying conditional logic.
	Write a Python function that takes a list of integers and returns the list of integers sorted in ascending order using the selection sort algorithm. This will help you practice implementing a classic sorting algorithm and understanding its iterative nature.
	Write a Python function that takes a list of integers and returns the maximum sum of any contiguous subarray. This will help practice iterating through lists and understanding dynamic programming concepts.
	Write a Python function that takes a list of integers and returns the product of all the integers in the list. If the list is empty, return 1.
	Write a Python function that takes a list of integers and returns the sum of all prime numbers in the list. This task will help practice loops, conditionals, and understanding of prime numbers.
	Write a Python function that takes two sorted lists of integers and returns a list of their intersection. The result should not contain duplicates and should be sorted in ascending order.

Failed tasks that are too hard: 
	Write a Python function that implements a queue using a list. The function should support enqueue (add an item to the end of the queue), dequeue (remove an item from the front of the queue), and is_empty (check if the queue is empty) operations. The function should return a tuple of results from these operations for testing purposes.
	Write a Python function that simulates a stack using a list. The function should support 'push' (add an item to the top of the stack), 'pop' (remove the item from the top of the stack), and 'peek' (return the item at the top of the stack without removing it) operations. The function should return a list of results from the 'pop' and 'peek' operations for testing purposes.
	Write a Python function that takes a list of integers and returns the maximum product of any two integers in the list. This will help practice iterating through lists and understanding pairwise comparisons.


INFO - [Task id] 49 [generation text] 
INFO - {
    "reasoning": "The questions selected cover a range of Python programming concepts that have not been tackled yet. They include data structures, algorithms, and string manipulation, which will help diversify the skill set. The questions also consider the complexity of the tasks, ensuring they are challenging but not too difficult based on the failed tasks.",
    "question_concept_list": [
        {
            "question": "How do you implement a queue using a list in Python?",
            "concept": "queue"
        },
        {
            "question": "What is the best way to find the maximum product of any two integers in a list?",
            "concept": "list"
        },
        {
            "question": "How can you implement a binary search algorithm in Python?",
            "concept": "searching"
        },
        {
            "question": "What is the method to check if a string is an anagram of another string?",
            "concept": "string manipulation"
        },
        {
            "question": "How do you find the longest common prefix among a list of strings?",
            "concept": "string manipulation"
        }
    ]
}
INFO - {
    "reasoning": "The questions selected cover a range of Python programming concepts that have not been tackled yet. They include data structures, algorithms, and string manipulation, which will help diversify the skill set. The questions also consider the complexity of the tasks, ensuring they are challenging but not too difficult based on the failed tasks.",
    "question_concept_list": [
        {
            "question": "How do you implement a queue using a list in Python?",
            "concept": "queue"
        },
        {
            "question": "What is the best way to find the maximum product of any two integers in a list?",
            "concept": "list"
        },
        {
            "question": "How can you implement a binary search algorithm in Python?",
            "concept": "searching"
        },
        {
            "question": "What is the method to check if a string is an anagram of another string?",
            "concept": "string manipulation"
        },
        {
            "question": "How do you find the longest common prefix among a list of strings?",
            "concept": "string manipulation"
        }
    ]
}
INFO - LM call n parse attempt 1 / 5

INFO - [Task id] 49 [prompt] 
You are a helpful assistant that tells me the next immediate task (in the form of a function) to do for Python programming. 
My ultimate goal is to solve as many diverse problems as possible and become the best programmer in the world.

I will give you the following information:
Question 1: ...
Answer: ...
Question 2: ...
Answer: ...
Question 3: ...
Answer: ...
...
Completed tasks so far: ...
Failed tasks that are too hard: ...

You must follow the following criteria:
1) You should act as a mentor and guide me to the next task based on my current learning progress. As a rule of thumb, guide me through beginner problems, followed by interview level problems, followed by competitive programming problems. The latter 2 levels can involve concepts from data structures and algorithms.
2) Please be very specific about what skills I need to learn.
3) Do not propose multiple tasks at the same time. Do not mention anything else.
4) The next task should not be too hard since I may not have learned enough skills to complete it yet.
5) The next task should be novel and interesting. I should look for problems which I have not solved yet. I should not be doing the same thing over and over again.
6) The task should involve writing a main Python function that at most use basic libraries (try not to import too many or too advanced modules)
7) Do not give tasks that require file operations (create, read, update, delete) or an internet connection.
8) I am only allowed to write Python functions, so do not require me to write other things (e.g. objects). 
9) Requiring me to write a function that takes in an object and uses object methods is still ok, but I cannot define the objects myself. You must provide the objects as input to my function in the assert statement.

Take note of these in your response:
1) Give an expected function name for the task.
2) Give a tuple of 3 assert statements that tests the function's correctness in the "test_tuple" field. This must strictly contain single-line assert statements only; any setup code for the test must be filled in the "test_setup_code" field.
3) The function name which you gave must be called in the assert statements. 

Respond in JSON, and follow the keys and expected format of the values strictly.


Response format:
The output should be formatted as a JSON instance that conforms to the JSON schema below.

As an example, for the schema {"properties": {"foo": {"title": "Foo", "description": "a list of strings", "type": "array", "items": {"type": "string"}}}, "required": ["foo"]}
the object {"foo": ["bar", "baz"]} is a well-formatted instance of the schema. The object {"properties": {"foo": ["bar", "baz"]}} is not well-formatted.

Here is the output schema:
```
{"properties": {"reasoning": {"description": "Based on the information listed above, reason about what the next task should be.", "title": "Reasoning", "type": "string"}, "task": {"description": "The next task, which requires me to write a single function. Be sure to state the expected data structure for inputs and outputs.", "title": "Task", "type": "string"}, "gt_fn_name": {"description": "The expected name for the single function for the task", "title": "Gt Fn Name", "type": "string"}, "test_setup_code": {"description": "setup code, if required. This will be run just before the assert statements are executed.", "title": "Test Setup Code", "type": "string"}, "test_tuple": {"description": "Tuple of 3 SINGLE-LINE test cases that starts with 'assert' to test the function's correctness.Any extra required code should be written in the test_setup_code field.", "items": {"type": "string"}, "maxItems": 3, "minItems": 3, "prefixItems": [{"type": "string"}, {"type": "string"}, {"type": "string"}], "title": "Test Tuple", "type": "array"}}, "required": ["reasoning", "task", "gt_fn_name", "test_setup_code", "test_tuple"]}
```


INFO - [Task id] 49 [prompt] 
Here's an example response:
{
    "reasoning": "The student has shown proficiency in basic Python syntax and list manipulation, but struggles with problems involving more complex algorithms and data structures. This task will help them practice using sets or dictionaries for efficient lookups, and understand the concept of algorithmic complexity.",
    "task": "Write a Python function that takes a list of integers and returns the tuple of two numbers that sum up to zero. If no such pair exists, return None.",
    "gt_fn_name": "find_zero_sum",
    "test_setup_code": "",
    "test_tuple": [
        "assert find_zero_sum([1, 2, 3, -2, -1]) == (2, -2)",
        "assert find_zero_sum([1, 2, 3, 4, 5]) == None",
        "assert find_zero_sum([1, 4, 3, -4, -1]) == (4, -4)"
    ]
}

INFO - [Task id] 49 [prompt] Question 1: How do you implement a queue using a list in Python?
Answer: You can implement a queue using a list in Python by utilizing the `append()` method to add elements to the end of the list and the `pop(0)` method to remove elements from the front of the list. Here is a simple example:

```python
class Queue:
    def __init__(self):
        self.queue = []

    def enqueue(self, item):
        self.queue.append(item)

    def dequeue(self):
        if not self.is_empty():
            return self.queue.pop(0)
        else:
            raise IndexError("dequeue from an empty queue")

    def is_empty(self):
        return len(self.queue) == 0

    def size(self):
        return len(self.queue)

# Example usage:
q = Queue()
q.enqueue(1)
q.enqueue(2)
q.enqueue(3)
print(q.dequeue())  # Output: 1
print(q.size())     # Output: 2
```

In this implementation:
- `enqueue` adds an item to the end of the queue.
- `dequeue` removes and returns the item from the front of the queue.
- `is_empty` checks if the queue is empty.
- `size` returns the number of items in the queue. 

Keep in mind that using a list for a queue can be inefficient for large queues because `pop(0)` has a time complexity of O(n). For better performance, consider using `collections.deque`, which is optimized for fast appends and pops from both ends.

Question 2: What is the best way to find the maximum product of any two integers in a list?
Answer: The best way to find the maximum product of any two integers in a list is to first identify the two largest integers in the list. You can do this efficiently in a single pass through the list. Here’s a simple approach:

1. Initialize two variables, `max1` and `max2`, to hold the largest and second largest integers, respectively.
2. Iterate through the list, updating `max1` and `max2` as you find larger integers.
3. The maximum product will be the product of `max1` and `max2`.

Here’s a sample implementation in Python:

```python
def max_product(nums):
    if len(nums) < 2:
        raise ValueError("At least two numbers are required")
    
    max1 = max2 = float('-inf')
    
    for num in nums:
        if num > max1:
            max2 = max1
            max1 = num
        elif num > max2:
            max2 = num
            
    return max1 * max2

# Example usage:
numbers = [3, 5, 1, 2, 4]
result = max_product(numbers)
print(result)  # Output: 20 (5 * 4)
```

This method runs in O(n) time complexity, making it efficient for large lists.

Question 3: How do you implement a binary search algorithm in Python?
Answer: To implement a binary search algorithm in Python, you can use either an iterative or a recursive approach. Below are examples of both methods.

### Iterative Approach

```python
def binary_search_iterative(arr, target):
    left, right = 0, len(arr) - 1
    
    while left <= right:
        mid = left + (right - left) // 2  # To prevent overflow
        
        if arr[mid] == target:
            return mid  # Target found
        elif arr[mid] < target:
            left = mid + 1  # Search in the right half
        else:
            right = mid - 1  # Search in the left half
            
    return -1  # Target not found
```

### Recursive Approach

```python
def binary_search_recursive(arr, target, left, right):
    if left > right:
        return -1  # Target not found
    
    mid = left + (right - left) // 2  # To prevent overflow
    
    if arr[mid] == target:
        return mid  # Target found
    elif arr[mid] < target:
        return binary_search_recursive(arr, target, mid + 1, right)  # Search in the right half
    else:
        return binary_search_recursive(arr, target, left, mid - 1)  # Search in the left half

# To use the recursive function, call it like this:
# result = binary_search_recursive(arr, target, 0, len(arr) - 1)
```

### Usage Example

```python
arr = [1, 2, 3, 4, 5, 6, 7, 8, 9]
target = 5

# Using iterative approach
result_iterative = binary_search_iterative(arr, target)
print("Iterative result:", result_iterative)

# Using recursive approach
result_recursive = binary_search_recursive(arr, target, 0, len(arr) - 1)
print("Recursive result:", result_recursive)
```

### Note
- The array must be sorted for binary search to work correctly.
- The function returns the index of the target if found, or -1 if the target is not in the array.

Question 4: What is the method to check if a string is an anagram of another string?
Answer: To check if a string is an anagram of another string in Python, you can follow these steps:

1. Normalize the strings by converting them to the same case (e.g., all lowercase).
2. Remove any spaces or punctuation if necessary.
3. Sort the characters of both strings and compare them.

Here is a simple implementation:

```python
def are_anagrams(str1, str2):
    # Normalize the strings
    str1 = str1.replace(" ", "").lower()
    str2 = str2.replace(" ", "").lower()
    
    # Sort and compare
    return sorted(str1) == sorted(str2)

# Example usage
print(are_anagrams("listen", "silent"))  # Output: True
print(are_anagrams("hello", "world"))    # Output: False
```

Alternatively, you can use the `collections.Counter` to count the occurrences of each character:

```python
from collections import Counter

def are_anagrams(str1, str2):
    # Normalize the strings
    str1 = str1.replace(" ", "").lower()
    str2 = str2.replace(" ", "").lower()
    
    # Compare character counts
    return Counter(str1) == Counter(str2)

# Example usage
print(are_anagrams("listen", "silent"))  # Output: True
print(are_anagrams("hello", "world"))    # Output: False
```

Both methods will effectively determine if two strings are anagrams of each other.

Question 5: How do you find the longest common prefix among a list of strings?
Answer: To find the longest common prefix among a list of strings in Python, you can use the following approach:

1. Check if the list is empty. If it is, return an empty string.
2. Take the first string as a reference and compare it with the other strings.
3. Iterate through the characters of the reference string and check if they match with the corresponding characters of the other strings.
4. Stop when a mismatch is found or when you reach the end of any string.

Here is a sample implementation:

```python
def longest_common_prefix(strs):
    if not strs:
        return ""
    
    # Take the first string as the reference
    prefix = strs[0]
    
    for string in strs[1:]:
        # Compare the prefix with each string
        while string[:len(prefix)] != prefix and prefix:
            # Shorten the prefix
            prefix = prefix[:-1]
    
    return prefix

# Example usage
strings = ["flower", "flow", "flight"]
print(longest_common_prefix(strings))  # Output: "fl"
```

This function will return the longest common prefix among the strings in the list. If there is no common prefix, it will return an empty string.

Completed tasks so far (do not give me these tasks again!): 
	Write a Python function that takes a list of integers and returns a new list containing only the even numbers from the original list.
	Write a Python function that takes a list of strings and returns a dictionary where the keys are the strings and the values are the number of times each string appears in the list.
	Write a Python function that takes a list of strings and returns a dictionary where the keys are the lengths of the strings and the values are lists of strings of that length.
	Write a Python function that takes a string and returns the first non-repeating character in it. If all characters repeat, return None.
	Write a Python function that takes a list of integers and returns a list of all unique pairs (as tuples) that sum up to a given target integer. The pairs should be sorted in ascending order, and each pair should be sorted as well.
	Write a Python function that takes a string and returns the longest substring without repeating characters.
	Write a Python function that takes two lists of integers and returns a list of their common elements. The result should not contain duplicates and should be sorted in ascending order.
	Write a Python function that takes a list of integers and sorts it in ascending order using the bubble sort algorithm. The function should return the sorted list.
	Write a Python function that takes a list of integers and returns a new list with the elements in reverse order.
	Write a Python function that takes a list of integers and returns the greatest common divisor (GCD) of the numbers in the list. Use the Euclidean algorithm to find the GCD.
	Write a Python function that takes a string and returns a new string with all the vowels removed. The function should be case-insensitive, meaning it should remove both uppercase and lowercase vowels.
	Write a Python function that takes two lists of integers and returns a list of integers that are present in both lists, without duplicates. Use set operations to achieve this.
	Write a Python function that takes a list of operations (as strings) and simulates a stack using a list. The operations can be 'push X' to push an integer X onto the stack, 'pop' to remove the top element, and 'peek' to return the top element without removing it. The function should return a list of results from the 'pop' and 'peek' operations.
	Write a Python function that takes two lists of integers and returns a list of integers that are present in either of the lists but not in both. The result should not contain duplicates and should be sorted in ascending order.
	Write a Python function that takes a list of integers and returns a dictionary where the keys are the integers and the values are the number of times each integer appears in the list. This will help practice using dictionaries for counting occurrences.
	Write a Python function that takes an integer n and returns a list of all prime numbers less than n. This will help you practice loops, conditionals, and understanding of prime numbers.
	Write a Python function that takes a string and a pattern (both strings) and returns True if the pattern is found in the string, and False otherwise. The function should perform a simple substring search.
	Write a Python function that calculates the factorial of a given non-negative integer using recursion. The function should return the factorial value.
	Write a Python function that takes a list of integers and returns the index of the first occurrence of the maximum value in the list. If the list is empty, return -1.
	Write a Python function that takes a list of integers and returns a list of the k largest elements in descending order. Use a min-heap to efficiently find the k largest elements.
	Write a Python function that takes a list of integers and returns a list of all integers that appear more than once in the list. The result should not contain duplicates and should be sorted in ascending order.
	Write a Python function that takes a list of integers and returns the list sorted in ascending order using the quicksort algorithm. This will help you practice implementing a classic sorting algorithm and understanding its recursive nature.
	Write a Python function that takes a string and returns True if the string is a palindrome (reads the same forwards and backwards), ignoring spaces, punctuation, and capitalization. Otherwise, return False.
	Write a Python function that takes a list of integers and returns a list of integers that appear only once in the original list. The result should be sorted in ascending order.
	Write a Python function that takes a string and a list of words, and returns a list of words from the list that are substrings of the given string. This will help practice string manipulation and searching techniques.
	Write a Python function that takes a list of integers and returns a list of integers that appear more than once in the list. The result should not contain duplicates and should be sorted in ascending order.
	Write a Python function that takes a list of integers and returns a list of integers that are duplicates in the original list. The result should not contain duplicates and should be sorted in ascending order. Use a set to efficiently find duplicates.
	Write a Python function that takes a string containing only the characters '(', ')', '{', '}', '[' and ']', and returns True if the input string is valid. An input string is valid if: 1. Open brackets must be closed by the same type of brackets. 2. Open brackets must be closed in the correct order. The function should return False otherwise.
	Write a Python function that takes a list of strings representing a postfix expression (Reverse Polish Notation) and returns the evaluated result as an integer. The function should use a stack to evaluate the expression.
	Write a Python function that takes a list of integers and returns the second largest unique integer in the list. If there is no such integer, return None. This task will help you practice using sets for unique elements and sorting techniques.
	Write a Python function that takes a list of integers and returns a dictionary where the keys are the integers and the values are lists of indices where each integer appears in the list. This will help practice using dictionaries to store lists and track multiple occurrences of elements.
	Write a Python function that takes a string and returns the first unique character in it. Use a dictionary to count the occurrences of each character. If there is no unique character, return None.
	Write a Python function that takes a binary tree (represented as a nested list) and returns the sum of all its nodes. The binary tree is represented as a list where the first element is the root value, the second element is the left subtree, and the third element is the right subtree. If a subtree is empty, it is represented as an empty list.
	Write a Python function that performs a breadth-first search (BFS) on a graph represented as an adjacency list. The function should take the graph and a starting node as inputs and return a list of nodes in the order they are visited.
	Write a Python function that takes a string and a pattern (both strings) and returns the starting index of the first occurrence of the pattern in the string. If the pattern is not found, return -1. This will help practice string manipulation and searching techniques.
	Write a Python function that takes a list of integers and returns the sum of all even numbers in the list. This task will help practice iterating through lists and applying conditional logic.
	Write a Python function that takes an integer n and returns a list of all perfect squares less than n. A perfect square is an integer that is the square of an integer. This task will help practice loops, conditionals, and understanding of number properties.
	Write a Python function that takes a list of integers and returns the next greater element for each element in the list. The next greater element for an element x is the first greater element on the right side of x in the list. If no such element exists, return -1 for that position.
	Write a Python function that takes a list of n-1 integers in the range from 1 to n and returns the missing number. The list will not contain any duplicates.
	Write a Python function that takes a list of integers and returns the list of integers sorted in ascending order using the insertion sort algorithm. This will help you practice implementing a classic sorting algorithm and understanding its iterative nature.
	Write a Python function that takes a list of integers and returns the sum of all odd numbers in the list. This task will help practice iterating through lists and applying conditional logic.
	Write a Python function that takes a list of integers and returns the list of integers sorted in ascending order using the selection sort algorithm. This will help you practice implementing a classic sorting algorithm and understanding its iterative nature.
	Write a Python function that takes a list of integers and returns the maximum sum of any contiguous subarray. This will help practice iterating through lists and understanding dynamic programming concepts.
	Write a Python function that takes a list of integers and returns the product of all the integers in the list. If the list is empty, return 1.
	Write a Python function that takes a list of integers and returns the sum of all prime numbers in the list. This task will help practice loops, conditionals, and understanding of prime numbers.
	Write a Python function that takes two sorted lists of integers and returns a list of their intersection. The result should not contain duplicates and should be sorted in ascending order.

Failed tasks that are too hard: 
	Write a Python function that implements a queue using a list. The function should support enqueue (add an item to the end of the queue), dequeue (remove an item from the front of the queue), and is_empty (check if the queue is empty) operations. The function should return a tuple of results from these operations for testing purposes.
	Write a Python function that simulates a stack using a list. The function should support 'push' (add an item to the top of the stack), 'pop' (remove the item from the top of the stack), and 'peek' (return the item at the top of the stack without removing it) operations. The function should return a list of results from the 'pop' and 'peek' operations for testing purposes.
	Write a Python function that takes a list of integers and returns the maximum product of any two integers in the list. This will help practice iterating through lists and understanding pairwise comparisons.


INFO - [Task id] 49 [generation text] 
INFO - {
    "reasoning": "The student has demonstrated proficiency in basic Python programming tasks, including list manipulation, string operations, and basic algorithm implementations. They have also tackled some intermediate tasks involving data structures like stacks and queues. To continue building their skills, they should work on a problem that involves understanding and implementing a simple algorithm with a focus on efficiency. A good next step is to practice finding the majority element in a list, which involves understanding the concept of counting occurrences and optimizing for time complexity.",
    "task": "Write a Python function that takes a list of integers and returns the majority element. The majority element is the element that appears more than n/2 times in the list, where n is the length of the list. If no such element exists, return None.",
    "gt_fn_name": "find_majority_element",
    "test_setup_code": "",
    "test_tuple": [
        "assert find_majority_element([3, 3, 4, 2, 4, 4, 2, 4, 4]) == 4",
        "assert find_majority_element([3, 3, 4, 2, 4, 4, 2, 4]) == None",
        "assert find_majority_element([1, 1, 1, 1, 2, 2, 2]) == 1"
    ]
}
INFO - {
    "reasoning": "The student has demonstrated proficiency in basic Python programming tasks, including list manipulation, string operations, and basic algorithm implementations. They have also tackled some intermediate tasks involving data structures like stacks and queues. To continue building their skills, they should work on a problem that involves understanding and implementing a simple algorithm with a focus on efficiency. A good next step is to practice finding the majority element in a list, which involves understanding the concept of counting occurrences and optimizing for time complexity.",
    "task": "Write a Python function that takes a list of integers and returns the majority element. The majority element is the element that appears more than n/2 times in the list, where n is the length of the list. If no such element exists, return None.",
    "gt_fn_name": "find_majority_element",
    "test_setup_code": "",
    "test_tuple": [
        "assert find_majority_element([3, 3, 4, 2, 4, 4, 2, 4, 4]) == 4",
        "assert find_majority_element([3, 3, 4, 2, 4, 4, 2, 4]) == None",
        "assert find_majority_element([1, 1, 1, 1, 2, 2, 2]) == 1"
    ]
}
INFO - The task prompt is Write a Python function that takes a list of integers and returns the majority element. The majority element is the element that appears more than n/2 times in the list, where n is the length of the list. If no such element exists, return None.
You must strictly follow the function name: find_maj...

INFO - LM call n parse attempt 1 / 3

INFO - [Task id] 49 [prompt] 
You are a helpful assistant that answer my question about Python programming.

I will give you the following information:
Question: ...

You will answer the question based on the context (only if available and helpful) and your own knowledge of Python programming.
1) Start your answer with "Answer: ".
2) Answer "Answer: Unknown" if you don't know the answer.

INFO - [Task id] 49 [prompt] Question: Explain at a conceptual level, how to accomplish the below task in Python programming?
Write a Python function that takes a list of integers and returns the majority element. The majority element is the element that appears more than n/2 times in the list, where n is the length of the list. If no such element exists, return None.
INFO - [Task id] 49 [generation text] Answer: To accomplish the task of finding the majority element in a list of integers in Python, you can follow these conceptual steps:

1. **Understand the Definition**: The majority element is defined as the element that appears more than n/2 times in the list. If no such element exists, the function should return `None`.

2. **Count Occurrences**: You can use a dictionary to count the occurrences of each element in the list. As you iterate through the list, you can update the count for each element.

3. **Determine the Majority Element**: After counting the occurrences, you can check if any element's count exceeds n/2. If you find such an element, that is your majority element.

4. **Return the Result**: If a majority element is found, return it; otherwise, return `None`.

Here is a conceptual outline of the function:

```python
def majority_element(nums):
    n = len(nums)
    count = {}
    
    # Count occurrences of each element
    for num in nums:
        if num in count:
            count[num] += 1
        else:
            count[num] = 1
            
    # Check for majority element
    for num, cnt in count.items():
        if cnt > n / 2:
            return num
            
    return None
```

This function first counts the occurrences of each integer in the list and then checks if any of those counts exceed half the length of the list. If found, it returns that integer; otherwise, it returns `None`.
INFO - Attempting task_id 49
INFO - [35m Rollout attempt 1/4[0m
INFO - [33m Retrieving 5 entries for db: skill 
 [0m
INFO - [33m second_largest_unique, first_unique_character, first_non_repeating_char, find_gcd_of_list, find_duplicates[0m
INFO - LM call n parse attempt 1 / 3

INFO - [Task id] 49 [prompt] You are a helpful assistant that writes python code to solve a task specified by me.

Here are some useful functions written earlier which you can reuse or reference.


[Entry]:


    def second_largest_unique(nums):
        unique_nums = set(nums)
        if (len(unique_nums) < 2):
            return None
        sorted_unique_nums = sorted(unique_nums, reverse=True)
        return sorted_unique_nums[1]

[/Entry]

[Entry]:


    def first_unique_character(s):
        char_count = {}
        for char in s:
            if (char in char_count):
                char_count[char] += 1
            else:
                char_count[char] = 1
        for char in s:
            if (char_count[char] == 1):
                return char
        return None

[/Entry]

[Entry]:


    def first_non_repeating_char(s):
        char_count = {}
        for char in s:
            char_count[char] = (char_count.get(char, 0) + 1)
        for char in s:
            if (char_count[char] == 1):
                return char
        return None

[/Entry]

[Entry]:


    def gcd(a, b):
        while (b != 0):
            (a, b) = (b, (a % b))
        return a




    def find_gcd_of_list(numbers):
        if (not numbers):
            return None
        current_gcd = numbers[0]
        for num in numbers[1:]:
            current_gcd = gcd(current_gcd, num)
        return current_gcd

[/Entry]

[Entry]:
    from collections import Counter

    def find_duplicates(int_list):
        counts = Counter(int_list)
        duplicates = [num for (num, count) in counts.items() if (count > 1)]
        duplicates.sort()
        return duplicates

[/Entry]






At each round of conversation, I will give you
[Environment feedback] (after executing code) ...
[Code from the last round] ...
[Task] ...
[Context] ...
[Critique] ...

You should then respond to me with
Explain (if applicable): Are there any steps missing in your plan? Why does the code not complete the task? What does the chat log and execution error imply?
Plan: How to complete the task step by step. 
Code:
    1) Reuse or reference the above useful programs if necessary.
    2) Your function will be reused for building more complex functions. Therefore, you should make it generic and reusable. 
    3) Functions in the "Code from the last round" section will not be saved or executed. Do not reuse functions listed there.
    4) Anything defined outside a function will be ignored, define all your variables inside your functions.
    5) Do not write infinite loops.
    6) If the task specifies a function name to be used, follow it strictly (be case sensitive!). Else, name your function in a meaningful way (can infer the task from the name).
    7) Your code should only contain elements that solve the task, so DO NOT write any assert statements / tests
    8) The context in the [Context] tag serves as a casual tip (which can be wrong) to help you on the task, but your priority is to follow instructions in the [Task] tag.

You should only respond in the format as described below:
RESPONSE FORMAT:

Explain: ...
Plan:
1) ...
2) ...
3) ...
...
Code:
```python
# helper functions (only if needed, try to avoid them)
...
# main function after the helper functions
def yourMainFunctionName(args):
  # ...

```


INFO - [Task id] 49 [prompt] [Environment feedback]
None

[Code from the last round]
No code in the first round

[Task]
Write a Python function that takes a list of integers and returns the majority element. The majority element is the element that appears more than n/2 times in the list, where n is the length of the list. If no such element exists, return None.
You must strictly follow the function name: find_majority_element

[Context]
Rough plan to accomplish the task (can be wrong): 
Answer: To accomplish the task of finding the majority element in a list of integers in Python, you can follow these conceptual steps:

1. **Understand the Definition**: The majority element is defined as the element that appears more than n/2 times in the list. If no such element exists, the function should return `None`.

2. **Count Occurrences**: You can use a dictionary to count the occurrences of each element in the list. As you iterate through the list, you can update the count for each element.

3. **Determine the Majority Element**: After counting the occurrences, you can check if any element's count exceeds n/2. If you find such an element, that is your majority element.

4. **Return the Result**: If a majority element is found, return it; otherwise, return `None`.

Here is a conceptual outline of the function:

```python
def majority_element(nums):
    n = len(nums)
    count = {}
    
    # Count occurrences of each element
    for num in nums:
        if num in count:
            count[num] += 1
        else:
            count[num] = 1
            
    # Check for majority element
    for num, cnt in count.items():
        if cnt > n / 2:
            return num
            
    return None
```

This function first counts the occurrences of each integer in the list and then checks if any of those counts exceed half the length of the list. If found, it returns that integer; otherwise, it returns `None`.


[Critique]
None


INFO - [Task id] 49 [generation text] Plan:
1. Initialize a dictionary to keep track of the count of each element in the list.
2. Iterate through the list of integers and update the count for each element in the dictionary.
3. Calculate the threshold for the majority element, which is `n/2`, where `n` is the length of the list.
4. Iterate through the dictionary to check if any element's count exceeds the threshold.
5. If a majority element is found, return it. If no such element exists, return `None`.

Code:
```python
def find_majority_element(nums):
    n = len(nums)
    count = {}
    
    # Count occurrences of each element
    for num in nums:
        if num in count:
            count[num] += 1
        else:
            count[num] = 1
            
    # Calculate the majority threshold
    majority_threshold = n / 2
    
    # Check for majority element
    for num, cnt in count.items():
        if cnt > majority_threshold:
            return num
            
    return None
```
INFO - program_code:
 

def find_majority_element(nums):
    n = len(nums)
    count = {}
    for num in nums:
        if (num in count):
            count[num] += 1
        else:
            count[num] = 1
    majority_threshold = (n / 2)
    for (num, cnt) in count.items():
        if (cnt > majority_threshold):
            return num
    return None


INFO - program_name:
 find_majority_element

INFO - dependencies:
 []

INFO - raw_msg:
 Plan:
1. Initialize a dictionary to keep track of the count of each element in the list.
2. Iterate through the list of integers and update the count for each element in the dictionary.
3. Calculate the threshold for the majority element, which is `n/2`, where `n` is the length of the list.
4. Iterate through the dictionary to check if any element's count exceeds the threshold.
5. If a majority element is found, return it. If no such element exists, return `None`.

Code:
```python
def find_majority_element(nums):
    n = len(nums)
    count = {}
    
    # Count occurrences of each element
    for num in nums:
        if num in count:
            count[num] += 1
        else:
            count[num] = 1
            
    # Calculate the majority threshold
    majority_threshold = n / 2
    
    # Check for majority element
    for num, cnt in count.items():
        if cnt > majority_threshold:
            return num
            
    return None
```

INFO - no_parent:
 True

INFO - full code to be executed: 
 

def find_majority_element(nums):
    n = len(nums)
    count = {}
    for num in nums:
        if (num in count):
            count[num] += 1
        else:
            count[num] = 1
    majority_threshold = (n / 2)
    for (num, cnt) in count.items():
        if (cnt > majority_threshold):
            return num
    return None


INFO - obs: Tests passed:
assert find_majority_element([3, 3, 4, 2, 4, 4, 2, 4, 4]) == 4
assert find_majority_element([3, 3, 4, 2, 4, 4, 2, 4]) == None
assert find_majority_element([1, 1, 1, 1, 2, 2, 2]) == 1

Tests failed:
None
reward: True
done: None
info: {'individual_results': (True, True, True)}
INFO - LM call n parse attempt 1 / 5

INFO - [Task id] 49 [prompt] 
You are a Python programming assistant that assesses my progress of Python programming and provides useful guidance.

I will give you the following information:

[Task]: The objective I need to accomplish.
[Context]: The context of the task. Serves as a casual tip (which can be wrong) to help me on the task, but my priority is to follow instructions in the Task tag.
[function impl]: My function implementation that is intended to complete the task
[unit test results]: The results after executing my function implementation on the unit tests

Your first goal is to use these info to evaluate if I have met the task requirements, and explain why. 
It is possible that the unit test results all pass, but the code does not accomplish the task (eg by failing to accomplish the task in scenarios not covered by the unit tests)
It is also possible that the unit tests are wrong in the first place, though the code accomplishes the task and fails the unit test.

If I have not met the task requirements, write a few sentences to explain why the function implementation is wrong as indicated by the tests. 
You will need this as guidance when you try again later.
Only provide the few sentence description in your answer, not the implementation. 
Suggest how the function implementation can be changed, NOT the test cases (assert statements)

You should only respond in JSON format as described below:
The output should be formatted as a JSON instance that conforms to the JSON schema below.

As an example, for the schema {"properties": {"foo": {"title": "Foo", "description": "a list of strings", "type": "array", "items": {"type": "string"}}}, "required": ["foo"]}
the object {"foo": ["bar", "baz"]} is a well-formatted instance of the schema. The object {"properties": {"foo": ["bar", "baz"]}} is not well-formatted.

Here is the output schema:
```
{"description": "Represents the critique of a task attempt, including reasoning, success status, and suggestions for improvement.\n\nAttributes:\n    reasoning (str): Explanation of why the task was succeeded or failed.\n    success (bool): Indicates whether the task requirements were met.\n    critique (str): Suggestions or critique to help improve future task attempts.", "properties": {"reasoning": {"description": "reason why I have succeeded or failed at the task", "title": "Reasoning", "type": "string"}, "success": {"description": "evaluate if I have met the task requirements", "title": "Success", "type": "boolean"}, "critique": {"description": "critique to help me improve", "title": "Critique", "type": "string"}}, "required": ["reasoning", "success", "critique"]}
```

INFO - [Task id] 49 [prompt] 
Here are some examples:

Example 1:
[function impl]:
```python
def longest_subarray_with_sum_limit(nums: List[int], target: int) -> List[int]:
    n = len(nums)
    left, right = 0, 0
    max_length = 0
    current_sum = 0
    result = []
    while right < n:
        current_sum += nums[right]
        while current_sum > target:
            current_sum -= nums[left]
            left += 1
        if right - left + 1 >= max_length:
            max_length = right - left + 1
            result = nums[left:right+1]
        right += 1
    return result
```
[unit test results]:
Tests passing:
assert longest_subarray_with_sum_limit([1, 2, 3, 4, 5], 8) == [1, 2, 3]
assert longest_subarray_with_sum_limit([1, 2, 3, 4, 5], 15) == [1, 2, 3, 4, 5]
assert longest_subarray_with_sum_limit([1, -1, 2, -2, 3, -3], 2) == [1, -1, 2, -2, 3]
assert longest_subarray_with_sum_limit([], 10) == []
assert longest_subarray_with_sum_limit([], 0) == []
assert longest_subarray_with_sum_limit([], -5) == []  
Tests failing:
assert longest_subarray_with_sum_limit([5, 6, 7, 8, 9], 4) == [] # output: [5]

RESPONSE:
{
    "reasoning": "The implementation failed the test case where no subarray fulfills the condition",
    "success": false,
    "critique": "The issue in the implementation is due to the use of >= instead of > in the condition to update the result. Because of this, it returns a subarray even when the sum is greater than the target, as it still updates the result when the current subarray length is equal to the previous longest subarray length. To overcome this error, we should change the condition to only update the result when the current subarray length is strictly greater than the previous longest subarray length. This can be done by replacing >= with > in the condition."
}


Example 2:
[function impl]:
```python
def longest_subarray_with_sum_limit(nums: List[int], target: int) -> List[int]:
    n = len(nums)
    left, right = 0, 0
    max_length = 0
    current_sum = 0
    result = []
    while current_sum + nums[right] <= target:
        current_sum += nums[right]
        right += 1
    while right < n:
        current_sum += nums[right]
        while current_sum > target:
            current_sum -= nums[left]
            left += 1
        if right - left + 1 > max_length:
            max_length = right - left + 1
            result = nums[left:right+1]
        right += 1
    return result
```
[unit test results]:
Tests passing:
assert longest_subarray_with_sum_limit([], 10) == []
assert longest_subarray_with_sum_limit([], 0) == []
assert longest_subarray_with_sum_limit([], -5) == []
Tests failing:
assert longest_subarray_with_sum_limit([1, 2, 3, 4, 5], 8) == [1, 2, 3] # output: list index out of range
assert longest_subarray_with_sum_limit([1, 2, 3, 4, 5], 15) == [1, 2, 3, 4, 5] # output: list index out of range
assert longest_subarray_with_sum_limit([5, 6, 7, 8, 9], 4) == [] # output: list index out of range
assert longest_subarray_with_sum_limit([1, -1, 2, -2, 3, -3], 2) == [1, -1, 2, -2, 3] # output: list index out of range

RESPONSE:
{
    "reason": "The implementation failed 4 out of the 7 test cases due to an IndexError.",
    "success": false,
    "critique": "The issue stems from the while loop while current_sum + nums[right] <= target:, which directly accesses nums[right] without checking if right is within the bounds of the list. This results in a runtime error when right goes beyond the list length. To overcome this error, we need to add a bounds check for the right variable in the mentioned while loop. We can modify the loop condition to while right < len(nums) and current_sum + nums[right] <= target:. This change will ensure that we only access elements within the bounds of the list, thus avoiding the IndexError."
}


END OF EXAMPLES

INFO - [Task id] 49 [prompt] [Task]:
Write a Python function that takes a list of integers and returns the majority element. The majority element is the element that appears more than n/2 times in the list, where n is the length of the list. If no such element exists, return None.
[Context]: 
 Rough plan to accomplish the task (can be wrong): 
Answer: To accomplish the task of finding the majority element in a list of integers in Python, you can follow these conceptual steps:

1. **Understand the Definition**: The majority element is defined as the element that appears more than n/2 times in the list. If no such element exists, the function should return `None`.

2. **Count Occurrences**: You can use a dictionary to count the occurrences of each element in the list. As you iterate through the list, you can update the count for each element.

3. **Determine the Majority Element**: After counting the occurrences, you can check if any element's count exceeds n/2. If you find such an element, that is your majority element.

4. **Return the Result**: If a majority element is found, return it; otherwise, return `None`.

Here is a conceptual outline of the function:

```python
def majority_element(nums):
    n = len(nums)
    count = {}
    
    # Count occurrences of each element
    for num in nums:
        if num in count:
            count[num] += 1
        else:
            count[num] = 1
            
    # Check for majority element
    for num, cnt in count.items():
        if cnt > n / 2:
            return num
            
    return None
```

This function first counts the occurrences of each integer in the list and then checks if any of those counts exceed half the length of the list. If found, it returns that integer; otherwise, it returns `None`.


[function impl]:


def find_majority_element(nums):
    n = len(nums)
    count = {}
    for num in nums:
        if (num in count):
            count[num] += 1
        else:
            count[num] = 1
    majority_threshold = (n / 2)
    for (num, cnt) in count.items():
        if (cnt > majority_threshold):
            return num
    return None

[unit test results]:
Tests passed:
assert find_majority_element([3, 3, 4, 2, 4, 4, 2, 4, 4]) == 4
assert find_majority_element([3, 3, 4, 2, 4, 4, 2, 4]) == None
assert find_majority_element([1, 1, 1, 1, 2, 2, 2]) == 1

Tests failed:
None

INFO - [Task id] 49 [generation text] 
INFO - {
    "reasoning": "The function implementation correctly counts the occurrences of each element in the list and checks if any element's count exceeds half the length of the list. The unit tests cover scenarios where there is a majority element, no majority element, and a clear majority element, all of which pass successfully. This indicates that the function meets the task requirements.",
    "success": true,
    "critique": "The function implementation is correct and efficiently solves the problem as per the task requirements. No changes are necessary."
}
INFO - {
    "reasoning": "The function implementation correctly counts the occurrences of each element in the list and checks if any element's count exceeds half the length of the list. The unit tests cover scenarios where there is a majority element, no majority element, and a clear majority element, all of which pass successfully. This indicates that the function meets the task requirements.",
    "success": true,
    "critique": "The function implementation is correct and efficiently solves the problem as per the task requirements. No changes are necessary."
}
INFO - [task_id]: 49 [Result]: True
INFO - LM call n parse attempt 1 / 3

INFO - [Task id] 49 [prompt] 
You are a helpful assistant that writes a description of the given function written in the Python programming language.

1) Do not mention the function name.
2) Do not mention anything about helper functions.
3) There might be some helper functions before the main function, but you only need to describe the main function.
4) Try to summarize the function in no more than 6 sentences.
5) Your response should be a single line of text.

INFO - [Task id] 49 [prompt] 

def find_majority_element(nums):
    n = len(nums)
    count = {}
    for num in nums:
        if (num in count):
            count[num] += 1
        else:
            count[num] = 1
    majority_threshold = (n / 2)
    for (num, cnt) in count.items():
        if (cnt > majority_threshold):
            return num
    return None


The main function is `find_majority_element`.
INFO - [Task id] 49 [generation text] This function identifies the majority element in a list of numbers, which is defined as an element that appears more than half the time in the list. It first counts the occurrences of each number using a dictionary. After counting, it calculates the majority threshold as half the length of the list. It then checks each number's count against this threshold. If a number exceeds the threshold, it is returned as the majority element. If no majority element exists, the function returns None.
INFO - Num Completed Tasks: 47, Num Failed Tasks: 3
