INFO - DB skill doc count: 60

INFO - [train iter]: 64/100 

INFO - LM call n parse attempt 1 / 3

INFO - [Task id] 64 [prompt] 
You are a helpful assistant that asks questions to help me decide the next immediate task to do for Python programming.
My ultimate goal is to solve as many diverse problems as possible and become the best programmer in the world.

I will give you the following information:
Completed tasks so far: ...
Failed tasks that are too hard: ...

You must follow the following criteria:
1) You should ask at least 5 questions (but no more than 10 questions) to help me decide the next immediate task to do. Each question should be followed by the concept that the question is about.
2) Your question should be specific to a concept in Python programming.
  Bad example (the question is too general):
    Question: What is the best way to program in Python?
    Concept: unknown
  Good example:
    Question: How do you reverse a list?
    Concept: list
3) Your questions should be self-contained and not require any context.

Respond in JSON, and follow the keys and expected format of the values strictly.


Response format:
The output should be formatted as a JSON instance that conforms to the JSON schema below.

As an example, for the schema {"properties": {"foo": {"title": "Foo", "description": "a list of strings", "type": "array", "items": {"type": "string"}}}, "required": ["foo"]}
the object {"foo": ["bar", "baz"]} is a well-formatted instance of the schema. The object {"properties": {"foo": ["bar", "baz"]}} is not well-formatted.

Here is the output schema:
```
{"$defs": {"QuestionConcept": {"properties": {"question": {"description": "A question related to Python programming, to help me brainstorm the next immediate task to do", "title": "Question", "type": "string"}, "concept": {"description": "The Python programming concept associated with the question above", "title": "Concept", "type": "string"}}, "required": ["question", "concept"], "title": "QuestionConcept", "type": "object"}}, "properties": {"reasoning": {"description": "Reason out, step-by-step, why you picked these questions and concepts", "title": "Reasoning", "type": "string"}, "question_concept_list": {"description": "list of questions and their associated concepts", "items": {"$ref": "#/$defs/QuestionConcept"}, "title": "Question Concept List", "type": "array"}}, "required": ["reasoning", "question_concept_list"]}
```


INFO - [Task id] 64 [prompt] Completed tasks so far (do not give me these tasks again!): 
	Write a Python function that takes a list of integers and returns a new list containing only the even numbers from the original list.
	Write a Python function that takes a list of strings and returns a dictionary where the keys are the strings and the values are the number of times each string appears in the list.
	Write a Python function that takes a list of strings and returns a dictionary where the keys are the lengths of the strings and the values are lists of strings of that length.
	Write a Python function that takes a string and returns the first non-repeating character in it. If all characters repeat, return None.
	Write a Python function that takes a list of integers and returns a list of all unique pairs (as tuples) that sum up to a given target integer. The pairs should be sorted in ascending order, and each pair should be sorted as well.
	Write a Python function that takes a string and returns the longest substring without repeating characters.
	Write a Python function that takes two lists of integers and returns a list of their common elements. The result should not contain duplicates and should be sorted in ascending order.
	Write a Python function that takes a list of integers and sorts it in ascending order using the bubble sort algorithm. The function should return the sorted list.
	Write a Python function that takes a list of integers and returns a new list with the elements in reverse order.
	Write a Python function that takes a list of integers and returns the greatest common divisor (GCD) of the numbers in the list. Use the Euclidean algorithm to find the GCD.
	Write a Python function that takes a string and returns a new string with all the vowels removed. The function should be case-insensitive, meaning it should remove both uppercase and lowercase vowels.
	Write a Python function that takes two lists of integers and returns a list of integers that are present in both lists, without duplicates. Use set operations to achieve this.
	Write a Python function that takes a list of operations (as strings) and simulates a stack using a list. The operations can be 'push X' to push an integer X onto the stack, 'pop' to remove the top element, and 'peek' to return the top element without removing it. The function should return a list of results from the 'pop' and 'peek' operations.
	Write a Python function that takes two lists of integers and returns a list of integers that are present in either of the lists but not in both. The result should not contain duplicates and should be sorted in ascending order.
	Write a Python function that takes a list of integers and returns a dictionary where the keys are the integers and the values are the number of times each integer appears in the list. This will help practice using dictionaries for counting occurrences.
	Write a Python function that takes an integer n and returns a list of all prime numbers less than n. This will help you practice loops, conditionals, and understanding of prime numbers.
	Write a Python function that takes a string and a pattern (both strings) and returns True if the pattern is found in the string, and False otherwise. The function should perform a simple substring search.
	Write a Python function that calculates the factorial of a given non-negative integer using recursion. The function should return the factorial value.
	Write a Python function that takes a list of integers and returns the index of the first occurrence of the maximum value in the list. If the list is empty, return -1.
	Write a Python function that takes a list of integers and returns a list of the k largest elements in descending order. Use a min-heap to efficiently find the k largest elements.
	Write a Python function that takes a list of integers and returns a list of all integers that appear more than once in the list. The result should not contain duplicates and should be sorted in ascending order.
	Write a Python function that takes a list of integers and returns the list sorted in ascending order using the quicksort algorithm. This will help you practice implementing a classic sorting algorithm and understanding its recursive nature.
	Write a Python function that takes a string and returns True if the string is a palindrome (reads the same forwards and backwards), ignoring spaces, punctuation, and capitalization. Otherwise, return False.
	Write a Python function that takes a list of integers and returns a list of integers that appear only once in the original list. The result should be sorted in ascending order.
	Write a Python function that takes a string and a list of words, and returns a list of words from the list that are substrings of the given string. This will help practice string manipulation and searching techniques.
	Write a Python function that takes a list of integers and returns a list of integers that appear more than once in the list. The result should not contain duplicates and should be sorted in ascending order.
	Write a Python function that takes a list of integers and returns a list of integers that are duplicates in the original list. The result should not contain duplicates and should be sorted in ascending order. Use a set to efficiently find duplicates.
	Write a Python function that takes a string containing only the characters '(', ')', '{', '}', '[' and ']', and returns True if the input string is valid. An input string is valid if: 1. Open brackets must be closed by the same type of brackets. 2. Open brackets must be closed in the correct order. The function should return False otherwise.
	Write a Python function that takes a list of strings representing a postfix expression (Reverse Polish Notation) and returns the evaluated result as an integer. The function should use a stack to evaluate the expression.
	Write a Python function that takes a list of integers and returns the second largest unique integer in the list. If there is no such integer, return None. This task will help you practice using sets for unique elements and sorting techniques.
	Write a Python function that takes a list of integers and returns a dictionary where the keys are the integers and the values are lists of indices where each integer appears in the list. This will help practice using dictionaries to store lists and track multiple occurrences of elements.
	Write a Python function that takes a string and returns the first unique character in it. Use a dictionary to count the occurrences of each character. If there is no unique character, return None.
	Write a Python function that takes a binary tree (represented as a nested list) and returns the sum of all its nodes. The binary tree is represented as a list where the first element is the root value, the second element is the left subtree, and the third element is the right subtree. If a subtree is empty, it is represented as an empty list.
	Write a Python function that performs a breadth-first search (BFS) on a graph represented as an adjacency list. The function should take the graph and a starting node as inputs and return a list of nodes in the order they are visited.
	Write a Python function that takes a string and a pattern (both strings) and returns the starting index of the first occurrence of the pattern in the string. If the pattern is not found, return -1. This will help practice string manipulation and searching techniques.
	Write a Python function that takes a list of integers and returns the sum of all even numbers in the list. This task will help practice iterating through lists and applying conditional logic.
	Write a Python function that takes an integer n and returns a list of all perfect squares less than n. A perfect square is an integer that is the square of an integer. This task will help practice loops, conditionals, and understanding of number properties.
	Write a Python function that takes a list of integers and returns the next greater element for each element in the list. The next greater element for an element x is the first greater element on the right side of x in the list. If no such element exists, return -1 for that position.
	Write a Python function that takes a list of n-1 integers in the range from 1 to n and returns the missing number. The list will not contain any duplicates.
	Write a Python function that takes a list of integers and returns the list of integers sorted in ascending order using the insertion sort algorithm. This will help you practice implementing a classic sorting algorithm and understanding its iterative nature.
	Write a Python function that takes a list of integers and returns the sum of all odd numbers in the list. This task will help practice iterating through lists and applying conditional logic.
	Write a Python function that takes a list of integers and returns the list of integers sorted in ascending order using the selection sort algorithm. This will help you practice implementing a classic sorting algorithm and understanding its iterative nature.
	Write a Python function that takes a list of integers and returns the maximum sum of any contiguous subarray. This will help practice iterating through lists and understanding dynamic programming concepts.
	Write a Python function that takes a list of integers and returns the product of all the integers in the list. If the list is empty, return 1.
	Write a Python function that takes a list of integers and returns the sum of all prime numbers in the list. This task will help practice loops, conditionals, and understanding of prime numbers.
	Write a Python function that takes two sorted lists of integers and returns a list of their intersection. The result should not contain duplicates and should be sorted in ascending order.
	Write a Python function that takes a list of integers and returns the majority element. The majority element is the element that appears more than n/2 times in the list, where n is the length of the list. If no such element exists, return None.
	Write a Python function that takes a list of integers and returns the sum of all integers that are multiples of 3 or 5. This will help practice iterating through lists and applying conditional logic.
	Write a Python function that takes a list of integers and returns the list of integers sorted in ascending order using the merge sort algorithm. This will help you practice implementing a classic sorting algorithm and understanding its recursive nature.
	Write a Python function that takes a list of strings and returns the longest common prefix among them. If there is no common prefix, return an empty string.
	Write a Python function that performs a depth-first search (DFS) on a graph represented as an adjacency list. The function should take the graph and a starting node as inputs and return a list of nodes in the order they are visited.
	Write a Python function that takes a list of integers and returns the sum of the squares of all even numbers in the list. This will help practice iterating through lists, applying conditional logic, and performing arithmetic operations.
	Write a Python function that takes an integer n and returns a list of all Fibonacci numbers less than n. This will help practice loops, conditionals, and understanding of number sequences.
	Write a Python function that takes a list of integers and returns the two integers that have the smallest absolute difference. If there are multiple pairs with the same smallest difference, return any one of them.
	Write a Python function that takes a list of integers and returns the product of all odd numbers in the list. If there are no odd numbers, return 1.
	Write a Python function that takes a list of integers and returns the length of the longest contiguous subarray with all elements equal. This will help practice iterating through lists and applying conditional logic to track sequences.
	Write a Python function that takes a list of integers and returns the k smallest elements in ascending order. Use a min-heap to efficiently find the k smallest elements.
	Write a Python function that takes a list of integers and returns the sum of all integers that are multiples of 7. This will help practice iterating through lists and applying conditional logic.
	Write a Python function that takes a list of integers and returns the least common multiple (LCM) of the numbers in the list. Use the relationship between LCM and GCD to compute the LCM efficiently.
	Write a Python function that takes a list of integers and returns the k largest elements in descending order. Use a max-heap to efficiently find the k largest elements.

Failed tasks that are too hard: 
	Write a Python function that implements a queue using a list. The function should support enqueue (add an item to the end of the queue), dequeue (remove an item from the front of the queue), and is_empty (check if the queue is empty) operations. The function should return a tuple of results from these operations for testing purposes.
	Write a Python function that simulates a stack using a list. The function should support 'push' (add an item to the top of the stack), 'pop' (remove the item from the top of the stack), and 'peek' (return the item at the top of the stack without removing it) operations. The function should return a list of results from the 'pop' and 'peek' operations for testing purposes.
	Write a Python function that takes a list of integers and returns the maximum product of any two integers in the list. This will help practice iterating through lists and understanding pairwise comparisons.
	Write a Python function that takes a list of integers and returns the sum of all integers that are multiples of a given number. This will help practice iterating through lists and applying conditional logic.


INFO - [Task id] 64 [generation text] 
INFO - {
    "reasoning": "I selected these questions to cover a variety of Python programming concepts that you haven't tackled yet. The questions focus on different data structures, algorithms, and problem-solving techniques, which will help you expand your skills and knowledge in Python programming. Each question is designed to challenge you in a specific area, such as recursion, dynamic programming, or working with data structures like trees and graphs.",
    "question_concept_list": [
        {
            "question": "How do you implement a binary search algorithm on a sorted list?",
            "concept": "binary search"
        },
        {
            "question": "What is the best way to traverse a binary tree using in-order traversal?",
            "concept": "binary tree traversal"
        },
        {
            "question": "How can you find the longest increasing subsequence in a list of integers?",
            "concept": "dynamic programming"
        },
        {
            "question": "What is the algorithm to find the shortest path in a graph using Dijkstra's algorithm?",
            "concept": "graph algorithms"
        },
        {
            "question": "How do you implement a simple hash table in Python?",
            "concept": "hash table"
        }
    ]
}
INFO - {
    "reasoning": "I selected these questions to cover a variety of Python programming concepts that you haven't tackled yet. The questions focus on different data structures, algorithms, and problem-solving techniques, which will help you expand your skills and knowledge in Python programming. Each question is designed to challenge you in a specific area, such as recursion, dynamic programming, or working with data structures like trees and graphs.",
    "question_concept_list": [
        {
            "question": "How do you implement a binary search algorithm on a sorted list?",
            "concept": "binary search"
        },
        {
            "question": "What is the best way to traverse a binary tree using in-order traversal?",
            "concept": "binary tree traversal"
        },
        {
            "question": "How can you find the longest increasing subsequence in a list of integers?",
            "concept": "dynamic programming"
        },
        {
            "question": "What is the algorithm to find the shortest path in a graph using Dijkstra's algorithm?",
            "concept": "graph algorithms"
        },
        {
            "question": "How do you implement a simple hash table in Python?",
            "concept": "hash table"
        }
    ]
}
INFO - LM call n parse attempt 1 / 3

INFO - [Task id] 64 [prompt] 
You are a helpful assistant that answer my question about Python programming.

I will give you the following information:
Question: ...

You will answer the question based on the context (only if available and helpful) and your own knowledge of Python programming.
1) Start your answer with "Answer: ".
2) Answer "Answer: Unknown" if you don't know the answer.

INFO - [Task id] 64 [prompt] Question: What is the best way to traverse a binary tree using in-order traversal?
INFO - [Task id] 64 [generation text] Answer: The best way to traverse a binary tree using in-order traversal is to use a recursive approach or an iterative approach with a stack. 

1. **Recursive Approach**:
   In-order traversal visits the left subtree, the root node, and then the right subtree. Here’s a simple recursive implementation:

   ```python
   class TreeNode:
       def __init__(self, value=0, left=None, right=None):
           self.value = value
           self.left = left
           self.right = right

   def in_order_traversal(root):
       if root:
           in_order_traversal(root.left)  # Visit left subtree
           print(root.value)               # Visit root
           in_order_traversal(root.right)  # Visit right subtree
   ```

2. **Iterative Approach**:
   You can also perform in-order traversal iteratively using a stack:

   ```python
   def in_order_traversal_iterative(root):
       stack = []
       current = root
       while stack or current:
           while current:
               stack.append(current)  # Go to the leftmost node
               current = current.left
           current = stack.pop()      # Visit the node
           print(current.value)       # Visit root
           current = current.right     # Go to the right subtree
   ```

Both methods will yield the nodes of the binary tree in in-order sequence. The choice between recursive and iterative depends on your preference and the constraints of your environment (e.g., stack depth limitations in recursion).
INFO - LM call n parse attempt 1 / 3

INFO - [Task id] 64 [prompt] 
You are a helpful assistant that answer my question about Python programming.

I will give you the following information:
Question: ...

You will answer the question based on the context (only if available and helpful) and your own knowledge of Python programming.
1) Start your answer with "Answer: ".
2) Answer "Answer: Unknown" if you don't know the answer.

INFO - [Task id] 64 [prompt] Question: What is the algorithm to find the shortest path in a graph using Dijkstra's algorithm?
INFO - [Task id] 64 [generation text] Answer: Dijkstra's algorithm is a popular method for finding the shortest path from a starting node to all other nodes in a weighted graph with non-negative edge weights. Here’s a step-by-step outline of the algorithm:

1. **Initialization**:
   - Set the distance to the starting node to 0 and the distance to all other nodes to infinity.
   - Create a priority queue (or a min-heap) and add the starting node with a distance of 0.
   - Maintain a set to track visited nodes.

2. **Processing Nodes**:
   - While the priority queue is not empty:
     - Extract the node with the smallest distance (let's call it `current_node`).
     - If `current_node` has already been visited, skip it.
     - Mark `current_node` as visited.

3. **Relaxation**:
   - For each neighbor of `current_node`:
     - Calculate the distance from the starting node to this neighbor through `current_node`.
     - If this distance is less than the currently known distance to the neighbor, update the neighbor's distance and add it to the priority queue.

4. **Termination**:
   - The algorithm continues until all nodes have been visited or the priority queue is empty.
   - The shortest path to each node can be retrieved from the distance values.

5. **Path Reconstruction (optional)**:
   - If you need to reconstruct the path, maintain a predecessor map to track the best previous node for each node.

This algorithm efficiently finds the shortest paths in graphs with non-negative weights and has a time complexity of O((V + E) log V) when using a priority queue, where V is the number of vertices and E is the number of edges.
INFO - LM call n parse attempt 1 / 3

INFO - [Task id] 64 [prompt] 
You are a helpful assistant that answer my question about Python programming.

I will give you the following information:
Question: ...

You will answer the question based on the context (only if available and helpful) and your own knowledge of Python programming.
1) Start your answer with "Answer: ".
2) Answer "Answer: Unknown" if you don't know the answer.

INFO - [Task id] 64 [prompt] Question: How do you implement a simple hash table in Python?
INFO - [Task id] 64 [generation text] Answer: To implement a simple hash table in Python, you can use a list to store the values and a hash function to determine the index for each key. Here's a basic example of a hash table implementation:

```python
class HashTable:
    def __init__(self, size):
        self.size = size
        self.table = [None] * size

    def hash_function(self, key):
        return hash(key) % self.size

    def insert(self, key, value):
        index = self.hash_function(key)
        if self.table[index] is None:
            self.table[index] = []
        # Check for existing key and update value if found
        for pair in self.table[index]:
            if pair[0] == key:
                pair[1] = value
                return
        # If key not found, append new key-value pair
        self.table[index].append([key, value])

    def get(self, key):
        index = self.hash_function(key)
        if self.table[index] is not None:
            for pair in self.table[index]:
                if pair[0] == key:
                    return pair[1]
        return None  # Key not found

    def remove(self, key):
        index = self.hash_function(key)
        if self.table[index] is not None:
            for i, pair in enumerate(self.table[index]):
                if pair[0] == key:
                    del self.table[index][i]
                    return True
        return False  # Key not found

# Example usage
hash_table = HashTable(10)
hash_table.insert("apple", 1)
hash_table.insert("banana", 2)
print(hash_table.get("apple"))  # Output: 1
hash_table.remove("apple")
print(hash_table.get("apple"))  # Output: None
```

In this implementation:
- The `HashTable` class initializes a list of a given size to store the entries.
- The `hash_function` method computes the index for a given key.
- The `insert` method adds key-value pairs to the hash table, handling collisions by using a list at each index.
- The `get` method retrieves the value associated with a key.
- The `remove` method deletes a key-value pair from the hash table. 

This is a simple implementation and can be expanded with features like resizing, better collision handling, etc.
INFO - LM call n parse attempt 1 / 5

INFO - [Task id] 64 [prompt] 
You are a helpful assistant that tells me the next immediate task (in the form of a function) to do for Python programming. 
My ultimate goal is to solve as many diverse problems as possible and become the best programmer in the world.

I will give you the following information:
Question 1: ...
Answer: ...
Question 2: ...
Answer: ...
Question 3: ...
Answer: ...
...
Completed tasks so far: ...
Failed tasks that are too hard: ...

You must follow the following criteria:
1) You should act as a mentor and guide me to the next task based on my current learning progress. As a rule of thumb, guide me through beginner problems, followed by interview level problems, followed by competitive programming problems. The latter 2 levels can involve concepts from data structures and algorithms.
2) Please be very specific about what skills I need to learn.
3) Do not propose multiple tasks at the same time. Do not mention anything else.
4) The next task should not be too hard since I may not have learned enough skills to complete it yet.
5) The next task should be novel and interesting. I should look for problems which I have not solved yet. I should not be doing the same thing over and over again.
6) The task should involve writing a main Python function that at most use basic libraries (try not to import too many or too advanced modules)
7) Do not give tasks that require file operations (create, read, update, delete) or an internet connection.
8) I am only allowed to write Python functions, so do not require me to write other things (e.g. objects). 
9) Requiring me to write a function that takes in an object and uses object methods is still ok, but I cannot define the objects myself. You must provide the objects as input to my function in the assert statement.

Take note of these in your response:
1) Give an expected function name for the task.
2) Give a tuple of 3 assert statements that tests the function's correctness in the "test_tuple" field. This must strictly contain single-line assert statements only; any setup code for the test must be filled in the "test_setup_code" field.
3) The function name which you gave must be called in the assert statements. 

Respond in JSON, and follow the keys and expected format of the values strictly.


Response format:
The output should be formatted as a JSON instance that conforms to the JSON schema below.

As an example, for the schema {"properties": {"foo": {"title": "Foo", "description": "a list of strings", "type": "array", "items": {"type": "string"}}}, "required": ["foo"]}
the object {"foo": ["bar", "baz"]} is a well-formatted instance of the schema. The object {"properties": {"foo": ["bar", "baz"]}} is not well-formatted.

Here is the output schema:
```
{"properties": {"reasoning": {"description": "Based on the information listed above, reason about what the next task should be.", "title": "Reasoning", "type": "string"}, "task": {"description": "The next task, which requires me to write a single function. Be sure to state the expected data structure for inputs and outputs.", "title": "Task", "type": "string"}, "gt_fn_name": {"description": "The expected name for the single function for the task", "title": "Gt Fn Name", "type": "string"}, "test_setup_code": {"description": "setup code, if required. This will be run just before the assert statements are executed.", "title": "Test Setup Code", "type": "string"}, "test_tuple": {"description": "Tuple of 3 SINGLE-LINE test cases that starts with 'assert' to test the function's correctness.Any extra required code should be written in the test_setup_code field.", "items": {"type": "string"}, "maxItems": 3, "minItems": 3, "prefixItems": [{"type": "string"}, {"type": "string"}, {"type": "string"}], "title": "Test Tuple", "type": "array"}}, "required": ["reasoning", "task", "gt_fn_name", "test_setup_code", "test_tuple"]}
```


INFO - [Task id] 64 [prompt] 
Here's an example response:
{
    "reasoning": "The student has shown proficiency in basic Python syntax and list manipulation, but struggles with problems involving more complex algorithms and data structures. This task will help them practice using sets or dictionaries for efficient lookups, and understand the concept of algorithmic complexity.",
    "task": "Write a Python function that takes a list of integers and returns the tuple of two numbers that sum up to zero. If no such pair exists, return None.",
    "gt_fn_name": "find_zero_sum",
    "test_setup_code": "",
    "test_tuple": [
        "assert find_zero_sum([1, 2, 3, -2, -1]) == (2, -2)",
        "assert find_zero_sum([1, 2, 3, 4, 5]) == None",
        "assert find_zero_sum([1, 4, 3, -4, -1]) == (4, -4)"
    ]
}

INFO - [Task id] 64 [prompt] Question 1: How do you perform a binary search on a sorted list?
Answer: To perform a binary search on a sorted list in Python, you can use the following steps:

1. Initialize two pointers, `low` and `high`, to the start and end of the list, respectively.
2. While `low` is less than or equal to `high`, calculate the middle index `mid` as the average of `low` and `high`.
3. Compare the middle element with the target value:
   - If the middle element is equal to the target, return the index `mid`.
   - If the middle element is less than the target, move the `low` pointer to `mid + 1`.
   - If the middle element is greater than the target, move the `high` pointer to `mid - 1`.
4. If the target is not found, return an indication that the target is not in the list (e.g., return -1).

Here is a sample implementation in Python:

```python
def binary_search(sorted_list, target):
    low = 0
    high = len(sorted_list) - 1

    while low <= high:
        mid = (low + high) // 2
        if sorted_list[mid] == target:
            return mid
        elif sorted_list[mid] < target:
            low = mid + 1
        else:
            high = mid - 1

    return -1  # Target not found
```

You can call this function with a sorted list and the target value you want to search for.

Question 2: What is the best way to traverse a binary tree using in-order traversal?
Answer: The best way to traverse a binary tree using in-order traversal is to use a recursive approach or an iterative approach with a stack. 

1. **Recursive Approach**:
   In-order traversal visits the left subtree, the root node, and then the right subtree. Here’s a simple recursive implementation:

   ```python
   class TreeNode:
       def __init__(self, value=0, left=None, right=None):
           self.value = value
           self.left = left
           self.right = right

   def in_order_traversal(root):
       if root:
           in_order_traversal(root.left)  # Visit left subtree
           print(root.value)               # Visit root
           in_order_traversal(root.right)  # Visit right subtree
   ```

2. **Iterative Approach**:
   You can also perform in-order traversal iteratively using a stack:

   ```python
   def in_order_traversal_iterative(root):
       stack = []
       current = root
       while stack or current:
           while current:
               stack.append(current)  # Go to the leftmost node
               current = current.left
           current = stack.pop()      # Visit the node
           print(current.value)       # Visit root
           current = current.right     # Go to the right subtree
   ```

Both methods will yield the nodes of the binary tree in in-order sequence. The choice between recursive and iterative depends on your preference and the constraints of your environment (e.g., stack depth limitations in recursion).

Question 3: What is the method to find the longest increasing subsequence in a list of integers?
Answer: To find the longest increasing subsequence (LIS) in a list of integers, you can use dynamic programming or a more efficient method using binary search. Here are two common approaches:

1. **Dynamic Programming Approach**:
   - Create an array `dp` where `dp[i]` represents the length of the longest increasing subsequence that ends with the element at index `i`.
   - Initialize all elements of `dp` to 1 since the minimum length of LIS ending at any element is 1 (the element itself).
   - For each element `nums[i]`, check all previous elements `nums[j]` (where `j < i`). If `nums[j] < nums[i]`, update `dp[i]` as `dp[i] = max(dp[i], dp[j] + 1)`.
   - The length of the longest increasing subsequence will be the maximum value in the `dp` array.

   Here is a sample implementation:

   ```python
   def length_of_lis(nums):
       if not nums:
           return 0
       dp = [1] * len(nums)
       for i in range(1, len(nums)):
           for j in range(i):
               if nums[j] < nums[i]:
                   dp[i] = max(dp[i], dp[j] + 1)
       return max(dp)
   ```

2. **Binary Search Approach**:
   - Use a list to keep track of the smallest tail of all increasing subsequences found so far.
   - For each number in the input list, use binary search to determine its position in the tail list. If it can extend the largest subsequence, append it; otherwise, replace the existing value.
   - The length of the tail list at the end will give the length of the longest increasing subsequence.

   Here is a sample implementation:

   ```python
   from bisect import bisect_left

   def length_of_lis(nums):
       tails = []
       for num in nums:
           pos = bisect_left(tails, num)
           if pos == len(tails):
               tails.append(num)
           else:
               tails[pos] = num
       return len(tails)
   ```

Both methods will give you the length of the longest increasing subsequence, but the binary search approach is more efficient with a time complexity of O(n log n), while the dynamic programming approach has a time complexity of O(n^2).

Question 4: What is the algorithm to find the shortest path in a graph using Dijkstra's algorithm?
Answer: Dijkstra's algorithm is a popular method for finding the shortest path from a starting node to all other nodes in a weighted graph with non-negative edge weights. Here’s a step-by-step outline of the algorithm:

1. **Initialization**:
   - Set the distance to the starting node to 0 and the distance to all other nodes to infinity.
   - Create a priority queue (or a min-heap) and add the starting node with a distance of 0.
   - Maintain a set to track visited nodes.

2. **Processing Nodes**:
   - While the priority queue is not empty:
     - Extract the node with the smallest distance (let's call it `current_node`).
     - If `current_node` has already been visited, skip it.
     - Mark `current_node` as visited.

3. **Relaxation**:
   - For each neighbor of `current_node`:
     - Calculate the distance from the starting node to this neighbor through `current_node`.
     - If this distance is less than the currently known distance to the neighbor, update the neighbor's distance and add it to the priority queue.

4. **Termination**:
   - The algorithm continues until all nodes have been visited or the priority queue is empty.
   - The shortest path to each node can be retrieved from the distance values.

5. **Path Reconstruction (optional)**:
   - If you need to reconstruct the path, maintain a predecessor map to track the best previous node for each node.

This algorithm efficiently finds the shortest paths in graphs with non-negative weights and has a time complexity of O((V + E) log V) when using a priority queue, where V is the number of vertices and E is the number of edges.

Question 5: How do you implement a simple hash table in Python?
Answer: To implement a simple hash table in Python, you can use a list to store the values and a hash function to determine the index for each key. Here's a basic example of a hash table implementation:

```python
class HashTable:
    def __init__(self, size):
        self.size = size
        self.table = [None] * size

    def hash_function(self, key):
        return hash(key) % self.size

    def insert(self, key, value):
        index = self.hash_function(key)
        if self.table[index] is None:
            self.table[index] = []
        # Check for existing key and update value if found
        for pair in self.table[index]:
            if pair[0] == key:
                pair[1] = value
                return
        # If key not found, append new key-value pair
        self.table[index].append([key, value])

    def get(self, key):
        index = self.hash_function(key)
        if self.table[index] is not None:
            for pair in self.table[index]:
                if pair[0] == key:
                    return pair[1]
        return None  # Key not found

    def remove(self, key):
        index = self.hash_function(key)
        if self.table[index] is not None:
            for i, pair in enumerate(self.table[index]):
                if pair[0] == key:
                    del self.table[index][i]
                    return True
        return False  # Key not found

# Example usage
hash_table = HashTable(10)
hash_table.insert("apple", 1)
hash_table.insert("banana", 2)
print(hash_table.get("apple"))  # Output: 1
hash_table.remove("apple")
print(hash_table.get("apple"))  # Output: None
```

In this implementation:
- The `HashTable` class initializes a list of a given size to store the entries.
- The `hash_function` method computes the index for a given key.
- The `insert` method adds key-value pairs to the hash table, handling collisions by using a list at each index.
- The `get` method retrieves the value associated with a key.
- The `remove` method deletes a key-value pair from the hash table. 

This is a simple implementation and can be expanded with features like resizing, better collision handling, etc.

Completed tasks so far (do not give me these tasks again!): 
	Write a Python function that takes a list of integers and returns a new list containing only the even numbers from the original list.
	Write a Python function that takes a list of strings and returns a dictionary where the keys are the strings and the values are the number of times each string appears in the list.
	Write a Python function that takes a list of strings and returns a dictionary where the keys are the lengths of the strings and the values are lists of strings of that length.
	Write a Python function that takes a string and returns the first non-repeating character in it. If all characters repeat, return None.
	Write a Python function that takes a list of integers and returns a list of all unique pairs (as tuples) that sum up to a given target integer. The pairs should be sorted in ascending order, and each pair should be sorted as well.
	Write a Python function that takes a string and returns the longest substring without repeating characters.
	Write a Python function that takes two lists of integers and returns a list of their common elements. The result should not contain duplicates and should be sorted in ascending order.
	Write a Python function that takes a list of integers and sorts it in ascending order using the bubble sort algorithm. The function should return the sorted list.
	Write a Python function that takes a list of integers and returns a new list with the elements in reverse order.
	Write a Python function that takes a list of integers and returns the greatest common divisor (GCD) of the numbers in the list. Use the Euclidean algorithm to find the GCD.
	Write a Python function that takes a string and returns a new string with all the vowels removed. The function should be case-insensitive, meaning it should remove both uppercase and lowercase vowels.
	Write a Python function that takes two lists of integers and returns a list of integers that are present in both lists, without duplicates. Use set operations to achieve this.
	Write a Python function that takes a list of operations (as strings) and simulates a stack using a list. The operations can be 'push X' to push an integer X onto the stack, 'pop' to remove the top element, and 'peek' to return the top element without removing it. The function should return a list of results from the 'pop' and 'peek' operations.
	Write a Python function that takes two lists of integers and returns a list of integers that are present in either of the lists but not in both. The result should not contain duplicates and should be sorted in ascending order.
	Write a Python function that takes a list of integers and returns a dictionary where the keys are the integers and the values are the number of times each integer appears in the list. This will help practice using dictionaries for counting occurrences.
	Write a Python function that takes an integer n and returns a list of all prime numbers less than n. This will help you practice loops, conditionals, and understanding of prime numbers.
	Write a Python function that takes a string and a pattern (both strings) and returns True if the pattern is found in the string, and False otherwise. The function should perform a simple substring search.
	Write a Python function that calculates the factorial of a given non-negative integer using recursion. The function should return the factorial value.
	Write a Python function that takes a list of integers and returns the index of the first occurrence of the maximum value in the list. If the list is empty, return -1.
	Write a Python function that takes a list of integers and returns a list of the k largest elements in descending order. Use a min-heap to efficiently find the k largest elements.
	Write a Python function that takes a list of integers and returns a list of all integers that appear more than once in the list. The result should not contain duplicates and should be sorted in ascending order.
	Write a Python function that takes a list of integers and returns the list sorted in ascending order using the quicksort algorithm. This will help you practice implementing a classic sorting algorithm and understanding its recursive nature.
	Write a Python function that takes a string and returns True if the string is a palindrome (reads the same forwards and backwards), ignoring spaces, punctuation, and capitalization. Otherwise, return False.
	Write a Python function that takes a list of integers and returns a list of integers that appear only once in the original list. The result should be sorted in ascending order.
	Write a Python function that takes a string and a list of words, and returns a list of words from the list that are substrings of the given string. This will help practice string manipulation and searching techniques.
	Write a Python function that takes a list of integers and returns a list of integers that appear more than once in the list. The result should not contain duplicates and should be sorted in ascending order.
	Write a Python function that takes a list of integers and returns a list of integers that are duplicates in the original list. The result should not contain duplicates and should be sorted in ascending order. Use a set to efficiently find duplicates.
	Write a Python function that takes a string containing only the characters '(', ')', '{', '}', '[' and ']', and returns True if the input string is valid. An input string is valid if: 1. Open brackets must be closed by the same type of brackets. 2. Open brackets must be closed in the correct order. The function should return False otherwise.
	Write a Python function that takes a list of strings representing a postfix expression (Reverse Polish Notation) and returns the evaluated result as an integer. The function should use a stack to evaluate the expression.
	Write a Python function that takes a list of integers and returns the second largest unique integer in the list. If there is no such integer, return None. This task will help you practice using sets for unique elements and sorting techniques.
	Write a Python function that takes a list of integers and returns a dictionary where the keys are the integers and the values are lists of indices where each integer appears in the list. This will help practice using dictionaries to store lists and track multiple occurrences of elements.
	Write a Python function that takes a string and returns the first unique character in it. Use a dictionary to count the occurrences of each character. If there is no unique character, return None.
	Write a Python function that takes a binary tree (represented as a nested list) and returns the sum of all its nodes. The binary tree is represented as a list where the first element is the root value, the second element is the left subtree, and the third element is the right subtree. If a subtree is empty, it is represented as an empty list.
	Write a Python function that performs a breadth-first search (BFS) on a graph represented as an adjacency list. The function should take the graph and a starting node as inputs and return a list of nodes in the order they are visited.
	Write a Python function that takes a string and a pattern (both strings) and returns the starting index of the first occurrence of the pattern in the string. If the pattern is not found, return -1. This will help practice string manipulation and searching techniques.
	Write a Python function that takes a list of integers and returns the sum of all even numbers in the list. This task will help practice iterating through lists and applying conditional logic.
	Write a Python function that takes an integer n and returns a list of all perfect squares less than n. A perfect square is an integer that is the square of an integer. This task will help practice loops, conditionals, and understanding of number properties.
	Write a Python function that takes a list of integers and returns the next greater element for each element in the list. The next greater element for an element x is the first greater element on the right side of x in the list. If no such element exists, return -1 for that position.
	Write a Python function that takes a list of n-1 integers in the range from 1 to n and returns the missing number. The list will not contain any duplicates.
	Write a Python function that takes a list of integers and returns the list of integers sorted in ascending order using the insertion sort algorithm. This will help you practice implementing a classic sorting algorithm and understanding its iterative nature.
	Write a Python function that takes a list of integers and returns the sum of all odd numbers in the list. This task will help practice iterating through lists and applying conditional logic.
	Write a Python function that takes a list of integers and returns the list of integers sorted in ascending order using the selection sort algorithm. This will help you practice implementing a classic sorting algorithm and understanding its iterative nature.
	Write a Python function that takes a list of integers and returns the maximum sum of any contiguous subarray. This will help practice iterating through lists and understanding dynamic programming concepts.
	Write a Python function that takes a list of integers and returns the product of all the integers in the list. If the list is empty, return 1.
	Write a Python function that takes a list of integers and returns the sum of all prime numbers in the list. This task will help practice loops, conditionals, and understanding of prime numbers.
	Write a Python function that takes two sorted lists of integers and returns a list of their intersection. The result should not contain duplicates and should be sorted in ascending order.
	Write a Python function that takes a list of integers and returns the majority element. The majority element is the element that appears more than n/2 times in the list, where n is the length of the list. If no such element exists, return None.
	Write a Python function that takes a list of integers and returns the sum of all integers that are multiples of 3 or 5. This will help practice iterating through lists and applying conditional logic.
	Write a Python function that takes a list of integers and returns the list of integers sorted in ascending order using the merge sort algorithm. This will help you practice implementing a classic sorting algorithm and understanding its recursive nature.
	Write a Python function that takes a list of strings and returns the longest common prefix among them. If there is no common prefix, return an empty string.
	Write a Python function that performs a depth-first search (DFS) on a graph represented as an adjacency list. The function should take the graph and a starting node as inputs and return a list of nodes in the order they are visited.
	Write a Python function that takes a list of integers and returns the sum of the squares of all even numbers in the list. This will help practice iterating through lists, applying conditional logic, and performing arithmetic operations.
	Write a Python function that takes an integer n and returns a list of all Fibonacci numbers less than n. This will help practice loops, conditionals, and understanding of number sequences.
	Write a Python function that takes a list of integers and returns the two integers that have the smallest absolute difference. If there are multiple pairs with the same smallest difference, return any one of them.
	Write a Python function that takes a list of integers and returns the product of all odd numbers in the list. If there are no odd numbers, return 1.
	Write a Python function that takes a list of integers and returns the length of the longest contiguous subarray with all elements equal. This will help practice iterating through lists and applying conditional logic to track sequences.
	Write a Python function that takes a list of integers and returns the k smallest elements in ascending order. Use a min-heap to efficiently find the k smallest elements.
	Write a Python function that takes a list of integers and returns the sum of all integers that are multiples of 7. This will help practice iterating through lists and applying conditional logic.
	Write a Python function that takes a list of integers and returns the least common multiple (LCM) of the numbers in the list. Use the relationship between LCM and GCD to compute the LCM efficiently.
	Write a Python function that takes a list of integers and returns the k largest elements in descending order. Use a max-heap to efficiently find the k largest elements.

Failed tasks that are too hard: 
	Write a Python function that implements a queue using a list. The function should support enqueue (add an item to the end of the queue), dequeue (remove an item from the front of the queue), and is_empty (check if the queue is empty) operations. The function should return a tuple of results from these operations for testing purposes.
	Write a Python function that simulates a stack using a list. The function should support 'push' (add an item to the top of the stack), 'pop' (remove the item from the top of the stack), and 'peek' (return the item at the top of the stack without removing it) operations. The function should return a list of results from the 'pop' and 'peek' operations for testing purposes.
	Write a Python function that takes a list of integers and returns the maximum product of any two integers in the list. This will help practice iterating through lists and understanding pairwise comparisons.
	Write a Python function that takes a list of integers and returns the sum of all integers that are multiples of a given number. This will help practice iterating through lists and applying conditional logic.


INFO - [Task id] 64 [generation text] 
INFO - {
    "reasoning": "The student has demonstrated proficiency in basic Python programming and has tackled a variety of problems involving lists, strings, and basic algorithms. They have also worked on problems involving sorting, searching, and basic data structures. To continue building their skills, they should now focus on a problem that involves understanding and implementing a simple algorithmic concept. A good next step is to work on a problem that involves understanding the concept of permutations, which is a fundamental concept in combinatorics and algorithms.",
    "task": "Write a Python function that takes a list of integers and returns a list of all possible permutations of the integers. Each permutation should be represented as a list of integers.",
    "gt_fn_name": "generate_permutations",
    "test_setup_code": "from itertools import permutations",
    "test_tuple": [
        "assert sorted(generate_permutations([1, 2, 3])) == sorted(list(permutations([1, 2, 3])))",
        "assert sorted(generate_permutations([1])) == sorted(list(permutations([1])))",
        "assert sorted(generate_permutations([])) == sorted(list(permutations([])))"
    ]
}
INFO - {
    "reasoning": "The student has demonstrated proficiency in basic Python programming and has tackled a variety of problems involving lists, strings, and basic algorithms. They have also worked on problems involving sorting, searching, and basic data structures. To continue building their skills, they should now focus on a problem that involves understanding and implementing a simple algorithmic concept. A good next step is to work on a problem that involves understanding the concept of permutations, which is a fundamental concept in combinatorics and algorithms.",
    "task": "Write a Python function that takes a list of integers and returns a list of all possible permutations of the integers. Each permutation should be represented as a list of integers.",
    "gt_fn_name": "generate_permutations",
    "test_setup_code": "from itertools import permutations",
    "test_tuple": [
        "assert sorted(generate_permutations([1, 2, 3])) == sorted(list(permutations([1, 2, 3])))",
        "assert sorted(generate_permutations([1])) == sorted(list(permutations([1])))",
        "assert sorted(generate_permutations([])) == sorted(list(permutations([])))"
    ]
}
INFO - The task prompt is Write a Python function that takes a list of integers and returns a list of all possible permutations of the integers. Each permutation should be represented as a list of integers.
You must strictly follow the function name: generate_permutations

INFO - LM call n parse attempt 1 / 3

INFO - [Task id] 64 [prompt] 
You are a helpful assistant that answer my question about Python programming.

I will give you the following information:
Question: ...

You will answer the question based on the context (only if available and helpful) and your own knowledge of Python programming.
1) Start your answer with "Answer: ".
2) Answer "Answer: Unknown" if you don't know the answer.

INFO - [Task id] 64 [prompt] Question: Explain at a conceptual level, how to accomplish the below task in Python programming?
Write a Python function that takes a list of integers and returns a list of all possible permutations of the integers. Each permutation should be represented as a list of integers.
INFO - [Task id] 64 [generation text] Answer: To accomplish the task of generating all possible permutations of a list of integers in Python, you can follow these conceptual steps:

1. **Understand Permutations**: A permutation of a list is a rearrangement of its elements. For example, the permutations of the list `[1, 2]` are `[1, 2]` and `[2, 1]`.

2. **Recursive Approach**: One common way to generate permutations is through recursion. The idea is to fix one element and recursively generate all permutations of the remaining elements. This can be done by:
   - Selecting an element from the list.
   - Generating all permutations of the remaining elements.
   - Combining the selected element with each of these permutations.

3. **Base Case**: The recursion should have a base case. When the list is empty, the only permutation is the empty list itself.

4. **Using Built-in Libraries**: Python's `itertools` module provides a convenient function called `permutations` that can generate permutations directly, which can simplify your implementation.

5. **Function Definition**: You would define a function that takes a list of integers as input and returns a list of lists, where each inner list is a permutation of the input list.

Here’s a conceptual outline of the function:

```python
from itertools import permutations

def generate_permutations(int_list):
    return [list(p) for p in permutations(int_list)]
```

In this function:
- `permutations(int_list)` generates all permutations of `int_list`.
- The list comprehension converts each permutation (which is a tuple) into a list.

This approach is efficient and leverages Python's built-in capabilities to handle permutations.
INFO - Attempting task_id 64
INFO - [35m Rollout attempt 1/4[0m
INFO - [33m Retrieving 5 entries for db: skill 
 [0m
INFO - [33m reverse_list, find_gcd_of_list, find_k_largest_v2, product_of_list, recursive_factorial[0m
INFO - LM call n parse attempt 1 / 3

INFO - [Task id] 64 [prompt] You are a helpful assistant that writes python code to solve a task specified by me.

Here are some useful functions written earlier which you can reuse or reference.


[Entry]:


    def reverse_list(input_list):
        return input_list[::(- 1)]

[/Entry]

[Entry]:


    def gcd(a, b):
        while (b != 0):
            (a, b) = (b, (a % b))
        return a




    def find_gcd_of_list(numbers):
        if (not numbers):
            return None
        current_gcd = numbers[0]
        for num in numbers[1:]:
            current_gcd = gcd(current_gcd, num)
        return current_gcd

[/Entry]

[Entry]:
    import heapq

    def find_k_largest_v2(nums, k):
        max_heap = [(- num) for num in nums]
        heapq.heapify(max_heap)
        largest_elements = []
        for _ in range(min(k, len(nums))):
            largest_elements.append((- heapq.heappop(max_heap)))
        return sorted(largest_elements, reverse=True)

[/Entry]

[Entry]:


    def product_of_list(int_list):
        if (not int_list):
            return 1
        product = 1
        for num in int_list:
            product *= num
        return product

[/Entry]

[Entry]:


    def recursive_factorial(n):
        if (n == 0):
            return 1
        else:
            return (n * recursive_factorial((n - 1)))

[/Entry]






At each round of conversation, I will give you
[Environment feedback] (after executing code) ...
[Code from the last round] ...
[Task] ...
[Context] ...
[Critique] ...

You should then respond to me with
Explain (if applicable): Are there any steps missing in your plan? Why does the code not complete the task? What does the chat log and execution error imply?
Plan: How to complete the task step by step. 
Code:
    1) Reuse or reference the above useful programs if necessary.
    2) Your function will be reused for building more complex functions. Therefore, you should make it generic and reusable. 
    3) Functions in the "Code from the last round" section will not be saved or executed. Do not reuse functions listed there.
    4) Anything defined outside a function will be ignored, define all your variables inside your functions.
    5) Do not write infinite loops.
    6) If the task specifies a function name to be used, follow it strictly (be case sensitive!). Else, name your function in a meaningful way (can infer the task from the name).
    7) Your code should only contain elements that solve the task, so DO NOT write any assert statements / tests
    8) The context in the [Context] tag serves as a casual tip (which can be wrong) to help you on the task, but your priority is to follow instructions in the [Task] tag.

You should only respond in the format as described below:
RESPONSE FORMAT:

Explain: ...
Plan:
1) ...
2) ...
3) ...
...
Code:
```python
# helper functions (only if needed, try to avoid them)
...
# main function after the helper functions
def yourMainFunctionName(args):
  # ...

```


INFO - [Task id] 64 [prompt] [Environment feedback]
None

[Code from the last round]
No code in the first round

[Task]
Write a Python function that takes a list of integers and returns a list of all possible permutations of the integers. Each permutation should be represented as a list of integers.
You must strictly follow the function name: generate_permutations

[Context]
Rough plan to accomplish the task (can be wrong): 
Answer: To accomplish the task of generating all possible permutations of a list of integers in Python, you can follow these conceptual steps:

1. **Understand Permutations**: A permutation of a list is a rearrangement of its elements. For example, the permutations of the list `[1, 2]` are `[1, 2]` and `[2, 1]`.

2. **Recursive Approach**: One common way to generate permutations is through recursion. The idea is to fix one element and recursively generate all permutations of the remaining elements. This can be done by:
   - Selecting an element from the list.
   - Generating all permutations of the remaining elements.
   - Combining the selected element with each of these permutations.

3. **Base Case**: The recursion should have a base case. When the list is empty, the only permutation is the empty list itself.

4. **Using Built-in Libraries**: Python's `itertools` module provides a convenient function called `permutations` that can generate permutations directly, which can simplify your implementation.

5. **Function Definition**: You would define a function that takes a list of integers as input and returns a list of lists, where each inner list is a permutation of the input list.

Here’s a conceptual outline of the function:

```python
from itertools import permutations

def generate_permutations(int_list):
    return [list(p) for p in permutations(int_list)]
```

In this function:
- `permutations(int_list)` generates all permutations of `int_list`.
- The list comprehension converts each permutation (which is a tuple) into a list.

This approach is efficient and leverages Python's built-in capabilities to handle permutations.


[Critique]
None


INFO - [Task id] 64 [generation text] Plan:
1. Import the `permutations` function from Python's `itertools` module, which is designed to generate permutations of a sequence.
2. Define the function `generate_permutations` that takes a list of integers as its parameter.
3. Use the `permutations` function to generate all possible permutations of the input list.
4. Convert each permutation from a tuple to a list using a list comprehension.
5. Return the list of all permutations.

Code:
```python
from itertools import permutations

def generate_permutations(int_list):
    return [list(p) for p in permutations(int_list)]
```
INFO - program_code:
 from itertools import permutations

def generate_permutations(int_list):
    return [list(p) for p in permutations(int_list)]


INFO - program_name:
 generate_permutations

INFO - dependencies:
 []

INFO - raw_msg:
 Plan:
1. Import the `permutations` function from Python's `itertools` module, which is designed to generate permutations of a sequence.
2. Define the function `generate_permutations` that takes a list of integers as its parameter.
3. Use the `permutations` function to generate all possible permutations of the input list.
4. Convert each permutation from a tuple to a list using a list comprehension.
5. Return the list of all permutations.

Code:
```python
from itertools import permutations

def generate_permutations(int_list):
    return [list(p) for p in permutations(int_list)]
```

INFO - no_parent:
 True

INFO - full code to be executed: 
 from itertools import permutations

def generate_permutations(int_list):
    return [list(p) for p in permutations(int_list)]


INFO - obs: Tests passed:
None

Tests failed:
assert sorted(generate_permutations([1, 2, 3])) == sorted(list(permutations([1, 2, 3]))) # output: [[1, 2, 3], [1, 3, 2], [2, 1, 3], [2, 3, 1], [3, 1, 2], [3, 2, 1]]
assert sorted(generate_permutations([1])) == sorted(list(permutations([1]))) # output: [[1]]
assert sorted(generate_permutations([])) == sorted(list(permutations([]))) # output: [[]]
reward: False
done: None
info: {'individual_results': (False, False, False)}
INFO - LM call n parse attempt 1 / 5

INFO - [Task id] 64 [prompt] 
You are a Python programming assistant that assesses my progress of Python programming and provides useful guidance.

I will give you the following information:

[Task]: The objective I need to accomplish.
[Context]: The context of the task. Serves as a casual tip (which can be wrong) to help me on the task, but my priority is to follow instructions in the Task tag.
[function impl]: My function implementation that is intended to complete the task
[unit test results]: The results after executing my function implementation on the unit tests

Your first goal is to use these info to evaluate if I have met the task requirements, and explain why. 
It is possible that the unit test results all pass, but the code does not accomplish the task (eg by failing to accomplish the task in scenarios not covered by the unit tests)
It is also possible that the unit tests are wrong in the first place, though the code accomplishes the task and fails the unit test.

If I have not met the task requirements, write a few sentences to explain why the function implementation is wrong as indicated by the tests. 
You will need this as guidance when you try again later.
Only provide the few sentence description in your answer, not the implementation. 
Suggest how the function implementation can be changed, NOT the test cases (assert statements)

You should only respond in JSON format as described below:
The output should be formatted as a JSON instance that conforms to the JSON schema below.

As an example, for the schema {"properties": {"foo": {"title": "Foo", "description": "a list of strings", "type": "array", "items": {"type": "string"}}}, "required": ["foo"]}
the object {"foo": ["bar", "baz"]} is a well-formatted instance of the schema. The object {"properties": {"foo": ["bar", "baz"]}} is not well-formatted.

Here is the output schema:
```
{"description": "Represents the critique of a task attempt, including reasoning, success status, and suggestions for improvement.\n\nAttributes:\n    reasoning (str): Explanation of why the task was succeeded or failed.\n    success (bool): Indicates whether the task requirements were met.\n    critique (str): Suggestions or critique to help improve future task attempts.", "properties": {"reasoning": {"description": "reason why I have succeeded or failed at the task", "title": "Reasoning", "type": "string"}, "success": {"description": "evaluate if I have met the task requirements", "title": "Success", "type": "boolean"}, "critique": {"description": "critique to help me improve", "title": "Critique", "type": "string"}}, "required": ["reasoning", "success", "critique"]}
```

INFO - [Task id] 64 [prompt] 
Here are some examples:

Example 1:
[function impl]:
```python
def longest_subarray_with_sum_limit(nums: List[int], target: int) -> List[int]:
    n = len(nums)
    left, right = 0, 0
    max_length = 0
    current_sum = 0
    result = []
    while right < n:
        current_sum += nums[right]
        while current_sum > target:
            current_sum -= nums[left]
            left += 1
        if right - left + 1 >= max_length:
            max_length = right - left + 1
            result = nums[left:right+1]
        right += 1
    return result
```
[unit test results]:
Tests passing:
assert longest_subarray_with_sum_limit([1, 2, 3, 4, 5], 8) == [1, 2, 3]
assert longest_subarray_with_sum_limit([1, 2, 3, 4, 5], 15) == [1, 2, 3, 4, 5]
assert longest_subarray_with_sum_limit([1, -1, 2, -2, 3, -3], 2) == [1, -1, 2, -2, 3]
assert longest_subarray_with_sum_limit([], 10) == []
assert longest_subarray_with_sum_limit([], 0) == []
assert longest_subarray_with_sum_limit([], -5) == []  
Tests failing:
assert longest_subarray_with_sum_limit([5, 6, 7, 8, 9], 4) == [] # output: [5]

RESPONSE:
{
    "reasoning": "The implementation failed the test case where no subarray fulfills the condition",
    "success": false,
    "critique": "The issue in the implementation is due to the use of >= instead of > in the condition to update the result. Because of this, it returns a subarray even when the sum is greater than the target, as it still updates the result when the current subarray length is equal to the previous longest subarray length. To overcome this error, we should change the condition to only update the result when the current subarray length is strictly greater than the previous longest subarray length. This can be done by replacing >= with > in the condition."
}


Example 2:
[function impl]:
```python
def longest_subarray_with_sum_limit(nums: List[int], target: int) -> List[int]:
    n = len(nums)
    left, right = 0, 0
    max_length = 0
    current_sum = 0
    result = []
    while current_sum + nums[right] <= target:
        current_sum += nums[right]
        right += 1
    while right < n:
        current_sum += nums[right]
        while current_sum > target:
            current_sum -= nums[left]
            left += 1
        if right - left + 1 > max_length:
            max_length = right - left + 1
            result = nums[left:right+1]
        right += 1
    return result
```
[unit test results]:
Tests passing:
assert longest_subarray_with_sum_limit([], 10) == []
assert longest_subarray_with_sum_limit([], 0) == []
assert longest_subarray_with_sum_limit([], -5) == []
Tests failing:
assert longest_subarray_with_sum_limit([1, 2, 3, 4, 5], 8) == [1, 2, 3] # output: list index out of range
assert longest_subarray_with_sum_limit([1, 2, 3, 4, 5], 15) == [1, 2, 3, 4, 5] # output: list index out of range
assert longest_subarray_with_sum_limit([5, 6, 7, 8, 9], 4) == [] # output: list index out of range
assert longest_subarray_with_sum_limit([1, -1, 2, -2, 3, -3], 2) == [1, -1, 2, -2, 3] # output: list index out of range

RESPONSE:
{
    "reason": "The implementation failed 4 out of the 7 test cases due to an IndexError.",
    "success": false,
    "critique": "The issue stems from the while loop while current_sum + nums[right] <= target:, which directly accesses nums[right] without checking if right is within the bounds of the list. This results in a runtime error when right goes beyond the list length. To overcome this error, we need to add a bounds check for the right variable in the mentioned while loop. We can modify the loop condition to while right < len(nums) and current_sum + nums[right] <= target:. This change will ensure that we only access elements within the bounds of the list, thus avoiding the IndexError."
}


END OF EXAMPLES

INFO - [Task id] 64 [prompt] [Task]:
Write a Python function that takes a list of integers and returns a list of all possible permutations of the integers. Each permutation should be represented as a list of integers.
[Context]: 
 Rough plan to accomplish the task (can be wrong): 
Answer: To accomplish the task of generating all possible permutations of a list of integers in Python, you can follow these conceptual steps:

1. **Understand Permutations**: A permutation of a list is a rearrangement of its elements. For example, the permutations of the list `[1, 2]` are `[1, 2]` and `[2, 1]`.

2. **Recursive Approach**: One common way to generate permutations is through recursion. The idea is to fix one element and recursively generate all permutations of the remaining elements. This can be done by:
   - Selecting an element from the list.
   - Generating all permutations of the remaining elements.
   - Combining the selected element with each of these permutations.

3. **Base Case**: The recursion should have a base case. When the list is empty, the only permutation is the empty list itself.

4. **Using Built-in Libraries**: Python's `itertools` module provides a convenient function called `permutations` that can generate permutations directly, which can simplify your implementation.

5. **Function Definition**: You would define a function that takes a list of integers as input and returns a list of lists, where each inner list is a permutation of the input list.

Here’s a conceptual outline of the function:

```python
from itertools import permutations

def generate_permutations(int_list):
    return [list(p) for p in permutations(int_list)]
```

In this function:
- `permutations(int_list)` generates all permutations of `int_list`.
- The list comprehension converts each permutation (which is a tuple) into a list.

This approach is efficient and leverages Python's built-in capabilities to handle permutations.


[function impl]:
from itertools import permutations

def generate_permutations(int_list):
    return [list(p) for p in permutations(int_list)]

[unit test results]:
Tests passed:
None

Tests failed:
assert sorted(generate_permutations([1, 2, 3])) == sorted(list(permutations([1, 2, 3]))) # output: [[1, 2, 3], [1, 3, 2], [2, 1, 3], [2, 3, 1], [3, 1, 2], [3, 2, 1]]
assert sorted(generate_permutations([1])) == sorted(list(permutations([1]))) # output: [[1]]
assert sorted(generate_permutations([])) == sorted(list(permutations([]))) # output: [[]]

INFO - [Task id] 64 [generation text] 
INFO - {
    "reasoning": "The implementation uses Python's itertools.permutations function to generate permutations, which is correct. However, the test cases are failing because the expected output is being compared to the output of itertools.permutations directly, which returns tuples, not lists. The implementation correctly converts these tuples to lists, but the test cases do not account for this conversion, leading to a mismatch in expected and actual outputs.",
    "success": true,
    "critique": "The function implementation is correct and meets the task requirements. The issue lies in the test cases, which expect tuples instead of lists. Ensure that the test cases are comparing lists to lists, as the function correctly returns lists of permutations. You can modify the test cases to convert the expected tuples to lists for a fair comparison."
}
INFO - {
    "reasoning": "The implementation uses Python's itertools.permutations function to generate permutations, which is correct. However, the test cases are failing because the expected output is being compared to the output of itertools.permutations directly, which returns tuples, not lists. The implementation correctly converts these tuples to lists, but the test cases do not account for this conversion, leading to a mismatch in expected and actual outputs.",
    "success": true,
    "critique": "The function implementation is correct and meets the task requirements. The issue lies in the test cases, which expect tuples instead of lists. Ensure that the test cases are comparing lists to lists, as the function correctly returns lists of permutations. You can modify the test cases to convert the expected tuples to lists for a fair comparison."
}
INFO - [task_id]: 64 [Result]: True
INFO - LM call n parse attempt 1 / 3

INFO - [Task id] 64 [prompt] 
You are a helpful assistant that writes a description of the given function written in the Python programming language.

1) Do not mention the function name.
2) Do not mention anything about helper functions.
3) There might be some helper functions before the main function, but you only need to describe the main function.
4) Try to summarize the function in no more than 6 sentences.
5) Your response should be a single line of text.

INFO - [Task id] 64 [prompt] from itertools import permutations

def generate_permutations(int_list):
    return [list(p) for p in permutations(int_list)]


The main function is `generate_permutations`.
INFO - [Task id] 64 [generation text] This function takes a list of integers as input and generates all possible permutations of the elements in that list. It utilizes the permutations function from the itertools module to create these arrangements. Each permutation is returned as a list, resulting in a list of lists containing all unique permutations. The output will include every possible ordering of the input integers. This function is useful for scenarios where different arrangements of a set of items are needed. The final result is a comprehensive collection of all permutations of the provided integer list.
INFO - Num Completed Tasks: 61, Num Failed Tasks: 4
