INFO - DB skill doc count: 46

INFO - [train iter]: 55/100 

INFO - LM call n parse attempt 1 / 3

INFO - [Task id] 55 [prompt] 
You are a helpful assistant that asks questions to help me decide the next immediate task to do for Python programming.
My ultimate goal is to solve as many diverse problems as possible and become the best programmer in the world.

I will give you the following information:
Completed tasks so far: ...
Failed tasks that are too hard: ...

You must follow the following criteria:
1) You should ask at least 5 questions (but no more than 10 questions) to help me decide the next immediate task to do. Each question should be followed by the concept that the question is about.
2) Your question should be specific to a concept in Python programming.
  Bad example (the question is too general):
    Question: What is the best way to program in Python?
    Concept: unknown
  Good example:
    Question: How do you reverse a list?
    Concept: list
3) Your questions should be self-contained and not require any context.

Respond in JSON, and follow the keys and expected format of the values strictly.


Response format:
The output should be formatted as a JSON instance that conforms to the JSON schema below.

As an example, for the schema {"properties": {"foo": {"title": "Foo", "description": "a list of strings", "type": "array", "items": {"type": "string"}}}, "required": ["foo"]}
the object {"foo": ["bar", "baz"]} is a well-formatted instance of the schema. The object {"properties": {"foo": ["bar", "baz"]}} is not well-formatted.

Here is the output schema:
```
{"$defs": {"QuestionConcept": {"properties": {"question": {"description": "A question related to Python programming, to help me brainstorm the next immediate task to do", "title": "Question", "type": "string"}, "concept": {"description": "The Python programming concept associated with the question above", "title": "Concept", "type": "string"}}, "required": ["question", "concept"], "title": "QuestionConcept", "type": "object"}}, "properties": {"reasoning": {"description": "Reason out, step-by-step, why you picked these questions and concepts", "title": "Reasoning", "type": "string"}, "question_concept_list": {"description": "list of questions and their associated concepts", "items": {"$ref": "#/$defs/QuestionConcept"}, "title": "Question Concept List", "type": "array"}}, "required": ["reasoning", "question_concept_list"]}
```


INFO - [Task id] 55 [prompt] Completed tasks so far (do not give me these tasks again!): 
	Write a Python function that takes a list of integers and returns a new list with the squares of all the numbers. The function should not modify the original list.
	Write a Python function that takes a list of integers and returns a new list containing only the unique elements from the original list. The order of elements in the returned list does not matter.
	Write a Python function that takes a list of integers and returns a set containing all the elements that appear more than once in the list.
	Write a Python function that calculates the factorial of a given non-negative integer. The factorial of a non-negative integer n is the product of all positive integers less than or equal to n. It is denoted by n!.
	Write a Python function that takes a string and returns True if the string is a palindrome, and False otherwise. The function should be case-insensitive and ignore all non-alphanumeric characters.
	Write a Python function that takes a dictionary and a key, and returns the value associated with the key. If the key does not exist in the dictionary, the function should return 'Key not found.'
	Write a Python function that takes a list of integers and returns the first recurring character. If there is no recurring character, return None.
	Write a Python function that takes a list of integers and returns a new list with the integers sorted in ascending order using the bubble sort algorithm.
	Write a Python function that takes a string and returns the first non-repeating character in it. If all characters repeat or the string is empty, return None.
	Write a Python function that simulates a producer-consumer scenario using a queue. The function should take a list of integers as input, where each integer represents an item produced. The function should process (consume) each item by simply printing it and then return the number of items consumed. Use a simple list to simulate the queue behavior.
	Write a Python function that takes an integer n and returns the nth Fibonacci number. The Fibonacci sequence is a series of numbers where each number is the sum of the two preceding ones, usually starting with 0 and 1. The function should use recursion to calculate the result.
	Write a Python function that takes a string and returns the length of the longest substring without repeating characters.
	Write a Python function that takes a list of strings and returns a new list with the strings sorted based on the number of vowels they contain. The sort should be in descending order, and in case of a tie, the strings should be sorted alphabetically.
	Write a Python function that takes a string and returns the character that appears the most frequently in the string. If there is a tie, return the character that appears first in the string. If the string is empty, return None.
	Write a Python function that takes a string representing a mathematical expression consisting of non-negative integers and the plus sign (+) and returns the result of the expression. The function should assume that the input is always a valid expression and that there are no spaces between numbers and operators.
	Write a Python function that takes an integer n and returns the sum of all integers from 1 to n using recursion.
	Write a Python function that takes a list of integers and returns a new list with the integers sorted in ascending order using the selection sort algorithm.
	Write a Python function that takes a string containing only '(', ')', '{', '}', '[' and ']', and determines if the input string is valid. A string is considered valid if brackets are closed in the correct order. For example, "()" and "()[]{}" are valid, but "(]" and "([)]" are not.
	Write a Python function that simulates a basic queue system. The function should take a list of integers representing people's ticket numbers and return the ticket number of the person who will be served last. Use the deque from the collections module to implement the queue.
	Write a Python function that takes two lists of integers and returns a list containing the elements that are common to both lists without duplicates. The order of the elements in the returned list does not matter.
	Write a Python function that takes a list of integers and returns the kth largest element in the list. The function should use a min-heap to efficiently find the kth largest element.
	Write a Python function that takes a list of integers and returns the length of the longest increasing subsequence in the list. The function should not modify the original list.
	Write a Python function that takes a string containing only '(', ')', '[', ']', '{', and '}', and determines if the input string is balanced. A string is balanced if all types of brackets are properly closed and nested. The function should return True if the string is balanced, and False otherwise.
	Write a Python function that takes a list of integers and a target integer. The function should return the index of the target integer in the list if it exists, or -1 if the target is not present.
	Write a Python function that takes a non-negative integer n and returns the nth number in the 'look-and-say' sequence. The 'look-and-say' sequence starts with '1' and each subsequent term is derived by describing the previous term. For example, the term after '1' is '11' (one 1), after '11' is '21' (two 1s), after '21' is '1211' (one 2, then one 1), and so on.
	Write a Python function that takes a list of integers and returns the number of distinct pairs of elements that have a difference of 2. The function should handle negative numbers as well.
	Write a Python function that takes a string and returns a dictionary where the keys are characters and the values are the number of times each character appears in the string.
	Write a Python function that takes a list of strings and returns a new list with the strings sorted in descending order based on their length. If two strings have the same length, they should be sorted alphabetically in ascending order.
	Write a Python function that takes a list of integers and returns a new list with the integers sorted in ascending order using the merge sort algorithm. The function should not modify the original list.
	Write a Python function that takes a list of integers and returns the sum of the two largest numbers in the list. The function should handle lists with at least two integers and should not modify the original list.
	Write a Python function that takes a list of integers and returns the first duplicate number for which the second occurrence has the minimal index. If there are no duplicates, return -1.
	Write a Python function that takes a list of integers and returns the product of all the elements in the list except for the current index. For each index, you should find the product of all the integers except the integer at that index, without using division. The function should return a new list with the products.
	Write a Python function that takes a list of integers and returns the most frequent integer in the list. If there is a tie, return the smallest integer among the most frequent ones. If the list is empty, return None.
	Write a Python function that takes a list of integers and returns a new list with the integers sorted in ascending order using the insertion sort algorithm. The function should not modify the original list.
	Write a Python function that takes a string containing only '(', ')', '[', ']', '{', and '}', and determines if the input string has balanced parentheses, brackets, and braces. A string is balanced if all types of brackets are correctly closed and nested. The function should return True if the string is balanced, and False otherwise.
	Write a Python function that takes a list of integers and returns a new list with each integer replaced by the greatest integer to the right of that integer in the original list. For the last element, replace it with -1. The function should not modify the original list.
	Write a Python function that takes a list of integers and returns the sum of the unique numbers in that list. For example, if the input list is [1, 2, 2, 3, 4, 4], the function should return 1 + 3 = 4.
	Write a Python function that takes a string and returns a dictionary where the keys are characters and the values are the number of times each character appears in the string. The function should ignore case and consider only alphabetic characters.
	Write a Python function that takes a list of integers and returns the index of the peak element. A peak element is an element that is greater than its neighbors. For the purposes of this problem, we'll consider the first and last elements to be peak elements if they are greater than their one neighbor. If there are multiple peak elements, return the index of any one of them.
	Write a Python function that takes a list of integers and returns the smallest positive integer (greater than 0) that does not occur in the list.
	Write a Python function that takes a list of integers and returns the smallest positive integer (greater than 0) that does not occur in the list. The function should handle lists with both positive and negative integers.
	Write a Python function that takes a list of integers and returns a dictionary where the keys are the integers and the values are the counts of how often each integer appears in the list.
	Write a Python function that takes a list of integers and returns the list of integers in reverse order. The function should not use the built-in reverse() method or [::-1] slicing. Instead, it should manually swap elements in the list.
	Write a Python function that takes two lists of integers and returns a new list containing the symmetric difference of the two lists. The symmetric difference should contain elements that are in either of the lists but not in both. The order of elements in the returned list does not matter.
	Write a Python function that takes a string and returns the number of vowels in that string. The function should be case-insensitive.
	Write a Python function that takes two strings and returns True if one string is an anagram of the other, and False otherwise. An anagram is a word or phrase formed by rearranging the letters of a different word or phrase, typically using all the original letters exactly once.

Failed tasks that are too hard: 
	Write a Python function that takes a list of integers and returns the largest product that can be obtained by multiplying any two numbers from the list.
	Write a Python function that takes a sorted list of integers and an integer target value, and returns a tuple of two numbers from the list that add up to the target value. If no such pair exists, return None.
	Write a Python function that takes a list of strings representing a postfix expression (each element being a number or an operator) and returns the result of the expression. The function should handle the four basic arithmetic operations: addition, subtraction, multiplication, and division.
	Write a Python function that takes a list of integers and returns the length of the longest consecutive elements sequence. The sequence must be composed of consecutive integers, regardless of their order in the original list.
	Write a Python function that takes a string and returns a dictionary where each key is a unique word in the string and the corresponding value is the number of times that word appears in the string. The function should ignore case and punctuation.
	Write a Python function that takes a list of integers and returns the sum of the two smallest numbers in the list. The function should handle lists with at least two integers and should not modify the original list.
	Write a Python function that takes a list of integers and returns a new list containing the difference between each adjacent pair of numbers. The output list should have one less element than the input list.
	Write a Python function that takes a list of integers and returns the maximum product of two distinct elements in the list. The function should handle lists with at least two integers.
	Write a Python function that takes a list of integers and returns the number of elements in the list that are greater than the sum of all previous elements in the list. For example, in the list [1, 2, 4, 1, 6], the elements 4 and 6 are greater than the sum of all previous elements (1+2 and 1+2+4+1, respectively).


INFO - [Task id] 55 [generation text] 
INFO - {
    "reasoning": "The questions selected cover a variety of Python programming concepts that have not been tackled yet. They include data structures like lists and dictionaries, algorithms for sorting and searching, and string manipulation. This diversity will help in broadening the programming skills and understanding of different Python functionalities.",
    "question_concept_list": [
        {
            "question": "How do you implement a binary search algorithm in Python?",
            "concept": "searching"
        },
        {
            "question": "What is the difference between a shallow copy and a deep copy in Python?",
            "concept": "copying"
        },
        {
            "question": "How can you merge two dictionaries in Python?",
            "concept": "dictionary"
        },
        {
            "question": "What is the purpose of the 'with' statement in Python, and how is it used?",
            "concept": "context management"
        },
        {
            "question": "How do you create a generator in Python, and what are its benefits?",
            "concept": "generators"
        }
    ]
}
INFO - {
    "reasoning": "The questions selected cover a variety of Python programming concepts that have not been tackled yet. They include data structures like lists and dictionaries, algorithms for sorting and searching, and string manipulation. This diversity will help in broadening the programming skills and understanding of different Python functionalities.",
    "question_concept_list": [
        {
            "question": "How do you implement a binary search algorithm in Python?",
            "concept": "searching"
        },
        {
            "question": "What is the difference between a shallow copy and a deep copy in Python?",
            "concept": "copying"
        },
        {
            "question": "How can you merge two dictionaries in Python?",
            "concept": "dictionary"
        },
        {
            "question": "What is the purpose of the 'with' statement in Python, and how is it used?",
            "concept": "context management"
        },
        {
            "question": "How do you create a generator in Python, and what are its benefits?",
            "concept": "generators"
        }
    ]
}
INFO - LM call n parse attempt 1 / 5

INFO - [Task id] 55 [prompt] 
You are a helpful assistant that tells me the next immediate task (in the form of a function) to do for Python programming. 
My ultimate goal is to solve as many diverse problems as possible and become the best programmer in the world.

I will give you the following information:
Question 1: ...
Answer: ...
Question 2: ...
Answer: ...
Question 3: ...
Answer: ...
...
Completed tasks so far: ...
Failed tasks that are too hard: ...

You must follow the following criteria:
1) You should act as a mentor and guide me to the next task based on my current learning progress. As a rule of thumb, guide me through beginner problems, followed by interview level problems, followed by competitive programming problems. The latter 2 levels can involve concepts from data structures and algorithms.
2) Please be very specific about what skills I need to learn.
3) Do not propose multiple tasks at the same time. Do not mention anything else.
4) The next task should not be too hard since I may not have learned enough skills to complete it yet.
5) The next task should be novel and interesting. I should look for problems which I have not solved yet. I should not be doing the same thing over and over again.
6) The task should involve writing a main Python function that at most use basic libraries (try not to import too many or too advanced modules)
7) Do not give tasks that require file operations (create, read, update, delete) or an internet connection.
8) I am only allowed to write Python functions, so do not require me to write other things (e.g. objects). 
9) Requiring me to write a function that takes in an object and uses object methods is still ok, but I cannot define the objects myself. You must provide the objects as input to my function in the assert statement.

Take note of these in your response:
1) Give an expected function name for the task.
2) Give a tuple of 3 assert statements that tests the function's correctness in the "test_tuple" field. This must strictly contain single-line assert statements only; any setup code for the test must be filled in the "test_setup_code" field.
3) The function name which you gave must be called in the assert statements. 

Respond in JSON, and follow the keys and expected format of the values strictly.


Response format:
The output should be formatted as a JSON instance that conforms to the JSON schema below.

As an example, for the schema {"properties": {"foo": {"title": "Foo", "description": "a list of strings", "type": "array", "items": {"type": "string"}}}, "required": ["foo"]}
the object {"foo": ["bar", "baz"]} is a well-formatted instance of the schema. The object {"properties": {"foo": ["bar", "baz"]}} is not well-formatted.

Here is the output schema:
```
{"properties": {"reasoning": {"description": "Based on the information listed above, reason about what the next task should be.", "title": "Reasoning", "type": "string"}, "task": {"description": "The next task, which requires me to write a single function. Be sure to state the expected data structure for inputs and outputs.", "title": "Task", "type": "string"}, "gt_fn_name": {"description": "The expected name for the single function for the task", "title": "Gt Fn Name", "type": "string"}, "test_setup_code": {"description": "setup code, if required. This will be run just before the assert statements are executed.", "title": "Test Setup Code", "type": "string"}, "test_tuple": {"description": "Tuple of 3 SINGLE-LINE test cases that starts with 'assert' to test the function's correctness.Any extra required code should be written in the test_setup_code field.", "items": {"type": "string"}, "maxItems": 3, "minItems": 3, "prefixItems": [{"type": "string"}, {"type": "string"}, {"type": "string"}], "title": "Test Tuple", "type": "array"}}, "required": ["reasoning", "task", "gt_fn_name", "test_setup_code", "test_tuple"]}
```


INFO - [Task id] 55 [prompt] 
Here's an example response:
{
    "reasoning": "The student has shown proficiency in basic Python syntax and list manipulation, but struggles with problems involving more complex algorithms and data structures. This task will help them practice using sets or dictionaries for efficient lookups, and understand the concept of algorithmic complexity.",
    "task": "Write a Python function that takes a list of integers and returns the tuple of two numbers that sum up to zero. If no such pair exists, return None.",
    "gt_fn_name": "find_zero_sum",
    "test_setup_code": "",
    "test_tuple": [
        "assert find_zero_sum([1, 2, 3, -2, -1]) == (2, -2)",
        "assert find_zero_sum([1, 2, 3, 4, 5]) == None",
        "assert find_zero_sum([1, 4, 3, -4, -1]) == (4, -4)"
    ]
}

INFO - [Task id] 55 [prompt] Question 1: How do you implement a binary search algorithm in Python?
Answer: To implement a binary search algorithm in Python, you can use either an iterative or a recursive approach. Below are examples of both methods.

### Iterative Approach

```python
def binary_search_iterative(arr, target):
    left, right = 0, len(arr) - 1
    
    while left <= right:
        mid = left + (right - left) // 2  # To avoid overflow
        
        if arr[mid] == target:
            return mid  # Target found
        elif arr[mid] < target:
            left = mid + 1  # Search in the right half
        else:
            right = mid - 1  # Search in the left half
            
    return -1  # Target not found
```

### Recursive Approach

```python
def binary_search_recursive(arr, target, left, right):
    if left > right:
        return -1  # Target not found
    
    mid = left + (right - left) // 2  # To avoid overflow
    
    if arr[mid] == target:
        return mid  # Target found
    elif arr[mid] < target:
        return binary_search_recursive(arr, target, mid + 1, right)  # Search in the right half
    else:
        return binary_search_recursive(arr, target, left, mid - 1)  # Search in the left half

# To use the recursive function, call it like this:
# result = binary_search_recursive(arr, target, 0, len(arr) - 1)
```

### Usage Example

```python
arr = [1, 2, 3, 4, 5, 6, 7, 8, 9]
target = 5

# Using iterative approach
result_iterative = binary_search_iterative(arr, target)
print("Iterative result:", result_iterative)

# Using recursive approach
result_recursive = binary_search_recursive(arr, target, 0, len(arr) - 1)
print("Recursive result:", result_recursive)
```

Make sure the array is sorted before performing a binary search, as the algorithm assumes a sorted input.

Question 2: What is the difference between a shallow copy and a deep copy in Python?
Answer: A shallow copy and a deep copy in Python differ in how they handle the copying of objects, particularly when those objects contain references to other objects.

- **Shallow Copy**: A shallow copy creates a new object, but it does not create copies of the objects that are referenced by the original object. Instead, it copies the references to those objects. This means that if the original object contains mutable objects (like lists or dictionaries), changes made to those mutable objects in the shallow copy will also reflect in the original object, and vice versa. You can create a shallow copy using the `copy` module's `copy()` function or by using the `list()` constructor for lists.

  Example:
  ```python
  import copy

  original = [1, 2, [3, 4]]
  shallow_copied = copy.copy(original)

  shallow_copied[2][0] = 'changed'
  print(original)  # Output: [1, 2, ['changed', 4]]
  ```

- **Deep Copy**: A deep copy creates a new object and recursively copies all objects found in the original object, meaning that it creates copies of all nested objects as well. This ensures that the new object is completely independent of the original object. You can create a deep copy using the `copy` module's `deepcopy()` function.

  Example:
  ```python
  import copy

  original = [1, 2, [3, 4]]
  deep_copied = copy.deepcopy(original)

  deep_copied[2][0] = 'changed'
  print(original)  # Output: [1, 2, [3, 4]]
  ```

In summary, use a shallow copy when you want to copy the outer object but share references to the inner objects, and use a deep copy when you want to create a completely independent copy of the entire object structure.

Question 3: How do you merge two dictionaries in Python?
Answer: You can merge two dictionaries in Python using several methods. Here are a few common ways:

1. **Using the `update()` method**:
   ```python
   dict1 = {'a': 1, 'b': 2}
   dict2 = {'b': 3, 'c': 4}
   dict1.update(dict2)
   # dict1 is now {'a': 1, 'b': 3, 'c': 4}
   ```

2. **Using the `**` unpacking operator (Python 3.5+)**:
   ```python
   dict1 = {'a': 1, 'b': 2}
   dict2 = {'b': 3, 'c': 4}
   merged_dict = {**dict1, **dict2}
   # merged_dict is {'a': 1, 'b': 3, 'c': 4}
   ```

3. **Using the `|` operator (Python 3.9+)**:
   ```python
   dict1 = {'a': 1, 'b': 2}
   dict2 = {'b': 3, 'c': 4}
   merged_dict = dict1 | dict2
   # merged_dict is {'a': 1, 'b': 3, 'c': 4}
   ```

4. **Using dictionary comprehension**:
   ```python
   dict1 = {'a': 1, 'b': 2}
   dict2 = {'b': 3, 'c': 4}
   merged_dict = {k: v for d in (dict1, dict2) for k, v in d.items()}
   # merged_dict is {'a': 1, 'b': 3, 'c': 4}
   ```

Choose the method that best fits your needs based on the version of Python you are using and your specific requirements.

Question 4: What is the purpose of the 'with' statement in Python, and how is it used?
Answer: The 'with' statement in Python is used to wrap the execution of a block of code within methods defined by a context manager. The primary purpose of the 'with' statement is to ensure that resources are properly managed, such as opening and closing files, acquiring and releasing locks, or managing network connections.

When you use the 'with' statement, it simplifies exception handling by encapsulating common preparation and cleanup tasks in so-called context managers. This means that you don't have to explicitly release resources; the context manager takes care of it for you, even if an error occurs.

Here is a common example of using the 'with' statement to work with files:

```python
with open('example.txt', 'r') as file:
    content = file.read()
    print(content)
```

In this example, the file 'example.txt' is opened for reading. The 'with' statement ensures that the file is properly closed after the block of code is executed, regardless of whether an exception is raised within the block. This makes the code cleaner and less error-prone.

Question 5: How do you create a generator in Python, and what are its benefits?
Answer: To create a generator in Python, you can use a function that contains one or more `yield` statements. When the function is called, it returns a generator object without executing the function's body. Each time the generator's `__next__()` method is called (or when you iterate over it), the function runs until it hits a `yield` statement, which returns a value and pauses the function's state, allowing it to resume from that point on the next call.

Here’s a simple example of a generator function:

```python
def count_up_to(n):
    count = 1
    while count <= n:
        yield count
        count += 1
```

You can use this generator like this:

```python
counter = count_up_to(5)
for number in counter:
    print(number)
```

### Benefits of Generators:
1. **Memory Efficiency**: Generators yield items one at a time and only when required, which means they do not store the entire sequence in memory. This is particularly useful for large datasets or streams of data.

2. **Lazy Evaluation**: Generators compute values on-the-fly, which can lead to performance improvements, especially when dealing with large datasets or infinite sequences.

3. **Simpler Code**: Generators can simplify code that would otherwise require complex state management, making it easier to read and maintain.

4. **Pipelining**: Generators can be used to create pipelines where the output of one generator can be fed directly into another, allowing for efficient data processing.

Overall, generators are a powerful feature in Python that can help manage resources effectively while writing clean and efficient code.

Completed tasks so far (do not give me these tasks again!): 
	Write a Python function that takes a list of integers and returns a new list with the squares of all the numbers. The function should not modify the original list.
	Write a Python function that takes a list of integers and returns a new list containing only the unique elements from the original list. The order of elements in the returned list does not matter.
	Write a Python function that takes a list of integers and returns a set containing all the elements that appear more than once in the list.
	Write a Python function that calculates the factorial of a given non-negative integer. The factorial of a non-negative integer n is the product of all positive integers less than or equal to n. It is denoted by n!.
	Write a Python function that takes a string and returns True if the string is a palindrome, and False otherwise. The function should be case-insensitive and ignore all non-alphanumeric characters.
	Write a Python function that takes a dictionary and a key, and returns the value associated with the key. If the key does not exist in the dictionary, the function should return 'Key not found.'
	Write a Python function that takes a list of integers and returns the first recurring character. If there is no recurring character, return None.
	Write a Python function that takes a list of integers and returns a new list with the integers sorted in ascending order using the bubble sort algorithm.
	Write a Python function that takes a string and returns the first non-repeating character in it. If all characters repeat or the string is empty, return None.
	Write a Python function that simulates a producer-consumer scenario using a queue. The function should take a list of integers as input, where each integer represents an item produced. The function should process (consume) each item by simply printing it and then return the number of items consumed. Use a simple list to simulate the queue behavior.
	Write a Python function that takes an integer n and returns the nth Fibonacci number. The Fibonacci sequence is a series of numbers where each number is the sum of the two preceding ones, usually starting with 0 and 1. The function should use recursion to calculate the result.
	Write a Python function that takes a string and returns the length of the longest substring without repeating characters.
	Write a Python function that takes a list of strings and returns a new list with the strings sorted based on the number of vowels they contain. The sort should be in descending order, and in case of a tie, the strings should be sorted alphabetically.
	Write a Python function that takes a string and returns the character that appears the most frequently in the string. If there is a tie, return the character that appears first in the string. If the string is empty, return None.
	Write a Python function that takes a string representing a mathematical expression consisting of non-negative integers and the plus sign (+) and returns the result of the expression. The function should assume that the input is always a valid expression and that there are no spaces between numbers and operators.
	Write a Python function that takes an integer n and returns the sum of all integers from 1 to n using recursion.
	Write a Python function that takes a list of integers and returns a new list with the integers sorted in ascending order using the selection sort algorithm.
	Write a Python function that takes a string containing only '(', ')', '{', '}', '[' and ']', and determines if the input string is valid. A string is considered valid if brackets are closed in the correct order. For example, "()" and "()[]{}" are valid, but "(]" and "([)]" are not.
	Write a Python function that simulates a basic queue system. The function should take a list of integers representing people's ticket numbers and return the ticket number of the person who will be served last. Use the deque from the collections module to implement the queue.
	Write a Python function that takes two lists of integers and returns a list containing the elements that are common to both lists without duplicates. The order of the elements in the returned list does not matter.
	Write a Python function that takes a list of integers and returns the kth largest element in the list. The function should use a min-heap to efficiently find the kth largest element.
	Write a Python function that takes a list of integers and returns the length of the longest increasing subsequence in the list. The function should not modify the original list.
	Write a Python function that takes a string containing only '(', ')', '[', ']', '{', and '}', and determines if the input string is balanced. A string is balanced if all types of brackets are properly closed and nested. The function should return True if the string is balanced, and False otherwise.
	Write a Python function that takes a list of integers and a target integer. The function should return the index of the target integer in the list if it exists, or -1 if the target is not present.
	Write a Python function that takes a non-negative integer n and returns the nth number in the 'look-and-say' sequence. The 'look-and-say' sequence starts with '1' and each subsequent term is derived by describing the previous term. For example, the term after '1' is '11' (one 1), after '11' is '21' (two 1s), after '21' is '1211' (one 2, then one 1), and so on.
	Write a Python function that takes a list of integers and returns the number of distinct pairs of elements that have a difference of 2. The function should handle negative numbers as well.
	Write a Python function that takes a string and returns a dictionary where the keys are characters and the values are the number of times each character appears in the string.
	Write a Python function that takes a list of strings and returns a new list with the strings sorted in descending order based on their length. If two strings have the same length, they should be sorted alphabetically in ascending order.
	Write a Python function that takes a list of integers and returns a new list with the integers sorted in ascending order using the merge sort algorithm. The function should not modify the original list.
	Write a Python function that takes a list of integers and returns the sum of the two largest numbers in the list. The function should handle lists with at least two integers and should not modify the original list.
	Write a Python function that takes a list of integers and returns the first duplicate number for which the second occurrence has the minimal index. If there are no duplicates, return -1.
	Write a Python function that takes a list of integers and returns the product of all the elements in the list except for the current index. For each index, you should find the product of all the integers except the integer at that index, without using division. The function should return a new list with the products.
	Write a Python function that takes a list of integers and returns the most frequent integer in the list. If there is a tie, return the smallest integer among the most frequent ones. If the list is empty, return None.
	Write a Python function that takes a list of integers and returns a new list with the integers sorted in ascending order using the insertion sort algorithm. The function should not modify the original list.
	Write a Python function that takes a string containing only '(', ')', '[', ']', '{', and '}', and determines if the input string has balanced parentheses, brackets, and braces. A string is balanced if all types of brackets are correctly closed and nested. The function should return True if the string is balanced, and False otherwise.
	Write a Python function that takes a list of integers and returns a new list with each integer replaced by the greatest integer to the right of that integer in the original list. For the last element, replace it with -1. The function should not modify the original list.
	Write a Python function that takes a list of integers and returns the sum of the unique numbers in that list. For example, if the input list is [1, 2, 2, 3, 4, 4], the function should return 1 + 3 = 4.
	Write a Python function that takes a string and returns a dictionary where the keys are characters and the values are the number of times each character appears in the string. The function should ignore case and consider only alphabetic characters.
	Write a Python function that takes a list of integers and returns the index of the peak element. A peak element is an element that is greater than its neighbors. For the purposes of this problem, we'll consider the first and last elements to be peak elements if they are greater than their one neighbor. If there are multiple peak elements, return the index of any one of them.
	Write a Python function that takes a list of integers and returns the smallest positive integer (greater than 0) that does not occur in the list.
	Write a Python function that takes a list of integers and returns the smallest positive integer (greater than 0) that does not occur in the list. The function should handle lists with both positive and negative integers.
	Write a Python function that takes a list of integers and returns a dictionary where the keys are the integers and the values are the counts of how often each integer appears in the list.
	Write a Python function that takes a list of integers and returns the list of integers in reverse order. The function should not use the built-in reverse() method or [::-1] slicing. Instead, it should manually swap elements in the list.
	Write a Python function that takes two lists of integers and returns a new list containing the symmetric difference of the two lists. The symmetric difference should contain elements that are in either of the lists but not in both. The order of elements in the returned list does not matter.
	Write a Python function that takes a string and returns the number of vowels in that string. The function should be case-insensitive.
	Write a Python function that takes two strings and returns True if one string is an anagram of the other, and False otherwise. An anagram is a word or phrase formed by rearranging the letters of a different word or phrase, typically using all the original letters exactly once.

Failed tasks that are too hard: 
	Write a Python function that takes a list of integers and returns the largest product that can be obtained by multiplying any two numbers from the list.
	Write a Python function that takes a sorted list of integers and an integer target value, and returns a tuple of two numbers from the list that add up to the target value. If no such pair exists, return None.
	Write a Python function that takes a list of strings representing a postfix expression (each element being a number or an operator) and returns the result of the expression. The function should handle the four basic arithmetic operations: addition, subtraction, multiplication, and division.
	Write a Python function that takes a list of integers and returns the length of the longest consecutive elements sequence. The sequence must be composed of consecutive integers, regardless of their order in the original list.
	Write a Python function that takes a string and returns a dictionary where each key is a unique word in the string and the corresponding value is the number of times that word appears in the string. The function should ignore case and punctuation.
	Write a Python function that takes a list of integers and returns the sum of the two smallest numbers in the list. The function should handle lists with at least two integers and should not modify the original list.
	Write a Python function that takes a list of integers and returns a new list containing the difference between each adjacent pair of numbers. The output list should have one less element than the input list.
	Write a Python function that takes a list of integers and returns the maximum product of two distinct elements in the list. The function should handle lists with at least two integers.
	Write a Python function that takes a list of integers and returns the number of elements in the list that are greater than the sum of all previous elements in the list. For example, in the list [1, 2, 4, 1, 6], the elements 4 and 6 are greater than the sum of all previous elements (1+2 and 1+2+4+1, respectively).


INFO - [Task id] 55 [generation text] 
INFO - {
    "reasoning": "The student has demonstrated understanding of basic Python concepts and data structures, and has also shown the ability to implement simple algorithms. To further develop their skills, the next task should involve a common data structure and a basic algorithm that is slightly more complex than the previous tasks. The task should also be novel and not repeat previous concepts. A good next step would be to implement a function that checks if a given string is a valid IP address.",
    "task": "Write a Python function that takes a string and returns True if the string is a valid IPv4 address, and False otherwise. A valid IPv4 address consists of four octets separated by dots, where each octet is a number from 0 to 255 inclusive.",
    "gt_fn_name": "is_valid_ip",
    "test_setup_code": "",
    "test_tuple": [
        "assert is_valid_ip('192.168.1.1') == True",
        "assert is_valid_ip('256.256.256.256') == False",
        "assert is_valid_ip('192.168.1') == False"
    ]
}
INFO - {
    "reasoning": "The student has demonstrated understanding of basic Python concepts and data structures, and has also shown the ability to implement simple algorithms. To further develop their skills, the next task should involve a common data structure and a basic algorithm that is slightly more complex than the previous tasks. The task should also be novel and not repeat previous concepts. A good next step would be to implement a function that checks if a given string is a valid IP address.",
    "task": "Write a Python function that takes a string and returns True if the string is a valid IPv4 address, and False otherwise. A valid IPv4 address consists of four octets separated by dots, where each octet is a number from 0 to 255 inclusive.",
    "gt_fn_name": "is_valid_ip",
    "test_setup_code": "",
    "test_tuple": [
        "assert is_valid_ip('192.168.1.1') == True",
        "assert is_valid_ip('256.256.256.256') == False",
        "assert is_valid_ip('192.168.1') == False"
    ]
}
INFO - The task prompt is Write a Python function that takes a string and returns True if the string is a valid IPv4 address, and False otherwise. A valid IPv4 address consists of four octets separated by dots, where each octet is a number from 0 to 255 inclusive.
You must strictly follow the function name: is_valid_ip

INFO - LM call n parse attempt 1 / 3

INFO - [Task id] 55 [prompt] 
You are a helpful assistant that answer my question about Python programming.

I will give you the following information:
Question: ...

You will answer the question based on the context (only if available and helpful) and your own knowledge of Python programming.
1) Start your answer with "Answer: ".
2) Answer "Answer: Unknown" if you don't know the answer.

INFO - [Task id] 55 [prompt] Question: Explain at a conceptual level, how to accomplish the below task in Python programming?
Write a Python function that takes a string and returns True if the string is a valid IPv4 address, and False otherwise. A valid IPv4 address consists of four octets separated by dots, where each octet is a number from 0 to 255 inclusive.
INFO - [Task id] 55 [generation text] Answer: To accomplish the task of validating an IPv4 address in Python, you can follow these conceptual steps:

1. **Split the String**: Use the `split()` method to divide the input string into parts based on the dot ('.') separator. This will give you a list of octets.

2. **Check the Number of Octets**: Ensure that the resulting list contains exactly four octets. If it does not, return `False`.

3. **Validate Each Octet**: Iterate through each octet and perform the following checks:
   - Ensure that the octet is a digit using the `isdigit()` method.
   - Convert the octet to an integer and check if it falls within the range of 0 to 255.
   - Ensure that the octet does not have leading zeros (except for the number '0' itself).

4. **Return the Result**: If all octets pass the checks, return `True`. If any check fails, return `False`.

Here is a conceptual outline of the function:

```python
def is_valid_ipv4(ip):
    # Step 1: Split the string into octets
    octets = ip.split('.')
    
    # Step 2: Check the number of octets
    if len(octets) != 4:
        return False
    
    # Step 3: Validate each octet
    for octet in octets:
        if not octet.isdigit() or not (0 <= int(octet) <= 255):
            return False
        if len(octet) > 1 and octet[0] == '0':  # Check for leading zeros
            return False
    
    # Step 4: Return True if all checks are passed
    return True
```

This function will effectively determine if a given string is a valid IPv4 address based on the criteria outlined.
INFO - Attempting task_id 55
INFO - [35m Rollout attempt 1/4[0m
INFO - [33m Retrieving 5 entries for db: skill 
 [0m
INFO - [33m is_palindrome, is_balanced_v2, is_valid_parentheses, is_balanced, is_anagram[0m
INFO - LM call n parse attempt 1 / 3

INFO - [Task id] 55 [prompt] You are a helpful assistant that writes python code to solve a task specified by me.

Here are some useful functions written earlier which you can reuse or reference.


[Entry]:


    def is_palindrome(s):
        normalized_str = s.lower()
        filtered_str = ''.join((char for char in normalized_str if char.isalnum()))
        return (filtered_str == filtered_str[::(- 1)])

[/Entry]

[Entry]:


    def is_balanced_v2(s: str) -> bool:
        stack = []
        bracket_map = {')': '(', ']': '[', '}': '{'}
        for char in s:
            if (char in bracket_map.values()):
                stack.append(char)
            elif (char in bracket_map):
                if ((not stack) or (stack[(- 1)] != bracket_map[char])):
                    return False
                stack.pop()
        return (not stack)

[/Entry]

[Entry]:


    def is_valid_parentheses(s: str) -> bool:
        bracket_map = {')': '(', '}': '{', ']': '['}
        stack = []
        for char in s:
            if (char in bracket_map.values()):
                stack.append(char)
            elif (char in bracket_map):
                if ((not stack) or (stack[(- 1)] != bracket_map[char])):
                    return False
                stack.pop()
        return (not stack)

[/Entry]

[Entry]:


    def is_balanced(s: str) -> bool:
        bracket_map = {')': '(', ']': '[', '}': '{'}
        stack = []
        for char in s:
            if (char in bracket_map.values()):
                stack.append(char)
            elif (char in bracket_map):
                if ((not stack) or (stack[(- 1)] != bracket_map[char])):
                    return False
                stack.pop()
        return (len(stack) == 0)

[/Entry]

[Entry]:


    def is_anagram(str1, str2):
        normalized_str1 = ''.join(filter(str.isalpha, str1.lower()))
        normalized_str2 = ''.join(filter(str.isalpha, str2.lower()))
        sorted_str1 = sorted(normalized_str1)
        sorted_str2 = sorted(normalized_str2)
        return (sorted_str1 == sorted_str2)

[/Entry]






At each round of conversation, I will give you
[Environment feedback] (after executing code) ...
[Code from the last round] ...
[Task] ...
[Context] ...
[Critique] ...

You should then respond to me with
Explain (if applicable): Are there any steps missing in your plan? Why does the code not complete the task? What does the chat log and execution error imply?
Plan: How to complete the task step by step. 
Code:
    1) Reuse or reference the above useful programs if necessary.
    2) Your function will be reused for building more complex functions. Therefore, you should make it generic and reusable. 
    3) Functions in the "Code from the last round" section will not be saved or executed. Do not reuse functions listed there.
    4) Anything defined outside a function will be ignored, define all your variables inside your functions.
    5) Do not write infinite loops.
    6) If the task specifies a function name to be used, follow it strictly (be case sensitive!). Else, name your function in a meaningful way (can infer the task from the name).
    7) Your code should only contain elements that solve the task, so DO NOT write any assert statements / tests
    8) The context in the [Context] tag serves as a casual tip (which can be wrong) to help you on the task, but your priority is to follow instructions in the [Task] tag.

You should only respond in the format as described below:
RESPONSE FORMAT:

Explain: ...
Plan:
1) ...
2) ...
3) ...
...
Code:
```python
# helper functions (only if needed, try to avoid them)
...
# main function after the helper functions
def yourMainFunctionName(args):
  # ...

```


INFO - [Task id] 55 [prompt] [Environment feedback]
None

[Code from the last round]
No code in the first round

[Task]
Write a Python function that takes a string and returns True if the string is a valid IPv4 address, and False otherwise. A valid IPv4 address consists of four octets separated by dots, where each octet is a number from 0 to 255 inclusive.
You must strictly follow the function name: is_valid_ip

[Context]
Rough plan to accomplish the task (can be wrong): 
Answer: To accomplish the task of validating an IPv4 address in Python, you can follow these conceptual steps:

1. **Split the String**: Use the `split()` method to divide the input string into parts based on the dot ('.') separator. This will give you a list of octets.

2. **Check the Number of Octets**: Ensure that the resulting list contains exactly four octets. If it does not, return `False`.

3. **Validate Each Octet**: Iterate through each octet and perform the following checks:
   - Ensure that the octet is a digit using the `isdigit()` method.
   - Convert the octet to an integer and check if it falls within the range of 0 to 255.
   - Ensure that the octet does not have leading zeros (except for the number '0' itself).

4. **Return the Result**: If all octets pass the checks, return `True`. If any check fails, return `False`.

Here is a conceptual outline of the function:

```python
def is_valid_ipv4(ip):
    # Step 1: Split the string into octets
    octets = ip.split('.')
    
    # Step 2: Check the number of octets
    if len(octets) != 4:
        return False
    
    # Step 3: Validate each octet
    for octet in octets:
        if not octet.isdigit() or not (0 <= int(octet) <= 255):
            return False
        if len(octet) > 1 and octet[0] == '0':  # Check for leading zeros
            return False
    
    # Step 4: Return True if all checks are passed
    return True
```

This function will effectively determine if a given string is a valid IPv4 address based on the criteria outlined.


[Critique]
None


INFO - [Task id] 55 [generation text] Plan:
1) Define the function `is_valid_ip` that takes a single string argument.
2) Split the input string by the dot character to get a list of octets.
3) Check if the list contains exactly four elements. If not, return False.
4) Iterate over each octet in the list and perform the following checks:
   - Verify that the octet is a non-empty string of digits.
   - Convert the octet to an integer and check if it is in the range 0 to 255.
   - Ensure that the octet does not have leading zeros unless it is exactly '0'.
5) If all octets pass the checks, return True. Otherwise, return False at any point where a check fails.

Code:
```python
def is_valid_ip(ip_str):
    # Split the string into octets
    octets = ip_str.split('.')
    
    # Check if there are exactly four octets
    if len(octets) != 4:
        return False
    
    for octet in octets:
        # Check if the octet is a number and within the valid range
        if not octet.isdigit() or not 0 <= int(octet) <= 255:
            return False
        # Check for leading zeros
        if len(octet) > 1 and octet[0] == '0':
            return False
    
    # If all checks passed, the IP is valid
    return True
```

This code follows the plan and should correctly identify valid IPv4 addresses according to the specified criteria.
INFO - program_code:
 

def is_valid_ip(ip_str):
    octets = ip_str.split('.')
    if (len(octets) != 4):
        return False
    for octet in octets:
        if ((not octet.isdigit()) or (not (0 <= int(octet) <= 255))):
            return False
        if ((len(octet) > 1) and (octet[0] == '0')):
            return False
    return True


INFO - program_name:
 is_valid_ip

INFO - dependencies:
 []

INFO - raw_msg:
 Plan:
1) Define the function `is_valid_ip` that takes a single string argument.
2) Split the input string by the dot character to get a list of octets.
3) Check if the list contains exactly four elements. If not, return False.
4) Iterate over each octet in the list and perform the following checks:
   - Verify that the octet is a non-empty string of digits.
   - Convert the octet to an integer and check if it is in the range 0 to 255.
   - Ensure that the octet does not have leading zeros unless it is exactly '0'.
5) If all octets pass the checks, return True. Otherwise, return False at any point where a check fails.

Code:
```python
def is_valid_ip(ip_str):
    # Split the string into octets
    octets = ip_str.split('.')
    
    # Check if there are exactly four octets
    if len(octets) != 4:
        return False
    
    for octet in octets:
        # Check if the octet is a number and within the valid range
        if not octet.isdigit() or not 0 <= int(octet) <= 255:
            return False
        # Check for leading zeros
        if len(octet) > 1 and octet[0] == '0':
            return False
    
    # If all checks passed, the IP is valid
    return True
```

This code follows the plan and should correctly identify valid IPv4 addresses according to the specified criteria.

INFO - no_parent:
 True

INFO - full code to be executed: 
 

def is_valid_ip(ip_str):
    octets = ip_str.split('.')
    if (len(octets) != 4):
        return False
    for octet in octets:
        if ((not octet.isdigit()) or (not (0 <= int(octet) <= 255))):
            return False
        if ((len(octet) > 1) and (octet[0] == '0')):
            return False
    return True


INFO - obs: Tests passed:
assert is_valid_ip('192.168.1.1') == True
assert is_valid_ip('256.256.256.256') == False
assert is_valid_ip('192.168.1') == False

Tests failed:
None
reward: True
done: None
info: {'individual_results': (True, True, True)}
INFO - LM call n parse attempt 1 / 5

INFO - [Task id] 55 [prompt] 
You are a Python programming assistant that assesses my progress of Python programming and provides useful guidance.

I will give you the following information:

[Task]: The objective I need to accomplish.
[Context]: The context of the task. Serves as a casual tip (which can be wrong) to help me on the task, but my priority is to follow instructions in the Task tag.
[function impl]: My function implementation that is intended to complete the task
[unit test results]: The results after executing my function implementation on the unit tests

Your first goal is to use these info to evaluate if I have met the task requirements, and explain why. 
It is possible that the unit test results all pass, but the code does not accomplish the task (eg by failing to accomplish the task in scenarios not covered by the unit tests)
It is also possible that the unit tests are wrong in the first place, though the code accomplishes the task and fails the unit test.

If I have not met the task requirements, write a few sentences to explain why the function implementation is wrong as indicated by the tests. 
You will need this as guidance when you try again later.
Only provide the few sentence description in your answer, not the implementation. 
Suggest how the function implementation can be changed, NOT the test cases (assert statements)

You should only respond in JSON format as described below:
The output should be formatted as a JSON instance that conforms to the JSON schema below.

As an example, for the schema {"properties": {"foo": {"title": "Foo", "description": "a list of strings", "type": "array", "items": {"type": "string"}}}, "required": ["foo"]}
the object {"foo": ["bar", "baz"]} is a well-formatted instance of the schema. The object {"properties": {"foo": ["bar", "baz"]}} is not well-formatted.

Here is the output schema:
```
{"description": "Represents the critique of a task attempt, including reasoning, success status, and suggestions for improvement.\n\nAttributes:\n    reasoning (str): Explanation of why the task was succeeded or failed.\n    success (bool): Indicates whether the task requirements were met.\n    critique (str): Suggestions or critique to help improve future task attempts.", "properties": {"reasoning": {"description": "reason why I have succeeded or failed at the task", "title": "Reasoning", "type": "string"}, "success": {"description": "evaluate if I have met the task requirements", "title": "Success", "type": "boolean"}, "critique": {"description": "critique to help me improve", "title": "Critique", "type": "string"}}, "required": ["reasoning", "success", "critique"]}
```

INFO - [Task id] 55 [prompt] 
Here are some examples:

Example 1:
[function impl]:
```python
def longest_subarray_with_sum_limit(nums: List[int], target: int) -> List[int]:
    n = len(nums)
    left, right = 0, 0
    max_length = 0
    current_sum = 0
    result = []
    while right < n:
        current_sum += nums[right]
        while current_sum > target:
            current_sum -= nums[left]
            left += 1
        if right - left + 1 >= max_length:
            max_length = right - left + 1
            result = nums[left:right+1]
        right += 1
    return result
```
[unit test results]:
Tests passing:
assert longest_subarray_with_sum_limit([1, 2, 3, 4, 5], 8) == [1, 2, 3]
assert longest_subarray_with_sum_limit([1, 2, 3, 4, 5], 15) == [1, 2, 3, 4, 5]
assert longest_subarray_with_sum_limit([1, -1, 2, -2, 3, -3], 2) == [1, -1, 2, -2, 3]
assert longest_subarray_with_sum_limit([], 10) == []
assert longest_subarray_with_sum_limit([], 0) == []
assert longest_subarray_with_sum_limit([], -5) == []  
Tests failing:
assert longest_subarray_with_sum_limit([5, 6, 7, 8, 9], 4) == [] # output: [5]

RESPONSE:
{
    "reasoning": "The implementation failed the test case where no subarray fulfills the condition",
    "success": false,
    "critique": "The issue in the implementation is due to the use of >= instead of > in the condition to update the result. Because of this, it returns a subarray even when the sum is greater than the target, as it still updates the result when the current subarray length is equal to the previous longest subarray length. To overcome this error, we should change the condition to only update the result when the current subarray length is strictly greater than the previous longest subarray length. This can be done by replacing >= with > in the condition."
}


Example 2:
[function impl]:
```python
def longest_subarray_with_sum_limit(nums: List[int], target: int) -> List[int]:
    n = len(nums)
    left, right = 0, 0
    max_length = 0
    current_sum = 0
    result = []
    while current_sum + nums[right] <= target:
        current_sum += nums[right]
        right += 1
    while right < n:
        current_sum += nums[right]
        while current_sum > target:
            current_sum -= nums[left]
            left += 1
        if right - left + 1 > max_length:
            max_length = right - left + 1
            result = nums[left:right+1]
        right += 1
    return result
```
[unit test results]:
Tests passing:
assert longest_subarray_with_sum_limit([], 10) == []
assert longest_subarray_with_sum_limit([], 0) == []
assert longest_subarray_with_sum_limit([], -5) == []
Tests failing:
assert longest_subarray_with_sum_limit([1, 2, 3, 4, 5], 8) == [1, 2, 3] # output: list index out of range
assert longest_subarray_with_sum_limit([1, 2, 3, 4, 5], 15) == [1, 2, 3, 4, 5] # output: list index out of range
assert longest_subarray_with_sum_limit([5, 6, 7, 8, 9], 4) == [] # output: list index out of range
assert longest_subarray_with_sum_limit([1, -1, 2, -2, 3, -3], 2) == [1, -1, 2, -2, 3] # output: list index out of range

RESPONSE:
{
    "reason": "The implementation failed 4 out of the 7 test cases due to an IndexError.",
    "success": false,
    "critique": "The issue stems from the while loop while current_sum + nums[right] <= target:, which directly accesses nums[right] without checking if right is within the bounds of the list. This results in a runtime error when right goes beyond the list length. To overcome this error, we need to add a bounds check for the right variable in the mentioned while loop. We can modify the loop condition to while right < len(nums) and current_sum + nums[right] <= target:. This change will ensure that we only access elements within the bounds of the list, thus avoiding the IndexError."
}


END OF EXAMPLES

INFO - [Task id] 55 [prompt] [Task]:
Write a Python function that takes a string and returns True if the string is a valid IPv4 address, and False otherwise. A valid IPv4 address consists of four octets separated by dots, where each octet is a number from 0 to 255 inclusive.
[Context]: 
 Rough plan to accomplish the task (can be wrong): 
Answer: To accomplish the task of validating an IPv4 address in Python, you can follow these conceptual steps:

1. **Split the String**: Use the `split()` method to divide the input string into parts based on the dot ('.') separator. This will give you a list of octets.

2. **Check the Number of Octets**: Ensure that the resulting list contains exactly four octets. If it does not, return `False`.

3. **Validate Each Octet**: Iterate through each octet and perform the following checks:
   - Ensure that the octet is a digit using the `isdigit()` method.
   - Convert the octet to an integer and check if it falls within the range of 0 to 255.
   - Ensure that the octet does not have leading zeros (except for the number '0' itself).

4. **Return the Result**: If all octets pass the checks, return `True`. If any check fails, return `False`.

Here is a conceptual outline of the function:

```python
def is_valid_ipv4(ip):
    # Step 1: Split the string into octets
    octets = ip.split('.')
    
    # Step 2: Check the number of octets
    if len(octets) != 4:
        return False
    
    # Step 3: Validate each octet
    for octet in octets:
        if not octet.isdigit() or not (0 <= int(octet) <= 255):
            return False
        if len(octet) > 1 and octet[0] == '0':  # Check for leading zeros
            return False
    
    # Step 4: Return True if all checks are passed
    return True
```

This function will effectively determine if a given string is a valid IPv4 address based on the criteria outlined.


[function impl]:


def is_valid_ip(ip_str):
    octets = ip_str.split('.')
    if (len(octets) != 4):
        return False
    for octet in octets:
        if ((not octet.isdigit()) or (not (0 <= int(octet) <= 255))):
            return False
        if ((len(octet) > 1) and (octet[0] == '0')):
            return False
    return True

[unit test results]:
Tests passed:
assert is_valid_ip('192.168.1.1') == True
assert is_valid_ip('256.256.256.256') == False
assert is_valid_ip('192.168.1') == False

Tests failed:
None

INFO - [Task id] 55 [generation text] 
INFO - {
    "reasoning": "The function implementation passed all the provided unit tests, which cover various scenarios including a valid IPv4 address, an address with octets out of range, and an address with an incorrect number of octets.",
    "success": true,
    "critique": "While the function passed all the provided tests, it is important to ensure that the test cases cover all edge cases, such as an empty string, an address with non-numeric characters, and an address with leading zeros in an octet. If these cases are not covered, it would be wise to add them to the test suite to ensure the function is robust."
}
INFO - {
    "reasoning": "The function implementation passed all the provided unit tests, which cover various scenarios including a valid IPv4 address, an address with octets out of range, and an address with an incorrect number of octets.",
    "success": true,
    "critique": "While the function passed all the provided tests, it is important to ensure that the test cases cover all edge cases, such as an empty string, an address with non-numeric characters, and an address with leading zeros in an octet. If these cases are not covered, it would be wise to add them to the test suite to ensure the function is robust."
}
INFO - [task_id]: 55 [Result]: True
INFO - LM call n parse attempt 1 / 3

INFO - [Task id] 55 [prompt] 
You are a helpful assistant that writes a description of the given function written in the Python programming language.

1) Do not mention the function name.
2) Do not mention anything about helper functions.
3) There might be some helper functions before the main function, but you only need to describe the main function.
4) Try to summarize the function in no more than 6 sentences.
5) Your response should be a single line of text.

INFO - [Task id] 55 [prompt] 

def is_valid_ip(ip_str):
    octets = ip_str.split('.')
    if (len(octets) != 4):
        return False
    for octet in octets:
        if ((not octet.isdigit()) or (not (0 <= int(octet) <= 255))):
            return False
        if ((len(octet) > 1) and (octet[0] == '0')):
            return False
    return True


The main function is `is_valid_ip`.
INFO - [Task id] 55 [generation text] This function checks whether a given string is a valid IPv4 address. It splits the input string into four octets and verifies that there are exactly four parts. Each octet is checked to ensure it is a digit and falls within the range of 0 to 255. Additionally, it ensures that octets do not have leading zeros unless they are exactly "0". If all conditions are met, it returns True; otherwise, it returns False.
INFO - Num Completed Tasks: 47, Num Failed Tasks: 9
