INFO - DB skill doc count: 19

INFO - [train iter]: 21/100 

INFO - LM call n parse attempt 1 / 3

INFO - [Task id] 21 [prompt] 
You are a helpful assistant that asks questions to help me decide the next immediate task to do for Python programming.
My ultimate goal is to solve as many diverse problems as possible and become the best programmer in the world.

I will give you the following information:
Completed tasks so far: ...
Failed tasks that are too hard: ...

You must follow the following criteria:
1) You should ask at least 5 questions (but no more than 10 questions) to help me decide the next immediate task to do. Each question should be followed by the concept that the question is about.
2) Your question should be specific to a concept in Python programming.
  Bad example (the question is too general):
    Question: What is the best way to program in Python?
    Concept: unknown
  Good example:
    Question: How do you reverse a list?
    Concept: list
3) Your questions should be self-contained and not require any context.

Respond in JSON, and follow the keys and expected format of the values strictly.


Response format:
The output should be formatted as a JSON instance that conforms to the JSON schema below.

As an example, for the schema {"properties": {"foo": {"title": "Foo", "description": "a list of strings", "type": "array", "items": {"type": "string"}}}, "required": ["foo"]}
the object {"foo": ["bar", "baz"]} is a well-formatted instance of the schema. The object {"properties": {"foo": ["bar", "baz"]}} is not well-formatted.

Here is the output schema:
```
{"$defs": {"QuestionConcept": {"properties": {"question": {"description": "A question related to Python programming, to help me brainstorm the next immediate task to do", "title": "Question", "type": "string"}, "concept": {"description": "The Python programming concept associated with the question above", "title": "Concept", "type": "string"}}, "required": ["question", "concept"], "title": "QuestionConcept", "type": "object"}}, "properties": {"reasoning": {"description": "Reason out, step-by-step, why you picked these questions and concepts", "title": "Reasoning", "type": "string"}, "question_concept_list": {"description": "list of questions and their associated concepts", "items": {"$ref": "#/$defs/QuestionConcept"}, "title": "Question Concept List", "type": "array"}}, "required": ["reasoning", "question_concept_list"]}
```


INFO - [Task id] 21 [prompt] Completed tasks so far (do not give me these tasks again!): 
	Write a Python function that takes a list of integers and returns a new list containing only the even numbers from the original list.
	Write a Python function that takes a list of strings and returns a dictionary where the keys are the strings and the values are the number of times each string appears in the list.
	Write a Python function that takes a list of strings and returns a dictionary where the keys are the lengths of the strings and the values are lists of strings of that length.
	Write a Python function that takes a string and returns the first non-repeating character in it. If all characters repeat, return None.
	Write a Python function that takes a list of integers and returns a list of all unique pairs (as tuples) that sum up to a given target integer. The pairs should be sorted in ascending order, and each pair should be sorted as well.
	Write a Python function that takes a string and returns the longest substring without repeating characters.
	Write a Python function that takes two lists of integers and returns a list of their common elements. The result should not contain duplicates and should be sorted in ascending order.
	Write a Python function that takes a list of integers and sorts it in ascending order using the bubble sort algorithm. The function should return the sorted list.
	Write a Python function that takes a list of integers and returns a new list with the elements in reverse order.
	Write a Python function that takes a list of integers and returns the greatest common divisor (GCD) of the numbers in the list. Use the Euclidean algorithm to find the GCD.
	Write a Python function that takes a string and returns a new string with all the vowels removed. The function should be case-insensitive, meaning it should remove both uppercase and lowercase vowels.
	Write a Python function that takes two lists of integers and returns a list of integers that are present in both lists, without duplicates. Use set operations to achieve this.
	Write a Python function that takes a list of operations (as strings) and simulates a stack using a list. The operations can be 'push X' to push an integer X onto the stack, 'pop' to remove the top element, and 'peek' to return the top element without removing it. The function should return a list of results from the 'pop' and 'peek' operations.
	Write a Python function that takes two lists of integers and returns a list of integers that are present in either of the lists but not in both. The result should not contain duplicates and should be sorted in ascending order.
	Write a Python function that takes a list of integers and returns a dictionary where the keys are the integers and the values are the number of times each integer appears in the list. This will help practice using dictionaries for counting occurrences.
	Write a Python function that takes an integer n and returns a list of all prime numbers less than n. This will help you practice loops, conditionals, and understanding of prime numbers.
	Write a Python function that takes a string and a pattern (both strings) and returns True if the pattern is found in the string, and False otherwise. The function should perform a simple substring search.
	Write a Python function that calculates the factorial of a given non-negative integer using recursion. The function should return the factorial value.
	Write a Python function that takes a list of integers and returns the index of the first occurrence of the maximum value in the list. If the list is empty, return -1.

Failed tasks that are too hard: 
	Write a Python function that implements a queue using a list. The function should support enqueue (add an item to the end of the queue), dequeue (remove an item from the front of the queue), and is_empty (check if the queue is empty) operations. The function should return a tuple of results from these operations for testing purposes.
	Write a Python function that simulates a stack using a list. The function should support 'push' (add an item to the top of the stack), 'pop' (remove the item from the top of the stack), and 'peek' (return the item at the top of the stack without removing it) operations. The function should return a list of results from the 'pop' and 'peek' operations for testing purposes.


INFO - [Task id] 21 [generation text] 
INFO - {
    "reasoning": "I selected these questions to cover a range of Python concepts that you haven't tackled yet, including data structures, algorithms, and string manipulation. This will help you diversify your skills and tackle different types of problems. The questions also vary in difficulty, allowing you to choose based on your comfort level.",
    "question_concept_list": [
        {
            "question": "How do you implement a queue using a list in Python?",
            "concept": "queue"
        },
        {
            "question": "What is the best way to find the intersection of two lists in Python?",
            "concept": "list operations"
        },
        {
            "question": "How can you implement a binary search algorithm in Python?",
            "concept": "search algorithms"
        },
        {
            "question": "What is the difference between deep copy and shallow copy in Python?",
            "concept": "copying objects"
        },
        {
            "question": "How do you create a class in Python and instantiate objects from it?",
            "concept": "object-oriented programming"
        }
    ]
}
INFO - {
    "reasoning": "I selected these questions to cover a range of Python concepts that you haven't tackled yet, including data structures, algorithms, and string manipulation. This will help you diversify your skills and tackle different types of problems. The questions also vary in difficulty, allowing you to choose based on your comfort level.",
    "question_concept_list": [
        {
            "question": "How do you implement a queue using a list in Python?",
            "concept": "queue"
        },
        {
            "question": "What is the best way to find the intersection of two lists in Python?",
            "concept": "list operations"
        },
        {
            "question": "How can you implement a binary search algorithm in Python?",
            "concept": "search algorithms"
        },
        {
            "question": "What is the difference between deep copy and shallow copy in Python?",
            "concept": "copying objects"
        },
        {
            "question": "How do you create a class in Python and instantiate objects from it?",
            "concept": "object-oriented programming"
        }
    ]
}
INFO - LM call n parse attempt 1 / 3

INFO - [Task id] 21 [prompt] 
You are a helpful assistant that answer my question about Python programming.

I will give you the following information:
Question: ...

You will answer the question based on the context (only if available and helpful) and your own knowledge of Python programming.
1) Start your answer with "Answer: ".
2) Answer "Answer: Unknown" if you don't know the answer.

INFO - [Task id] 21 [prompt] Question: What is the best way to find the intersection of two lists in Python?
INFO - [Task id] 21 [generation text] Answer: The best way to find the intersection of two lists in Python is to use the `set` data structure, which allows for efficient membership testing and set operations. You can convert both lists to sets and then use the `intersection` method or the `&` operator. Here’s an example:

```python
list1 = [1, 2, 3, 4, 5]
list2 = [4, 5, 6, 7, 8]

# Using intersection method
intersection = list(set(list1).intersection(set(list2)))

# Or using the & operator
intersection = list(set(list1) & set(list2))

print(intersection)  # Output: [4, 5]
```

This method is efficient and concise, especially for larger lists.
INFO - LM call n parse attempt 1 / 5

INFO - [Task id] 21 [prompt] 
You are a helpful assistant that tells me the next immediate task (in the form of a function) to do for Python programming. 
My ultimate goal is to solve as many diverse problems as possible and become the best programmer in the world.

I will give you the following information:
Question 1: ...
Answer: ...
Question 2: ...
Answer: ...
Question 3: ...
Answer: ...
...
Completed tasks so far: ...
Failed tasks that are too hard: ...

You must follow the following criteria:
1) You should act as a mentor and guide me to the next task based on my current learning progress. As a rule of thumb, guide me through beginner problems, followed by interview level problems, followed by competitive programming problems. The latter 2 levels can involve concepts from data structures and algorithms.
2) Please be very specific about what skills I need to learn.
3) Do not propose multiple tasks at the same time. Do not mention anything else.
4) The next task should not be too hard since I may not have learned enough skills to complete it yet.
5) The next task should be novel and interesting. I should look for problems which I have not solved yet. I should not be doing the same thing over and over again.
6) The task should involve writing a main Python function that at most use basic libraries (try not to import too many or too advanced modules)
7) Do not give tasks that require file operations (create, read, update, delete) or an internet connection.
8) I am only allowed to write Python functions, so do not require me to write other things (e.g. objects). 
9) Requiring me to write a function that takes in an object and uses object methods is still ok, but I cannot define the objects myself. You must provide the objects as input to my function in the assert statement.

Take note of these in your response:
1) Give an expected function name for the task.
2) Give a tuple of 3 assert statements that tests the function's correctness in the "test_tuple" field. This must strictly contain single-line assert statements only; any setup code for the test must be filled in the "test_setup_code" field.
3) The function name which you gave must be called in the assert statements. 

Respond in JSON, and follow the keys and expected format of the values strictly.


Response format:
The output should be formatted as a JSON instance that conforms to the JSON schema below.

As an example, for the schema {"properties": {"foo": {"title": "Foo", "description": "a list of strings", "type": "array", "items": {"type": "string"}}}, "required": ["foo"]}
the object {"foo": ["bar", "baz"]} is a well-formatted instance of the schema. The object {"properties": {"foo": ["bar", "baz"]}} is not well-formatted.

Here is the output schema:
```
{"properties": {"reasoning": {"description": "Based on the information listed above, reason about what the next task should be.", "title": "Reasoning", "type": "string"}, "task": {"description": "The next task, which requires me to write a single function. Be sure to state the expected data structure for inputs and outputs.", "title": "Task", "type": "string"}, "gt_fn_name": {"description": "The expected name for the single function for the task", "title": "Gt Fn Name", "type": "string"}, "test_setup_code": {"description": "setup code, if required. This will be run just before the assert statements are executed.", "title": "Test Setup Code", "type": "string"}, "test_tuple": {"description": "Tuple of 3 SINGLE-LINE test cases that starts with 'assert' to test the function's correctness.Any extra required code should be written in the test_setup_code field.", "items": {"type": "string"}, "maxItems": 3, "minItems": 3, "prefixItems": [{"type": "string"}, {"type": "string"}, {"type": "string"}], "title": "Test Tuple", "type": "array"}}, "required": ["reasoning", "task", "gt_fn_name", "test_setup_code", "test_tuple"]}
```


INFO - [Task id] 21 [prompt] 
Here's an example response:
{
    "reasoning": "The student has shown proficiency in basic Python syntax and list manipulation, but struggles with problems involving more complex algorithms and data structures. This task will help them practice using sets or dictionaries for efficient lookups, and understand the concept of algorithmic complexity.",
    "task": "Write a Python function that takes a list of integers and returns the tuple of two numbers that sum up to zero. If no such pair exists, return None.",
    "gt_fn_name": "find_zero_sum",
    "test_setup_code": "",
    "test_tuple": [
        "assert find_zero_sum([1, 2, 3, -2, -1]) == (2, -2)",
        "assert find_zero_sum([1, 2, 3, 4, 5]) == None",
        "assert find_zero_sum([1, 4, 3, -4, -1]) == (4, -4)"
    ]
}

INFO - [Task id] 21 [prompt] Question 1: How do you implement a queue using a list in Python?
Answer: You can implement a queue using a list in Python by utilizing the `append()` method to add elements to the end of the list and the `pop(0)` method to remove elements from the front of the list. Here is a simple example:

```python
class Queue:
    def __init__(self):
        self.queue = []

    def enqueue(self, item):
        self.queue.append(item)

    def dequeue(self):
        if not self.is_empty():
            return self.queue.pop(0)
        else:
            raise IndexError("dequeue from an empty queue")

    def is_empty(self):
        return len(self.queue) == 0

    def size(self):
        return len(self.queue)

# Example usage:
q = Queue()
q.enqueue(1)
q.enqueue(2)
q.enqueue(3)
print(q.dequeue())  # Output: 1
print(q.size())     # Output: 2
```

In this implementation:
- `enqueue` adds an item to the end of the queue.
- `dequeue` removes and returns the item from the front of the queue.
- `is_empty` checks if the queue is empty.
- `size` returns the number of items in the queue. 

Keep in mind that using a list for a queue can be inefficient for large queues because `pop(0)` has a time complexity of O(n). For better performance, consider using `collections.deque`, which is optimized for fast appends and pops from both ends.

Question 2: What is the best way to find the intersection of two lists in Python?
Answer: The best way to find the intersection of two lists in Python is to use the `set` data structure, which allows for efficient membership testing and set operations. You can convert both lists to sets and then use the `intersection` method or the `&` operator. Here’s an example:

```python
list1 = [1, 2, 3, 4, 5]
list2 = [4, 5, 6, 7, 8]

# Using intersection method
intersection = list(set(list1).intersection(set(list2)))

# Or using the & operator
intersection = list(set(list1) & set(list2))

print(intersection)  # Output: [4, 5]
```

This method is efficient and concise, especially for larger lists.

Question 3: How do you implement a binary search algorithm in Python?
Answer: To implement a binary search algorithm in Python, you can use either an iterative or a recursive approach. Below are examples of both methods.

### Iterative Approach

```python
def binary_search_iterative(arr, target):
    left, right = 0, len(arr) - 1
    
    while left <= right:
        mid = left + (right - left) // 2  # To prevent overflow
        
        if arr[mid] == target:
            return mid  # Target found
        elif arr[mid] < target:
            left = mid + 1  # Search in the right half
        else:
            right = mid - 1  # Search in the left half
            
    return -1  # Target not found
```

### Recursive Approach

```python
def binary_search_recursive(arr, target, left, right):
    if left > right:
        return -1  # Target not found
    
    mid = left + (right - left) // 2  # To prevent overflow
    
    if arr[mid] == target:
        return mid  # Target found
    elif arr[mid] < target:
        return binary_search_recursive(arr, target, mid + 1, right)  # Search in the right half
    else:
        return binary_search_recursive(arr, target, left, mid - 1)  # Search in the left half

# To use the recursive function, call it like this:
# result = binary_search_recursive(arr, target, 0, len(arr) - 1)
```

### Usage Example

```python
arr = [1, 2, 3, 4, 5, 6, 7, 8, 9]
target = 5

# Using iterative approach
result_iterative = binary_search_iterative(arr, target)
print("Iterative result:", result_iterative)

# Using recursive approach
result_recursive = binary_search_recursive(arr, target, 0, len(arr) - 1)
print("Recursive result:", result_recursive)
```

### Note
- The array must be sorted for binary search to work correctly.
- The function returns the index of the target if found, or -1 if the target is not in the array.

Question 4: What is the difference between deep copy and shallow copy in Python?
Answer: In Python, the difference between deep copy and shallow copy lies in how they handle the copying of objects and their nested objects.

- **Shallow Copy**: A shallow copy creates a new object, but it does not create copies of nested objects. Instead, it copies references to the original nested objects. This means that if you modify a nested object in the shallow copy, the change will also reflect in the original object because both the original and the shallow copy refer to the same nested object.

  You can create a shallow copy using the `copy` module's `copy()` function or by using the `list()` constructor for lists.

  Example:
  ```python
  import copy

  original = [1, 2, [3, 4]]
  shallow_copied = copy.copy(original)

  shallow_copied[2][0] = 'changed'
  print(original)  # Output: [1, 2, ['changed', 4]]
  ```

- **Deep Copy**: A deep copy creates a new object and recursively copies all nested objects, creating entirely independent copies. This means that changes made to the deep copy will not affect the original object or its nested objects.

  You can create a deep copy using the `copy` module's `deepcopy()` function.

  Example:
  ```python
  import copy

  original = [1, 2, [3, 4]]
  deep_copied = copy.deepcopy(original)

  deep_copied[2][0] = 'changed'
  print(original)  # Output: [1, 2, [3, 4]]
  ```

In summary, use shallow copy when you want to copy an object but share nested objects, and use deep copy when you want to create a completely independent copy of an object and all its nested objects.

Question 5: How do you create a class in Python and instantiate objects from it?
Answer: To create a class in Python, you use the `class` keyword followed by the class name and a colon. Inside the class, you can define methods (functions) and attributes (variables) that belong to the class. To instantiate objects from the class, you call the class as if it were a function.

Here is a simple example:

```python
# Define a class
class Dog:
    # Constructor method to initialize attributes
    def __init__(self, name, age):
        self.name = name  # Instance variable for the dog's name
        self.age = age    # Instance variable for the dog's age

    # Method to make the dog bark
    def bark(self):
        return f"{self.name} says woof!"

# Instantiate objects from the class
dog1 = Dog("Buddy", 3)
dog2 = Dog("Max", 5)

# Accessing attributes and methods
print(dog1.name)  # Output: Buddy
print(dog2.age)   # Output: 5
print(dog1.bark())  # Output: Buddy says woof!
```

In this example, we created a `Dog` class with a constructor (`__init__`) that initializes the `name` and `age` attributes. We then created two instances of the `Dog` class, `dog1` and `dog2`, and demonstrated how to access their attributes and call their methods.

Completed tasks so far (do not give me these tasks again!): 
	Write a Python function that takes a list of integers and returns a new list containing only the even numbers from the original list.
	Write a Python function that takes a list of strings and returns a dictionary where the keys are the strings and the values are the number of times each string appears in the list.
	Write a Python function that takes a list of strings and returns a dictionary where the keys are the lengths of the strings and the values are lists of strings of that length.
	Write a Python function that takes a string and returns the first non-repeating character in it. If all characters repeat, return None.
	Write a Python function that takes a list of integers and returns a list of all unique pairs (as tuples) that sum up to a given target integer. The pairs should be sorted in ascending order, and each pair should be sorted as well.
	Write a Python function that takes a string and returns the longest substring without repeating characters.
	Write a Python function that takes two lists of integers and returns a list of their common elements. The result should not contain duplicates and should be sorted in ascending order.
	Write a Python function that takes a list of integers and sorts it in ascending order using the bubble sort algorithm. The function should return the sorted list.
	Write a Python function that takes a list of integers and returns a new list with the elements in reverse order.
	Write a Python function that takes a list of integers and returns the greatest common divisor (GCD) of the numbers in the list. Use the Euclidean algorithm to find the GCD.
	Write a Python function that takes a string and returns a new string with all the vowels removed. The function should be case-insensitive, meaning it should remove both uppercase and lowercase vowels.
	Write a Python function that takes two lists of integers and returns a list of integers that are present in both lists, without duplicates. Use set operations to achieve this.
	Write a Python function that takes a list of operations (as strings) and simulates a stack using a list. The operations can be 'push X' to push an integer X onto the stack, 'pop' to remove the top element, and 'peek' to return the top element without removing it. The function should return a list of results from the 'pop' and 'peek' operations.
	Write a Python function that takes two lists of integers and returns a list of integers that are present in either of the lists but not in both. The result should not contain duplicates and should be sorted in ascending order.
	Write a Python function that takes a list of integers and returns a dictionary where the keys are the integers and the values are the number of times each integer appears in the list. This will help practice using dictionaries for counting occurrences.
	Write a Python function that takes an integer n and returns a list of all prime numbers less than n. This will help you practice loops, conditionals, and understanding of prime numbers.
	Write a Python function that takes a string and a pattern (both strings) and returns True if the pattern is found in the string, and False otherwise. The function should perform a simple substring search.
	Write a Python function that calculates the factorial of a given non-negative integer using recursion. The function should return the factorial value.
	Write a Python function that takes a list of integers and returns the index of the first occurrence of the maximum value in the list. If the list is empty, return -1.

Failed tasks that are too hard: 
	Write a Python function that implements a queue using a list. The function should support enqueue (add an item to the end of the queue), dequeue (remove an item from the front of the queue), and is_empty (check if the queue is empty) operations. The function should return a tuple of results from these operations for testing purposes.
	Write a Python function that simulates a stack using a list. The function should support 'push' (add an item to the top of the stack), 'pop' (remove the item from the top of the stack), and 'peek' (return the item at the top of the stack without removing it) operations. The function should return a list of results from the 'pop' and 'peek' operations for testing purposes.


INFO - [Task id] 21 [generation text] 
INFO - {
    "reasoning": "The student has demonstrated a good understanding of basic Python concepts and has completed tasks involving lists, dictionaries, and basic algorithms. They have also attempted tasks involving data structures like queues and stacks but found them challenging. To build on their current knowledge and gradually introduce them to more complex data structures, a task involving the use of a priority queue (heap) would be beneficial. This will introduce them to the concept of heaps, which are useful in many algorithmic problems, without being too overwhelming.",
    "task": "Write a Python function that takes a list of integers and returns a list of the k largest elements in descending order. Use a min-heap to efficiently find the k largest elements.",
    "gt_fn_name": "find_k_largest",
    "test_setup_code": "import heapq",
    "test_tuple": [
        "assert find_k_largest([3, 1, 5, 12, 2, 11], 3) == [12, 11, 5]",
        "assert find_k_largest([5, 12, 11, -1, 12], 2) == [12, 12]",
        "assert find_k_largest([1, 23, 12, 9, 30, 2, 50], 4) == [50, 30, 23, 12]"
    ]
}
INFO - {
    "reasoning": "The student has demonstrated a good understanding of basic Python concepts and has completed tasks involving lists, dictionaries, and basic algorithms. They have also attempted tasks involving data structures like queues and stacks but found them challenging. To build on their current knowledge and gradually introduce them to more complex data structures, a task involving the use of a priority queue (heap) would be beneficial. This will introduce them to the concept of heaps, which are useful in many algorithmic problems, without being too overwhelming.",
    "task": "Write a Python function that takes a list of integers and returns a list of the k largest elements in descending order. Use a min-heap to efficiently find the k largest elements.",
    "gt_fn_name": "find_k_largest",
    "test_setup_code": "import heapq",
    "test_tuple": [
        "assert find_k_largest([3, 1, 5, 12, 2, 11], 3) == [12, 11, 5]",
        "assert find_k_largest([5, 12, 11, -1, 12], 2) == [12, 12]",
        "assert find_k_largest([1, 23, 12, 9, 30, 2, 50], 4) == [50, 30, 23, 12]"
    ]
}
INFO - The task prompt is Write a Python function that takes a list of integers and returns a list of the k largest elements in descending order. Use a min-heap to efficiently find the k largest elements.
You must strictly follow the function name: find_k_largest

INFO - LM call n parse attempt 1 / 3

INFO - [Task id] 21 [prompt] 
You are a helpful assistant that answer my question about Python programming.

I will give you the following information:
Question: ...

You will answer the question based on the context (only if available and helpful) and your own knowledge of Python programming.
1) Start your answer with "Answer: ".
2) Answer "Answer: Unknown" if you don't know the answer.

INFO - [Task id] 21 [prompt] Question: Explain at a conceptual level, how to accomplish the below task in Python programming?
Write a Python function that takes a list of integers and returns a list of the k largest elements in descending order. Use a min-heap to efficiently find the k largest elements.
INFO - [Task id] 21 [generation text] Answer: To accomplish the task of finding the k largest elements in a list of integers using a min-heap in Python, you can follow these conceptual steps:

1. **Import the Heapq Module**: Python's `heapq` module provides an efficient way to work with heaps. You will use this module to create a min-heap.

2. **Define the Function**: Create a function that takes two parameters: the list of integers and the integer k, which represents the number of largest elements to return.

3. **Check the Length of the List**: If k is greater than the length of the list, you can simply return the sorted list in descending order.

4. **Create a Min-Heap**: Use `heapq` to maintain a min-heap of size k. This means you will keep track of the k largest elements encountered so far.

5. **Iterate Through the List**: Loop through each element in the list. For each element:
   - If the size of the heap is less than k, push the element onto the heap.
   - If the size of the heap is equal to k and the current element is larger than the smallest element in the heap (the root), pop the smallest element and push the current element onto the heap.

6. **Extract the Results**: After processing all elements, the heap will contain the k largest elements, but in a min-heap structure. Use `heapq.nlargest` to retrieve these elements in descending order.

7. **Return the Result**: Finally, return the list of k largest elements.

Here is a conceptual outline of the function:

```python
import heapq

def k_largest_elements(nums, k):
    if k > len(nums):
        return sorted(nums, reverse=True)
    
    min_heap = []
    
    for num in nums:
        if len(min_heap) < k:
            heapq.heappush(min_heap, num)
        elif num > min_heap[0]:
            heapq.heappop(min_heap)
            heapq.heappush(min_heap, num)
    
    return sorted(min_heap, reverse=True)
```

This function efficiently finds the k largest elements using a min-heap, ensuring that the operations remain efficient even for larger lists.
INFO - Attempting task_id 21
INFO - [35m Rollout attempt 1/4[0m
INFO - [33m Retrieving 5 entries for db: skill 
 [0m
INFO - [33m bubble_sort, reverse_list, find_common_elements, find_gcd_of_list, find_max_index[0m
INFO - LM call n parse attempt 1 / 3

INFO - [Task id] 21 [prompt] You are a helpful assistant that writes python code to solve a task specified by me.

Here are some useful functions written earlier which you can reuse or reference.


[Entry]:


    def bubble_sort(arr):
        n = len(arr)
        for i in range((n - 1)):
            for j in range(((n - 1) - i)):
                if (arr[j] > arr[(j + 1)]):
                    (arr[j], arr[(j + 1)]) = (arr[(j + 1)], arr[j])
        return arr

[/Entry]

[Entry]:


    def reverse_list(input_list):
        return input_list[::(- 1)]

[/Entry]

[Entry]:


    def find_common_elements(list1, list2):
        set1 = set(list1)
        set2 = set(list2)
        common_set = (set1 & set2)
        result = sorted(common_set)
        return result

[/Entry]

[Entry]:


    def gcd(a, b):
        while (b != 0):
            (a, b) = (b, (a % b))
        return a




    def find_gcd_of_list(numbers):
        if (not numbers):
            return None
        current_gcd = numbers[0]
        for num in numbers[1:]:
            current_gcd = gcd(current_gcd, num)
        return current_gcd

[/Entry]

[Entry]:


    def find_max_index(nums):
        if (not nums):
            return (- 1)
        max_value = nums[0]
        max_index = 0
        for index in range(len(nums)):
            if (nums[index] > max_value):
                max_value = nums[index]
                max_index = index
        return max_index

[/Entry]






At each round of conversation, I will give you
[Environment feedback] (after executing code) ...
[Code from the last round] ...
[Task] ...
[Context] ...
[Critique] ...

You should then respond to me with
Explain (if applicable): Are there any steps missing in your plan? Why does the code not complete the task? What does the chat log and execution error imply?
Plan: How to complete the task step by step. 
Code:
    1) Reuse or reference the above useful programs if necessary.
    2) Your function will be reused for building more complex functions. Therefore, you should make it generic and reusable. 
    3) Functions in the "Code from the last round" section will not be saved or executed. Do not reuse functions listed there.
    4) Anything defined outside a function will be ignored, define all your variables inside your functions.
    5) Do not write infinite loops.
    6) If the task specifies a function name to be used, follow it strictly (be case sensitive!). Else, name your function in a meaningful way (can infer the task from the name).
    7) Your code should only contain elements that solve the task, so DO NOT write any assert statements / tests
    8) The context in the [Context] tag serves as a casual tip (which can be wrong) to help you on the task, but your priority is to follow instructions in the [Task] tag.

You should only respond in the format as described below:
RESPONSE FORMAT:

Explain: ...
Plan:
1) ...
2) ...
3) ...
...
Code:
```python
# helper functions (only if needed, try to avoid them)
...
# main function after the helper functions
def yourMainFunctionName(args):
  # ...

```


INFO - [Task id] 21 [prompt] [Environment feedback]
None

[Code from the last round]
No code in the first round

[Task]
Write a Python function that takes a list of integers and returns a list of the k largest elements in descending order. Use a min-heap to efficiently find the k largest elements.
You must strictly follow the function name: find_k_largest

[Context]
Rough plan to accomplish the task (can be wrong): 
Answer: To accomplish the task of finding the k largest elements in a list of integers using a min-heap in Python, you can follow these conceptual steps:

1. **Import the Heapq Module**: Python's `heapq` module provides an efficient way to work with heaps. You will use this module to create a min-heap.

2. **Define the Function**: Create a function that takes two parameters: the list of integers and the integer k, which represents the number of largest elements to return.

3. **Check the Length of the List**: If k is greater than the length of the list, you can simply return the sorted list in descending order.

4. **Create a Min-Heap**: Use `heapq` to maintain a min-heap of size k. This means you will keep track of the k largest elements encountered so far.

5. **Iterate Through the List**: Loop through each element in the list. For each element:
   - If the size of the heap is less than k, push the element onto the heap.
   - If the size of the heap is equal to k and the current element is larger than the smallest element in the heap (the root), pop the smallest element and push the current element onto the heap.

6. **Extract the Results**: After processing all elements, the heap will contain the k largest elements, but in a min-heap structure. Use `heapq.nlargest` to retrieve these elements in descending order.

7. **Return the Result**: Finally, return the list of k largest elements.

Here is a conceptual outline of the function:

```python
import heapq

def k_largest_elements(nums, k):
    if k > len(nums):
        return sorted(nums, reverse=True)
    
    min_heap = []
    
    for num in nums:
        if len(min_heap) < k:
            heapq.heappush(min_heap, num)
        elif num > min_heap[0]:
            heapq.heappop(min_heap)
            heapq.heappush(min_heap, num)
    
    return sorted(min_heap, reverse=True)
```

This function efficiently finds the k largest elements using a min-heap, ensuring that the operations remain efficient even for larger lists.


[Critique]
None


INFO - [Task id] 21 [generation text] Plan:
1. Import the `heapq` module, which provides functions to work with heaps in Python.
2. Define the function `find_k_largest` that takes a list of integers `nums` and an integer `k`.
3. Check if `k` is greater than the length of `nums`. If so, return the entire list sorted in descending order, as all elements are part of the k largest.
4. Initialize an empty list `min_heap` to maintain a min-heap of size `k`.
5. Iterate through each element in `nums`:
   - If the size of `min_heap` is less than `k`, push the element onto the heap.
   - If the size of `min_heap` is equal to `k` and the current element is larger than the smallest element in the heap (the root), pop the smallest element and push the current element onto the heap.
6. After processing all elements, the heap will contain the k largest elements. Sort these elements in descending order.
7. Return the sorted list of k largest elements.

Code:
```python
import heapq

def find_k_largest(nums, k):
    if k > len(nums):
        return sorted(nums, reverse=True)
    
    min_heap = []
    
    for num in nums:
        if len(min_heap) < k:
            heapq.heappush(min_heap, num)
        elif num > min_heap[0]:
            heapq.heappop(min_heap)
            heapq.heappush(min_heap, num)
    
    return sorted(min_heap, reverse=True)
```
INFO - program_code:
 import heapq

def find_k_largest(nums, k):
    if (k > len(nums)):
        return sorted(nums, reverse=True)
    min_heap = []
    for num in nums:
        if (len(min_heap) < k):
            heapq.heappush(min_heap, num)
        elif (num > min_heap[0]):
            heapq.heappop(min_heap)
            heapq.heappush(min_heap, num)
    return sorted(min_heap, reverse=True)


INFO - program_name:
 find_k_largest

INFO - dependencies:
 []

INFO - raw_msg:
 Plan:
1. Import the `heapq` module, which provides functions to work with heaps in Python.
2. Define the function `find_k_largest` that takes a list of integers `nums` and an integer `k`.
3. Check if `k` is greater than the length of `nums`. If so, return the entire list sorted in descending order, as all elements are part of the k largest.
4. Initialize an empty list `min_heap` to maintain a min-heap of size `k`.
5. Iterate through each element in `nums`:
   - If the size of `min_heap` is less than `k`, push the element onto the heap.
   - If the size of `min_heap` is equal to `k` and the current element is larger than the smallest element in the heap (the root), pop the smallest element and push the current element onto the heap.
6. After processing all elements, the heap will contain the k largest elements. Sort these elements in descending order.
7. Return the sorted list of k largest elements.

Code:
```python
import heapq

def find_k_largest(nums, k):
    if k > len(nums):
        return sorted(nums, reverse=True)
    
    min_heap = []
    
    for num in nums:
        if len(min_heap) < k:
            heapq.heappush(min_heap, num)
        elif num > min_heap[0]:
            heapq.heappop(min_heap)
            heapq.heappush(min_heap, num)
    
    return sorted(min_heap, reverse=True)
```

INFO - no_parent:
 True

INFO - full code to be executed: 
 import heapq

def find_k_largest(nums, k):
    if (k > len(nums)):
        return sorted(nums, reverse=True)
    min_heap = []
    for num in nums:
        if (len(min_heap) < k):
            heapq.heappush(min_heap, num)
        elif (num > min_heap[0]):
            heapq.heappop(min_heap)
            heapq.heappush(min_heap, num)
    return sorted(min_heap, reverse=True)


INFO - obs: Tests passed:
assert find_k_largest([3, 1, 5, 12, 2, 11], 3) == [12, 11, 5]
assert find_k_largest([5, 12, 11, -1, 12], 2) == [12, 12]
assert find_k_largest([1, 23, 12, 9, 30, 2, 50], 4) == [50, 30, 23, 12]

Tests failed:
None
reward: True
done: None
info: {'individual_results': (True, True, True)}
INFO - LM call n parse attempt 1 / 5

INFO - [Task id] 21 [prompt] 
You are a Python programming assistant that assesses my progress of Python programming and provides useful guidance.

I will give you the following information:

[Task]: The objective I need to accomplish.
[Context]: The context of the task. Serves as a casual tip (which can be wrong) to help me on the task, but my priority is to follow instructions in the Task tag.
[function impl]: My function implementation that is intended to complete the task
[unit test results]: The results after executing my function implementation on the unit tests

Your first goal is to use these info to evaluate if I have met the task requirements, and explain why. 
It is possible that the unit test results all pass, but the code does not accomplish the task (eg by failing to accomplish the task in scenarios not covered by the unit tests)
It is also possible that the unit tests are wrong in the first place, though the code accomplishes the task and fails the unit test.

If I have not met the task requirements, write a few sentences to explain why the function implementation is wrong as indicated by the tests. 
You will need this as guidance when you try again later.
Only provide the few sentence description in your answer, not the implementation. 
Suggest how the function implementation can be changed, NOT the test cases (assert statements)

You should only respond in JSON format as described below:
The output should be formatted as a JSON instance that conforms to the JSON schema below.

As an example, for the schema {"properties": {"foo": {"title": "Foo", "description": "a list of strings", "type": "array", "items": {"type": "string"}}}, "required": ["foo"]}
the object {"foo": ["bar", "baz"]} is a well-formatted instance of the schema. The object {"properties": {"foo": ["bar", "baz"]}} is not well-formatted.

Here is the output schema:
```
{"description": "Represents the critique of a task attempt, including reasoning, success status, and suggestions for improvement.\n\nAttributes:\n    reasoning (str): Explanation of why the task was succeeded or failed.\n    success (bool): Indicates whether the task requirements were met.\n    critique (str): Suggestions or critique to help improve future task attempts.", "properties": {"reasoning": {"description": "reason why I have succeeded or failed at the task", "title": "Reasoning", "type": "string"}, "success": {"description": "evaluate if I have met the task requirements", "title": "Success", "type": "boolean"}, "critique": {"description": "critique to help me improve", "title": "Critique", "type": "string"}}, "required": ["reasoning", "success", "critique"]}
```

INFO - [Task id] 21 [prompt] 
Here are some examples:

Example 1:
[function impl]:
```python
def longest_subarray_with_sum_limit(nums: List[int], target: int) -> List[int]:
    n = len(nums)
    left, right = 0, 0
    max_length = 0
    current_sum = 0
    result = []
    while right < n:
        current_sum += nums[right]
        while current_sum > target:
            current_sum -= nums[left]
            left += 1
        if right - left + 1 >= max_length:
            max_length = right - left + 1
            result = nums[left:right+1]
        right += 1
    return result
```
[unit test results]:
Tests passing:
assert longest_subarray_with_sum_limit([1, 2, 3, 4, 5], 8) == [1, 2, 3]
assert longest_subarray_with_sum_limit([1, 2, 3, 4, 5], 15) == [1, 2, 3, 4, 5]
assert longest_subarray_with_sum_limit([1, -1, 2, -2, 3, -3], 2) == [1, -1, 2, -2, 3]
assert longest_subarray_with_sum_limit([], 10) == []
assert longest_subarray_with_sum_limit([], 0) == []
assert longest_subarray_with_sum_limit([], -5) == []  
Tests failing:
assert longest_subarray_with_sum_limit([5, 6, 7, 8, 9], 4) == [] # output: [5]

RESPONSE:
{
    "reasoning": "The implementation failed the test case where no subarray fulfills the condition",
    "success": false,
    "critique": "The issue in the implementation is due to the use of >= instead of > in the condition to update the result. Because of this, it returns a subarray even when the sum is greater than the target, as it still updates the result when the current subarray length is equal to the previous longest subarray length. To overcome this error, we should change the condition to only update the result when the current subarray length is strictly greater than the previous longest subarray length. This can be done by replacing >= with > in the condition."
}


Example 2:
[function impl]:
```python
def longest_subarray_with_sum_limit(nums: List[int], target: int) -> List[int]:
    n = len(nums)
    left, right = 0, 0
    max_length = 0
    current_sum = 0
    result = []
    while current_sum + nums[right] <= target:
        current_sum += nums[right]
        right += 1
    while right < n:
        current_sum += nums[right]
        while current_sum > target:
            current_sum -= nums[left]
            left += 1
        if right - left + 1 > max_length:
            max_length = right - left + 1
            result = nums[left:right+1]
        right += 1
    return result
```
[unit test results]:
Tests passing:
assert longest_subarray_with_sum_limit([], 10) == []
assert longest_subarray_with_sum_limit([], 0) == []
assert longest_subarray_with_sum_limit([], -5) == []
Tests failing:
assert longest_subarray_with_sum_limit([1, 2, 3, 4, 5], 8) == [1, 2, 3] # output: list index out of range
assert longest_subarray_with_sum_limit([1, 2, 3, 4, 5], 15) == [1, 2, 3, 4, 5] # output: list index out of range
assert longest_subarray_with_sum_limit([5, 6, 7, 8, 9], 4) == [] # output: list index out of range
assert longest_subarray_with_sum_limit([1, -1, 2, -2, 3, -3], 2) == [1, -1, 2, -2, 3] # output: list index out of range

RESPONSE:
{
    "reason": "The implementation failed 4 out of the 7 test cases due to an IndexError.",
    "success": false,
    "critique": "The issue stems from the while loop while current_sum + nums[right] <= target:, which directly accesses nums[right] without checking if right is within the bounds of the list. This results in a runtime error when right goes beyond the list length. To overcome this error, we need to add a bounds check for the right variable in the mentioned while loop. We can modify the loop condition to while right < len(nums) and current_sum + nums[right] <= target:. This change will ensure that we only access elements within the bounds of the list, thus avoiding the IndexError."
}


END OF EXAMPLES

INFO - [Task id] 21 [prompt] [Task]:
Write a Python function that takes a list of integers and returns a list of the k largest elements in descending order. Use a min-heap to efficiently find the k largest elements.
[Context]: 
 Rough plan to accomplish the task (can be wrong): 
Answer: To accomplish the task of finding the k largest elements in a list of integers using a min-heap in Python, you can follow these conceptual steps:

1. **Import the Heapq Module**: Python's `heapq` module provides an efficient way to work with heaps. You will use this module to create a min-heap.

2. **Define the Function**: Create a function that takes two parameters: the list of integers and the integer k, which represents the number of largest elements to return.

3. **Check the Length of the List**: If k is greater than the length of the list, you can simply return the sorted list in descending order.

4. **Create a Min-Heap**: Use `heapq` to maintain a min-heap of size k. This means you will keep track of the k largest elements encountered so far.

5. **Iterate Through the List**: Loop through each element in the list. For each element:
   - If the size of the heap is less than k, push the element onto the heap.
   - If the size of the heap is equal to k and the current element is larger than the smallest element in the heap (the root), pop the smallest element and push the current element onto the heap.

6. **Extract the Results**: After processing all elements, the heap will contain the k largest elements, but in a min-heap structure. Use `heapq.nlargest` to retrieve these elements in descending order.

7. **Return the Result**: Finally, return the list of k largest elements.

Here is a conceptual outline of the function:

```python
import heapq

def k_largest_elements(nums, k):
    if k > len(nums):
        return sorted(nums, reverse=True)
    
    min_heap = []
    
    for num in nums:
        if len(min_heap) < k:
            heapq.heappush(min_heap, num)
        elif num > min_heap[0]:
            heapq.heappop(min_heap)
            heapq.heappush(min_heap, num)
    
    return sorted(min_heap, reverse=True)
```

This function efficiently finds the k largest elements using a min-heap, ensuring that the operations remain efficient even for larger lists.


[function impl]:
import heapq

def find_k_largest(nums, k):
    if (k > len(nums)):
        return sorted(nums, reverse=True)
    min_heap = []
    for num in nums:
        if (len(min_heap) < k):
            heapq.heappush(min_heap, num)
        elif (num > min_heap[0]):
            heapq.heappop(min_heap)
            heapq.heappush(min_heap, num)
    return sorted(min_heap, reverse=True)

[unit test results]:
Tests passed:
assert find_k_largest([3, 1, 5, 12, 2, 11], 3) == [12, 11, 5]
assert find_k_largest([5, 12, 11, -1, 12], 2) == [12, 12]
assert find_k_largest([1, 23, 12, 9, 30, 2, 50], 4) == [50, 30, 23, 12]

Tests failed:
None

INFO - [Task id] 21 [generation text] 
INFO - {
    "reasoning": "The function implementation correctly uses a min-heap to find the k largest elements in the list. It efficiently maintains a heap of size k, ensuring that only the k largest elements are kept. The function then sorts these elements in descending order before returning them. The unit tests provided cover various scenarios, including cases with duplicate elements and different values of k, and all tests pass successfully, indicating that the function meets the task requirements.",
    "success": true,
    "critique": "The function implementation is correct and efficiently solves the problem using a min-heap. No changes are necessary as it meets the task requirements and passes all unit tests."
}
INFO - {
    "reasoning": "The function implementation correctly uses a min-heap to find the k largest elements in the list. It efficiently maintains a heap of size k, ensuring that only the k largest elements are kept. The function then sorts these elements in descending order before returning them. The unit tests provided cover various scenarios, including cases with duplicate elements and different values of k, and all tests pass successfully, indicating that the function meets the task requirements.",
    "success": true,
    "critique": "The function implementation is correct and efficiently solves the problem using a min-heap. No changes are necessary as it meets the task requirements and passes all unit tests."
}
INFO - [task_id]: 21 [Result]: True
INFO - LM call n parse attempt 1 / 3

INFO - [Task id] 21 [prompt] 
You are a helpful assistant that writes a description of the given function written in the Python programming language.

1) Do not mention the function name.
2) Do not mention anything about helper functions.
3) There might be some helper functions before the main function, but you only need to describe the main function.
4) Try to summarize the function in no more than 6 sentences.
5) Your response should be a single line of text.

INFO - [Task id] 21 [prompt] import heapq

def find_k_largest(nums, k):
    if (k > len(nums)):
        return sorted(nums, reverse=True)
    min_heap = []
    for num in nums:
        if (len(min_heap) < k):
            heapq.heappush(min_heap, num)
        elif (num > min_heap[0]):
            heapq.heappop(min_heap)
            heapq.heappush(min_heap, num)
    return sorted(min_heap, reverse=True)


The main function is `find_k_largest`.
INFO - [Task id] 21 [generation text] This function identifies the k largest elements from a given list of numbers. It first checks if k exceeds the length of the list, in which case it returns the entire list sorted in descending order. A min-heap is utilized to efficiently track the largest k elements as the function iterates through the list. If the heap contains fewer than k elements, it adds the current number; otherwise, it replaces the smallest element in the heap if the current number is larger. Finally, it returns the k largest elements sorted in descending order. This approach ensures optimal performance even with large datasets.
INFO - Num Completed Tasks: 20, Num Failed Tasks: 2
