INFO - DB skill doc count: 4

INFO - [train iter]: 4/100 

INFO - LM call n parse attempt 1 / 3

INFO - [Task id] 4 [prompt] 
You are a helpful assistant that asks questions to help me decide the next immediate task to do for Python programming.
My ultimate goal is to solve as many diverse problems as possible and become the best programmer in the world.

I will give you the following information:
Completed tasks so far: ...
Failed tasks that are too hard: ...

You must follow the following criteria:
1) You should ask at least 5 questions (but no more than 10 questions) to help me decide the next immediate task to do. Each question should be followed by the concept that the question is about.
2) Your question should be specific to a concept in Python programming.
  Bad example (the question is too general):
    Question: What is the best way to program in Python?
    Concept: unknown
  Good example:
    Question: How do you reverse a list?
    Concept: list
3) Your questions should be self-contained and not require any context.

Respond in JSON, and follow the keys and expected format of the values strictly.


Response format:
The output should be formatted as a JSON instance that conforms to the JSON schema below.

As an example, for the schema {"properties": {"foo": {"title": "Foo", "description": "a list of strings", "type": "array", "items": {"type": "string"}}}, "required": ["foo"]}
the object {"foo": ["bar", "baz"]} is a well-formatted instance of the schema. The object {"properties": {"foo": ["bar", "baz"]}} is not well-formatted.

Here is the output schema:
```
{"$defs": {"QuestionConcept": {"properties": {"question": {"description": "A question related to Python programming, to help me brainstorm the next immediate task to do", "title": "Question", "type": "string"}, "concept": {"description": "The Python programming concept associated with the question above", "title": "Concept", "type": "string"}}, "required": ["question", "concept"], "title": "QuestionConcept", "type": "object"}}, "properties": {"reasoning": {"description": "Reason out, step-by-step, why you picked these questions and concepts", "title": "Reasoning", "type": "string"}, "question_concept_list": {"description": "list of questions and their associated concepts", "items": {"$ref": "#/$defs/QuestionConcept"}, "title": "Question Concept List", "type": "array"}}, "required": ["reasoning", "question_concept_list"]}
```


INFO - [Task id] 4 [prompt] Completed tasks so far (do not give me these tasks again!): 
	Write a Python function that takes a list of integers and returns a new list with the squares of all the numbers. The function should not modify the original list.
	Write a Python function that takes a list of integers and returns a new list containing only the unique elements from the original list. The order of elements in the returned list does not matter.
	Write a Python function that takes a list of integers and returns a set containing all the elements that appear more than once in the list.
	Write a Python function that calculates the factorial of a given non-negative integer. The factorial of a non-negative integer n is the product of all positive integers less than or equal to n. It is denoted by n!.

Failed tasks that are too hard: None


INFO - [Task id] 4 [generation text] 
INFO - {
    "reasoning": "I selected these questions to cover a variety of Python concepts that are fundamental for a programmer. The questions focus on different data structures and algorithms, which are essential for problem-solving in Python. Each question targets a specific concept that will help in building a well-rounded skill set.",
    "question_concept_list": [
        {
            "question": "How do you merge two dictionaries in Python?",
            "concept": "dictionary"
        },
        {
            "question": "What is the difference between a list and a tuple in Python?",
            "concept": "data structures"
        },
        {
            "question": "How can you read a file and count the number of lines in it using Python?",
            "concept": "file handling"
        },
        {
            "question": "What is a lambda function and how do you use it in Python?",
            "concept": "functions"
        },
        {
            "question": "How do you handle exceptions in Python?",
            "concept": "error handling"
        }
    ]
}
INFO - {
    "reasoning": "I selected these questions to cover a variety of Python concepts that are fundamental for a programmer. The questions focus on different data structures and algorithms, which are essential for problem-solving in Python. Each question targets a specific concept that will help in building a well-rounded skill set.",
    "question_concept_list": [
        {
            "question": "How do you merge two dictionaries in Python?",
            "concept": "dictionary"
        },
        {
            "question": "What is the difference between a list and a tuple in Python?",
            "concept": "data structures"
        },
        {
            "question": "How can you read a file and count the number of lines in it using Python?",
            "concept": "file handling"
        },
        {
            "question": "What is a lambda function and how do you use it in Python?",
            "concept": "functions"
        },
        {
            "question": "How do you handle exceptions in Python?",
            "concept": "error handling"
        }
    ]
}
INFO - LM call n parse attempt 1 / 3

INFO - [Task id] 4 [prompt] 
You are a helpful assistant that answer my question about Python programming.

I will give you the following information:
Question: ...

You will answer the question based on the context (only if available and helpful) and your own knowledge of Python programming.
1) Start your answer with "Answer: ".
2) Answer "Answer: Unknown" if you don't know the answer.

INFO - [Task id] 4 [prompt] Question: How can you read a file and count the number of lines in it using Python?
INFO - [Task id] 4 [generation text] Answer: You can read a file and count the number of lines in it using Python by opening the file and iterating through each line. Here’s a simple example:

```python
def count_lines_in_file(file_path):
    with open(file_path, 'r') as file:
        line_count = sum(1 for line in file)
    return line_count

# Example usage
file_path = 'example.txt'
number_of_lines = count_lines_in_file(file_path)
print(f'The number of lines in the file is: {number_of_lines}')
```

In this code, the `with` statement is used to open the file, which ensures that the file is properly closed after its suite finishes. The `sum(1 for line in file)` counts each line in the file.
INFO - LM call n parse attempt 1 / 5

INFO - [Task id] 4 [prompt] 
You are a helpful assistant that tells me the next immediate task (in the form of a function) to do for Python programming. 
My ultimate goal is to solve as many diverse problems as possible and become the best programmer in the world.

I will give you the following information:
Question 1: ...
Answer: ...
Question 2: ...
Answer: ...
Question 3: ...
Answer: ...
...
Completed tasks so far: ...
Failed tasks that are too hard: ...

You must follow the following criteria:
1) You should act as a mentor and guide me to the next task based on my current learning progress. As a rule of thumb, guide me through beginner problems, followed by interview level problems, followed by competitive programming problems. The latter 2 levels can involve concepts from data structures and algorithms.
2) Please be very specific about what skills I need to learn.
3) Do not propose multiple tasks at the same time. Do not mention anything else.
4) The next task should not be too hard since I may not have learned enough skills to complete it yet.
5) The next task should be novel and interesting. I should look for problems which I have not solved yet. I should not be doing the same thing over and over again.
6) The task should involve writing a main Python function that at most use basic libraries (try not to import too many or too advanced modules)
7) Do not give tasks that require file operations (create, read, update, delete) or an internet connection.
8) I am only allowed to write Python functions, so do not require me to write other things (e.g. objects). 
9) Requiring me to write a function that takes in an object and uses object methods is still ok, but I cannot define the objects myself. You must provide the objects as input to my function in the assert statement.

Take note of these in your response:
1) Give an expected function name for the task.
2) Give a tuple of 3 assert statements that tests the function's correctness in the "test_tuple" field. This must strictly contain single-line assert statements only; any setup code for the test must be filled in the "test_setup_code" field.
3) The function name which you gave must be called in the assert statements. 

Respond in JSON, and follow the keys and expected format of the values strictly.


Response format:
The output should be formatted as a JSON instance that conforms to the JSON schema below.

As an example, for the schema {"properties": {"foo": {"title": "Foo", "description": "a list of strings", "type": "array", "items": {"type": "string"}}}, "required": ["foo"]}
the object {"foo": ["bar", "baz"]} is a well-formatted instance of the schema. The object {"properties": {"foo": ["bar", "baz"]}} is not well-formatted.

Here is the output schema:
```
{"properties": {"reasoning": {"description": "Based on the information listed above, reason about what the next task should be.", "title": "Reasoning", "type": "string"}, "task": {"description": "The next task, which requires me to write a single function. Be sure to state the expected data structure for inputs and outputs.", "title": "Task", "type": "string"}, "gt_fn_name": {"description": "The expected name for the single function for the task", "title": "Gt Fn Name", "type": "string"}, "test_setup_code": {"description": "setup code, if required. This will be run just before the assert statements are executed.", "title": "Test Setup Code", "type": "string"}, "test_tuple": {"description": "Tuple of 3 SINGLE-LINE test cases that starts with 'assert' to test the function's correctness.Any extra required code should be written in the test_setup_code field.", "items": {"type": "string"}, "maxItems": 3, "minItems": 3, "prefixItems": [{"type": "string"}, {"type": "string"}, {"type": "string"}], "title": "Test Tuple", "type": "array"}}, "required": ["reasoning", "task", "gt_fn_name", "test_setup_code", "test_tuple"]}
```


INFO - [Task id] 4 [prompt] 
Here's an example response:
{
    "reasoning": "The student has shown proficiency in basic Python syntax and list manipulation, but struggles with problems involving more complex algorithms and data structures. This task will help them practice using sets or dictionaries for efficient lookups, and understand the concept of algorithmic complexity.",
    "task": "Write a Python function that takes a list of integers and returns the tuple of two numbers that sum up to zero. If no such pair exists, return None.",
    "gt_fn_name": "find_zero_sum",
    "test_setup_code": "",
    "test_tuple": [
        "assert find_zero_sum([1, 2, 3, -2, -1]) == (2, -2)",
        "assert find_zero_sum([1, 2, 3, 4, 5]) == None",
        "assert find_zero_sum([1, 4, 3, -4, -1]) == (4, -4)"
    ]
}

INFO - [Task id] 4 [prompt] Question 1: How do you merge two dictionaries in Python?
Answer: You can merge two dictionaries in Python using several methods. Here are a few common ways:

1. **Using the `update()` method**:
   ```python
   dict1 = {'a': 1, 'b': 2}
   dict2 = {'b': 3, 'c': 4}
   dict1.update(dict2)
   # dict1 is now {'a': 1, 'b': 3, 'c': 4}
   ```

2. **Using the `**` unpacking operator (Python 3.5+)**:
   ```python
   dict1 = {'a': 1, 'b': 2}
   dict2 = {'b': 3, 'c': 4}
   merged_dict = {**dict1, **dict2}
   # merged_dict is {'a': 1, 'b': 3, 'c': 4}
   ```

3. **Using the `|` operator (Python 3.9+)**:
   ```python
   dict1 = {'a': 1, 'b': 2}
   dict2 = {'b': 3, 'c': 4}
   merged_dict = dict1 | dict2
   # merged_dict is {'a': 1, 'b': 3, 'c': 4}
   ```

4. **Using dictionary comprehension**:
   ```python
   dict1 = {'a': 1, 'b': 2}
   dict2 = {'b': 3, 'c': 4}
   merged_dict = {k: v for d in (dict1, dict2) for k, v in d.items()}
   # merged_dict is {'a': 1, 'b': 3, 'c': 4}
   ```

Choose the method that best fits your needs based on the version of Python you are using and your specific requirements.

Question 2: What is the difference between a list and a tuple in Python?
Answer: The main differences between a list and a tuple in Python are:

1. **Mutability**: Lists are mutable, meaning you can change their content (add, remove, or modify elements) after they are created. Tuples, on the other hand, are immutable, which means once a tuple is created, you cannot change its content.

2. **Syntax**: Lists are defined using square brackets `[]`, while tuples are defined using parentheses `()`.

3. **Performance**: Tuples can be slightly more memory-efficient and faster than lists for certain operations because of their immutability.

4. **Use Cases**: Lists are generally used for collections of items that may need to be modified, while tuples are often used for fixed collections of items, such as coordinates or records.

Example:
```python
# List
my_list = [1, 2, 3]
my_list.append(4)  # This is allowed

# Tuple
my_tuple = (1, 2, 3)
# my_tuple.append(4)  # This would raise an AttributeError
```

In summary, use lists when you need a mutable sequence and tuples when you need an immutable sequence.

Question 3: How can you read a file and count the number of lines in it using Python?
Answer: You can read a file and count the number of lines in it using Python by opening the file and iterating through each line. Here’s a simple example:

```python
def count_lines_in_file(file_path):
    with open(file_path, 'r') as file:
        line_count = sum(1 for line in file)
    return line_count

# Example usage
file_path = 'example.txt'
number_of_lines = count_lines_in_file(file_path)
print(f'The number of lines in the file is: {number_of_lines}')
```

In this code, the `with` statement is used to open the file, which ensures that the file is properly closed after its suite finishes. The `sum(1 for line in file)` counts each line in the file.

Question 4: What is a lambda function and how do you use it in Python?
Answer: A lambda function in Python is a small anonymous function defined using the `lambda` keyword. It can take any number of arguments but can only have one expression. The expression is evaluated and returned when the lambda function is called.

The syntax for a lambda function is:
```python
lambda arguments: expression
```

You can use lambda functions in various contexts, such as when you need a simple function for a short period of time, often as an argument to higher-order functions like `map()`, `filter()`, and `sorted()`.

Here are a few examples of how to use lambda functions:

1. **Basic usage**:
   ```python
   add = lambda x, y: x + y
   print(add(2, 3))  # Output: 5
   ```

2. **Using with `map()`**:
   ```python
   numbers = [1, 2, 3, 4]
   squared = list(map(lambda x: x ** 2, numbers))
   print(squared)  # Output: [1, 4, 9, 16]
   ```

3. **Using with `filter()`**:
   ```python
   numbers = [1, 2, 3, 4, 5]
   even_numbers = list(filter(lambda x: x % 2 == 0, numbers))
   print(even_numbers)  # Output: [2, 4]
   ```

4. **Using with `sorted()`**:
   ```python
   points = [(1, 2), (3, 1), (5, 0)]
   sorted_points = sorted(points, key=lambda point: point[1])
   print(sorted_points)  # Output: [(5, 0), (3, 1), (1, 2)]
   ```

Lambda functions are useful for creating quick, throwaway functions without the need to formally define them using `def`. However, for more complex functions, it's generally better to use the `def` keyword for clarity and maintainability.

Question 5: How do you handle exceptions in Python?
Answer: In Python, exceptions are handled using the `try` and `except` blocks. You can place the code that may raise an exception inside the `try` block, and then handle the exception in the `except` block. Here’s a basic example:

```python
try:
    # Code that may raise an exception
    result = 10 / 0
except ZeroDivisionError:
    # Code to handle the exception
    print("You cannot divide by zero!")
```

You can also catch multiple exceptions, use the `else` block for code that should run if no exceptions occur, and the `finally` block for code that should run regardless of whether an exception occurred or not:

```python
try:
    # Code that may raise an exception
    result = 10 / 2
except ZeroDivisionError:
    print("You cannot divide by zero!")
except TypeError:
    print("Invalid type!")
else:
    print("Result is:", result)
finally:
    print("This will always execute.")
```

This structure allows for robust error handling in your Python programs.

Completed tasks so far (do not give me these tasks again!): 
	Write a Python function that takes a list of integers and returns a new list with the squares of all the numbers. The function should not modify the original list.
	Write a Python function that takes a list of integers and returns a new list containing only the unique elements from the original list. The order of elements in the returned list does not matter.
	Write a Python function that takes a list of integers and returns a set containing all the elements that appear more than once in the list.
	Write a Python function that calculates the factorial of a given non-negative integer. The factorial of a non-negative integer n is the product of all positive integers less than or equal to n. It is denoted by n!.

Failed tasks that are too hard: None


INFO - [Task id] 4 [generation text] 
INFO - {
    "reasoning": "The student has demonstrated understanding of basic Python concepts, including list manipulation, set operations, and functions. The next task should introduce the concept of string manipulation, which is a fundamental skill in Python programming. The task will involve creating a function that checks if a string is a palindrome, which is a string that reads the same backward as forward. This will help the student practice working with strings and understand the importance of considering edge cases in their code.",
    "task": "Write a Python function that takes a string and returns True if the string is a palindrome, and False otherwise. The function should be case-insensitive and ignore all non-alphanumeric characters.",
    "gt_fn_name": "is_palindrome",
    "test_setup_code": "",
    "test_tuple": [
        "assert is_palindrome('A man, a plan, a canal: Panama') == True",
        "assert is_palindrome('race a car') == False",
        "assert is_palindrome('') == True"
    ]
}
INFO - {
    "reasoning": "The student has demonstrated understanding of basic Python concepts, including list manipulation, set operations, and functions. The next task should introduce the concept of string manipulation, which is a fundamental skill in Python programming. The task will involve creating a function that checks if a string is a palindrome, which is a string that reads the same backward as forward. This will help the student practice working with strings and understand the importance of considering edge cases in their code.",
    "task": "Write a Python function that takes a string and returns True if the string is a palindrome, and False otherwise. The function should be case-insensitive and ignore all non-alphanumeric characters.",
    "gt_fn_name": "is_palindrome",
    "test_setup_code": "",
    "test_tuple": [
        "assert is_palindrome('A man, a plan, a canal: Panama') == True",
        "assert is_palindrome('race a car') == False",
        "assert is_palindrome('') == True"
    ]
}
INFO - The task prompt is Write a Python function that takes a string and returns True if the string is a palindrome, and False otherwise. The function should be case-insensitive and ignore all non-alphanumeric characters.
You must strictly follow the function name: is_palindrome

INFO - LM call n parse attempt 1 / 3

INFO - [Task id] 4 [prompt] 
You are a helpful assistant that answer my question about Python programming.

I will give you the following information:
Question: ...

You will answer the question based on the context (only if available and helpful) and your own knowledge of Python programming.
1) Start your answer with "Answer: ".
2) Answer "Answer: Unknown" if you don't know the answer.

INFO - [Task id] 4 [prompt] Question: Explain at a conceptual level, how to accomplish the below task in Python programming?
Write a Python function that takes a string and returns True if the string is a palindrome, and False otherwise. The function should be case-insensitive and ignore all non-alphanumeric characters.
INFO - [Task id] 4 [generation text] Answer: To accomplish the task of checking if a string is a palindrome in Python, you can follow these conceptual steps:

1. **Normalize the String**: Convert the string to a consistent case (either lower or upper) to ensure the comparison is case-insensitive. You can use the `lower()` method for this.

2. **Filter Non-Alphanumeric Characters**: Create a new string that contains only the alphanumeric characters from the original string. You can use a list comprehension combined with the `isalnum()` method to achieve this.

3. **Check for Palindrome**: Compare the filtered string to its reverse. In Python, you can reverse a string using slicing (`string[::-1]`).

4. **Return the Result**: If the filtered string is the same as its reverse, return `True`; otherwise, return `False`.

Here is a conceptual outline of the function:

```python
def is_palindrome(s):
    # Step 1: Normalize the string
    normalized_str = s.lower()
    
    # Step 2: Filter out non-alphanumeric characters
    filtered_str = ''.join(char for char in normalized_str if char.isalnum())
    
    # Step 3: Check if the string is the same forwards and backwards
    return filtered_str == filtered_str[::-1]
```

This function will effectively determine if the input string is a palindrome while ignoring case and non-alphanumeric characters.
INFO - Attempting task_id 4
INFO - [35m Rollout attempt 1/4[0m
INFO - [33m Retrieving 4 entries for db: skill 
 [0m
INFO - [33m calculate_factorial, unique_elements, find_duplicates, square_list[0m
INFO - LM call n parse attempt 1 / 3

INFO - [Task id] 4 [prompt] You are a helpful assistant that writes python code to solve a task specified by me.

Here are some useful functions written earlier which you can reuse or reference.


[Entry]:


    def calculate_factorial(n):
        if (n < 0):
            raise ValueError('Factorial is not defined for negative numbers.')
        if (n == 0):
            return 1
        result = 1
        for i in range(1, (n + 1)):
            result *= i
        return result

[/Entry]

[Entry]:


    def unique_elements(input_list):
        unique_set = set(input_list)
        unique_list = list(unique_set)
        return unique_list

[/Entry]

[Entry]:
    from collections import Counter

    def find_duplicates(int_list):
        counts = Counter(int_list)
        duplicates = {num for (num, count) in counts.items() if (count > 1)}
        return duplicates

[/Entry]

[Entry]:


    def square_list(input_list):
        squared_list = []
        for number in input_list:
            squared_list.append((number * number))
        return squared_list

[/Entry]






At each round of conversation, I will give you
[Environment feedback] (after executing code) ...
[Code from the last round] ...
[Task] ...
[Context] ...
[Critique] ...

You should then respond to me with
Explain (if applicable): Are there any steps missing in your plan? Why does the code not complete the task? What does the chat log and execution error imply?
Plan: How to complete the task step by step. 
Code:
    1) Reuse or reference the above useful programs if necessary.
    2) Your function will be reused for building more complex functions. Therefore, you should make it generic and reusable. 
    3) Functions in the "Code from the last round" section will not be saved or executed. Do not reuse functions listed there.
    4) Anything defined outside a function will be ignored, define all your variables inside your functions.
    5) Do not write infinite loops.
    6) If the task specifies a function name to be used, follow it strictly (be case sensitive!). Else, name your function in a meaningful way (can infer the task from the name).
    7) Your code should only contain elements that solve the task, so DO NOT write any assert statements / tests
    8) The context in the [Context] tag serves as a casual tip (which can be wrong) to help you on the task, but your priority is to follow instructions in the [Task] tag.

You should only respond in the format as described below:
RESPONSE FORMAT:

Explain: ...
Plan:
1) ...
2) ...
3) ...
...
Code:
```python
# helper functions (only if needed, try to avoid them)
...
# main function after the helper functions
def yourMainFunctionName(args):
  # ...

```


INFO - [Task id] 4 [prompt] [Environment feedback]
None

[Code from the last round]
No code in the first round

[Task]
Write a Python function that takes a string and returns True if the string is a palindrome, and False otherwise. The function should be case-insensitive and ignore all non-alphanumeric characters.
You must strictly follow the function name: is_palindrome

[Context]
Rough plan to accomplish the task (can be wrong): 
Answer: To accomplish the task of checking if a string is a palindrome in Python, you can follow these conceptual steps:

1. **Normalize the String**: Convert the string to a consistent case (either lower or upper) to ensure the comparison is case-insensitive. You can use the `lower()` method for this.

2. **Filter Non-Alphanumeric Characters**: Create a new string that contains only the alphanumeric characters from the original string. You can use a list comprehension combined with the `isalnum()` method to achieve this.

3. **Check for Palindrome**: Compare the filtered string to its reverse. In Python, you can reverse a string using slicing (`string[::-1]`).

4. **Return the Result**: If the filtered string is the same as its reverse, return `True`; otherwise, return `False`.

Here is a conceptual outline of the function:

```python
def is_palindrome(s):
    # Step 1: Normalize the string
    normalized_str = s.lower()
    
    # Step 2: Filter out non-alphanumeric characters
    filtered_str = ''.join(char for char in normalized_str if char.isalnum())
    
    # Step 3: Check if the string is the same forwards and backwards
    return filtered_str == filtered_str[::-1]
```

This function will effectively determine if the input string is a palindrome while ignoring case and non-alphanumeric characters.


[Critique]
None


INFO - [Task id] 4 [generation text] Explain: The context provides a correct plan to create a function that checks if a string is a palindrome. It includes all the necessary steps: normalizing the string, filtering out non-alphanumeric characters, and comparing the string to its reverse.

Plan:
1) Define the function `is_palindrome` that takes a single argument, `s`, which is the string to be checked.
2) Normalize the string by converting it to lowercase using the `lower()` method.
3) Filter out non-alphanumeric characters using a list comprehension and the `isalnum()` method.
4) Compare the filtered string to its reverse. If they are the same, the string is a palindrome.
5) Return `True` if the string is a palindrome, otherwise return `False`.

Code:
```python
def is_palindrome(s):
    # Normalize the string to lowercase
    normalized_str = s.lower()
    
    # Filter out non-alphanumeric characters
    filtered_str = ''.join(char for char in normalized_str if char.isalnum())
    
    # Check if the string is the same forwards and backwards
    return filtered_str == filtered_str[::-1]
```
INFO - program_code:
 

def is_palindrome(s):
    normalized_str = s.lower()
    filtered_str = ''.join((char for char in normalized_str if char.isalnum()))
    return (filtered_str == filtered_str[::(- 1)])


INFO - program_name:
 is_palindrome

INFO - dependencies:
 []

INFO - raw_msg:
 Explain: The context provides a correct plan to create a function that checks if a string is a palindrome. It includes all the necessary steps: normalizing the string, filtering out non-alphanumeric characters, and comparing the string to its reverse.

Plan:
1) Define the function `is_palindrome` that takes a single argument, `s`, which is the string to be checked.
2) Normalize the string by converting it to lowercase using the `lower()` method.
3) Filter out non-alphanumeric characters using a list comprehension and the `isalnum()` method.
4) Compare the filtered string to its reverse. If they are the same, the string is a palindrome.
5) Return `True` if the string is a palindrome, otherwise return `False`.

Code:
```python
def is_palindrome(s):
    # Normalize the string to lowercase
    normalized_str = s.lower()
    
    # Filter out non-alphanumeric characters
    filtered_str = ''.join(char for char in normalized_str if char.isalnum())
    
    # Check if the string is the same forwards and backwards
    return filtered_str == filtered_str[::-1]
```

INFO - no_parent:
 True

INFO - full code to be executed: 
 

def is_palindrome(s):
    normalized_str = s.lower()
    filtered_str = ''.join((char for char in normalized_str if char.isalnum()))
    return (filtered_str == filtered_str[::(- 1)])


INFO - obs: Tests passed:
assert is_palindrome('A man, a plan, a canal: Panama') == True
assert is_palindrome('race a car') == False
assert is_palindrome('') == True

Tests failed:
None
reward: True
done: None
info: {'individual_results': (True, True, True)}
INFO - LM call n parse attempt 1 / 5

INFO - [Task id] 4 [prompt] 
You are a Python programming assistant that assesses my progress of Python programming and provides useful guidance.

I will give you the following information:

[Task]: The objective I need to accomplish.
[Context]: The context of the task. Serves as a casual tip (which can be wrong) to help me on the task, but my priority is to follow instructions in the Task tag.
[function impl]: My function implementation that is intended to complete the task
[unit test results]: The results after executing my function implementation on the unit tests

Your first goal is to use these info to evaluate if I have met the task requirements, and explain why. 
It is possible that the unit test results all pass, but the code does not accomplish the task (eg by failing to accomplish the task in scenarios not covered by the unit tests)
It is also possible that the unit tests are wrong in the first place, though the code accomplishes the task and fails the unit test.

If I have not met the task requirements, write a few sentences to explain why the function implementation is wrong as indicated by the tests. 
You will need this as guidance when you try again later.
Only provide the few sentence description in your answer, not the implementation. 
Suggest how the function implementation can be changed, NOT the test cases (assert statements)

You should only respond in JSON format as described below:
The output should be formatted as a JSON instance that conforms to the JSON schema below.

As an example, for the schema {"properties": {"foo": {"title": "Foo", "description": "a list of strings", "type": "array", "items": {"type": "string"}}}, "required": ["foo"]}
the object {"foo": ["bar", "baz"]} is a well-formatted instance of the schema. The object {"properties": {"foo": ["bar", "baz"]}} is not well-formatted.

Here is the output schema:
```
{"description": "Represents the critique of a task attempt, including reasoning, success status, and suggestions for improvement.\n\nAttributes:\n    reasoning (str): Explanation of why the task was succeeded or failed.\n    success (bool): Indicates whether the task requirements were met.\n    critique (str): Suggestions or critique to help improve future task attempts.", "properties": {"reasoning": {"description": "reason why I have succeeded or failed at the task", "title": "Reasoning", "type": "string"}, "success": {"description": "evaluate if I have met the task requirements", "title": "Success", "type": "boolean"}, "critique": {"description": "critique to help me improve", "title": "Critique", "type": "string"}}, "required": ["reasoning", "success", "critique"]}
```

INFO - [Task id] 4 [prompt] 
Here are some examples:

Example 1:
[function impl]:
```python
def longest_subarray_with_sum_limit(nums: List[int], target: int) -> List[int]:
    n = len(nums)
    left, right = 0, 0
    max_length = 0
    current_sum = 0
    result = []
    while right < n:
        current_sum += nums[right]
        while current_sum > target:
            current_sum -= nums[left]
            left += 1
        if right - left + 1 >= max_length:
            max_length = right - left + 1
            result = nums[left:right+1]
        right += 1
    return result
```
[unit test results]:
Tests passing:
assert longest_subarray_with_sum_limit([1, 2, 3, 4, 5], 8) == [1, 2, 3]
assert longest_subarray_with_sum_limit([1, 2, 3, 4, 5], 15) == [1, 2, 3, 4, 5]
assert longest_subarray_with_sum_limit([1, -1, 2, -2, 3, -3], 2) == [1, -1, 2, -2, 3]
assert longest_subarray_with_sum_limit([], 10) == []
assert longest_subarray_with_sum_limit([], 0) == []
assert longest_subarray_with_sum_limit([], -5) == []  
Tests failing:
assert longest_subarray_with_sum_limit([5, 6, 7, 8, 9], 4) == [] # output: [5]

RESPONSE:
{
    "reasoning": "The implementation failed the test case where no subarray fulfills the condition",
    "success": false,
    "critique": "The issue in the implementation is due to the use of >= instead of > in the condition to update the result. Because of this, it returns a subarray even when the sum is greater than the target, as it still updates the result when the current subarray length is equal to the previous longest subarray length. To overcome this error, we should change the condition to only update the result when the current subarray length is strictly greater than the previous longest subarray length. This can be done by replacing >= with > in the condition."
}


Example 2:
[function impl]:
```python
def longest_subarray_with_sum_limit(nums: List[int], target: int) -> List[int]:
    n = len(nums)
    left, right = 0, 0
    max_length = 0
    current_sum = 0
    result = []
    while current_sum + nums[right] <= target:
        current_sum += nums[right]
        right += 1
    while right < n:
        current_sum += nums[right]
        while current_sum > target:
            current_sum -= nums[left]
            left += 1
        if right - left + 1 > max_length:
            max_length = right - left + 1
            result = nums[left:right+1]
        right += 1
    return result
```
[unit test results]:
Tests passing:
assert longest_subarray_with_sum_limit([], 10) == []
assert longest_subarray_with_sum_limit([], 0) == []
assert longest_subarray_with_sum_limit([], -5) == []
Tests failing:
assert longest_subarray_with_sum_limit([1, 2, 3, 4, 5], 8) == [1, 2, 3] # output: list index out of range
assert longest_subarray_with_sum_limit([1, 2, 3, 4, 5], 15) == [1, 2, 3, 4, 5] # output: list index out of range
assert longest_subarray_with_sum_limit([5, 6, 7, 8, 9], 4) == [] # output: list index out of range
assert longest_subarray_with_sum_limit([1, -1, 2, -2, 3, -3], 2) == [1, -1, 2, -2, 3] # output: list index out of range

RESPONSE:
{
    "reason": "The implementation failed 4 out of the 7 test cases due to an IndexError.",
    "success": false,
    "critique": "The issue stems from the while loop while current_sum + nums[right] <= target:, which directly accesses nums[right] without checking if right is within the bounds of the list. This results in a runtime error when right goes beyond the list length. To overcome this error, we need to add a bounds check for the right variable in the mentioned while loop. We can modify the loop condition to while right < len(nums) and current_sum + nums[right] <= target:. This change will ensure that we only access elements within the bounds of the list, thus avoiding the IndexError."
}


END OF EXAMPLES

INFO - [Task id] 4 [prompt] [Task]:
Write a Python function that takes a string and returns True if the string is a palindrome, and False otherwise. The function should be case-insensitive and ignore all non-alphanumeric characters.
[Context]: 
 Rough plan to accomplish the task (can be wrong): 
Answer: To accomplish the task of checking if a string is a palindrome in Python, you can follow these conceptual steps:

1. **Normalize the String**: Convert the string to a consistent case (either lower or upper) to ensure the comparison is case-insensitive. You can use the `lower()` method for this.

2. **Filter Non-Alphanumeric Characters**: Create a new string that contains only the alphanumeric characters from the original string. You can use a list comprehension combined with the `isalnum()` method to achieve this.

3. **Check for Palindrome**: Compare the filtered string to its reverse. In Python, you can reverse a string using slicing (`string[::-1]`).

4. **Return the Result**: If the filtered string is the same as its reverse, return `True`; otherwise, return `False`.

Here is a conceptual outline of the function:

```python
def is_palindrome(s):
    # Step 1: Normalize the string
    normalized_str = s.lower()
    
    # Step 2: Filter out non-alphanumeric characters
    filtered_str = ''.join(char for char in normalized_str if char.isalnum())
    
    # Step 3: Check if the string is the same forwards and backwards
    return filtered_str == filtered_str[::-1]
```

This function will effectively determine if the input string is a palindrome while ignoring case and non-alphanumeric characters.


[function impl]:


def is_palindrome(s):
    normalized_str = s.lower()
    filtered_str = ''.join((char for char in normalized_str if char.isalnum()))
    return (filtered_str == filtered_str[::(- 1)])

[unit test results]:
Tests passed:
assert is_palindrome('A man, a plan, a canal: Panama') == True
assert is_palindrome('race a car') == False
assert is_palindrome('') == True

Tests failed:
None

INFO - [Task id] 4 [generation text] 
INFO - {
    "reasoning": "The function implementation correctly normalizes the string, filters out non-alphanumeric characters, and checks if the string is a palindrome according to the task requirements. All provided unit tests pass, indicating that the function behaves as expected for the given test cases.",
    "success": true,
    "critique": "The function implementation meets the task requirements. However, it is worth noting that the use of parentheses around the generator expression in the join method is unnecessary and can be removed for cleaner code. The slicing syntax used to reverse the string is correct, and the negative step in the slice operation is a valid way to reverse a string."
}
INFO - {
    "reasoning": "The function implementation correctly normalizes the string, filters out non-alphanumeric characters, and checks if the string is a palindrome according to the task requirements. All provided unit tests pass, indicating that the function behaves as expected for the given test cases.",
    "success": true,
    "critique": "The function implementation meets the task requirements. However, it is worth noting that the use of parentheses around the generator expression in the join method is unnecessary and can be removed for cleaner code. The slicing syntax used to reverse the string is correct, and the negative step in the slice operation is a valid way to reverse a string."
}
INFO - [task_id]: 4 [Result]: True
INFO - LM call n parse attempt 1 / 3

INFO - [Task id] 4 [prompt] 
You are a helpful assistant that writes a description of the given function written in the Python programming language.

1) Do not mention the function name.
2) Do not mention anything about helper functions.
3) There might be some helper functions before the main function, but you only need to describe the main function.
4) Try to summarize the function in no more than 6 sentences.
5) Your response should be a single line of text.

INFO - [Task id] 4 [prompt] 

def is_palindrome(s):
    normalized_str = s.lower()
    filtered_str = ''.join((char for char in normalized_str if char.isalnum()))
    return (filtered_str == filtered_str[::(- 1)])


The main function is `is_palindrome`.
INFO - [Task id] 4 [generation text] This function checks if a given string is a palindrome, which means it reads the same forwards and backwards. It first normalizes the string by converting it to lowercase and filtering out non-alphanumeric characters. Then, it compares the filtered string to its reverse. If both are identical, it returns True, indicating that the string is a palindrome; otherwise, it returns False. The function effectively ignores case and punctuation, focusing solely on the alphanumeric content. This makes it suitable for checking phrases and sentences as well as single words.
INFO - Num Completed Tasks: 5, Num Failed Tasks: 0
