INFO - DB skill doc count: 4

INFO - [train iter]: 4/100 

INFO - LM call n parse attempt 1 / 3

INFO - [Task id] 4 [prompt] 
You are a helpful assistant that asks questions to help me decide the next immediate task to do for Python programming.
My ultimate goal is to solve as many diverse problems as possible and become the best programmer in the world.

I will give you the following information:
Completed tasks so far: ...
Failed tasks that are too hard: ...

You must follow the following criteria:
1) You should ask at least 5 questions (but no more than 10 questions) to help me decide the next immediate task to do. Each question should be followed by the concept that the question is about.
2) Your question should be specific to a concept in Python programming.
  Bad example (the question is too general):
    Question: What is the best way to program in Python?
    Concept: unknown
  Good example:
    Question: How do you reverse a list?
    Concept: list
3) Your questions should be self-contained and not require any context.

Respond in JSON, and follow the keys and expected format of the values strictly.


Response format:
The output should be formatted as a JSON instance that conforms to the JSON schema below.

As an example, for the schema {"properties": {"foo": {"title": "Foo", "description": "a list of strings", "type": "array", "items": {"type": "string"}}}, "required": ["foo"]}
the object {"foo": ["bar", "baz"]} is a well-formatted instance of the schema. The object {"properties": {"foo": ["bar", "baz"]}} is not well-formatted.

Here is the output schema:
```
{"$defs": {"QuestionConcept": {"properties": {"question": {"description": "A question related to Python programming, to help me brainstorm the next immediate task to do", "title": "Question", "type": "string"}, "concept": {"description": "The Python programming concept associated with the question above", "title": "Concept", "type": "string"}}, "required": ["question", "concept"], "title": "QuestionConcept", "type": "object"}}, "properties": {"reasoning": {"description": "Reason out, step-by-step, why you picked these questions and concepts", "title": "Reasoning", "type": "string"}, "question_concept_list": {"description": "list of questions and their associated concepts", "items": {"$ref": "#/$defs/QuestionConcept"}, "title": "Question Concept List", "type": "array"}}, "required": ["reasoning", "question_concept_list"]}
```


INFO - [Task id] 4 [prompt] Completed tasks so far (do not give me these tasks again!): 
	Write a Python function that takes a list of integers and returns a new list containing only the even numbers from the original list.
	Write a Python function that takes a list of strings and returns a dictionary where the keys are the strings and the values are the number of times each string appears in the list.
	Write a Python function that takes a list of strings and returns a dictionary where the keys are the lengths of the strings and the values are lists of strings of that length.
	Write a Python function that takes a string and returns the first non-repeating character in it. If all characters repeat, return None.

Failed tasks that are too hard: None


INFO - [Task id] 4 [generation text] 
INFO - {
    "reasoning": "I selected these questions to cover a variety of Python concepts that are fundamental for a programmer. The questions focus on different data structures and functionalities in Python, such as list manipulation, string handling, and dictionary usage. This will help in building a well-rounded skill set.",
    "question_concept_list": [
        {
            "question": "How do you sort a list of dictionaries by a specific key?",
            "concept": "list and dictionary"
        },
        {
            "question": "What is the best way to handle exceptions in Python?",
            "concept": "exception handling"
        },
        {
            "question": "How can you merge two dictionaries in Python?",
            "concept": "dictionary"
        },
        {
            "question": "What are list comprehensions and how do you use them?",
            "concept": "list comprehension"
        },
        {
            "question": "How do you read and write files in Python?",
            "concept": "file I/O"
        }
    ]
}
INFO - {
    "reasoning": "I selected these questions to cover a variety of Python concepts that are fundamental for a programmer. The questions focus on different data structures and functionalities in Python, such as list manipulation, string handling, and dictionary usage. This will help in building a well-rounded skill set.",
    "question_concept_list": [
        {
            "question": "How do you sort a list of dictionaries by a specific key?",
            "concept": "list and dictionary"
        },
        {
            "question": "What is the best way to handle exceptions in Python?",
            "concept": "exception handling"
        },
        {
            "question": "How can you merge two dictionaries in Python?",
            "concept": "dictionary"
        },
        {
            "question": "What are list comprehensions and how do you use them?",
            "concept": "list comprehension"
        },
        {
            "question": "How do you read and write files in Python?",
            "concept": "file I/O"
        }
    ]
}
INFO - LM call n parse attempt 1 / 5

INFO - [Task id] 4 [prompt] 
You are a helpful assistant that tells me the next immediate task (in the form of a function) to do for Python programming. 
My ultimate goal is to solve as many diverse problems as possible and become the best programmer in the world.

I will give you the following information:
Question 1: ...
Answer: ...
Question 2: ...
Answer: ...
Question 3: ...
Answer: ...
...
Completed tasks so far: ...
Failed tasks that are too hard: ...

You must follow the following criteria:
1) You should act as a mentor and guide me to the next task based on my current learning progress. As a rule of thumb, guide me through beginner problems, followed by interview level problems, followed by competitive programming problems. The latter 2 levels can involve concepts from data structures and algorithms.
2) Please be very specific about what skills I need to learn.
3) Do not propose multiple tasks at the same time. Do not mention anything else.
4) The next task should not be too hard since I may not have learned enough skills to complete it yet.
5) The next task should be novel and interesting. I should look for problems which I have not solved yet. I should not be doing the same thing over and over again.
6) The task should involve writing a main Python function that at most use basic libraries (try not to import too many or too advanced modules)
7) Do not give tasks that require file operations (create, read, update, delete) or an internet connection.
8) I am only allowed to write Python functions, so do not require me to write other things (e.g. objects). 
9) Requiring me to write a function that takes in an object and uses object methods is still ok, but I cannot define the objects myself. You must provide the objects as input to my function in the assert statement.

Take note of these in your response:
1) Give an expected function name for the task.
2) Give a tuple of 3 assert statements that tests the function's correctness in the "test_tuple" field. This must strictly contain single-line assert statements only; any setup code for the test must be filled in the "test_setup_code" field.
3) The function name which you gave must be called in the assert statements. 

Respond in JSON, and follow the keys and expected format of the values strictly.


Response format:
The output should be formatted as a JSON instance that conforms to the JSON schema below.

As an example, for the schema {"properties": {"foo": {"title": "Foo", "description": "a list of strings", "type": "array", "items": {"type": "string"}}}, "required": ["foo"]}
the object {"foo": ["bar", "baz"]} is a well-formatted instance of the schema. The object {"properties": {"foo": ["bar", "baz"]}} is not well-formatted.

Here is the output schema:
```
{"properties": {"reasoning": {"description": "Based on the information listed above, reason about what the next task should be.", "title": "Reasoning", "type": "string"}, "task": {"description": "The next task, which requires me to write a single function. Be sure to state the expected data structure for inputs and outputs.", "title": "Task", "type": "string"}, "gt_fn_name": {"description": "The expected name for the single function for the task", "title": "Gt Fn Name", "type": "string"}, "test_setup_code": {"description": "setup code, if required. This will be run just before the assert statements are executed.", "title": "Test Setup Code", "type": "string"}, "test_tuple": {"description": "Tuple of 3 SINGLE-LINE test cases that starts with 'assert' to test the function's correctness.Any extra required code should be written in the test_setup_code field.", "items": {"type": "string"}, "maxItems": 3, "minItems": 3, "prefixItems": [{"type": "string"}, {"type": "string"}, {"type": "string"}], "title": "Test Tuple", "type": "array"}}, "required": ["reasoning", "task", "gt_fn_name", "test_setup_code", "test_tuple"]}
```


INFO - [Task id] 4 [prompt] 
Here's an example response:
{
    "reasoning": "The student has shown proficiency in basic Python syntax and list manipulation, but struggles with problems involving more complex algorithms and data structures. This task will help them practice using sets or dictionaries for efficient lookups, and understand the concept of algorithmic complexity.",
    "task": "Write a Python function that takes a list of integers and returns the tuple of two numbers that sum up to zero. If no such pair exists, return None.",
    "gt_fn_name": "find_zero_sum",
    "test_setup_code": "",
    "test_tuple": [
        "assert find_zero_sum([1, 2, 3, -2, -1]) == (2, -2)",
        "assert find_zero_sum([1, 2, 3, 4, 5]) == None",
        "assert find_zero_sum([1, 4, 3, -4, -1]) == (4, -4)"
    ]
}

INFO - [Task id] 4 [prompt] Question 1: How do you sort a list of dictionaries by a specific key?
Answer: You can sort a list of dictionaries by a specific key using the `sorted()` function along with a lambda function to specify the key. Here’s an example:

```python
# Sample list of dictionaries
data = [
    {'name': 'Alice', 'age': 30},
    {'name': 'Bob', 'age': 25},
    {'name': 'Charlie', 'age': 35}
]

# Sort by the 'age' key
sorted_data = sorted(data, key=lambda x: x['age'])

print(sorted_data)
```

In this example, the list `data` is sorted by the `age` key, resulting in:

```
[{'name': 'Bob', 'age': 25}, {'name': 'Alice', 'age': 30}, {'name': 'Charlie', 'age': 35}]
```

You can also sort in descending order by setting the `reverse` parameter to `True`:

```python
sorted_data_desc = sorted(data, key=lambda x: x['age'], reverse=True)
```

This will sort the list in descending order based on the `age` key.

Question 2: How do you handle exceptions in Python?
Answer: In Python, you handle exceptions using the `try` and `except` blocks. Here’s a basic structure:

```python
try:
    # Code that may raise an exception
    result = 10 / 0  # This will raise a ZeroDivisionError
except ZeroDivisionError:
    # Code that runs if the specified exception occurs
    print("You can't divide by zero!")
except Exception as e:
    # This will catch any other exceptions
    print(f"An error occurred: {e}")
else:
    # This block runs if no exceptions were raised
    print("The result is:", result)
finally:
    # This block runs no matter what, even if an exception occurred
    print("Execution completed.")
```

In this example:
- The `try` block contains code that might raise an exception.
- The `except` block catches specific exceptions (like `ZeroDivisionError`) and allows you to handle them.
- The `else` block runs if the `try` block does not raise any exceptions.
- The `finally` block runs regardless of whether an exception occurred or not, which is useful for cleanup actions.

Question 3: How do you merge two dictionaries in Python?
Answer: You can merge two dictionaries in Python using several methods. Here are a few common ways:

1. **Using the `update()` method**:
   ```python
   dict1 = {'a': 1, 'b': 2}
   dict2 = {'b': 3, 'c': 4}
   dict1.update(dict2)
   # dict1 is now {'a': 1, 'b': 3, 'c': 4}
   ```

2. **Using the `**` unpacking operator (Python 3.5+)**:
   ```python
   dict1 = {'a': 1, 'b': 2}
   dict2 = {'b': 3, 'c': 4}
   merged_dict = {**dict1, **dict2}
   # merged_dict is {'a': 1, 'b': 3, 'c': 4}
   ```

3. **Using the `|` operator (Python 3.9+)**:
   ```python
   dict1 = {'a': 1, 'b': 2}
   dict2 = {'b': 3, 'c': 4}
   merged_dict = dict1 | dict2
   # merged_dict is {'a': 1, 'b': 3, 'c': 4}
   ```

4. **Using dictionary comprehension**:
   ```python
   dict1 = {'a': 1, 'b': 2}
   dict2 = {'b': 3, 'c': 4}
   merged_dict = {k: v for d in (dict1, dict2) for k, v in d.items()}
   # merged_dict is {'a': 1, 'b': 3, 'c': 4}
   ```

Choose the method that best fits your needs based on the version of Python you are using and your specific requirements.

Question 4: What are list comprehensions and how do you use them?
Answer: List comprehensions are a concise way to create lists in Python. They provide a syntactic shortcut for generating lists based on existing lists or other iterable objects. The basic syntax of a list comprehension is:

```python
[expression for item in iterable if condition]
```

- `expression` is the value to be included in the new list.
- `item` is the variable that takes the value of each element in the iterable.
- `iterable` is any Python iterable (like a list, tuple, or string).
- `condition` is an optional filter that determines whether the `expression` should be included in the new list.

Here are a few examples of how to use list comprehensions:

1. **Creating a list of squares:**
   ```python
   squares = [x**2 for x in range(10)]
   # squares will be [0, 1, 4, 9, 16, 25, 36, 49, 64, 81]
   ```

2. **Filtering even numbers:**
   ```python
   even_numbers = [x for x in range(20) if x % 2 == 0]
   # even_numbers will be [0, 2, 4, 6, 8, 10, 12, 14, 16, 18]
   ```

3. **Converting strings to uppercase:**
   ```python
   words = ['hello', 'world', 'python']
   uppercase_words = [word.upper() for word in words]
   # uppercase_words will be ['HELLO', 'WORLD', 'PYTHON']
   ```

List comprehensions can make your code more readable and concise, especially when dealing with simple transformations and filters.

Question 5: How do you read and write files in Python?
Answer: In Python, you can read and write files using the built-in `open()` function. Here’s a basic overview of how to do both:

### Reading a File
To read a file, you can use the following code:

```python
# Open the file in read mode
with open('filename.txt', 'r') as file:
    content = file.read()  # Read the entire file
    print(content)  # Print the content of the file
```

You can also read the file line by line:

```python
with open('filename.txt', 'r') as file:
    for line in file:
        print(line.strip())  # Print each line without extra newline characters
```

### Writing to a File
To write to a file, you can use the following code:

```python
# Open the file in write mode (this will overwrite the file if it exists)
with open('filename.txt', 'w') as file:
    file.write('Hello, World!\n')  # Write a string to the file
```

If you want to append to a file instead of overwriting it, you can use the append mode:

```python
with open('filename.txt', 'a') as file:
    file.write('Appending this line.\n')  # Append a string to the file
```

### Important Notes
- Always use the `with` statement when opening files. This ensures that the file is properly closed after its suite finishes, even if an error is raised.
- The modes you can use with `open()` include:
  - `'r'`: Read (default mode)
  - `'w'`: Write (overwrites the file)
  - `'a'`: Append
  - `'b'`: Binary mode (e.g., `'rb'` or `'wb'` for binary files)
  - `'x'`: Exclusive creation (fails if the file already exists)

This should give you a good starting point for reading and writing files in Python!

Completed tasks so far (do not give me these tasks again!): 
	Write a Python function that takes a list of integers and returns a new list containing only the even numbers from the original list.
	Write a Python function that takes a list of strings and returns a dictionary where the keys are the strings and the values are the number of times each string appears in the list.
	Write a Python function that takes a list of strings and returns a dictionary where the keys are the lengths of the strings and the values are lists of strings of that length.
	Write a Python function that takes a string and returns the first non-repeating character in it. If all characters repeat, return None.

Failed tasks that are too hard: None


INFO - [Task id] 4 [generation text] 
INFO - {
    "reasoning": "The student has demonstrated an understanding of basic Python concepts such as sorting, exception handling, dictionary operations, and list comprehensions. They have also completed tasks involving list and dictionary manipulations. To build on this foundation, the next task should introduce a slightly more complex algorithmic problem that involves both list and dictionary operations. This will help the student practice using dictionaries for efficient lookups and reinforce their understanding of algorithmic problem-solving.",
    "task": "Write a Python function that takes a list of integers and returns a list of all unique pairs (as tuples) that sum up to a given target integer. The pairs should be sorted in ascending order, and each pair should be sorted as well.",
    "gt_fn_name": "find_pairs_with_sum",
    "test_setup_code": "",
    "test_tuple": [
        "assert find_pairs_with_sum([1, 2, 3, 4, 5], 5) == [(1, 4), (2, 3)]",
        "assert find_pairs_with_sum([1, 1, 2, 3, 4], 4) == [(1, 3)]",
        "assert find_pairs_with_sum([0, -1, 2, -3, 1], -2) == [(-3, 1)]"
    ]
}
INFO - {
    "reasoning": "The student has demonstrated an understanding of basic Python concepts such as sorting, exception handling, dictionary operations, and list comprehensions. They have also completed tasks involving list and dictionary manipulations. To build on this foundation, the next task should introduce a slightly more complex algorithmic problem that involves both list and dictionary operations. This will help the student practice using dictionaries for efficient lookups and reinforce their understanding of algorithmic problem-solving.",
    "task": "Write a Python function that takes a list of integers and returns a list of all unique pairs (as tuples) that sum up to a given target integer. The pairs should be sorted in ascending order, and each pair should be sorted as well.",
    "gt_fn_name": "find_pairs_with_sum",
    "test_setup_code": "",
    "test_tuple": [
        "assert find_pairs_with_sum([1, 2, 3, 4, 5], 5) == [(1, 4), (2, 3)]",
        "assert find_pairs_with_sum([1, 1, 2, 3, 4], 4) == [(1, 3)]",
        "assert find_pairs_with_sum([0, -1, 2, -3, 1], -2) == [(-3, 1)]"
    ]
}
INFO - The task prompt is Write a Python function that takes a list of integers and returns a list of all unique pairs (as tuples) that sum up to a given target integer. The pairs should be sorted in ascending order, and each pair should be sorted as well.
You must strictly follow the function name: find_pairs_with_sum

INFO - LM call n parse attempt 1 / 3

INFO - [Task id] 4 [prompt] 
You are a helpful assistant that answer my question about Python programming.

I will give you the following information:
Question: ...

You will answer the question based on the context (only if available and helpful) and your own knowledge of Python programming.
1) Start your answer with "Answer: ".
2) Answer "Answer: Unknown" if you don't know the answer.

INFO - [Task id] 4 [prompt] Question: Explain at a conceptual level, how to accomplish the below task in Python programming?
Write a Python function that takes a list of integers and returns a list of all unique pairs (as tuples) that sum up to a given target integer. The pairs should be sorted in ascending order, and each pair should be sorted as well.
INFO - [Task id] 4 [generation text] Answer: To accomplish the task of finding all unique pairs of integers from a list that sum up to a given target integer, you can follow these conceptual steps:

1. **Initialize a Set for Unique Pairs**: Use a set to store the pairs. This will help ensure that each pair is unique and will automatically handle duplicates.

2. **Iterate Through the List**: Use a loop to go through each integer in the list. For each integer, calculate the complement that would sum with it to reach the target (i.e., `complement = target - current_integer`).

3. **Check for the Complement**: For each integer, check if the complement exists in the list. To efficiently check for existence, you can use a set or a dictionary.

4. **Store Pairs in Sorted Order**: When you find a valid pair (the current integer and its complement), create a tuple of the two integers, ensuring they are in ascending order (i.e., `(min(current_integer, complement), max(current_integer, complement))`).

5. **Add to the Set**: Add the sorted tuple to the set of unique pairs.

6. **Convert to List and Sort**: After iterating through the list, convert the set of pairs to a list and sort it to ensure the pairs are in ascending order.

7. **Return the Result**: Finally, return the sorted list of unique pairs.

Here is a conceptual outline of the function:

```python
def find_unique_pairs(nums, target):
    unique_pairs = set()
    num_set = set(nums)  # To check for existence efficiently

    for num in nums:
        complement = target - num
        if complement in num_set:
            # Create a sorted tuple
            pair = (min(num, complement), max(num, complement))
            unique_pairs.add(pair)

    # Convert the set to a sorted list
    return sorted(list(unique_pairs))
```

This function will return a list of unique pairs that sum to the target, with each pair sorted and the overall list sorted as well.
INFO - Attempting task_id 4
INFO - [35m Rollout attempt 1/4[0m
INFO - [33m Retrieving 4 entries for db: skill 
 [0m
INFO - [33m filter_even_numbers, first_non_repeating_char, count_string_occurrences, group_strings_by_length[0m
INFO - LM call n parse attempt 1 / 3

INFO - [Task id] 4 [prompt] You are a helpful assistant that writes python code to solve a task specified by me.

Here are some useful functions written earlier which you can reuse or reference.


[Entry]:


    def filter_even_numbers(input_list):
        even_numbers = []
        for number in input_list:
            if ((number % 2) == 0):
                even_numbers.append(number)
        return even_numbers

[/Entry]

[Entry]:


    def first_non_repeating_char(s):
        char_count = {}
        for char in s:
            char_count[char] = (char_count.get(char, 0) + 1)
        for char in s:
            if (char_count[char] == 1):
                return char
        return None

[/Entry]

[Entry]:


    def count_string_occurrences(string_list):
        count_dict = {}
        for string in string_list:
            if (string in count_dict):
                count_dict[string] += 1
            else:
                count_dict[string] = 1
        return count_dict

[/Entry]

[Entry]:


    def group_strings_by_length(strings):
        length_dict = {}
        for string in strings:
            length = len(string)
            if (length in length_dict):
                length_dict[length].append(string)
            else:
                length_dict[length] = [string]
        return length_dict

[/Entry]






At each round of conversation, I will give you
[Environment feedback] (after executing code) ...
[Code from the last round] ...
[Task] ...
[Context] ...
[Critique] ...

You should then respond to me with
Explain (if applicable): Are there any steps missing in your plan? Why does the code not complete the task? What does the chat log and execution error imply?
Plan: How to complete the task step by step. 
Code:
    1) Reuse or reference the above useful programs if necessary.
    2) Your function will be reused for building more complex functions. Therefore, you should make it generic and reusable. 
    3) Functions in the "Code from the last round" section will not be saved or executed. Do not reuse functions listed there.
    4) Anything defined outside a function will be ignored, define all your variables inside your functions.
    5) Do not write infinite loops.
    6) If the task specifies a function name to be used, follow it strictly (be case sensitive!). Else, name your function in a meaningful way (can infer the task from the name).
    7) Your code should only contain elements that solve the task, so DO NOT write any assert statements / tests
    8) The context in the [Context] tag serves as a casual tip (which can be wrong) to help you on the task, but your priority is to follow instructions in the [Task] tag.

You should only respond in the format as described below:
RESPONSE FORMAT:

Explain: ...
Plan:
1) ...
2) ...
3) ...
...
Code:
```python
# helper functions (only if needed, try to avoid them)
...
# main function after the helper functions
def yourMainFunctionName(args):
  # ...

```


INFO - [Task id] 4 [prompt] [Environment feedback]
None

[Code from the last round]
No code in the first round

[Task]
Write a Python function that takes a list of integers and returns a list of all unique pairs (as tuples) that sum up to a given target integer. The pairs should be sorted in ascending order, and each pair should be sorted as well.
You must strictly follow the function name: find_pairs_with_sum

[Context]
Rough plan to accomplish the task (can be wrong): 
Answer: To accomplish the task of finding all unique pairs of integers from a list that sum up to a given target integer, you can follow these conceptual steps:

1. **Initialize a Set for Unique Pairs**: Use a set to store the pairs. This will help ensure that each pair is unique and will automatically handle duplicates.

2. **Iterate Through the List**: Use a loop to go through each integer in the list. For each integer, calculate the complement that would sum with it to reach the target (i.e., `complement = target - current_integer`).

3. **Check for the Complement**: For each integer, check if the complement exists in the list. To efficiently check for existence, you can use a set or a dictionary.

4. **Store Pairs in Sorted Order**: When you find a valid pair (the current integer and its complement), create a tuple of the two integers, ensuring they are in ascending order (i.e., `(min(current_integer, complement), max(current_integer, complement))`).

5. **Add to the Set**: Add the sorted tuple to the set of unique pairs.

6. **Convert to List and Sort**: After iterating through the list, convert the set of pairs to a list and sort it to ensure the pairs are in ascending order.

7. **Return the Result**: Finally, return the sorted list of unique pairs.

Here is a conceptual outline of the function:

```python
def find_unique_pairs(nums, target):
    unique_pairs = set()
    num_set = set(nums)  # To check for existence efficiently

    for num in nums:
        complement = target - num
        if complement in num_set:
            # Create a sorted tuple
            pair = (min(num, complement), max(num, complement))
            unique_pairs.add(pair)

    # Convert the set to a sorted list
    return sorted(list(unique_pairs))
```

This function will return a list of unique pairs that sum to the target, with each pair sorted and the overall list sorted as well.


[Critique]
None


INFO - [Task id] 4 [generation text] Plan:
1. Initialize a set to store unique pairs. This will help in automatically handling duplicates.
2. Convert the input list into a set to allow efficient existence checks for complements.
3. Iterate through each number in the list.
4. For each number, calculate its complement that would sum with it to reach the target.
5. Check if the complement exists in the set of numbers.
6. If the complement exists, create a tuple of the two numbers, ensuring they are in ascending order.
7. Add the sorted tuple to the set of unique pairs.
8. Convert the set of pairs to a list and sort it to ensure the pairs are in ascending order.
9. Return the sorted list of unique pairs.

Code:
```python
def find_pairs_with_sum(nums, target):
    unique_pairs = set()
    num_set = set(nums)  # To check for existence efficiently

    for num in nums:
        complement = target - num
        if complement in num_set:
            # Create a sorted tuple
            pair = (min(num, complement), max(num, complement))
            unique_pairs.add(pair)

    # Convert the set to a sorted list
    return sorted(list(unique_pairs))
```
INFO - program_code:
 

def find_pairs_with_sum(nums, target):
    unique_pairs = set()
    num_set = set(nums)
    for num in nums:
        complement = (target - num)
        if (complement in num_set):
            pair = (min(num, complement), max(num, complement))
            unique_pairs.add(pair)
    return sorted(list(unique_pairs))


INFO - program_name:
 find_pairs_with_sum

INFO - dependencies:
 []

INFO - raw_msg:
 Plan:
1. Initialize a set to store unique pairs. This will help in automatically handling duplicates.
2. Convert the input list into a set to allow efficient existence checks for complements.
3. Iterate through each number in the list.
4. For each number, calculate its complement that would sum with it to reach the target.
5. Check if the complement exists in the set of numbers.
6. If the complement exists, create a tuple of the two numbers, ensuring they are in ascending order.
7. Add the sorted tuple to the set of unique pairs.
8. Convert the set of pairs to a list and sort it to ensure the pairs are in ascending order.
9. Return the sorted list of unique pairs.

Code:
```python
def find_pairs_with_sum(nums, target):
    unique_pairs = set()
    num_set = set(nums)  # To check for existence efficiently

    for num in nums:
        complement = target - num
        if complement in num_set:
            # Create a sorted tuple
            pair = (min(num, complement), max(num, complement))
            unique_pairs.add(pair)

    # Convert the set to a sorted list
    return sorted(list(unique_pairs))
```

INFO - no_parent:
 True

INFO - full code to be executed: 
 

def find_pairs_with_sum(nums, target):
    unique_pairs = set()
    num_set = set(nums)
    for num in nums:
        complement = (target - num)
        if (complement in num_set):
            pair = (min(num, complement), max(num, complement))
            unique_pairs.add(pair)
    return sorted(list(unique_pairs))


INFO - obs: Tests passed:
assert find_pairs_with_sum([1, 2, 3, 4, 5], 5) == [(1, 4), (2, 3)]

Tests failed:
assert find_pairs_with_sum([1, 1, 2, 3, 4], 4) == [(1, 3)] # output: [(1, 3), (2, 2)]
assert find_pairs_with_sum([0, -1, 2, -3, 1], -2) == [(-3, 1)] # output: [(-3, 1), (-1, -1)]
reward: False
done: None
info: {'individual_results': (True, False, False)}
INFO - LM call n parse attempt 1 / 5

INFO - [Task id] 4 [prompt] 
You are a Python programming assistant that assesses my progress of Python programming and provides useful guidance.

I will give you the following information:

[Task]: The objective I need to accomplish.
[Context]: The context of the task. Serves as a casual tip (which can be wrong) to help me on the task, but my priority is to follow instructions in the Task tag.
[function impl]: My function implementation that is intended to complete the task
[unit test results]: The results after executing my function implementation on the unit tests

Your first goal is to use these info to evaluate if I have met the task requirements, and explain why. 
It is possible that the unit test results all pass, but the code does not accomplish the task (eg by failing to accomplish the task in scenarios not covered by the unit tests)
It is also possible that the unit tests are wrong in the first place, though the code accomplishes the task and fails the unit test.

If I have not met the task requirements, write a few sentences to explain why the function implementation is wrong as indicated by the tests. 
You will need this as guidance when you try again later.
Only provide the few sentence description in your answer, not the implementation. 
Suggest how the function implementation can be changed, NOT the test cases (assert statements)

You should only respond in JSON format as described below:
The output should be formatted as a JSON instance that conforms to the JSON schema below.

As an example, for the schema {"properties": {"foo": {"title": "Foo", "description": "a list of strings", "type": "array", "items": {"type": "string"}}}, "required": ["foo"]}
the object {"foo": ["bar", "baz"]} is a well-formatted instance of the schema. The object {"properties": {"foo": ["bar", "baz"]}} is not well-formatted.

Here is the output schema:
```
{"description": "Represents the critique of a task attempt, including reasoning, success status, and suggestions for improvement.\n\nAttributes:\n    reasoning (str): Explanation of why the task was succeeded or failed.\n    success (bool): Indicates whether the task requirements were met.\n    critique (str): Suggestions or critique to help improve future task attempts.", "properties": {"reasoning": {"description": "reason why I have succeeded or failed at the task", "title": "Reasoning", "type": "string"}, "success": {"description": "evaluate if I have met the task requirements", "title": "Success", "type": "boolean"}, "critique": {"description": "critique to help me improve", "title": "Critique", "type": "string"}}, "required": ["reasoning", "success", "critique"]}
```

INFO - [Task id] 4 [prompt] 
Here are some examples:

Example 1:
[function impl]:
```python
def longest_subarray_with_sum_limit(nums: List[int], target: int) -> List[int]:
    n = len(nums)
    left, right = 0, 0
    max_length = 0
    current_sum = 0
    result = []
    while right < n:
        current_sum += nums[right]
        while current_sum > target:
            current_sum -= nums[left]
            left += 1
        if right - left + 1 >= max_length:
            max_length = right - left + 1
            result = nums[left:right+1]
        right += 1
    return result
```
[unit test results]:
Tests passing:
assert longest_subarray_with_sum_limit([1, 2, 3, 4, 5], 8) == [1, 2, 3]
assert longest_subarray_with_sum_limit([1, 2, 3, 4, 5], 15) == [1, 2, 3, 4, 5]
assert longest_subarray_with_sum_limit([1, -1, 2, -2, 3, -3], 2) == [1, -1, 2, -2, 3]
assert longest_subarray_with_sum_limit([], 10) == []
assert longest_subarray_with_sum_limit([], 0) == []
assert longest_subarray_with_sum_limit([], -5) == []  
Tests failing:
assert longest_subarray_with_sum_limit([5, 6, 7, 8, 9], 4) == [] # output: [5]

RESPONSE:
{
    "reasoning": "The implementation failed the test case where no subarray fulfills the condition",
    "success": false,
    "critique": "The issue in the implementation is due to the use of >= instead of > in the condition to update the result. Because of this, it returns a subarray even when the sum is greater than the target, as it still updates the result when the current subarray length is equal to the previous longest subarray length. To overcome this error, we should change the condition to only update the result when the current subarray length is strictly greater than the previous longest subarray length. This can be done by replacing >= with > in the condition."
}


Example 2:
[function impl]:
```python
def longest_subarray_with_sum_limit(nums: List[int], target: int) -> List[int]:
    n = len(nums)
    left, right = 0, 0
    max_length = 0
    current_sum = 0
    result = []
    while current_sum + nums[right] <= target:
        current_sum += nums[right]
        right += 1
    while right < n:
        current_sum += nums[right]
        while current_sum > target:
            current_sum -= nums[left]
            left += 1
        if right - left + 1 > max_length:
            max_length = right - left + 1
            result = nums[left:right+1]
        right += 1
    return result
```
[unit test results]:
Tests passing:
assert longest_subarray_with_sum_limit([], 10) == []
assert longest_subarray_with_sum_limit([], 0) == []
assert longest_subarray_with_sum_limit([], -5) == []
Tests failing:
assert longest_subarray_with_sum_limit([1, 2, 3, 4, 5], 8) == [1, 2, 3] # output: list index out of range
assert longest_subarray_with_sum_limit([1, 2, 3, 4, 5], 15) == [1, 2, 3, 4, 5] # output: list index out of range
assert longest_subarray_with_sum_limit([5, 6, 7, 8, 9], 4) == [] # output: list index out of range
assert longest_subarray_with_sum_limit([1, -1, 2, -2, 3, -3], 2) == [1, -1, 2, -2, 3] # output: list index out of range

RESPONSE:
{
    "reason": "The implementation failed 4 out of the 7 test cases due to an IndexError.",
    "success": false,
    "critique": "The issue stems from the while loop while current_sum + nums[right] <= target:, which directly accesses nums[right] without checking if right is within the bounds of the list. This results in a runtime error when right goes beyond the list length. To overcome this error, we need to add a bounds check for the right variable in the mentioned while loop. We can modify the loop condition to while right < len(nums) and current_sum + nums[right] <= target:. This change will ensure that we only access elements within the bounds of the list, thus avoiding the IndexError."
}


END OF EXAMPLES

INFO - [Task id] 4 [prompt] [Task]:
Write a Python function that takes a list of integers and returns a list of all unique pairs (as tuples) that sum up to a given target integer. The pairs should be sorted in ascending order, and each pair should be sorted as well.
[Context]: 
 Rough plan to accomplish the task (can be wrong): 
Answer: To accomplish the task of finding all unique pairs of integers from a list that sum up to a given target integer, you can follow these conceptual steps:

1. **Initialize a Set for Unique Pairs**: Use a set to store the pairs. This will help ensure that each pair is unique and will automatically handle duplicates.

2. **Iterate Through the List**: Use a loop to go through each integer in the list. For each integer, calculate the complement that would sum with it to reach the target (i.e., `complement = target - current_integer`).

3. **Check for the Complement**: For each integer, check if the complement exists in the list. To efficiently check for existence, you can use a set or a dictionary.

4. **Store Pairs in Sorted Order**: When you find a valid pair (the current integer and its complement), create a tuple of the two integers, ensuring they are in ascending order (i.e., `(min(current_integer, complement), max(current_integer, complement))`).

5. **Add to the Set**: Add the sorted tuple to the set of unique pairs.

6. **Convert to List and Sort**: After iterating through the list, convert the set of pairs to a list and sort it to ensure the pairs are in ascending order.

7. **Return the Result**: Finally, return the sorted list of unique pairs.

Here is a conceptual outline of the function:

```python
def find_unique_pairs(nums, target):
    unique_pairs = set()
    num_set = set(nums)  # To check for existence efficiently

    for num in nums:
        complement = target - num
        if complement in num_set:
            # Create a sorted tuple
            pair = (min(num, complement), max(num, complement))
            unique_pairs.add(pair)

    # Convert the set to a sorted list
    return sorted(list(unique_pairs))
```

This function will return a list of unique pairs that sum to the target, with each pair sorted and the overall list sorted as well.


[function impl]:


def find_pairs_with_sum(nums, target):
    unique_pairs = set()
    num_set = set(nums)
    for num in nums:
        complement = (target - num)
        if (complement in num_set):
            pair = (min(num, complement), max(num, complement))
            unique_pairs.add(pair)
    return sorted(list(unique_pairs))

[unit test results]:
Tests passed:
assert find_pairs_with_sum([1, 2, 3, 4, 5], 5) == [(1, 4), (2, 3)]

Tests failed:
assert find_pairs_with_sum([1, 1, 2, 3, 4], 4) == [(1, 3)] # output: [(1, 3), (2, 2)]
assert find_pairs_with_sum([0, -1, 2, -3, 1], -2) == [(-3, 1)] # output: [(-3, 1), (-1, -1)]

INFO - [Task id] 4 [generation text] 
INFO - {
    "reasoning": "The function implementation fails to account for the fact that a number can pair with itself to form a valid pair only if it appears at least twice in the list. This is why the test case with input [1, 1, 2, 3, 4] and target 4 incorrectly includes the pair (2, 2). Similarly, the test case [0, -1, 2, -3, 1] and target -2 incorrectly includes the pair (-1, -1). The function currently checks if the complement exists in the set of numbers, but it does not verify if the number and its complement are distinct or if the number appears more than once when pairing with itself.",
    "success": false,
    "critique": "To fix the issue, modify the implementation to ensure that a number can only pair with itself if it appears at least twice in the list. This can be done by using a dictionary to count occurrences of each number. When checking for pairs, ensure that if the number is equal to its complement, it appears at least twice in the list. This will prevent incorrect pairs from being added to the result."
}
INFO - {
    "reasoning": "The function implementation fails to account for the fact that a number can pair with itself to form a valid pair only if it appears at least twice in the list. This is why the test case with input [1, 1, 2, 3, 4] and target 4 incorrectly includes the pair (2, 2). Similarly, the test case [0, -1, 2, -3, 1] and target -2 incorrectly includes the pair (-1, -1). The function currently checks if the complement exists in the set of numbers, but it does not verify if the number and its complement are distinct or if the number appears more than once when pairing with itself.",
    "success": false,
    "critique": "To fix the issue, modify the implementation to ensure that a number can only pair with itself if it appears at least twice in the list. This can be done by using a dictionary to count occurrences of each number. When checking for pairs, ensure that if the number is equal to its complement, it appears at least twice in the list. This will prevent incorrect pairs from being added to the result."
}
INFO - [35m Rollout attempt 2/4[0m
INFO - [33m Retrieving 4 entries for db: skill 
 [0m
INFO - [33m filter_even_numbers, first_non_repeating_char, count_string_occurrences, group_strings_by_length[0m
INFO - LM call n parse attempt 1 / 3

INFO - [Task id] 4 [prompt] You are a helpful assistant that writes python code to solve a task specified by me.

Here are some useful functions written earlier which you can reuse or reference.


[Entry]:


    def filter_even_numbers(input_list):
        even_numbers = []
        for number in input_list:
            if ((number % 2) == 0):
                even_numbers.append(number)
        return even_numbers

[/Entry]

[Entry]:


    def first_non_repeating_char(s):
        char_count = {}
        for char in s:
            char_count[char] = (char_count.get(char, 0) + 1)
        for char in s:
            if (char_count[char] == 1):
                return char
        return None

[/Entry]

[Entry]:


    def count_string_occurrences(string_list):
        count_dict = {}
        for string in string_list:
            if (string in count_dict):
                count_dict[string] += 1
            else:
                count_dict[string] = 1
        return count_dict

[/Entry]

[Entry]:


    def group_strings_by_length(strings):
        length_dict = {}
        for string in strings:
            length = len(string)
            if (length in length_dict):
                length_dict[length].append(string)
            else:
                length_dict[length] = [string]
        return length_dict

[/Entry]






At each round of conversation, I will give you
[Environment feedback] (after executing code) ...
[Code from the last round] ...
[Task] ...
[Context] ...
[Critique] ...

You should then respond to me with
Explain (if applicable): Are there any steps missing in your plan? Why does the code not complete the task? What does the chat log and execution error imply?
Plan: How to complete the task step by step. 
Code:
    1) Reuse or reference the above useful programs if necessary.
    2) Your function will be reused for building more complex functions. Therefore, you should make it generic and reusable. 
    3) Functions in the "Code from the last round" section will not be saved or executed. Do not reuse functions listed there.
    4) Anything defined outside a function will be ignored, define all your variables inside your functions.
    5) Do not write infinite loops.
    6) If the task specifies a function name to be used, follow it strictly (be case sensitive!). Else, name your function in a meaningful way (can infer the task from the name).
    7) Your code should only contain elements that solve the task, so DO NOT write any assert statements / tests
    8) The context in the [Context] tag serves as a casual tip (which can be wrong) to help you on the task, but your priority is to follow instructions in the [Task] tag.

You should only respond in the format as described below:
RESPONSE FORMAT:

Explain: ...
Plan:
1) ...
2) ...
3) ...
...
Code:
```python
# helper functions (only if needed, try to avoid them)
...
# main function after the helper functions
def yourMainFunctionName(args):
  # ...

```


INFO - [Task id] 4 [prompt] [Environment feedback]
Tests passed:
assert find_pairs_with_sum([1, 2, 3, 4, 5], 5) == [(1, 4), (2, 3)]

Tests failed:
assert find_pairs_with_sum([1, 1, 2, 3, 4], 4) == [(1, 3)] # output: [(1, 3), (2, 2)]
assert find_pairs_with_sum([0, -1, 2, -3, 1], -2) == [(-3, 1)] # output: [(-3, 1), (-1, -1)]

[Code from the last round]


def find_pairs_with_sum(nums, target):
    unique_pairs = set()
    num_set = set(nums)
    for num in nums:
        complement = (target - num)
        if (complement in num_set):
            pair = (min(num, complement), max(num, complement))
            unique_pairs.add(pair)
    return sorted(list(unique_pairs))


[Task]
Write a Python function that takes a list of integers and returns a list of all unique pairs (as tuples) that sum up to a given target integer. The pairs should be sorted in ascending order, and each pair should be sorted as well.
You must strictly follow the function name: find_pairs_with_sum

[Context]
Rough plan to accomplish the task (can be wrong): 
Answer: To accomplish the task of finding all unique pairs of integers from a list that sum up to a given target integer, you can follow these conceptual steps:

1. **Initialize a Set for Unique Pairs**: Use a set to store the pairs. This will help ensure that each pair is unique and will automatically handle duplicates.

2. **Iterate Through the List**: Use a loop to go through each integer in the list. For each integer, calculate the complement that would sum with it to reach the target (i.e., `complement = target - current_integer`).

3. **Check for the Complement**: For each integer, check if the complement exists in the list. To efficiently check for existence, you can use a set or a dictionary.

4. **Store Pairs in Sorted Order**: When you find a valid pair (the current integer and its complement), create a tuple of the two integers, ensuring they are in ascending order (i.e., `(min(current_integer, complement), max(current_integer, complement))`).

5. **Add to the Set**: Add the sorted tuple to the set of unique pairs.

6. **Convert to List and Sort**: After iterating through the list, convert the set of pairs to a list and sort it to ensure the pairs are in ascending order.

7. **Return the Result**: Finally, return the sorted list of unique pairs.

Here is a conceptual outline of the function:

```python
def find_unique_pairs(nums, target):
    unique_pairs = set()
    num_set = set(nums)  # To check for existence efficiently

    for num in nums:
        complement = target - num
        if complement in num_set:
            # Create a sorted tuple
            pair = (min(num, complement), max(num, complement))
            unique_pairs.add(pair)

    # Convert the set to a sorted list
    return sorted(list(unique_pairs))
```

This function will return a list of unique pairs that sum to the target, with each pair sorted and the overall list sorted as well.


[Critique]
To fix the issue, modify the implementation to ensure that a number can only pair with itself if it appears at least twice in the list. This can be done by using a dictionary to count occurrences of each number. When checking for pairs, ensure that if the number is equal to its complement, it appears at least twice in the list. This will prevent incorrect pairs from being added to the result.


INFO - [Task id] 4 [generation text] Explain: The current implementation incorrectly includes pairs where a number pairs with itself, even if it appears only once in the list. To fix this, we need to ensure that a number can only pair with itself if it appears at least twice. We can achieve this by using a dictionary to count occurrences of each number and checking these counts when forming pairs.

Plan:
1. Create a dictionary to count occurrences of each number in the list.
2. Initialize a set to store unique pairs.
3. Iterate through the list of numbers.
4. For each number, calculate its complement needed to reach the target sum.
5. Check if the complement exists in the dictionary:
   - If the number is equal to its complement, ensure it appears at least twice.
   - Otherwise, ensure the complement exists.
6. If a valid pair is found, add it to the set in sorted order.
7. Convert the set of pairs to a sorted list and return it.

Code:
```python
def find_pairs_with_sum(nums, target):
    from collections import Counter
    
    # Count occurrences of each number
    num_count = Counter(nums)
    unique_pairs = set()
    
    for num in nums:
        complement = target - num
        # Check if the complement exists
        if complement in num_count:
            # If num is the same as complement, ensure it appears at least twice
            if num == complement and num_count[num] < 2:
                continue
            # Add the pair in sorted order
            pair = (min(num, complement), max(num, complement))
            unique_pairs.add(pair)
    
    # Convert the set to a sorted list
    return sorted(list(unique_pairs))
```
INFO - program_code:
 from collections import Counter

def find_pairs_with_sum(nums, target):
    from collections import Counter
    num_count = Counter(nums)
    unique_pairs = set()
    for num in nums:
        complement = (target - num)
        if (complement in num_count):
            if ((num == complement) and (num_count[num] < 2)):
                continue
            pair = (min(num, complement), max(num, complement))
            unique_pairs.add(pair)
    return sorted(list(unique_pairs))


INFO - program_name:
 find_pairs_with_sum

INFO - dependencies:
 []

INFO - raw_msg:
 Explain: The current implementation incorrectly includes pairs where a number pairs with itself, even if it appears only once in the list. To fix this, we need to ensure that a number can only pair with itself if it appears at least twice. We can achieve this by using a dictionary to count occurrences of each number and checking these counts when forming pairs.

Plan:
1. Create a dictionary to count occurrences of each number in the list.
2. Initialize a set to store unique pairs.
3. Iterate through the list of numbers.
4. For each number, calculate its complement needed to reach the target sum.
5. Check if the complement exists in the dictionary:
   - If the number is equal to its complement, ensure it appears at least twice.
   - Otherwise, ensure the complement exists.
6. If a valid pair is found, add it to the set in sorted order.
7. Convert the set of pairs to a sorted list and return it.

Code:
```python
def find_pairs_with_sum(nums, target):
    from collections import Counter
    
    # Count occurrences of each number
    num_count = Counter(nums)
    unique_pairs = set()
    
    for num in nums:
        complement = target - num
        # Check if the complement exists
        if complement in num_count:
            # If num is the same as complement, ensure it appears at least twice
            if num == complement and num_count[num] < 2:
                continue
            # Add the pair in sorted order
            pair = (min(num, complement), max(num, complement))
            unique_pairs.add(pair)
    
    # Convert the set to a sorted list
    return sorted(list(unique_pairs))
```

INFO - no_parent:
 True

INFO - full code to be executed: 
 from collections import Counter

def find_pairs_with_sum(nums, target):
    from collections import Counter
    num_count = Counter(nums)
    unique_pairs = set()
    for num in nums:
        complement = (target - num)
        if (complement in num_count):
            if ((num == complement) and (num_count[num] < 2)):
                continue
            pair = (min(num, complement), max(num, complement))
            unique_pairs.add(pair)
    return sorted(list(unique_pairs))


INFO - obs: Tests passed:
assert find_pairs_with_sum([1, 2, 3, 4, 5], 5) == [(1, 4), (2, 3)]
assert find_pairs_with_sum([1, 1, 2, 3, 4], 4) == [(1, 3)]
assert find_pairs_with_sum([0, -1, 2, -3, 1], -2) == [(-3, 1)]

Tests failed:
None
reward: True
done: None
info: {'individual_results': (True, True, True)}
INFO - LM call n parse attempt 1 / 5

INFO - [Task id] 4 [prompt] 
You are a Python programming assistant that assesses my progress of Python programming and provides useful guidance.

I will give you the following information:

[Task]: The objective I need to accomplish.
[Context]: The context of the task. Serves as a casual tip (which can be wrong) to help me on the task, but my priority is to follow instructions in the Task tag.
[function impl]: My function implementation that is intended to complete the task
[unit test results]: The results after executing my function implementation on the unit tests

Your first goal is to use these info to evaluate if I have met the task requirements, and explain why. 
It is possible that the unit test results all pass, but the code does not accomplish the task (eg by failing to accomplish the task in scenarios not covered by the unit tests)
It is also possible that the unit tests are wrong in the first place, though the code accomplishes the task and fails the unit test.

If I have not met the task requirements, write a few sentences to explain why the function implementation is wrong as indicated by the tests. 
You will need this as guidance when you try again later.
Only provide the few sentence description in your answer, not the implementation. 
Suggest how the function implementation can be changed, NOT the test cases (assert statements)

You should only respond in JSON format as described below:
The output should be formatted as a JSON instance that conforms to the JSON schema below.

As an example, for the schema {"properties": {"foo": {"title": "Foo", "description": "a list of strings", "type": "array", "items": {"type": "string"}}}, "required": ["foo"]}
the object {"foo": ["bar", "baz"]} is a well-formatted instance of the schema. The object {"properties": {"foo": ["bar", "baz"]}} is not well-formatted.

Here is the output schema:
```
{"description": "Represents the critique of a task attempt, including reasoning, success status, and suggestions for improvement.\n\nAttributes:\n    reasoning (str): Explanation of why the task was succeeded or failed.\n    success (bool): Indicates whether the task requirements were met.\n    critique (str): Suggestions or critique to help improve future task attempts.", "properties": {"reasoning": {"description": "reason why I have succeeded or failed at the task", "title": "Reasoning", "type": "string"}, "success": {"description": "evaluate if I have met the task requirements", "title": "Success", "type": "boolean"}, "critique": {"description": "critique to help me improve", "title": "Critique", "type": "string"}}, "required": ["reasoning", "success", "critique"]}
```

INFO - [Task id] 4 [prompt] 
Here are some examples:

Example 1:
[function impl]:
```python
def longest_subarray_with_sum_limit(nums: List[int], target: int) -> List[int]:
    n = len(nums)
    left, right = 0, 0
    max_length = 0
    current_sum = 0
    result = []
    while right < n:
        current_sum += nums[right]
        while current_sum > target:
            current_sum -= nums[left]
            left += 1
        if right - left + 1 >= max_length:
            max_length = right - left + 1
            result = nums[left:right+1]
        right += 1
    return result
```
[unit test results]:
Tests passing:
assert longest_subarray_with_sum_limit([1, 2, 3, 4, 5], 8) == [1, 2, 3]
assert longest_subarray_with_sum_limit([1, 2, 3, 4, 5], 15) == [1, 2, 3, 4, 5]
assert longest_subarray_with_sum_limit([1, -1, 2, -2, 3, -3], 2) == [1, -1, 2, -2, 3]
assert longest_subarray_with_sum_limit([], 10) == []
assert longest_subarray_with_sum_limit([], 0) == []
assert longest_subarray_with_sum_limit([], -5) == []  
Tests failing:
assert longest_subarray_with_sum_limit([5, 6, 7, 8, 9], 4) == [] # output: [5]

RESPONSE:
{
    "reasoning": "The implementation failed the test case where no subarray fulfills the condition",
    "success": false,
    "critique": "The issue in the implementation is due to the use of >= instead of > in the condition to update the result. Because of this, it returns a subarray even when the sum is greater than the target, as it still updates the result when the current subarray length is equal to the previous longest subarray length. To overcome this error, we should change the condition to only update the result when the current subarray length is strictly greater than the previous longest subarray length. This can be done by replacing >= with > in the condition."
}


Example 2:
[function impl]:
```python
def longest_subarray_with_sum_limit(nums: List[int], target: int) -> List[int]:
    n = len(nums)
    left, right = 0, 0
    max_length = 0
    current_sum = 0
    result = []
    while current_sum + nums[right] <= target:
        current_sum += nums[right]
        right += 1
    while right < n:
        current_sum += nums[right]
        while current_sum > target:
            current_sum -= nums[left]
            left += 1
        if right - left + 1 > max_length:
            max_length = right - left + 1
            result = nums[left:right+1]
        right += 1
    return result
```
[unit test results]:
Tests passing:
assert longest_subarray_with_sum_limit([], 10) == []
assert longest_subarray_with_sum_limit([], 0) == []
assert longest_subarray_with_sum_limit([], -5) == []
Tests failing:
assert longest_subarray_with_sum_limit([1, 2, 3, 4, 5], 8) == [1, 2, 3] # output: list index out of range
assert longest_subarray_with_sum_limit([1, 2, 3, 4, 5], 15) == [1, 2, 3, 4, 5] # output: list index out of range
assert longest_subarray_with_sum_limit([5, 6, 7, 8, 9], 4) == [] # output: list index out of range
assert longest_subarray_with_sum_limit([1, -1, 2, -2, 3, -3], 2) == [1, -1, 2, -2, 3] # output: list index out of range

RESPONSE:
{
    "reason": "The implementation failed 4 out of the 7 test cases due to an IndexError.",
    "success": false,
    "critique": "The issue stems from the while loop while current_sum + nums[right] <= target:, which directly accesses nums[right] without checking if right is within the bounds of the list. This results in a runtime error when right goes beyond the list length. To overcome this error, we need to add a bounds check for the right variable in the mentioned while loop. We can modify the loop condition to while right < len(nums) and current_sum + nums[right] <= target:. This change will ensure that we only access elements within the bounds of the list, thus avoiding the IndexError."
}


END OF EXAMPLES

INFO - [Task id] 4 [prompt] [Task]:
Write a Python function that takes a list of integers and returns a list of all unique pairs (as tuples) that sum up to a given target integer. The pairs should be sorted in ascending order, and each pair should be sorted as well.
[Context]: 
 Rough plan to accomplish the task (can be wrong): 
Answer: To accomplish the task of finding all unique pairs of integers from a list that sum up to a given target integer, you can follow these conceptual steps:

1. **Initialize a Set for Unique Pairs**: Use a set to store the pairs. This will help ensure that each pair is unique and will automatically handle duplicates.

2. **Iterate Through the List**: Use a loop to go through each integer in the list. For each integer, calculate the complement that would sum with it to reach the target (i.e., `complement = target - current_integer`).

3. **Check for the Complement**: For each integer, check if the complement exists in the list. To efficiently check for existence, you can use a set or a dictionary.

4. **Store Pairs in Sorted Order**: When you find a valid pair (the current integer and its complement), create a tuple of the two integers, ensuring they are in ascending order (i.e., `(min(current_integer, complement), max(current_integer, complement))`).

5. **Add to the Set**: Add the sorted tuple to the set of unique pairs.

6. **Convert to List and Sort**: After iterating through the list, convert the set of pairs to a list and sort it to ensure the pairs are in ascending order.

7. **Return the Result**: Finally, return the sorted list of unique pairs.

Here is a conceptual outline of the function:

```python
def find_unique_pairs(nums, target):
    unique_pairs = set()
    num_set = set(nums)  # To check for existence efficiently

    for num in nums:
        complement = target - num
        if complement in num_set:
            # Create a sorted tuple
            pair = (min(num, complement), max(num, complement))
            unique_pairs.add(pair)

    # Convert the set to a sorted list
    return sorted(list(unique_pairs))
```

This function will return a list of unique pairs that sum to the target, with each pair sorted and the overall list sorted as well.


[function impl]:
from collections import Counter

def find_pairs_with_sum(nums, target):
    from collections import Counter
    num_count = Counter(nums)
    unique_pairs = set()
    for num in nums:
        complement = (target - num)
        if (complement in num_count):
            if ((num == complement) and (num_count[num] < 2)):
                continue
            pair = (min(num, complement), max(num, complement))
            unique_pairs.add(pair)
    return sorted(list(unique_pairs))

[unit test results]:
Tests passed:
assert find_pairs_with_sum([1, 2, 3, 4, 5], 5) == [(1, 4), (2, 3)]
assert find_pairs_with_sum([1, 1, 2, 3, 4], 4) == [(1, 3)]
assert find_pairs_with_sum([0, -1, 2, -3, 1], -2) == [(-3, 1)]

Tests failed:
None

INFO - [Task id] 4 [generation text] 
INFO - {
    "reasoning": "The function implementation correctly identifies unique pairs of integers from the list that sum up to the given target. It uses a set to store pairs, ensuring uniqueness, and checks for the complement of each number in the list. The use of Counter allows handling cases where the same number needs to be used twice (e.g., when the number is half of the target). The function also sorts each pair and the final list of pairs, meeting the task requirements. All provided test cases pass, indicating the function works as expected.",
    "success": true,
    "critique": "The function implementation is correct and meets the task requirements. It efficiently finds and returns unique pairs that sum to the target, with each pair and the list of pairs sorted. No changes are necessary."
}
INFO - {
    "reasoning": "The function implementation correctly identifies unique pairs of integers from the list that sum up to the given target. It uses a set to store pairs, ensuring uniqueness, and checks for the complement of each number in the list. The use of Counter allows handling cases where the same number needs to be used twice (e.g., when the number is half of the target). The function also sorts each pair and the final list of pairs, meeting the task requirements. All provided test cases pass, indicating the function works as expected.",
    "success": true,
    "critique": "The function implementation is correct and meets the task requirements. It efficiently finds and returns unique pairs that sum to the target, with each pair and the list of pairs sorted. No changes are necessary."
}
INFO - [task_id]: 4 [Result]: True
INFO - LM call n parse attempt 1 / 3

INFO - [Task id] 4 [prompt] 
You are a helpful assistant that writes a description of the given function written in the Python programming language.

1) Do not mention the function name.
2) Do not mention anything about helper functions.
3) There might be some helper functions before the main function, but you only need to describe the main function.
4) Try to summarize the function in no more than 6 sentences.
5) Your response should be a single line of text.

INFO - [Task id] 4 [prompt] from collections import Counter

def find_pairs_with_sum(nums, target):
    from collections import Counter
    num_count = Counter(nums)
    unique_pairs = set()
    for num in nums:
        complement = (target - num)
        if (complement in num_count):
            if ((num == complement) and (num_count[num] < 2)):
                continue
            pair = (min(num, complement), max(num, complement))
            unique_pairs.add(pair)
    return sorted(list(unique_pairs))


The main function is `find_pairs_with_sum`.
INFO - [Task id] 4 [generation text] This function takes a list of integers and a target sum as input, and it identifies all unique pairs of numbers from the list that add up to the target sum. It utilizes a counter to keep track of the occurrences of each number in the list. As it iterates through the numbers, it calculates the complement needed to reach the target sum and checks if it exists in the counter. If the number and its complement are the same, it ensures there are at least two occurrences of that number. The pairs are stored in a set to maintain uniqueness and are returned as a sorted list.
INFO - Num Completed Tasks: 5, Num Failed Tasks: 0
