INFO - DB skill doc count: 21

INFO - [train iter]: 23/100 

INFO - LM call n parse attempt 1 / 3

INFO - [Task id] 23 [prompt] 
You are a helpful assistant that asks questions to help me decide the next immediate task to do for Python programming.
My ultimate goal is to solve as many diverse problems as possible and become the best programmer in the world.

I will give you the following information:
Completed tasks so far: ...
Failed tasks that are too hard: ...

You must follow the following criteria:
1) You should ask at least 5 questions (but no more than 10 questions) to help me decide the next immediate task to do. Each question should be followed by the concept that the question is about.
2) Your question should be specific to a concept in Python programming.
  Bad example (the question is too general):
    Question: What is the best way to program in Python?
    Concept: unknown
  Good example:
    Question: How do you reverse a list?
    Concept: list
3) Your questions should be self-contained and not require any context.

Respond in JSON, and follow the keys and expected format of the values strictly.


Response format:
The output should be formatted as a JSON instance that conforms to the JSON schema below.

As an example, for the schema {"properties": {"foo": {"title": "Foo", "description": "a list of strings", "type": "array", "items": {"type": "string"}}}, "required": ["foo"]}
the object {"foo": ["bar", "baz"]} is a well-formatted instance of the schema. The object {"properties": {"foo": ["bar", "baz"]}} is not well-formatted.

Here is the output schema:
```
{"$defs": {"QuestionConcept": {"properties": {"question": {"description": "A question related to Python programming, to help me brainstorm the next immediate task to do", "title": "Question", "type": "string"}, "concept": {"description": "The Python programming concept associated with the question above", "title": "Concept", "type": "string"}}, "required": ["question", "concept"], "title": "QuestionConcept", "type": "object"}}, "properties": {"reasoning": {"description": "Reason out, step-by-step, why you picked these questions and concepts", "title": "Reasoning", "type": "string"}, "question_concept_list": {"description": "list of questions and their associated concepts", "items": {"$ref": "#/$defs/QuestionConcept"}, "title": "Question Concept List", "type": "array"}}, "required": ["reasoning", "question_concept_list"]}
```


INFO - [Task id] 23 [prompt] Completed tasks so far (do not give me these tasks again!): 
	Write a Python function that takes a list of integers and returns a new list containing only the even numbers from the original list.
	Write a Python function that takes a list of strings and returns a dictionary where the keys are the strings and the values are the number of times each string appears in the list.
	Write a Python function that takes a list of strings and returns a dictionary where the keys are the lengths of the strings and the values are lists of strings of that length.
	Write a Python function that takes a string and returns the first non-repeating character in it. If all characters repeat, return None.
	Write a Python function that takes a list of integers and returns a list of all unique pairs (as tuples) that sum up to a given target integer. The pairs should be sorted in ascending order, and each pair should be sorted as well.
	Write a Python function that takes a string and returns the longest substring without repeating characters.
	Write a Python function that takes two lists of integers and returns a list of their common elements. The result should not contain duplicates and should be sorted in ascending order.
	Write a Python function that takes a list of integers and sorts it in ascending order using the bubble sort algorithm. The function should return the sorted list.
	Write a Python function that takes a list of integers and returns a new list with the elements in reverse order.
	Write a Python function that takes a list of integers and returns the greatest common divisor (GCD) of the numbers in the list. Use the Euclidean algorithm to find the GCD.
	Write a Python function that takes a string and returns a new string with all the vowels removed. The function should be case-insensitive, meaning it should remove both uppercase and lowercase vowels.
	Write a Python function that takes two lists of integers and returns a list of integers that are present in both lists, without duplicates. Use set operations to achieve this.
	Write a Python function that takes a list of operations (as strings) and simulates a stack using a list. The operations can be 'push X' to push an integer X onto the stack, 'pop' to remove the top element, and 'peek' to return the top element without removing it. The function should return a list of results from the 'pop' and 'peek' operations.
	Write a Python function that takes two lists of integers and returns a list of integers that are present in either of the lists but not in both. The result should not contain duplicates and should be sorted in ascending order.
	Write a Python function that takes a list of integers and returns a dictionary where the keys are the integers and the values are the number of times each integer appears in the list. This will help practice using dictionaries for counting occurrences.
	Write a Python function that takes an integer n and returns a list of all prime numbers less than n. This will help you practice loops, conditionals, and understanding of prime numbers.
	Write a Python function that takes a string and a pattern (both strings) and returns True if the pattern is found in the string, and False otherwise. The function should perform a simple substring search.
	Write a Python function that calculates the factorial of a given non-negative integer using recursion. The function should return the factorial value.
	Write a Python function that takes a list of integers and returns the index of the first occurrence of the maximum value in the list. If the list is empty, return -1.
	Write a Python function that takes a list of integers and returns a list of the k largest elements in descending order. Use a min-heap to efficiently find the k largest elements.
	Write a Python function that takes a list of integers and returns a list of all integers that appear more than once in the list. The result should not contain duplicates and should be sorted in ascending order.

Failed tasks that are too hard: 
	Write a Python function that implements a queue using a list. The function should support enqueue (add an item to the end of the queue), dequeue (remove an item from the front of the queue), and is_empty (check if the queue is empty) operations. The function should return a tuple of results from these operations for testing purposes.
	Write a Python function that simulates a stack using a list. The function should support 'push' (add an item to the top of the stack), 'pop' (remove the item from the top of the stack), and 'peek' (return the item at the top of the stack without removing it) operations. The function should return a list of results from the 'pop' and 'peek' operations for testing purposes.


INFO - [Task id] 23 [generation text] 
INFO - {
    "reasoning": "I selected these questions to cover a range of Python concepts that you haven't tackled yet, including data structures, algorithms, and string manipulation. This will help you diversify your skills and tackle different types of problems. The questions also vary in difficulty, allowing you to choose based on your comfort level.",
    "question_concept_list": [
        {
            "question": "How do you implement a binary search algorithm in Python?",
            "concept": "algorithm"
        },
        {
            "question": "What is the difference between a list and a tuple in Python?",
            "concept": "data structure"
        },
        {
            "question": "How can you merge two dictionaries in Python?",
            "concept": "dictionary"
        },
        {
            "question": "What is a lambda function and how do you use it in Python?",
            "concept": "function"
        },
        {
            "question": "How do you read and write files in Python?",
            "concept": "file handling"
        }
    ]
}
INFO - {
    "reasoning": "I selected these questions to cover a range of Python concepts that you haven't tackled yet, including data structures, algorithms, and string manipulation. This will help you diversify your skills and tackle different types of problems. The questions also vary in difficulty, allowing you to choose based on your comfort level.",
    "question_concept_list": [
        {
            "question": "How do you implement a binary search algorithm in Python?",
            "concept": "algorithm"
        },
        {
            "question": "What is the difference between a list and a tuple in Python?",
            "concept": "data structure"
        },
        {
            "question": "How can you merge two dictionaries in Python?",
            "concept": "dictionary"
        },
        {
            "question": "What is a lambda function and how do you use it in Python?",
            "concept": "function"
        },
        {
            "question": "How do you read and write files in Python?",
            "concept": "file handling"
        }
    ]
}
INFO - LM call n parse attempt 1 / 5

INFO - [Task id] 23 [prompt] 
You are a helpful assistant that tells me the next immediate task (in the form of a function) to do for Python programming. 
My ultimate goal is to solve as many diverse problems as possible and become the best programmer in the world.

I will give you the following information:
Question 1: ...
Answer: ...
Question 2: ...
Answer: ...
Question 3: ...
Answer: ...
...
Completed tasks so far: ...
Failed tasks that are too hard: ...

You must follow the following criteria:
1) You should act as a mentor and guide me to the next task based on my current learning progress. As a rule of thumb, guide me through beginner problems, followed by interview level problems, followed by competitive programming problems. The latter 2 levels can involve concepts from data structures and algorithms.
2) Please be very specific about what skills I need to learn.
3) Do not propose multiple tasks at the same time. Do not mention anything else.
4) The next task should not be too hard since I may not have learned enough skills to complete it yet.
5) The next task should be novel and interesting. I should look for problems which I have not solved yet. I should not be doing the same thing over and over again.
6) The task should involve writing a main Python function that at most use basic libraries (try not to import too many or too advanced modules)
7) Do not give tasks that require file operations (create, read, update, delete) or an internet connection.
8) I am only allowed to write Python functions, so do not require me to write other things (e.g. objects). 
9) Requiring me to write a function that takes in an object and uses object methods is still ok, but I cannot define the objects myself. You must provide the objects as input to my function in the assert statement.

Take note of these in your response:
1) Give an expected function name for the task.
2) Give a tuple of 3 assert statements that tests the function's correctness in the "test_tuple" field. This must strictly contain single-line assert statements only; any setup code for the test must be filled in the "test_setup_code" field.
3) The function name which you gave must be called in the assert statements. 

Respond in JSON, and follow the keys and expected format of the values strictly.


Response format:
The output should be formatted as a JSON instance that conforms to the JSON schema below.

As an example, for the schema {"properties": {"foo": {"title": "Foo", "description": "a list of strings", "type": "array", "items": {"type": "string"}}}, "required": ["foo"]}
the object {"foo": ["bar", "baz"]} is a well-formatted instance of the schema. The object {"properties": {"foo": ["bar", "baz"]}} is not well-formatted.

Here is the output schema:
```
{"properties": {"reasoning": {"description": "Based on the information listed above, reason about what the next task should be.", "title": "Reasoning", "type": "string"}, "task": {"description": "The next task, which requires me to write a single function. Be sure to state the expected data structure for inputs and outputs.", "title": "Task", "type": "string"}, "gt_fn_name": {"description": "The expected name for the single function for the task", "title": "Gt Fn Name", "type": "string"}, "test_setup_code": {"description": "setup code, if required. This will be run just before the assert statements are executed.", "title": "Test Setup Code", "type": "string"}, "test_tuple": {"description": "Tuple of 3 SINGLE-LINE test cases that starts with 'assert' to test the function's correctness.Any extra required code should be written in the test_setup_code field.", "items": {"type": "string"}, "maxItems": 3, "minItems": 3, "prefixItems": [{"type": "string"}, {"type": "string"}, {"type": "string"}], "title": "Test Tuple", "type": "array"}}, "required": ["reasoning", "task", "gt_fn_name", "test_setup_code", "test_tuple"]}
```


INFO - [Task id] 23 [prompt] 
Here's an example response:
{
    "reasoning": "The student has shown proficiency in basic Python syntax and list manipulation, but struggles with problems involving more complex algorithms and data structures. This task will help them practice using sets or dictionaries for efficient lookups, and understand the concept of algorithmic complexity.",
    "task": "Write a Python function that takes a list of integers and returns the tuple of two numbers that sum up to zero. If no such pair exists, return None.",
    "gt_fn_name": "find_zero_sum",
    "test_setup_code": "",
    "test_tuple": [
        "assert find_zero_sum([1, 2, 3, -2, -1]) == (2, -2)",
        "assert find_zero_sum([1, 2, 3, 4, 5]) == None",
        "assert find_zero_sum([1, 4, 3, -4, -1]) == (4, -4)"
    ]
}

INFO - [Task id] 23 [prompt] Question 1: How do you implement a binary search algorithm in Python?
Answer: To implement a binary search algorithm in Python, you can use either an iterative or a recursive approach. Below are examples of both methods.

### Iterative Approach

```python
def binary_search_iterative(arr, target):
    left, right = 0, len(arr) - 1
    
    while left <= right:
        mid = left + (right - left) // 2  # To prevent overflow
        
        if arr[mid] == target:
            return mid  # Target found
        elif arr[mid] < target:
            left = mid + 1  # Search in the right half
        else:
            right = mid - 1  # Search in the left half
            
    return -1  # Target not found
```

### Recursive Approach

```python
def binary_search_recursive(arr, target, left, right):
    if left > right:
        return -1  # Target not found
    
    mid = left + (right - left) // 2  # To prevent overflow
    
    if arr[mid] == target:
        return mid  # Target found
    elif arr[mid] < target:
        return binary_search_recursive(arr, target, mid + 1, right)  # Search in the right half
    else:
        return binary_search_recursive(arr, target, left, mid - 1)  # Search in the left half

# To use the recursive function, call it like this:
# result = binary_search_recursive(arr, target, 0, len(arr) - 1)
```

### Usage Example

```python
arr = [1, 2, 3, 4, 5, 6, 7, 8, 9]
target = 5

# Using iterative approach
result_iterative = binary_search_iterative(arr, target)
print("Iterative result:", result_iterative)

# Using recursive approach
result_recursive = binary_search_recursive(arr, target, 0, len(arr) - 1)
print("Recursive result:", result_recursive)
```

### Note
- The array must be sorted for binary search to work correctly.
- The function returns the index of the target if found, or -1 if the target is not in the array.

Question 2: What is the difference between a list and a tuple in Python?
Answer: The main differences between a list and a tuple in Python are:

1. **Mutability**: Lists are mutable, meaning you can change their content (add, remove, or modify elements) after they are created. Tuples, on the other hand, are immutable, which means once a tuple is created, you cannot change its content.

2. **Syntax**: Lists are defined using square brackets `[]`, while tuples are defined using parentheses `()`.

3. **Performance**: Tuples can be slightly more memory-efficient and faster than lists for certain operations because of their immutability.

4. **Use Cases**: Lists are generally used for collections of items that may need to be modified, while tuples are often used for fixed collections of items, such as coordinates or records, where the data should not change.

Example:
```python
# List
my_list = [1, 2, 3]
my_list.append(4)  # This is allowed

# Tuple
my_tuple = (1, 2, 3)
# my_tuple.append(4)  # This would raise an AttributeError
```

In summary, choose lists when you need a mutable sequence and tuples when you need an immutable sequence.

Question 3: How do you merge two dictionaries in Python?
Answer: You can merge two dictionaries in Python using several methods. Here are a few common ways:

1. **Using the `update()` method**:
   ```python
   dict1 = {'a': 1, 'b': 2}
   dict2 = {'b': 3, 'c': 4}
   dict1.update(dict2)
   # dict1 is now {'a': 1, 'b': 3, 'c': 4}
   ```

2. **Using the `**` unpacking operator (Python 3.5+)**:
   ```python
   dict1 = {'a': 1, 'b': 2}
   dict2 = {'b': 3, 'c': 4}
   merged_dict = {**dict1, **dict2}
   # merged_dict is {'a': 1, 'b': 3, 'c': 4}
   ```

3. **Using the `|` operator (Python 3.9+)**:
   ```python
   dict1 = {'a': 1, 'b': 2}
   dict2 = {'b': 3, 'c': 4}
   merged_dict = dict1 | dict2
   # merged_dict is {'a': 1, 'b': 3, 'c': 4}
   ```

4. **Using dictionary comprehension**:
   ```python
   dict1 = {'a': 1, 'b': 2}
   dict2 = {'b': 3, 'c': 4}
   merged_dict = {k: v for d in (dict1, dict2) for k, v in d.items()}
   # merged_dict is {'a': 1, 'b': 3, 'c': 4}
   ```

Choose the method that best fits your needs based on the version of Python you are using and your specific requirements.

Question 4: What is a lambda function and how do you use it in Python?
Answer: A lambda function in Python is a small anonymous function defined using the `lambda` keyword. It can take any number of arguments but can only have one expression. The expression is evaluated and returned when the lambda function is called.

The syntax for a lambda function is:
```python
lambda arguments: expression
```

You can use lambda functions in various contexts, such as when you need a simple function for a short period of time, often as an argument to higher-order functions like `map()`, `filter()`, and `sorted()`.

Here are a few examples of how to use lambda functions:

1. **Basic usage**:
   ```python
   add = lambda x, y: x + y
   print(add(2, 3))  # Output: 5
   ```

2. **Using with `map()`**:
   ```python
   numbers = [1, 2, 3, 4]
   squared = list(map(lambda x: x ** 2, numbers))
   print(squared)  # Output: [1, 4, 9, 16]
   ```

3. **Using with `filter()`**:
   ```python
   numbers = [1, 2, 3, 4, 5]
   even_numbers = list(filter(lambda x: x % 2 == 0, numbers))
   print(even_numbers)  # Output: [2, 4]
   ```

4. **Using with `sorted()`**:
   ```python
   points = [(1, 2), (3, 1), (5, 0)]
   sorted_points = sorted(points, key=lambda point: point[1])
   print(sorted_points)  # Output: [(5, 0), (3, 1), (1, 2)]
   ```

Lambda functions are useful for creating quick, throwaway functions without the need to formally define them using `def`. However, for more complex functions, it's generally better to use the `def` keyword for clarity and maintainability.

Question 5: How do you read and write files in Python?
Answer: In Python, you can read and write files using the built-in `open()` function. Here’s a basic overview of how to do both:

### Reading a File
To read a file, you can use the following code:

```python
# Open the file in read mode
with open('filename.txt', 'r') as file:
    content = file.read()  # Read the entire file
    print(content)  # Print the content of the file
```

You can also read the file line by line:

```python
with open('filename.txt', 'r') as file:
    for line in file:
        print(line.strip())  # Print each line without extra newline characters
```

### Writing to a File
To write to a file, you can use the following code:

```python
# Open the file in write mode (this will overwrite the file if it exists)
with open('filename.txt', 'w') as file:
    file.write('Hello, World!\n')  # Write a string to the file
```

If you want to append to a file instead of overwriting it, you can use the append mode:

```python
with open('filename.txt', 'a') as file:
    file.write('Appending this line.\n')  # Append a string to the file
```

### Important Notes
- Always use the `with` statement when opening files. This ensures that the file is properly closed after its suite finishes, even if an error is raised.
- The modes you can use with `open()` include:
  - `'r'`: Read (default mode)
  - `'w'`: Write (overwrites the file)
  - `'a'`: Append
  - `'b'`: Binary mode (e.g., `'rb'` or `'wb'` for binary files)
  - `'x'`: Exclusive creation (fails if the file already exists)

This should give you a good starting point for reading and writing files in Python!

Completed tasks so far (do not give me these tasks again!): 
	Write a Python function that takes a list of integers and returns a new list containing only the even numbers from the original list.
	Write a Python function that takes a list of strings and returns a dictionary where the keys are the strings and the values are the number of times each string appears in the list.
	Write a Python function that takes a list of strings and returns a dictionary where the keys are the lengths of the strings and the values are lists of strings of that length.
	Write a Python function that takes a string and returns the first non-repeating character in it. If all characters repeat, return None.
	Write a Python function that takes a list of integers and returns a list of all unique pairs (as tuples) that sum up to a given target integer. The pairs should be sorted in ascending order, and each pair should be sorted as well.
	Write a Python function that takes a string and returns the longest substring without repeating characters.
	Write a Python function that takes two lists of integers and returns a list of their common elements. The result should not contain duplicates and should be sorted in ascending order.
	Write a Python function that takes a list of integers and sorts it in ascending order using the bubble sort algorithm. The function should return the sorted list.
	Write a Python function that takes a list of integers and returns a new list with the elements in reverse order.
	Write a Python function that takes a list of integers and returns the greatest common divisor (GCD) of the numbers in the list. Use the Euclidean algorithm to find the GCD.
	Write a Python function that takes a string and returns a new string with all the vowels removed. The function should be case-insensitive, meaning it should remove both uppercase and lowercase vowels.
	Write a Python function that takes two lists of integers and returns a list of integers that are present in both lists, without duplicates. Use set operations to achieve this.
	Write a Python function that takes a list of operations (as strings) and simulates a stack using a list. The operations can be 'push X' to push an integer X onto the stack, 'pop' to remove the top element, and 'peek' to return the top element without removing it. The function should return a list of results from the 'pop' and 'peek' operations.
	Write a Python function that takes two lists of integers and returns a list of integers that are present in either of the lists but not in both. The result should not contain duplicates and should be sorted in ascending order.
	Write a Python function that takes a list of integers and returns a dictionary where the keys are the integers and the values are the number of times each integer appears in the list. This will help practice using dictionaries for counting occurrences.
	Write a Python function that takes an integer n and returns a list of all prime numbers less than n. This will help you practice loops, conditionals, and understanding of prime numbers.
	Write a Python function that takes a string and a pattern (both strings) and returns True if the pattern is found in the string, and False otherwise. The function should perform a simple substring search.
	Write a Python function that calculates the factorial of a given non-negative integer using recursion. The function should return the factorial value.
	Write a Python function that takes a list of integers and returns the index of the first occurrence of the maximum value in the list. If the list is empty, return -1.
	Write a Python function that takes a list of integers and returns a list of the k largest elements in descending order. Use a min-heap to efficiently find the k largest elements.
	Write a Python function that takes a list of integers and returns a list of all integers that appear more than once in the list. The result should not contain duplicates and should be sorted in ascending order.

Failed tasks that are too hard: 
	Write a Python function that implements a queue using a list. The function should support enqueue (add an item to the end of the queue), dequeue (remove an item from the front of the queue), and is_empty (check if the queue is empty) operations. The function should return a tuple of results from these operations for testing purposes.
	Write a Python function that simulates a stack using a list. The function should support 'push' (add an item to the top of the stack), 'pop' (remove the item from the top of the stack), and 'peek' (return the item at the top of the stack without removing it) operations. The function should return a list of results from the 'pop' and 'peek' operations for testing purposes.


INFO - [Task id] 23 [generation text] 
INFO - {
    "reasoning": "The student has demonstrated a solid understanding of basic Python concepts, including list manipulation, dictionary operations, and basic algorithms like sorting and searching. They have also worked with sets and recursion. Given their progress, it's time to introduce them to a slightly more advanced algorithmic problem that involves understanding and implementing a classic algorithm. The task should be novel and interesting, and it should help them practice algorithmic thinking and problem-solving skills.",
    "task": "Write a Python function that takes a list of integers and returns the list sorted in ascending order using the quicksort algorithm. This will help you practice implementing a classic sorting algorithm and understanding its recursive nature.",
    "gt_fn_name": "quicksort",
    "test_setup_code": "",
    "test_tuple": [
        "assert quicksort([3, 6, 8, 10, 1, 2, 1]) == [1, 1, 2, 3, 6, 8, 10]",
        "assert quicksort([1, 4, 3, 9, 7, 6, 2]) == [1, 2, 3, 4, 6, 7, 9]",
        "assert quicksort([]) == []"
    ]
}
INFO - {
    "reasoning": "The student has demonstrated a solid understanding of basic Python concepts, including list manipulation, dictionary operations, and basic algorithms like sorting and searching. They have also worked with sets and recursion. Given their progress, it's time to introduce them to a slightly more advanced algorithmic problem that involves understanding and implementing a classic algorithm. The task should be novel and interesting, and it should help them practice algorithmic thinking and problem-solving skills.",
    "task": "Write a Python function that takes a list of integers and returns the list sorted in ascending order using the quicksort algorithm. This will help you practice implementing a classic sorting algorithm and understanding its recursive nature.",
    "gt_fn_name": "quicksort",
    "test_setup_code": "",
    "test_tuple": [
        "assert quicksort([3, 6, 8, 10, 1, 2, 1]) == [1, 1, 2, 3, 6, 8, 10]",
        "assert quicksort([1, 4, 3, 9, 7, 6, 2]) == [1, 2, 3, 4, 6, 7, 9]",
        "assert quicksort([]) == []"
    ]
}
INFO - The task prompt is Write a Python function that takes a list of integers and returns the list sorted in ascending order using the quicksort algorithm. This will help you practice implementing a classic sorting algorithm and understanding its recursive nature.
You must strictly follow the function name: quicksort

INFO - LM call n parse attempt 1 / 3

INFO - [Task id] 23 [prompt] 
You are a helpful assistant that answer my question about Python programming.

I will give you the following information:
Question: ...

You will answer the question based on the context (only if available and helpful) and your own knowledge of Python programming.
1) Start your answer with "Answer: ".
2) Answer "Answer: Unknown" if you don't know the answer.

INFO - [Task id] 23 [prompt] Question: Explain at a conceptual level, how to accomplish the below task in Python programming?
Write a Python function that takes a list of integers and returns the list sorted in ascending order using the quicksort algorithm. This will help you practice implementing a classic sorting algorithm and understanding its recursive nature.
INFO - [Task id] 23 [generation text] Answer: To implement the quicksort algorithm in Python, you can follow these conceptual steps:

1. **Choose a Pivot**: Select an element from the list to serve as the pivot. This can be any element, but common strategies include choosing the first element, the last element, or the median.

2. **Partitioning**: Rearrange the list so that all elements less than the pivot come before it and all elements greater than the pivot come after it. The pivot will then be in its final position.

3. **Recursion**: Recursively apply the same process to the sublists of elements that are less than and greater than the pivot.

4. **Base Case**: The recursion should stop when the list has one or zero elements, as these are already sorted.

Here’s a conceptual outline of the function:

```python
def quicksort(arr):
    if len(arr) <= 1:  # Base case: a list of zero or one element is sorted
        return arr
    else:
        pivot = arr[len(arr) // 2]  # Choose the pivot (e.g., the middle element)
        left = [x for x in arr if x < pivot]  # Elements less than the pivot
        middle = [x for x in arr if x == pivot]  # Elements equal to the pivot
        right = [x for x in arr if x > pivot]  # Elements greater than the pivot
        return quicksort(left) + middle + quicksort(right)  # Combine the sorted parts
```

In this implementation:
- The function checks if the list is small enough to be considered sorted.
- It selects a pivot and partitions the list into three parts: those less than, equal to, and greater than the pivot.
- It recursively sorts the left and right partitions and combines them with the middle part.

This approach effectively sorts the list in ascending order using the quicksort algorithm.
INFO - Attempting task_id 23
INFO - [35m Rollout attempt 1/4[0m
INFO - [33m Retrieving 5 entries for db: skill 
 [0m
INFO - [33m reverse_list, bubble_sort, find_gcd_of_list, find_k_largest, find_common_elements[0m
INFO - LM call n parse attempt 1 / 3

INFO - [Task id] 23 [prompt] You are a helpful assistant that writes python code to solve a task specified by me.

Here are some useful functions written earlier which you can reuse or reference.


[Entry]:


    def reverse_list(input_list):
        return input_list[::(- 1)]

[/Entry]

[Entry]:


    def bubble_sort(arr):
        n = len(arr)
        for i in range((n - 1)):
            for j in range(((n - 1) - i)):
                if (arr[j] > arr[(j + 1)]):
                    (arr[j], arr[(j + 1)]) = (arr[(j + 1)], arr[j])
        return arr

[/Entry]

[Entry]:


    def gcd(a, b):
        while (b != 0):
            (a, b) = (b, (a % b))
        return a




    def find_gcd_of_list(numbers):
        if (not numbers):
            return None
        current_gcd = numbers[0]
        for num in numbers[1:]:
            current_gcd = gcd(current_gcd, num)
        return current_gcd

[/Entry]

[Entry]:
    import heapq

    def find_k_largest(nums, k):
        if (k > len(nums)):
            return sorted(nums, reverse=True)
        min_heap = []
        for num in nums:
            if (len(min_heap) < k):
                heapq.heappush(min_heap, num)
            elif (num > min_heap[0]):
                heapq.heappop(min_heap)
                heapq.heappush(min_heap, num)
        return sorted(min_heap, reverse=True)

[/Entry]

[Entry]:


    def find_common_elements(list1, list2):
        set1 = set(list1)
        set2 = set(list2)
        common_set = (set1 & set2)
        result = sorted(common_set)
        return result

[/Entry]






At each round of conversation, I will give you
[Environment feedback] (after executing code) ...
[Code from the last round] ...
[Task] ...
[Context] ...
[Critique] ...

You should then respond to me with
Explain (if applicable): Are there any steps missing in your plan? Why does the code not complete the task? What does the chat log and execution error imply?
Plan: How to complete the task step by step. 
Code:
    1) Reuse or reference the above useful programs if necessary.
    2) Your function will be reused for building more complex functions. Therefore, you should make it generic and reusable. 
    3) Functions in the "Code from the last round" section will not be saved or executed. Do not reuse functions listed there.
    4) Anything defined outside a function will be ignored, define all your variables inside your functions.
    5) Do not write infinite loops.
    6) If the task specifies a function name to be used, follow it strictly (be case sensitive!). Else, name your function in a meaningful way (can infer the task from the name).
    7) Your code should only contain elements that solve the task, so DO NOT write any assert statements / tests
    8) The context in the [Context] tag serves as a casual tip (which can be wrong) to help you on the task, but your priority is to follow instructions in the [Task] tag.

You should only respond in the format as described below:
RESPONSE FORMAT:

Explain: ...
Plan:
1) ...
2) ...
3) ...
...
Code:
```python
# helper functions (only if needed, try to avoid them)
...
# main function after the helper functions
def yourMainFunctionName(args):
  # ...

```


INFO - [Task id] 23 [prompt] [Environment feedback]
None

[Code from the last round]
No code in the first round

[Task]
Write a Python function that takes a list of integers and returns the list sorted in ascending order using the quicksort algorithm. This will help you practice implementing a classic sorting algorithm and understanding its recursive nature.
You must strictly follow the function name: quicksort

[Context]
Rough plan to accomplish the task (can be wrong): 
Answer: To implement the quicksort algorithm in Python, you can follow these conceptual steps:

1. **Choose a Pivot**: Select an element from the list to serve as the pivot. This can be any element, but common strategies include choosing the first element, the last element, or the median.

2. **Partitioning**: Rearrange the list so that all elements less than the pivot come before it and all elements greater than the pivot come after it. The pivot will then be in its final position.

3. **Recursion**: Recursively apply the same process to the sublists of elements that are less than and greater than the pivot.

4. **Base Case**: The recursion should stop when the list has one or zero elements, as these are already sorted.

Here’s a conceptual outline of the function:

```python
def quicksort(arr):
    if len(arr) <= 1:  # Base case: a list of zero or one element is sorted
        return arr
    else:
        pivot = arr[len(arr) // 2]  # Choose the pivot (e.g., the middle element)
        left = [x for x in arr if x < pivot]  # Elements less than the pivot
        middle = [x for x in arr if x == pivot]  # Elements equal to the pivot
        right = [x for x in arr if x > pivot]  # Elements greater than the pivot
        return quicksort(left) + middle + quicksort(right)  # Combine the sorted parts
```

In this implementation:
- The function checks if the list is small enough to be considered sorted.
- It selects a pivot and partitions the list into three parts: those less than, equal to, and greater than the pivot.
- It recursively sorts the left and right partitions and combines them with the middle part.

This approach effectively sorts the list in ascending order using the quicksort algorithm.


[Critique]
None


INFO - [Task id] 23 [generation text] Explain: The task is to implement the quicksort algorithm, which is a classic sorting algorithm known for its efficiency and recursive nature. The provided conceptual outline is correct and follows the typical steps of the quicksort algorithm: choosing a pivot, partitioning the list, and recursively sorting the sublists.

Plan:
1. Define the function `quicksort` that takes a list of integers as input.
2. Implement the base case: if the list has one or zero elements, return it as it is already sorted.
3. Choose a pivot element. In this implementation, we'll use the middle element of the list.
4. Partition the list into three parts: elements less than the pivot, elements equal to the pivot, and elements greater than the pivot.
5. Recursively apply the `quicksort` function to the left and right partitions.
6. Combine the sorted left partition, the middle partition, and the sorted right partition to form the final sorted list.
7. Return the sorted list.

Code:
```python
def quicksort(arr):
    if len(arr) <= 1:  # Base case: a list of zero or one element is sorted
        return arr
    else:
        pivot = arr[len(arr) // 2]  # Choose the pivot (e.g., the middle element)
        left = [x for x in arr if x < pivot]  # Elements less than the pivot
        middle = [x for x in arr if x == pivot]  # Elements equal to the pivot
        right = [x for x in arr if x > pivot]  # Elements greater than the pivot
        return quicksort(left) + middle + quicksort(right)  # Combine the sorted parts
```
INFO - program_code:
 

def quicksort(arr):
    if (len(arr) <= 1):
        return arr
    else:
        pivot = arr[(len(arr) // 2)]
        left = [x for x in arr if (x < pivot)]
        middle = [x for x in arr if (x == pivot)]
        right = [x for x in arr if (x > pivot)]
        return ((quicksort(left) + middle) + quicksort(right))


INFO - program_name:
 quicksort

INFO - dependencies:
 []

INFO - raw_msg:
 Explain: The task is to implement the quicksort algorithm, which is a classic sorting algorithm known for its efficiency and recursive nature. The provided conceptual outline is correct and follows the typical steps of the quicksort algorithm: choosing a pivot, partitioning the list, and recursively sorting the sublists.

Plan:
1. Define the function `quicksort` that takes a list of integers as input.
2. Implement the base case: if the list has one or zero elements, return it as it is already sorted.
3. Choose a pivot element. In this implementation, we'll use the middle element of the list.
4. Partition the list into three parts: elements less than the pivot, elements equal to the pivot, and elements greater than the pivot.
5. Recursively apply the `quicksort` function to the left and right partitions.
6. Combine the sorted left partition, the middle partition, and the sorted right partition to form the final sorted list.
7. Return the sorted list.

Code:
```python
def quicksort(arr):
    if len(arr) <= 1:  # Base case: a list of zero or one element is sorted
        return arr
    else:
        pivot = arr[len(arr) // 2]  # Choose the pivot (e.g., the middle element)
        left = [x for x in arr if x < pivot]  # Elements less than the pivot
        middle = [x for x in arr if x == pivot]  # Elements equal to the pivot
        right = [x for x in arr if x > pivot]  # Elements greater than the pivot
        return quicksort(left) + middle + quicksort(right)  # Combine the sorted parts
```

INFO - no_parent:
 True

INFO - full code to be executed: 
 

def quicksort(arr):
    if (len(arr) <= 1):
        return arr
    else:
        pivot = arr[(len(arr) // 2)]
        left = [x for x in arr if (x < pivot)]
        middle = [x for x in arr if (x == pivot)]
        right = [x for x in arr if (x > pivot)]
        return ((quicksort(left) + middle) + quicksort(right))


INFO - obs: Tests passed:
assert quicksort([3, 6, 8, 10, 1, 2, 1]) == [1, 1, 2, 3, 6, 8, 10]
assert quicksort([1, 4, 3, 9, 7, 6, 2]) == [1, 2, 3, 4, 6, 7, 9]
assert quicksort([]) == []

Tests failed:
None
reward: True
done: None
info: {'individual_results': (True, True, True)}
INFO - LM call n parse attempt 1 / 5

INFO - [Task id] 23 [prompt] 
You are a Python programming assistant that assesses my progress of Python programming and provides useful guidance.

I will give you the following information:

[Task]: The objective I need to accomplish.
[Context]: The context of the task. Serves as a casual tip (which can be wrong) to help me on the task, but my priority is to follow instructions in the Task tag.
[function impl]: My function implementation that is intended to complete the task
[unit test results]: The results after executing my function implementation on the unit tests

Your first goal is to use these info to evaluate if I have met the task requirements, and explain why. 
It is possible that the unit test results all pass, but the code does not accomplish the task (eg by failing to accomplish the task in scenarios not covered by the unit tests)
It is also possible that the unit tests are wrong in the first place, though the code accomplishes the task and fails the unit test.

If I have not met the task requirements, write a few sentences to explain why the function implementation is wrong as indicated by the tests. 
You will need this as guidance when you try again later.
Only provide the few sentence description in your answer, not the implementation. 
Suggest how the function implementation can be changed, NOT the test cases (assert statements)

You should only respond in JSON format as described below:
The output should be formatted as a JSON instance that conforms to the JSON schema below.

As an example, for the schema {"properties": {"foo": {"title": "Foo", "description": "a list of strings", "type": "array", "items": {"type": "string"}}}, "required": ["foo"]}
the object {"foo": ["bar", "baz"]} is a well-formatted instance of the schema. The object {"properties": {"foo": ["bar", "baz"]}} is not well-formatted.

Here is the output schema:
```
{"description": "Represents the critique of a task attempt, including reasoning, success status, and suggestions for improvement.\n\nAttributes:\n    reasoning (str): Explanation of why the task was succeeded or failed.\n    success (bool): Indicates whether the task requirements were met.\n    critique (str): Suggestions or critique to help improve future task attempts.", "properties": {"reasoning": {"description": "reason why I have succeeded or failed at the task", "title": "Reasoning", "type": "string"}, "success": {"description": "evaluate if I have met the task requirements", "title": "Success", "type": "boolean"}, "critique": {"description": "critique to help me improve", "title": "Critique", "type": "string"}}, "required": ["reasoning", "success", "critique"]}
```

INFO - [Task id] 23 [prompt] 
Here are some examples:

Example 1:
[function impl]:
```python
def longest_subarray_with_sum_limit(nums: List[int], target: int) -> List[int]:
    n = len(nums)
    left, right = 0, 0
    max_length = 0
    current_sum = 0
    result = []
    while right < n:
        current_sum += nums[right]
        while current_sum > target:
            current_sum -= nums[left]
            left += 1
        if right - left + 1 >= max_length:
            max_length = right - left + 1
            result = nums[left:right+1]
        right += 1
    return result
```
[unit test results]:
Tests passing:
assert longest_subarray_with_sum_limit([1, 2, 3, 4, 5], 8) == [1, 2, 3]
assert longest_subarray_with_sum_limit([1, 2, 3, 4, 5], 15) == [1, 2, 3, 4, 5]
assert longest_subarray_with_sum_limit([1, -1, 2, -2, 3, -3], 2) == [1, -1, 2, -2, 3]
assert longest_subarray_with_sum_limit([], 10) == []
assert longest_subarray_with_sum_limit([], 0) == []
assert longest_subarray_with_sum_limit([], -5) == []  
Tests failing:
assert longest_subarray_with_sum_limit([5, 6, 7, 8, 9], 4) == [] # output: [5]

RESPONSE:
{
    "reasoning": "The implementation failed the test case where no subarray fulfills the condition",
    "success": false,
    "critique": "The issue in the implementation is due to the use of >= instead of > in the condition to update the result. Because of this, it returns a subarray even when the sum is greater than the target, as it still updates the result when the current subarray length is equal to the previous longest subarray length. To overcome this error, we should change the condition to only update the result when the current subarray length is strictly greater than the previous longest subarray length. This can be done by replacing >= with > in the condition."
}


Example 2:
[function impl]:
```python
def longest_subarray_with_sum_limit(nums: List[int], target: int) -> List[int]:
    n = len(nums)
    left, right = 0, 0
    max_length = 0
    current_sum = 0
    result = []
    while current_sum + nums[right] <= target:
        current_sum += nums[right]
        right += 1
    while right < n:
        current_sum += nums[right]
        while current_sum > target:
            current_sum -= nums[left]
            left += 1
        if right - left + 1 > max_length:
            max_length = right - left + 1
            result = nums[left:right+1]
        right += 1
    return result
```
[unit test results]:
Tests passing:
assert longest_subarray_with_sum_limit([], 10) == []
assert longest_subarray_with_sum_limit([], 0) == []
assert longest_subarray_with_sum_limit([], -5) == []
Tests failing:
assert longest_subarray_with_sum_limit([1, 2, 3, 4, 5], 8) == [1, 2, 3] # output: list index out of range
assert longest_subarray_with_sum_limit([1, 2, 3, 4, 5], 15) == [1, 2, 3, 4, 5] # output: list index out of range
assert longest_subarray_with_sum_limit([5, 6, 7, 8, 9], 4) == [] # output: list index out of range
assert longest_subarray_with_sum_limit([1, -1, 2, -2, 3, -3], 2) == [1, -1, 2, -2, 3] # output: list index out of range

RESPONSE:
{
    "reason": "The implementation failed 4 out of the 7 test cases due to an IndexError.",
    "success": false,
    "critique": "The issue stems from the while loop while current_sum + nums[right] <= target:, which directly accesses nums[right] without checking if right is within the bounds of the list. This results in a runtime error when right goes beyond the list length. To overcome this error, we need to add a bounds check for the right variable in the mentioned while loop. We can modify the loop condition to while right < len(nums) and current_sum + nums[right] <= target:. This change will ensure that we only access elements within the bounds of the list, thus avoiding the IndexError."
}


END OF EXAMPLES

INFO - [Task id] 23 [prompt] [Task]:
Write a Python function that takes a list of integers and returns the list sorted in ascending order using the quicksort algorithm. This will help you practice implementing a classic sorting algorithm and understanding its recursive nature.
[Context]: 
 Rough plan to accomplish the task (can be wrong): 
Answer: To implement the quicksort algorithm in Python, you can follow these conceptual steps:

1. **Choose a Pivot**: Select an element from the list to serve as the pivot. This can be any element, but common strategies include choosing the first element, the last element, or the median.

2. **Partitioning**: Rearrange the list so that all elements less than the pivot come before it and all elements greater than the pivot come after it. The pivot will then be in its final position.

3. **Recursion**: Recursively apply the same process to the sublists of elements that are less than and greater than the pivot.

4. **Base Case**: The recursion should stop when the list has one or zero elements, as these are already sorted.

Here’s a conceptual outline of the function:

```python
def quicksort(arr):
    if len(arr) <= 1:  # Base case: a list of zero or one element is sorted
        return arr
    else:
        pivot = arr[len(arr) // 2]  # Choose the pivot (e.g., the middle element)
        left = [x for x in arr if x < pivot]  # Elements less than the pivot
        middle = [x for x in arr if x == pivot]  # Elements equal to the pivot
        right = [x for x in arr if x > pivot]  # Elements greater than the pivot
        return quicksort(left) + middle + quicksort(right)  # Combine the sorted parts
```

In this implementation:
- The function checks if the list is small enough to be considered sorted.
- It selects a pivot and partitions the list into three parts: those less than, equal to, and greater than the pivot.
- It recursively sorts the left and right partitions and combines them with the middle part.

This approach effectively sorts the list in ascending order using the quicksort algorithm.


[function impl]:


def quicksort(arr):
    if (len(arr) <= 1):
        return arr
    else:
        pivot = arr[(len(arr) // 2)]
        left = [x for x in arr if (x < pivot)]
        middle = [x for x in arr if (x == pivot)]
        right = [x for x in arr if (x > pivot)]
        return ((quicksort(left) + middle) + quicksort(right))

[unit test results]:
Tests passed:
assert quicksort([3, 6, 8, 10, 1, 2, 1]) == [1, 1, 2, 3, 6, 8, 10]
assert quicksort([1, 4, 3, 9, 7, 6, 2]) == [1, 2, 3, 4, 6, 7, 9]
assert quicksort([]) == []

Tests failed:
None

INFO - [Task id] 23 [generation text] 
INFO - {
    "reasoning": "The function implementation correctly follows the quicksort algorithm. It chooses a pivot, partitions the list into elements less than, equal to, and greater than the pivot, and recursively sorts the sublists. The base case is also correctly implemented, returning the list when it has one or zero elements. The unit tests cover various scenarios, including an empty list and lists with duplicate elements, and all tests pass, indicating that the function works as expected.",
    "success": true,
    "critique": "The implementation is correct and efficient. It successfully sorts the list using the quicksort algorithm. No changes are necessary, but you could consider adding more test cases to further validate the function, such as lists with negative numbers or already sorted lists, to ensure robustness."
}
INFO - {
    "reasoning": "The function implementation correctly follows the quicksort algorithm. It chooses a pivot, partitions the list into elements less than, equal to, and greater than the pivot, and recursively sorts the sublists. The base case is also correctly implemented, returning the list when it has one or zero elements. The unit tests cover various scenarios, including an empty list and lists with duplicate elements, and all tests pass, indicating that the function works as expected.",
    "success": true,
    "critique": "The implementation is correct and efficient. It successfully sorts the list using the quicksort algorithm. No changes are necessary, but you could consider adding more test cases to further validate the function, such as lists with negative numbers or already sorted lists, to ensure robustness."
}
INFO - [task_id]: 23 [Result]: True
INFO - LM call n parse attempt 1 / 3

INFO - [Task id] 23 [prompt] 
You are a helpful assistant that writes a description of the given function written in the Python programming language.

1) Do not mention the function name.
2) Do not mention anything about helper functions.
3) There might be some helper functions before the main function, but you only need to describe the main function.
4) Try to summarize the function in no more than 6 sentences.
5) Your response should be a single line of text.

INFO - [Task id] 23 [prompt] 

def quicksort(arr):
    if (len(arr) <= 1):
        return arr
    else:
        pivot = arr[(len(arr) // 2)]
        left = [x for x in arr if (x < pivot)]
        middle = [x for x in arr if (x == pivot)]
        right = [x for x in arr if (x > pivot)]
        return ((quicksort(left) + middle) + quicksort(right))


The main function is `quicksort`.
INFO - [Task id] 23 [generation text] This function implements the quicksort algorithm to sort an array. It first checks if the array has one or no elements, in which case it returns the array as is. If the array has more than one element, it selects a pivot element and partitions the array into three sub-arrays: those less than the pivot, those equal to the pivot, and those greater than the pivot. It then recursively sorts the left and right sub-arrays. Finally, it combines the sorted left sub-array, the middle sub-array, and the sorted right sub-array to produce the final sorted array. The function effectively sorts the input array in ascending order.
INFO - Num Completed Tasks: 22, Num Failed Tasks: 2
