INFO - DB skill doc count: 47

INFO - [train iter]: 52/100 

INFO - LM call n parse attempt 1 / 3

INFO - [Task id] 52 [prompt] 
You are a helpful assistant that asks questions to help me decide the next immediate task to do for Python programming.
My ultimate goal is to solve as many diverse problems as possible and become the best programmer in the world.

I will give you the following information:
Completed tasks so far: ...
Failed tasks that are too hard: ...

You must follow the following criteria:
1) You should ask at least 5 questions (but no more than 10 questions) to help me decide the next immediate task to do. Each question should be followed by the concept that the question is about.
2) Your question should be specific to a concept in Python programming.
  Bad example (the question is too general):
    Question: What is the best way to program in Python?
    Concept: unknown
  Good example:
    Question: How do you reverse a list?
    Concept: list
3) Your questions should be self-contained and not require any context.

Respond in JSON, and follow the keys and expected format of the values strictly.


Response format:
The output should be formatted as a JSON instance that conforms to the JSON schema below.

As an example, for the schema {"properties": {"foo": {"title": "Foo", "description": "a list of strings", "type": "array", "items": {"type": "string"}}}, "required": ["foo"]}
the object {"foo": ["bar", "baz"]} is a well-formatted instance of the schema. The object {"properties": {"foo": ["bar", "baz"]}} is not well-formatted.

Here is the output schema:
```
{"$defs": {"QuestionConcept": {"properties": {"question": {"description": "A question related to Python programming, to help me brainstorm the next immediate task to do", "title": "Question", "type": "string"}, "concept": {"description": "The Python programming concept associated with the question above", "title": "Concept", "type": "string"}}, "required": ["question", "concept"], "title": "QuestionConcept", "type": "object"}}, "properties": {"reasoning": {"description": "Reason out, step-by-step, why you picked these questions and concepts", "title": "Reasoning", "type": "string"}, "question_concept_list": {"description": "list of questions and their associated concepts", "items": {"$ref": "#/$defs/QuestionConcept"}, "title": "Question Concept List", "type": "array"}}, "required": ["reasoning", "question_concept_list"]}
```


INFO - [Task id] 52 [prompt] Completed tasks so far (do not give me these tasks again!): 
	Write a Python function that takes a list of integers and returns a list of unique integers from that list.
	Write a Python function that takes a list of integers and returns a dictionary with the integers as keys and their counts as values.
	Write a Python function that takes two lists of integers and returns a list of integers that are present in both lists (the intersection).
	Write a Python function that takes a list of integers and returns a list of integers that are unique (appear only once) in the list.
	Write a Python function that takes a list of integers and returns a list of integers that are duplicates (appear more than once) in the list.
	Write a Python function that takes a list of integers and returns the second largest integer in the list. If the list has fewer than two unique integers, return None.
	Write a Python function that takes a list of integers and returns a new list containing only the even integers from the original list.
	Write a Python function that takes a list of integers and returns a list of integers that are greater than a given threshold value.
	Write a Python function that takes a string and returns the number of vowels in that string.
	Write a Python function that takes a string and returns a set of unique characters in that string.
	Write a Python function that takes a string and returns True if it is a palindrome (reads the same forwards and backwards), and False otherwise.
	Write a Python function that takes a string and returns a new string containing only the digits from the original string.
	Write a Python function that takes a list of strings and returns a new list containing only the strings that have a length greater than a specified threshold.
	Write a Python function that takes a list of strings and returns a new list of those strings sorted by their length in descending order.
	Write a Python function that takes a list of strings and returns a new list containing the lengths of each string in the original list.
	Write a Python function that takes a string and returns a new string with all the vowels removed.
	Write a Python function that takes a string and returns the number of distinct characters in that string.
	Write a Python function that takes two dictionaries and merges them. If there are duplicate keys, the values from the second dictionary should overwrite those from the first.
	Write a Python function that takes a string and returns a new string where each character is repeated twice.
	Write a Python function that takes a list of integers and returns a list of integers that are present in the list but not in a given set of excluded integers.
	Write a Python function that takes a list of integers and returns a new list containing only the integers that are multiples of a given number.
	Write a Python function that takes a tuple of integers and returns a new tuple containing only the even integers from the original tuple.
	Write a Python function that takes a string and returns a dictionary with each character as the key and the number of times it appears in the string as the value.
	Write a Python function that takes a list of integers and returns a dictionary where the keys are the integers from the list and the values are the number of times each integer appears in the list.
	Write a Python function that takes a list of strings and returns a dictionary where the keys are the strings and the values are the lengths of those strings.
	Write a Python function that takes a list of dictionaries, each representing a person with a 'name' and 'age', and returns a dictionary where the keys are the names and the values are the ages of the people.
	Write a Python function that takes a dictionary and a threshold value, and returns a new dictionary containing only the items where the value exceeds the threshold.
	Write a Python function that takes a list of tuples, where each tuple contains a key-value pair, and returns a dictionary constructed from those tuples.
	Write a Python function that takes a string and returns a list of all the unique characters in that string, preserving their order of first appearance.
	Write a Python function that takes two strings and returns True if they are anagrams of each other (contain the same characters in a different order), and False otherwise.
	Write a Python function that takes a list of integers and returns a set containing the squares of those integers.
	Write a Python function that takes two sets and returns their union (all unique elements from both sets).
	Write a Python function that takes a list of integers and returns a new list containing only the integers that are prime numbers.
	Write a Python function that takes a list of integers and returns a list of integers that are the Fibonacci numbers present in the list.
	Write a Python function that takes a string and returns a dictionary with each character as the key and the number of times it appears in the string as the value, but only for characters that appear more than once.
	Write a Python function that takes a string and returns a new string with all the words reversed but the order of the words preserved.
	Write a Python function that takes two lists of integers and returns True if the first list is a subset of the second list, and False otherwise.
	Write a Python function that takes a list of integers and returns a dictionary where the keys are the integers from the list and the values are the squares of those integers.
	Write a Python function that takes a list of integers and returns a list of integers that are not present in a given list of excluded integers.
	Write a Python function that takes a list of integers and returns a list of integers that are the unique elements in the list (appear only once) but sorted in ascending order.
	Write a Python function that takes a list of integers and returns a list of all possible combinations of those integers (the order of integers in combinations does not matter).
	Write a Python function that takes a string and returns a new string where each word is reversed but the order of the words is preserved.
	Write a Python function that takes a list of tuples, where each tuple contains a name and an age, and returns a dictionary where the keys are the names and the values are the ages of the people.
	Write a Python function that takes a list of integers and returns a new list containing only the integers that are odd.
	Write a Python function that takes a string and returns a new string containing only the uppercase letters from the original string.
	Write a Python function that takes a list of strings and returns the longest string in the list. If there are multiple strings of the same maximum length, return the first one encountered. If the list is empty, return None.
	Write a Python function that takes a list of integers and returns a new list containing only the integers that are less than a specified threshold value.

Failed tasks that are too hard: 
	Write a Python function that takes a dictionary and returns a new dictionary with the keys and values swapped. If there are duplicate values, keep only one of the keys.
	Write a Python function that takes a dictionary and returns a new dictionary containing only the items where the value is greater than a specified threshold.
	Write a Python function that takes a list of integers and returns a list of all possible pairs of integers from that list. Each pair should be represented as a tuple, and the order of the pairs does not matter.
	Write a Python function that takes a string and returns a new string with all the consonants removed.


INFO - [Task id] 52 [generation text] 
INFO - {
    "reasoning": "The questions selected cover a variety of Python programming concepts, including data structures (lists, dictionaries, sets), string manipulation, and algorithmic thinking. They also include tasks that involve filtering, transforming, and analyzing data, which are essential skills for a programmer. By choosing questions from different areas, I can ensure a well-rounded skill set and tackle diverse problems.",
    "question_concept_list": [
        {
            "question": "How do you find the longest common substring between two strings?",
            "concept": "string manipulation"
        },
        {
            "question": "What is the best way to implement a binary search algorithm in Python?",
            "concept": "algorithm"
        },
        {
            "question": "How can you create a class in Python that represents a stack data structure?",
            "concept": "object-oriented programming"
        },
        {
            "question": "How do you read and write JSON data in Python?",
            "concept": "file handling"
        },
        {
            "question": "What is the method to merge two sorted lists into a single sorted list?",
            "concept": "list manipulation"
        }
    ]
}
INFO - {
    "reasoning": "The questions selected cover a variety of Python programming concepts, including data structures (lists, dictionaries, sets), string manipulation, and algorithmic thinking. They also include tasks that involve filtering, transforming, and analyzing data, which are essential skills for a programmer. By choosing questions from different areas, I can ensure a well-rounded skill set and tackle diverse problems.",
    "question_concept_list": [
        {
            "question": "How do you find the longest common substring between two strings?",
            "concept": "string manipulation"
        },
        {
            "question": "What is the best way to implement a binary search algorithm in Python?",
            "concept": "algorithm"
        },
        {
            "question": "How can you create a class in Python that represents a stack data structure?",
            "concept": "object-oriented programming"
        },
        {
            "question": "How do you read and write JSON data in Python?",
            "concept": "file handling"
        },
        {
            "question": "What is the method to merge two sorted lists into a single sorted list?",
            "concept": "list manipulation"
        }
    ]
}
INFO - LM call n parse attempt 1 / 3

INFO - [Task id] 52 [prompt] 
You are a helpful assistant that answer my question about Python programming.

I will give you the following information:
Question: ...

You will answer the question based on the context (only if available and helpful) and your own knowledge of Python programming.
1) Start your answer with "Answer: ".
2) Answer "Answer: Unknown" if you don't know the answer.

INFO - [Task id] 52 [prompt] Question: How do you find the longest common substring between two strings?
INFO - [Task id] 52 [generation text] Answer: To find the longest common substring between two strings in Python, you can use dynamic programming. Here's a simple implementation:

```python
def longest_common_substring(s1, s2):
    m, n = len(s1), len(s2)
    # Create a 2D array to store lengths of longest common suffixes
    # of substrings. Initialize all values to 0.
    dp = [[0] * (n + 1) for _ in range(m + 1)]
    
    longest_length = 0  # Length of the longest common substring
    ending_index = 0    # Ending index of the longest common substring in s1

    # Build the dp array
    for i in range(1, m + 1):
        for j in range(1, n + 1):
            if s1[i - 1] == s2[j - 1]:
                dp[i][j] = dp[i - 1][j - 1] + 1
                if dp[i][j] > longest_length:
                    longest_length = dp[i][j]
                    ending_index = i
            else:
                dp[i][j] = 0

    # The longest common substring is found by slicing s1
    return s1[ending_index - longest_length: ending_index]

# Example usage
s1 = "abcdef"
s2 = "zcdemf"
result = longest_common_substring(s1, s2)
print("Longest common substring:", result)
```

In this code:
- We create a 2D list `dp` where `dp[i][j]` holds the length of the longest common suffix of `s1[0:i]` and `s2[0:j]`.
- We iterate through both strings, updating the `dp` table based on character matches.
- We keep track of the longest length found and its ending index in `s1`.
- Finally, we return the longest common substring by slicing `s1` using the recorded indices.
INFO - LM call n parse attempt 1 / 3

INFO - [Task id] 52 [prompt] 
You are a helpful assistant that answer my question about Python programming.

I will give you the following information:
Question: ...

You will answer the question based on the context (only if available and helpful) and your own knowledge of Python programming.
1) Start your answer with "Answer: ".
2) Answer "Answer: Unknown" if you don't know the answer.

INFO - [Task id] 52 [prompt] Question: What is the best way to implement a binary search algorithm in Python?
INFO - [Task id] 52 [generation text] Answer: The best way to implement a binary search algorithm in Python is to use a recursive or iterative approach. Below are examples of both methods.

### Iterative Approach

```python
def binary_search_iterative(arr, target):
    left, right = 0, len(arr) - 1
    
    while left <= right:
        mid = left + (right - left) // 2  # To prevent overflow
        
        if arr[mid] == target:
            return mid  # Target found
        elif arr[mid] < target:
            left = mid + 1  # Search in the right half
        else:
            right = mid - 1  # Search in the left half
            
    return -1  # Target not found
```

### Recursive Approach

```python
def binary_search_recursive(arr, target, left, right):
    if left > right:
        return -1  # Target not found
    
    mid = left + (right - left) // 2  # To prevent overflow
    
    if arr[mid] == target:
        return mid  # Target found
    elif arr[mid] < target:
        return binary_search_recursive(arr, target, mid + 1, right)  # Search in the right half
    else:
        return binary_search_recursive(arr, target, left, mid - 1)  # Search in the left half

# To use the recursive function, call it like this:
# result = binary_search_recursive(arr, target, 0, len(arr) - 1)
```

### Notes:
- Ensure that the input array is sorted before performing binary search.
- The iterative approach is generally more space-efficient than the recursive approach, as it does not use additional stack space for recursive calls.
INFO - LM call n parse attempt 1 / 3

INFO - [Task id] 52 [prompt] 
You are a helpful assistant that answer my question about Python programming.

I will give you the following information:
Question: ...

You will answer the question based on the context (only if available and helpful) and your own knowledge of Python programming.
1) Start your answer with "Answer: ".
2) Answer "Answer: Unknown" if you don't know the answer.

INFO - [Task id] 52 [prompt] Question: How can you create a class in Python that represents a stack data structure?
INFO - [Task id] 52 [generation text] Answer: To create a class in Python that represents a stack data structure, you can define a class with methods to push items onto the stack, pop items off the stack, and check if the stack is empty. Here is a simple implementation:

```python
class Stack:
    def __init__(self):
        self.items = []

    def is_empty(self):
        return len(self.items) == 0

    def push(self, item):
        self.items.append(item)

    def pop(self):
        if not self.is_empty():
            return self.items.pop()
        else:
            raise IndexError("pop from empty stack")

    def peek(self):
        if not self.is_empty():
            return self.items[-1]
        else:
            raise IndexError("peek from empty stack")

    def size(self):
        return len(self.items)

# Example usage:
stack = Stack()
stack.push(1)
stack.push(2)
print(stack.pop())  # Output: 2
print(stack.peek())  # Output: 1
print(stack.size())  # Output: 1
```

In this implementation:
- The `__init__` method initializes an empty list to hold the stack items.
- The `is_empty` method checks if the stack is empty.
- The `push` method adds an item to the top of the stack.
- The `pop` method removes and returns the top item from the stack, raising an error if the stack is empty.
- The `peek` method returns the top item without removing it, also raising an error if the stack is empty.
- The `size` method returns the number of items in the stack.
INFO - LM call n parse attempt 1 / 3

INFO - [Task id] 52 [prompt] 
You are a helpful assistant that answer my question about Python programming.

I will give you the following information:
Question: ...

You will answer the question based on the context (only if available and helpful) and your own knowledge of Python programming.
1) Start your answer with "Answer: ".
2) Answer "Answer: Unknown" if you don't know the answer.

INFO - [Task id] 52 [prompt] Question: How do you read and write JSON data in Python?
INFO - [Task id] 52 [generation text] Answer: To read and write JSON data in Python, you can use the built-in `json` module. Here’s how you can do it:

### Reading JSON Data

To read JSON data from a file, you can use the `json.load()` function. Here’s an example:

```python
import json

# Reading JSON data from a file
with open('data.json', 'r') as file:
    data = json.load(file)

print(data)
```

If you have a JSON string and want to parse it, you can use `json.loads()`:

```python
import json

# JSON string
json_string = '{"name": "John", "age": 30}'
data = json.loads(json_string)

print(data)
```

### Writing JSON Data

To write JSON data to a file, you can use the `json.dump()` function. Here’s an example:

```python
import json

# Data to be written to JSON
data = {
    "name": "John",
    "age": 30
}

# Writing JSON data to a file
with open('data.json', 'w') as file:
    json.dump(data, file)
```

If you want to convert a Python object to a JSON string, you can use `json.dumps()`:

```python
import json

# Data to be converted to JSON string
data = {
    "name": "John",
    "age": 30
}

json_string = json.dumps(data)
print(json_string)
```

### Summary

- Use `json.load()` to read JSON from a file.
- Use `json.loads()` to parse a JSON string.
- Use `json.dump()` to write JSON to a file.
- Use `json.dumps()` to convert a Python object to a JSON string.
INFO - LM call n parse attempt 1 / 5

INFO - [Task id] 52 [prompt] 
You are a helpful assistant that tells me the next immediate task (in the form of a function) to do for Python programming. 
My ultimate goal is to solve as many diverse problems as possible and become the best programmer in the world.

I will give you the following information:
Question 1: ...
Answer: ...
Question 2: ...
Answer: ...
Question 3: ...
Answer: ...
...
Completed tasks so far: ...
Failed tasks that are too hard: ...

You must follow the following criteria:
1) You should act as a mentor and guide me to the next task based on my current learning progress. As a rule of thumb, guide me through beginner problems, followed by interview level problems, followed by competitive programming problems. The latter 2 levels can involve concepts from data structures and algorithms.
2) Please be very specific about what skills I need to learn.
3) Do not propose multiple tasks at the same time. Do not mention anything else.
4) The next task should not be too hard since I may not have learned enough skills to complete it yet.
5) The next task should be novel and interesting. I should look for problems which I have not solved yet. I should not be doing the same thing over and over again.
6) The task should involve writing a main Python function that at most use basic libraries (try not to import too many or too advanced modules)
7) Do not give tasks that require file operations (create, read, update, delete) or an internet connection.
8) I am only allowed to write Python functions, so do not require me to write other things (e.g. objects). 
9) Requiring me to write a function that takes in an object and uses object methods is still ok, but I cannot define the objects myself. You must provide the objects as input to my function in the assert statement.

Take note of these in your response:
1) Give an expected function name for the task.
2) Give a tuple of 3 assert statements that tests the function's correctness in the "test_tuple" field. This must strictly contain single-line assert statements only; any setup code for the test must be filled in the "test_setup_code" field.
3) The function name which you gave must be called in the assert statements. 

Respond in JSON, and follow the keys and expected format of the values strictly.


Response format:
The output should be formatted as a JSON instance that conforms to the JSON schema below.

As an example, for the schema {"properties": {"foo": {"title": "Foo", "description": "a list of strings", "type": "array", "items": {"type": "string"}}}, "required": ["foo"]}
the object {"foo": ["bar", "baz"]} is a well-formatted instance of the schema. The object {"properties": {"foo": ["bar", "baz"]}} is not well-formatted.

Here is the output schema:
```
{"properties": {"reasoning": {"description": "Based on the information listed above, reason about what the next task should be.", "title": "Reasoning", "type": "string"}, "task": {"description": "The next task, which requires me to write a single function. Be sure to state the expected data structure for inputs and outputs.", "title": "Task", "type": "string"}, "gt_fn_name": {"description": "The expected name for the single function for the task", "title": "Gt Fn Name", "type": "string"}, "test_setup_code": {"description": "setup code, if required. This will be run just before the assert statements are executed.", "title": "Test Setup Code", "type": "string"}, "test_tuple": {"description": "Tuple of 3 SINGLE-LINE test cases that starts with 'assert' to test the function's correctness.Any extra required code should be written in the test_setup_code field.", "items": {"type": "string"}, "maxItems": 3, "minItems": 3, "prefixItems": [{"type": "string"}, {"type": "string"}, {"type": "string"}], "title": "Test Tuple", "type": "array"}}, "required": ["reasoning", "task", "gt_fn_name", "test_setup_code", "test_tuple"]}
```


INFO - [Task id] 52 [prompt] 
Here's an example response:
{
    "reasoning": "The student has shown proficiency in basic Python syntax and list manipulation, but struggles with problems involving more complex algorithms and data structures. This task will help them practice using sets or dictionaries for efficient lookups, and understand the concept of algorithmic complexity.",
    "task": "Write a Python function that takes a list of integers and returns the tuple of two numbers that sum up to zero. If no such pair exists, return None.",
    "gt_fn_name": "find_zero_sum",
    "test_setup_code": "",
    "test_tuple": [
        "assert find_zero_sum([1, 2, 3, -2, -1]) == (2, -2)",
        "assert find_zero_sum([1, 2, 3, 4, 5]) == None",
        "assert find_zero_sum([1, 4, 3, -4, -1]) == (4, -4)"
    ]
}

INFO - [Task id] 52 [prompt] Question 1: How do you find the longest common substring between two strings?
Answer: To find the longest common substring between two strings in Python, you can use dynamic programming. Here's a simple implementation:

```python
def longest_common_substring(s1, s2):
    m, n = len(s1), len(s2)
    # Create a 2D array to store lengths of longest common suffixes
    # of substrings. Initialize all values to 0.
    dp = [[0] * (n + 1) for _ in range(m + 1)]
    
    longest_length = 0  # Length of the longest common substring
    ending_index = 0    # Ending index of the longest common substring in s1

    # Build the dp array
    for i in range(1, m + 1):
        for j in range(1, n + 1):
            if s1[i - 1] == s2[j - 1]:
                dp[i][j] = dp[i - 1][j - 1] + 1
                if dp[i][j] > longest_length:
                    longest_length = dp[i][j]
                    ending_index = i
            else:
                dp[i][j] = 0

    # The longest common substring is found by slicing s1
    return s1[ending_index - longest_length: ending_index]

# Example usage
s1 = "abcdef"
s2 = "zcdemf"
result = longest_common_substring(s1, s2)
print("Longest common substring:", result)
```

In this code:
- We create a 2D list `dp` where `dp[i][j]` holds the length of the longest common suffix of `s1[0:i]` and `s2[0:j]`.
- We iterate through both strings, updating the `dp` table based on character matches.
- We keep track of the longest length found and its ending index in `s1`.
- Finally, we return the longest common substring by slicing `s1` using the recorded indices.

Question 2: What is the best way to implement a binary search algorithm in Python?
Answer: The best way to implement a binary search algorithm in Python is to use a recursive or iterative approach. Below are examples of both methods.

### Iterative Approach

```python
def binary_search_iterative(arr, target):
    left, right = 0, len(arr) - 1
    
    while left <= right:
        mid = left + (right - left) // 2  # To prevent overflow
        
        if arr[mid] == target:
            return mid  # Target found
        elif arr[mid] < target:
            left = mid + 1  # Search in the right half
        else:
            right = mid - 1  # Search in the left half
            
    return -1  # Target not found
```

### Recursive Approach

```python
def binary_search_recursive(arr, target, left, right):
    if left > right:
        return -1  # Target not found
    
    mid = left + (right - left) // 2  # To prevent overflow
    
    if arr[mid] == target:
        return mid  # Target found
    elif arr[mid] < target:
        return binary_search_recursive(arr, target, mid + 1, right)  # Search in the right half
    else:
        return binary_search_recursive(arr, target, left, mid - 1)  # Search in the left half

# To use the recursive function, call it like this:
# result = binary_search_recursive(arr, target, 0, len(arr) - 1)
```

### Notes:
- Ensure that the input array is sorted before performing binary search.
- The iterative approach is generally more space-efficient than the recursive approach, as it does not use additional stack space for recursive calls.

Question 3: How can you create a class in Python that represents a stack data structure?
Answer: To create a class in Python that represents a stack data structure, you can define a class with methods to push items onto the stack, pop items off the stack, and check if the stack is empty. Here is a simple implementation:

```python
class Stack:
    def __init__(self):
        self.items = []

    def is_empty(self):
        return len(self.items) == 0

    def push(self, item):
        self.items.append(item)

    def pop(self):
        if not self.is_empty():
            return self.items.pop()
        else:
            raise IndexError("pop from empty stack")

    def peek(self):
        if not self.is_empty():
            return self.items[-1]
        else:
            raise IndexError("peek from empty stack")

    def size(self):
        return len(self.items)

# Example usage:
stack = Stack()
stack.push(1)
stack.push(2)
print(stack.pop())  # Output: 2
print(stack.peek())  # Output: 1
print(stack.size())  # Output: 1
```

In this implementation:
- The `__init__` method initializes an empty list to hold the stack items.
- The `is_empty` method checks if the stack is empty.
- The `push` method adds an item to the top of the stack.
- The `pop` method removes and returns the top item from the stack, raising an error if the stack is empty.
- The `peek` method returns the top item without removing it, also raising an error if the stack is empty.
- The `size` method returns the number of items in the stack.

Question 4: How do you read and write JSON data in Python?
Answer: To read and write JSON data in Python, you can use the built-in `json` module. Here’s how you can do it:

### Reading JSON Data

To read JSON data from a file, you can use the `json.load()` function. Here’s an example:

```python
import json

# Reading JSON data from a file
with open('data.json', 'r') as file:
    data = json.load(file)

print(data)
```

If you have a JSON string and want to parse it, you can use `json.loads()`:

```python
import json

# JSON string
json_string = '{"name": "John", "age": 30}'
data = json.loads(json_string)

print(data)
```

### Writing JSON Data

To write JSON data to a file, you can use the `json.dump()` function. Here’s an example:

```python
import json

# Data to be written to JSON
data = {
    "name": "John",
    "age": 30
}

# Writing JSON data to a file
with open('data.json', 'w') as file:
    json.dump(data, file)
```

If you want to convert a Python object to a JSON string, you can use `json.dumps()`:

```python
import json

# Data to be converted to JSON string
data = {
    "name": "John",
    "age": 30
}

json_string = json.dumps(data)
print(json_string)
```

### Summary

- Use `json.load()` to read JSON from a file.
- Use `json.loads()` to parse a JSON string.
- Use `json.dump()` to write JSON to a file.
- Use `json.dumps()` to convert a Python object to a JSON string.

Question 5: What is the best way to merge two sorted lists into a single sorted list?
Answer: The best way to merge two sorted lists into a single sorted list is to use a two-pointer technique. This method involves iterating through both lists simultaneously and comparing the elements at the current pointers. Here’s a simple implementation in Python:

```python
def merge_sorted_lists(list1, list2):
    merged_list = []
    i, j = 0, 0

    while i < len(list1) and j < len(list2):
        if list1[i] < list2[j]:
            merged_list.append(list1[i])
            i += 1
        else:
            merged_list.append(list2[j])
            j += 1

    # Append any remaining elements from list1
    while i < len(list1):
        merged_list.append(list1[i])
        i += 1

    # Append any remaining elements from list2
    while j < len(list2):
        merged_list.append(list2[j])
        j += 1

    return merged_list

# Example usage:
list1 = [1, 3, 5]
list2 = [2, 4, 6]
result = merge_sorted_lists(list1, list2)
print(result)  # Output: [1, 2, 3, 4, 5, 6]
```

This approach efficiently merges the two lists in O(n + m) time complexity, where n and m are the lengths of the two lists.

Completed tasks so far (do not give me these tasks again!): 
	Write a Python function that takes a list of integers and returns a list of unique integers from that list.
	Write a Python function that takes a list of integers and returns a dictionary with the integers as keys and their counts as values.
	Write a Python function that takes two lists of integers and returns a list of integers that are present in both lists (the intersection).
	Write a Python function that takes a list of integers and returns a list of integers that are unique (appear only once) in the list.
	Write a Python function that takes a list of integers and returns a list of integers that are duplicates (appear more than once) in the list.
	Write a Python function that takes a list of integers and returns the second largest integer in the list. If the list has fewer than two unique integers, return None.
	Write a Python function that takes a list of integers and returns a new list containing only the even integers from the original list.
	Write a Python function that takes a list of integers and returns a list of integers that are greater than a given threshold value.
	Write a Python function that takes a string and returns the number of vowels in that string.
	Write a Python function that takes a string and returns a set of unique characters in that string.
	Write a Python function that takes a string and returns True if it is a palindrome (reads the same forwards and backwards), and False otherwise.
	Write a Python function that takes a string and returns a new string containing only the digits from the original string.
	Write a Python function that takes a list of strings and returns a new list containing only the strings that have a length greater than a specified threshold.
	Write a Python function that takes a list of strings and returns a new list of those strings sorted by their length in descending order.
	Write a Python function that takes a list of strings and returns a new list containing the lengths of each string in the original list.
	Write a Python function that takes a string and returns a new string with all the vowels removed.
	Write a Python function that takes a string and returns the number of distinct characters in that string.
	Write a Python function that takes two dictionaries and merges them. If there are duplicate keys, the values from the second dictionary should overwrite those from the first.
	Write a Python function that takes a string and returns a new string where each character is repeated twice.
	Write a Python function that takes a list of integers and returns a list of integers that are present in the list but not in a given set of excluded integers.
	Write a Python function that takes a list of integers and returns a new list containing only the integers that are multiples of a given number.
	Write a Python function that takes a tuple of integers and returns a new tuple containing only the even integers from the original tuple.
	Write a Python function that takes a string and returns a dictionary with each character as the key and the number of times it appears in the string as the value.
	Write a Python function that takes a list of integers and returns a dictionary where the keys are the integers from the list and the values are the number of times each integer appears in the list.
	Write a Python function that takes a list of strings and returns a dictionary where the keys are the strings and the values are the lengths of those strings.
	Write a Python function that takes a list of dictionaries, each representing a person with a 'name' and 'age', and returns a dictionary where the keys are the names and the values are the ages of the people.
	Write a Python function that takes a dictionary and a threshold value, and returns a new dictionary containing only the items where the value exceeds the threshold.
	Write a Python function that takes a list of tuples, where each tuple contains a key-value pair, and returns a dictionary constructed from those tuples.
	Write a Python function that takes a string and returns a list of all the unique characters in that string, preserving their order of first appearance.
	Write a Python function that takes two strings and returns True if they are anagrams of each other (contain the same characters in a different order), and False otherwise.
	Write a Python function that takes a list of integers and returns a set containing the squares of those integers.
	Write a Python function that takes two sets and returns their union (all unique elements from both sets).
	Write a Python function that takes a list of integers and returns a new list containing only the integers that are prime numbers.
	Write a Python function that takes a list of integers and returns a list of integers that are the Fibonacci numbers present in the list.
	Write a Python function that takes a string and returns a dictionary with each character as the key and the number of times it appears in the string as the value, but only for characters that appear more than once.
	Write a Python function that takes a string and returns a new string with all the words reversed but the order of the words preserved.
	Write a Python function that takes two lists of integers and returns True if the first list is a subset of the second list, and False otherwise.
	Write a Python function that takes a list of integers and returns a dictionary where the keys are the integers from the list and the values are the squares of those integers.
	Write a Python function that takes a list of integers and returns a list of integers that are not present in a given list of excluded integers.
	Write a Python function that takes a list of integers and returns a list of integers that are the unique elements in the list (appear only once) but sorted in ascending order.
	Write a Python function that takes a list of integers and returns a list of all possible combinations of those integers (the order of integers in combinations does not matter).
	Write a Python function that takes a string and returns a new string where each word is reversed but the order of the words is preserved.
	Write a Python function that takes a list of tuples, where each tuple contains a name and an age, and returns a dictionary where the keys are the names and the values are the ages of the people.
	Write a Python function that takes a list of integers and returns a new list containing only the integers that are odd.
	Write a Python function that takes a string and returns a new string containing only the uppercase letters from the original string.
	Write a Python function that takes a list of strings and returns the longest string in the list. If there are multiple strings of the same maximum length, return the first one encountered. If the list is empty, return None.
	Write a Python function that takes a list of integers and returns a new list containing only the integers that are less than a specified threshold value.

Failed tasks that are too hard: 
	Write a Python function that takes a dictionary and returns a new dictionary with the keys and values swapped. If there are duplicate values, keep only one of the keys.
	Write a Python function that takes a dictionary and returns a new dictionary containing only the items where the value is greater than a specified threshold.
	Write a Python function that takes a list of integers and returns a list of all possible pairs of integers from that list. Each pair should be represented as a tuple, and the order of the pairs does not matter.
	Write a Python function that takes a string and returns a new string with all the consonants removed.


INFO - [Task id] 52 [generation text] 
INFO - {
    "reasoning": "The student has demonstrated a solid understanding of basic Python functions and data structures. The next task should involve a simple algorithmic problem that requires the use of lists and basic iteration, which will help reinforce their skills in handling collections of data. This task will also introduce them to the concept of finding the maximum value in a list, which is a fundamental programming skill.",
    "task": "Write a Python function that takes a list of integers and returns the maximum integer in the list. If the list is empty, return None.",
    "gt_fn_name": "find_maximum",
    "test_setup_code": "",
    "test_tuple": [
        "assert find_maximum([1, 2, 3, 4, 5]) == 5",
        "assert find_maximum([-1, -2, -3, -4]) == -1",
        "assert find_maximum([]) == None"
    ]
}
INFO - {
    "reasoning": "The student has demonstrated a solid understanding of basic Python functions and data structures. The next task should involve a simple algorithmic problem that requires the use of lists and basic iteration, which will help reinforce their skills in handling collections of data. This task will also introduce them to the concept of finding the maximum value in a list, which is a fundamental programming skill.",
    "task": "Write a Python function that takes a list of integers and returns the maximum integer in the list. If the list is empty, return None.",
    "gt_fn_name": "find_maximum",
    "test_setup_code": "",
    "test_tuple": [
        "assert find_maximum([1, 2, 3, 4, 5]) == 5",
        "assert find_maximum([-1, -2, -3, -4]) == -1",
        "assert find_maximum([]) == None"
    ]
}
INFO - The task prompt is Write a Python function that takes a list of integers and returns the maximum integer in the list. If the list is empty, return None.
You must strictly follow the function name: find_maximum

INFO - LM call n parse attempt 1 / 3

INFO - [Task id] 52 [prompt] 
You are a helpful assistant that answer my question about Python programming.

I will give you the following information:
Question: ...

You will answer the question based on the context (only if available and helpful) and your own knowledge of Python programming.
1) Start your answer with "Answer: ".
2) Answer "Answer: Unknown" if you don't know the answer.

INFO - [Task id] 52 [prompt] Question: Explain at a conceptual level, how to accomplish the below task in Python programming?
Write a Python function that takes a list of integers and returns the maximum integer in the list. If the list is empty, return None.
INFO - [Task id] 52 [generation text] Answer: To accomplish the task of writing a Python function that returns the maximum integer from a list of integers, you can follow these conceptual steps:

1. **Define the Function**: Start by defining a function that takes a single parameter, which will be the list of integers.

2. **Check for Empty List**: Inside the function, check if the list is empty. If it is, return `None` as specified.

3. **Initialize a Variable for Maximum**: If the list is not empty, you can initialize a variable to hold the maximum value. You can set it to the first element of the list.

4. **Iterate Through the List**: Use a loop to iterate through each integer in the list. For each integer, compare it with the current maximum value.

5. **Update Maximum Value**: If the current integer is greater than the current maximum value, update the maximum value to this integer.

6. **Return the Maximum Value**: After finishing the loop, return the maximum value found.

Here is a simple implementation of the above steps in Python:

```python
def find_maximum(numbers):
    if not numbers:  # Check if the list is empty
        return None
    max_value = numbers[0]  # Initialize max_value with the first element
    for num in numbers:  # Iterate through the list
        if num > max_value:  # Compare with current max_value
            max_value = num  # Update max_value if current num is greater
    return max_value  # Return the maximum value found
```

This function will correctly return the maximum integer from the list or `None` if the list is empty.
INFO - Attempting task_id 52
INFO - [35m Rollout attempt 1/4[0m
INFO - [33m Retrieving 5 entries for db: skill 
 [0m
INFO - [33m find_longest_string, find_second_largest, find_fibonacci_numbers, find_duplicates, filter_prime_numbers[0m
INFO - LM call n parse attempt 1 / 3

INFO - [Task id] 52 [prompt] You are a helpful assistant that writes python code to solve a task specified by me.

Here are some useful functions written earlier which you can reuse or reference.


[Entry]:


    def find_longest_string(strings):
        if (not strings):
            return None
        longest_string = None
        for string in strings:
            if ((longest_string is None) or (len(string) > len(longest_string))):
                longest_string = string
        return longest_string

[/Entry]

[Entry]:


    def find_second_largest(numbers):
        unique_numbers = set(numbers)
        if (len(unique_numbers) < 2):
            return None
        sorted_numbers = sorted(unique_numbers, reverse=True)
        return sorted_numbers[1]

[/Entry]

[Entry]:


    def find_fibonacci_numbers(int_list):
        max_num = (max(int_list) if int_list else 0)
        fib_set = set()
        (a, b) = (0, 1)
        while (a <= max_num):
            fib_set.add(a)
            (a, b) = (b, (a + b))
        result = [num for num in int_list if (num in fib_set)]
        return result

[/Entry]

[Entry]:


    def find_duplicates(int_list):
        counts = {}
        duplicates = []
        for num in int_list:
            if (num in counts):
                counts[num] += 1
            else:
                counts[num] = 1
        for (num, count) in counts.items():
            if (count > 1):
                duplicates.append(num)
        return duplicates

[/Entry]

[Entry]:


    def filter_prime_numbers(int_list):

        def is_prime(n):
            if (n < 2):
                return False
            for i in range(2, (int((n ** 0.5)) + 1)):
                if ((n % i) == 0):
                    return False
            return True
        primes = []
        for number in int_list:
            if is_prime(number):
                primes.append(number)
        return primes

[/Entry]






At each round of conversation, I will give you
[Environment feedback] (after executing code) ...
[Code from the last round] ...
[Task] ...
[Context] ...
[Critique] ...

You should then respond to me with
Explain (if applicable): Are there any steps missing in your plan? Why does the code not complete the task? What does the chat log and execution error imply?
Plan: How to complete the task step by step. 
Code:
    1) Reuse or reference the above useful programs if necessary.
    2) Your function will be reused for building more complex functions. Therefore, you should make it generic and reusable. 
    3) Functions in the "Code from the last round" section will not be saved or executed. Do not reuse functions listed there.
    4) Anything defined outside a function will be ignored, define all your variables inside your functions.
    5) Do not write infinite loops.
    6) If the task specifies a function name to be used, follow it strictly (be case sensitive!). Else, name your function in a meaningful way (can infer the task from the name).
    7) Your code should only contain elements that solve the task, so DO NOT write any assert statements / tests
    8) The context in the [Context] tag serves as a casual tip (which can be wrong) to help you on the task, but your priority is to follow instructions in the [Task] tag.

You should only respond in the format as described below:
RESPONSE FORMAT:

Explain: ...
Plan:
1) ...
2) ...
3) ...
...
Code:
```python
# helper functions (only if needed, try to avoid them)
...
# main function after the helper functions
def yourMainFunctionName(args):
  # ...

```


INFO - [Task id] 52 [prompt] [Environment feedback]
None

[Code from the last round]
No code in the first round

[Task]
Write a Python function that takes a list of integers and returns the maximum integer in the list. If the list is empty, return None.
You must strictly follow the function name: find_maximum

[Context]
Rough plan to accomplish the task (can be wrong): 
Answer: To accomplish the task of writing a Python function that returns the maximum integer from a list of integers, you can follow these conceptual steps:

1. **Define the Function**: Start by defining a function that takes a single parameter, which will be the list of integers.

2. **Check for Empty List**: Inside the function, check if the list is empty. If it is, return `None` as specified.

3. **Initialize a Variable for Maximum**: If the list is not empty, you can initialize a variable to hold the maximum value. You can set it to the first element of the list.

4. **Iterate Through the List**: Use a loop to iterate through each integer in the list. For each integer, compare it with the current maximum value.

5. **Update Maximum Value**: If the current integer is greater than the current maximum value, update the maximum value to this integer.

6. **Return the Maximum Value**: After finishing the loop, return the maximum value found.

Here is a simple implementation of the above steps in Python:

```python
def find_maximum(numbers):
    if not numbers:  # Check if the list is empty
        return None
    max_value = numbers[0]  # Initialize max_value with the first element
    for num in numbers:  # Iterate through the list
        if num > max_value:  # Compare with current max_value
            max_value = num  # Update max_value if current num is greater
    return max_value  # Return the maximum value found
```

This function will correctly return the maximum integer from the list or `None` if the list is empty.


[Critique]
None


INFO - [Task id] 52 [generation text] Explain: The provided plan is well-structured and covers all necessary steps to implement the function that finds the maximum integer in a list. The code snippet also correctly follows the outlined steps. However, I will implement the function as specified in the task, ensuring it adheres to the required function name and structure.

Plan:
1) Define the function `find_maximum` that takes a list of integers as an argument.
2) Check if the list is empty; if it is, return `None`.
3) Initialize a variable to hold the maximum value using the first element of the list.
4) Iterate through the list and compare each integer with the current maximum value.
5) Update the maximum value if a larger integer is found.
6) Return the maximum value after completing the iteration.

Code:
```python
def find_maximum(numbers):
    if not numbers:  # Check if the list is empty
        return None
    max_value = numbers[0]  # Initialize max_value with the first element
    for num in numbers:  # Iterate through the list
        if num > max_value:  # Compare with current max_value
            max_value = num  # Update max_value if current num is greater
    return max_value  # Return the maximum value found
```
INFO - program_code:
 

def find_maximum(numbers):
    if (not numbers):
        return None
    max_value = numbers[0]
    for num in numbers:
        if (num > max_value):
            max_value = num
    return max_value


INFO - program_name:
 find_maximum

INFO - dependencies:
 []

INFO - raw_msg:
 Explain: The provided plan is well-structured and covers all necessary steps to implement the function that finds the maximum integer in a list. The code snippet also correctly follows the outlined steps. However, I will implement the function as specified in the task, ensuring it adheres to the required function name and structure.

Plan:
1) Define the function `find_maximum` that takes a list of integers as an argument.
2) Check if the list is empty; if it is, return `None`.
3) Initialize a variable to hold the maximum value using the first element of the list.
4) Iterate through the list and compare each integer with the current maximum value.
5) Update the maximum value if a larger integer is found.
6) Return the maximum value after completing the iteration.

Code:
```python
def find_maximum(numbers):
    if not numbers:  # Check if the list is empty
        return None
    max_value = numbers[0]  # Initialize max_value with the first element
    for num in numbers:  # Iterate through the list
        if num > max_value:  # Compare with current max_value
            max_value = num  # Update max_value if current num is greater
    return max_value  # Return the maximum value found
```

INFO - no_parent:
 True

INFO - full code to be executed: 
 

def find_maximum(numbers):
    if (not numbers):
        return None
    max_value = numbers[0]
    for num in numbers:
        if (num > max_value):
            max_value = num
    return max_value


INFO - obs: Tests passed:
assert find_maximum([1, 2, 3, 4, 5]) == 5
assert find_maximum([-1, -2, -3, -4]) == -1
assert find_maximum([]) == None

Tests failed:
None
reward: True
done: None
info: {'individual_results': (True, True, True)}
INFO - LM call n parse attempt 1 / 5

INFO - [Task id] 52 [prompt] 
You are a Python programming assistant that assesses my progress of Python programming and provides useful guidance.

I will give you the following information:

[Task]: The objective I need to accomplish.
[Context]: The context of the task. Serves as a casual tip (which can be wrong) to help me on the task, but my priority is to follow instructions in the Task tag.
[function impl]: My function implementation that is intended to complete the task
[unit test results]: The results after executing my function implementation on the unit tests

Your first goal is to use these info to evaluate if I have met the task requirements, and explain why. 
It is possible that the unit test results all pass, but the code does not accomplish the task (eg by failing to accomplish the task in scenarios not covered by the unit tests)
It is also possible that the unit tests are wrong in the first place, though the code accomplishes the task and fails the unit test.

If I have not met the task requirements, write a few sentences to explain why the function implementation is wrong as indicated by the tests. 
You will need this as guidance when you try again later.
Only provide the few sentence description in your answer, not the implementation. 
Suggest how the function implementation can be changed, NOT the test cases (assert statements)

You should only respond in JSON format as described below:
The output should be formatted as a JSON instance that conforms to the JSON schema below.

As an example, for the schema {"properties": {"foo": {"title": "Foo", "description": "a list of strings", "type": "array", "items": {"type": "string"}}}, "required": ["foo"]}
the object {"foo": ["bar", "baz"]} is a well-formatted instance of the schema. The object {"properties": {"foo": ["bar", "baz"]}} is not well-formatted.

Here is the output schema:
```
{"description": "Represents the critique of a task attempt, including reasoning, success status, and suggestions for improvement.\n\nAttributes:\n    reasoning (str): Explanation of why the task was succeeded or failed.\n    success (bool): Indicates whether the task requirements were met.\n    critique (str): Suggestions or critique to help improve future task attempts.", "properties": {"reasoning": {"description": "reason why I have succeeded or failed at the task", "title": "Reasoning", "type": "string"}, "success": {"description": "evaluate if I have met the task requirements", "title": "Success", "type": "boolean"}, "critique": {"description": "critique to help me improve", "title": "Critique", "type": "string"}}, "required": ["reasoning", "success", "critique"]}
```

INFO - [Task id] 52 [prompt] 
Here are some examples:

Example 1:
[function impl]:
```python
def longest_subarray_with_sum_limit(nums: List[int], target: int) -> List[int]:
    n = len(nums)
    left, right = 0, 0
    max_length = 0
    current_sum = 0
    result = []
    while right < n:
        current_sum += nums[right]
        while current_sum > target:
            current_sum -= nums[left]
            left += 1
        if right - left + 1 >= max_length:
            max_length = right - left + 1
            result = nums[left:right+1]
        right += 1
    return result
```
[unit test results]:
Tests passing:
assert longest_subarray_with_sum_limit([1, 2, 3, 4, 5], 8) == [1, 2, 3]
assert longest_subarray_with_sum_limit([1, 2, 3, 4, 5], 15) == [1, 2, 3, 4, 5]
assert longest_subarray_with_sum_limit([1, -1, 2, -2, 3, -3], 2) == [1, -1, 2, -2, 3]
assert longest_subarray_with_sum_limit([], 10) == []
assert longest_subarray_with_sum_limit([], 0) == []
assert longest_subarray_with_sum_limit([], -5) == []  
Tests failing:
assert longest_subarray_with_sum_limit([5, 6, 7, 8, 9], 4) == [] # output: [5]

RESPONSE:
{
    "reasoning": "The implementation failed the test case where no subarray fulfills the condition",
    "success": false,
    "critique": "The issue in the implementation is due to the use of >= instead of > in the condition to update the result. Because of this, it returns a subarray even when the sum is greater than the target, as it still updates the result when the current subarray length is equal to the previous longest subarray length. To overcome this error, we should change the condition to only update the result when the current subarray length is strictly greater than the previous longest subarray length. This can be done by replacing >= with > in the condition."
}


Example 2:
[function impl]:
```python
def longest_subarray_with_sum_limit(nums: List[int], target: int) -> List[int]:
    n = len(nums)
    left, right = 0, 0
    max_length = 0
    current_sum = 0
    result = []
    while current_sum + nums[right] <= target:
        current_sum += nums[right]
        right += 1
    while right < n:
        current_sum += nums[right]
        while current_sum > target:
            current_sum -= nums[left]
            left += 1
        if right - left + 1 > max_length:
            max_length = right - left + 1
            result = nums[left:right+1]
        right += 1
    return result
```
[unit test results]:
Tests passing:
assert longest_subarray_with_sum_limit([], 10) == []
assert longest_subarray_with_sum_limit([], 0) == []
assert longest_subarray_with_sum_limit([], -5) == []
Tests failing:
assert longest_subarray_with_sum_limit([1, 2, 3, 4, 5], 8) == [1, 2, 3] # output: list index out of range
assert longest_subarray_with_sum_limit([1, 2, 3, 4, 5], 15) == [1, 2, 3, 4, 5] # output: list index out of range
assert longest_subarray_with_sum_limit([5, 6, 7, 8, 9], 4) == [] # output: list index out of range
assert longest_subarray_with_sum_limit([1, -1, 2, -2, 3, -3], 2) == [1, -1, 2, -2, 3] # output: list index out of range

RESPONSE:
{
    "reason": "The implementation failed 4 out of the 7 test cases due to an IndexError.",
    "success": false,
    "critique": "The issue stems from the while loop while current_sum + nums[right] <= target:, which directly accesses nums[right] without checking if right is within the bounds of the list. This results in a runtime error when right goes beyond the list length. To overcome this error, we need to add a bounds check for the right variable in the mentioned while loop. We can modify the loop condition to while right < len(nums) and current_sum + nums[right] <= target:. This change will ensure that we only access elements within the bounds of the list, thus avoiding the IndexError."
}


END OF EXAMPLES

INFO - [Task id] 52 [prompt] [Task]:
Write a Python function that takes a list of integers and returns the maximum integer in the list. If the list is empty, return None.
[Context]: 
 Rough plan to accomplish the task (can be wrong): 
Answer: To accomplish the task of writing a Python function that returns the maximum integer from a list of integers, you can follow these conceptual steps:

1. **Define the Function**: Start by defining a function that takes a single parameter, which will be the list of integers.

2. **Check for Empty List**: Inside the function, check if the list is empty. If it is, return `None` as specified.

3. **Initialize a Variable for Maximum**: If the list is not empty, you can initialize a variable to hold the maximum value. You can set it to the first element of the list.

4. **Iterate Through the List**: Use a loop to iterate through each integer in the list. For each integer, compare it with the current maximum value.

5. **Update Maximum Value**: If the current integer is greater than the current maximum value, update the maximum value to this integer.

6. **Return the Maximum Value**: After finishing the loop, return the maximum value found.

Here is a simple implementation of the above steps in Python:

```python
def find_maximum(numbers):
    if not numbers:  # Check if the list is empty
        return None
    max_value = numbers[0]  # Initialize max_value with the first element
    for num in numbers:  # Iterate through the list
        if num > max_value:  # Compare with current max_value
            max_value = num  # Update max_value if current num is greater
    return max_value  # Return the maximum value found
```

This function will correctly return the maximum integer from the list or `None` if the list is empty.


[function impl]:


def find_maximum(numbers):
    if (not numbers):
        return None
    max_value = numbers[0]
    for num in numbers:
        if (num > max_value):
            max_value = num
    return max_value

[unit test results]:
Tests passed:
assert find_maximum([1, 2, 3, 4, 5]) == 5
assert find_maximum([-1, -2, -3, -4]) == -1
assert find_maximum([]) == None

Tests failed:
None

INFO - [Task id] 52 [generation text] 
INFO - {
    "reasoning": "The implementation successfully meets the task requirements as it correctly returns the maximum integer from a list of integers and handles the case of an empty list by returning None. All provided unit tests pass without any failures.",
    "success": true,
    "critique": ""
}
INFO - {
    "reasoning": "The implementation successfully meets the task requirements as it correctly returns the maximum integer from a list of integers and handles the case of an empty list by returning None. All provided unit tests pass without any failures.",
    "success": true,
    "critique": ""
}
INFO - [task_id]: 52 [Result]: True
INFO - LM call n parse attempt 1 / 3

INFO - [Task id] 52 [prompt] 
You are a helpful assistant that writes a description of the given function written in the Python programming language.

1) Do not mention the function name.
2) Do not mention anything about helper functions.
3) There might be some helper functions before the main function, but you only need to describe the main function.
4) Try to summarize the function in no more than 6 sentences.
5) Your response should be a single line of text.

INFO - [Task id] 52 [prompt] 

def find_maximum(numbers):
    if (not numbers):
        return None
    max_value = numbers[0]
    for num in numbers:
        if (num > max_value):
            max_value = num
    return max_value


The main function is `find_maximum`.
INFO - [Task id] 52 [generation text] This function takes a list of numbers as input and returns the maximum value found in that list. If the list is empty, it returns None. It initializes the maximum value with the first element of the list and iterates through each number, updating the maximum value whenever a larger number is encountered. Finally, it returns the maximum value after checking all elements. The function effectively handles both empty and non-empty lists. It ensures that the maximum value is determined in a straightforward manner.
INFO - Num Completed Tasks: 48, Num Failed Tasks: 4
